coord:(42.0, 0.0, 30.0)->(42.0, 0.0, 30.0)
state:field-4, action:Wait, timestep:1, reward:-0.0
==================================================

coord:(42.0, 0.0, 30.0)->(40.93933987617494, 0.6696666733423873, 28.93933987617494)
state:field-4, action:SAsj, timestep:2, reward:-0.7525667996145948
==================================================

coord:(40.93933987617494, 0.6696666733423873, 28.93933987617494)->(40.93933987617494, -0.630333278973897, 27.989339876174927)
state:wall-9, action:S, timestep:3, reward:-0.9299484303218666
==================================================

coord:(40.93933987617494, -0.630333278973897, 27.989339876174927)->(40.93933987617494, -1.9303332312901786, 26.98933987617491)
state:wall-9, action:S, timestep:4, reward:-1.0913951910544224
==================================================

coord:(40.93933987617494, -1.9303332312901786, 26.98933987617491)->(40.93933987617494, -0.6303332789738969, 26.98933987617491)
state:wall-9, action:W, timestep:5, reward:0.11235014100869911
==================================================

coord:(40.93933987617494, -0.6303332789738969, 26.98933987617491)->(40.93933987617494, 0.6696666733423874, 26.98933987617491)
state:wall-9, action:W, timestep:6, reward:0.0023826635624235593
==================================================

coord:(40.93933987617494, 0.6696666733423874, 26.98933987617491)->(40.93933987617494, -0.6303332789738969, 25.989339876174895)
state:wall-9, action:S, timestep:7, reward:-0.9839733270970505
==================================================

coord:(40.93933987617494, -0.6303332789738969, 25.989339876174895)->(40.93933987617494, 0.6696666733423874, 25.989339876174895)
state:wall-9, action:W, timestep:8, reward:0.0022390911586533946
==================================================

coord:(40.93933987617494, 0.6696666733423874, 25.989339876174895)->(40.93933987617494, 1.9696666256586688, 25.989339876174895)
state:wall-9, action:W, timestep:9, reward:-0.10119037381220153
==================================================

coord:(40.93933987617494, 1.9696666256586688, 25.989339876174895)->(40.93933987617494, 4.569666530291235, 25.989339876174895)
state:wall-9, action:Wj, timestep:10, reward:-0.5033382415054035
==================================================

coord:(40.93933987617494, 4.569666530291235, 25.989339876174895)->(40.93933987617494, 3.269666577974953, 24.98933987617488)
state:wall-9, action:S, timestep:11, reward:-0.66620096224786
==================================================

coord:(40.93933987617494, 3.269666577974953, 24.98933987617488)->(40.93933987617494, 4.569666530291235, 24.98933987617488)
state:wall-9, action:W, timestep:12, reward:-0.2843314605195104
==================================================

coord:(40.93933987617494, 4.569666530291235, 24.98933987617488)->(40.93933987617494, 3.269666577974953, 23.989339876174867)
state:wall-9, action:S, timestep:13, reward:-0.6860027511029294
==================================================

coord:(40.93933987617494, 3.269666577974953, 23.989339876174867)->(40.93933987617494, 5.869666482607532, 23.989339876174867)
state:wall-9, action:Wj, timestep:14, reward:-0.6239426786478788
==================================================

coord:(40.93933987617494, 5.869666482607532, 23.989339876174867)->(40.93933987617494, 7.169666434923799, 23.989339876174867)
state:wall-8, action:W, timestep:15, reward:-0.43430742238682996
==================================================

coord:(40.93933987617494, 7.169666434923799, 23.989339876174867)->(40.93933987617494, 5.869666482607532, 22.989339876174853)
state:wall-8, action:S, timestep:16, reward:-0.5088298242201468
==================================================

coord:(40.93933987617494, 5.869666482607532, 22.989339876174853)->(40.93933987617494, 7.169666434923799, 22.989339876174853)
state:wall-8, action:W, timestep:17, reward:-0.41434836149119647
==================================================

coord:(40.93933987617494, 7.169666434923799, 22.989339876174853)->(40.93933987617494, 8.469666387240084, 22.989339876174853)
state:wall-8, action:W, timestep:18, reward:-0.48677612596869224
==================================================

coord:(40.93933987617494, 8.469666387240084, 22.989339876174853)->(40.93933987617494, 11.069666291872617, 22.989339876174853)
state:wall-8, action:Wj, timestep:19, reward:-1.1710517669738927
==================================================

coord:(40.93933987617494, 11.069666291872617, 22.989339876174853)->(40.93933987617494, 13.66966619650515, 22.989339876174853)
state:wall-8, action:Wj, timestep:20, reward:-1.4007821974190726
==================================================

coord:(40.93933987617494, 13.66966619650515, 22.989339876174853)->(40.93933987617494, 14.969666148821469, 22.989339876174853)
state:wall-7, action:W, timestep:21, reward:-0.7744051237585552
==================================================

coord:(40.93933987617494, 14.969666148821469, 22.989339876174853)->(40.93933987617494, 13.66966619650515, 21.98933987617484)
state:wall-7, action:S, timestep:22, reward:-0.03928293769980584
==================================================

coord:(40.93933987617494, 13.66966619650515, 21.98933987617484)->(40.93933987617494, 16.269666101137695, 21.98933987617484)
state:wall-7, action:Wj, timestep:23, reward:-1.5422561028823871
==================================================

coord:(40.93933987617494, 16.269666101137695, 21.98933987617484)->(40.93933987617494, 17.569666053453908, 21.98933987617484)
state:wall-6, action:W, timestep:24, reward:-0.832598392605167
==================================================

coord:(40.93933987617494, 17.569666053453908, 21.98933987617484)->(40.93933987617494, 20.169665958086547, 22.03933987617484)
state:wall-6, action:Wj, timestep:25, reward:-1.7351567636760805
==================================================

coord:(40.93933987617494, 20.169665958086547, 22.03933987617484)->(40.93933987617494, 20.169665958086547, 22.03933987617484)
state:field-1, action:Wait, timestep:26, reward:-0.0
==================================================

coord:(40.93933987617494, 20.169665958086547, 22.03933987617484)->(40.93933987617494, 20.0, 22.03933987617484)
state:field-1, action:j, timestep:27, reward:0.11955683773127745
==================================================

coord:(40.93933987617494, 20.0, 22.03933987617484)->(44.616294940546524, 20.0, 25.716294940546636)
state:field-1, action:WD, timestep:28, reward:1.7853659650754032
==================================================

coord:(44.616294940546524, 20.0, 25.716294940546636)->(49.41629494054659, 20.0, 25.716294940546636)
state:field-1, action:Wsj, timestep:29, reward:-1.5806329215562336
==================================================

coord:(49.41629494054659, 20.0, 25.716294940546636)->(48.99203089101657, 20.0, 26.14055899007666)
state:field-0, action:SDs, timestep:30, reward:0.4138261247793231
==================================================

coord:(48.99203089101657, 20.0, 26.14055899007666)->(46.66329268358123, 20.0, 23.81182078264119)
state:field-0, action:SAj, timestep:31, reward:-0.597315040379641
==================================================

coord:(46.66329268358123, 20.0, 23.81182078264119)->(43.369959471046556, 20.0, 23.81182078264119)
state:field-0, action:Sj, timestep:32, reward:0.8270436190746295
==================================================

coord:(43.369959471046556, 20.0, 23.81182078264119)->(38.969959471046494, 20.227577797359892, 23.81182078264119)
state:field-0, action:Ssj, timestep:33, reward:0.3429363981794573
==================================================

coord:(38.969959471046494, 20.227577797359892, 23.81182078264119)->(38.969959471046494, 21.527577749676105, 24.01182078264119)
state:wall-5, action:W, timestep:34, reward:-0.8497648188436813
==================================================

coord:(38.969959471046494, 21.527577749676105, 24.01182078264119)->(38.969959471046494, 22.82757770199232, 25.011820782641205)
state:wall-5, action:W, timestep:35, reward:-0.39954516488090874
==================================================

coord:(38.969959471046494, 22.82757770199232, 25.011820782641205)->(38.969959471046494, 21.527577749676105, 25.011820782641205)
state:wall-5, action:S, timestep:36, reward:1.0304674422500426
==================================================

coord:(38.969959471046494, 21.527577749676105, 25.011820782641205)->(38.969959471046494, 22.82757770199232, 26.01182078264122)
state:wall-5, action:W, timestep:37, reward:-0.4445435852782431
==================================================

coord:(38.969959471046494, 22.82757770199232, 26.01182078264122)->(38.969959471046494, 21.527577749676105, 26.01182078264122)
state:wall-5, action:S, timestep:38, reward:1.052991511316673
==================================================

coord:(38.969959471046494, 21.527577749676105, 26.01182078264122)->(38.969959471046494, 22.39424438455365, 26.01182078264122)
state:wall-5, action:Wj, timestep:39, reward:-0.6996456253348562
==================================================

coord:(38.969959471046494, 22.39424438455365, 26.01182078264122)->(38.969959471046494, 14.251261648586004, 26.01182078264122)
state:air-10, action:Wait, timestep:40, reward:6.086158166796807
==================================================

coord:(38.969959471046494, 14.251261648586004, 26.01182078264122)->(38.969959471046494, 6.108278912618362, 26.01182078264122)
state:air-10, action:Wait, timestep:41, reward:4.282216051090387
==================================================

coord:(38.969959471046494, 6.108278912618362, 26.01182078264122)->(38.969959471046494, 1.149915465631959, 26.01182078264122)
state:air-10, action:Wait, timestep:42, reward:1.0703477437104851
==================================================

coord:(38.969959471046494, 1.149915465631959, 26.01182078264122)->(38.969959471046494, 1.1847352193947096, 23.67182086847194)
state:field-0, action:A, timestep:43, reward:-2.3335606444804604
==================================================

coord:(38.969959471046494, 1.1847352193947096, 23.67182086847194)->(38.969959471046494, 1.149915465631959, 22.545154243131176)
state:field-0, action:A, timestep:44, reward:-1.1211563040715404
==================================================

coord:(38.969959471046494, 1.149915465631959, 22.545154243131176)->(38.969959471046494, 1.0941417951849182, 21.41848761779041)
state:field-0, action:A, timestep:45, reward:-1.1207420078731332
==================================================

coord:(38.969959471046494, 1.0941417951849182, 21.41848761779041)->(38.969959471046494, 1.0205737134625974, 20.3784876559374)
state:field-0, action:A, timestep:46, reward:-1.034201070185219
==================================================

coord:(38.969959471046494, 1.0205737134625974, 20.3784876559374)->(38.969959471046494, 0.933207510941397, 19.338487694084385)
state:field-0, action:A, timestep:47, reward:-1.0344269419695138
==================================================

coord:(38.969959471046494, 0.933207510941397, 19.338487694084385)->(38.11200328935979, 0.8365177297613223, 18.480531512397633)
state:field-0, action:SA, timestep:48, reward:-0.8334201907421566
==================================================

coord:(38.11200328935979, 0.8365177297613223, 18.480531512397633)->(38.11200328935979, 1.1847352193947096, 23.6805313216627)
state:field-0, action:D, timestep:49, reward:5.177897412413081
==================================================

coord:(38.11200328935979, 1.1847352193947096, 23.6805313216627)->(38.11200328935979, 1.149915465631959, 22.553864696321934)
state:field-0, action:A, timestep:50, reward:-1.1226067620067752
==================================================

coord:(38.11200328935979, 1.149915465631959, 22.553864696321934)->(38.11200328935979, 1.149915465631959, 22.553864696321934)
state:field-0, action:Wait, timestep:51, reward:-0.0
==================================================

coord:(38.11200328935979, 1.149915465631959, 22.553864696321934)->(38.11200328935979, 1.0941417951849182, 21.42719807098117)
state:field-0, action:A, timestep:52, reward:-1.1220338550039166
==================================================

coord:(38.11200328935979, 1.0941417951849182, 21.42719807098117)->(37.192764523266895, 1.445408243376468, 20.50795930488822)
state:field-0, action:SA, timestep:53, reward:-0.9528609774740566
==================================================

coord:(37.192764523266895, 1.445408243376468, 20.50795930488822)->(37.192764523266895, 1.6779053092810237, 25.361292460202282)
state:field-0, action:D, timestep:54, reward:4.814710310137283
==================================================

coord:(37.192764523266895, 1.6779053092810237, 25.361292460202282)->(35.47685215989349, 3.1706549203196333, 23.645380096828777)
state:field-0, action:SA, timestep:55, reward:-2.0507354046492523
==================================================

coord:(35.47685215989349, 3.1706549203196333, 23.645380096828777)->(35.47685215989349, 3.0774683400738043, 22.34538014451251)
state:field-0, action:A, timestep:56, reward:-1.2576012440562643
==================================================

coord:(35.47685215989349, 3.0774683400738043, 22.34538014451251)->(37.62174261411025, 1.6946729978497999, 24.490270598729392)
state:field-0, action:WD, timestep:57, reward:2.4551078561003656
==================================================

coord:(37.62174261411025, 1.6946729978497999, 24.490270598729392)->(36.94763418564212, 2.3295748793900386, 25.164379027197555)
state:field-0, action:SD, timestep:58, reward:0.5689649346906371
==================================================

coord:(36.94763418564212, 2.3295748793900386, 25.164379027197555)->(38.418416211390756, 1.1847352193947096, 23.693597001448836)
state:field-0, action:WA, timestep:59, reward:-1.3243344624920503
==================================================

coord:(38.418416211390756, 1.1847352193947096, 23.693597001448836)->(38.418416211390756, 1.149915465631959, 22.48026371262032)
state:field-0, action:A, timestep:60, reward:-1.2088554605233242
==================================================

coord:(38.418416211390756, 1.149915465631959, 22.48026371262032)->(38.418416211390756, 1.149915465631959, 22.48026371262032)
state:field-0, action:Wait, timestep:61, reward:-0.0
==================================================

coord:(38.418416211390756, 1.149915465631959, 22.48026371262032)->(37.49917744529786, 1.5496005328388924, 21.561024946527372)
state:field-0, action:SA, timestep:62, reward:-0.9448926658323771
==================================================

coord:(37.49917744529786, 1.5496005328388924, 21.561024946527372)->(36.33480834158019, 2.0067799509353303, 20.396655842809636)
state:field-0, action:SA, timestep:63, reward:-1.2556103867604378
==================================================

coord:(36.33480834158019, 2.0067799509353303, 20.396655842809636)->(36.33480834158019, 2.0067799509353303, 20.396655842809636)
state:field-0, action:Wait, timestep:64, reward:-0.0
==================================================

coord:(36.33480834158019, 2.0067799509353303, 20.396655842809636)->(36.33480834158019, 1.8349895733308959, 19.09665589049337)
state:field-0, action:A, timestep:65, reward:-1.2774351534381267
==================================================

coord:(36.33480834158019, 1.8349895733308959, 19.09665589049337)->(37.68302519851644, 1.0410732821238817, 17.748439033557045)
state:field-0, action:WA, timestep:66, reward:-1.240721566447224
==================================================

coord:(37.68302519851644, 1.0410732821238817, 17.748439033557045)->(38.84739430223411, 0.8365177297613223, 18.91280813727478)
state:field-0, action:WD, timestep:67, reward:1.157766015449834
==================================================

coord:(38.84739430223411, 0.8365177297613223, 18.91280813727478)->(38.84739430223411, 1.1965745473266203, 24.112807946539846)
state:field-0, action:D, timestep:68, reward:5.172132093873984
==================================================

coord:(38.84739430223411, 1.1965745473266203, 24.112807946539846)->(38.84739430223411, 1.1847352193947096, 23.67947462910109)
state:field-0, action:A, timestep:69, reward:-0.431255775851195
==================================================

coord:(38.84739430223411, 1.1847352193947096, 23.67947462910109)->(38.84739430223411, 1.1847352193947096, 23.67947462910109)
state:field-0, action:Wait, timestep:70, reward:-0.0
==================================================

coord:(38.84739430223411, 1.1847352193947096, 23.67947462910109)->(37.989438120547405, 1.6285911260357357, 22.821518447414338)
state:field-0, action:SA, timestep:71, reward:-0.8682052078540075
==================================================

coord:(37.989438120547405, 1.6285911260357357, 22.821518447414338)->(38.969959471046494, 1.1847352193947096, 23.802039797913483)
state:field-0, action:WD, timestep:72, reward:0.9843018987093295
==================================================

coord:(38.969959471046494, 1.1847352193947096, 23.802039797913483)->(37.49917744529786, 1.6779053092810237, 25.272821823662202)
state:field-0, action:SD, timestep:73, reward:1.4453398640098847
==================================================

coord:(37.49917744529786, 1.6779053092810237, 25.272821823662202)->(36.396090925986385, 2.2611079153424147, 26.37590834297374)
state:field-0, action:SD, timestep:74, reward:0.9524929241968234
==================================================

coord:(36.396090925986385, 2.2611079153424147, 26.37590834297374)->(36.396090925986385, 2.151438734011597, 27.76257495877776)
state:field-0, action:D, timestep:75, reward:1.3802890904872473
==================================================

coord:(36.396090925986385, 2.151438734011597, 27.76257495877776)->(35.967112835143034, 2.7313166800192725, 28.191553049621135)
state:field-0, action:SD, timestep:76, reward:0.26817094111939355
==================================================

coord:(35.967112835143034, 2.7313166800192725, 28.191553049621135)->(37.43789486089167, 1.6285911260357357, 26.720771023872416)
state:field-0, action:WA, timestep:77, reward:-1.15814052455457
==================================================

coord:(37.43789486089167, 1.6285911260357357, 26.720771023872416)->(38.786111717827914, 1.0205737134625974, 28.06898788080874)
state:field-0, action:WD, timestep:78, reward:1.384026917767624
==================================================

coord:(38.786111717827914, 1.0205737134625974, 28.06898788080874)->(38.786111717827914, 0.933207510941397, 29.62898782358826)
state:field-0, action:D, timestep:79, reward:1.559497992191229
==================================================

coord:(38.786111717827914, 0.933207510941397, 29.62898782358826)->(40.31817632798274, 0.0, 31.161052433743176)
state:field-0, action:WD, timestep:80, reward:1.3433715924343765
==================================================

coord:(40.31817632798274, 0.0, 31.161052433743176)->(45.51817613724802, 0.0, 31.161052433743176)
state:field-0, action:W, timestep:81, reward:-2.107032427986109
==================================================

coord:(45.51817613724802, 0.0, 31.161052433743176)->(40.31817632798274, 0.0, 31.161052433743176)
state:field-0, action:S, timestep:82, reward:2.107032427986109
==================================================

coord:(40.31817632798274, 0.0, 31.161052433743176)->(45.51817613724802, 0.0, 31.161052433743176)
state:field-0, action:W, timestep:83, reward:-2.107032427986109
==================================================

coord:(45.51817613724802, 0.0, 31.161052433743176)->(45.51817613724802, 0.0, 31.161052433743176)
state:field-0, action:Wait, timestep:84, reward:-0.0
==================================================

coord:(45.51817613724802, 0.0, 31.161052433743176)->(40.31817632798274, 0.0, 31.161052433743176)
state:field-0, action:S, timestep:85, reward:2.107032427986109
==================================================

coord:(40.31817632798274, 0.0, 31.161052433743176)->(40.31817632798274, 0.0, 31.161052433743176)
state:field-0, action:Wait, timestep:86, reward:-0.0
==================================================

coord:(40.31817632798274, 0.0, 31.161052433743176)->(45.51817613724802, 0.0, 31.161052433743176)
state:field-0, action:W, timestep:87, reward:-2.107032427986109
==================================================

coord:(45.51817613724802, 0.0, 31.161052433743176)->(40.31817632798274, 0.0, 31.161052433743176)
state:field-0, action:S, timestep:88, reward:2.107032427986109
==================================================

coord:(40.31817632798274, 0.0, 31.161052433743176)->(45.51817613724802, 0.0, 31.161052433743176)
state:field-0, action:W, timestep:89, reward:-2.107032427986109
==================================================

coord:(45.51817613724802, 0.0, 31.161052433743176)->(45.51817613724802, 0.0, 31.161052433743176)
state:field-0, action:Wait, timestep:90, reward:-0.0
==================================================

coord:(45.51817613724802, 0.0, 31.161052433743176)->(40.31817632798274, 0.0, 31.161052433743176)
state:field-0, action:S, timestep:91, reward:2.107032427986109
==================================================

coord:(40.31817632798274, 0.0, 31.161052433743176)->(40.31817632798274, 0.0, 31.161052433743176)
state:field-0, action:Wait, timestep:92, reward:-0.0
==================================================

coord:(40.31817632798274, 0.0, 31.161052433743176)->(40.31817632798274, 0.0, 31.161052433743176)
state:field-0, action:Wait, timestep:93, reward:-0.0
==================================================

coord:(40.31817632798274, 0.0, 31.161052433743176)->(45.51817613724802, 0.0, 31.161052433743176)
state:field-0, action:W, timestep:94, reward:-2.107032427986109
==================================================

coord:(45.51817613724802, 0.0, 31.161052433743176)->(40.31817632798274, 0.0, 31.161052433743176)
state:field-0, action:S, timestep:95, reward:2.107032427986109
==================================================

coord:(40.31817632798274, 0.0, 31.161052433743176)->(40.31817632798274, 0.0, 31.161052433743176)
state:field-0, action:Wait, timestep:96, reward:-0.0
==================================================

coord:(40.31817632798274, 0.0, 31.161052433743176)->(40.31817632798274, 0.0, 31.161052433743176)
state:field-0, action:Wait, timestep:97, reward:-0.0
==================================================

coord:(40.31817632798274, 0.0, 31.161052433743176)->(40.31817632798274, 0.0, 31.161052433743176)
state:field-0, action:Wait, timestep:98, reward:-0.0
==================================================

coord:(40.31817632798274, 0.0, 31.161052433743176)->(45.51817613724802, 0.0, 31.161052433743176)
state:field-0, action:W, timestep:99, reward:-2.107032427986109
==================================================

coord:(45.51817613724802, 0.0, 31.161052433743176)->(40.31817632798274, 0.0, 31.161052433743176)
state:field-0, action:S, timestep:100, reward:2.107032427986109
==================================================

coord:(40.31817632798274, 0.0, 31.161052433743176)->(40.31817632798274, 0.0, 31.161052433743176)
state:field-0, action:Wait, timestep:101, reward:-0.0
==================================================

coord:(40.31817632798274, 0.0, 31.161052433743176)->(45.51817613724802, 0.0, 31.161052433743176)
state:field-0, action:W, timestep:102, reward:-2.107032427986109
==================================================

coord:(45.51817613724802, 0.0, 31.161052433743176)->(45.51817613724802, 0.0, 31.161052433743176)
state:field-0, action:Wait, timestep:103, reward:-0.0
==================================================

coord:(45.51817613724802, 0.0, 31.161052433743176)->(40.31817632798274, 0.0, 31.161052433743176)
state:field-0, action:S, timestep:104, reward:2.107032427986109
==================================================

coord:(40.31817632798274, 0.0, 31.161052433743176)->(40.31817632798274, 0.0, 31.161052433743176)
state:field-0, action:Wait, timestep:105, reward:-0.0
==================================================

coord:(40.31817632798274, 0.0, 31.161052433743176)->(45.51817613724802, 0.0, 31.161052433743176)
state:field-0, action:W, timestep:106, reward:-2.107032427986109
==================================================

coord:(45.51817613724802, 0.0, 31.161052433743176)->(45.51817613724802, 0.0, 31.161052433743176)
state:field-0, action:Wait, timestep:107, reward:-0.0
==================================================

coord:(45.51817613724802, 0.0, 31.161052433743176)->(40.31817632798274, 0.0, 31.161052433743176)
state:field-0, action:S, timestep:108, reward:2.107032427986109
==================================================

coord:(40.31817632798274, 0.0, 31.161052433743176)->(45.51817613724802, 0.0, 31.161052433743176)
state:field-0, action:W, timestep:109, reward:-2.107032427986109
==================================================

coord:(45.51817613724802, 0.0, 31.161052433743176)->(40.31817632798274, 0.0, 31.161052433743176)
state:field-0, action:S, timestep:110, reward:2.107032427986109
==================================================

coord:(40.31817632798274, 0.0, 31.161052433743176)->(45.51817613724802, 0.0, 31.161052433743176)
state:field-0, action:W, timestep:111, reward:-2.107032427986109
==================================================

coord:(45.51817613724802, 0.0, 31.161052433743176)->(45.51817613724802, 0.0, 31.161052433743176)
state:field-0, action:Wait, timestep:112, reward:-0.0
==================================================

coord:(45.51817613724802, 0.0, 31.161052433743176)->(40.31817632798274, 0.0, 31.161052433743176)
state:field-0, action:S, timestep:113, reward:2.107032427986109
==================================================

coord:(40.31817632798274, 0.0, 31.161052433743176)->(40.31817632798274, 0.0, 31.161052433743176)
state:field-0, action:Wait, timestep:114, reward:-0.0
==================================================

coord:(40.31817632798274, 0.0, 31.161052433743176)->(45.51817613724802, 0.0, 31.161052433743176)
state:field-0, action:W, timestep:115, reward:-2.107032427986109
==================================================

coord:(45.51817613724802, 0.0, 31.161052433743176)->(45.51817613724802, 0.0, 31.161052433743176)
state:field-0, action:Wait, timestep:116, reward:-0.0
==================================================

coord:(45.51817613724802, 0.0, 31.161052433743176)->(40.31817632798274, 0.0, 31.161052433743176)
state:field-0, action:S, timestep:117, reward:2.107032427986109
==================================================

coord:(40.31817632798274, 0.0, 31.161052433743176)->(40.31817632798274, 0.0, 31.161052433743176)
state:field-0, action:Wait, timestep:118, reward:-0.0
==================================================

coord:(40.31817632798274, 0.0, 31.161052433743176)->(45.51817613724802, 0.0, 31.161052433743176)
state:field-0, action:W, timestep:119, reward:-2.107032427986109
==================================================

coord:(45.51817613724802, 0.0, 31.161052433743176)->(45.51817613724802, 0.0, 31.161052433743176)
state:field-0, action:Wait, timestep:120, reward:-0.0
==================================================

coord:(45.51817613724802, 0.0, 31.161052433743176)->(45.51817613724802, 0.0, 31.161052433743176)
state:field-0, action:Wait, timestep:121, reward:-0.0
==================================================

coord:(45.51817613724802, 0.0, 31.161052433743176)->(45.51817613724802, 0.0, 31.161052433743176)
state:field-0, action:Wait, timestep:122, reward:-0.0
==================================================

coord:(45.51817613724802, 0.0, 31.161052433743176)->(40.31817632798274, 0.0, 31.161052433743176)
state:field-0, action:S, timestep:123, reward:2.107032427986109
==================================================

coord:(40.31817632798274, 0.0, 31.161052433743176)->(45.51817613724802, 0.0, 31.161052433743176)
state:field-0, action:W, timestep:124, reward:-2.107032427986109
==================================================

coord:(45.51817613724802, 0.0, 31.161052433743176)->(40.31817632798274, 0.0, 31.161052433743176)
state:field-0, action:S, timestep:125, reward:2.107032427986109
==================================================

coord:(40.31817632798274, 0.0, 31.161052433743176)->(40.31817632798274, 0.0, 31.161052433743176)
state:field-0, action:Wait, timestep:126, reward:-0.0
==================================================

coord:(40.31817632798274, 0.0, 31.161052433743176)->(45.51817613724802, 0.0, 31.161052433743176)
state:field-0, action:W, timestep:127, reward:-2.107032427986109
==================================================

coord:(45.51817613724802, 0.0, 31.161052433743176)->(45.51817613724802, 0.0, 31.161052433743176)
state:field-0, action:Wait, timestep:128, reward:-0.0
==================================================

coord:(45.51817613724802, 0.0, 31.161052433743176)->(40.31817632798274, 0.0, 31.161052433743176)
state:field-0, action:S, timestep:129, reward:2.107032427986109
==================================================

coord:(40.31817632798274, 0.0, 31.161052433743176)->(40.31817632798274, 0.0, 31.161052433743176)
state:field-0, action:Wait, timestep:130, reward:-0.0
==================================================

coord:(40.31817632798274, 0.0, 31.161052433743176)->(45.51817613724802, 0.0, 31.161052433743176)
state:field-0, action:W, timestep:131, reward:-2.107032427986109
==================================================

coord:(45.51817613724802, 0.0, 31.161052433743176)->(45.51817613724802, 0.0, 31.161052433743176)
state:field-0, action:Wait, timestep:132, reward:-0.0
==================================================

coord:(45.51817613724802, 0.0, 31.161052433743176)->(45.51817613724802, 0.0, 31.161052433743176)
state:field-0, action:Wait, timestep:133, reward:-0.0
==================================================

coord:(45.51817613724802, 0.0, 31.161052433743176)->(40.31817632798274, 0.0, 31.161052433743176)
state:field-0, action:S, timestep:134, reward:2.107032427986109
==================================================

coord:(40.31817632798274, 0.0, 31.161052433743176)->(40.31817632798274, 0.0, 31.161052433743176)
state:field-0, action:Wait, timestep:135, reward:-0.0
==================================================

coord:(40.31817632798274, 0.0, 31.161052433743176)->(45.51817613724802, 0.0, 31.161052433743176)
state:field-0, action:W, timestep:136, reward:-2.107032427986109
==================================================

coord:(45.51817613724802, 0.0, 31.161052433743176)->(40.31817632798274, 0.0, 31.161052433743176)
state:field-0, action:S, timestep:137, reward:2.107032427986109
==================================================

coord:(40.31817632798274, 0.0, 31.161052433743176)->(40.31817632798274, 0.0, 31.161052433743176)
state:field-0, action:Wait, timestep:138, reward:-0.0
==================================================

coord:(40.31817632798274, 0.0, 31.161052433743176)->(40.31817632798274, 0.0, 31.161052433743176)
state:field-0, action:Wait, timestep:139, reward:-0.0
==================================================

coord:(40.31817632798274, 0.0, 31.161052433743176)->(45.51817613724802, 0.0, 31.161052433743176)
state:field-0, action:W, timestep:140, reward:-2.107032427986109
==================================================

coord:(45.51817613724802, 0.0, 31.161052433743176)->(45.51817613724802, 0.0, 31.161052433743176)
state:field-0, action:Wait, timestep:141, reward:-0.0
==================================================

coord:(45.51817613724802, 0.0, 31.161052433743176)->(45.51817613724802, 0.0, 31.161052433743176)
state:field-0, action:Wait, timestep:142, reward:-0.0
==================================================

coord:(45.51817613724802, 0.0, 31.161052433743176)->(45.51817613724802, 0.0, 31.161052433743176)
state:field-0, action:Wait, timestep:143, reward:-0.0
==================================================

coord:(45.51817613724802, 0.0, 31.161052433743176)->(45.51817613724802, 0.0, 31.161052433743176)
state:field-0, action:Wait, timestep:144, reward:-0.0
==================================================

coord:(45.51817613724802, 0.0, 31.161052433743176)->(40.31817632798274, 0.0, 31.161052433743176)
state:field-0, action:S, timestep:145, reward:2.107032427986109
==================================================

coord:(40.31817632798274, 0.0, 31.161052433743176)->(40.31817632798274, 0.0, 31.161052433743176)
state:field-0, action:Wait, timestep:146, reward:-0.0
==================================================

coord:(40.31817632798274, 0.0, 31.161052433743176)->(40.31817632798274, 0.0, 31.161052433743176)
state:field-0, action:Wait, timestep:147, reward:-0.0
==================================================

coord:(40.31817632798274, 0.0, 31.161052433743176)->(40.31817632798274, 0.0, 31.161052433743176)
state:field-0, action:Wait, timestep:148, reward:-0.0
==================================================

coord:(40.31817632798274, 0.0, 31.161052433743176)->(40.31817632798274, 0.0, 31.161052433743176)
state:field-0, action:Wait, timestep:149, reward:-0.0
==================================================

coord:(40.31817632798274, 0.0, 31.161052433743176)->(45.51817613724802, 0.0, 31.161052433743176)
state:field-0, action:W, timestep:150, reward:-2.107032427986109
==================================================

coord:(45.51817613724802, 0.0, 31.161052433743176)->(40.31817632798274, 0.0, 31.161052433743176)
state:field-0, action:S, timestep:151, reward:2.107032427986109
==================================================

coord:(40.31817632798274, 0.0, 31.161052433743176)->(45.51817613724802, 0.0, 31.161052433743176)
state:field-0, action:W, timestep:152, reward:-2.107032427986109
==================================================

coord:(45.51817613724802, 0.0, 31.161052433743176)->(40.31817632798274, 0.0, 31.161052433743176)
state:field-0, action:S, timestep:153, reward:2.107032427986109
==================================================

coord:(40.31817632798274, 0.0, 31.161052433743176)->(40.31817632798274, 0.0, 31.161052433743176)
state:field-0, action:Wait, timestep:154, reward:-0.0
==================================================

coord:(40.31817632798274, 0.0, 31.161052433743176)->(45.51817613724802, 0.0, 31.161052433743176)
state:field-0, action:W, timestep:155, reward:-2.107032427986109
==================================================

coord:(45.51817613724802, 0.0, 31.161052433743176)->(40.31817632798274, 0.0, 31.161052433743176)
state:field-0, action:S, timestep:156, reward:2.107032427986109
==================================================

coord:(40.31817632798274, 0.0, 31.161052433743176)->(40.31817632798274, 0.0, 31.161052433743176)
state:field-0, action:Wait, timestep:157, reward:-0.0
==================================================

coord:(40.31817632798274, 0.0, 31.161052433743176)->(40.31817632798274, 0.0, 31.161052433743176)
state:field-0, action:Wait, timestep:158, reward:-0.0
==================================================

coord:(40.31817632798274, 0.0, 31.161052433743176)->(40.31817632798274, 0.0, 31.161052433743176)
state:field-0, action:Wait, timestep:159, reward:-0.0
==================================================

coord:(40.31817632798274, 0.0, 31.161052433743176)->(45.51817613724802, 0.0, 31.161052433743176)
state:field-0, action:W, timestep:160, reward:-2.107032427986109
==================================================

coord:(45.51817613724802, 0.0, 31.161052433743176)->(40.31817632798274, 0.0, 31.161052433743176)
state:field-0, action:S, timestep:161, reward:2.107032427986109
==================================================

coord:(40.31817632798274, 0.0, 31.161052433743176)->(40.31817632798274, 0.0, 31.161052433743176)
state:field-0, action:Wait, timestep:162, reward:-0.0
==================================================

coord:(40.31817632798274, 0.0, 31.161052433743176)->(45.51817613724802, 0.0, 31.161052433743176)
state:field-0, action:W, timestep:163, reward:-2.107032427986109
==================================================

coord:(45.51817613724802, 0.0, 31.161052433743176)->(40.31817632798274, 0.0, 31.161052433743176)
state:field-0, action:S, timestep:164, reward:2.107032427986109
==================================================

coord:(40.31817632798274, 0.0, 31.161052433743176)->(40.31817632798274, 0.0, 31.161052433743176)
state:field-0, action:Wait, timestep:165, reward:-0.0
==================================================

coord:(40.31817632798274, 0.0, 31.161052433743176)->(40.31817632798274, 0.0, 31.161052433743176)
state:field-0, action:Wait, timestep:166, reward:-0.0
==================================================

coord:(40.31817632798274, 0.0, 31.161052433743176)->(45.51817613724802, 0.0, 31.161052433743176)
state:field-0, action:W, timestep:167, reward:-2.107032427986109
==================================================

coord:(45.51817613724802, 0.0, 31.161052433743176)->(40.31817632798274, 0.0, 31.161052433743176)
state:field-0, action:S, timestep:168, reward:2.107032427986109
==================================================

coord:(40.31817632798274, 0.0, 31.161052433743176)->(40.31817632798274, 0.0, 31.161052433743176)
state:field-0, action:Wait, timestep:169, reward:-0.0
==================================================

coord:(40.31817632798274, 0.0, 31.161052433743176)->(40.31817632798274, 0.0, 31.161052433743176)
state:field-0, action:Wait, timestep:170, reward:-0.0
==================================================

coord:(40.31817632798274, 0.0, 31.161052433743176)->(40.31817632798274, 0.0, 31.161052433743176)
state:field-0, action:Wait, timestep:171, reward:-0.0
==================================================

coord:(40.31817632798274, 0.0, 31.161052433743176)->(40.31817632798274, 0.0, 31.161052433743176)
state:field-0, action:Wait, timestep:172, reward:-0.0
==================================================

coord:(40.31817632798274, 0.0, 31.161052433743176)->(45.51817613724802, 0.0, 31.161052433743176)
state:field-0, action:W, timestep:173, reward:-2.107032427986109
==================================================

coord:(45.51817613724802, 0.0, 31.161052433743176)->(40.31817632798274, 0.0, 31.161052433743176)
state:field-0, action:S, timestep:174, reward:2.107032427986109
==================================================

coord:(40.31817632798274, 0.0, 31.161052433743176)->(40.31817632798274, 0.0, 31.161052433743176)
state:field-0, action:Wait, timestep:175, reward:-0.0
==================================================

coord:(40.31817632798274, 0.0, 31.161052433743176)->(40.31817632798274, 0.0, 31.161052433743176)
state:field-0, action:Wait, timestep:176, reward:-0.0
==================================================

coord:(40.31817632798274, 0.0, 31.161052433743176)->(45.51817613724802, 0.0, 31.161052433743176)
state:field-0, action:W, timestep:177, reward:-2.107032427986109
==================================================

coord:(45.51817613724802, 0.0, 31.161052433743176)->(50.02484263861126, 0.0, 31.161052433743176)
state:field-0, action:W, timestep:178, reward:-2.9977333345964876
==================================================

