coord:(42.0, 0.0, 30.0)->(42.0, 0.0, 30.0)
state:field-4, action:Wait, timestep:1, reward:-0.0
==================================================

coord:(42.0, 0.0, 30.0)->(43.04180393490528, 0.0, 28.958196065094658)
state:field-4, action:WA, timestep:2, reward:-1.3333139236559717
==================================================

coord:(43.04180393490528, 0.0, 28.958196065094658)->(43.04180393490528, 2.599999904632568, 28.958196065094658)
state:wall-9, action:Wj, timestep:3, reward:-0.2309486305387214
==================================================

coord:(43.04180393490528, 2.599999904632568, 28.958196065094658)->(43.04180393490528, 3.899999856948861, 28.958196065094658)
state:wall-9, action:W, timestep:4, reward:-0.28993112618077
==================================================

coord:(43.04180393490528, 3.899999856948861, 28.958196065094658)->(43.04180393490528, 2.599999904632568, 27.958196065094644)
state:wall-9, action:S, timestep:5, reward:-0.6328583126735907
==================================================

coord:(43.04180393490528, 2.599999904632568, 27.958196065094644)->(43.04180393490528, 1.2999999523162822, 26.958196065094626)
state:wall-9, action:S, timestep:6, reward:-0.7773843010897306
==================================================

coord:(43.04180393490528, 1.2999999523162822, 26.958196065094626)->(43.04180393490528, 2.599999904632568, 26.958196065094626)
state:wall-9, action:W, timestep:7, reward:-0.15464709277367739
==================================================

coord:(43.04180393490528, 2.599999904632568, 26.958196065094626)->(43.04180393490528, 5.199999809265139, 26.958196065094626)
state:wall-9, action:Wj, timestep:8, reward:-0.6116911828493272
==================================================

coord:(43.04180393490528, 5.199999809265139, 26.958196065094626)->(43.04180393490528, 3.8999998569488703, 25.958196065094608)
state:wall-8, action:S, timestep:9, reward:-0.5710905605077379
==================================================

coord:(43.04180393490528, 3.8999998569488703, 25.958196065094608)->(43.04180393490528, 2.5999999046325772, 24.958196065094594)
state:wall-8, action:S, timestep:10, reward:-0.7032364206798931
==================================================

coord:(43.04180393490528, 2.5999999046325772, 24.958196065094594)->(43.04180393490528, 1.2999999523162915, 23.95819606509458)
state:wall-8, action:S, timestep:11, reward:-0.8205390563344004
==================================================

coord:(43.04180393490528, 1.2999999523162915, 23.95819606509458)->(43.04180393490528, 3.8999998569488548, 23.95819606509458)
state:wall-8, action:Wj, timestep:12, reward:-0.35018125742174533
==================================================

coord:(43.04180393490528, 3.8999998569488548, 23.95819606509458)->(43.04180393490528, 5.199999809265123, 23.95819606509458)
state:wall-8, action:W, timestep:13, reward:-0.30362635197143106
==================================================

coord:(43.04180393490528, 5.199999809265123, 23.95819606509458)->(43.04180393490528, 6.49999976158139, 23.95819606509458)
state:wall-8, action:W, timestep:14, reward:-0.3844353740136093
==================================================

coord:(43.04180393490528, 6.49999976158139, 23.95819606509458)->(43.04180393490528, 7.799999713897656, 23.95819606509458)
state:wall-8, action:W, timestep:15, reward:-0.46064795692105776
==================================================

coord:(43.04180393490528, 7.799999713897656, 23.95819606509458)->(43.04180393490528, 9.099999666213968, 23.95819606509458)
state:wall-8, action:W, timestep:16, reward:-0.5317989674472905
==================================================

coord:(43.04180393490528, 9.099999666213968, 23.95819606509458)->(43.04180393490528, 10.399999618530288, 23.95819606509458)
state:wall-8, action:W, timestep:17, reward:-0.5976470253008728
==================================================

coord:(43.04180393490528, 10.399999618530288, 23.95819606509458)->(43.04180393490528, 9.099999666213968, 22.958196065094565)
state:wall-8, action:S, timestep:18, reward:-0.27523814663991075
==================================================

coord:(43.04180393490528, 9.099999666213968, 22.958196065094565)->(43.04180393490528, 7.799999713897657, 21.95819606509455)
state:wall-8, action:S, timestep:19, reward:-0.39399705296683507
==================================================

coord:(43.04180393490528, 7.799999713897657, 21.95819606509455)->(43.04180393490528, 6.499999761581391, 20.958196065094537)
state:wall-8, action:S, timestep:20, reward:-0.506539875862309
==================================================

coord:(43.04180393490528, 6.499999761581391, 20.958196065094537)->(43.04180393490528, 5.199999809265124, 19.958196065094523)
state:wall-8, action:S, timestep:21, reward:-0.6117092527246584
==================================================

coord:(43.04180393490528, 5.199999809265124, 19.958196065094523)->(43.04180393490528, 3.8999998569488556, 18.95819606509451)
state:wall-8, action:S, timestep:22, reward:-0.7088045312556126
==================================================

coord:(43.04180393490528, 3.8999998569488556, 18.95819606509451)->(43.04180393490528, 6.49999976158144, 18.95819606509451)
state:wall-8, action:Wj, timestep:23, reward:-0.5540878290475817
==================================================

coord:(43.04180393490528, 6.49999976158144, 18.95819606509451)->(43.04180393490528, 5.199999809265174, 17.958196065094494)
state:wall-7, action:S, timestep:24, reward:-0.6457288495742048
==================================================

coord:(43.04180393490528, 5.199999809265174, 17.958196065094494)->(43.04180393490528, 7.79999971389776, 17.958196065094494)
state:wall-7, action:Wj, timestep:25, reward:-0.6597120619078574
==================================================

coord:(43.04180393490528, 7.79999971389776, 17.958196065094494)->(43.04180393490528, 9.099999666214071, 17.958196065094494)
state:wall-6, action:W, timestep:26, reward:-0.42061027951628915
==================================================

coord:(43.04180393490528, 9.099999666214071, 17.958196065094494)->(43.04180393490528, 7.79999971389776, 16.95819606509448)
state:wall-6, action:S, timestep:27, reward:-0.5151400788380442
==================================================

coord:(43.04180393490528, 7.79999971389776, 16.95819606509448)->(43.04180393490528, 6.499999761581494, 15.958196065094464)
state:wall-6, action:S, timestep:28, reward:-0.604103088234698
==================================================

coord:(43.04180393490528, 6.499999761581494, 15.958196065094464)->(43.04180393490528, 9.099999666214057, 15.958196065094464)
state:wall-6, action:Wj, timestep:29, reward:-0.7286192468130857
==================================================

coord:(43.04180393490528, 9.099999666214057, 15.958196065094464)->(43.04180393490528, 10.399999618530376, 15.958196065094464)
state:wall-6, action:W, timestep:30, reward:-0.4464651960962094
==================================================

coord:(43.04180393490528, 10.399999618530376, 15.958196065094464)->(43.04180393490528, 11.699999570846696, 15.958196065094464)
state:wall-6, action:W, timestep:31, reward:-0.49796319540293865
==================================================

coord:(43.04180393490528, 11.699999570846696, 15.958196065094464)->(43.04180393490528, 12.999999523163016, 15.958196065094464)
state:wall-6, action:W, timestep:32, reward:-0.5468550910031098
==================================================

coord:(43.04180393490528, 12.999999523163016, 15.958196065094464)->(43.04180393490528, 11.699999570846696, 14.95819606509445)
state:wall-6, action:S, timestep:33, reward:-0.35522360394064023
==================================================

coord:(43.04180393490528, 11.699999570846696, 14.95819606509445)->(43.04180393490528, 14.299999475479229, 14.95819606509445)
state:wall-6, action:Wj, timestep:34, reward:-1.1067641612899557
==================================================

coord:(43.04180393490528, 14.299999475479229, 14.95819606509445)->(43.04180393490528, 15.599999427795549, 14.95819606509445)
state:wall-5, action:W, timestep:35, reward:-0.6191359471476154
==================================================

coord:(43.04180393490528, 15.599999427795549, 14.95819606509445)->(43.04180393490528, 16.899999380111794, 14.95819606509445)
state:wall-5, action:W, timestep:36, reward:-0.6596663399669964
==================================================

coord:(43.04180393490528, 16.899999380111794, 14.95819606509445)->(43.04180393490528, 18.199999332428007, 14.95819606509445)
state:wall-5, action:W, timestep:37, reward:-0.6977630797306063
==================================================

coord:(43.04180393490528, 18.199999332428007, 14.95819606509445)->(43.04180393490528, 19.49999928474422, 14.95819606509445)
state:wall-5, action:W, timestep:38, reward:-0.7334928617814
==================================================

coord:(43.04180393490528, 19.49999928474422, 14.95819606509445)->(43.04180393490528, 18.199999332428007, 13.958196065094436)
state:wall-5, action:S, timestep:39, reward:-0.09185390689268758
==================================================

coord:(43.04180393490528, 18.199999332428007, 13.958196065094436)->(43.12847059839304, 20.0, 13.958196065094436)
state:field-0, action:Wj, timestep:40, reward:-1.0129972895823443
==================================================

coord:(43.12847059839304, 20.0, 13.958196065094436)->(46.42180381092771, 20.0, 13.958196065094436)
state:field-0, action:Wj, timestep:41, reward:-0.6354497389209257
==================================================

coord:(46.42180381092771, 20.0, 13.958196065094436)->(49.8159162071679, 20.0, 17.352308461334676)
state:field-0, action:WDsj, timestep:42, reward:1.5900321912738207
==================================================

coord:(49.8159162071679, 20.0, 17.352308461334676)->(43.81591620716782, 20.0, 17.352308461334676)
state:field-0, action:Ss, timestep:43, reward:1.6009240047108904
==================================================

coord:(43.81591620716782, 20.0, 17.352308461334676)->(49.015916016433096, 20.0, 17.352308461334676)
state:field-0, action:W, timestep:44, reward:-1.3299678984797936
==================================================

coord:(49.015916016433096, 20.0, 17.352308461334676)->(49.015916016433096, 20.0, 17.352308461334676)
state:field-0, action:Wait, timestep:45, reward:-0.0
==================================================

coord:(49.015916016433096, 20.0, 17.352308461334676)->(43.81591620716782, 20.0, 17.352308461334676)
state:field-0, action:S, timestep:46, reward:1.3299678984797936
==================================================

coord:(43.81591620716782, 20.0, 17.352308461334676)->(49.015916016433096, 20.0, 17.352308461334676)
state:field-0, action:W, timestep:47, reward:-1.3299678984797936
==================================================

coord:(49.015916016433096, 20.0, 17.352308461334676)->(43.81591620716782, 20.0, 17.352308461334676)
state:field-0, action:S, timestep:48, reward:1.3299678984797936
==================================================

coord:(43.81591620716782, 20.0, 17.352308461334676)->(43.81591620716782, 20.0, 17.352308461334676)
state:field-0, action:Wait, timestep:49, reward:-0.0
==================================================

coord:(43.81591620716782, 20.0, 17.352308461334676)->(49.015916016433096, 20.0, 17.352308461334676)
state:field-0, action:W, timestep:50, reward:-1.3299678984797936
==================================================

coord:(49.015916016433096, 20.0, 17.352308461334676)->(43.81591620716782, 20.0, 17.352308461334676)
state:field-0, action:S, timestep:51, reward:1.3299678984797936
==================================================

coord:(43.81591620716782, 20.0, 17.352308461334676)->(40.138961142796234, 20.0, 13.675353396962947)
state:field-0, action:SA, timestep:52, reward:-2.4723043704846503
==================================================

coord:(40.138961142796234, 20.0, 13.675353396962947)->(40.138961142796234, 20.0, 13.675353396962947)
state:field-0, action:Wait, timestep:53, reward:-0.0
==================================================

coord:(40.138961142796234, 20.0, 13.675353396962947)->(40.138961142796234, 20.0, 13.675353396962947)
state:field-0, action:Wait, timestep:54, reward:-0.0
==================================================

coord:(40.138961142796234, 20.0, 13.675353396962947)->(40.138961142796234, 20.0, 13.675353396962947)
state:field-0, action:Wait, timestep:55, reward:-0.0
==================================================

coord:(40.138961142796234, 20.0, 13.675353396962947)->(42.46769935023157, 19.820984911167482, 11.346615189527544)
state:field-0, action:WA, timestep:56, reward:-2.0376834013481258
==================================================

coord:(42.46769935023157, 19.820984911167482, 11.346615189527544)->(42.46769935023157, 20.0, 16.546614998792705)
state:field-0, action:D, timestep:57, reward:4.101572046027272
==================================================

coord:(42.46769935023157, 20.0, 16.546614998792705)->(42.46769935023157, 20.0, 21.74661480805777)
state:field-0, action:D, timestep:58, reward:3.8691704682151666
==================================================

coord:(42.46769935023157, 20.0, 21.74661480805777)->(46.14465441460315, 20.0, 25.423569872429567)
state:field-0, action:WD, timestep:59, reward:1.591032851167956
==================================================

coord:(46.14465441460315, 20.0, 25.423569872429567)->(46.14465441460315, 19.820984911167482, 27.93690311357435)
state:field-0, action:D, timestep:60, reward:1.5936712429902684
==================================================

coord:(46.14465441460315, 19.820984911167482, 27.93690311357435)->(42.071321230678684, 19.820984911167482, 27.93690311357435)
state:field-0, action:S, timestep:61, reward:0.99126736989151
==================================================

coord:(42.071321230678684, 19.820984911167482, 27.93690311357435)->(46.924654385992945, 19.820984911167482, 27.93690311357435)
state:field-0, action:W, timestep:62, reward:-1.2500533399390577
==================================================

coord:(46.924654385992945, 19.820984911167482, 27.93690311357435)->(46.924654385992945, 19.820984911167482, 27.93690311357435)
state:field-0, action:Wait, timestep:63, reward:-0.0
==================================================

coord:(46.924654385992945, 19.820984911167482, 27.93690311357435)->(43.24769932162136, 20.0, 24.259948049202553)
state:field-0, action:SA, timestep:64, reward:-1.3557384143057583
==================================================

coord:(43.24769932162136, 20.0, 24.259948049202553)->(39.57074425724978, 20.0, 20.582992984830756)
state:field-0, action:SA, timestep:65, reward:-2.1037351215838918
==================================================

coord:(39.57074425724978, 20.0, 20.582992984830756)->(44.77074406651506, 20.0, 20.582992984830756)
state:field-0, action:W, timestep:66, reward:-0.730764568025478
==================================================

coord:(44.77074406651506, 20.0, 20.582992984830756)->(48.44769913088664, 20.0, 24.259948049202553)
state:field-0, action:WD, timestep:67, reward:1.3739140359919944
==================================================

coord:(48.44769913088664, 20.0, 24.259948049202553)->(50.04104632544766, 20.0, 25.853295243763665)
state:field-0, action:WD, timestep:68, reward:0.31849599254374183
==================================================

