coord:(42.0, 0.0, 30.0)->(42.0, 0.0, 30.0)
state:field-4, action:Wait, timestep:1, reward:-0.0
==================================================

coord:(42.0, 0.0, 30.0)->(43.04180393490528, 0.0, 28.958196065094658)
state:field-4, action:WA, timestep:2, reward:-1.3333139236559717
==================================================

coord:(43.04180393490528, 0.0, 28.958196065094658)->(43.04180393490528, 2.599999904632568, 28.958196065094658)
state:wall-9, action:Wj, timestep:3, reward:-0.2309486305387214
==================================================

coord:(43.04180393490528, 2.599999904632568, 28.958196065094658)->(43.04180393490528, 3.899999856948861, 28.958196065094658)
state:wall-9, action:W, timestep:4, reward:-0.28993112618077
==================================================

coord:(43.04180393490528, 3.899999856948861, 28.958196065094658)->(43.04180393490528, 2.599999904632568, 27.958196065094644)
state:wall-9, action:S, timestep:5, reward:-0.6328583126735907
==================================================

coord:(43.04180393490528, 2.599999904632568, 27.958196065094644)->(43.04180393490528, 1.2999999523162822, 26.958196065094626)
state:wall-9, action:S, timestep:6, reward:-0.7773843010897306
==================================================

coord:(43.04180393490528, 1.2999999523162822, 26.958196065094626)->(43.04180393490528, 2.599999904632568, 26.958196065094626)
state:wall-9, action:W, timestep:7, reward:-0.15464709277367739
==================================================

coord:(43.04180393490528, 2.599999904632568, 26.958196065094626)->(43.04180393490528, 5.199999809265139, 26.958196065094626)
state:wall-9, action:Wj, timestep:8, reward:-0.6116911828493272
==================================================

coord:(43.04180393490528, 5.199999809265139, 26.958196065094626)->(43.04180393490528, 3.8999998569488703, 25.958196065094608)
state:wall-8, action:S, timestep:9, reward:-0.5710905605077379
==================================================

coord:(43.04180393490528, 3.8999998569488703, 25.958196065094608)->(43.04180393490528, 2.5999999046325772, 24.958196065094594)
state:wall-8, action:S, timestep:10, reward:-0.7032364206798931
==================================================

coord:(43.04180393490528, 2.5999999046325772, 24.958196065094594)->(43.04180393490528, 1.2999999523162915, 23.95819606509458)
state:wall-8, action:S, timestep:11, reward:-0.8205390563344004
==================================================

coord:(43.04180393490528, 1.2999999523162915, 23.95819606509458)->(43.04180393490528, 3.8999998569488548, 23.95819606509458)
state:wall-8, action:Wj, timestep:12, reward:-0.35018125742174533
==================================================

coord:(43.04180393490528, 3.8999998569488548, 23.95819606509458)->(43.04180393490528, 5.199999809265123, 23.95819606509458)
state:wall-8, action:W, timestep:13, reward:-0.30362635197143106
==================================================

coord:(43.04180393490528, 5.199999809265123, 23.95819606509458)->(43.04180393490528, 6.49999976158139, 23.95819606509458)
state:wall-8, action:W, timestep:14, reward:-0.3844353740136093
==================================================

coord:(43.04180393490528, 6.49999976158139, 23.95819606509458)->(43.04180393490528, 7.799999713897656, 23.95819606509458)
state:wall-8, action:W, timestep:15, reward:-0.46064795692105776
==================================================

coord:(43.04180393490528, 7.799999713897656, 23.95819606509458)->(43.04180393490528, 9.099999666213968, 23.95819606509458)
state:wall-8, action:W, timestep:16, reward:-0.5317989674472905
==================================================

coord:(43.04180393490528, 9.099999666213968, 23.95819606509458)->(43.04180393490528, 10.399999618530288, 23.95819606509458)
state:wall-8, action:W, timestep:17, reward:-0.5976470253008728
==================================================

coord:(43.04180393490528, 10.399999618530288, 23.95819606509458)->(43.04180393490528, 9.099999666213968, 22.958196065094565)
state:wall-8, action:S, timestep:18, reward:-0.27523814663991075
==================================================

coord:(43.04180393490528, 9.099999666213968, 22.958196065094565)->(43.04180393490528, 7.799999713897657, 21.95819606509455)
state:wall-8, action:S, timestep:19, reward:-0.39399705296683507
==================================================

coord:(43.04180393490528, 7.799999713897657, 21.95819606509455)->(43.04180393490528, 6.499999761581391, 20.958196065094537)
state:wall-8, action:S, timestep:20, reward:-0.506539875862309
==================================================

coord:(43.04180393490528, 6.499999761581391, 20.958196065094537)->(43.04180393490528, 5.199999809265124, 19.958196065094523)
state:wall-8, action:S, timestep:21, reward:-0.6117092527246584
==================================================

coord:(43.04180393490528, 5.199999809265124, 19.958196065094523)->(43.04180393490528, 3.8999998569488556, 18.95819606509451)
state:wall-8, action:S, timestep:22, reward:-0.7088045312556126
==================================================

coord:(43.04180393490528, 3.8999998569488556, 18.95819606509451)->(43.04180393490528, 6.49999976158144, 18.95819606509451)
state:wall-8, action:Wj, timestep:23, reward:-0.5540878290475817
==================================================

coord:(43.04180393490528, 6.49999976158144, 18.95819606509451)->(43.04180393490528, 5.199999809265174, 17.958196065094494)
state:wall-7, action:S, timestep:24, reward:-0.6457288495742048
==================================================

coord:(43.04180393490528, 5.199999809265174, 17.958196065094494)->(43.04180393490528, 7.79999971389776, 17.958196065094494)
state:wall-7, action:Wj, timestep:25, reward:-0.6597120619078574
==================================================

coord:(43.04180393490528, 7.79999971389776, 17.958196065094494)->(43.04180393490528, 9.099999666214071, 17.958196065094494)
state:wall-6, action:W, timestep:26, reward:-0.42061027951628915
==================================================

coord:(43.04180393490528, 9.099999666214071, 17.958196065094494)->(43.04180393490528, 7.79999971389776, 16.95819606509448)
state:wall-6, action:S, timestep:27, reward:-0.5151400788380442
==================================================

coord:(43.04180393490528, 7.79999971389776, 16.95819606509448)->(43.04180393490528, 6.499999761581494, 15.958196065094464)
state:wall-6, action:S, timestep:28, reward:-0.604103088234698
==================================================

coord:(43.04180393490528, 6.499999761581494, 15.958196065094464)->(43.04180393490528, 9.099999666214057, 15.958196065094464)
state:wall-6, action:Wj, timestep:29, reward:-0.7286192468130857
==================================================

coord:(43.04180393490528, 9.099999666214057, 15.958196065094464)->(43.04180393490528, 10.399999618530376, 15.958196065094464)
state:wall-6, action:W, timestep:30, reward:-0.4464651960962094
==================================================

coord:(43.04180393490528, 10.399999618530376, 15.958196065094464)->(43.04180393490528, 11.699999570846696, 15.958196065094464)
state:wall-6, action:W, timestep:31, reward:-0.49796319540293865
==================================================

coord:(43.04180393490528, 11.699999570846696, 15.958196065094464)->(43.04180393490528, 12.999999523163016, 15.958196065094464)
state:wall-6, action:W, timestep:32, reward:-0.5468550910031098
==================================================

coord:(43.04180393490528, 12.999999523163016, 15.958196065094464)->(43.04180393490528, 11.699999570846696, 14.95819606509445)
state:wall-6, action:S, timestep:33, reward:-0.35522360394064023
==================================================

coord:(43.04180393490528, 11.699999570846696, 14.95819606509445)->(43.04180393490528, 14.299999475479229, 14.95819606509445)
state:wall-6, action:Wj, timestep:34, reward:-1.1067641612899557
==================================================

coord:(43.04180393490528, 14.299999475479229, 14.95819606509445)->(43.04180393490528, 15.599999427795549, 14.95819606509445)
state:wall-5, action:W, timestep:35, reward:-0.6191359471476154
==================================================

coord:(43.04180393490528, 15.599999427795549, 14.95819606509445)->(43.04180393490528, 16.899999380111794, 14.95819606509445)
state:wall-5, action:W, timestep:36, reward:-0.6596663399669964
==================================================

coord:(43.04180393490528, 16.899999380111794, 14.95819606509445)->(43.04180393490528, 18.199999332428007, 14.95819606509445)
state:wall-5, action:W, timestep:37, reward:-0.6977630797306063
==================================================

coord:(43.04180393490528, 18.199999332428007, 14.95819606509445)->(43.04180393490528, 19.49999928474422, 14.95819606509445)
state:wall-5, action:W, timestep:38, reward:-0.7334928617814
==================================================

coord:(43.04180393490528, 19.49999928474422, 14.95819606509445)->(43.04180393490528, 18.199999332428007, 13.958196065094436)
state:wall-5, action:S, timestep:39, reward:-0.09185390689268758
==================================================

coord:(43.04180393490528, 18.199999332428007, 13.958196065094436)->(43.12847059839304, 20.0, 13.958196065094436)
state:field-0, action:Wj, timestep:40, reward:-1.0129972895823443
==================================================

coord:(43.12847059839304, 20.0, 13.958196065094436)->(46.42180381092771, 20.0, 13.958196065094436)
state:field-0, action:Wj, timestep:41, reward:-0.6354497389209257
==================================================

coord:(46.42180381092771, 20.0, 13.958196065094436)->(49.8159162071679, 20.0, 17.352308461334676)
state:field-0, action:WDsj, timestep:42, reward:1.5900321912738207
==================================================

coord:(49.8159162071679, 20.0, 17.352308461334676)->(43.81591620716782, 20.0, 17.352308461334676)
state:field-0, action:Ss, timestep:43, reward:1.6009240047108904
==================================================

coord:(43.81591620716782, 20.0, 17.352308461334676)->(49.015916016433096, 20.0, 17.352308461334676)
state:field-0, action:W, timestep:44, reward:-1.3299678984797936
==================================================

coord:(49.015916016433096, 20.0, 17.352308461334676)->(49.015916016433096, 20.0, 17.352308461334676)
state:field-0, action:Wait, timestep:45, reward:-0.0
==================================================

coord:(49.015916016433096, 20.0, 17.352308461334676)->(43.81591620716782, 20.0, 17.352308461334676)
state:field-0, action:S, timestep:46, reward:1.3299678984797936
==================================================

coord:(43.81591620716782, 20.0, 17.352308461334676)->(49.015916016433096, 20.0, 17.352308461334676)
state:field-0, action:W, timestep:47, reward:-1.3299678984797936
==================================================

coord:(49.015916016433096, 20.0, 17.352308461334676)->(43.81591620716782, 20.0, 17.352308461334676)
state:field-0, action:S, timestep:48, reward:1.3299678984797936
==================================================

coord:(43.81591620716782, 20.0, 17.352308461334676)->(43.81591620716782, 20.0, 17.352308461334676)
state:field-0, action:Wait, timestep:49, reward:-0.0
==================================================

coord:(43.81591620716782, 20.0, 17.352308461334676)->(49.015916016433096, 20.0, 17.352308461334676)
state:field-0, action:W, timestep:50, reward:-1.3299678984797936
==================================================

coord:(49.015916016433096, 20.0, 17.352308461334676)->(43.81591620716782, 20.0, 17.352308461334676)
state:field-0, action:S, timestep:51, reward:1.3299678984797936
==================================================

coord:(43.81591620716782, 20.0, 17.352308461334676)->(40.138961142796234, 20.0, 13.675353396962947)
state:field-0, action:SA, timestep:52, reward:-2.4723043704846503
==================================================

coord:(40.138961142796234, 20.0, 13.675353396962947)->(40.138961142796234, 20.0, 13.675353396962947)
state:field-0, action:Wait, timestep:53, reward:-0.0
==================================================

coord:(40.138961142796234, 20.0, 13.675353396962947)->(40.138961142796234, 20.0, 13.675353396962947)
state:field-0, action:Wait, timestep:54, reward:-0.0
==================================================

coord:(40.138961142796234, 20.0, 13.675353396962947)->(40.138961142796234, 20.0, 13.675353396962947)
state:field-0, action:Wait, timestep:55, reward:-0.0
==================================================

coord:(40.138961142796234, 20.0, 13.675353396962947)->(42.46769935023157, 19.820984911167482, 11.346615189527544)
state:field-0, action:WA, timestep:56, reward:-2.0376834013481258
==================================================

coord:(42.46769935023157, 19.820984911167482, 11.346615189527544)->(42.46769935023157, 20.0, 16.546614998792705)
state:field-0, action:D, timestep:57, reward:4.101572046027272
==================================================

coord:(42.46769935023157, 20.0, 16.546614998792705)->(42.46769935023157, 20.0, 21.74661480805777)
state:field-0, action:D, timestep:58, reward:3.8691704682151666
==================================================

coord:(42.46769935023157, 20.0, 21.74661480805777)->(46.14465441460315, 20.0, 25.423569872429567)
state:field-0, action:WD, timestep:59, reward:1.591032851167956
==================================================

coord:(46.14465441460315, 20.0, 25.423569872429567)->(46.14465441460315, 19.820984911167482, 27.93690311357435)
state:field-0, action:D, timestep:60, reward:1.5936712429902684
==================================================

coord:(46.14465441460315, 19.820984911167482, 27.93690311357435)->(42.071321230678684, 19.820984911167482, 27.93690311357435)
state:field-0, action:S, timestep:61, reward:0.99126736989151
==================================================

coord:(42.071321230678684, 19.820984911167482, 27.93690311357435)->(46.924654385992945, 19.820984911167482, 27.93690311357435)
state:field-0, action:W, timestep:62, reward:-1.2500533399390577
==================================================

coord:(46.924654385992945, 19.820984911167482, 27.93690311357435)->(46.924654385992945, 19.820984911167482, 27.93690311357435)
state:field-0, action:Wait, timestep:63, reward:-0.0
==================================================

coord:(46.924654385992945, 19.820984911167482, 27.93690311357435)->(43.24769932162136, 20.0, 24.259948049202553)
state:field-0, action:SA, timestep:64, reward:-1.3557384143057583
==================================================

coord:(43.24769932162136, 20.0, 24.259948049202553)->(39.57074425724978, 20.0, 20.582992984830756)
state:field-0, action:SA, timestep:65, reward:-2.1037351215838918
==================================================

coord:(39.57074425724978, 20.0, 20.582992984830756)->(44.77074406651506, 20.0, 20.582992984830756)
state:field-0, action:W, timestep:66, reward:-0.730764568025478
==================================================

coord:(44.77074406651506, 20.0, 20.582992984830756)->(48.44769913088664, 20.0, 24.259948049202553)
state:field-0, action:WD, timestep:67, reward:1.3739140359919944
==================================================

coord:(48.44769913088664, 20.0, 24.259948049202553)->(43.24769932162136, 20.0, 24.259948049202553)
state:field-0, action:S, timestep:68, reward:1.4605856536173754
==================================================

coord:(43.24769932162136, 20.0, 24.259948049202553)->(48.44769913088664, 20.0, 24.259948049202553)
state:field-0, action:W, timestep:69, reward:-1.4605856536173754
==================================================

coord:(48.44769913088664, 20.0, 24.259948049202553)->(43.24769932162136, 20.0, 24.259948049202553)
state:field-0, action:S, timestep:70, reward:1.4605856536173754
==================================================

coord:(43.24769932162136, 20.0, 24.259948049202553)->(39.57074425724978, 20.0, 20.582992984830756)
state:field-0, action:SA, timestep:71, reward:-2.1037351215838918
==================================================

coord:(39.57074425724978, 20.0, 20.582992984830756)->(44.77074406651506, 20.0, 20.582992984830756)
state:field-0, action:W, timestep:72, reward:-0.730764568025478
==================================================

coord:(44.77074406651506, 20.0, 20.582992984830756)->(48.44769913088664, 20.0, 24.259948049202553)
state:field-0, action:WD, timestep:73, reward:1.3739140359919944
==================================================

coord:(48.44769913088664, 20.0, 24.259948049202553)->(43.24769932162136, 20.0, 24.259948049202553)
state:field-0, action:S, timestep:74, reward:1.4605856536173754
==================================================

coord:(43.24769932162136, 20.0, 24.259948049202553)->(48.44769913088664, 20.0, 24.259948049202553)
state:field-0, action:W, timestep:75, reward:-1.4605856536173754
==================================================

coord:(48.44769913088664, 20.0, 24.259948049202553)->(43.24769932162136, 20.0, 24.259948049202553)
state:field-0, action:S, timestep:76, reward:1.4605856536173754
==================================================

coord:(43.24769932162136, 20.0, 24.259948049202553)->(39.57074425724978, 20.0, 20.582992984830756)
state:field-0, action:SA, timestep:77, reward:-2.1037351215838918
==================================================

coord:(39.57074425724978, 20.0, 20.582992984830756)->(39.57074425724978, 20.0, 25.782992794095822)
state:field-0, action:D, timestep:78, reward:3.5534444921888024
==================================================

coord:(39.57074425724978, 20.0, 25.782992794095822)->(39.57074425724978, 20.0, 25.782992794095822)
state:field-0, action:Wait, timestep:79, reward:-0.0
==================================================

coord:(39.57074425724978, 20.0, 25.782992794095822)->(40.06100493249932, 20.0, 26.273253469345395)
state:field-0, action:WD, timestep:80, reward:0.27084414704912163
==================================================

coord:(40.06100493249932, 20.0, 26.273253469345395)->(39.75459201046836, 20.0, 25.966840547314412)
state:field-0, action:SA, timestep:81, reward:-0.16741701379830332
==================================================

coord:(39.75459201046836, 20.0, 25.966840547314412)->(44.954591819733636, 20.0, 25.966840547314412)
state:field-0, action:W, timestep:82, reward:-0.8679130912520634
==================================================

coord:(44.954591819733636, 20.0, 25.966840547314412)->(39.75459201046836, 20.0, 25.966840547314412)
state:field-0, action:S, timestep:83, reward:0.8679130912520634
==================================================

coord:(39.75459201046836, 20.0, 25.966840547314412)->(40.06100493249932, 20.0, 26.273253469345395)
state:field-0, action:WD, timestep:84, reward:0.16741701379830332
==================================================

coord:(40.06100493249932, 20.0, 26.273253469345395)->(45.2610047417646, 20.0, 26.273253469345395)
state:field-0, action:W, timestep:85, reward:-0.9337972459377006
==================================================

coord:(45.2610047417646, 20.0, 26.273253469345395)->(45.2610047417646, 20.0, 26.273253469345395)
state:field-0, action:Wait, timestep:86, reward:-0.0
==================================================

coord:(45.2610047417646, 20.0, 26.273253469345395)->(45.2610047417646, 20.0, 26.273253469345395)
state:field-0, action:Wait, timestep:87, reward:-0.0
==================================================

coord:(45.2610047417646, 20.0, 26.273253469345395)->(46.67050418310704, 19.820984911167482, 27.682752910687917)
state:field-0, action:WD, timestep:88, reward:0.5160249841631952
==================================================

coord:(46.67050418310704, 19.820984911167482, 27.682752910687917)->(47.40589519598136, 20.0, 26.947361897813558)
state:field-0, action:WA, timestep:89, reward:-0.7983665924986738
==================================================

coord:(47.40589519598136, 20.0, 26.947361897813558)->(42.20589538671608, 20.0, 26.947361897813558)
state:field-0, action:S, timestep:90, reward:1.3598790643661687
==================================================

coord:(42.20589538671608, 20.0, 26.947361897813558)->(47.40589519598136, 20.0, 26.947361897813558)
state:field-0, action:W, timestep:91, reward:-1.3598790643661687
==================================================

coord:(47.40589519598136, 20.0, 26.947361897813558)->(42.20589538671608, 20.0, 26.947361897813558)
state:field-0, action:S, timestep:92, reward:1.3598790643661687
==================================================

coord:(42.20589538671608, 20.0, 26.947361897813558)->(47.40589519598136, 20.0, 26.947361897813558)
state:field-0, action:W, timestep:93, reward:-1.3598790643661687
==================================================

coord:(47.40589519598136, 20.0, 26.947361897813558)->(42.20589538671608, 20.0, 26.947361897813558)
state:field-0, action:S, timestep:94, reward:1.3598790643661687
==================================================

coord:(42.20589538671608, 20.0, 26.947361897813558)->(42.8800038151842, 19.820984911167482, 27.62147032628172)
state:field-0, action:WD, timestep:95, reward:0.4142445460859925
==================================================

coord:(42.8800038151842, 19.820984911167482, 27.62147032628172)->(46.86667033562092, 19.820984911167482, 27.62147032628172)
state:field-0, action:W, timestep:96, reward:-1.0759005591691242
==================================================

coord:(46.86667033562092, 19.820984911167482, 27.62147032628172)->(47.54077876408904, 20.0, 26.947361897813558)
state:field-0, action:WA, timestep:97, reward:-0.7460292540110167
==================================================

coord:(47.54077876408904, 20.0, 26.947361897813558)->(43.86382369971746, 20.0, 23.27040683344176)
state:field-0, action:SA, timestep:98, reward:-1.2344563389910626
==================================================

coord:(43.86382369971746, 20.0, 23.27040683344176)->(47.54077876408904, 20.0, 26.947361897813558)
state:field-0, action:WD, timestep:99, reward:1.2344563389910626
==================================================

coord:(47.54077876408904, 20.0, 26.947361897813558)->(42.34077895482376, 20.0, 26.947361897813558)
state:field-0, action:S, timestep:100, reward:1.3849531095745142
==================================================

coord:(42.34077895482376, 20.0, 26.947361897813558)->(42.34077895482376, 20.0, 26.947361897813558)
state:field-0, action:Wait, timestep:101, reward:-0.0
==================================================

coord:(42.34077895482376, 20.0, 26.947361897813558)->(42.34077895482376, 20.0, 26.947361897813558)
state:field-0, action:Wait, timestep:102, reward:-0.0
==================================================

coord:(42.34077895482376, 20.0, 26.947361897813558)->(42.34077895482376, 19.820984911167482, 27.90069519617882)
state:field-0, action:D, timestep:103, reward:0.6975329681278453
==================================================

coord:(42.34077895482376, 19.820984911167482, 27.90069519617882)->(46.93411211967476, 19.820984911167482, 27.90069519617882)
state:field-0, action:W, timestep:104, reward:-1.2063332607570523
==================================================

coord:(46.93411211967476, 19.820984911167482, 27.90069519617882)->(47.853350885767654, 20.0, 26.98145643008587)
state:field-0, action:WA, timestep:105, reward:-0.9701244448743047
==================================================

coord:(47.853350885767654, 20.0, 26.98145643008587)->(42.653351076502375, 20.0, 26.98145643008587)
state:field-0, action:S, timestep:106, reward:1.4437457968747118
==================================================

coord:(42.653351076502375, 20.0, 26.98145643008587)->(43.02104658293953, 20.0, 27.34915193652305)
state:field-0, action:WD, timestep:107, reward:0.14512421919409846
==================================================

coord:(43.02104658293953, 20.0, 27.34915193652305)->(42.06771328457423, 19.820984911167482, 27.34915193652305)
state:field-0, action:S, timestep:108, reward:0.3142575132780969
==================================================

coord:(42.06771328457423, 19.820984911167482, 27.34915193652305)->(46.92104643988849, 19.820984911167482, 27.34915193652305)
state:field-0, action:W, timestep:109, reward:-1.2331519782982454
==================================================

coord:(46.92104643988849, 19.820984911167482, 27.34915193652305)->(46.92104643988849, 19.820984911167482, 27.34915193652305)
state:field-0, action:Wait, timestep:110, reward:-0.0
==================================================

coord:(46.92104643988849, 19.820984911167482, 27.34915193652305)->(47.28874194632565, 20.0, 26.98145643008587)
state:field-0, action:WA, timestep:111, reward:-0.4679270257423447
==================================================

coord:(47.28874194632565, 20.0, 26.98145643008587)->(42.08874213706037, 20.0, 26.98145643008587)
state:field-0, action:S, timestep:112, reward:1.3390356307505193
==================================================

coord:(42.08874213706037, 20.0, 26.98145643008587)->(42.08874213706037, 20.0, 26.98145643008587)
state:field-0, action:Wait, timestep:113, reward:-0.0
==================================================

coord:(42.08874213706037, 20.0, 26.98145643008587)->(42.08874213706037, 19.820984911167482, 27.934789728451133)
state:field-0, action:D, timestep:114, reward:0.6979740811095638
==================================================

coord:(42.08874213706037, 19.820984911167482, 27.934789728451133)->(42.08874213706037, 19.820984911167482, 27.934789728451133)
state:field-0, action:Wait, timestep:115, reward:-0.0
==================================================

coord:(42.08874213706037, 19.820984911167482, 27.934789728451133)->(42.08874213706037, 19.820984911167482, 27.934789728451133)
state:field-0, action:Wait, timestep:116, reward:-0.0
==================================================

coord:(42.08874213706037, 19.820984911167482, 27.934789728451133)->(42.08874213706037, 19.820984911167482, 27.934789728451133)
state:field-0, action:Wait, timestep:117, reward:-0.0
==================================================

coord:(42.08874213706037, 19.820984911167482, 27.934789728451133)->(41.10822078656128, 20.0, 26.954268377951987)
state:field-0, action:SA, timestep:118, reward:-0.574391013378758
==================================================

coord:(41.10822078656128, 20.0, 26.954268377951987)->(42.02745955265418, 19.820984911167482, 27.873507144044936)
state:field-0, action:WD, timestep:119, reward:0.5494056698034981
==================================================

coord:(42.02745955265418, 19.820984911167482, 27.873507144044936)->(41.10822078656128, 20.0, 26.954268377951987)
state:field-0, action:SA, timestep:120, reward:-0.5494056698034981
==================================================

coord:(41.10822078656128, 20.0, 26.954268377951987)->(42.02745955265418, 19.820984911167482, 27.873507144044936)
state:field-0, action:WD, timestep:121, reward:0.5494056698034981
==================================================

coord:(42.02745955265418, 19.820984911167482, 27.873507144044936)->(42.02745955265418, 19.820984911167482, 27.873507144044936)
state:field-0, action:Wait, timestep:122, reward:-0.0
==================================================

coord:(42.02745955265418, 19.820984911167482, 27.873507144044936)->(46.88079270796844, 19.820984911167482, 27.873507144044936)
state:field-0, action:W, timestep:123, reward:-1.2404223034845998
==================================================

coord:(46.88079270796844, 19.820984911167482, 27.873507144044936)->(46.88079270796844, 19.820984911167482, 27.873507144044936)
state:field-0, action:Wait, timestep:124, reward:-0.0
==================================================

coord:(46.88079270796844, 19.820984911167482, 27.873507144044936)->(42.11412621614193, 19.820984911167482, 27.873507144044936)
state:field-0, action:S, timestep:125, reward:1.22610384012874
==================================================

coord:(42.11412621614193, 19.820984911167482, 27.873507144044936)->(42.11412621614193, 19.820984911167482, 27.873507144044936)
state:field-0, action:Wait, timestep:126, reward:-0.0
==================================================

coord:(42.11412621614193, 19.820984911167482, 27.873507144044936)->(46.88079270796844, 19.820984911167482, 27.873507144044936)
state:field-0, action:W, timestep:127, reward:-1.22610384012874
==================================================

coord:(46.88079270796844, 19.820984911167482, 27.873507144044936)->(46.88079270796844, 19.820984911167482, 27.873507144044936)
state:field-0, action:Wait, timestep:128, reward:-0.0
==================================================

coord:(46.88079270796844, 19.820984911167482, 27.873507144044936)->(43.203837643596856, 20.0, 24.19655207967314)
state:field-0, action:SA, timestep:129, reward:-1.369250640533508
==================================================

coord:(43.203837643596856, 20.0, 24.19655207967314)->(39.52688257922527, 20.0, 20.519597015301343)
state:field-0, action:SA, timestep:130, reward:-2.114809046132333
==================================================

coord:(39.52688257922527, 20.0, 20.519597015301343)->(44.72688238849055, 20.0, 20.519597015301343)
state:field-0, action:W, timestep:131, reward:-0.7221132409687492
==================================================

coord:(44.72688238849055, 20.0, 20.519597015301343)->(48.403837452862135, 20.0, 24.19655207967314)
state:field-0, action:WD, timestep:132, reward:1.3859619333118047
==================================================

coord:(48.403837452862135, 20.0, 24.19655207967314)->(43.203837643596856, 20.0, 24.19655207967314)
state:field-0, action:S, timestep:133, reward:1.4509603537892772
==================================================

coord:(43.203837643596856, 20.0, 24.19655207967314)->(43.203837643596856, 20.0, 24.19655207967314)
state:field-0, action:Wait, timestep:134, reward:-0.0
==================================================

coord:(43.203837643596856, 20.0, 24.19655207967314)->(46.63566237034367, 19.820984911167482, 27.62837680642015)
state:field-0, action:WD, timestep:135, reward:1.3172805250614772
==================================================

coord:(46.63566237034367, 19.820984911167482, 27.62837680642015)->(42.958707305972084, 20.0, 23.951421742048353)
state:field-0, action:SA, timestep:136, reward:-1.4326158420927193
==================================================

coord:(42.958707305972084, 20.0, 23.951421742048353)->(46.63566237034367, 19.820984911167482, 27.62837680642015)
state:field-0, action:WD, timestep:137, reward:1.4326158420927193
==================================================

coord:(46.63566237034367, 19.820984911167482, 27.62837680642015)->(47.30977079881179, 20.0, 26.954268377951987)
state:field-0, action:WA, timestep:138, reward:-0.7423004093136782
==================================================

coord:(47.30977079881179, 20.0, 26.954268377951987)->(42.10977098954651, 20.0, 26.954268377951987)
state:field-0, action:S, timestep:139, reward:1.3421547294515719
==================================================

coord:(42.10977098954651, 20.0, 26.954268377951987)->(42.10977098954651, 19.820984911167482, 27.90760167631725)
state:field-0, action:D, timestep:140, reward:0.6984724942724192
==================================================

coord:(42.10977098954651, 19.820984911167482, 27.90760167631725)->(41.190532223453616, 20.0, 26.9883629102243)
state:field-0, action:SA, timestep:141, reward:-0.5452845582253545
==================================================

coord:(41.190532223453616, 20.0, 26.9883629102243)->(41.190532223453616, 20.0, 26.9883629102243)
state:field-0, action:Wait, timestep:142, reward:-0.0
==================================================

coord:(41.190532223453616, 20.0, 26.9883629102243)->(46.390532032718895, 20.0, 26.9883629102243)
state:field-0, action:W, timestep:143, reward:-1.1690605263389457
==================================================

coord:(46.390532032718895, 20.0, 26.9883629102243)->(41.190532223453616, 20.0, 26.9883629102243)
state:field-0, action:S, timestep:144, reward:1.1690605263389457
==================================================

coord:(41.190532223453616, 20.0, 26.9883629102243)->(46.390532032718895, 20.0, 26.9883629102243)
state:field-0, action:W, timestep:145, reward:-1.1690605263389457
==================================================

coord:(46.390532032718895, 20.0, 26.9883629102243)->(42.71357696834731, 20.0, 23.311407845852504)
state:field-0, action:SA, timestep:146, reward:-1.400296722020581
==================================================

coord:(42.71357696834731, 20.0, 23.311407845852504)->(47.91357677761259, 20.0, 23.311407845852504)
state:field-0, action:W, timestep:147, reward:-1.3386101467532292
==================================================

coord:(47.91357677761259, 20.0, 23.311407845852504)->(44.23662171324101, 20.0, 19.634452781480707)
state:field-0, action:SA, timestep:148, reward:-1.5340104483983943
==================================================

coord:(44.23662171324101, 20.0, 19.634452781480707)->(47.91357677761259, 20.0, 23.311407845852504)
state:field-0, action:WD, timestep:149, reward:1.5340104483983943
==================================================

coord:(47.91357677761259, 20.0, 23.311407845852504)->(42.71357696834731, 20.0, 23.311407845852504)
state:field-0, action:S, timestep:150, reward:1.3386101467532292
==================================================

coord:(42.71357696834731, 20.0, 23.311407845852504)->(39.03662190397573, 20.0, 19.634452781480707)
state:field-0, action:SA, timestep:151, reward:-2.2485508067262785
==================================================

coord:(39.03662190397573, 20.0, 19.634452781480707)->(42.71357696834731, 20.0, 23.311407845852504)
state:field-0, action:WD, timestep:152, reward:2.2485508067262785
==================================================

coord:(42.71357696834731, 20.0, 23.311407845852504)->(42.71357696834731, 20.0, 23.311407845852504)
state:field-0, action:Wait, timestep:153, reward:-0.0
==================================================

coord:(42.71357696834731, 20.0, 23.311407845852504)->(42.71357696834731, 19.820984911167482, 27.90474101070331)
state:field-0, action:D, timestep:154, reward:3.0050808043867008
==================================================

coord:(42.71357696834731, 19.820984911167482, 27.90474101070331)->(42.71357696834731, 19.820984911167482, 27.90474101070331)
state:field-0, action:Wait, timestep:155, reward:-0.0
==================================================

coord:(42.71357696834731, 19.820984911167482, 27.90474101070331)->(42.71357696834731, 19.820984911167482, 27.90474101070331)
state:field-0, action:Wait, timestep:156, reward:-0.0
==================================================

coord:(42.71357696834731, 19.820984911167482, 27.90474101070331)->(46.873576815759534, 19.820984911167482, 27.90474101070331)
state:field-0, action:W, timestep:157, reward:-1.1172778192650092
==================================================

coord:(46.873576815759534, 19.820984911167482, 27.90474101070331)->(43.19662175138795, 20.0, 24.227785946331515)
state:field-0, action:SA, timestep:158, reward:-1.3669881606581207
==================================================

coord:(43.19662175138795, 20.0, 24.227785946331515)->(48.39662156065323, 20.0, 24.227785946331515)
state:field-0, action:W, timestep:159, reward:-1.4507538680774559
==================================================

coord:(48.39662156065323, 20.0, 24.227785946331515)->(44.71966649628165, 20.0, 20.55083088195972)
state:field-0, action:SA, timestep:160, reward:-1.3840375319697067
==================================================

coord:(44.71966649628165, 20.0, 20.55083088195972)->(39.51966668701637, 20.0, 20.55083088195972)
state:field-0, action:S, timestep:161, reward:0.7214226970202695
==================================================

coord:(39.51966668701637, 20.0, 20.55083088195972)->(44.71966649628165, 20.0, 20.55083088195972)
state:field-0, action:W, timestep:162, reward:-0.7214226970202695
==================================================

coord:(44.71966649628165, 20.0, 20.55083088195972)->(41.042711431910064, 20.0, 24.227785946331515)
state:field-0, action:SD, timestep:163, reward:3.1627503509917716
==================================================

coord:(41.042711431910064, 20.0, 24.227785946331515)->(46.24271124117534, 20.0, 24.227785946331515)
state:field-0, action:W, timestep:164, reward:-1.0698120842268253
==================================================

coord:(46.24271124117534, 20.0, 24.227785946331515)->(42.56575617680376, 20.0, 20.55083088195972)
state:field-0, action:SA, timestep:165, reward:-1.6857946021171486
==================================================

coord:(42.56575617680376, 20.0, 20.55083088195972)->(42.56575617680376, 20.0, 20.55083088195972)
state:field-0, action:Wait, timestep:166, reward:-0.0
==================================================

coord:(42.56575617680376, 20.0, 20.55083088195972)->(42.56575617680376, 20.0, 20.55083088195972)
state:field-0, action:Wait, timestep:167, reward:-0.0
==================================================

coord:(42.56575617680376, 20.0, 20.55083088195972)->(42.56575617680376, 20.0, 20.55083088195972)
state:field-0, action:Wait, timestep:168, reward:-0.0
==================================================

coord:(42.56575617680376, 20.0, 20.55083088195972)->(47.76575598606904, 20.0, 20.55083088195972)
state:field-0, action:W, timestep:169, reward:-1.2312433325810552
==================================================

coord:(47.76575598606904, 20.0, 20.55083088195972)->(47.76575598606904, 20.0, 20.55083088195972)
state:field-0, action:Wait, timestep:170, reward:-0.0
==================================================

coord:(47.76575598606904, 20.0, 20.55083088195972)->(47.76575598606904, 20.0, 20.55083088195972)
state:field-0, action:Wait, timestep:171, reward:-0.0
==================================================

coord:(47.76575598606904, 20.0, 20.55083088195972)->(42.56575617680376, 20.0, 20.55083088195972)
state:field-0, action:S, timestep:172, reward:1.2312433325810552
==================================================

coord:(42.56575617680376, 20.0, 20.55083088195972)->(42.56575617680376, 20.0, 20.55083088195972)
state:field-0, action:Wait, timestep:173, reward:-0.0
==================================================

coord:(42.56575617680376, 20.0, 20.55083088195972)->(46.24271124117534, 20.0, 24.227785946331515)
state:field-0, action:WD, timestep:174, reward:1.6857946021171486
==================================================

coord:(46.24271124117534, 20.0, 24.227785946331515)->(46.24271124117534, 19.820984911167482, 27.86778581281706)
state:field-0, action:D, timestep:175, reward:2.298193140071305
==================================================

coord:(46.24271124117534, 19.820984911167482, 27.86778581281706)->(42.56575617680376, 20.0, 24.190830748445265)
state:field-0, action:SA, timestep:176, reward:-1.467219804842074
==================================================

coord:(42.56575617680376, 20.0, 24.190830748445265)->(47.76575598606904, 20.0, 24.190830748445265)
state:field-0, action:W, timestep:177, reward:-1.3402889636767163
==================================================

coord:(47.76575598606904, 20.0, 24.190830748445265)->(44.088800921697455, 20.0, 20.51387568407347)
state:field-0, action:SA, timestep:178, reward:-1.4753975167242253
==================================================

coord:(44.088800921697455, 20.0, 20.51387568407347)->(44.088800921697455, 20.0, 25.713875493338534)
state:field-0, action:D, timestep:179, reward:3.4817997215327345
==================================================

coord:(44.088800921697455, 20.0, 25.713875493338534)->(44.088800921697455, 20.0, 25.713875493338534)
state:field-0, action:Wait, timestep:180, reward:-0.0
==================================================

coord:(44.088800921697455, 20.0, 25.713875493338534)->(40.41184585732587, 20.0, 22.036920428966738)
state:field-0, action:SA, timestep:181, reward:-1.8621219152408415
==================================================

coord:(40.41184585732587, 20.0, 22.036920428966738)->(45.61184566659115, 20.0, 22.036920428966738)
state:field-0, action:W, timestep:182, reward:-0.9055437931316739
==================================================

coord:(45.61184566659115, 20.0, 22.036920428966738)->(40.41184585732587, 20.0, 22.036920428966738)
state:field-0, action:S, timestep:183, reward:0.9055437931316739
==================================================

coord:(40.41184585732587, 20.0, 22.036920428966738)->(45.61184566659115, 20.0, 22.036920428966738)
state:field-0, action:W, timestep:184, reward:-0.9055437931316739
==================================================

coord:(45.61184566659115, 20.0, 22.036920428966738)->(41.93489060221957, 20.0, 18.35996536459494)
state:field-0, action:SA, timestep:185, reward:-1.9509516301841465
==================================================

coord:(41.93489060221957, 20.0, 18.35996536459494)->(45.61184566659115, 20.0, 22.036920428966738)
state:field-0, action:WD, timestep:186, reward:1.9509516301841465
==================================================

coord:(45.61184566659115, 20.0, 22.036920428966738)->(45.61184566659115, 20.0, 27.236920238231804)
state:field-0, action:D, timestep:187, reward:3.271661214189578
==================================================

coord:(45.61184566659115, 20.0, 27.236920238231804)->(41.93489060221957, 20.0, 23.559965173860007)
state:field-0, action:SA, timestep:188, reward:-1.4908226599163115
==================================================

coord:(41.93489060221957, 20.0, 23.559965173860007)->(41.93489060221957, 20.0, 23.559965173860007)
state:field-0, action:Wait, timestep:189, reward:-0.0
==================================================

coord:(41.93489060221957, 20.0, 23.559965173860007)->(47.13489041148485, 20.0, 23.559965173860007)
state:field-0, action:W, timestep:190, reward:-1.211133106528866
==================================================

coord:(47.13489041148485, 20.0, 23.559965173860007)->(47.13489041148485, 20.0, 23.559965173860007)
state:field-0, action:Wait, timestep:191, reward:-0.0
==================================================

coord:(47.13489041148485, 20.0, 23.559965173860007)->(41.93489060221957, 20.0, 23.559965173860007)
state:field-0, action:S, timestep:192, reward:1.211133106528866
==================================================

coord:(41.93489060221957, 20.0, 23.559965173860007)->(47.13489041148485, 20.0, 23.559965173860007)
state:field-0, action:W, timestep:193, reward:-1.211133106528866
==================================================

coord:(47.13489041148485, 20.0, 23.559965173860007)->(41.93489060221957, 20.0, 23.559965173860007)
state:field-0, action:S, timestep:194, reward:1.211133106528866
==================================================

coord:(41.93489060221957, 20.0, 23.559965173860007)->(41.93489060221957, 20.0, 23.559965173860007)
state:field-0, action:Wait, timestep:195, reward:-0.0
==================================================

coord:(41.93489060221957, 20.0, 23.559965173860007)->(47.13489041148485, 20.0, 23.559965173860007)
state:field-0, action:W, timestep:196, reward:-1.211133106528866
==================================================

coord:(47.13489041148485, 20.0, 23.559965173860007)->(47.13489041148485, 20.0, 23.559965173860007)
state:field-0, action:Wait, timestep:197, reward:-0.0
==================================================

coord:(47.13489041148485, 20.0, 23.559965173860007)->(43.45793534711326, 20.0, 19.88301010948821)
state:field-0, action:SA, timestep:198, reward:-1.619608536477525
==================================================

coord:(43.45793534711326, 20.0, 19.88301010948821)->(48.65793515637854, 20.0, 19.88301010948821)
state:field-0, action:W, timestep:199, reward:-1.3534244644377473
==================================================

coord:(48.65793515637854, 20.0, 19.88301010948821)->(48.65793515637854, 20.0, 25.083009918753277)
state:field-0, action:D, timestep:200, reward:3.3895695895156344
==================================================

coord:(48.65793515637854, 20.0, 25.083009918753277)->(48.65793515637854, 20.0, 25.083009918753277)
state:field-0, action:Wait, timestep:201, reward:-0.0
==================================================

coord:(48.65793515637854, 20.0, 25.083009918753277)->(46.084066611318434, 19.820984911167482, 27.656878463813534)
state:field-0, action:SD, timestep:202, reward:2.516073746501764
==================================================

coord:(46.084066611318434, 19.820984911167482, 27.656878463813534)->(46.084066611318434, 19.820984911167482, 27.656878463813534)
state:field-0, action:Wait, timestep:203, reward:-0.0
==================================================

coord:(46.084066611318434, 19.820984911167482, 27.656878463813534)->(46.084066611318434, 19.820984911167482, 27.656878463813534)
state:field-0, action:Wait, timestep:204, reward:-0.0
==================================================

coord:(46.084066611318434, 19.820984911167482, 27.656878463813534)->(42.40711154694685, 20.0, 23.979923399441738)
state:field-0, action:SA, timestep:205, reward:-1.5135562575172514
==================================================

coord:(42.40711154694685, 20.0, 23.979923399441738)->(47.60711135621213, 20.0, 23.979923399441738)
state:field-0, action:W, timestep:206, reward:-1.3061195367681044
==================================================

coord:(47.60711135621213, 20.0, 23.979923399441738)->(47.60711135621213, 20.0, 23.979923399441738)
state:field-0, action:Wait, timestep:207, reward:-0.0
==================================================

coord:(47.60711135621213, 20.0, 23.979923399441738)->(42.40711154694685, 20.0, 23.979923399441738)
state:field-0, action:S, timestep:208, reward:1.3061195367681044
==================================================

coord:(42.40711154694685, 20.0, 23.979923399441738)->(46.084066611318434, 20.0, 27.656878463813534)
state:field-0, action:WD, timestep:209, reward:1.3757339728015587
==================================================

coord:(46.084066611318434, 20.0, 27.656878463813534)->(46.084066611318434, 19.820984911167482, 27.656878463813534)
state:air-10, action:Wait, timestep:210, reward:0.1378222847156927
==================================================

coord:(46.084066611318434, 19.820984911167482, 27.656878463813534)->(46.084066611318434, 19.820984911167482, 27.656878463813534)
state:field-0, action:Wait, timestep:211, reward:-0.0
==================================================

coord:(46.084066611318434, 19.820984911167482, 27.656878463813534)->(42.09740009088172, 19.820984911167482, 27.656878463813534)
state:field-0, action:S, timestep:212, reward:0.9616647542401537
==================================================

coord:(42.09740009088172, 19.820984911167482, 27.656878463813534)->(42.09740009088172, 19.820984911167482, 27.656878463813534)
state:field-0, action:Wait, timestep:213, reward:-0.0
==================================================

coord:(42.09740009088172, 19.820984911167482, 27.656878463813534)->(42.09740009088172, 19.820984911167482, 27.656878463813534)
state:field-0, action:Wait, timestep:214, reward:-0.0
==================================================

coord:(42.09740009088172, 19.820984911167482, 27.656878463813534)->(42.09740009088172, 19.820984911167482, 27.656878463813534)
state:field-0, action:Wait, timestep:215, reward:-0.0
==================================================

coord:(42.09740009088172, 19.820984911167482, 27.656878463813534)->(42.09740009088172, 19.820984911167482, 27.656878463813534)
state:field-0, action:Wait, timestep:216, reward:-0.0
==================================================

coord:(42.09740009088172, 19.820984911167482, 27.656878463813534)->(42.09740009088172, 19.820984911167482, 27.656878463813534)
state:field-0, action:Wait, timestep:217, reward:-0.0
==================================================

coord:(42.09740009088172, 19.820984911167482, 27.656878463813534)->(46.95073324619598, 19.820984911167482, 27.656878463813534)
state:field-0, action:W, timestep:218, reward:-1.2469699228501518
==================================================

coord:(46.95073324619598, 19.820984911167482, 27.656878463813534)->(46.95073324619598, 19.820984911167482, 27.656878463813534)
state:field-0, action:Wait, timestep:219, reward:-0.0
==================================================

coord:(46.95073324619598, 19.820984911167482, 27.656878463813534)->(46.95073324619598, 19.820984911167482, 27.656878463813534)
state:field-0, action:Wait, timestep:220, reward:-0.0
==================================================

coord:(46.95073324619598, 19.820984911167482, 27.656878463813534)->(47.624841674664104, 20.0, 26.98277003534537)
state:field-0, action:WA, timestep:221, reward:-0.7469971676958131
==================================================

coord:(47.624841674664104, 20.0, 26.98277003534537)->(46.95073324619598, 19.820984911167482, 27.656878463813534)
state:field-0, action:SD, timestep:222, reward:0.7469971676958131
==================================================

coord:(46.95073324619598, 19.820984911167482, 27.656878463813534)->(43.2737781818244, 20.0, 23.979923399441738)
state:field-0, action:SA, timestep:223, reward:-1.381798798652973
==================================================

coord:(43.2737781818244, 20.0, 23.979923399441738)->(46.95073324619598, 19.820984911167482, 27.656878463813534)
state:field-0, action:WD, timestep:224, reward:1.381798798652973
==================================================

coord:(46.95073324619598, 19.820984911167482, 27.656878463813534)->(42.09740009088172, 19.820984911167482, 27.656878463813534)
state:field-0, action:S, timestep:225, reward:1.2469699228501518
==================================================

coord:(42.09740009088172, 19.820984911167482, 27.656878463813534)->(46.95073324619598, 19.820984911167482, 27.656878463813534)
state:field-0, action:W, timestep:226, reward:-1.2469699228501518
==================================================

coord:(46.95073324619598, 19.820984911167482, 27.656878463813534)->(47.624841674664104, 20.0, 26.98277003534537)
state:field-0, action:WA, timestep:227, reward:-0.7469971676958131
==================================================

coord:(47.624841674664104, 20.0, 26.98277003534537)->(43.94788661029252, 20.0, 23.305814970973575)
state:field-0, action:SA, timestep:228, reward:-1.2183110490338862
==================================================

coord:(43.94788661029252, 20.0, 23.305814970973575)->(43.94788661029252, 20.0, 23.305814970973575)
state:field-0, action:Wait, timestep:229, reward:-0.0
==================================================

coord:(43.94788661029252, 20.0, 23.305814970973575)->(40.27093154592094, 20.0, 26.98277003534537)
state:field-0, action:SD, timestep:230, reward:2.905883228271424
==================================================

coord:(40.27093154592094, 20.0, 26.98277003534537)->(43.94788661029252, 20.0, 23.305814970973575)
state:field-0, action:WA, timestep:231, reward:-2.905883228271424
==================================================

coord:(43.94788661029252, 20.0, 23.305814970973575)->(40.27093154592094, 20.0, 26.98277003534537)
state:field-0, action:SD, timestep:232, reward:2.905883228271424
==================================================

coord:(40.27093154592094, 20.0, 26.98277003534537)->(40.27093154592094, 20.0, 26.98277003534537)
state:field-0, action:Wait, timestep:233, reward:-0.0
==================================================

coord:(40.27093154592094, 20.0, 26.98277003534537)->(39.229127611015656, 20.0, 25.94096610044003)
state:field-0, action:SA, timestep:234, reward:-0.5664577236567077
==================================================

coord:(39.229127611015656, 20.0, 25.94096610044003)->(42.90608267538724, 20.0, 22.264011036068233)
state:field-0, action:WA, timestep:235, reward:-2.8481646479435128
==================================================

coord:(42.90608267538724, 20.0, 22.264011036068233)->(42.90608267538724, 20.0, 22.264011036068233)
state:field-0, action:Wait, timestep:236, reward:-0.0
==================================================

coord:(42.90608267538724, 20.0, 22.264011036068233)->(46.58303773975882, 20.0, 25.94096610044003)
state:field-0, action:WD, timestep:237, reward:1.4777456384397532
==================================================

coord:(46.58303773975882, 20.0, 25.94096610044003)->(46.58303773975882, 20.0, 25.94096610044003)
state:field-0, action:Wait, timestep:238, reward:-0.0
==================================================

coord:(46.58303773975882, 20.0, 25.94096610044003)->(42.90608267538724, 20.0, 22.264011036068233)
state:field-0, action:SA, timestep:239, reward:-1.4777456384397532
==================================================

coord:(42.90608267538724, 20.0, 22.264011036068233)->(42.90608267538724, 20.0, 22.264011036068233)
state:field-0, action:Wait, timestep:240, reward:-0.0
==================================================

coord:(42.90608267538724, 20.0, 22.264011036068233)->(39.229127611015656, 20.0, 25.94096610044003)
state:field-0, action:SD, timestep:241, reward:2.8481646479435128
==================================================

coord:(39.229127611015656, 20.0, 25.94096610044003)->(42.90608267538724, 20.0, 22.264011036068233)
state:field-0, action:WA, timestep:242, reward:-2.8481646479435128
==================================================

coord:(42.90608267538724, 20.0, 22.264011036068233)->(42.90608267538724, 19.95399444781939, 27.4640108453333)
state:field-0, action:D, timestep:243, reward:3.357726586639899
==================================================

coord:(42.90608267538724, 19.95399444781939, 27.4640108453333)->(42.90608267538724, 19.820984911167482, 27.4640108453333)
state:air-10, action:Wait, timestep:244, reward:0.10522040988024273
==================================================

coord:(42.90608267538724, 19.820984911167482, 27.4640108453333)->(39.229127611015656, 20.0, 23.787055780961502)
state:field-0, action:SA, timestep:245, reward:-2.0159290707842175
==================================================

coord:(39.229127611015656, 20.0, 23.787055780961502)->(42.90608267538724, 19.90338834042072, 27.4640108453333)
state:field-0, action:WD, timestep:246, reward:1.9507729404759182
==================================================

coord:(42.90608267538724, 19.90338834042072, 27.4640108453333)->(42.90608267538724, 19.820984911167482, 27.4640108453333)
state:air-10, action:Wait, timestep:247, reward:0.06515613030829925
==================================================

coord:(42.90608267538724, 19.820984911167482, 27.4640108453333)->(39.229127611015656, 20.0, 23.787055780961502)
state:field-0, action:SA, timestep:248, reward:-2.0159290707842175
==================================================

coord:(39.229127611015656, 20.0, 23.787055780961502)->(44.429127420280935, 20.0, 23.787055780961502)
state:field-0, action:W, timestep:249, reward:-0.7265337188942702
==================================================

coord:(44.429127420280935, 20.0, 23.787055780961502)->(44.429127420280935, 19.74696946300665, 28.987055590226568)
state:field-0, action:D, timestep:250, reward:3.3004041469468497
==================================================

coord:(44.429127420280935, 19.74696946300665, 28.987055590226568)->(44.429127420280935, 18.311091229091765, 28.987055590226568)
state:air-10, action:Wait, timestep:251, reward:1.1404292302225265
==================================================

coord:(44.429127420280935, 18.311091229091765, 28.987055590226568)->(43.302460794940124, 18.199825585118646, 28.987055590226568)
state:field-0, action:S, timestep:252, reward:0.3731179503859714
==================================================

coord:(43.302460794940124, 18.199825585118646, 28.987055590226568)->(41.22246087123401, 17.333697900702177, 28.987055590226568)
state:field-0, action:S, timestep:253, reward:1.080192304149108
==================================================

coord:(41.22246087123401, 17.333697900702177, 28.987055590226568)->(45.729127372597254, 18.199825585118646, 28.987055590226568)
state:field-0, action:W, timestep:254, reward:-1.7589556108399549
==================================================

coord:(45.729127372597254, 18.199825585118646, 28.987055590226568)->(47.809127296303366, 17.333697900702177, 28.987055590226568)
state:field-0, action:W, timestep:255, reward:-0.12208520584676563
==================================================

coord:(47.809127296303366, 17.333697900702177, 28.987055590226568)->(50.06246054698499, 16.169757430532783, 28.987055590226568)
state:field-0, action:W, timestep:256, reward:-0.2178705019018139
==================================================

