coord:(42.0, 0.0, 30.0)->(42.0, 0.0, 30.0)
state:field-4, action:Wait, timestep:1, reward:-0.0
==================================================

coord:(42.0, 0.0, 30.0)->(40.93933987617494, 0.6696666733423873, 28.93933987617494)
state:field-4, action:SAsj, timestep:2, reward:-0.7525667996145948
==================================================

coord:(40.93933987617494, 0.6696666733423873, 28.93933987617494)->(40.93933987617494, -0.630333278973897, 27.989339876174927)
state:wall-9, action:S, timestep:3, reward:-0.9299484303218666
==================================================

coord:(40.93933987617494, -0.630333278973897, 27.989339876174927)->(40.93933987617494, -1.9303332312901786, 26.98933987617491)
state:wall-9, action:S, timestep:4, reward:-1.0913951910544224
==================================================

coord:(40.93933987617494, -1.9303332312901786, 26.98933987617491)->(40.93933987617494, -0.6303332789738969, 26.98933987617491)
state:wall-9, action:W, timestep:5, reward:0.11235014100869911
==================================================

coord:(40.93933987617494, -0.6303332789738969, 26.98933987617491)->(40.93933987617494, 0.6696666733423874, 26.98933987617491)
state:wall-9, action:W, timestep:6, reward:0.0023826635624235593
==================================================

coord:(40.93933987617494, 0.6696666733423874, 26.98933987617491)->(40.93933987617494, -0.6303332789738969, 25.989339876174895)
state:wall-9, action:S, timestep:7, reward:-0.9839733270970505
==================================================

coord:(40.93933987617494, -0.6303332789738969, 25.989339876174895)->(40.93933987617494, 0.6696666733423874, 25.989339876174895)
state:wall-9, action:W, timestep:8, reward:0.0022390911586533946
==================================================

coord:(40.93933987617494, 0.6696666733423874, 25.989339876174895)->(40.93933987617494, 1.9696666256586688, 25.989339876174895)
state:wall-9, action:W, timestep:9, reward:-0.10119037381220153
==================================================

coord:(40.93933987617494, 1.9696666256586688, 25.989339876174895)->(40.93933987617494, 4.569666530291235, 25.989339876174895)
state:wall-9, action:Wj, timestep:10, reward:-0.5033382415054035
==================================================

coord:(40.93933987617494, 4.569666530291235, 25.989339876174895)->(40.93933987617494, 3.269666577974953, 24.98933987617488)
state:wall-9, action:S, timestep:11, reward:-0.66620096224786
==================================================

coord:(40.93933987617494, 3.269666577974953, 24.98933987617488)->(40.93933987617494, 4.569666530291235, 24.98933987617488)
state:wall-9, action:W, timestep:12, reward:-0.2843314605195104
==================================================

coord:(40.93933987617494, 4.569666530291235, 24.98933987617488)->(40.93933987617494, 3.269666577974953, 23.989339876174867)
state:wall-9, action:S, timestep:13, reward:-0.6860027511029294
==================================================

coord:(40.93933987617494, 3.269666577974953, 23.989339876174867)->(40.93933987617494, 5.869666482607532, 23.989339876174867)
state:wall-9, action:Wj, timestep:14, reward:-0.6239426786478788
==================================================

coord:(40.93933987617494, 5.869666482607532, 23.989339876174867)->(40.93933987617494, 7.169666434923799, 23.989339876174867)
state:wall-8, action:W, timestep:15, reward:-0.43430742238682996
==================================================

coord:(40.93933987617494, 7.169666434923799, 23.989339876174867)->(40.93933987617494, 5.869666482607532, 22.989339876174853)
state:wall-8, action:S, timestep:16, reward:-0.5088298242201468
==================================================

coord:(40.93933987617494, 5.869666482607532, 22.989339876174853)->(40.93933987617494, 7.169666434923799, 22.989339876174853)
state:wall-8, action:W, timestep:17, reward:-0.41434836149119647
==================================================

coord:(40.93933987617494, 7.169666434923799, 22.989339876174853)->(40.93933987617494, 8.469666387240084, 22.989339876174853)
state:wall-8, action:W, timestep:18, reward:-0.48677612596869224
==================================================

coord:(40.93933987617494, 8.469666387240084, 22.989339876174853)->(40.93933987617494, 11.069666291872617, 22.989339876174853)
state:wall-8, action:Wj, timestep:19, reward:-1.1710517669738927
==================================================

coord:(40.93933987617494, 11.069666291872617, 22.989339876174853)->(40.93933987617494, 13.66966619650515, 22.989339876174853)
state:wall-8, action:Wj, timestep:20, reward:-1.4007821974190726
==================================================

coord:(40.93933987617494, 13.66966619650515, 22.989339876174853)->(40.93933987617494, 14.969666148821469, 22.989339876174853)
state:wall-7, action:W, timestep:21, reward:-0.7744051237585552
==================================================

coord:(40.93933987617494, 14.969666148821469, 22.989339876174853)->(40.93933987617494, 13.66966619650515, 21.98933987617484)
state:wall-7, action:S, timestep:22, reward:-0.03928293769980584
==================================================

coord:(40.93933987617494, 13.66966619650515, 21.98933987617484)->(40.93933987617494, 16.269666101137695, 21.98933987617484)
state:wall-7, action:Wj, timestep:23, reward:-1.5422561028823871
==================================================

coord:(40.93933987617494, 16.269666101137695, 21.98933987617484)->(40.93933987617494, 17.569666053453908, 21.98933987617484)
state:wall-6, action:W, timestep:24, reward:-0.832598392605167
==================================================

coord:(40.93933987617494, 17.569666053453908, 21.98933987617484)->(40.93933987617494, 20.169665958086547, 22.03933987617484)
state:wall-6, action:Wj, timestep:25, reward:-1.7351567636760805
==================================================

coord:(40.93933987617494, 20.169665958086547, 22.03933987617484)->(40.93933987617494, 20.169665958086547, 22.03933987617484)
state:field-1, action:Wait, timestep:26, reward:-0.0
==================================================

coord:(40.93933987617494, 20.169665958086547, 22.03933987617484)->(40.93933987617494, 20.0, 22.03933987617484)
state:field-1, action:j, timestep:27, reward:0.11955683773127745
==================================================

coord:(40.93933987617494, 20.0, 22.03933987617484)->(44.616294940546524, 20.0, 25.716294940546636)
state:field-1, action:WD, timestep:28, reward:1.7853659650754032
==================================================

coord:(44.616294940546524, 20.0, 25.716294940546636)->(49.41629494054659, 20.0, 25.716294940546636)
state:field-1, action:Wsj, timestep:29, reward:-1.5806329215562336
==================================================

coord:(49.41629494054659, 20.0, 25.716294940546636)->(48.99203089101657, 20.0, 26.14055899007666)
state:field-0, action:SDs, timestep:30, reward:0.4138261247793231
==================================================

coord:(48.99203089101657, 20.0, 26.14055899007666)->(46.66329268358123, 20.0, 23.81182078264119)
state:field-0, action:SAj, timestep:31, reward:-0.597315040379641
==================================================

coord:(46.66329268358123, 20.0, 23.81182078264119)->(50.06329268358128, 20.0, 23.81182078264119)
state:field-0, action:Ws, timestep:32, reward:-1.2165838828651943
==================================================

