coord:(37.0, 0.0, 25.0)->(37.0, 0.0, 25.0)
state:field-4, action:Wait, timestep:1, reward:-0.0
==================================================

coord:(37.0, 0.0, 25.0)->(37.0, 0.0, 24.9)
state:field-4.0, action:As, timestep:2, reward:0.08420467811677668
==================================================

coord:(37.0, 0.0, 24.9)->(37.0, 11.645230657648455, 24.9)
state:air-9.0, action:Wait, timestep:3, reward:-1.9819962738538415
==================================================

coord:(37.0, 11.645230657648455, 24.9)->(35.95819606509472, 12.42732510619105, 23.858196065094656)
state:field-4.0, action:SAj, timestep:4, reward:0.9650648309781715
==================================================

coord:(35.95819606509472, 12.42732510619105, 23.858196065094656)->(35.95819606509472, 9.892149101304343, 23.858196065094656)
state:air-9.0, action:Wait, timestep:5, reward:1.0298646018413464
==================================================

coord:(35.95819606509472, 9.892149101304343, 23.858196065094656)->(35.95819606509472, 9.892149101304343, 24.05819606509466)
state:field-4.0, action:Ds, timestep:6, reward:-0.1594219161302739
==================================================

coord:(35.95819606509472, 9.892149101304343, 24.05819606509466)->(35.95819606509472, 11.645230657648455, 24.05819606509466)
state:air-9.0, action:Wait, timestep:7, reward:-0.682723017969721
==================================================

coord:(35.95819606509472, 11.645230657648455, 24.05819606509466)->(35.95819606509472, 12.159730662098935, 25.058196065094673)
state:field-4.0, action:Dsj, timestep:8, reward:-0.9978750991906686
==================================================

coord:(35.95819606509472, 12.159730662098935, 25.058196065094673)->(35.95819606509472, 13.531219560760134, 25.058196065094673)
state:air-9.0, action:Wait, timestep:9, reward:-0.6141650140019834
==================================================

coord:(35.95819606509472, 13.531219560760134, 25.058196065094673)->(36.01947864950091, 13.619815946724621, 25.11947864950087)
state:field-4.0, action:WDj, timestep:10, reward:-0.11552948743402425
==================================================

coord:(36.01947864950091, 13.619815946724621, 25.11947864950087)->(36.16089999934425, 13.744493725392495, 24.97805729965753)
state:field-4.0, action:WAsj, timestep:11, reward:-0.014067781478146912
==================================================

coord:(36.16089999934425, 13.744493725392495, 24.97805729965753)->(36.16089999934425, 11.72147843009481, 24.97805729965753)
state:air-9.0, action:Wait, timestep:12, reward:0.8971064450404533
==================================================

coord:(36.16089999934425, 11.72147843009481, 24.97805729965753)->(36.16089999934425, 11.785178430539858, 25.07805729965753)
state:field-4.0, action:Dsj, timestep:13, reward:-0.10479560311095781
==================================================

coord:(36.16089999934425, 11.785178430539858, 25.07805729965753)->(36.16089999934425, 13.619815946724621, 25.07805729965753)
state:air-9.0, action:Wait, timestep:14, reward:-0.809290122557357
==================================================

coord:(36.16089999934425, 13.619815946724621, 25.07805729965753)->(36.16089999934425, 13.619815946724621, 24.99139063616978)
state:field-4.0, action:A, timestep:15, reward:0.06594117474483596
==================================================

coord:(36.16089999934425, 13.619815946724621, 24.99139063616978)->(36.16089999934425, 11.72147843009481, 24.99139063616978)
state:air-9.0, action:Wait, timestep:16, reward:0.8376595293235383
==================================================

coord:(36.16089999934425, 11.72147843009481, 24.99139063616978)->(36.16089999934425, 11.785178430539858, 25.09139063616978)
state:field-4.0, action:Dsj, timestep:17, reward:-0.10480585432030409
==================================================

coord:(36.16089999934425, 11.785178430539858, 25.09139063616978)->(36.16089999934425, 13.619815946724621, 25.09139063616978)
state:air-9.0, action:Wait, timestep:18, reward:-0.8089519205279032
==================================================

coord:(36.16089999934425, 13.619815946724621, 25.09139063616978)->(36.16089999934425, 13.619815946724621, 25.09139063616978)
state:field-4.0, action:j, timestep:19, reward:4.110150655378675e-07
==================================================

coord:(36.16089999934425, 13.619815946724621, 25.09139063616978)->(36.16089999934425, 13.619815946724621, 26.091390636169795)
state:field-4.0, action:Ds, timestep:20, reward:-0.7699376142277217
==================================================

coord:(36.16089999934425, 13.619815946724621, 26.091390636169795)->(36.16089999934425, 15.620376208807022, 26.091390636169795)
state:air-9.0, action:Wait, timestep:21, reward:-0.972226525126743
==================================================

coord:(36.16089999934425, 15.620376208807022, 26.091390636169795)->(40.58089983721974, 14.071575557758527, 26.091390636169795)
state:field-4.0, action:Wj, timestep:22, reward:-1.4155235055005768
==================================================

coord:(40.58089983721974, 14.071575557758527, 26.091390636169795)->(40.45833466840735, 14.232594997622686, 25.9688254673574)
state:field-4.0, action:SAj, timestep:23, reward:0.08422785790892817
==================================================

coord:(40.45833466840735, 14.232594997622686, 25.9688254673574)->(40.45833466840735, 12.26937601343067, 25.9688254673574)
state:air-9.0, action:Wait, timestep:24, reward:0.8085263054261809
==================================================

coord:(40.45833466840735, 12.26937601343067, 25.9688254673574)->(38.478435770600576, 12.595161775451972, 23.988926569550625)
state:field-4.0, action:SAs, timestep:25, reward:2.4027079356131082
==================================================

coord:(38.478435770600576, 12.595161775451972, 23.988926569550625)->(38.478435770600576, 9.700357959691633, 23.988926569550625)
state:air-9.0, action:Wait, timestep:26, reward:1.106742123808555
==================================================

coord:(38.478435770600576, 9.700357959691633, 23.988926569550625)->(42.07843577060063, 10.278557975713364, 23.988926569550625)
state:field-4.0, action:Wsj, timestep:27, reward:-2.3878462884931153
==================================================

coord:(42.07843577060063, 10.278557975713364, 23.988926569550625)->(42.07843577060063, 7.872093357350055, 23.988926569550625)
state:air-9.0, action:Wait, timestep:28, reward:0.673971927635229
==================================================

coord:(42.07843577060063, 7.872093357350055, 23.988926569550625)->(42.07843577060063, 9.267181677720165, 25.08892656955064)
state:field-4.0, action:Ds, timestep:29, reward:-1.14150673211169
==================================================

coord:(42.07843577060063, 9.267181677720165, 25.08892656955064)->(42.07843577060063, 10.76803660460999, 25.08892656955064)
state:air-8.0, action:Wait, timestep:30, reward:-0.45677481229661154
==================================================

coord:(42.07843577060063, 10.76803660460999, 25.08892656955064)->(42.07843577060063, 10.51500606761664, 23.962259944209876)
state:field-3.0, action:A, timestep:31, reward:0.865375917238385
==================================================

coord:(42.07843577060063, 10.51500606761664, 23.962259944209876)->(42.07843577060063, 7.872093357350055, 23.962259944209876)
state:air-8.0, action:Wait, timestep:32, reward:0.7516900375398876
==================================================

coord:(42.07843577060063, 7.872093357350055, 23.962259944209876)->(43.058957121099716, 8.644986691840515, 22.98173859371073)
state:field-3.0, action:WAj, timestep:33, reward:-0.19768572705239862
==================================================

coord:(43.058957121099716, 8.644986691840515, 22.98173859371073)->(43.058957121099716, 6.063429463693403, 22.98173859371073)
state:air-8.0, action:Wait, timestep:34, reward:0.5607433614239561
==================================================

coord:(43.058957121099716, 6.063429463693403, 22.98173859371073)->(43.058957121099716, 7.231766021017783, 23.081738593710732)
state:field-3.0, action:Dsj, timestep:35, reward:-0.2898332829933743
==================================================

coord:(43.058957121099716, 7.231766021017783, 23.081738593710732)->(42.988246446178046, 7.872093357350055, 23.01102791878906)
state:field-3.0, action:SAsj, timestep:36, reward:-0.046483806488993196
==================================================

coord:(42.988246446178046, 7.872093357350055, 23.01102791878906)->(43.04952903058424, 7.872093357350055, 22.949745334382865)
state:field-3.0, action:WA, timestep:37, reward:-0.0024969965160828167
==================================================

coord:(43.04952903058424, 7.872093357350055, 22.949745334382865)->(43.04952903058424, 6.063429463693403, 22.949745334382865)
state:air-8.0, action:Wait, timestep:38, reward:0.3671822690163431
==================================================

coord:(43.04952903058424, 6.063429463693403, 22.949745334382865)->(43.04952903058424, 7.231766021017783, 23.036411997870616)
state:field-3.0, action:Dj, timestep:39, reward:-0.2810858083811887
==================================================

coord:(43.04952903058424, 7.231766021017783, 23.036411997870616)->(42.94952903058424, 7.872093357350055, 23.036411997870616)
state:field-3.0, action:Ssj, timestep:40, reward:-0.07325405589644163
==================================================

coord:(42.94952903058424, 7.872093357350055, 23.036411997870616)->(42.94952903058424, 7.619062820356711, 21.996412036017603)
state:field-3.0, action:A, timestep:41, reward:0.7439118220988128
==================================================

coord:(42.94952903058424, 7.619062820356711, 21.996412036017603)->(42.94952903058424, 5.462224769554208, 21.996412036017603)
state:air-8.0, action:Wait, timestep:42, reward:0.4142329207371951
==================================================

coord:(42.94952903058424, 5.462224769554208, 21.996412036017603)->(43.99133296548952, 6.063429463693403, 23.038215970922945)
state:field-3.0, action:WD, timestep:43, reward:-1.5470437501587107
==================================================

coord:(43.99133296548952, 6.063429463693403, 23.038215970922945)->(43.99133296548952, 7.231766021017783, 23.038215970922945)
state:air-8.0, action:Wait, timestep:44, reward:-0.21668515415978007
==================================================

coord:(43.99133296548952, 7.231766021017783, 23.038215970922945)->(43.99133296548952, 7.231766021017783, 23.038215970922945)
state:field-3.0, action:j, timestep:45, reward:-8.127291160064942e-07
==================================================

coord:(43.99133296548952, 7.231766021017783, 23.038215970922945)->(42.94952903058424, 6.679699394850488, 21.996412036017603)
state:field-3.0, action:SA, timestep:46, reward:1.5523487828337856
==================================================

coord:(42.94952903058424, 6.679699394850488, 21.996412036017603)->(42.94952903058424, 5.462224769554208, 21.996412036017603)
state:air-8.0, action:Wait, timestep:47, reward:0.21137876424305446
==================================================

coord:(42.94952903058424, 5.462224769554208, 21.996412036017603)->(37.74952922131896, 6.863884788004712, 21.996412036017603)
state:field-3.0, action:S, timestep:48, reward:3.250013149143797
==================================================

coord:(37.74952922131896, 6.863884788004712, 21.996412036017603)->(37.74952922131896, 6.863884788004712, 21.996412036017603)
state:field-3.0, action:j, timestep:49, reward:-2.02296632778598e-07
==================================================

coord:(37.74952922131896, 6.863884788004712, 21.996412036017603)->(38.81018934514402, 8.144288970310173, 23.05707215984266)
state:field-3.0, action:WDs, timestep:50, reward:-1.7711299360779478
==================================================

coord:(38.81018934514402, 8.144288970310173, 23.05707215984266)->(38.81018934514402, 9.700357959691633, 23.05707215984266)
state:air-8.0, action:Wait, timestep:51, reward:-0.4781928687951371
==================================================

coord:(38.81018934514402, 9.700357959691633, 23.05707215984266)->(37.82023989624063, 9.892149101304343, 24.04702160874605)
state:field-3.0, action:SDs, timestep:52, reward:-0.24413906372183902
==================================================

coord:(37.82023989624063, 9.892149101304343, 24.04702160874605)->(37.82023989624063, 11.645230657648455, 24.04702160874605)
state:air-8.0, action:Wait, timestep:53, reward:-0.6559457676066636
==================================================

coord:(37.82023989624063, 11.645230657648455, 24.04702160874605)->(37.82023989624063, 11.645230657648455, 24.04702160874605)
state:field-3.0, action:Wait, timestep:54, reward:-9.433879135656298e-07
==================================================

coord:(37.82023989624063, 11.645230657648455, 24.04702160874605)->(39.55357316599572, 11.052835687926466, 24.04702160874605)
state:field-3.0, action:W, timestep:55, reward:-0.7356901490980867
==================================================

coord:(39.55357316599572, 11.052835687926466, 24.04702160874605)->(39.55357316599572, 10.749199043534448, 22.920354983405286)
state:field-3.0, action:A, timestep:56, reward:0.9167017770464199
==================================================

coord:(39.55357316599572, 10.749199043534448, 22.920354983405286)->(39.55357316599572, 7.872093357350055, 22.920354983405286)
state:air-8.0, action:Wait, timestep:57, reward:0.9127252082452131
==================================================

coord:(39.55357316599572, 7.872093357350055, 22.920354983405286)->(43.05357316599577, 8.481871150704517, 22.920354983405286)
state:field-3.0, action:Wsj, timestep:58, reward:-2.5001410959057253
==================================================

coord:(43.05357316599577, 8.481871150704517, 22.920354983405286)->(43.05357316599577, 6.063429463693403, 22.920354983405286)
state:air-8.0, action:Wait, timestep:59, reward:0.5189074490073153
==================================================

coord:(43.05357316599577, 6.063429463693403, 22.920354983405286)->(42.96690650250802, 6.600307955923573, 22.920354983405286)
state:field-3.0, action:Sj, timestep:60, reward:-0.03406080843154058
==================================================

coord:(42.96690650250802, 6.600307955923573, 22.920354983405286)->(43.10832785235136, 7.231766021017783, 23.061776333248627)
state:field-3.0, action:WDs, timestep:61, reward:-0.32274542660637806
==================================================

coord:(43.10832785235136, 7.231766021017783, 23.061776333248627)->(40.90832785235133, 8.457996674488252, 23.061776333248627)
state:field-3.0, action:Ss, timestep:62, reward:1.2087574469314113
==================================================

coord:(40.90832785235133, 8.457996674488252, 23.061776333248627)->(40.90832785235133, 8.969664290777729, 23.061776333248627)
state:air-8.0, action:Wait, timestep:63, reward:-0.14479145305725538
==================================================

coord:(40.90832785235133, 8.969664290777729, 23.061776333248627)->(40.90832785235133, 10.559263565285978, 25.055109593466902)
state:field-3.0, action:D, timestep:64, reward:-1.9171549799266465
==================================================

coord:(40.90832785235133, 10.559263565285978, 25.055109593466902)->(40.90832785235133, 12.26937601343067, 25.055109593466902)
state:air-8.0, action:Wait, timestep:65, reward:-0.6156449295871909
==================================================

coord:(40.90832785235133, 12.26937601343067, 25.055109593466902)->(39.84766772852627, 12.939042686773057, 23.994449469641843)
state:field-3.0, action:SAsj, timestep:66, reward:1.0894952887332465
==================================================

coord:(39.84766772852627, 12.939042686773057, 23.994449469641843)->(39.84766772852627, 9.38893370440675, 23.994449469641843)
state:air-7.0, action:Wait, timestep:67, reward:1.315820368773327
==================================================

coord:(39.84766772852627, 9.38893370440675, 23.994449469641843)->(43.047667728526314, 8.204767037740085, 23.994449469641843)
state:field-2.0, action:Ws, timestep:68, reward:-1.747608729681012
==================================================

coord:(43.047667728526314, 8.204767037740085, 23.994449469641843)->(43.047667728526314, 7.231766021017783, 23.994449469641843)
state:air-7.0, action:Wait, timestep:69, reward:0.2189667222129792
==================================================

coord:(43.047667728526314, 7.231766021017783, 23.994449469641843)->(43.047667728526314, 8.513375861448784, 25.09444946964186)
state:field-2.0, action:Ds, timestep:70, reward:-1.0587259751547649
==================================================

coord:(43.047667728526314, 8.513375861448784, 25.09444946964186)->(43.047667728526314, 9.892149101304343, 25.09444946964186)
state:air-7.0, action:Wait, timestep:71, reward:-0.3723609034167694
==================================================

coord:(43.047667728526314, 9.892149101304343, 25.09444946964186)->(42.96100106503856, 10.76803660460999, 25.09444946964186)
state:field-2.0, action:Sj, timestep:72, reward:-0.21327041310110673
==================================================

coord:(42.96100106503856, 10.76803660460999, 25.09444946964186)->(42.96100106503856, 11.319014387283296, 23.994449469641843)
state:field-2.0, action:Asj, timestep:73, reward:0.5588933133179275
==================================================

coord:(42.96100106503856, 11.319014387283296, 23.994449469641843)->(42.96100106503856, 7.872093357350055, 23.994449469641843)
state:air-7.0, action:Wait, timestep:74, reward:1.0048635193118827
==================================================

coord:(42.96100106503856, 7.872093357350055, 23.994449469641843)->(44.00280499994384, 7.320026731182759, 22.9526455347365)
state:field-2.0, action:WA, timestep:75, reward:0.08172229468056358
==================================================

coord:(44.00280499994384, 7.320026731182759, 22.9526455347365)->(44.00280499994384, 5.4979889792571965, 22.9526455347365)
state:air-7.0, action:Wait, timestep:76, reward:0.3221979346583268
==================================================

coord:(44.00280499994384, 5.4979889792571965, 22.9526455347365)->(44.064087584350034, 6.557373203102033, 23.013928119142697)
state:field-2.0, action:WDj, timestep:77, reward:-0.25730947007375704
==================================================

coord:(44.064087584350034, 6.557373203102033, 23.013928119142697)->(44.064087584350034, 6.304342666108689, 21.973928157289684)
state:field-2.0, action:A, timestep:78, reward:0.7147425447775255
==================================================

coord:(44.064087584350034, 6.304342666108689, 21.973928157289684)->(44.064087584350034, 4.549977332236839, 21.973928157289684)
state:air-7.0, action:Wait, timestep:79, reward:0.2509076390311691
==================================================

coord:(44.064087584350034, 4.549977332236839, 21.973928157289684)->(44.064087584350034, 4.427477332236839, 19.973928157289656)
state:field-2.0, action:As, timestep:80, reward:1.240734393396341
==================================================

coord:(44.064087584350034, 4.427477332236839, 19.973928157289656)->(44.064087584350034, 6.702750051930226, 19.973928157289656)
state:air-7.0, action:Wait, timestep:81, reward:-0.35465784764104313
==================================================

coord:(44.064087584350034, 6.702750051930226, 19.973928157289656)->(46.05742084456839, 6.399113407538214, 19.973928157289656)
state:field-2.0, action:W, timestep:82, reward:-1.5478890428177436
==================================================

coord:(46.05742084456839, 6.399113407538214, 19.973928157289656)->(46.05742084456839, 3.6987703125538394, 19.973928157289656)
state:air-7.0, action:Wait, timestep:83, reward:0.340626296308681
==================================================

coord:(46.05742084456839, 3.6987703125538394, 19.973928157289656)->(46.05742084456839, 5.184360417004906, 23.0739281572897)
state:field-2.0, action:Dsj, timestep:84, reward:-1.9751264196526321
==================================================

coord:(46.05742084456839, 5.184360417004906, 23.0739281572897)->(46.05742084456839, 6.103130093383256, 24.027261455654962)
state:field-2.0, action:Dj, timestep:85, reward:-0.7309758652784666
==================================================

coord:(46.05742084456839, 6.103130093383256, 24.027261455654962)->(45.95742084456839, 6.908826441871399, 24.027261455654962)
state:field-2.0, action:Ssj, timestep:86, reward:-0.05933547942019146
==================================================

coord:(45.95742084456839, 6.908826441871399, 24.027261455654962)->(43.873812974757826, 7.1434548809370115, 21.943653585844277)
state:field-2.0, action:SAj, timestep:87, reward:2.835190394221751
==================================================

coord:(43.873812974757826, 7.1434548809370115, 21.943653585844277)->(43.873812974757826, 5.0179195919649295, 21.943653585844277)
state:air-6.0, action:Wait, timestep:88, reward:0.36000861343466894
==================================================

coord:(43.873812974757826, 5.0179195919649295, 21.943653585844277)->(41.91277027375965, 5.385964125122275, 19.982610884845986)
state:field-1.0, action:SAj, timestep:89, reward:2.680935308373389
==================================================

coord:(41.91277027375965, 5.385964125122275, 19.982610884845986)->(41.91277027375965, 13.578768139938639, 19.982610884845986)
state:air-6.0, action:Wait, timestep:90, reward:-2.6606525048540384
==================================================

coord:(41.91277027375965, 13.578768139938639, 19.982610884845986)->(40.99353150766675, 13.578768139938639, 19.063372118753037)
state:field-1.0, action:SA, timestep:91, reward:1.1328074739772056
==================================================

coord:(40.99353150766675, 13.578768139938639, 19.063372118753037)->(40.99353150766675, 16.351082769091413, 19.063372118753037)
state:air-6.0, action:Wait, timestep:92, reward:-1.4861079862416133
==================================================

coord:(40.99353150766675, 16.351082769091413, 19.063372118753037)->(41.06424218258842, 16.414782769536462, 19.134082793674708)
state:field-1.0, action:WDsj, timestep:93, reward:-0.11803054448362715
==================================================

coord:(41.06424218258842, 16.414782769536462, 19.134082793674708)->(41.06424218258842, 13.578768139938639, 19.134082793674708)
state:air-6.0, action:Wait, timestep:94, reward:1.517606563364783
==================================================

coord:(41.06424218258842, 13.578768139938639, 19.134082793674708)->(40.96424218258842, 13.578768139938639, 19.134082793674708)
state:field-1.0, action:Ss, timestep:95, reward:0.06725485040048795
==================================================

coord:(40.96424218258842, 13.578768139938639, 19.134082793674708)->(40.96424218258842, 16.351082769091413, 19.134082793674708)
state:air-6.0, action:Wait, timestep:96, reward:-1.4849747942498652
==================================================

coord:(40.96424218258842, 16.351082769091413, 19.134082793674708)->(41.03495285751009, 16.351082769091413, 19.204793468596378)
state:field-1.0, action:WDs, timestep:97, reward:-0.08151437109624737
==================================================

coord:(41.03495285751009, 16.351082769091413, 19.204793468596378)->(41.03495285751009, 13.578768139938639, 19.204793468596378)
state:air-6.0, action:Wait, timestep:98, reward:1.479901807333082
==================================================

coord:(41.03495285751009, 13.578768139938639, 19.204793468596378)->(42.034952857510106, 13.578768139938639, 19.204793468596378)
state:field-1.0, action:Ws, timestep:99, reward:-0.6831012197095809
==================================================

coord:(42.034952857510106, 13.578768139938639, 19.204793468596378)->(42.034952857510106, 11.00059246788065, 19.204793468596378)
state:air-6.0, action:Wait, timestep:100, reward:1.1242207837298395
==================================================

coord:(42.034952857510106, 11.00059246788065, 19.204793468596378)->(42.034952857510106, 11.00059246788065, 19.204793468596378)
state:field-1.0, action:j, timestep:101, reward:8.893206597804237e-07
==================================================

coord:(42.034952857510106, 11.00059246788065, 19.204793468596378)->(42.831626454790616, 10.865181854423884, 18.408119871315822)
state:field-1.0, action:WA, timestep:102, reward:-0.1045160167129815
==================================================

coord:(42.831626454790616, 10.865181854423884, 18.408119871315822)->(41.98309835573057, 10.824348521090553, 17.559591772255775)
state:field-1.0, action:SAs, timestep:103, reward:1.1014261984871219
==================================================

coord:(41.98309835573057, 10.824348521090553, 17.559591772255775)->(41.98309835573057, 12.922426408462826, 17.559591772255775)
state:air-6.0, action:Wait, timestep:104, reward:-0.9206304594121484
==================================================

coord:(41.98309835573057, 12.922426408462826, 17.559591772255775)->(40.983098355730554, 13.436926412913307, 17.559591772255775)
state:field-1.0, action:Ssj, timestep:105, reward:0.46045647186142347
==================================================

coord:(40.983098355730554, 13.436926412913307, 17.559591772255775)->(40.983098355730554, 15.560738765454989, 17.559591772255775)
state:air-6.0, action:Wait, timestep:106, reward:-1.1468310058061313
==================================================

coord:(40.983098355730554, 15.560738765454989, 17.559591772255775)->(41.04438094013675, 15.6435487629961, 17.49830918784958)
state:field-1.0, action:WAj, timestep:107, reward:-0.05881440770520996
==================================================

coord:(41.04438094013675, 15.6435487629961, 17.49830918784958)->(41.04438094013675, 12.922426408462826, 17.49830918784958)
state:air-6.0, action:Wait, timestep:108, reward:1.4500709970579742
==================================================

coord:(41.04438094013675, 12.922426408462826, 17.49830918784958)->(40.983098355730554, 12.922426408462826, 17.437026603443382)
state:field-1.0, action:SA, timestep:109, reward:0.07450344172507428
==================================================

coord:(40.983098355730554, 12.922426408462826, 17.437026603443382)->(40.983098355730554, 15.560738765454989, 17.437026603443382)
state:air-6.0, action:Wait, timestep:110, reward:-1.4070475563847147
==================================================

coord:(40.983098355730554, 15.560738765454989, 17.437026603443382)->(41.083098355730556, 15.624438765900036, 17.437026603443382)
state:field-1.0, action:Wsj, timestep:111, reward:-0.10321867478621982
==================================================

coord:(41.083098355730556, 15.624438765900036, 17.437026603443382)->(41.083098355730556, 12.922426408462826, 17.437026603443382)
state:air-6.0, action:Wait, timestep:112, reward:1.4393319188952844
==================================================

coord:(41.083098355730556, 12.922426408462826, 17.437026603443382)->(42.08309835573057, 12.922426408462826, 17.437026603443382)
state:field-1.0, action:Ws, timestep:113, reward:-0.7210394715663817
==================================================

coord:(42.08309835573057, 12.922426408462826, 17.437026603443382)->(42.08309835573057, 10.468869130887198, 17.437026603443382)
state:air-6.0, action:Wait, timestep:114, reward:1.0602071305107899
==================================================

coord:(42.08309835573057, 10.468869130887198, 17.437026603443382)->(41.94167700588723, 10.468869130887198, 17.578447953286723)
state:field-1.0, action:SDs, timestep:115, reward:0.034937642078531894
==================================================

coord:(41.94167700588723, 10.468869130887198, 17.578447953286723)->(41.94167700588723, 12.922426408462826, 17.578447953286723)
state:air-6.0, action:Wait, timestep:116, reward:-1.0617950873495303
==================================================

coord:(41.94167700588723, 12.922426408462826, 17.578447953286723)->(42.0123876808089, 12.986126408907873, 17.507737278365052)
state:field-1.0, action:WAsj, timestep:117, reward:-0.046802725429973435
==================================================

coord:(42.0123876808089, 12.986126408907873, 17.507737278365052)->(42.0123876808089, 10.468869130887198, 17.507737278365052)
state:air-6.0, action:Wait, timestep:118, reward:1.0913461523185894
==================================================

coord:(42.0123876808089, 10.468869130887198, 17.507737278365052)->(41.925721017321145, 10.551679128428308, 17.507737278365052)
state:field-1.0, action:Sj, timestep:119, reward:0.033771017741788256
==================================================

coord:(41.925721017321145, 10.551679128428308, 17.507737278365052)->(41.925721017321145, 12.922426408462826, 17.507737278365052)
state:air-6.0, action:Wait, timestep:120, reward:-1.0316947614014715
==================================================

coord:(41.925721017321145, 12.922426408462826, 17.507737278365052)->(42.04828618613353, 13.083445848326985, 17.630302447177446)
state:field-1.0, action:WDj, timestep:121, reward:-0.22651978006421913
==================================================

coord:(42.04828618613353, 13.083445848326985, 17.630302447177446)->(42.04828618613353, 10.468869130887198, 17.630302447177446)
state:air-6.0, action:Wait, timestep:122, reward:1.1335515646478207
==================================================

coord:(42.04828618613353, 10.468869130887198, 17.630302447177446)->(41.97757551121186, 10.532569131332245, 17.701013122099116)
state:field-1.0, action:SDsj, timestep:123, reward:-0.007782296553635604
==================================================

coord:(41.97757551121186, 10.532569131332245, 17.701013122099116)->(41.97757551121186, 12.922426408462826, 17.701013122099116)
state:air-6.0, action:Wait, timestep:124, reward:-1.0329685956667376
==================================================

coord:(41.97757551121186, 12.922426408462826, 17.701013122099116)->(42.064242174699615, 12.922426408462826, 17.701013122099116)
state:field-1.0, action:W, timestep:125, reward:-0.06292060716371495
==================================================

coord:(42.064242174699615, 12.922426408462826, 17.701013122099116)->(42.064242174699615, 10.468869130887198, 17.701013122099116)
state:air-6.0, action:Wait, timestep:126, reward:1.0546912517723435
==================================================

coord:(42.064242174699615, 10.468869130887198, 17.701013122099116)->(41.97757551121186, 10.468869130887198, 17.701013122099116)
state:field-1.0, action:S, timestep:127, reward:0.06588875004769079
==================================================

coord:(41.97757551121186, 10.468869130887198, 17.701013122099116)->(41.97757551121186, 12.922426408462826, 17.701013122099116)
state:air-6.0, action:Wait, timestep:128, reward:-1.0576592237184954
==================================================

coord:(41.97757551121186, 12.922426408462826, 17.701013122099116)->(41.62402213660351, 13.411621749488766, 18.05456649670747)
state:field-1.0, action:SDsj, timestep:129, reward:-0.16195739373597817
==================================================

coord:(41.62402213660351, 13.411621749488766, 18.05456649670747)->(42.05300022744686, 13.894680072697259, 17.625588405864093)
state:field-1.0, action:WAj, timestep:130, reward:-0.3308723095556232
==================================================

coord:(42.05300022744686, 13.894680072697259, 17.625588405864093)->(42.05300022744686, 10.468869130887198, 17.625588405864093)
state:air-6.0, action:Wait, timestep:131, reward:1.5324372156600319
==================================================

coord:(42.05300022744686, 10.468869130887198, 17.625588405864093)->(43.03352157794595, 11.241762465377658, 16.645067055364947)
state:field-1.0, action:WAj, timestep:132, reward:-0.5849304976848835
==================================================

coord:(43.03352157794595, 11.241762465377658, 16.645067055364947)->(43.03352157794595, 7.776818084822732, 16.645067055364947)
state:air-6.0, action:Wait, timestep:133, reward:1.1896673213904343
==================================================

coord:(43.03352157794595, 7.776818084822732, 16.645067055364947)->(44.03352157794596, 7.776818084822732, 16.645067055364947)
state:field-1.0, action:Ws, timestep:134, reward:-0.835352605612151
==================================================

coord:(44.03352157794596, 7.776818084822732, 16.645067055364947)->(44.03352157794596, 5.995719931712003, 16.645067055364947)
state:air-6.0, action:Wait, timestep:135, reward:0.401912945432894
==================================================

coord:(44.03352157794596, 5.995719931712003, 16.645067055364947)->(46.05584686335033, 6.299356695432512, 18.667392340769435)
state:field-1.0, action:WDj, timestep:136, reward:-2.7733502417159386
==================================================

coord:(46.05584686335033, 6.299356695432512, 18.667392340769435)->(46.05584686335033, 3.6532406959880954, 18.667392340769435)
state:air-6.0, action:Wait, timestep:137, reward:0.3355041277858639
==================================================

coord:(46.05584686335033, 3.6532406959880954, 18.667392340769435)->(46.05584686335033, 3.6532406959880954, 18.667392340769435)
state:field-1.0, action:j, timestep:138, reward:-4.040744876476765e-07
==================================================

coord:(46.05584686335033, 3.6532406959880954, 18.667392340769435)->(44.95584686335032, 4.979149817443558, 18.667392340769435)
state:field-1.0, action:Ss, timestep:139, reward:0.7945088884182354
==================================================

coord:(44.95584686335032, 4.979149817443558, 18.667392340769435)->(44.95584686335032, 6.620243268861104, 18.667392340769435)
state:air-5.0, action:Wait, timestep:140, reward:-0.27159326465607947
==================================================

coord:(44.95584686335032, 6.620243268861104, 18.667392340769435)->(44.95584686335032, 4.917859506649682, 14.16072583940634)
state:field-0.0, action:Aj, timestep:141, reward:2.3372746090448864
==================================================

coord:(44.95584686335032, 4.917859506649682, 14.16072583940634)->(44.95584686335032, 4.400637284427459, 11.960725839406347)
state:field-0.0, action:As, timestep:142, reward:0.7948812553875264
==================================================

coord:(44.95584686335032, 4.400637284427459, 11.960725839406347)->(44.95584686335032, 3.0338362951707407, 11.960725839406347)
state:air-5.0, action:Wait, timestep:143, reward:0.12322383027093053
==================================================

coord:(44.95584686335032, 3.0338362951707407, 11.960725839406347)->(43.9558468633503, 3.935072557656734, 11.960725839406347)
state:field-0.0, action:Ssj, timestep:144, reward:0.8797211426847973
==================================================

coord:(43.9558468633503, 3.935072557656734, 11.960725839406347)->(43.9558468633503, 4.738478220522606, 12.060725839406347)
state:field-0.0, action:Dsj, timestep:145, reward:-0.13040752202067196
==================================================

coord:(43.9558468633503, 4.738478220522606, 12.060725839406347)->(41.198130565071615, 3.935072557656734, 9.30300954112758)
state:field-0.0, action:SAj, timestep:146, reward:3.447608818687133
==================================================

coord:(41.198130565071615, 3.935072557656734, 9.30300954112758)->(44.05813046016752, 4.238709321377243, 9.30300954112758)
state:field-0.0, action:Wj, timestep:147, reward:-2.826691734380347
==================================================

coord:(44.05813046016752, 4.238709321377243, 9.30300954112758)->(44.05813046016752, 1.9424300877930798, 9.30300954112758)
state:air-5.0, action:Wait, timestep:148, reward:0.14897265697761952
==================================================

coord:(44.05813046016752, 1.9424300877930798, 9.30300954112758)->(42.955043940856044, 3.187927586082057, 10.406096060439086)
state:field-0.0, action:SD, timestep:149, reward:0.8050611806936345
==================================================

coord:(42.955043940856044, 3.187927586082057, 10.406096060439086)->(42.955043940856044, 4.033767821479751, 10.406096060439086)
state:air-5.0, action:Wait, timestep:150, reward:-0.08104033091161256
==================================================

coord:(42.955043940856044, 4.033767821479751, 10.406096060439086)->(42.955043940856044, 3.5165455992575283, 7.906096060439095)
state:field-0.0, action:As, timestep:151, reward:0.4840882633471786
==================================================

coord:(42.955043940856044, 3.5165455992575283, 7.906096060439095)->(42.955043940856044, 1.8485410167113652, 7.906096060439095)
state:air-5.0, action:Wait, timestep:152, reward:0.0785049168900045
==================================================

coord:(42.955043940856044, 1.8485410167113652, 7.906096060439095)->(41.85195742154457, 3.0338362951707407, 9.009182579750604)
state:field-0.0, action:SD, timestep:153, reward:0.8952117800006114
==================================================

coord:(41.85195742154457, 3.0338362951707407, 9.009182579750604)->(41.85195742154457, 3.935072557656734, 9.009182579750604)
state:air-5.0, action:Wait, timestep:154, reward:-0.08662296864667951
==================================================

coord:(41.85195742154457, 3.935072557656734, 9.009182579750604)->(42.89376135644985, 4.033767821479751, 10.050986514655916)
state:field-0.0, action:WD, timestep:155, reward:-1.2310082188918479
==================================================

coord:(42.89376135644985, 4.033767821479751, 10.050986514655916)->(45.06042794364372, 2.8698273513103643, 10.050986514655916)
state:field-0.0, action:W, timestep:156, reward:-2.0133588652591783
==================================================

coord:(45.06042794364372, 2.8698273513103643, 10.050986514655916)->(45.06042794364372, 1.8485410167113652, 10.050986514655916)
state:air-5.0, action:Wait, timestep:157, reward:0.026347132800044193
==================================================

coord:(45.06042794364372, 1.8485410167113652, 10.050986514655916)->(47.46459089098052, 0.4448722527607861, 7.64682356731906)
state:field-0.0, action:WAs, timestep:158, reward:-2.102098423912544
==================================================

coord:(47.46459089098052, 0.4448722527607861, 7.64682356731906)->(44.9520049303266, 1.8485410167113652, 10.159409527973052)
state:field-0.0, action:SD, timestep:159, reward:2.1865151098652547
==================================================

coord:(44.9520049303266, 1.8485410167113652, 10.159409527973052)->(44.9520049303266, 2.457807391178343, 10.159409527973052)
state:air-5.0, action:Wait, timestep:160, reward:-0.009632965305982566
==================================================

coord:(44.9520049303266, 2.457807391178343, 10.159409527973052)->(45.87124370430832, 2.2817779984468363, 11.078648301954793)
state:field-0.0, action:WDs, timestep:161, reward:-1.0943991786245064
==================================================

coord:(45.87124370430832, 2.2817779984468363, 11.078648301954793)->(45.87124370430832, 3.6987703125538394, 15.065314822391425)
state:field-0.0, action:D, timestep:162, reward:-1.3465186649925087
==================================================

coord:(45.87124370430832, 3.6987703125538394, 15.065314822391425)->(45.87124370430832, 4.134938453916275, 15.065314822391425)
state:air-5.0, action:Wait, timestep:163, reward:-0.03981442161423132
==================================================

coord:(45.87124370430832, 4.134938453916275, 15.065314822391425)->(44.97124370430831, 5.497785660273409, 15.065314822391425)
state:field-0.0, action:Ssj, timestep:164, reward:0.6344909438054884
==================================================

coord:(44.97124370430831, 5.497785660273409, 15.065314822391425)->(44.97124370430831, 6.378766717846037, 17.065314822391436)
state:field-0.0, action:Dsj, timestep:165, reward:-1.043525164632456
==================================================

coord:(44.97124370430831, 6.378766717846037, 17.065314822391436)->(43.99072235380922, 7.776818084822732, 16.08479347189229)
state:field-0.0, action:SA, timestep:166, reward:0.9710602025955843
==================================================

coord:(43.99072235380922, 7.776818084822732, 16.08479347189229)->(44.05200493821541, 7.776818084822732, 16.146076056298487)
state:field-0.0, action:WD, timestep:167, reward:-0.07989394476295075
==================================================

coord:(44.05200493821541, 7.776818084822732, 16.146076056298487)->(44.05200493821541, 5.995719931712003, 16.146076056298487)
state:air-5.0, action:Wait, timestep:168, reward:0.40584200456737207
==================================================

coord:(44.05200493821541, 5.995719931712003, 16.146076056298487)->(45.0325262887145, 5.636876624703261, 15.165554705799366)
state:field-0.0, action:WA, timestep:169, reward:-0.37274854417142933
==================================================

coord:(45.0325262887145, 5.636876624703261, 15.165554705799366)->(45.0325262887145, 4.134938453916275, 15.165554705799366)
state:air-5.0, action:Wait, timestep:170, reward:0.20619581845128465
==================================================

coord:(45.0325262887145, 4.134938453916275, 15.165554705799366)->(43.99072235380922, 5.079135135429876, 14.123750770894054)
state:field-0.0, action:SA, timestep:171, reward:1.2407176522325045
==================================================

coord:(43.99072235380922, 5.079135135429876, 14.123750770894054)->(43.99072235380922, 6.378766717846037, 14.123750770894054)
state:air-5.0, action:Wait, timestep:172, reward:-0.24089990962939822
==================================================

coord:(43.99072235380922, 6.378766717846037, 14.123750770894054)->(43.99072235380922, 7.776818084822732, 17.07041732947763)
state:field-0.0, action:D, timestep:173, reward:-1.6217352986468576
==================================================

coord:(43.99072235380922, 7.776818084822732, 17.07041732947763)->(43.99072235380922, 8.273653361931782, 17.07041732947763)
state:air-5.0, action:Wait, timestep:174, reward:-0.1347503021929981
==================================================

coord:(43.99072235380922, 8.273653361931782, 17.07041732947763)->(43.99072235380922, 8.69387970345265, 20.017083888061165)
state:field-0.0, action:D, timestep:175, reward:-1.6744568199357595
==================================================

coord:(43.99072235380922, 8.69387970345265, 20.017083888061165)->(43.99072235380922, 4.098835326421953, 20.017083888061165)
state:air-5.0, action:Wait, timestep:176, reward:0.8687994032796027
==================================================

coord:(43.99072235380922, 4.098835326421953, 20.017083888061165)->(44.05200493821541, 4.098835326421953, 19.95580130365497)
state:field-0.0, action:WA, timestep:177, reward:-0.013008636688979891
==================================================

coord:(44.05200493821541, 4.098835326421953, 19.95580130365497)->(44.05200493821541, 6.702750051930226, 19.95580130365497)
state:air-5.0, action:Wait, timestep:178, reward:-0.3886257468042871
==================================================

coord:(44.05200493821541, 6.702750051930226, 19.95580130365497)->(44.05200493821541, 6.702750051930226, 20.04246796714272)
state:field-0.0, action:D, timestep:179, reward:-0.05026099398915207
==================================================

coord:(44.05200493821541, 6.702750051930226, 20.04246796714272)->(44.05200493821541, 3.7166015680391973, 20.04246796714272)
state:air-5.0, action:Wait, timestep:180, reward:0.4212144139762799
==================================================

coord:(44.05200493821541, 3.7166015680391973, 20.04246796714272)->(44.05200493821541, 3.7166015680391973, 20.04246796714272)
state:field-0.0, action:Wait, timestep:181, reward:-6.433967669750018e-07
==================================================

coord:(44.05200493821541, 3.7166015680391973, 20.04246796714272)->(43.99072235380922, 3.7166015680391973, 19.981185382736523)
state:field-0.0, action:SA, timestep:182, reward:0.08541463358001522
==================================================

coord:(43.99072235380922, 3.7166015680391973, 19.981185382736523)->(43.99072235380922, 8.69387970345265, 19.981185382736523)
state:air-5.0, action:Wait, timestep:183, reward:-0.903080605323531
==================================================

coord:(43.99072235380922, 8.69387970345265, 19.981185382736523)->(43.929439769403025, 8.69387970345265, 20.04246796714272)
state:field-0.0, action:SD, timestep:184, reward:0.012349177039901349
==================================================

coord:(43.929439769403025, 8.69387970345265, 20.04246796714272)->(43.929439769403025, 4.098835326421953, 20.04246796714272)
state:air-5.0, action:Wait, timestep:185, reward:0.8700013358496896
==================================================

coord:(43.929439769403025, 4.098835326421953, 20.04246796714272)->(43.99072235380922, 4.098835326421953, 19.981185382736523)
state:field-0.0, action:WA, timestep:186, reward:-0.01280282335297045
==================================================

coord:(43.99072235380922, 4.098835326421953, 19.981185382736523)->(43.99072235380922, 8.69387970345265, 19.981185382736523)
state:air-5.0, action:Wait, timestep:187, reward:-0.8695494163586872
==================================================

coord:(43.99072235380922, 8.69387970345265, 19.981185382736523)->(43.99072235380922, 8.69387970345265, 20.067852046224274)
state:field-0.0, action:D, timestep:188, reward:-0.04943904617691075
==================================================

coord:(43.99072235380922, 8.69387970345265, 20.067852046224274)->(43.99072235380922, 4.098835326421953, 20.067852046224274)
state:air-5.0, action:Wait, timestep:189, reward:0.8677374211398288
==================================================

coord:(43.99072235380922, 4.098835326421953, 20.067852046224274)->(38.79072254454394, 5.4979889792571965, 20.067852046224274)
state:field-0.0, action:S, timestep:190, reward:3.703908133052977
==================================================

coord:(38.79072254454394, 5.4979889792571965, 20.067852046224274)->(39.64867872623064, 5.321479294713132, 20.925808227911027)
state:field-0.0, action:WD, timestep:191, reward:-1.1641760445812963
==================================================

coord:(39.64867872623064, 5.321479294713132, 20.925808227911027)->(39.64867872623064, 6.514717739218547, 22.05247485325179)
state:field-0.0, action:D, timestep:192, reward:-1.0281572658516502
==================================================

coord:(39.64867872623064, 6.514717739218547, 22.05247485325179)->(39.64867872623064, 7.872093357350055, 22.05247485325179)
state:air-5.0, action:Wait, timestep:193, reward:-0.3250508287612668
==================================================

coord:(39.64867872623064, 7.872093357350055, 22.05247485325179)->(39.64867872623064, 7.568456712958042, 20.925808227911027)
state:field-0.0, action:A, timestep:194, reward:0.8697357409421329
==================================================

coord:(39.64867872623064, 7.568456712958042, 20.925808227911027)->(39.64867872623064, 5.321479294713132, 20.925808227911027)
state:air-5.0, action:Wait, timestep:195, reward:0.4834737204333521
==================================================

coord:(39.64867872623064, 5.321479294713132, 20.925808227911027)->(41.46867865947349, 4.7938408764050084, 20.925808227911027)
state:field-0.0, action:W, timestep:196, reward:-1.2201293698866742
==================================================

coord:(41.46867865947349, 4.7938408764050084, 20.925808227911027)->(41.46867865947349, 5.868766646810801, 22.05247485325179)
state:field-0.0, action:D, timestep:197, reward:-0.9269279512419359
==================================================

coord:(41.46867865947349, 5.868766646810801, 22.05247485325179)->(41.46867865947349, 7.091554966084926, 22.05247485325179)
state:air-5.0, action:Wait, timestep:198, reward:-0.24222069176624217
==================================================

coord:(41.46867865947349, 7.091554966084926, 22.05247485325179)->(40.365592140162015, 6.465879456428658, 20.949388333940252)
state:field-0.0, action:SA, timestep:199, reward:1.6585385191598299
==================================================

coord:(40.365592140162015, 6.465879456428658, 20.949388333940252)->(40.365592140162015, 5.083844907915179, 20.949388333940252)
state:air-5.0, action:Wait, timestep:200, reward:0.24993722266480844
==================================================

coord:(40.365592140162015, 5.083844907915179, 20.949388333940252)->(40.365592140162015, 5.083844907915179, 20.949388333940252)
state:field-0.0, action:Wait, timestep:201, reward:1.6516969125746073e-07
==================================================

coord:(40.365592140162015, 5.083844907915179, 20.949388333940252)->(40.365592140162015, 5.083844907915179, 20.949388333940252)
state:field-0.0, action:Wait, timestep:202, reward:1.6516969125746073e-07
==================================================

coord:(40.365592140162015, 5.083844907915179, 20.949388333940252)->(41.46867865947349, 6.12718679397015, 22.05247485325179)
state:field-0.0, action:WD, timestep:203, reward:-1.7123299125635292
==================================================

coord:(41.46867865947349, 6.12718679397015, 22.05247485325179)->(41.46867865947349, 7.091554966084926, 22.05247485325179)
state:air-5.0, action:Wait, timestep:204, reward:-0.19614677819202342
==================================================

coord:(41.46867865947349, 7.091554966084926, 22.05247485325179)->(41.46867865947349, 8.457996674488252, 24.045808113470066)
state:field-0.0, action:D, timestep:205, reward:-1.7219552174847088
==================================================

coord:(41.46867865947349, 8.457996674488252, 24.045808113470066)->(41.46867865947349, 9.956918478215421, 24.045808113470066)
state:air-5.0, action:Wait, timestep:206, reward:-0.43309018378165476
==================================================

coord:(41.46867865947349, 9.956918478215421, 24.045808113470066)->(41.46867865947349, 11.569478874068835, 26.03914137368834)
state:field-0.0, action:D, timestep:207, reward:-1.959178607670701
==================================================

coord:(41.46867865947349, 11.569478874068835, 26.03914137368834)->(41.46867865947349, 13.268873328369823, 26.03914137368834)
state:air-5.0, action:Wait, timestep:208, reward:-0.6420111522658551
==================================================

coord:(41.46867865947349, 13.268873328369823, 26.03914137368834)->(42.02022191912923, 13.140057782264117, 25.487598114032572)
state:field-0.0, action:WA, timestep:209, reward:0.11063520640202995
==================================================

coord:(42.02022191912923, 13.140057782264117, 25.487598114032572)->(42.02022191912923, 10.76803660460999, 25.487598114032572)
state:air-5.0, action:Wait, timestep:210, reward:0.8635785110912089
==================================================

coord:(42.02022191912923, 10.76803660460999, 25.487598114032572)->(43.55228652928405, 12.184090423226472, 27.019662724187487)
state:field-0.0, action:WD, timestep:211, reward:-2.5126526337778436
==================================================

coord:(43.55228652928405, 12.184090423226472, 27.019662724187487)->(43.55228652928405, 12.842883997674194, 27.019662724187487)
state:air-5.0, action:Wait, timestep:212, reward:-0.23455749244275736
==================================================

coord:(43.55228652928405, 12.842883997674194, 27.019662724187487)->(43.55228652928405, 12.589853460680846, 25.979662762334474)
state:field-0.0, action:A, timestep:213, reward:0.8101373308879509
==================================================

coord:(43.55228652928405, 12.589853460680846, 25.979662762334474)->(43.55228652928405, 9.892149101304343, 25.979662762334474)
state:air-5.0, action:Wait, timestep:214, reward:0.8792729062805407
==================================================

coord:(43.55228652928405, 9.892149101304343, 25.979662762334474)->(44.594090464189335, 11.179547309593783, 27.021466697239816)
state:field-0.0, action:WD, timestep:215, reward:-1.7880194248745696
==================================================

coord:(44.594090464189335, 11.179547309593783, 27.021466697239816)->(44.594090464189335, 11.645230657648455, 27.021466697239816)
state:air-5.0, action:Wait, timestep:216, reward:-0.14729178027080891
==================================================

coord:(44.594090464189335, 11.645230657648455, 27.021466697239816)->(42.947423857922, 12.842883997674194, 27.021466697239816)
state:field-0.0, action:S, timestep:217, reward:0.6133606316350964
==================================================

coord:(42.947423857922, 12.842883997674194, 27.021466697239816)->(42.947423857922, 13.98004049266512, 27.021466697239816)
state:air-5.0, action:Wait, timestep:218, reward:-0.4393565563674997
==================================================

coord:(42.947423857922, 13.98004049266512, 27.021466697239816)->(41.96690250742291, 13.98004049266512, 28.001988047738962)
state:field-0.0, action:SD, timestep:219, reward:-0.13138752846854374
==================================================

coord:(41.96690250742291, 13.98004049266512, 28.001988047738962)->(41.96690250742291, 16.782967888076367, 28.001988047738962)
state:air-5.0, action:Wait, timestep:220, reward:-1.2276553807844728
==================================================

coord:(41.96690250742291, 16.782967888076367, 28.001988047738962)->(41.96690250742291, 18.509011634019505, 30.08198797144499)
state:field-0.0, action:D, timestep:221, reward:-2.300304867363174
==================================================

coord:(41.96690250742291, 18.509011634019505, 30.08198797144499)->(41.96690250742291, 20.0, 30.08198797144499)
state:air-5.0, action:Wait, timestep:222, reward:-0.7588989360532707
==================================================

coord:(41.96690250742291, 20.0, 30.08198797144499)->(40.98638115692382, 19.628716716337465, 29.101466620945843)
state:field-0.0, action:SA, timestep:223, reward:1.3545406923567072
==================================================

coord:(40.98638115692382, 19.628716716337465, 29.101466620945843)->(35.78638134765854, 20.0, 29.101466620945843)
state:field-0.0, action:S, timestep:224, reward:1.9494556158372092
==================================================

coord:(35.78638134765854, 20.0, 29.101466620945843)->(35.78638134765854, 19.74696946300665, 27.97479999560508)
state:field-0.0, action:A, timestep:225, reward:0.9720032595846746
==================================================

coord:(35.78638134765854, 19.74696946300665, 27.97479999560508)->(35.78638134765854, 17.567454896427755, 27.97479999560508)
state:air-5.0, action:Wait, timestep:226, reward:1.2340329266341534
==================================================

coord:(35.78638134765854, 17.567454896427755, 27.97479999560508)->(36.76690269815763, 17.6824787497788, 26.994278645105933)
state:field-0.0, action:WA, timestep:227, reward:0.28288763751100277
==================================================

coord:(36.76690269815763, 17.6824787497788, 26.994278645105933)->(36.76690269815763, 15.620376208807022, 26.994278645105933)
state:air-5.0, action:Wait, timestep:228, reward:1.0807544502760607
==================================================

coord:(36.76690269815763, 15.620376208807022, 26.994278645105933)->(35.2935694188658, 15.518766254243811, 26.994278645105933)
state:field-0.0, action:S, timestep:229, reward:0.6436894869478849
==================================================

coord:(35.2935694188658, 15.518766254243811, 26.994278645105933)->(35.2935694188658, 15.518766254243811, 27.080945308593684)
state:field-0.0, action:D, timestep:230, reward:-0.06721154048398148
==================================================

coord:(35.2935694188658, 15.518766254243811, 27.080945308593684)->(35.2935694188658, 17.567454896427755, 27.080945308593684)
state:air-5.0, action:Wait, timestep:231, reward:-1.0879187051831494
==================================================

coord:(35.2935694188658, 17.567454896427755, 27.080945308593684)->(35.41613458767819, 17.567454896427755, 26.95838013978129)
state:field-0.0, action:WA, timestep:232, reward:0.046310440519039986
==================================================

coord:(35.41613458767819, 17.567454896427755, 26.95838013978129)->(35.41613458767819, 15.518766254243811, 26.95838013978129)
state:air-5.0, action:Wait, timestep:233, reward:1.0897764776445484
==================================================

coord:(35.41613458767819, 15.518766254243811, 26.95838013978129)->(34.4356132371791, 15.353146266393619, 25.977858789282145)
state:field-0.0, action:SA, timestep:234, reward:1.2092547549310808
==================================================

coord:(34.4356132371791, 15.353146266393619, 25.977858789282145)->(34.4356132371791, 13.268873328369823, 25.977858789282145)
state:air-5.0, action:Wait, timestep:235, reward:1.024440762053306
==================================================

coord:(34.4356132371791, 13.268873328369823, 25.977858789282145)->(34.4356132371791, 13.268873328369823, 26.064525452769896)
state:field-0.0, action:D, timestep:236, reward:-0.06964639353082092
==================================================

coord:(34.4356132371791, 13.268873328369823, 26.064525452769896)->(34.4356132371791, 15.217885033606958, 26.064525452769896)
state:air-5.0, action:Wait, timestep:237, reward:-0.9515235899889127
==================================================

coord:(34.4356132371791, 15.217885033606958, 26.064525452769896)->(34.31304806836671, 15.217885033606958, 25.941960283957503)
state:field-0.0, action:SA, timestep:238, reward:0.13939440525475533
==================================================

coord:(34.31304806836671, 15.217885033606958, 25.941960283957503)->(34.31304806836671, 13.268873328369823, 25.941960283957503)
state:air-5.0, action:Wait, timestep:239, reward:0.9568705218827454
==================================================

coord:(34.31304806836671, 13.268873328369823, 25.941960283957503)->(34.25176548396052, 13.268873328369823, 26.0032428683637)
state:field-0.0, action:SD, timestep:240, reward:-0.026398361656468694
==================================================

coord:(34.25176548396052, 13.268873328369823, 26.0032428683637)->(34.25176548396052, 15.217885033606958, 26.0032428683637)
state:air-5.0, action:Wait, timestep:241, reward:-0.9558919903469594
==================================================

coord:(34.25176548396052, 15.217885033606958, 26.0032428683637)->(31.9984322332789, 14.053944563437566, 26.0032428683637)
state:field-0.0, action:S, timestep:242, reward:1.3218826569480377
==================================================

coord:(31.9984322332789, 14.053944563437566, 26.0032428683637)->(31.9984322332789, 13.268873328369823, 26.0032428683637)
state:air-5.0, action:Wait, timestep:243, reward:0.38263716605135656
==================================================

coord:(31.9984322332789, 13.268873328369823, 26.0032428683637)->(28.321477168907105, 14.34979245982817, 29.680197932735496)
state:field-0.0, action:SD, timestep:244, reward:-2.909022171286999
==================================================

coord:(28.321477168907105, 14.34979245982817, 29.680197932735496)->(28.321477168907105, 14.34979245982817, 29.680197932735496)
state:field-0.0, action:Wait, timestep:245, reward:-7.937235224630967e-07
==================================================

coord:(28.321477168907105, 14.34979245982817, 29.680197932735496)->(29.056868181781464, 15.620376208807022, 30.415588945609855)
state:field-0.0, action:WD, timestep:246, reward:-1.3416080919584452
==================================================

coord:(29.056868181781464, 15.620376208807022, 30.415588945609855)->(29.056868181781464, 17.22685325412422, 30.415588945609855)
state:air-5.0, action:Wait, timestep:247, reward:-0.8156795774759473
==================================================

coord:(29.056868181781464, 17.22685325412422, 30.415588945609855)->(31.05020144199974, 18.752182617040727, 30.415588945609855)
state:field-0.0, action:W, timestep:248, reward:-1.1677842968644256
==================================================

coord:(31.05020144199974, 18.752182617040727, 30.415588945609855)->(31.05020144199974, 20.0, 30.415588945609855)
state:air-5.0, action:Wait, timestep:249, reward:-0.7137664566657236
==================================================

coord:(31.05020144199974, 20.0, 30.415588945609855)->(30.621223351156363, 19.930991671729085, 29.98661085476648)
state:field-0.0, action:SA, timestep:250, reward:0.4589760422150171
==================================================

coord:(30.621223351156363, 19.930991671729085, 29.98661085476648)->(30.621223351156363, 17.22685325412422, 29.98661085476648)
state:air-5.0, action:Wait, timestep:251, reward:1.5191974730951259
==================================================

coord:(30.621223351156363, 17.22685325412422, 29.98661085476648)->(31.05020144199974, 18.752182617040727, 30.415588945609855)
state:field-0.0, action:WD, timestep:252, reward:-1.264408671254074
==================================================

coord:(31.05020144199974, 18.752182617040727, 30.415588945609855)->(31.05020144199974, 20.0, 30.415588945609855)
state:air-5.0, action:Wait, timestep:253, reward:-0.7137664566657236
==================================================

coord:(31.05020144199974, 20.0, 30.415588945609855)->(32.33713571452985, 19.628716716337465, 29.128654673079726)
state:field-0.0, action:WA, timestep:254, reward:0.9376629103186183
==================================================

coord:(32.33713571452985, 19.628716716337465, 29.128654673079726)->(32.33713571452985, 19.628716716337465, 29.128654673079726)
state:field-0.0, action:Wait, timestep:255, reward:7.85684829196498e-07
==================================================

coord:(32.33713571452985, 19.628716716337465, 29.128654673079726)->(31.41789694843692, 20.0, 30.047893439172675)
state:field-0.0, action:SD, timestep:256, reward:-0.7236556325982058
==================================================

coord:(31.41789694843692, 20.0, 30.047893439172675)->(31.41789694843692, 20.0, 30.047893439172675)
state:death-0.0, action:W, timestep:257, reward:-999999
==================================================

