coord:(69.0, 12.491906707447338, 54.0)->(69.0, 12.491906707447338, 54.0)
state:field, action:Wait, timestep:1, reward:-0.0
==================================================
coord:(69.0, 12.491906707447338, 54.0)->(74.99999999999966, 11.495573374114008, 54.0)
state:field, action:Wsj, timestep:2, reward:-1.4153268878540075
==================================================
coord:(74.99999999999966, 11.495573374114008, 54.0)->(74.99999999999966, 11.495573374114008, 54.0)
state:air, action:j, timestep:3, reward:-0.0
==================================================
coord:(74.99999999999966, 11.495573374114008, 54.0)->(80.20000000000005, 7.595573374114031, 54.0)
state:parachute, action:W, timestep:4, reward:-1.2441242265125823
==================================================
coord:(80.20000000000005, 7.595573374114031, 54.0)->(83.8769552621701, 3.69557337411401, 57.676955262170054)
state:parachute, action:WD, timestep:5, reward:-4.426887812923226
==================================================
coord:(83.8769552621701, 3.69557337411401, 57.676955262170054)->(79.3702885955031, 0.0, 57.676955262170054)
state:parachute, action:S, timestep:6, reward:2.4357978343347853
==================================================
coord:(79.3702885955031, 0.0, 57.676955262170054)->(79.3702885955031, 0.0, 57.76362192883672)
state:field, action:Dj, timestep:7, reward:-0.07704516646502668
==================================================
coord:(79.3702885955031, 0.0, 57.76362192883672)->(79.3702885955031, 0.0, 51.763621928836635)
state:field, action:As, timestep:8, reward:5.220102085012265
==================================================
coord:(79.3702885955031, 0.0, 51.763621928836635)->(79.2702885955031, 0.0, 51.763621928836635)
state:field, action:Ssj, timestep:9, reward:0.05292956527177495
==================================================
coord:(79.2702885955031, 0.0, 51.763621928836635)->(79.18362192883643, 0.0, 51.763621928836635)
state:field, action:Sj, timestep:10, reward:0.045693956928779755
==================================================
coord:(79.18362192883643, 0.0, 51.763621928836635)->(79.18362192883643, 0.0, 51.863621928836636)
state:field, action:Dsj, timestep:11, reward:-0.08507345354474438
==================================================
coord:(79.18362192883643, 0.0, 51.863621928836636)->(83.42626261595592, 0.0, 56.106262615956126)
state:field, action:WDs, timestep:12, reward:-5.862989362060958
==================================================
coord:(83.42626261595592, 0.0, 56.106262615956126)->(83.42626261595592, 0.0, 52.899595949289484)
state:field, action:Aj, timestep:13, reward:2.623198393894924
==================================================
coord:(83.42626261595592, 0.0, 52.899595949289484)->(86.82037516565151, 0.0, 56.293708498985076)
state:field, action:WDsj, timestep:14, reward:-4.754037943410793
==================================================
coord:(86.82037516565151, 0.0, 56.293708498985076)->(86.82037516565151, 0.0, 56.293708498985076)
state:field, action:j, timestep:15, reward:-0.0
==================================================
coord:(86.82037516565151, 0.0, 56.293708498985076)->(83.14341990348146, 0.0, 52.61675323681502)
state:field, action:SA, timestep:16, reward:5.14965067580745
==================================================
coord:(83.14341990348146, 0.0, 52.61675323681502)->(86.35008657014836, 0.0, 52.61675323681502)
state:field, action:Wj, timestep:17, reward:-1.9941591089433572
==================================================
coord:(86.35008657014836, 0.0, 52.61675323681502)->(84.0826308251435, 0.0, 50.349297491810155)
state:field, action:SAj, timestep:18, reward:3.1953490404149036
==================================================
coord:(84.0826308251435, 0.0, 50.349297491810155)->(81.87645766784146, 0.0, 52.55547064911219)
state:field, action:SDj, timestep:19, reward:-0.41289421057663134
==================================================
coord:(81.87645766784146, 0.0, 52.55547064911219)->(78.19950240567141, 0.0, 56.23242591128224)
state:field, action:SD, timestep:20, reward:-1.2821979386968323
==================================================
coord:(78.19950240567141, 0.0, 56.23242591128224)->(78.09950240567142, 0.0, 56.23242591128224)
state:field, action:Ssj, timestep:21, reward:0.04479518002860772
==================================================
coord:(78.09950240567142, 0.0, 56.23242591128224)->(78.16078499337425, 0.0, 56.17114332357941)
state:field, action:WAj, timestep:22, reward:0.027346654151287453
==================================================
coord:(78.16078499337425, 0.0, 56.17114332357941)->(82.40342568049374, 0.0, 51.92850263645992)
state:field, action:WAs, timestep:23, reward:1.414545927884511
==================================================
coord:(82.40342568049374, 0.0, 51.92850263645992)->(82.40342568049374, 0.0, 51.92850263645992)
state:field, action:Wait, timestep:24, reward:-0.0
==================================================
coord:(82.40342568049374, 0.0, 51.92850263645992)->(82.40342568049374, 0.0, 57.92850263646)
state:field, action:Ds, timestep:25, reward:-5.003361785254491
==================================================
coord:(82.40342568049374, 0.0, 57.92850263646)->(82.33271500237508, 0.0, 57.99921331457866)
state:field, action:SDsj, timestep:26, reward:-0.024275062883084786
==================================================
coord:(82.33271500237508, 0.0, 57.99921331457866)->(82.26200432425642, 0.0, 58.06992399269732)
state:field, action:SDsj, timestep:27, reward:-0.024512469860084707
==================================================
coord:(82.26200432425642, 0.0, 58.06992399269732)->(82.20072173655359, 0.0, 58.008641404994485)
state:field, action:SAj, timestep:28, reward:0.0839907957826469
==================================================
coord:(82.20072173655359, 0.0, 58.008641404994485)->(77.0007217365532, 0.0, 58.008641404994485)
state:field, action:S, timestep:29, reward:2.3857376070436516
==================================================
coord:(77.0007217365532, 0.0, 58.008641404994485)->(77.08738840321988, 0.0, 58.008641404994485)
state:field, action:Wj, timestep:30, reward:-0.03506062075982186
==================================================
coord:(77.08738840321988, 0.0, 58.008641404994485)->(77.08738840321988, 0.0, 58.108641404994486)
state:field, action:Dsj, timestep:31, reward:-0.09143067515349657
==================================================
coord:(77.08738840321988, 0.0, 58.108641404994486)->(77.08738840321988, 0.0, 52.908641404994526)
state:field, action:A, timestep:32, reward:4.687620597575055
==================================================
coord:(77.08738840321988, 0.0, 52.908641404994526)->(77.02610581551704, 0.0, 52.84735881729169)
state:field, action:SAj, timestep:33, reward:0.08267234675728474
==================================================
coord:(77.02610581551704, 0.0, 52.84735881729169)->(72.78346512839755, 0.0, 48.6047181301722)
state:field, action:SAs, timestep:34, reward:5.662189819872108
==================================================
coord:(72.78346512839755, 0.0, 48.6047181301722)->(76.4604203905676, 0.0, 44.92776286800215)
state:field, action:WA, timestep:35, reward:1.4263452452469991
==================================================
coord:(76.4604203905676, 0.0, 44.92776286800215)->(71.26042039056722, 0.0, 44.92776286800215)
state:field, action:S, timestep:36, reward:2.5525945335771887
==================================================
coord:(71.26042039056722, 0.0, 44.92776286800215)->(69.17681240867086, 0.0, 47.01137084989851)
state:field, action:SDj, timestep:37, reward:-1.2194855381028127
==================================================
coord:(69.17681240867086, 0.0, 47.01137084989851)->(69.17681240867086, 0.0, 41.01137084989843)
state:field, action:As, timestep:38, reward:5.641262207058013
==================================================
coord:(69.17681240867086, 0.0, 41.01137084989843)->(65.99483189333124, 0.0, 44.193351365238044)
state:field, action:SDsj, timestep:39, reward:-2.1214079618972406
==================================================
coord:(65.99483189333124, 0.0, 44.193351365238044)->(65.99483189333124, 0.0, 49.393351365238004)
state:field, action:D, timestep:40, reward:-5.120954374276874
==================================================
coord:(65.99483189333124, 0.0, 49.393351365238004)->(71.19483189333162, 0.0, 49.393351365238004)
state:field, action:W, timestep:41, reward:-1.301139268801883
==================================================
coord:(71.19483189333162, 0.0, 49.393351365238004)->(66.95219120621213, 0.0, 45.150710678118514)
state:field, action:SAs, timestep:42, reward:5.284075140456949
==================================================
coord:(66.95219120621213, 0.0, 45.150710678118514)->(60.952191206212255, 0.0, 45.150710678118514)
state:field, action:Ss, timestep:43, reward:0.5460754441620423
==================================================
coord:(60.952191206212255, 0.0, 45.150710678118514)->(54.95219120621217, 0.0, 45.150710678118514)
state:field, action:Ss, timestep:44, reward:-1.1173898502861128
==================================================
coord:(54.95219120621217, 0.0, 45.150710678118514)->(59.19483189333166, 0.0, 40.908069990999024)
state:field, action:WAs, timestep:45, reward:5.154849930383513
==================================================
coord:(59.19483189333166, 0.0, 40.908069990999024)->(63.43747258045115, 0.0, 45.150710678118514)
state:field, action:WDs, timestep:46, reward:-4.0603131265516375
==================================================
coord:(63.43747258045115, 0.0, 45.150710678118514)->(63.524139247117816, 0.0, 45.150710678118514)
state:field, action:Wj, timestep:47, reward:-0.006052887145909125
==================================================
coord:(63.524139247117816, 0.0, 45.150710678118514)->(57.52413924711773, 0.0, 45.150710678118514)
state:field, action:Ss, timestep:48, reward:-0.41355441498237155
==================================================
coord:(57.52413924711773, 0.0, 45.150710678118514)->(53.28149855999824, 0.0, 49.393351365238004)
state:field, action:SDs, timestep:49, reward:-5.229252941058689
==================================================
coord:(53.28149855999824, 0.0, 49.393351365238004)->(48.08149855999828, 0.0, 49.393351365238004)
state:field, action:S, timestep:50, reward:-2.1093132447314495
==================================================
coord:(48.08149855999828, 0.0, 49.393351365238004)->(51.05134704098192, 0.0, 46.42350288425436)
state:field, action:WAsj, timestep:51, reward:4.003988829461441
==================================================
coord:(51.05134704098192, 0.0, 46.42350288425436)->(50.96468037431526, 0.0, 46.42350288425436)
state:field, action:Sj, timestep:52, reward:-0.03814711708366403
==================================================
coord:(50.96468037431526, 0.0, 46.42350288425436)->(56.16468037431522, 0.0, 46.42350288425436)
state:field, action:W, timestep:53, reward:1.8214986085857987
==================================================
coord:(56.16468037431522, 0.0, 46.42350288425436)->(56.09396969619656, 0.0, 46.3527922061357)
state:field, action:SAsj, timestep:54, reward:0.050462581104781634
==================================================
coord:(56.09396969619656, 0.0, 46.3527922061357)->(56.19396969619656, 0.0, 46.3527922061357)
state:field, action:Wsj, timestep:55, reward:0.025342880081360875
==================================================
coord:(56.19396969619656, 0.0, 46.3527922061357)->(56.1232590180779, 0.0, 46.42350288425436)
state:field, action:SDsj, timestep:56, reward:-0.08627185891998224
==================================================
coord:(56.1232590180779, 0.0, 46.42350288425436)->(56.052548339959245, 0.0, 46.3527922061357)
state:field, action:SAsj, timestep:57, reward:0.05031312015439582
==================================================
coord:(56.052548339959245, 0.0, 46.3527922061357)->(59.7295036021293, 0.0, 42.67583694396565)
state:field, action:WA, timestep:58, reward:4.3171411771634425
==================================================
coord:(59.7295036021293, 0.0, 42.67583694396565)->(53.72950360212921, 0.0, 42.67583694396565)
state:field, action:Ss, timestep:59, reward:-1.6118330703974841
==================================================
coord:(53.72950360212921, 0.0, 42.67583694396565)->(53.72950360212921, 0.0, 42.67583694396565)
state:field, action:Wait, timestep:60, reward:-0.0
==================================================
coord:(53.72950360212921, 0.0, 42.67583694396565)->(53.72950360212921, 0.0, 37.47583694396569)
state:field, action:A, timestep:61, reward:4.613814533203335
==================================================
coord:(53.72950360212921, 0.0, 37.47583694396569)->(53.72950360212921, 0.0, 42.67583694396565)
state:field, action:D, timestep:62, reward:-4.613814533203335
==================================================
coord:(53.72950360212921, 0.0, 42.67583694396565)->(57.9721442892487, 0.0, 38.43319625684616)
state:field, action:WAs, timestep:63, reward:5.440495736771506
==================================================
coord:(57.9721442892487, 0.0, 38.43319625684616)->(55.70468854424384, 0.0, 40.700652001851026)
state:field, action:SDj, timestep:64, reward:-2.863080518815856
==================================================
coord:(55.70468854424384, 0.0, 40.700652001851026)->(58.886669059583454, 0.0, 43.88263251719064)
state:field, action:WDsj, timestep:65, reward:-2.2771423589405266
==================================================
coord:(58.886669059583454, 0.0, 43.88263251719064)->(63.129309746702944, 0.0, 48.12527320431013)
state:field, action:WDs, timestep:66, reward:-4.0267827828087235
==================================================
coord:(63.129309746702944, 0.0, 48.12527320431013)->(59.45235448453289, 0.0, 44.44831794214008)
state:field, action:SA, timestep:67, reward:3.5452786403720786
==================================================
coord:(59.45235448453289, 0.0, 44.44831794214008)->(59.539021151199556, 0.0, 44.44831794214008)
state:field, action:Wj, timestep:68, reward:0.01053535612313894
==================================================
coord:(59.539021151199556, 0.0, 44.44831794214008)->(55.296380464080066, 0.0, 48.69095862925957)
state:field, action:SDs, timestep:69, reward:-4.988922882272078
==================================================
coord:(55.296380464080066, 0.0, 48.69095862925957)->(58.97333572625012, 0.0, 45.014003367089515)
state:field, action:WA, timestep:70, reward:4.353948255999619
==================================================
coord:(58.97333572625012, 0.0, 45.014003367089515)->(58.97333572625012, 0.0, 44.914003367089514)
state:field, action:Asj, timestep:71, reward:0.09897381148293505
==================================================
coord:(58.97333572625012, 0.0, 44.914003367089514)->(58.912053138547286, 0.0, 44.85272077938668)
state:field, action:SAj, timestep:72, reward:0.05175907290749748
==================================================
coord:(58.912053138547286, 0.0, 44.85272077938668)->(53.712053138547326, 0.0, 44.85272077938668)
state:field, action:S, timestep:73, reward:-1.359267507221407
==================================================
coord:(53.712053138547326, 0.0, 44.85272077938668)->(57.954693825666816, 0.0, 49.09536146650617)
state:field, action:WDs, timestep:74, reward:-2.979931229397071
==================================================
coord:(57.954693825666816, 0.0, 49.09536146650617)->(51.95469382566673, 0.0, 49.09536146650617)
state:field, action:Ss, timestep:75, reward:-1.6118751919543364
==================================================
coord:(51.95469382566673, 0.0, 49.09536146650617)->(51.95469382566673, 0.0, 54.29536146650613)
state:field, action:D, timestep:76, reward:-4.88615594389071
==================================================
coord:(51.95469382566673, 0.0, 54.29536146650613)->(52.015976413369565, 0.0, 54.356644054208964)
state:field, action:WDj, timestep:77, reward:-0.0389747866425445
==================================================
coord:(52.015976413369565, 0.0, 54.356644054208964)->(51.95469382566673, 0.0, 54.29536146650613)
state:field, action:SAj, timestep:78, reward:0.0389747866425445
==================================================
coord:(51.95469382566673, 0.0, 54.29536146650613)->(51.893411237963896, 0.0, 54.356644054208964)
state:field, action:SDj, timestep:79, reward:-0.07747932367238874
==================================================
coord:(51.893411237963896, 0.0, 54.356644054208964)->(45.89341123796381, 0.0, 54.356644054208964)
state:field, action:Ss, timestep:80, reward:-2.370097245977661
==================================================
coord:(45.89341123796381, 0.0, 54.356644054208964)->(45.89341123796381, 0.0, 48.35664405420888)
state:field, action:As, timestep:81, reward:5.164439780989319
==================================================
coord:(45.89341123796381, 0.0, 48.35664405420888)->(42.57000936638688, 0.0, 51.68004592578581)
state:field, action:SDsj, timestep:82, reward:-4.618289277767772
==================================================
coord:(42.57000936638688, 0.0, 51.68004592578581)->(42.57000936638688, 0.0, 56.88004592578577)
state:field, action:D, timestep:83, reward:-4.373135510052883
==================================================
coord:(42.57000936638688, 0.0, 56.88004592578577)->(42.49929868826822, 0.0, 56.809335247667114)
state:field, action:SAsj, timestep:84, reward:0.024779319719876014
==================================================
coord:(42.49929868826822, 0.0, 56.809335247667114)->(46.17625395043827, 0.0, 53.13237998549706)
state:field, action:WA, timestep:85, reward:5.01465669107867
==================================================
coord:(46.17625395043827, 0.0, 53.13237998549706)->(46.17625395043827, 0.0, 47.132379985496975)
state:field, action:As, timestep:86, reward:5.1257373382174904
==================================================
coord:(46.17625395043827, 0.0, 47.132379985496975)->(49.49965582201521, 0.0, 43.80897811392004)
state:field, action:WAsj, timestep:87, reward:4.6033671466626735
==================================================
coord:(49.49965582201521, 0.0, 43.80897811392004)->(49.41298915534854, 0.0, 43.80897811392004)
state:field, action:Sj, timestep:88, reward:-0.0463658246453349
==================================================
coord:(49.41298915534854, 0.0, 43.80897811392004)->(54.6129891553485, 0.0, 43.80897811392004)
state:field, action:W, timestep:89, reward:2.328222573378877
==================================================
coord:(54.6129891553485, 0.0, 43.80897811392004)->(54.6129891553485, 0.0, 37.808978113919956)
state:field, action:As, timestep:90, reward:5.480867192824935
==================================================
coord:(54.6129891553485, 0.0, 37.808978113919956)->(58.289944417518555, 0.0, 34.1320228517499)
state:field, action:WA, timestep:91, reward:4.870723926634582
==================================================
coord:(58.289944417518555, 0.0, 34.1320228517499)->(58.289944417518555, 0.0, 29.332022851749834)
state:field, action:Asj, timestep:92, reward:4.294154877083426
==================================================
coord:(58.289944417518555, 0.0, 29.332022851749834)->(62.532585104638045, 0.0, 25.089382164630557)
state:field, action:WAs, timestep:93, reward:5.2831656486309
==================================================
coord:(62.532585104638045, 0.0, 25.089382164630557)->(57.73258510463798, 0.0, 25.089382164630557)
state:field, action:Ssj, timestep:94, reward:-3.191668095139557
==================================================
coord:(57.73258510463798, 0.0, 25.089382164630557)->(57.73258510463798, 0.0, 28.2960488312972)
state:field, action:Dj, timestep:95, reward:-1.6510483531493136
==================================================
coord:(57.73258510463798, 0.0, 28.2960488312972)->(57.73258510463798, 0.0, 23.49604883129713)
state:field, action:Asj, timestep:96, reward:1.7582487413325643
==================================================
coord:(57.73258510463798, 0.0, 23.49604883129713)->(61.97522579175747, 0.0, 19.253408144177854)
state:field, action:WAs, timestep:97, reward:-0.44958812739540566
==================================================
coord:(61.97522579175747, 0.0, 19.253408144177854)->(61.97522579175747, 0.0, 16.046741477511212)
state:field, action:Aj, timestep:98, reward:-3.206640599692353
==================================================
coord:(61.97522579175747, 0.0, 16.046741477511212)->(61.97522579175747, 0.0, 10.846741477511252)
state:field, action:A, timestep:99, reward:-5.199984745696412
==================================================
coord:(61.97522579175747, 0.0, 10.846741477511252)->(61.97522579175747, 0.0, 6.046741477511269)
state:field, action:Asj, timestep:100, reward:-4.799993762173434
==================================================
coord:(61.97522579175747, 0.0, 6.046741477511269)->(59.7077700467526, 0.0, 8.314197222516135)
state:field, action:SDj, timestep:101, reward:2.100871163073098
==================================================
coord:(59.7077700467526, 0.0, 8.314197222516135)->(56.030814784582546, 0.0, 11.99115248468619)
state:field, action:SD, timestep:102, reward:2.4418268819380717
==================================================
coord:(56.030814784582546, 0.0, 11.99115248468619)->(60.273455471702036, 0.0, 16.233793171805466)
state:field, action:WDs, timestep:103, reward:5.454766832305502
==================================================
coord:(60.273455471702036, 0.0, 16.233793171805466)->(56.879342922006444, 0.0, 19.627905721500888)
state:field, action:SDsj, timestep:104, reward:1.2225843728726966
==================================================
coord:(56.879342922006444, 0.0, 19.627905721500888)->(53.48523037231085, 0.0, 16.233793171805466)
state:field, action:SAsj, timestep:105, reward:-4.791324398346396
==================================================
coord:(53.48523037231085, 0.0, 16.233793171805466)->(58.28523037231092, 0.0, 16.233793171805466)
state:field, action:Wsj, timestep:106, reward:2.9156320231871717
==================================================
coord:(58.28523037231092, 0.0, 16.233793171805466)->(58.28523037231092, 0.0, 13.027126505138824)
state:field, action:Aj, timestep:107, reward:-2.9757032263526906
==================================================
coord:(58.28523037231092, 0.0, 13.027126505138824)->(58.28523037231092, 0.0, 17.82712650513884)
state:field, action:Dsj, timestep:108, reward:4.380187182184233
==================================================
coord:(58.28523037231092, 0.0, 17.82712650513884)->(58.28523037231092, 0.0, 12.627126505138879)
state:field, action:A, timestep:109, reward:-4.759751978775698
==================================================
coord:(58.28523037231092, 0.0, 12.627126505138879)->(58.28523037231092, 0.0, 7.427126505138912)
state:field, action:A, timestep:110, reward:-5.019913131883396
==================================================
coord:(58.28523037231092, 0.0, 7.427126505138912)->(56.01777462730605, 0.0, 5.159670760134046)
state:field, action:SAj, timestep:111, reward:-2.783171698541203
==================================================
coord:(56.01777462730605, 0.0, 5.159670760134046)->(51.775133940186564, 0.0, 9.402311447253323)
state:field, action:SDs, timestep:112, reward:1.9448027128560454
==================================================
coord:(51.775133940186564, 0.0, 9.402311447253323)->(51.775133940186564, 0.0, 6.195644780586663)
state:field, action:Aj, timestep:113, reward:-2.7090422837625177
==================================================
coord:(51.775133940186564, 0.0, 6.195644780586663)->(51.775133940186564, 0.0, 9.402311447253323)
state:field, action:Dj, timestep:114, reward:2.7090422837625177
==================================================
coord:(51.775133940186564, 0.0, 9.402311447253323)->(56.01777462730605, 0.0, 5.159670760134047)
state:field, action:WAs, timestep:115, reward:-1.944802712856042
==================================================
coord:(56.01777462730605, 0.0, 5.159670760134047)->(52.62366207761046, 0.0, 8.553783309829468)
state:field, action:SDsj, timestep:116, reward:1.6979239890169815
==================================================
coord:(52.62366207761046, 0.0, 8.553783309829468)->(52.62366207761046, 0.0, 14.553783309829447)
state:field, action:Ds, timestep:117, reward:4.759699879031226
==================================================
coord:(52.62366207761046, 0.0, 14.553783309829447)->(56.300617339780516, 0.0, 10.876828047659393)
state:field, action:WA, timestep:118, reward:-0.9977141830263765
==================================================
coord:(56.300617339780516, 0.0, 10.876828047659393)->(59.69472988947611, 0.0, 14.270940597354814)
state:field, action:WDsj, timestep:119, reward:4.3089186731540625
==================================================
coord:(59.69472988947611, 0.0, 14.270940597354814)->(59.69472988947611, 0.0, 19.470940597354776)
state:field, action:D, timestep:120, reward:4.916450580004596
==================================================
coord:(59.69472988947611, 0.0, 19.470940597354776)->(64.89472988947614, 0.0, 19.470940597354776)
state:field, action:W, timestep:121, reward:-0.29312038525010653
==================================================
coord:(64.89472988947614, 0.0, 19.470940597354776)->(64.89472988947614, 0.0, 25.47094059735486)
state:field, action:Ds, timestep:122, reward:2.128094813048107
==================================================
coord:(64.89472988947614, 0.0, 25.47094059735486)->(64.89472988947614, 0.0, 25.47094059735486)
state:field, action:j, timestep:123, reward:-0.0
==================================================
coord:(64.89472988947614, 0.0, 25.47094059735486)->(64.89472988947614, 0.0, 20.2709405973549)
state:field, action:A, timestep:124, reward:-1.4737174307734788
==================================================
coord:(64.89472988947614, 0.0, 20.2709405973549)->(64.89472988947614, 0.0, 25.47094059735486)
state:field, action:D, timestep:125, reward:1.4737174307734788
==================================================
coord:(64.89472988947614, 0.0, 25.47094059735486)->(60.65208920235665, 0.0, 29.713581284474138)
state:field, action:SDs, timestep:126, reward:-2.6234054884682196
==================================================
coord:(60.65208920235665, 0.0, 29.713581284474138)->(64.89472988947614, 0.0, 33.956221971593514)
state:field, action:WDs, timestep:127, reward:-4.498077480785227
==================================================
coord:(64.89472988947614, 0.0, 33.956221971593514)->(64.89472988947614, 0.0, 39.9562219715936)
state:field, action:Ds, timestep:128, reward:-5.848171727078283
==================================================
coord:(64.89472988947614, 0.0, 39.9562219715936)->(59.69472988947611, 0.0, 39.9562219715936)
state:field, action:S, timestep:129, reward:0.09478439090514357
==================================================
coord:(59.69472988947611, 0.0, 39.9562219715936)->(63.37168515164616, 0.0, 43.633177233763654)
state:field, action:WD, timestep:130, reward:-3.5591472228924026
==================================================
coord:(63.37168515164616, 0.0, 43.633177233763654)->(63.37168515164616, 0.0, 38.43317723376369)
state:field, action:A, timestep:131, reward:5.182824652462896
==================================================
coord:(63.37168515164616, 0.0, 38.43317723376369)->(63.37168515164616, 0.0, 38.43317723376369)
state:field, action:j, timestep:132, reward:-0.0
==================================================
coord:(63.37168515164616, 0.0, 38.43317723376369)->(65.63914089665103, 0.0, 40.70063297876856)
state:field, action:WDj, timestep:133, reward:-2.5943161625225937
==================================================
coord:(65.63914089665103, 0.0, 40.70063297876856)->(69.03325344634662, 0.0, 37.30652042907297)
state:field, action:WAsj, timestep:134, reward:2.041609023121696
==================================================
coord:(69.03325344634662, 0.0, 37.30652042907297)->(69.03325344634662, 0.0, 43.30652042907305)
state:field, action:Ds, timestep:135, reward:-5.4967917292041
==================================================
coord:(69.03325344634662, 0.0, 43.30652042907305)->(69.03325344634662, 0.0, 40.09985376240641)
state:field, action:Aj, timestep:136, reward:2.978647811777634
==================================================
coord:(69.03325344634662, 0.0, 40.09985376240641)->(69.03325344634662, 0.0, 34.099853762406326)
state:field, action:As, timestep:137, reward:5.26159694404703
==================================================
coord:(69.03325344634662, 0.0, 34.099853762406326)->(65.82658677967972, 0.0, 34.099853762406326)
state:field, action:Sj, timestep:138, reward:1.5070109483634138
==================================================
coord:(65.82658677967972, 0.0, 34.099853762406326)->(61.583946092560225, 0.0, 38.342494449525816)
state:field, action:SDs, timestep:139, reward:-3.5480734570413937
==================================================
coord:(61.583946092560225, 0.0, 38.342494449525816)->(61.583946092560225, 0.0, 33.54249444952575)
state:field, action:Asj, timestep:140, reward:4.796967582062539
==================================================
coord:(61.583946092560225, 0.0, 33.54249444952575)->(61.583946092560225, 0.0, 28.342494449525788)
state:field, action:A, timestep:141, reward:5.18918018539599
==================================================
coord:(61.583946092560225, 0.0, 28.342494449525788)->(64.79061275922693, 0.0, 28.342494449525788)
state:field, action:Wj, timestep:142, reward:-0.7994780036264473
==================================================
coord:(64.79061275922693, 0.0, 28.342494449525788)->(64.79061275922693, 0.0, 25.135827782859145)
state:field, action:Aj, timestep:143, reward:2.1489483506013976
==================================================
coord:(64.79061275922693, 0.0, 25.135827782859145)->(64.79061275922693, 0.0, 31.13582778285923)
state:field, action:Ds, timestep:144, reward:-4.649176117966341
==================================================
coord:(64.79061275922693, 0.0, 31.13582778285923)->(64.79061275922693, 0.0, 25.93582778285927)
state:field, action:A, timestep:145, reward:4.265771730437427
==================================================
coord:(64.79061275922693, 0.0, 25.93582778285927)->(64.79061275922693, 0.0, 31.935827782859356)
state:field, action:Ds, timestep:146, reward:-5.0158725287986865
==================================================
coord:(64.79061275922693, 0.0, 31.935827782859356)->(61.11365749705688, 0.0, 28.2588725206893)
state:field, action:SA, timestep:147, reward:4.062060301608378
==================================================
coord:(61.11365749705688, 0.0, 28.2588725206893)->(64.79061275922693, 0.0, 31.935827782859356)
state:field, action:WD, timestep:148, reward:-4.062060301608378
==================================================
coord:(64.79061275922693, 0.0, 31.935827782859356)->(60.54797207210744, 0.0, 27.69318709574008)
state:field, action:SAs, timestep:149, reward:4.443809525676554
==================================================
coord:(60.54797207210744, 0.0, 27.69318709574008)->(64.79061275922693, 0.0, 23.450546408620802)
state:field, action:WAs, timestep:150, reward:1.1241866386772181
==================================================
coord:(64.79061275922693, 0.0, 23.450546408620802)->(68.46756802139699, 0.0, 27.127501670790856)
state:field, action:WD, timestep:151, reward:-4.339868574122599
==================================================
coord:(68.46756802139699, 0.0, 27.127501670790856)->(65.0734554717014, 0.0, 23.733389121095435)
state:field, action:SAsj, timestep:152, reward:4.099061384900061
==================================================
coord:(65.0734554717014, 0.0, 23.733389121095435)->(65.0734554717014, 0.0, 18.533389121095475)
state:field, action:A, timestep:153, reward:-3.186362988980749
==================================================
coord:(65.0734554717014, 0.0, 18.533389121095475)->(65.0734554717014, 0.0, 12.533389121095452)
state:field, action:As, timestep:154, reward:-5.600003895309604
==================================================
coord:(65.0734554717014, 0.0, 12.533389121095452)->(61.6793429220058, 0.0, 15.927501670790873)
state:field, action:SDsj, timestep:155, reward:3.792500021473586
==================================================
coord:(61.6793429220058, 0.0, 15.927501670790873)->(61.6793429220058, 0.0, 21.127501670790835)
state:field, action:D, timestep:156, reward:5.1885240176261025
==================================================
coord:(61.6793429220058, 0.0, 21.127501670790835)->(61.6793429220058, 0.0, 24.334168337457477)
state:field, action:Dj, timestep:157, reward:2.4272103515108707
==================================================
