coord:(69.0, 12.491906707447338, 54.0)->(69.0, 12.491906707447338, 54.0)
state:field, action:Wait, timestep:1, reward:-0.0
==================================================
coord:(69.0, 12.491906707447338, 54.0)->(63.799999999999635, 12.491906707447338, 54.0)
state:field, action:S, timestep:2, reward:5.086472087867989
==================================================
coord:(63.799999999999635, 12.491906707447338, 54.0)->(58.599999999999675, 9.317523374114003, 54.0)
state:field, action:Sj, timestep:3, reward:5.706496874865806
==================================================
coord:(58.599999999999675, 9.317523374114003, 54.0)->(58.599999999999675, 9.317523374114003, 54.0)
state:air, action:j, timestep:4, reward:-0.0
==================================================
coord:(58.599999999999675, 9.317523374114003, 54.0)->(53.399999999999714, 5.417523374113998, 54.0)
state:parachute, action:S, timestep:5, reward:5.698591955070903
==================================================
coord:(53.399999999999714, 5.417523374113998, 54.0)->(49.72304473782966, 1.5175233741139915, 50.323044737829946)
state:parachute, action:SA, timestep:6, reward:4.046093851609214
==================================================
coord:(49.72304473782966, 1.5175233741139915, 50.323044737829946)->(51.71637807116298, 0.0, 50.323044737829946)
state:parachute, action:W, timestep:7, reward:-1.9677139903962555
==================================================
coord:(51.71637807116298, 0.0, 50.323044737829946)->(51.71637807116298, 0.0, 45.123044737829986)
state:field, action:A, timestep:8, reward:-0.3711889305778513
==================================================
coord:(51.71637807116298, 0.0, 45.123044737829986)->(55.39333333333303, 0.0, 41.44608947565993)
state:field, action:WA, timestep:9, reward:-4.216252537890412
==================================================
coord:(55.39333333333303, 0.0, 41.44608947565993)->(55.322622655214374, 0.0, 41.51680015377859)
state:field, action:SDsj, timestep:10, reward:0.08282101729683689
==================================================
coord:(55.322622655214374, 0.0, 41.51680015377859)->(55.22262265521437, 0.0, 41.51680015377859)
state:field, action:Ssj, timestep:11, reward:0.09819778354032849
==================================================
coord:(55.22262265521437, 0.0, 41.51680015377859)->(50.02262265521441, 0.0, 41.51680015377859)
state:field, action:S, timestep:12, reward:5.095353189302223
==================================================
coord:(50.02262265521441, 0.0, 41.51680015377859)->(49.96134006751158, 0.0, 41.578082741481424)
state:field, action:SDj, timestep:13, reward:0.07278901253067716
==================================================
coord:(49.96134006751158, 0.0, 41.578082741481424)->(54.20398075463107, 0.0, 45.820723428600914)
state:field, action:WDs, timestep:14, reward:-3.5217551993411647
==================================================
coord:(54.20398075463107, 0.0, 45.820723428600914)->(54.20398075463107, 0.0, 45.820723428600914)
state:field, action:Wait, timestep:15, reward:-0.0
==================================================
coord:(54.20398075463107, 0.0, 45.820723428600914)->(54.13327007651241, 0.0, 45.89143410671957)
state:field, action:SDsj, timestep:16, reward:0.07781936265106992
==================================================
coord:(54.13327007651241, 0.0, 45.89143410671957)->(54.071987488809576, 0.0, 45.83015151901674)
state:field, action:SAj, timestep:17, reward:0.05442549628501325
==================================================
coord:(54.071987488809576, 0.0, 45.83015151901674)->(48.07198748880949, 0.0, 45.83015151901674)
state:field, action:Ss, timestep:18, reward:5.960744556469237
==================================================
coord:(48.07198748880949, 0.0, 45.83015151901674)->(43.82934680169, 0.0, 50.07279220613623)
state:field, action:SDs, timestep:19, reward:4.547726322977169
==================================================
coord:(43.82934680169, 0.0, 50.07279220613623)->(43.82934680169, 0.0, 45.27279220613616)
state:field, action:Asj, timestep:20, reward:-0.41972023337450537
==================================================
coord:(43.82934680169, 0.0, 45.27279220613616)->(39.58670611457051, 0.0, 49.51543289325565)
state:field, action:SDs, timestep:21, reward:4.640927383346963
==================================================
coord:(39.58670611457051, 0.0, 49.51543289325565)->(43.263661376740565, 0.0, 45.838477631085595)
state:field, action:WA, timestep:22, reward:-3.999932490646856
==================================================
coord:(43.263661376740565, 0.0, 45.838477631085595)->(45.53111712174543, 0.0, 48.10593337609046)
state:field, action:WDj, timestep:23, reward:-2.0174786959187614
==================================================
coord:(45.53111712174543, 0.0, 48.10593337609046)->(40.73111712174536, 0.0, 48.10593337609046)
state:field, action:Ssj, timestep:24, reward:4.785424773106342
==================================================
coord:(40.73111712174536, 0.0, 48.10593337609046)->(34.73111712174528, 0.0, 48.10593337609046)
state:field, action:Ss, timestep:25, reward:5.974976477120531
==================================================
coord:(34.73111712174528, 0.0, 48.10593337609046)->(34.73111712174528, 0.0, 54.10593337609055)
state:field, action:Ds, timestep:26, reward:-0.02200258855302195
==================================================
coord:(34.73111712174528, 0.0, 54.10593337609055)->(34.63111712174528, 0.0, 54.10593337609055)
state:field, action:Ssj, timestep:27, reward:0.09941870530919061
==================================================
coord:(34.63111712174528, 0.0, 54.10593337609055)->(34.63111712174528, 0.0, 48.10593337609046)
state:field, action:As, timestep:28, reward:0.022078602870635677
==================================================
coord:(34.63111712174528, 0.0, 48.10593337609046)->(32.36366137674041, 0.0, 45.838477631085595)
state:field, action:SAj, timestep:29, reward:1.9128362730325001
==================================================
coord:(32.36366137674041, 0.0, 45.838477631085595)->(27.563661376740342, 0.0, 45.838477631085595)
state:field, action:Ssj, timestep:30, reward:4.691378933365229
==================================================
coord:(27.563661376740342, 0.0, 45.838477631085595)->(25.296205631735475, 0.0, 43.57102188608073)
state:field, action:SAj, timestep:31, reward:1.4959154676345108
==================================================
coord:(25.296205631735475, 0.0, 43.57102188608073)->(30.496205631735435, 0.0, 43.57102188608073)
state:field, action:W, timestep:32, reward:-4.921044844463129
==================================================
coord:(30.496205631735435, 0.0, 43.57102188608073)->(30.496205631735435, 0.0, 38.37102188608077)
state:field, action:A, timestep:33, reward:-1.9621018139748294
==================================================
coord:(30.496205631735435, 0.0, 38.37102188608077)->(34.73884631885485, 0.0, 34.12838119896128)
state:field, action:WAs, timestep:34, reward:-5.765226908264069
==================================================
coord:(34.73884631885485, 0.0, 34.12838119896128)->(29.93884631885478, 0.0, 34.12838119896128)
state:field, action:Ssj, timestep:35, reward:4.038401180288162
==================================================
coord:(29.93884631885478, 0.0, 34.12838119896128)->(26.544733769159357, 0.0, 37.52249374865687)
state:field, action:SDsj, timestep:36, reward:4.715950050100954
==================================================
coord:(26.544733769159357, 0.0, 37.52249374865687)->(21.344733769159397, 0.0, 37.52249374865687)
state:field, action:S, timestep:37, reward:4.147774862605001
==================================================
coord:(21.344733769159397, 0.0, 37.52249374865687)->(21.344733769159397, 0.0, 37.52249374865687)
state:field, action:j, timestep:38, reward:-0.0
==================================================
coord:(21.344733769159397, 0.0, 37.52249374865687)->(26.544733769159357, 0.0, 37.52249374865687)
state:field, action:W, timestep:39, reward:-4.147774862605001
==================================================
coord:(26.544733769159357, 0.0, 37.52249374865687)->(31.744733769159318, 0.0, 37.52249374865687)
state:field, action:W, timestep:40, reward:-4.488250045363181
==================================================
coord:(31.744733769159318, 0.0, 37.52249374865687)->(26.544733769159357, 0.0, 37.52249374865687)
state:field, action:S, timestep:41, reward:4.488250045363181
==================================================
coord:(26.544733769159357, 0.0, 37.52249374865687)->(32.54473376915944, 0.0, 37.52249374865687)
state:field, action:Ws, timestep:42, reward:-5.199315830117008
==================================================
coord:(32.54473376915944, 0.0, 37.52249374865687)->(29.3380671024928, 0.0, 37.52249374865687)
state:field, action:Sj, timestep:43, reward:2.8201075890553327
==================================================
coord:(29.3380671024928, 0.0, 37.52249374865687)->(25.94395455279738, 0.0, 34.12838119896128)
state:field, action:SAsj, timestep:44, reward:0.8270790061495283
==================================================
coord:(25.94395455279738, 0.0, 34.12838119896128)->(28.211410297802246, 0.0, 31.860925453956412)
state:field, action:WAj, timestep:45, reward:-3.1967699212573457
==================================================
coord:(28.211410297802246, 0.0, 31.860925453956412)->(24.817297748106824, 0.0, 35.255038003652)
state:field, action:SDsj, timestep:46, reward:4.784225177766643
==================================================
coord:(24.817297748106824, 0.0, 35.255038003652)->(22.549842003101958, 0.0, 37.52249374865686)
state:field, action:SDj, timestep:47, reward:3.1921809927627045
==================================================
coord:(22.549842003101958, 0.0, 37.52249374865686)->(22.549842003101958, 0.0, 31.522493748656778)
state:field, action:As, timestep:48, reward:-4.215760991277186
==================================================
coord:(22.549842003101958, 0.0, 31.522493748656778)->(18.872886740931904, 0.0, 35.19944901082683)
state:field, action:SD, timestep:49, reward:5.178559351954675
==================================================
coord:(18.872886740931904, 0.0, 35.19944901082683)->(21.14034248593677, 0.0, 37.4669047558317)
state:field, action:WDj, timestep:50, reward:0.07358468484090253
==================================================
coord:(21.14034248593677, 0.0, 37.4669047558317)->(17.74622993624135, 0.0, 40.86101730552729)
state:field, action:SDsj, timestep:51, reward:4.790145881618537
==================================================
coord:(17.74622993624135, 0.0, 40.86101730552729)->(14.069274674071295, 0.0, 44.537972567697345)
state:field, action:SD, timestep:52, reward:5.17900376360326
==================================================
coord:(14.069274674071295, 0.0, 44.537972567697345)->(17.74622993624135, 0.0, 48.2149278298674)
state:field, action:WD, timestep:53, reward:-1.7340429254382883
==================================================
coord:(17.74622993624135, 0.0, 48.2149278298674)->(21.988870623360626, 0.0, 43.97228714274791)
state:field, action:WAs, timestep:54, reward:-5.393286335738054
==================================================
coord:(21.988870623360626, 0.0, 43.97228714274791)->(21.988870623360626, 0.0, 48.77228714274798)
state:field, action:Dsj, timestep:55, reward:1.321867440220089
==================================================
coord:(21.988870623360626, 0.0, 48.77228714274798)->(24.888008426225465, 0.0, 51.67142494561296)
state:field, action:WDsj, timestep:56, reward:-2.7566180455771487
==================================================
coord:(24.888008426225465, 0.0, 51.67142494561296)->(21.21105316405541, 0.0, 47.99446968344291)
state:field, action:SA, timestep:57, reward:3.394794768091449
==================================================
coord:(21.21105316405541, 0.0, 47.99446968344291)->(19.066162594456213, 0.0, 50.139360253042106)
state:field, action:SDj, timestep:58, reward:2.410659046730075
==================================================
coord:(19.066162594456213, 0.0, 50.139360253042106)->(22.743117856626267, 0.0, 46.46240499087205)
state:field, action:WA, timestep:59, reward:-4.252613773133282
==================================================
coord:(22.743117856626267, 0.0, 46.46240499087205)->(22.743117856626267, 0.0, 46.46240499087205)
state:field, action:j, timestep:60, reward:-0.0
==================================================
coord:(22.743117856626267, 0.0, 46.46240499087205)->(26.137230406321688, 0.0, 43.06829244117646)
state:field, action:WAsj, timestep:61, reward:-4.295912651941787
==================================================
coord:(26.137230406321688, 0.0, 43.06829244117646)->(29.34389707298833, 0.0, 43.06829244117646)
state:field, action:Wj, timestep:62, reward:-3.0115888036978156
==================================================
coord:(29.34389707298833, 0.0, 43.06829244117646)->(25.101256385869053, 0.0, 38.82565175405697)
state:field, action:SAs, timestep:63, reward:2.0034937846658494
==================================================
coord:(25.101256385869053, 0.0, 38.82565175405697)->(25.101256385869053, 0.0, 43.62565175405704)
state:field, action:Dsj, timestep:64, reward:2.1757807621827894
==================================================
coord:(25.101256385869053, 0.0, 43.62565175405704)->(20.858615698749777, 0.0, 39.38301106693755)
state:field, action:SAs, timestep:65, reward:1.6144426893495059
==================================================
coord:(20.858615698749777, 0.0, 39.38301106693755)->(18.59115995374491, 0.0, 41.650466811942415)
state:field, action:SDj, timestep:66, reward:3.178051162784028
==================================================
coord:(18.59115995374491, 0.0, 41.650466811942415)->(15.384493287078268, 0.0, 41.650466811942415)
state:field, action:Sj, timestep:67, reward:2.435843075633759
==================================================
coord:(15.384493287078268, 0.0, 41.650466811942415)->(15.384493287078268, 0.0, 46.45046681194248)
state:field, action:Dsj, timestep:68, reward:2.817832585734413
==================================================
coord:(15.384493287078268, 0.0, 46.45046681194248)->(20.584493287078228, 0.0, 46.45046681194248)
state:field, action:W, timestep:69, reward:-4.848469507386119
==================================================
coord:(20.584493287078228, 0.0, 46.45046681194248)->(16.34185259995895, 0.0, 42.207826124822994)
state:field, action:SAs, timestep:70, reward:1.70351611697229
==================================================
coord:(16.34185259995895, 0.0, 42.207826124822994)->(18.609308344963818, 0.0, 39.94037037981813)
state:field, action:WAj, timestep:71, reward:-3.1981937326268266
==================================================
coord:(18.609308344963818, 0.0, 39.94037037981813)->(18.609308344963818, 0.0, 34.74037037981817)
state:field, action:A, timestep:72, reward:-3.8036575062774105
==================================================
coord:(18.609308344963818, 0.0, 34.74037037981817)->(16.34185259995895, 0.0, 32.4729146348133)
state:field, action:SAj, timestep:73, reward:-0.6421148363462024
==================================================
coord:(16.34185259995895, 0.0, 32.4729146348133)->(16.34185259995895, 0.0, 35.67958130147994)
state:field, action:Dj, timestep:74, reward:2.7337803172286534
==================================================
coord:(16.34185259995895, 0.0, 35.67958130147994)->(18.609308344963818, 0.0, 37.94703704648481)
state:field, action:WDj, timestep:75, reward:0.3356165636958792
==================================================
coord:(18.609308344963818, 0.0, 37.94703704648481)->(14.366667657844541, 0.0, 42.1896777336043)
state:field, action:SDs, timestep:76, reward:5.998651043796077
==================================================
coord:(14.366667657844541, 0.0, 42.1896777336043)->(14.366667657844541, 0.0, 38.98301106693766)
state:field, action:Aj, timestep:77, reward:-2.4926948586452333
==================================================
coord:(14.366667657844541, 0.0, 38.98301106693766)->(11.160000991177899, 0.0, 38.98301106693766)
state:field, action:Sj, timestep:78, reward:1.5647309193372863
==================================================
coord:(11.160000991177899, 0.0, 38.98301106693766)->(14.836956253347953, 0.0, 42.65996632910771)
state:field, action:WD, timestep:79, reward:0.9269330684415937
==================================================
coord:(14.836956253347953, 0.0, 42.65996632910771)->(10.594315566228676, 0.0, 46.9026070162272)
state:field, action:SDs, timestep:80, reward:5.995016236609762
==================================================
coord:(10.594315566228676, 0.0, 46.9026070162272)->(12.861771311233543, 0.0, 49.17006276123207)
state:field, action:WDj, timestep:81, reward:-0.9455795011983019
==================================================
coord:(12.861771311233543, 0.0, 49.17006276123207)->(9.6551046445669, 0.0, 49.17006276123207)
state:field, action:Sj, timestep:82, reward:3.013953735357444
==================================================
coord:(9.6551046445669, 0.0, 49.17006276123207)->(5.978149382396847, 0.0, 45.49310749906201)
state:field, action:SA, timestep:83, reward:-1.4193146777835093
==================================================
coord:(5.978149382396847, 0.0, 45.49310749906201)->(5.978149382396847, 0.0, 50.69310749906197)
state:field, action:D, timestep:84, reward:5.1981578581453896
==================================================
