coord:(69.0, 12.491906707447338, 54.0)->(69.0, 12.491906707447338, 54.0)
state:field, action:Wait, timestep:1, reward:-0.0
==================================================
coord:(69.0, 12.491906707447338, 54.0)->(73.24264068711949, 11.495573374114008, 58.24264068711949)
state:field, action:WDsj, timestep:2, reward:2.668799647241549
==================================================
coord:(73.24264068711949, 11.495573374114008, 58.24264068711949)->(73.24264068711949, 11.495573374114008, 58.24264068711949)
state:air, action:j, timestep:3, reward:-0.0
==================================================
coord:(73.24264068711949, 11.495573374114008, 58.24264068711949)->(76.91959594928954, 7.595573374114031, 61.919595949289544)
state:parachute, action:WD, timestep:4, reward:2.668856469704444
==================================================
coord:(76.91959594928954, 7.595573374114031, 61.919595949289544)->(76.91959594928954, 3.69557337411401, 56.719595949289584)
state:parachute, action:A, timestep:5, reward:5.865894878303543
==================================================
coord:(76.91959594928954, 3.69557337411401, 56.719595949289584)->(76.91959594928954, 0.0, 61.659595949289546)
state:parachute, action:D, timestep:6, reward:-1.9021277336602065
==================================================
coord:(76.91959594928954, 0.0, 61.659595949289546)->(76.91959594928954, 0.0, 56.459595949289586)
state:field, action:A, timestep:7, reward:5.193528935825638
==================================================
