coord:(69.0, 12.491906707447338, 54.0)->(69.0, 12.491906707447338, 54.0)
state:field, action:Wait, timestep:1, reward:-0.0
==================================================
coord:(69.0, 12.491906707447338, 54.0)->(73.24264068711949, 11.495573374114008, 58.24264068711949)
state:field, action:WDsj, timestep:2, reward:2.668799647241549
==================================================
coord:(73.24264068711949, 11.495573374114008, 58.24264068711949)->(73.24264068711949, 11.495573374114008, 58.24264068711949)
state:air, action:j, timestep:3, reward:-0.0
==================================================
coord:(73.24264068711949, 11.495573374114008, 58.24264068711949)->(69.56568542494944, 7.595573374114031, 61.919595949289544)
state:parachute, action:SD, timestep:4, reward:0.13208963777110228
==================================================
coord:(69.56568542494944, 7.595573374114031, 61.919595949289544)->(64.36568542494905, 3.69557337411401, 61.919595949289544)
state:parachute, action:S, timestep:5, reward:-2.270722264743565
==================================================
coord:(64.36568542494905, 3.69557337411401, 61.919595949289544)->(64.36568542494905, 0.0, 58.626262615956236)
state:parachute, action:A, timestep:6, reward:1.5270411222543494
==================================================
coord:(64.36568542494905, 0.0, 58.626262615956236)->(64.36568542494905, 0.0, 58.526262615956234)
state:field, action:Asj, timestep:7, reward:0.019979704647111518
==================================================
coord:(64.36568542494905, 0.0, 58.526262615956234)->(70.36568542494871, 0.0, 58.526262615956234)
state:field, action:Ws, timestep:8, reward:5.785380240277526
==================================================
coord:(70.36568542494871, 0.0, 58.526262615956234)->(70.36568542494871, 0.0, 58.626262615956236)
state:field, action:Dsj, timestep:9, reward:-0.03619807084703819
==================================================
coord:(70.36568542494871, 0.0, 58.626262615956236)->(74.04264068711876, 0.0, 62.30321787812629)
state:field, action:WD, timestep:10, reward:0.17271247799616418
==================================================
coord:(74.04264068711876, 0.0, 62.30321787812629)->(74.04264068711876, 0.0, 57.10321787812633)
state:field, action:A, timestep:11, reward:3.806071273805407
==================================================
coord:(74.04264068711876, 0.0, 57.10321787812633)->(78.28528137423825, 0.0, 52.86057719100684)
state:field, action:WAs, timestep:12, reward:-0.23590026359084248
==================================================
coord:(78.28528137423825, 0.0, 52.86057719100684)->(74.6083261120682, 0.0, 56.537532453176894)
state:field, action:SD, timestep:13, reward:0.9409941433582745
==================================================
coord:(74.6083261120682, 0.0, 56.537532453176894)->(78.85096679918769, 0.0, 52.294891766057404)
state:field, action:WAs, timestep:14, reward:-1.6903866829409155
==================================================
coord:(78.85096679918769, 0.0, 52.294891766057404)->(78.85096679918769, 0.0, 47.094891766057444)
state:field, action:A, timestep:15, reward:-4.953708648590109
==================================================
coord:(78.85096679918769, 0.0, 47.094891766057444)->(78.91224938689052, 0.0, 47.03360917835461)
state:field, action:WAj, timestep:16, reward:-0.07259466445559859
==================================================
coord:(78.91224938689052, 0.0, 47.03360917835461)->(72.91224938689086, 0.0, 47.03360917835461)
state:field, action:Ss, timestep:17, reward:-0.6861960035677104
==================================================
coord:(72.91224938689086, 0.0, 47.03360917835461)->(73.01224938689086, 0.0, 47.03360917835461)
state:field, action:Wsj, timestep:18, reward:0.04106032253180025
==================================================
coord:(73.01224938689086, 0.0, 47.03360917835461)->(73.08296006500952, 0.0, 47.10431985647327)
state:field, action:WDsj, timestep:19, reward:0.09327730872831985
==================================================
coord:(73.08296006500952, 0.0, 47.10431985647327)->(76.75991532717957, 0.0, 50.78127511864332)
state:field, action:WD, timestep:20, reward:4.495646127773655
==================================================
coord:(76.75991532717957, 0.0, 50.78127511864332)->(76.68920464906091, 0.0, 50.710564440524664)
state:field, action:SAsj, timestep:21, reward:-0.07431397914038573
==================================================
coord:(76.68920464906091, 0.0, 50.710564440524664)->(76.68920464906091, 0.0, 55.910564440524624)
state:field, action:D, timestep:22, reward:4.975059348688559
==================================================
