coord:(20.0, 0.0, 24.0)->(20.0, 0.0, 24.0)
state:field-4, action:Wait, timestep:1, reward:-0.0
==================================================

coord:(20.0, 0.0, 24.0)->(22.00000000000003, 3.6987703125538394, 24.0)
state:field-4.0, action:Ws, timestep:2, reward:-0.044038371991234726
==================================================

coord:(22.00000000000003, 3.6987703125538394, 24.0)->(22.00000000000003, 4.917859506649682, 24.0)
state:air-9.0, action:Wait, timestep:3, reward:-0.2142951228992267
==================================================

coord:(22.00000000000003, 4.917859506649682, 24.0)->(20.958196065094686, 4.3657928804823865, 25.041803934905342)
state:field-4.0, action:SD, timestep:4, reward:-0.9471650827274125
==================================================

coord:(20.958196065094686, 4.3657928804823865, 25.041803934905342)->(20.958196065094686, 2.3681576868128444, 25.041803934905342)
state:air-9.0, action:Wait, timestep:5, reward:0.23627403748279363
==================================================

coord:(20.958196065094686, 2.3681576868128444, 25.041803934905342)->(20.958196065094686, 2.713816359490867, 24.95513727141759)
state:field-4.0, action:Aj, timestep:6, reward:0.06004323501548825
==================================================

coord:(20.958196065094686, 2.713816359490867, 24.95513727141759)->(21.028906740016357, 3.2276580973492344, 25.025847946339262)
state:field-4.0, action:WDsj, timestep:7, reward:-0.11704243251620383
==================================================

coord:(21.028906740016357, 3.2276580973492344, 25.025847946339262)->(23.051232025420845, 3.6532406959880954, 27.04817323174375)
state:field-4.0, action:WD, timestep:8, reward:-2.0595229938946424
==================================================

coord:(23.051232025420845, 3.6532406959880954, 27.04817323174375)->(23.051232025420845, 5.868766646810801, 27.04817323174375)
state:air-9.0, action:Wait, timestep:9, reward:-0.37947016853501125
==================================================

coord:(23.051232025420845, 5.868766646810801, 27.04817323174375)->(23.051232025420845, 5.351544424588578, 24.94817323174372)
state:field-4.0, action:As, timestep:10, reward:2.1595088013565196
==================================================

coord:(23.051232025420845, 5.351544424588578, 24.94817323174372)->(23.051232025420845, 3.89032683908715, 24.94817323174372)
state:air-9.0, action:Wait, timestep:11, reward:0.2669283175870021
==================================================

coord:(23.051232025420845, 3.89032683908715, 24.94817323174372)->(23.051232025420845, 4.520379902327848, 25.04817323174372)
state:field-4.0, action:Dsj, timestep:12, reward:-0.20023992402657953
==================================================

coord:(23.051232025420845, 4.520379902327848, 25.04817323174372)->(23.051232025420845, 4.520379902327848, 25.04817323174372)
state:field-4.0, action:j, timestep:13, reward:-7.425080248424365e-07
==================================================

coord:(23.051232025420845, 4.520379902327848, 25.04817323174372)->(22.989949441014648, 4.917859506649682, 24.986890647337525)
state:field-4.0, action:SAj, timestep:14, reward:-0.011016006661996869
==================================================

coord:(22.989949441014648, 4.917859506649682, 24.986890647337525)->(20.98994944101462, 5.674637293328421, 24.986890647337525)
state:field-4.0, action:Ssj, timestep:15, reward:-0.16438140882069874
==================================================

coord:(20.98994944101462, 5.674637293328421, 24.986890647337525)->(20.98994944101462, 2.713816359490867, 24.986890647337525)
state:air-9.0, action:Wait, timestep:16, reward:0.4753518464055908
==================================================

coord:(20.98994944101462, 2.713816359490867, 24.986890647337525)->(20.98994944101462, 3.308610751406032, 22.560224069680494)
state:field-4.0, action:Aj, timestep:17, reward:2.3443825278443597
==================================================

coord:(20.98994944101462, 3.308610751406032, 22.560224069680494)->(21.051232025420816, 4.509439697457267, 22.62150665408669)
state:field-4.0, action:WDj, timestep:18, reward:-0.2572497401641485
==================================================

coord:(21.051232025420816, 4.509439697457267, 22.62150665408669)->(19.924565400080052, 5.227126358482947, 22.62150665408669)
state:field-4.0, action:Sj, timestep:19, reward:-0.2577331263817797
==================================================

coord:(19.924565400080052, 5.227126358482947, 22.62150665408669)->(19.924565400080052, 2.3681576868128444, 22.62150665408669)
state:air-9.0, action:Wait, timestep:20, reward:0.45425470089130826
==================================================

coord:(19.924565400080052, 2.3681576868128444, 22.62150665408669)->(16.54456552405776, 0.7484391948789028, 22.62150665408669)
state:field-4.0, action:S, timestep:21, reward:-0.6981792707409902
==================================================

coord:(16.54456552405776, 0.7484391948789028, 22.62150665408669)->(18.015347549806478, 1.7591901566695145, 21.150724628337972)
state:field-4.0, action:WAj, timestep:22, reward:1.8171403233994834
==================================================

coord:(18.015347549806478, 1.7591901566695145, 21.150724628337972)->(20.037672835210966, 2.6474166970856783, 19.128399342933484)
state:field-4.0, action:WA, timestep:23, reward:2.3151130346140825
==================================================

coord:(20.037672835210966, 2.6474166970856783, 19.128399342933484)->(20.037672835210966, 3.6987703125538394, 19.128399342933484)
state:air-9.0, action:Wait, timestep:24, reward:-0.16268814418942945
==================================================

coord:(20.037672835210966, 3.6987703125538394, 19.128399342933484)->(18.997672873357953, 4.388853638655141, 19.128399342933484)
state:field-4.0, action:Sj, timestep:25, reward:-0.3371968538301182
==================================================

coord:(18.997672873357953, 4.388853638655141, 19.128399342933484)->(18.997672873357953, 1.8485410167113652, 19.128399342933484)
state:air-9.0, action:Wait, timestep:26, reward:0.37636802315380713
==================================================

coord:(18.997672873357953, 1.8485410167113652, 19.128399342933484)->(14.597672873357917, 0.34298467623269174, 19.128399342933484)
state:field-4.0, action:Ss, timestep:27, reward:-1.6015563656738365
==================================================

coord:(14.597672873357917, 0.34298467623269174, 19.128399342933484)->(14.244119498749555, 0.3387627431367656, 18.77484596832513)
state:field-4.0, action:SAs, timestep:28, reward:0.12619324879240068
==================================================

coord:(14.244119498749555, 0.3387627431367656, 18.77484596832513)->(19.0107859905759, 1.8257865992739646, 18.77484596832513)
state:field-4.0, action:W, timestep:29, reward:1.823505900418521
==================================================

coord:(19.0107859905759, 1.8257865992739646, 18.77484596832513)->(19.0107859905759, 2.614828605119289, 18.77484596832513)
state:air-9.0, action:Wait, timestep:30, reward:-0.06755540544274474
==================================================

coord:(19.0107859905759, 2.614828605119289, 18.77484596832513)->(16.960176417847453, 1.5858286051192894, 20.82545554105358)
state:field-4.0, action:SDs, timestep:31, reward:-2.4584935803828234
==================================================

coord:(16.960176417847453, 1.5858286051192894, 20.82545554105358)->(16.960176417847453, 0.8263977634849407, 20.82545554105358)
state:air-8.0, action:Wait, timestep:32, reward:0.00551373384673326
==================================================

coord:(16.960176417847453, 0.8263977634849407, 20.82545554105358)->(19.060176417847483, 1.8257865992739646, 20.82545554105358)
state:field-3.0, action:Ws, timestep:33, reward:0.5290228067403842
==================================================

coord:(19.060176417847483, 1.8257865992739646, 20.82545554105358)->(19.060176417847483, 2.614828605119289, 20.82545554105358)
state:air-8.0, action:Wait, timestep:34, reward:-0.058701339688285614
==================================================

coord:(19.060176417847483, 2.614828605119289, 20.82545554105358)->(16.938856170197365, 3.3416619518040633, 18.70413529340346)
state:field-3.0, action:SAsj, timestep:35, reward:1.331693333925715
==================================================

coord:(16.938856170197365, 3.3416619518040633, 18.70413529340346)->(16.938856170197365, 0.8263977634849407, 18.70413529340346)
state:air-8.0, action:Wait, timestep:36, reward:0.18115855754793309
==================================================

coord:(16.938856170197365, 0.8263977634849407, 18.70413529340346)->(14.30370504073096, 0.3068054221965108, 16.068984163937007)
state:field-3.0, action:SAj, timestep:37, reward:0.9799384869881624
==================================================

coord:(14.30370504073096, 0.3068054221965108, 16.068984163937007)->(10.750371837733093, 0.0, 16.068984163937007)
state:field-3.0, action:Sj, timestep:38, reward:-2.4392866903414276
==================================================

coord:(10.750371837733093, 0.0, 16.068984163937007)->(6.50773134243277, 0.0, 11.826343668636664)
state:field-3.0, action:SAs, timestep:39, reward:-1.4505428987266527
==================================================

coord:(6.50773134243277, 0.0, 11.826343668636664)->(2.8307762780610357, 0.0, 8.149388604264974)
state:field-2.0, action:SA, timestep:40, reward:-2.73261184654622
==================================================

coord:(2.8307762780610357, 0.0, 8.149388604264974)->(6.124109490595617, 0.0, 8.149388604264974)
state:field-2.0, action:Wj, timestep:41, reward:3.2623286269088645
==================================================

coord:(6.124109490595617, 0.0, 8.149388604264974)->(9.518221886835867, 0.0, 11.543501000505248)
state:field-2.0, action:WDsj, timestep:42, reward:2.356888452964496
==================================================

coord:(9.518221886835867, 0.0, 11.543501000505248)->(12.912334283076142, 0.0, 14.937613396745522)
state:field-2.0, action:WDsj, timestep:43, reward:0.9080763966756535
==================================================

coord:(12.912334283076142, 0.0, 14.937613396745522)->(15.599339930099692, 0.5161598678007704, 17.624619043769034)
state:field-2.0, action:WDsj, timestep:44, reward:-0.48981715471961706
==================================================

coord:(15.599339930099692, 0.5161598678007704, 17.624619043769034)->(16.641143865005024, 0.7484391948789028, 16.58281510886369)
state:field-1.0, action:WA, timestep:45, reward:1.415531114550575
==================================================

coord:(16.641143865005024, 0.7484391948789028, 16.58281510886369)->(17.913936013595094, 1.0327911462574286, 15.310022960273603)
state:field-1.0, action:WAs, timestep:46, reward:1.6998507304673467
==================================================

coord:(17.913936013595094, 1.0327911462574286, 15.310022960273603)->(18.000602677082846, 1.5162257603767144, 15.310022960273603)
state:field-1.0, action:Wj, timestep:47, reward:0.025832998695323184
==================================================

coord:(18.000602677082846, 1.5162257603767144, 15.310022960273603)->(21.000602677082888, 3.0338362951707407, 15.310022960273603)
state:field-1.0, action:Ws, timestep:48, reward:0.5789000740137578
==================================================

coord:(21.000602677082888, 3.0338362951707407, 15.310022960273603)->(21.000602677082888, 4.134938453916275, 15.310022960273603)
state:air-6.0, action:Wait, timestep:49, reward:-0.2827639683875489
==================================================

coord:(21.000602677082888, 4.134938453916275, 15.310022960273603)->(21.000602677082888, 4.979149817443558, 18.01002296027363)
state:field-1.0, action:Dsj, timestep:50, reward:-2.817366845920729
==================================================

coord:(21.000602677082888, 4.979149817443558, 18.01002296027363)->(19.93994255325783, 5.648816490785945, 16.94936283644857)
state:field-1.0, action:SAsj, timestep:51, reward:0.6256253830465504
==================================================

coord:(19.93994255325783, 5.648816490785945, 16.94936283644857)->(19.93994255325783, 2.3681576868128444, 16.94936283644857)
state:air-5.0, action:Wait, timestep:52, reward:0.8228944020887496
==================================================

coord:(19.93994255325783, 2.3681576868128444, 16.94936283644857)->(21.039942553257845, 3.308610751406032, 16.94936283644857)
state:field-0.0, action:Ws, timestep:53, reward:0.0016973970590861143
==================================================

coord:(21.039942553257845, 3.308610751406032, 16.94936283644857)->(21.039942553257845, 4.509439697457267, 16.94936283644857)
state:air-5.0, action:Wait, timestep:54, reward:-0.2977009360450307
==================================================

coord:(21.039942553257845, 4.509439697457267, 16.94936283644857)->(19.998138618352503, 5.291534145999858, 17.991166771353914)
state:field-0.0, action:SDj, timestep:55, reward:-1.3516178279155824
==================================================

coord:(19.998138618352503, 5.291534145999858, 17.991166771353914)->(19.998138618352503, 2.5194514766035314, 17.991166771353914)
state:air-5.0, action:Wait, timestep:56, reward:0.6213069458730658
==================================================

coord:(19.998138618352503, 2.5194514766035314, 17.991166771353914)->(20.068849293274173, 3.6532406959880954, 18.061877446275584)
state:field-0.0, action:WDsj, timestep:57, reward:-0.24044459663280193
==================================================

coord:(20.068849293274173, 3.6532406959880954, 18.061877446275584)->(18.937478494527443, 4.345774036442198, 16.930506647528855)
state:field-0.0, action:SAsj, timestep:58, reward:0.6725808577172465
==================================================

coord:(18.937478494527443, 4.345774036442198, 16.930506647528855)->(18.937478494527443, 1.653550279007014, 16.930506647528855)
state:air-5.0, action:Wait, timestep:59, reward:0.4431588785605527
==================================================

coord:(18.937478494527443, 1.653550279007014, 16.930506647528855)->(16.057197027436203, 0.6138910508839367, 14.050225180437671)
state:field-0.0, action:SAj, timestep:60, reward:1.3477105973552366
==================================================

coord:(16.057197027436203, 0.6138910508839367, 14.050225180437671)->(16.76430377665291, 0.5356997742062224, 13.343118431220947)
state:field-0.0, action:WAs, timestep:61, reward:0.9818880506770871
==================================================

coord:(16.76430377665291, 0.5356997742062224, 13.343118431220947)->(20.05763698918745, 1.6950228512760246, 13.343118431220947)
state:field-0.0, action:W, timestep:62, reward:1.4161594194029368
==================================================

coord:(20.05763698918745, 1.6950228512760246, 13.343118431220947)->(20.05763698918745, 2.3681576868128444, 13.343118431220947)
state:air-5.0, action:Wait, timestep:63, reward:-0.08252602120858654
==================================================

coord:(20.05763698918745, 2.3681576868128444, 13.343118431220947)->(17.936316741537333, 3.094991033497619, 11.221798183570776)
state:field-0.0, action:SAsj, timestep:64, reward:0.7889489691398444
==================================================

coord:(17.936316741537333, 3.094991033497619, 11.221798183570776)->(17.936316741537333, 0.5699238672558504, 11.221798183570776)
state:air-5.0, action:Wait, timestep:65, reward:0.27582042816372976
==================================================

coord:(17.936316741537333, 0.5699238672558504, 11.221798183570776)->(18.73299033881789, 0.6778348795001161, 10.425124586290243)
state:field-0.0, action:WA, timestep:66, reward:1.1212323180840285
==================================================

coord:(18.73299033881789, 0.6778348795001161, 10.425124586290243)->(19.032990338817893, 0.9707717392434059, 10.425124586290243)
state:field-0.0, action:Wsj, timestep:67, reward:0.18692740712582712
==================================================

coord:(19.032990338817893, 0.9707717392434059, 10.425124586290243)->(18.420164494755927, 0.8366969954363354, 11.037950430352192)
state:field-0.0, action:SD, timestep:68, reward:-0.8564579478105019
==================================================

coord:(18.420164494755927, 0.8366969954363354, 11.037950430352192)->(18.420164494755927, 0.3106290775193691, 7.311283900378825)
state:field-0.0, action:Aj, timestep:69, reward:2.2938274041706843
==================================================

coord:(18.420164494755927, 0.3106290775193691, 7.311283900378825)->(24.420164494756012, 1.8485410167113652, 7.311283900378825)
state:field-0.0, action:Ws, timestep:70, reward:1.0372170516829078
==================================================

coord:(24.420164494756012, 1.8485410167113652, 7.311283900378825)->(22.340164571049986, 1.126331007346584, 7.311283900378825)
state:field-0.0, action:S, timestep:71, reward:1.4994342710025834
==================================================

coord:(22.340164571049986, 1.126331007346584, 7.311283900378825)->(20.746817376488874, 0.32640620947132826, 5.717936705817737)
state:field-0.0, action:SA, timestep:72, reward:-0.14046277386390948
==================================================

coord:(20.746817376488874, 0.32640620947132826, 5.717936705817737)->(24.05607693442349, 1.9424300877930798, 9.027196263752291)
state:field-0.0, action:WD, timestep:73, reward:-2.261278567417142
==================================================

coord:(24.05607693442349, 1.9424300877930798, 9.027196263752291)->(24.05607693442349, 3.187927586082057, 9.027196263752291)
state:air-5.0, action:Wait, timestep:74, reward:-0.46009770834998776
==================================================

coord:(24.05607693442349, 3.187927586082057, 9.027196263752291)->(24.05607693442349, 2.02398711591267, 6.947196340046234)
state:field-0.0, action:A, timestep:75, reward:1.7689887382192335
==================================================

coord:(24.05607693442349, 2.02398711591267, 6.947196340046234)->(24.05607693442349, 1.3562888280233438, 6.947196340046234)
state:air-5.0, action:Wait, timestep:76, reward:0.168866211988993
==================================================

coord:(24.05607693442349, 1.3562888280233438, 6.947196340046234)->(24.05607693442349, 2.457807391178343, 9.027196263752291)
state:field-0.0, action:D, timestep:77, reward:-1.6267653354002798
==================================================

coord:(24.05607693442349, 2.457807391178343, 9.027196263752291)->(24.05607693442349, 3.187927586082057, 9.027196263752291)
state:air-5.0, action:Wait, timestep:78, reward:-0.3110899111087768
==================================================

coord:(24.05607693442349, 3.187927586082057, 9.027196263752291)->(25.036598284922636, 3.0338362951707407, 8.046674913253174)
state:field-0.0, action:WA, timestep:79, reward:0.07218943781701803
==================================================

coord:(25.036598284922636, 3.0338362951707407, 8.046674913253174)->(25.036598284922636, 1.8698958250013535, 5.966674989547126)
state:field-0.0, action:A, timestep:80, reward:1.0100264540438348
==================================================

coord:(25.036598284922636, 1.8698958250013535, 5.966674989547126)->(25.036598284922636, 1.1982885833176193, 5.966674989547126)
state:air-5.0, action:Wait, timestep:81, reward:0.0961082840885874
==================================================

coord:(25.036598284922636, 1.1982885833176193, 5.966674989547126)->(27.058923570327124, 2.747638116270579, 7.989000274951585)
state:field-0.0, action:WD, timestep:82, reward:-2.6436874627933244
==================================================

coord:(27.058923570327124, 2.747638116270579, 7.989000274951585)->(27.058923570327124, 3.2276580973492344, 7.989000274951585)
state:air-5.0, action:Wait, timestep:83, reward:-0.15791055809921684
==================================================

coord:(27.058923570327124, 3.2276580973492344, 7.989000274951585)->(28.100727505232467, 4.917859506649682, 9.030804209856898)
state:field-0.0, action:WD, timestep:84, reward:-1.9725161127390338
==================================================

coord:(28.100727505232467, 4.917859506649682, 9.030804209856898)->(28.100727505232467, 6.378766717846037, 9.030804209856898)
state:air-5.0, action:Wait, timestep:85, reward:-0.8099330080748786
==================================================

coord:(28.100727505232467, 6.378766717846037, 9.030804209856898)->(28.100727505232467, 6.125736180852694, 7.990804248003864)
state:field-0.0, action:A, timestep:86, reward:0.46688890804037975
==================================================

coord:(28.100727505232467, 6.125736180852694, 7.990804248003864)->(28.100727505232467, 3.6987703125538394, 7.990804248003864)
state:air-5.0, action:Wait, timestep:87, reward:1.2293542988723942
==================================================

coord:(28.100727505232467, 3.6987703125538394, 7.990804248003864)->(28.100727505232467, 3.6987703125538394, 7.990804248003864)
state:field-0.0, action:Wait, timestep:88, reward:-8.26888850724572e-08
==================================================

coord:(28.100727505232467, 3.6987703125538394, 7.990804248003864)->(27.058923570327124, 4.434801208753298, 9.032608182909177)
state:field-0.0, action:SD, timestep:89, reward:0.1469623161364808
==================================================

coord:(27.058923570327124, 4.434801208753298, 9.032608182909177)->(27.058923570327124, 5.566303476071249, 9.032608182909177)
state:air-5.0, action:Wait, timestep:90, reward:-0.6235983295668976
==================================================

coord:(27.058923570327124, 5.566303476071249, 9.032608182909177)->(27.058923570327124, 5.566303476071249, 9.032608182909177)
state:field-0.0, action:Wait, timestep:91, reward:-2.308120148342141e-07
==================================================

coord:(27.058923570327124, 5.566303476071249, 9.032608182909177)->(28.03944492082627, 5.566303476071249, 10.013129533408295)
state:field-0.0, action:WD, timestep:92, reward:-1.117266903485847
==================================================

coord:(28.03944492082627, 5.566303476071249, 10.013129533408295)->(28.03944492082627, 8.07121969755779, 10.013129533408295)
state:air-5.0, action:Wait, timestep:93, reward:-1.543675696481671
==================================================

coord:(28.03944492082627, 8.07121969755779, 10.013129533408295)->(26.875075817108534, 7.40091872528127, 11.177498637125996)
state:field-0.0, action:SD, timestep:94, reward:0.5576692559853704
==================================================

coord:(26.875075817108534, 7.40091872528127, 11.177498637125996)->(26.875075817108534, 7.40091872528127, 11.177498637125996)
state:field-0.0, action:Wait, timestep:95, reward:-3.836020319170075e-07
==================================================

coord:(26.875075817108534, 7.40091872528127, 11.177498637125996)->(26.875075817108534, 7.147888188287926, 9.964165348297456)
state:field-0.0, action:A, timestep:96, reward:0.7799352144625082
==================================================

coord:(26.875075817108534, 7.147888188287926, 9.964165348297456)->(26.875075817108534, 4.738478220522606, 9.964165348297456)
state:air-5.0, action:Wait, timestep:97, reward:1.461764655788107
==================================================

coord:(26.875075817108534, 4.738478220522606, 9.964165348297456)->(29.448944362168792, 4.134938453916275, 7.3902968032372645)
state:field-0.0, action:WA, timestep:98, reward:-0.9009497665545183
==================================================

coord:(29.448944362168792, 4.134938453916275, 7.3902968032372645)->(30.858443803511314, 3.5828718277489777, 5.980797361894763)
state:field-0.0, action:WA, timestep:99, reward:-1.0363090645841702
==================================================

coord:(30.858443803511314, 3.5828718277489777, 5.980797361894763)->(30.858443803511314, 2.3681576868128444, 5.980797361894763)
state:air-5.0, action:Wait, timestep:100, reward:0.25203832238283397
==================================================

coord:(30.858443803511314, 2.3681576868128444, 5.980797361894763)->(29.125110533756292, 2.171486246874829, 5.980797361894763)
state:field-0.0, action:S, timestep:101, reward:1.7434721240266011
==================================================

coord:(29.125110533756292, 2.171486246874829, 5.980797361894763)->(29.125110533756292, 2.171486246874829, 5.980797361894763)
state:field-0.0, action:Wait, timestep:102, reward:2.4722401903432e-08
==================================================

coord:(29.125110533756292, 2.171486246874829, 5.980797361894763)->(31.637696494410353, 1.1982885833176193, 3.4682114012407426)
state:field-0.0, action:WA, timestep:103, reward:-2.758869345341779
==================================================

coord:(31.637696494410353, 1.1982885833176193, 3.4682114012407426)->(31.637696494410353, 0.0, 0.8682114966081727)
state:field-0.0, action:A, timestep:104, reward:-1.0080620791413164
==================================================

coord:(31.637696494410353, 0.0, 0.8682114966081727)->(31.637696494410353, 0.0, 0.8682114966081727)
state:field-0.0, action:Wait, timestep:105, reward:2.835295820347028e-07
==================================================

coord:(31.637696494410353, 0.0, 0.8682114966081727)->(31.637696494410353, 1.1982885833176193, 4.0748780456550096)
state:field-0.0, action:D, timestep:106, reward:1.1446627019495406
==================================================

coord:(31.637696494410353, 1.1982885833176193, 4.0748780456550096)->(31.637696494410353, 1.7591901566695145, 4.0748780456550096)
state:air-5.0, action:Wait, timestep:107, reward:-0.02202410295462265
==================================================

coord:(31.637696494410353, 1.7591901566695145, 4.0748780456550096)->(33.59873919540855, 2.6474166970856783, 6.0359207466532725)
state:field-0.0, action:WD, timestep:108, reward:-1.8518899344588657
==================================================

coord:(33.59873919540855, 2.6474166970856783, 6.0359207466532725)->(33.59873919540855, 3.6987703125538394, 6.0359207466532725)
state:air-5.0, action:Wait, timestep:109, reward:-0.18546089784955022
==================================================

coord:(33.59873919540855, 3.6987703125538394, 6.0359207466532725)->(33.59873919540855, 3.6987703125538394, 6.0359207466532725)
state:field-0.0, action:Wait, timestep:110, reward:1.4646197321610543e-07
==================================================

coord:(33.59873919540855, 3.6987703125538394, 6.0359207466532725)->(34.64054313031383, 3.146703686386542, 4.994116811747945)
state:field-0.0, action:WA, timestep:111, reward:-0.9577988241441329
==================================================

coord:(34.64054313031383, 3.146703686386542, 4.994116811747945)->(34.64054313031383, 1.8257865992739646, 4.994116811747945)
state:air-5.0, action:Wait, timestep:112, reward:0.1441375783165295
==================================================

coord:(34.64054313031383, 1.8257865992739646, 4.994116811747945)->(33.59873919540855, 2.6474166970856783, 6.0359207466532725)
state:field-0.0, action:SD, timestep:113, reward:0.9991222954605679
==================================================

coord:(33.59873919540855, 2.6474166970856783, 6.0359207466532725)->(33.59873919540855, 3.6987703125538394, 6.0359207466532725)
state:air-5.0, action:Wait, timestep:114, reward:-0.18546089784955022
==================================================

coord:(33.59873919540855, 3.6987703125538394, 6.0359207466532725)->(32.67950042931565, 3.6532406959880954, 6.955159512746208)
state:field-0.0, action:SD, timestep:115, reward:0.8643277036945598
==================================================

coord:(32.67950042931565, 3.6532406959880954, 6.955159512746208)->(31.20616715002386, 3.519986988009651, 6.955159512746208)
state:field-0.0, action:S, timestep:116, reward:1.4550521442708284
==================================================

coord:(31.20616715002386, 3.519986988009651, 6.955159512746208)->(30.28692838393091, 3.308610751406032, 6.0359207466532725)
state:field-0.0, action:SA, timestep:117, reward:0.9904156513251152
==================================================

coord:(30.28692838393091, 3.308610751406032, 6.0359207466532725)->(30.28692838393091, 4.509439697457267, 8.029254006871568)
state:field-0.0, action:D, timestep:118, reward:-0.6123747181356087
==================================================

coord:(30.28692838393091, 4.509439697457267, 8.029254006871568)->(30.28692838393091, 5.995719931712003, 8.029254006871568)
state:air-5.0, action:Wait, timestep:119, reward:-0.6498045070340055
==================================================

coord:(30.28692838393091, 5.995719931712003, 8.029254006871568)->(27.513595152322875, 4.291471953364964, 8.029254006871568)
state:field-0.0, action:S, timestep:120, reward:3.1507379691327495
==================================================

coord:(27.513595152322875, 4.291471953364964, 8.029254006871568)->(27.513595152322875, 4.0384414163716205, 6.989254045018544)
state:field-0.0, action:A, timestep:121, reward:0.3605682829865211
==================================================

coord:(27.513595152322875, 4.0384414163716205, 6.989254045018544)->(27.513595152322875, 2.3681576868128444, 6.989254045018544)
state:air-5.0, action:Wait, timestep:122, reward:0.5840279699845015
==================================================

coord:(27.513595152322875, 2.3681576868128444, 6.989254045018544)->(25.307422113699797, 0.8366969954363354, 4.7830810063954985)
state:field-0.0, action:SA, timestep:123, reward:2.21162592306518
==================================================

coord:(25.307422113699797, 0.8366969954363354, 4.7830810063954985)->(24.081770425575865, 0.4617134733275187, 3.5574293182715877)
state:field-0.0, action:SA, timestep:124, reward:0.2627274587503319
==================================================

coord:(24.081770425575865, 0.4617134733275187, 3.5574293182715877)->(24.081770425575865, 1.8485410167113652, 8.064095819634694)
state:field-0.0, action:D, timestep:125, reward:0.24318193267900412
==================================================

coord:(24.081770425575865, 1.8485410167113652, 8.064095819634694)->(24.081770425575865, 2.457807391178343, 8.064095819634694)
state:air-5.0, action:Wait, timestep:126, reward:-0.20643677945056682
==================================================

coord:(24.081770425575865, 2.457807391178343, 8.064095819634694)->(23.10124907507672, 2.5194514766035314, 9.044617170133812)
state:field-0.0, action:SD, timestep:127, reward:-0.3042326195603908
==================================================

coord:(23.10124907507672, 2.5194514766035314, 9.044617170133812)->(25.001009191668814, 4.033767821479751, 10.944377286725851)
state:field-0.0, action:WD, timestep:128, reward:-2.9505956938880527
==================================================

coord:(25.001009191668814, 4.033767821479751, 10.944377286725851)->(25.001009191668814, 4.979149817443558, 10.944377286725851)
state:air-5.0, action:Wait, timestep:129, reward:-0.4796808612960666
==================================================

coord:(25.001009191668814, 4.979149817443558, 10.944377286725851)->(24.02048784116967, 4.496091519547174, 9.963855936226734)
state:field-0.0, action:SA, timestep:130, reward:1.3667282897333068
==================================================

coord:(24.02048784116967, 4.496091519547174, 9.963855936226734)->(24.02048784116967, 3.187927586082057, 9.963855936226734)
state:air-5.0, action:Wait, timestep:131, reward:0.6838545239059597
==================================================

coord:(24.02048784116967, 3.187927586082057, 9.963855936226734)->(24.02048784116967, 3.187927586082057, 9.963855936226734)
state:field-0.0, action:Wait, timestep:132, reward:-5.601957742129571e-08
==================================================

coord:(24.02048784116967, 3.187927586082057, 9.963855936226734)->(24.02048784116967, 2.02398711591267, 6.930522714155395)
state:field-0.0, action:A, timestep:133, reward:2.5062439283669065
==================================================

coord:(24.02048784116967, 2.02398711591267, 6.930522714155395)->(24.02048784116967, 1.3562888280233438, 6.930522714155395)
state:air-5.0, action:Wait, timestep:134, reward:0.1716008656530521
==================================================

coord:(24.02048784116967, 1.3562888280233438, 6.930522714155395)->(25.552552451324583, 1.1982885833176193, 5.398458104000502)
state:field-0.0, action:WA, timestep:135, reward:-1.3646123440607423
==================================================

coord:(25.552552451324583, 1.1982885833176193, 5.398458104000502)->(23.64588585459406, 0.7672107429791609, 5.398458104000502)
state:field-0.0, action:S, timestep:136, reward:1.8223951367894473
==================================================

coord:(23.64588585459406, 0.7672107429791609, 5.398458104000502)->(26.035906646435727, 2.2817779984468363, 7.788478895842135)
state:field-0.0, action:WD, timestep:137, reward:-2.7895732712123547
==================================================

coord:(26.035906646435727, 2.2817779984468363, 7.788478895842135)->(26.035906646435727, 2.747638116270579, 7.788478895842135)
state:air-5.0, action:Wait, timestep:138, reward:-0.1427039759848805
==================================================

coord:(26.035906646435727, 2.747638116270579, 7.788478895842135)->(26.035906646435727, 3.6532406959880954, 9.001812184670673)
state:field-0.0, action:D, timestep:139, reward:-0.9296777943535934
==================================================

coord:(26.035906646435727, 3.6532406959880954, 9.001812184670673)->(26.035906646435727, 4.738478220522606, 9.001812184670673)
state:air-5.0, action:Wait, timestep:140, reward:-0.5681239716978466
==================================================

coord:(26.035906646435727, 4.738478220522606, 9.001812184670673)->(26.035906646435727, 4.485447683529262, 7.961812222817639)
state:field-0.0, action:A, timestep:141, reward:0.5865153321715955
==================================================

coord:(26.035906646435727, 4.485447683529262, 7.961812222817639)->(26.035906646435727, 2.747638116270579, 7.961812222817639)
state:air-5.0, action:Wait, timestep:142, reward:0.8428424683873432
==================================================

coord:(26.035906646435727, 2.747638116270579, 7.961812222817639)->(26.035906646435727, 1.5836976461011925, 4.92847900074632)
state:field-0.0, action:A, timestep:143, reward:0.5784711790130412
==================================================

coord:(26.035906646435727, 1.5836976461011925, 4.92847900074632)->(26.035906646435727, 1.0075215722102642, 4.92847900074632)
state:air-5.0, action:Wait, timestep:144, reward:0.027942505236031145
==================================================

coord:(26.035906646435727, 1.0075215722102642, 4.92847900074632)->(26.035906646435727, 1.0075215722102642, 4.92847900074632)
state:field-0.0, action:Wait, timestep:145, reward:-1.5223467197955642e-07
==================================================

coord:(26.035906646435727, 1.0075215722102642, 4.92847900074632)->(25.361798217967564, 0.8366969954363354, 4.254370572278167)
state:field-0.0, action:SA, timestep:146, reward:0.3799746462319544
==================================================

coord:(25.361798217967564, 0.8366969954363354, 4.254370572278167)->(25.361798217967564, 0.8366969954363354, 4.254370572278167)
state:field-0.0, action:Wait, timestep:147, reward:4.2579000325559946e-08
==================================================

coord:(25.361798217967564, 0.8366969954363354, 4.254370572278167)->(24.14846492913905, 0.6778348795001161, 4.254370572278167)
state:field-0.0, action:S, timestep:148, reward:0.9975126892297093
==================================================

coord:(24.14846492913905, 0.6778348795001161, 4.254370572278167)->(24.14846492913905, 1.8485410167113652, 8.067703765739255)
state:field-0.0, action:D, timestep:149, reward:-0.2771091006475914
==================================================

coord:(24.14846492913905, 1.8485410167113652, 8.067703765739255)->(24.14846492913905, 2.457807391178343, 8.067703765739255)
state:air-5.0, action:Wait, timestep:150, reward:-0.20337487165903845
==================================================

coord:(24.14846492913905, 2.457807391178343, 8.067703765739255)->(24.14846492913905, 4.033767821479751, 11.014370324322853)
state:field-0.0, action:D, timestep:151, reward:-2.918119782246402
==================================================

coord:(24.14846492913905, 4.033767821479751, 11.014370324322853)->(24.14846492913905, 4.979149817443558, 11.014370324322853)
state:air-5.0, action:Wait, timestep:152, reward:-0.5005602748504696
==================================================

coord:(24.14846492913905, 4.979149817443558, 11.014370324322853)->(25.0064211108258, 4.979149817443558, 10.156414142636125)
state:field-0.0, action:WA, timestep:153, reward:0.26232763222181354
==================================================

coord:(25.0064211108258, 4.979149817443558, 10.156414142636125)->(24.14846492913905, 4.979149817443558, 11.014370324322853)
state:field-0.0, action:SD, timestep:154, reward:-0.26232766224060633
==================================================

coord:(24.14846492913905, 4.979149817443558, 11.014370324322853)->(24.14846492913905, 4.726119280450214, 9.974370362469818)
state:field-0.0, action:A, timestep:155, reward:0.9003732043371953
==================================================

coord:(24.14846492913905, 4.726119280450214, 9.974370362469818)->(24.14846492913905, 3.187927586082057, 9.974370362469818)
state:air-5.0, action:Wait, timestep:156, reward:0.8176493601358512
==================================================

coord:(24.14846492913905, 3.187927586082057, 9.974370362469818)->(25.0064211108258, 4.033767821479751, 10.832326544156546)
state:field-0.0, action:WD, timestep:157, reward:-1.426135261905868
==================================================

coord:(25.0064211108258, 4.033767821479751, 10.832326544156546)->(25.0064211108258, 4.979149817443558, 10.832326544156546)
state:air-5.0, action:Wait, timestep:158, reward:-0.48542101319141917
==================================================

coord:(25.0064211108258, 4.979149817443558, 10.832326544156546)->(26.048225045731144, 6.146098139940421, 11.874130479061858)
state:field-0.0, action:WD, timestep:159, reward:-1.850829637841123
==================================================

coord:(26.048225045731144, 6.146098139940421, 11.874130479061858)->(26.048225045731144, 7.40091872528127, 11.874130479061858)
state:air-5.0, action:Wait, timestep:160, reward:-0.7805610786523296
==================================================

coord:(26.048225045731144, 7.40091872528127, 11.874130479061858)->(25.128986279638195, 6.982268200437737, 10.954891712968935)
state:field-0.0, action:SA, timestep:161, reward:1.214625720644527
==================================================

coord:(25.128986279638195, 6.982268200437737, 10.954891712968935)->(25.128986279638195, 4.979149817443558, 10.954891712968935)
state:air-5.0, action:Wait, timestep:162, reward:1.2766054995416
==================================================

coord:(25.128986279638195, 4.979149817443558, 10.954891712968935)->(24.025899760326656, 5.995719931712003, 12.057978232280442)
state:field-0.0, action:SD, timestep:163, reward:-1.0207465939116904
==================================================

coord:(24.025899760326656, 5.995719931712003, 12.057978232280442)->(26.01923302054493, 7.40091872528127, 12.057978232280442)
state:field-0.0, action:W, timestep:164, reward:-1.5728305571474959
==================================================

coord:(26.01923302054493, 7.40091872528127, 12.057978232280442)->(26.01923302054493, 8.911930257389267, 12.057978232280442)
state:air-5.0, action:Wait, timestep:165, reward:-1.0514788945287208
==================================================

coord:(26.01923302054493, 8.911930257389267, 12.057978232280442)->(27.061036955450273, 10.468869130887198, 13.099782167185754)
state:field-0.0, action:WD, timestep:166, reward:-2.1268702482276662
==================================================

coord:(27.061036955450273, 10.468869130887198, 13.099782167185754)->(27.061036955450273, 12.297809533324285, 13.099782167185754)
state:air-5.0, action:Wait, timestep:167, reward:-1.3940924689514116
==================================================

coord:(27.061036955450273, 12.297809533324285, 13.099782167185754)->(26.974370291962522, 12.297809533324285, 13.099782167185754)
state:field-0.0, action:S, timestep:168, reward:0.030662040187463546
==================================================

coord:(26.974370291962522, 12.297809533324285, 13.099782167185754)->(26.974370291962522, 10.468869130887198, 13.099782167185754)
state:air-5.0, action:Wait, timestep:169, reward:1.3974397713092728
==================================================

coord:(26.974370291962522, 10.468869130887198, 13.099782167185754)->(26.974370291962522, 10.21583859389385, 11.973115541844967)
state:field-0.0, action:A, timestep:170, reward:0.7840555490735603
==================================================

coord:(26.974370291962522, 10.21583859389385, 11.973115541844967)->(26.974370291962522, 7.40091872528127, 11.973115541844967)
state:air-5.0, action:Wait, timestep:171, reward:1.9748226436571379
==================================================

coord:(26.974370291962522, 7.40091872528127, 11.973115541844967)->(27.03565287636872, 7.40091872528127, 12.034398126251162)
state:field-0.0, action:WD, timestep:172, reward:-0.06716549905476299
==================================================

coord:(27.03565287636872, 7.40091872528127, 12.034398126251162)->(27.03565287636872, 10.468869130887198, 12.034398126251162)
state:air-5.0, action:Wait, timestep:173, reward:-2.1566333403391322
==================================================

coord:(27.03565287636872, 10.468869130887198, 12.034398126251162)->(29.028986136586994, 11.996915775911294, 12.034398126251162)
state:field-0.0, action:W, timestep:174, reward:-2.073572802748064
==================================================

coord:(29.028986136586994, 11.996915775911294, 12.034398126251162)->(29.028986136586994, 13.411621749488766, 12.034398126251162)
state:air-5.0, action:Wait, timestep:175, reward:-1.1053982787597807
==================================================

coord:(29.028986136586994, 13.411621749488766, 12.034398126251162)->(28.048464786087848, 14.092810155034131, 13.01491947675028)
state:field-0.0, action:SD, timestep:176, reward:-0.5488171564940281
==================================================

coord:(28.048464786087848, 14.092810155034131, 13.01491947675028)->(28.109747370494045, 14.092810155034131, 12.953636892344084)
state:field-0.0, action:WA, timestep:177, reward:0.0034749841971617457
==================================================

coord:(28.109747370494045, 14.092810155034131, 12.953636892344084)->(28.109747370494045, 11.996915775911294, 12.953636892344084)
state:air-5.0, action:Wait, timestep:178, reward:1.6555815978077124
==================================================

coord:(28.109747370494045, 11.996915775911294, 12.953636892344084)->(30.01641396722457, 13.411621749488766, 12.953636892344084)
state:field-0.0, action:W, timestep:179, reward:-1.9562259115851326
==================================================

coord:(30.01641396722457, 13.411621749488766, 12.953636892344084)->(30.01641396722457, 14.626311902452928, 12.953636892344084)
state:air-5.0, action:Wait, timestep:180, reward:-0.9385949552608679
==================================================

coord:(30.01641396722457, 14.626311902452928, 12.953636892344084)->(28.976414005371556, 14.37328136545958, 12.953636892344084)
state:field-0.0, action:S, timestep:181, reward:0.6633648162233499
==================================================

coord:(28.976414005371556, 14.37328136545958, 12.953636892344084)->(28.976414005371556, 11.996915775911294, 12.953636892344084)
state:air-5.0, action:Wait, timestep:182, reward:1.8403504783935176
==================================================

coord:(28.976414005371556, 11.996915775911294, 12.953636892344084)->(29.037696589777752, 11.996915775911294, 13.01491947675028)
state:field-0.0, action:WD, timestep:183, reward:-0.05823381860081156
==================================================

coord:(29.037696589777752, 11.996915775911294, 13.01491947675028)->(29.037696589777752, 15.754669176404608, 13.01491947675028)
state:air-5.0, action:Wait, timestep:184, reward:-2.959300297341642
==================================================

coord:(29.037696589777752, 15.754669176404608, 13.01491947675028)->(29.037696589777752, 15.754669176404608, 14.054919438603314)
state:field-0.0, action:D, timestep:185, reward:-0.4370331121139408
==================================================

coord:(29.037696589777752, 15.754669176404608, 14.054919438603314)->(29.037696589777752, 18.054236500963327, 14.054919438603314)
state:air-5.0, action:Wait, timestep:186, reward:-1.9036129892025144
==================================================

coord:(29.037696589777752, 18.054236500963327, 14.054919438603314)->(29.037696589777752, 18.054236500963327, 15.008252736968595)
state:field-0.0, action:D, timestep:187, reward:-0.40158096356145023
==================================================

coord:(29.037696589777752, 18.054236500963327, 15.008252736968595)->(29.037696589777752, 20.0, 15.008252736968595)
state:air-5.0, action:Wait, timestep:188, reward:-1.6403054909065204
==================================================

coord:(29.037696589777752, 20.0, 15.008252736968595)->(28.95102992629, 20.0, 15.008252736968595)
state:field-0.0, action:S, timestep:189, reward:0.027451582379622863
==================================================

coord:(28.95102992629, 20.0, 15.008252736968595)->(28.95102992629, 18.054236500963327, 15.008252736968595)
state:air-5.0, action:Wait, timestep:190, reward:1.6425090360701446
==================================================

coord:(28.95102992629, 18.054236500963327, 15.008252736968595)->(29.012312510696198, 18.054236500963327, 15.06953532137479)
state:field-0.0, action:WD, timestep:191, reward:-0.04801225479112148
==================================================

coord:(29.012312510696198, 18.054236500963327, 15.06953532137479)->(29.012312510696198, 20.0, 15.06953532137479)
state:air-5.0, action:Wait, timestep:192, reward:-1.6389442506559675
==================================================

coord:(29.012312510696198, 20.0, 15.06953532137479)->(28.95102992629, 20.0, 15.130817905780985)
state:field-0.0, action:SD, timestep:193, reward:-0.005870285529280039
==================================================

coord:(28.95102992629, 20.0, 15.130817905780985)->(28.95102992629, 18.054236500963327, 15.130817905780985)
state:air-5.0, action:Wait, timestep:194, reward:1.63847447422906
==================================================

coord:(28.95102992629, 18.054236500963327, 15.130817905780985)->(29.012312510696198, 18.054236500963327, 15.19210049018718)
state:field-0.0, action:WD, timestep:195, reward:-0.04825155746921084
==================================================

coord:(29.012312510696198, 18.054236500963327, 15.19210049018718)->(29.012312510696198, 20.0, 15.19210049018718)
state:air-5.0, action:Wait, timestep:196, reward:-1.6349064704015035
==================================================

coord:(29.012312510696198, 20.0, 15.19210049018718)->(34.212312319961356, 20.0, 15.19210049018718)
state:field-0.0, action:W, timestep:197, reward:-2.150984323353608
==================================================

coord:(34.212312319961356, 20.0, 15.19210049018718)->(34.212312319961356, 19.696363355607982, 12.938767239505605)
state:field-0.0, action:A, timestep:198, reward:1.0023941900214552
==================================================

coord:(34.212312319961356, 19.696363355607982, 12.938767239505605)->(34.212312319961356, 16.149810868972413, 12.938767239505605)
state:air-5.0, action:Wait, timestep:199, reward:2.7192573584066153
==================================================

coord:(34.212312319961356, 16.149810868972413, 12.938767239505605)->(33.23179096946227, 16.351082769091413, 11.958245889006488)
state:field-0.0, action:SA, timestep:200, reward:0.7300162874181346
==================================================

coord:(33.23179096946227, 16.351082769091413, 11.958245889006488)->(33.23179096946227, 13.578768139938639, 11.958245889006488)
state:air-5.0, action:Wait, timestep:201, reward:2.0412487826437555
==================================================

coord:(33.23179096946227, 13.578768139938639, 11.958245889006488)->(32.373834787775564, 13.411621749488766, 11.10028970731976)
state:field-0.0, action:SA, timestep:202, reward:0.926735664218235
==================================================

coord:(32.373834787775564, 13.411621749488766, 11.10028970731976)->(29.94716821011852, 12.247681279319375, 11.10028970731976)
state:field-0.0, action:S, timestep:203, reward:2.278139695222528
==================================================

coord:(29.94716821011852, 12.247681279319375, 11.10028970731976)->(29.94716821011852, 11.137690677042896, 11.10028970731976)
state:air-5.0, action:Wait, timestep:204, reward:0.8285395412474568
==================================================

coord:(29.94716821011852, 11.137690677042896, 11.10028970731976)->(27.953834949900244, 10.834054032650878, 11.10028970731976)
state:field-0.0, action:S, timestep:205, reward:1.2824512082770863
==================================================

coord:(27.953834949900244, 10.834054032650878, 11.10028970731976)->(27.953834949900244, 8.69387970345265, 11.10028970731976)
state:air-5.0, action:Wait, timestep:206, reward:1.5845656642762247
==================================================

coord:(27.953834949900244, 8.69387970345265, 11.10028970731976)->(27.953834949900244, 8.440849166459302, 9.973623081978973)
state:field-0.0, action:A, timestep:207, reward:0.6613361577849819
==================================================

coord:(27.953834949900244, 8.440849166459302, 9.973623081978973)->(27.953834949900244, 5.566303476071249, 9.973623081978973)
state:air-5.0, action:Wait, timestep:208, reward:1.8173510141718534
==================================================

coord:(27.953834949900244, 5.566303476071249, 9.973623081978973)->(30.772833832585288, 4.509439697457267, 7.154624199293998)
state:field-0.0, action:WA, timestep:209, reward:-1.044163470468522
==================================================

coord:(30.772833832585288, 4.509439697457267, 7.154624199293998)->(31.63079001427204, 4.797532937810311, 8.012580380980738)
state:field-0.0, action:WD, timestep:210, reward:-1.0279998465362272
==================================================

coord:(31.63079001427204, 4.797532937810311, 8.012580380980738)->(31.63079001427204, 6.378766717846037, 8.012580380980738)
state:air-5.0, action:Wait, timestep:211, reward:-0.6557248856911713
==================================================

coord:(31.63079001427204, 6.378766717846037, 8.012580380980738)->(32.67259394917735, 6.620243268861104, 9.05438431588605)
state:field-0.0, action:WD, timestep:212, reward:-1.2321562565090645
==================================================

coord:(32.67259394917735, 6.620243268861104, 9.05438431588605)->(32.67259394917735, 8.586863323434834, 9.05438431588605)
state:air-5.0, action:Wait, timestep:213, reward:-0.9928170259233582
==================================================

coord:(32.67259394917735, 8.586863323434834, 9.05438431588605)->(31.692072598678237, 8.540857771254224, 10.034905666385168)
state:field-0.0, action:SD, timestep:214, reward:0.5217410944684744
==================================================

coord:(31.692072598678237, 8.540857771254224, 10.034905666385168)->(31.692072598678237, 10.468869130887198, 10.034905666385168)
state:air-5.0, action:Wait, timestep:215, reward:-1.203735741563099
==================================================

coord:(31.692072598678237, 10.468869130887198, 10.034905666385168)->(32.67259394917735, 10.865181854423884, 11.015427016884285)
state:field-0.0, action:WD, timestep:216, reward:-1.2395084637092584
==================================================

coord:(32.67259394917735, 10.865181854423884, 11.015427016884285)->(32.67259394917735, 13.411621749488766, 11.015427016884285)
state:air-5.0, action:Wait, timestep:217, reward:-1.7379564124834772
==================================================

coord:(32.67259394917735, 13.411621749488766, 11.015427016884285)->(32.73387653358354, 13.411621749488766, 10.95414443247809)
state:field-0.0, action:WA, timestep:218, reward:-0.020537506424773255
==================================================

coord:(32.73387653358354, 13.411621749488766, 10.95414443247809)->(32.73387653358354, 10.865181854423884, 10.95414443247809)
state:air-5.0, action:Wait, timestep:219, reward:1.7356302152455427
==================================================

coord:(32.73387653358354, 10.865181854423884, 10.95414443247809)->(34.81387645728965, 10.865181854423884, 10.95414443247809)
state:field-0.0, action:W, timestep:220, reward:-1.5211895078589457
==================================================

coord:(34.81387645728965, 10.865181854423884, 10.95414443247809)->(33.83335510679056, 11.00059246788065, 9.973623081978973)
state:field-0.0, action:SA, timestep:221, reward:0.922530722922879
==================================================

coord:(33.83335510679056, 11.00059246788065, 9.973623081978973)->(33.83335510679056, 8.69387970345265, 9.973623081978973)
state:air-5.0, action:Wait, timestep:222, reward:1.3219963080679769
==================================================

coord:(33.83335510679056, 8.69387970345265, 9.973623081978973)->(32.852833756291474, 8.689279148234588, 8.993101731479856)
state:field-0.0, action:SA, timestep:223, reward:1.033645977794441
==================================================

coord:(32.852833756291474, 8.689279148234588, 8.993101731479856)->(32.852833756291474, 6.620243268861104, 8.993101731479856)
state:air-5.0, action:Wait, timestep:224, reward:1.0395140082399568
==================================================

coord:(32.852833756291474, 6.620243268861104, 8.993101731479856)->(32.852833756291474, 6.620243268861104, 9.079768394967608)
state:field-0.0, action:D, timestep:225, reward:-0.020964297323329717
==================================================

coord:(32.852833756291474, 6.620243268861104, 9.079768394967608)->(32.852833756291474, 8.586863323434834, 9.079768394967608)
state:air-5.0, action:Wait, timestep:226, reward:-0.980971873558298
==================================================

coord:(32.852833756291474, 8.586863323434834, 9.079768394967608)->(32.852833756291474, 8.586863323434834, 10.03310169333289)
state:field-0.0, action:D, timestep:227, reward:-0.24806034071906247
==================================================

coord:(32.852833756291474, 8.586863323434834, 10.03310169333289)->(32.852833756291474, 10.865181854423884, 10.03310169333289)
state:air-5.0, action:Wait, timestep:228, reward:-1.3592323254219831
==================================================

coord:(32.852833756291474, 10.865181854423884, 10.03310169333289)->(34.84616701650983, 10.865181854423884, 10.03310169333289)
state:field-0.0, action:W, timestep:229, reward:-1.4860777722204652
==================================================

coord:(34.84616701650983, 10.865181854423884, 10.03310169333289)->(34.907449600916024, 10.865181854423884, 9.971819108926695)
state:field-0.0, action:WA, timestep:230, reward:-0.032655766564428035
==================================================

coord:(34.907449600916024, 10.865181854423884, 9.971819108926695)->(34.907449600916024, 8.586863323434834, 9.971819108926695)
state:air-5.0, action:Wait, timestep:231, reward:1.2249922332290186
==================================================

coord:(34.907449600916024, 8.586863323434834, 9.971819108926695)->(32.22078303279563, 8.586863323434834, 9.971819108926695)
state:field-0.0, action:S, timestep:232, reward:2.163067934266021
==================================================

coord:(32.22078303279563, 8.586863323434834, 9.971819108926695)->(34.734116273940515, 8.586863323434834, 9.971819108926695)
state:field-0.0, action:W, timestep:233, reward:-2.018507159589717
==================================================

coord:(34.734116273940515, 8.586863323434834, 9.971819108926695)->(33.753594923441426, 8.69387970345265, 8.991297758427578)
state:field-0.0, action:SA, timestep:234, reward:0.9867900829936236
==================================================

coord:(33.753594923441426, 8.69387970345265, 8.991297758427578)->(33.753594923441426, 6.702750051930226, 8.991297758427578)
state:air-5.0, action:Wait, timestep:235, reward:0.9504979423716069
==================================================

coord:(33.753594923441426, 6.702750051930226, 8.991297758427578)->(34.62026155831897, 6.620243268861104, 8.991297758427578)
state:field-0.0, action:W, timestep:236, reward:-0.7357487551859876
==================================================

coord:(34.62026155831897, 6.620243268861104, 8.991297758427578)->(36.526928155049575, 5.995719931712003, 8.991297758427578)
state:field-0.0, action:W, timestep:237, reward:-1.522412946747961
==================================================

coord:(36.526928155049575, 5.995719931712003, 8.991297758427578)->(37.56873208995486, 5.830099943861814, 7.949493823522265)
state:field-0.0, action:WA, timestep:238, reward:-0.7687832979742808
==================================================

coord:(37.56873208995486, 5.830099943861814, 7.949493823522265)->(37.56873208995486, 4.134938453916275, 7.949493823522265)
state:air-5.0, action:Wait, timestep:239, reward:0.40740646102050704
==================================================

coord:(37.56873208995486, 4.134938453916275, 7.949493823522265)->(39.03951411570349, 3.5828718277489777, 6.478711797773568)
state:field-0.0, action:WA, timestep:240, reward:-1.244622577759305
==================================================

coord:(39.03951411570349, 3.5828718277489777, 6.478711797773568)->(39.03951411570349, 2.3681576868128444, 6.478711797773568)
state:air-5.0, action:Wait, timestep:241, reward:0.13329761775173665
==================================================

coord:(39.03951411570349, 2.3681576868128444, 6.478711797773568)->(41.18440456992025, 0.8366969954363354, 4.333821343556718)
state:field-0.0, action:WA, timestep:242, reward:-2.164408283036874
==================================================

coord:(41.18440456992025, 0.8366969954363354, 4.333821343556718)->(42.71646918007507, 0.9707717392434059, 5.865885953711611)
state:field-0.0, action:WD, timestep:243, reward:-1.4589403637998863
==================================================

coord:(42.71646918007507, 0.9707717392434059, 5.865885953711611)->(40.939274232295475, 2.2817779984468363, 7.643080901491286)
state:field-0.0, action:SD, timestep:244, reward:1.66967558629349
==================================================

coord:(40.939274232295475, 2.2817779984468363, 7.643080901491286)->(40.939274232295475, 2.747638116270579, 7.643080901491286)
state:air-5.0, action:Wait, timestep:245, reward:-0.034755353037461134
==================================================

coord:(40.939274232295475, 2.747638116270579, 7.643080901491286)->(42.59390401126269, 1.2524576704008137, 5.988451122524002)
state:field-0.0, action:WA, timestep:246, reward:-1.5121891294408698
==================================================

coord:(42.59390401126269, 1.2524576704008137, 5.988451122524002)->(42.59390401126269, 0.9707717392434059, 5.988451122524002)
state:air-5.0, action:Wait, timestep:247, reward:0.0002637943622687544
==================================================

coord:(42.59390401126269, 0.9707717392434059, 5.988451122524002)->(43.942120868198934, 0.5356997742062224, 4.640234265587696)
state:field-0.0, action:WA, timestep:248, reward:-1.3969933346544856
==================================================

coord:(43.942120868198934, 0.5356997742062224, 4.640234265587696)->(41.552100076357405, 1.6741581492352313, 7.030255057429329)
state:field-0.0, action:SD, timestep:249, reward:2.4033942289186747
==================================================

coord:(41.552100076357405, 1.6741581492352313, 7.030255057429329)->(41.552100076357405, 2.2817779984468363, 7.030255057429329)
state:air-5.0, action:Wait, timestep:250, reward:-0.02745230007570143
==================================================

coord:(41.552100076357405, 2.2817779984468363, 7.030255057429329)->(42.532621426856494, 2.457807391178343, 8.01077640792846)
state:field-0.0, action:WD, timestep:251, reward:-1.0606617380260808
==================================================

coord:(42.532621426856494, 2.457807391178343, 8.01077640792846)->(44.30981637463609, 0.8263977634849407, 6.233581460148785)
state:field-0.0, action:WA, timestep:252, reward:-1.636644943857295
==================================================

coord:(44.30981637463609, 0.8263977634849407, 6.233581460148785)->(39.109816565370814, 2.3681576868128444, 6.233581460148785)
state:field-0.0, action:S, timestep:253, reward:5.153719980721174
==================================================

coord:(39.109816565370814, 2.3681576868128444, 6.233581460148785)->(39.109816565370814, 0.8061780709048216, 3.633581555516223)
state:field-0.0, action:A, timestep:254, reward:-0.11615612367036476
==================================================

coord:(39.109816565370814, 0.8061780709048216, 3.633581555516223)->(39.109816565370814, 0.0, 1.2069149778591575)
state:field-0.0, action:A, timestep:255, reward:-0.5269856791997185
==================================================

coord:(39.109816565370814, 0.0, 1.2069149778591575)->(39.109816565370814, 0.0, -0.0064183109693744245)
state:field-0.0, action:A, timestep:256, reward:-0.3643036164423883
==================================================

