coord:(7.0, 20.0, 22.0)->(7.0, 20.0, 22.0)
state:field-4, action:Wait, timestep:1, reward:-0.0
==================================================

coord:(7.0, 20.0, 22.0)->(2.7573595046997106, 15.342277777777783, 26.242640495300236)
state:field-4.0, action:SDs, timestep:2, reward:6.88625239671163
==================================================

coord:(2.7573595046997106, 15.342277777777783, 26.242640495300236)->(2.7573595046997106, 17.942277682410396, 27.042640495300247)
state:wall-14.0, action:Wj, timestep:3, reward:-1.5196579744042609
==================================================

coord:(2.7573595046997106, 17.942277682410396, 27.042640495300247)->(2.7573595046997106, 17.942277682410396, 27.042640495300247)
state:air-8.0, action:j, timestep:4, reward:-8.393944952445054e-07
==================================================

coord:(2.7573595046997106, 17.942277682410396, 27.042640495300247)->(2.7573595046997106, 14.042277825461543, 27.042640495300247)
state:parachute-18.0, action:Wait, timestep:5, reward:3.0138242615963655
==================================================

coord:(2.7573595046997106, 14.042277825461543, 27.042640495300247)->(6.434314569071445, 10.14227796851269, 23.36568543092845)
state:parachute-18.0, action:WA, timestep:6, reward:-1.0384918350008405
==================================================

coord:(6.434314569071445, 10.14227796851269, 23.36568543092845)->(6.434314569071445, 10.14227796851269, 23.36568543092845)
state:parachute-18.0, action:SDj, timestep:7, reward:3.6775794853838306e-07
==================================================

coord:(6.434314569071445, 10.14227796851269, 23.36568543092845)->(6.434314569071445, 11.44227792082901, 24.01568543092846)
state:wall-13.0, action:W, timestep:8, reward:-0.16882326244223123
==================================================

coord:(6.434314569071445, 11.44227792082901, 24.01568543092846)->(6.434314569071445, 3.2992951848613625, 24.01568543092846)
state:air-8.0, action:Wait, timestep:9, reward:3.1928019744589875
==================================================

coord:(6.434314569071445, 3.2992951848613625, 24.01568543092846)->(6.434314569071444, 5.8992950894939415, 25.01568543092847)
state:wall-13.0, action:Wj, timestep:10, reward:0.20621806279134347
==================================================

coord:(6.434314569071444, 5.8992950894939415, 25.01568543092847)->(6.434314569071444, 0.4242410835666076, 25.01568543092847)
state:air-8.0, action:Wait, timestep:11, reward:1.05102333821136
==================================================

coord:(6.434314569071444, 0.4242410835666076, 25.01568543092847)->(9.640981118118283, 0.4705445728298447, 25.01568543092847)
state:field-3.0, action:Wj, timestep:12, reward:-1.3587388088272156
==================================================

coord:(9.640981118118283, 0.4705445728298447, 25.01568543092847)->(9.640981118118283, 0.4705445728298447, 25.01568543092847)
state:field-3.0, action:Wait, timestep:13, reward:-8.63270575024444e-07
==================================================

coord:(9.640981118118283, 0.4705445728298447, 25.01568543092847)->(11.663306403522713, 1.0292252796836443, 27.03801071633296)
state:field-3.0, action:WDj, timestep:14, reward:0.48766669105072324
==================================================

coord:(11.663306403522713, 1.0292252796836443, 27.03801071633296)->(8.905590105243945, 0.29692987841933827, 24.280294418054112)
state:field-3.0, action:SAj, timestep:15, reward:-0.7821512647405271
==================================================

coord:(8.905590105243945, 0.29692987841933827, 24.280294418054112)->(10.30559010524394, 0.29692987841933827, 24.280294418054112)
state:field-3.0, action:Ws, timestep:16, reward:-0.6717835673518877
==================================================

coord:(10.30559010524394, 0.29692987841933827, 24.280294418054112)->(7.547873783298724, 1.0292252796836443, 27.038010739999265)
state:field-2.0, action:SDsj, timestep:17, reward:3.7115527842504434
==================================================

coord:(7.547873783298724, 1.0292252796836443, 27.038010739999265)->(4.7901574850199165, 0.22526088161698715, 24.280294441720418)
state:field-2.0, action:SAj, timestep:18, reward:-1.6133361683864855
==================================================

coord:(4.7901574850199165, 0.22526088161698715, 24.280294441720418)->(3.446654661508158, 0.3109199486329711, 25.62379726523216)
state:field-2.0, action:SDs, timestep:19, reward:1.5855133590262867
==================================================

coord:(3.446654661508158, 0.3109199486329711, 25.62379726523216)->(2.4048507266028385, 0.17089039694146702, 24.581993330326817)
state:field-2.0, action:SA, timestep:20, reward:-0.8965942989944704
==================================================

coord:(2.4048507266028385, 0.17089039694146702, 24.581993330326817)->(4.3658934276010894, 0.5402376271462271, 26.54303603132511)
state:field-2.0, action:WDj, timestep:21, reward:1.600782673645723
==================================================

coord:(4.3658934276010894, 0.5402376271462271, 26.54303603132511)->(0.8992268880909968, 0.2835693016346185, 26.54303603132511)
state:field-2.0, action:Sj, timestep:22, reward:0.42170951633807974
==================================================

coord:(0.8992268880909968, 0.2835693016346185, 26.54303603132511)->(0.8992268880909968, 0.886191770229962, 29.05636927246989)
state:field-2.0, action:Dj, timestep:23, reward:2.4804135472656625
==================================================

coord:(0.8992268880909968, 0.886191770229962, 29.05636927246989)->(1.7477549871510547, 0.7543038227243063, 28.207841173409843)
state:field-2.0, action:WAs, timestep:24, reward:-0.8599797171828811
==================================================

coord:(1.7477549871510547, 0.7543038227243063, 28.207841173409843)->(4.521088218759129, 1.1816653617982986, 28.207841173409843)
state:field-2.0, action:Wj, timestep:25, reward:-0.5233326902397639
==================================================

coord:(4.521088218759129, 1.1816653617982986, 28.207841173409843)->(3.1344216029550926, 1.041139962391984, 28.207841173409843)
state:field-2.0, action:S, timestep:26, reward:0.3343152669527054
==================================================

coord:(3.1344216029550926, 1.041139962391984, 28.207841173409843)->(4.789051381922371, 1.6883144133931263, 29.86247095237715)
state:field-2.0, action:WDj, timestep:27, reward:1.0755198677910247
==================================================

coord:(4.789051381922371, 1.6883144133931263, 29.86247095237715)->(3.6246822782046553, 2.8339589482040806, 31.026840056094887)
state:field-2.0, action:SD, timestep:28, reward:1.184161704612027
==================================================

coord:(3.6246822782046553, 2.8339589482040806, 31.026840056094887)->(1.998336755006211, 3.610336736217963, 29.400494532896463)
state:field-2.0, action:SAsj, timestep:29, reward:-1.4726873110184666
==================================================

coord:(1.998336755006211, 3.610336736217963, 29.400494532896463)->(1.998336755006211, 1.0777179878107976, 29.400494532896463)
state:air-7.0, action:Wait, timestep:30, reward:0.5410929655627488
==================================================

coord:(1.998336755006211, 1.0777179878107976, 29.400494532896463)->(-0.052272817722262666, 1.8197957784949688, 27.349884960168016)
state:field-2.0, action:SAsj, timestep:31, reward:-2.12275981671217
==================================================

