coord:(7.0, 20.0, 22.0)->(7.0, 20.0, 22.0)
state:field-4, action:Wait, timestep:1, reward:-0.0
==================================================

coord:(7.0, 20.0, 22.0)->(2.7573595046997106, 15.342277777777783, 26.242640495300236)
state:field-4.0, action:SDs, timestep:2, reward:6.88625239671163
==================================================

coord:(2.7573595046997106, 15.342277777777783, 26.242640495300236)->(2.7573595046997106, 17.942277682410396, 27.042640495300247)
state:wall-14.0, action:Wj, timestep:3, reward:-1.5196579744042609
==================================================

coord:(2.7573595046997106, 17.942277682410396, 27.042640495300247)->(2.7573595046997106, 17.942277682410396, 27.042640495300247)
state:air-8.0, action:j, timestep:4, reward:-8.393944952445054e-07
==================================================

coord:(2.7573595046997106, 17.942277682410396, 27.042640495300247)->(2.7573595046997106, 14.042277825461543, 27.042640495300247)
state:parachute-18.0, action:Wait, timestep:5, reward:3.0138242615963655
==================================================

coord:(2.7573595046997106, 14.042277825461543, 27.042640495300247)->(6.434314569071445, 10.14227796851269, 23.36568543092845)
state:parachute-18.0, action:WA, timestep:6, reward:-1.0384918350008405
==================================================

coord:(6.434314569071445, 10.14227796851269, 23.36568543092845)->(6.434314569071445, 10.14227796851269, 23.36568543092845)
state:parachute-18.0, action:SDj, timestep:7, reward:3.6775794853838306e-07
==================================================

coord:(6.434314569071445, 10.14227796851269, 23.36568543092845)->(6.434314569071445, 11.44227792082901, 24.01568543092846)
state:wall-13.0, action:W, timestep:8, reward:-0.16882326244223123
==================================================

coord:(6.434314569071445, 11.44227792082901, 24.01568543092846)->(6.434314569071445, 3.2992951848613625, 24.01568543092846)
state:air-8.0, action:Wait, timestep:9, reward:3.1928019744589875
==================================================

coord:(6.434314569071445, 3.2992951848613625, 24.01568543092846)->(6.434314569071444, 5.8992950894939415, 25.01568543092847)
state:wall-13.0, action:Wj, timestep:10, reward:0.20621806279134347
==================================================

coord:(6.434314569071444, 5.8992950894939415, 25.01568543092847)->(6.434314569071444, 0.4242410835666076, 25.01568543092847)
state:air-8.0, action:Wait, timestep:11, reward:1.05102333821136
==================================================

coord:(6.434314569071444, 0.4242410835666076, 25.01568543092847)->(9.640981118118283, 0.4705445728298447, 25.01568543092847)
state:field-3.0, action:Wj, timestep:12, reward:-1.3587388088272156
==================================================

coord:(9.640981118118283, 0.4705445728298447, 25.01568543092847)->(9.640981118118283, 0.4705445728298447, 25.01568543092847)
state:field-3.0, action:Wait, timestep:13, reward:-8.63270575024444e-07
==================================================

coord:(9.640981118118283, 0.4705445728298447, 25.01568543092847)->(11.663306403522713, 1.0292252796836443, 27.03801071633296)
state:field-3.0, action:WDj, timestep:14, reward:0.48766669105072324
==================================================

coord:(11.663306403522713, 1.0292252796836443, 27.03801071633296)->(8.905590105243945, 0.29692987841933827, 24.280294418054112)
state:field-3.0, action:SAj, timestep:15, reward:-0.7821512647405271
==================================================

coord:(8.905590105243945, 0.29692987841933827, 24.280294418054112)->(10.30559010524394, 0.29692987841933827, 24.280294418054112)
state:field-3.0, action:Ws, timestep:16, reward:-0.6717835673518877
==================================================

coord:(10.30559010524394, 0.29692987841933827, 24.280294418054112)->(7.547873783298724, 1.0292252796836443, 27.038010739999265)
state:field-2.0, action:SDsj, timestep:17, reward:3.7115527842504434
==================================================

coord:(7.547873783298724, 1.0292252796836443, 27.038010739999265)->(4.7901574850199165, 0.22526088161698715, 24.280294441720418)
state:field-2.0, action:SAj, timestep:18, reward:-1.6133361683864855
==================================================

coord:(4.7901574850199165, 0.22526088161698715, 24.280294441720418)->(3.446654661508158, 0.3109199486329711, 25.62379726523216)
state:field-2.0, action:SDs, timestep:19, reward:1.5855133590262867
==================================================

coord:(3.446654661508158, 0.3109199486329711, 25.62379726523216)->(2.4048507266028385, 0.17089039694146702, 24.581993330326817)
state:field-2.0, action:SA, timestep:20, reward:-0.8965942989944704
==================================================

coord:(2.4048507266028385, 0.17089039694146702, 24.581993330326817)->(4.3658934276010894, 0.5402376271462271, 26.54303603132511)
state:field-2.0, action:WDj, timestep:21, reward:1.600782673645723
==================================================

coord:(4.3658934276010894, 0.5402376271462271, 26.54303603132511)->(0.8992268880909968, 0.2835693016346185, 26.54303603132511)
state:field-2.0, action:Sj, timestep:22, reward:0.42170951633807974
==================================================

coord:(0.8992268880909968, 0.2835693016346185, 26.54303603132511)->(0.8992268880909968, 0.886191770229962, 29.05636927246989)
state:field-2.0, action:Dj, timestep:23, reward:2.4804135472656625
==================================================

coord:(0.8992268880909968, 0.886191770229962, 29.05636927246989)->(1.7477549871510547, 0.7543038227243063, 28.207841173409843)
state:field-2.0, action:WAs, timestep:24, reward:-0.8599797171828811
==================================================

coord:(1.7477549871510547, 0.7543038227243063, 28.207841173409843)->(4.521088218759129, 1.1816653617982986, 28.207841173409843)
state:field-2.0, action:Wj, timestep:25, reward:-0.5233326902397639
==================================================

coord:(4.521088218759129, 1.1816653617982986, 28.207841173409843)->(3.1344216029550926, 1.041139962391984, 28.207841173409843)
state:field-2.0, action:S, timestep:26, reward:0.3343152669527054
==================================================

coord:(3.1344216029550926, 1.041139962391984, 28.207841173409843)->(4.789051381922371, 1.6883144133931263, 29.86247095237715)
state:field-2.0, action:WDj, timestep:27, reward:1.0755198677910247
==================================================

coord:(4.789051381922371, 1.6883144133931263, 29.86247095237715)->(3.6246822782046553, 2.8339589482040806, 31.026840056094887)
state:field-2.0, action:SD, timestep:28, reward:1.184161704612027
==================================================

coord:(3.6246822782046553, 2.8339589482040806, 31.026840056094887)->(1.998336755006211, 3.610336736217963, 29.400494532896463)
state:field-2.0, action:SAsj, timestep:29, reward:-1.4726873110184666
==================================================

coord:(1.998336755006211, 3.610336736217963, 29.400494532896463)->(1.998336755006211, 1.0777179878107976, 29.400494532896463)
state:air-7.0, action:Wait, timestep:30, reward:0.5410929655627488
==================================================

coord:(1.998336755006211, 1.0777179878107976, 29.400494532896463)->(0.3437069760389337, 1.6883144133931263, 31.05512431186377)
state:field-2.0, action:SD, timestep:31, reward:1.5743845903349403
==================================================

coord:(0.3437069760389337, 1.6883144133931263, 31.05512431186377)->(0.3437069760389337, 0.6202530230650972, 28.05512431186373)
state:field-2.0, action:As, timestep:32, reward:-2.852519284833562
==================================================

coord:(0.3437069760389337, 0.6202530230650972, 28.05512431186373)->(6.343706976038928, 1.4206047174897594, 28.05512431186373)
state:field-1.0, action:Ws, timestep:33, reward:-1.1836148329886758
==================================================

coord:(6.343706976038928, 1.4206047174897594, 28.05512431186373)->(7.262945742131864, 1.0292252796836443, 27.13588554577078)
state:field-1.0, action:WA, timestep:34, reward:-1.182083984819167
==================================================

coord:(7.262945742131864, 1.0292252796836443, 27.13588554577078)->(10.296278964203207, 1.0653847105016305, 27.13588554577078)
state:field-1.0, action:W, timestep:35, reward:-1.562612688561062
==================================================

coord:(10.296278964203207, 1.0653847105016305, 27.13588554577078)->(8.457801432017362, 1.5576239855426923, 28.974363077956678)
state:field-1.0, action:SDj, timestep:36, reward:2.505418370909247
==================================================

coord:(8.457801432017362, 1.5576239855426923, 28.974363077956678)->(8.457801432017362, 0.7121196179052162, 26.201029846348643)
state:field-1.0, action:A, timestep:37, reward:-2.299659862444944
==================================================

coord:(8.457801432017362, 0.7121196179052162, 26.201029846348643)->(13.457801432017344, 0.5992014760923523, 26.201029846348643)
state:field-1.0, action:Wsj, timestep:38, reward:-2.8986875608477156
==================================================

coord:(13.457801432017344, 0.5992014760923523, 26.201029846348643)->(13.457801432017344, 0.2498468192298442, 24.814363230544625)
state:field-0.0, action:A, timestep:39, reward:-1.0431901959215573
==================================================

coord:(13.457801432017344, 0.2498468192298442, 24.814363230544625)->(14.254475029297877, 0.22526088161698715, 24.01768963326407)
state:field-1.0, action:WA, timestep:40, reward:-1.1211487187556344
==================================================

coord:(14.254475029297877, 0.22526088161698715, 24.01768963326407)->(15.29627896420319, 0.3109199486329711, 25.05949356816941)
state:field-1.0, action:WD, timestep:41, reward:0.08365492429798138
==================================================

coord:(15.29627896420319, 0.3109199486329711, 25.05949356816941)->(15.29627896420319, 0.19847252309924898, 24.279493596779652)
state:field-1.0, action:A, timestep:42, reward:-0.5689924526702441
==================================================

coord:(15.29627896420319, 0.19847252309924898, 24.279493596779652)->(17.07347391198287, 0.3448550837741029, 26.056688544559353)
state:field-1.0, action:WD, timestep:43, reward:-0.03136787433960109
==================================================

coord:(17.07347391198287, 0.3448550837741029, 26.056688544559353)->(18.063423360886258, 1.1835383784864664, 25.066739095655965)
state:field-1.0, action:WAsj, timestep:44, reward:-1.4247763885299456
==================================================

coord:(18.063423360886258, 1.1835383784864664, 25.066739095655965)->(21.0634233608863, 2.3681576868128444, 25.066739095655965)
state:field-0.0, action:Ws, timestep:45, reward:-2.416704679878265
==================================================

coord:(21.0634233608863, 2.3681576868128444, 25.066739095655965)->(21.0634233608863, 3.2276580973492344, 25.066739095655965)
state:air-5.0, action:Wait, timestep:46, reward:-0.0955410454376171
==================================================

coord:(21.0634233608863, 3.2276580973492344, 25.066739095655965)->(23.043322258693077, 3.9822581098105796, 27.046637993462742)
state:field-0.0, action:WDsj, timestep:47, reward:-0.6575131875474476
==================================================

coord:(23.043322258693077, 3.9822581098105796, 27.046637993462742)->(23.043322258693077, 5.868766646810801, 27.046637993462742)
state:air-5.0, action:Wait, timestep:48, reward:-0.3566438279254207
==================================================

coord:(23.043322258693077, 5.868766646810801, 27.046637993462742)->(24.033271707596466, 6.103130093383256, 26.056688544559353)
state:field-0.0, action:WAs, timestep:49, reward:-1.3754688724004147
==================================================

coord:(24.033271707596466, 6.103130093383256, 26.056688544559353)->(22.93327170759645, 6.654107876056562, 26.056688544559353)
state:field-0.0, action:Ssj, timestep:50, reward:0.7795219294446234
==================================================

coord:(22.93327170759645, 6.654107876056562, 26.056688544559353)->(22.93327170759645, 3.6532406959880954, 26.056688544559353)
state:air-5.0, action:Wait, timestep:51, reward:0.5827902823381201
==================================================

coord:(22.93327170759645, 3.6532406959880954, 26.056688544559353)->(24.06464250634318, 4.57976855290593, 24.925317745812624)
state:field-0.0, action:WAs, timestep:52, reward:-1.686445014302823
==================================================

coord:(24.06464250634318, 4.57976855290593, 24.925317745812624)->(25.620277354619933, 4.520379902327848, 23.36968289753587)
state:field-0.0, action:WAs, timestep:53, reward:-2.1205836013705976
==================================================

coord:(25.620277354619933, 4.520379902327848, 23.36968289753587)->(25.620277354619933, 6.1833128807551425, 26.056349465656155)
state:field-0.0, action:D, timestep:54, reward:1.0902761436287385
==================================================

coord:(25.620277354619933, 6.1833128807551425, 26.056349465656155)->(25.620277354619933, 7.091554966084926, 26.056349465656155)
state:air-5.0, action:Wait, timestep:55, reward:-0.2074040480982653
==================================================

coord:(25.620277354619933, 7.091554966084926, 26.056349465656155)->(24.94616892615177, 6.88452998127219, 25.382241037187992)
state:field-0.0, action:SA, timestep:56, reward:0.2821160463780856
==================================================

coord:(24.94616892615177, 6.88452998127219, 25.382241037187992)->(24.94616892615177, 5.321479294713132, 25.382241037187992)
state:air-5.0, action:Wait, timestep:57, reward:0.3321306443702774
==================================================

coord:(24.94616892615177, 5.321479294713132, 25.382241037187992)->(22.086169031055984, 4.291471953364964, 25.382241037187992)
state:field-0.0, action:S, timestep:58, reward:2.5416070269090056
==================================================

coord:(22.086169031055984, 4.291471953364964, 25.382241037187992)->(22.086169031055984, 5.995719931712003, 21.915574497677948)
state:field-0.0, action:A, timestep:59, reward:-2.4048008907275147
==================================================

coord:(22.086169031055984, 5.995719931712003, 21.915574497677948)->(22.086169031055984, 6.378766717846037, 21.915574497677948)
state:air-5.0, action:Wait, timestep:60, reward:-0.0832744356751185
==================================================

coord:(22.086169031055984, 6.378766717846037, 21.915574497677948)->(22.086169031055984, 6.378766717846037, 21.915574497677948)
state:field-0.0, action:Wait, timestep:61, reward:4.05633475253353e-07
==================================================

coord:(22.086169031055984, 6.378766717846037, 21.915574497677948)->(20.983082511744445, 5.826700091678742, 20.81248797836641)
state:field-0.0, action:SA, timestep:62, reward:0.19233789921458921
==================================================

coord:(20.983082511744445, 5.826700091678742, 20.81248797836641)->(20.983082511744445, 3.6532406959880954, 20.81248797836641)
state:air-5.0, action:Wait, timestep:63, reward:0.3662796372513277
==================================================

coord:(20.983082511744445, 3.6532406959880954, 20.81248797836641)->(20.983082511744445, 3.6532406959880954, 20.81248797836641)
state:field-0.0, action:Wait, timestep:64, reward:3.5200546477653916e-08
==================================================

coord:(20.983082511744445, 3.6532406959880954, 20.81248797836641)->(18.98974925152617, 3.4002101589947515, 20.81248797836641)
state:field-0.0, action:S, timestep:65, reward:1.4225367000084859
==================================================

coord:(18.98974925152617, 3.4002101589947515, 20.81248797836641)->(18.98974925152617, 1.8257865992739646, 20.81248797836641)
state:air-5.0, action:Wait, timestep:66, reward:0.15557840330736283
==================================================

coord:(18.98974925152617, 1.8257865992739646, 20.81248797836641)->(16.599728459684503, 0.8263977634849407, 18.42246718652474)
state:field-0.0, action:SA, timestep:67, reward:-0.27354919466598204
==================================================

coord:(16.599728459684503, 0.8263977634849407, 18.42246718652474)->(16.599728459684503, 0.8263977634849407, 20.329133783255266)
state:field-0.0, action:D, timestep:68, reward:1.5195124787130396
==================================================

coord:(16.599728459684503, 0.8263977634849407, 20.329133783255266)->(16.599728459684503, 0.7962545083825889, 21.45580040859603)
state:field-0.0, action:D, timestep:69, reward:0.873174448909797
==================================================

coord:(16.599728459684503, 0.7962545083825889, 21.45580040859603)->(14.69306186295395, 0.32640620947132826, 21.45580040859603)
state:field-0.0, action:S, timestep:70, reward:1.1919401422157527
==================================================

coord:(14.69306186295395, 0.32640620947132826, 21.45580040859603)->(14.69306186295395, 0.3387627431367656, 18.769133840475746)
state:field-0.0, action:A, timestep:71, reward:-2.2117242195110656
==================================================

coord:(14.69306186295395, 0.3387627431367656, 18.769133840475746)->(19.026395037341533, 1.8257865992739646, 18.769133840475746)
state:field-0.0, action:W, timestep:72, reward:-2.645309259553766
==================================================

coord:(19.026395037341533, 1.8257865992739646, 18.769133840475746)->(19.026395037341533, 2.614828605119289, 18.769133840475746)
state:air-5.0, action:Wait, timestep:73, reward:-0.06269692269406235
==================================================

coord:(19.026395037341533, 2.614828605119289, 18.769133840475746)->(16.946395113635507, 1.4508881349499023, 18.769133840475746)
state:field-0.0, action:S, timestep:74, reward:1.3817320613912223
==================================================

coord:(16.946395113635507, 1.4508881349499023, 18.769133840475746)->(16.946395113635507, 0.8263977634849407, 18.769133840475746)
state:air-5.0, action:Wait, timestep:75, reward:0.026752486475626114
==================================================

coord:(16.946395113635507, 0.8263977634849407, 18.769133840475746)->(16.946395113635507, 0.8263977634849407, 18.769133840475746)
state:field-0.0, action:Wait, timestep:76, reward:1.4551797988815451e-08
==================================================

coord:(16.946395113635507, 0.8263977634849407, 18.769133840475746)->(19.026395037341533, 1.8257865992739646, 18.769133840475746)
state:field-0.0, action:W, timestep:77, reward:-1.3457887670000552
==================================================

coord:(19.026395037341533, 1.8257865992739646, 18.769133840475746)->(19.026395037341533, 2.614828605119289, 18.769133840475746)
state:air-5.0, action:Wait, timestep:78, reward:-0.06269692269406235
==================================================

coord:(19.026395037341533, 2.614828605119289, 18.769133840475746)->(21.01972829755981, 3.6532406959880954, 18.769133840475746)
state:field-0.0, action:W, timestep:79, reward:-1.4350545879629593
==================================================

coord:(21.01972829755981, 3.6532406959880954, 18.769133840475746)->(21.01972829755981, 4.979149817443558, 18.769133840475746)
state:air-5.0, action:Wait, timestep:80, reward:-0.19395696082375125
==================================================

coord:(21.01972829755981, 4.979149817443558, 18.769133840475746)->(21.01972829755981, 4.797532937810311, 17.122467234208475)
state:field-0.0, action:A, timestep:81, reward:-1.1735189514307045
==================================================

coord:(21.01972829755981, 4.797532937810311, 17.122467234208475)->(21.01972829755981, 4.134938453916275, 15.389133964453439)
state:field-0.0, action:A, timestep:82, reward:-1.2170583738325185
==================================================

coord:(21.01972829755981, 4.134938453916275, 15.389133964453439)->(19.977924362654466, 3.5828718277489777, 14.347330029548127)
state:field-0.0, action:SA, timestep:83, reward:-0.11662547898674092
==================================================

coord:(19.977924362654466, 3.5828718277489777, 14.347330029548127)->(19.977924362654466, 1.9424300877930798, 14.347330029548127)
state:air-5.0, action:Wait, timestep:84, reward:0.14144933337668064
==================================================

coord:(19.977924362654466, 1.9424300877930798, 14.347330029548127)->(18.323294583687158, 1.0075215722102642, 12.692700250580867)
state:field-0.0, action:SA, timestep:85, reward:-0.3856494874003147
==================================================

coord:(18.323294583687158, 1.0075215722102642, 12.692700250580867)->(16.589961313932136, 0.4560300608343208, 12.692700250580867)
state:field-0.0, action:S, timestep:86, reward:0.9068221157914991
==================================================

coord:(16.589961313932136, 0.4560300608343208, 12.692700250580867)->(16.589961313932136, 0.4560300608343208, 12.692700250580867)
state:field-0.0, action:Wait, timestep:87, reward:-8.879834467734327e-08
==================================================

coord:(16.589961313932136, 0.4560300608343208, 12.692700250580867)->(21.009961151807442, 2.0159633174808635, 12.692700250580867)
state:field-0.0, action:W, timestep:88, reward:-2.4664086223182764
==================================================

coord:(21.009961151807442, 2.0159633174808635, 12.692700250580867)->(21.009961151807442, 2.747638116270579, 12.692700250580867)
state:air-5.0, action:Wait, timestep:89, reward:-0.05134812008216727
==================================================

coord:(21.009961151807442, 2.747638116270579, 12.692700250580867)->(22.358178008743767, 4.291471953364964, 14.040917107517153)
state:field-0.0, action:WD, timestep:90, reward:0.07625613764663086
==================================================

coord:(22.358178008743767, 4.291471953364964, 14.040917107517153)->(22.358178008743767, 4.917859506649682, 14.040917107517153)
state:air-5.0, action:Wait, timestep:91, reward:-0.08500349021531406
==================================================

coord:(22.358178008743767, 4.917859506649682, 14.040917107517153)->(20.948678567401245, 4.292183996993414, 15.450416548859634)
state:field-0.0, action:SD, timestep:92, reward:2.051340472231889
==================================================

coord:(20.948678567401245, 4.292183996993414, 15.450416548859634)->(20.948678567401245, 3.0338362951707407, 15.450416548859634)
state:air-5.0, action:Wait, timestep:93, reward:0.1447193779892615
==================================================

coord:(20.948678567401245, 3.0338362951707407, 15.450416548859634)->(22.07534519274201, 4.134938453916275, 15.450416548859634)
state:field-0.0, action:W, timestep:94, reward:-0.8403295321835671
==================================================

coord:(22.07534519274201, 4.134938453916275, 15.450416548859634)->(22.07534519274201, 5.497785660273409, 15.450416548859634)
state:air-5.0, action:Wait, timestep:95, reward:-0.2006203702160434
==================================================

coord:(22.07534519274201, 5.497785660273409, 15.450416548859634)->(22.07534519274201, 4.333845190104027, 12.9370833077148)
state:field-0.0, action:A, timestep:96, reward:-1.755026785406713
==================================================

coord:(22.07534519274201, 4.333845190104027, 12.9370833077148)->(22.07534519274201, 3.6532406959880954, 12.9370833077148)
state:air-5.0, action:Wait, timestep:97, reward:0.07870547897145741
==================================================

coord:(22.07534519274201, 3.6532406959880954, 12.9370833077148)->(22.07534519274201, 4.917859506649682, 15.01708323142087)
state:field-0.0, action:D, timestep:98, reward:1.442173169601837
==================================================

coord:(22.07534519274201, 4.917859506649682, 15.01708323142087)->(22.07534519274201, 5.497785660273409, 15.01708323142087)
state:air-5.0, action:Wait, timestep:99, reward:-0.09124687268009524
==================================================

coord:(22.07534519274201, 5.497785660273409, 15.01708323142087)->(24.068678452960285, 7.130966662261207, 15.01708323142087)
state:field-0.0, action:W, timestep:100, reward:-1.5999584129023745
==================================================

coord:(24.068678452960285, 7.130966662261207, 15.01708323142087)->(24.068678452960285, 9.02299788234077, 15.01708323142087)
state:air-5.0, action:Wait, timestep:101, reward:-0.4370927015982673
==================================================

coord:(24.068678452960285, 9.02299788234077, 15.01708323142087)->(25.04919980345943, 9.962847110248203, 14.036561880921752)
state:field-0.0, action:WA, timestep:102, reward:-1.5844695358105696
==================================================

coord:(25.04919980345943, 9.962847110248203, 14.036561880921752)->(25.04919980345943, 9.962847110248203, 14.036561880921752)
state:field-0.0, action:Wait, timestep:103, reward:-6.942578352209239e-07
==================================================

coord:(25.04919980345943, 9.962847110248203, 14.036561880921752)->(25.04919980345943, 11.137690677042896, 16.029895141140067)
state:field-0.0, action:D, timestep:104, reward:1.0309473553438053
==================================================

coord:(25.04919980345943, 11.137690677042896, 16.029895141140067)->(25.04919980345943, 12.146430965493133, 16.029895141140067)
state:air-5.0, action:Wait, timestep:105, reward:-0.32714164791518385
==================================================

coord:(25.04919980345943, 12.146430965493133, 16.029895141140067)->(26.029721153958576, 12.146430965493133, 17.010416491639212)
state:field-0.0, action:WD, timestep:106, reward:-0.02880020051858878
==================================================

coord:(26.029721153958576, 12.146430965493133, 17.010416491639212)->(26.029721153958576, 15.560738765454989, 17.010416491639212)
state:air-5.0, action:Wait, timestep:107, reward:-1.2876252026748034
==================================================

coord:(26.029721153958576, 15.560738765454989, 17.010416491639212)->(26.029721153958576, 15.30770822846164, 15.970416529786197)
state:field-0.0, action:A, timestep:108, reward:-0.5456573664573128
==================================================

coord:(26.029721153958576, 15.30770822846164, 15.970416529786197)->(26.029721153958576, 13.411621749488766, 15.970416529786197)
state:air-5.0, action:Wait, timestep:109, reward:0.724867438304571
==================================================

coord:(26.029721153958576, 13.411621749488766, 15.970416529786197)->(26.029721153958576, 13.158591212495418, 13.977083269567881)
state:field-0.0, action:A, timestep:110, reward:-1.2303310476242473
==================================================

coord:(26.029721153958576, 13.158591212495418, 13.977083269567881)->(26.029721153958576, 10.468869130887198, 13.977083269567881)
state:air-5.0, action:Wait, timestep:111, reward:0.8359478105205795
==================================================

coord:(26.029721153958576, 10.468869130887198, 13.977083269567881)->(27.06972111581159, 10.468869130887198, 13.977083269567881)
state:field-0.0, action:W, timestep:112, reward:-0.7002939071016883
==================================================

coord:(27.06972111581159, 10.468869130887198, 13.977083269567881)->(27.06972111581159, 12.297809533324285, 13.977083269567881)
state:air-5.0, action:Wait, timestep:113, reward:-0.5398697415607003
==================================================

coord:(27.06972111581159, 12.297809533324285, 13.977083269567881)->(28.02305441417685, 12.297809533324285, 13.977083269567881)
state:field-0.0, action:W, timestep:114, reward:-0.6463102565526029
==================================================

coord:(28.02305441417685, 12.297809533324285, 13.977083269567881)->(28.02305441417685, 14.092810155034131, 13.977083269567881)
state:air-5.0, action:Wait, timestep:115, reward:-0.5954492990321469
==================================================

coord:(28.02305441417685, 14.092810155034131, 13.977083269567881)->(27.9363877506891, 14.092810155034131, 13.977083269567881)
state:field-0.0, action:S, timestep:116, reward:0.058386721803458386
==================================================

coord:(27.9363877506891, 14.092810155034131, 13.977083269567881)->(27.9363877506891, 12.297809533324285, 13.977083269567881)
state:air-5.0, action:Wait, timestep:117, reward:0.5963288508080566
==================================================

coord:(27.9363877506891, 12.297809533324285, 13.977083269567881)->(27.997670335095297, 12.297809533324285, 14.038365853974076)
state:field-0.0, action:WD, timestep:118, reward:-0.001515183922336405
==================================================

coord:(27.997670335095297, 12.297809533324285, 14.038365853974076)->(27.997670335095297, 14.092810155034131, 14.038365853974076)
state:air-5.0, action:Wait, timestep:119, reward:-0.5963080545057693
==================================================

coord:(27.997670335095297, 14.092810155034131, 14.038365853974076)->(25.97534504969081, 15.202602550237305, 16.060691139378505)
state:field-0.0, action:SD, timestep:120, reward:2.2300071891777975
==================================================

coord:(25.97534504969081, 15.202602550237305, 16.060691139378505)->(25.97534504969081, 12.146430965493133, 16.060691139378505)
state:air-5.0, action:Wait, timestep:121, reward:1.1226085923256406
==================================================

coord:(25.97534504969081, 12.146430965493133, 16.060691139378505)->(27.01714898459615, 13.411621749488766, 15.018887204473193)
state:field-0.0, action:WA, timestep:122, reward:-1.8154380644257415
==================================================

coord:(27.01714898459615, 13.411621749488766, 15.018887204473193)->(27.01714898459615, 15.754669176404608, 15.018887204473193)
state:air-5.0, action:Wait, timestep:123, reward:-0.8779213066886413
==================================================

coord:(27.01714898459615, 15.754669176404608, 15.018887204473193)->(26.9304823211084, 15.754669176404608, 15.018887204473193)
state:field-0.0, action:S, timestep:124, reward:0.0572349891976387
==================================================

coord:(26.9304823211084, 15.754669176404608, 15.018887204473193)->(26.9304823211084, 13.411621749488766, 15.018887204473193)
state:air-5.0, action:Wait, timestep:125, reward:0.879227547816015
==================================================

coord:(26.9304823211084, 13.411621749488766, 15.018887204473193)->(26.9304823211084, 13.158591212495418, 13.978887242620159)
state:field-0.0, action:A, timestep:126, reward:-0.5981000057382886
==================================================

coord:(26.9304823211084, 13.158591212495418, 13.978887242620159)->(26.9304823211084, 10.468869130887198, 13.978887242620159)
state:air-5.0, action:Wait, timestep:127, reward:0.8230000657542362
==================================================

coord:(26.9304823211084, 10.468869130887198, 13.978887242620159)->(25.949960970609254, 10.468869130887198, 12.998365892121042)
state:field-0.0, action:SA, timestep:128, reward:-0.027487792204823336
==================================================

coord:(25.949960970609254, 10.468869130887198, 12.998365892121042)->(25.949960970609254, 7.40091872528127, 12.998365892121042)
state:air-5.0, action:Wait, timestep:129, reward:0.72396529834473
==================================================

coord:(25.949960970609254, 7.40091872528127, 12.998365892121042)->(25.949960970609254, 7.097282080889257, 10.918365968414973)
state:field-0.0, action:A, timestep:130, reward:-1.4678914186154444
==================================================

coord:(25.949960970609254, 7.097282080889257, 10.918365968414973)->(25.949960970609254, 4.979149817443558, 10.918365968414973)
state:air-5.0, action:Wait, timestep:131, reward:0.32959372569643364
==================================================

coord:(25.949960970609254, 4.979149817443558, 10.918365968414973)->(27.788438502795152, 5.566303476071249, 9.079888436229128)
state:field-0.0, action:WA, timestep:132, reward:-2.6477005449444633
==================================================

coord:(27.788438502795152, 5.566303476071249, 9.079888436229128)->(24.928438607699366, 4.402363005901867, 9.079888436229128)
state:field-0.0, action:S, timestep:133, reward:1.9428130216459607
==================================================

coord:(24.928438607699366, 4.402363005901867, 9.079888436229128)->(24.928438607699366, 3.187927586082057, 9.079888436229128)
state:air-5.0, action:Wait, timestep:134, reward:0.11731716924504809
==================================================

coord:(24.928438607699366, 3.187927586082057, 9.079888436229128)->(21.548438731677074, 1.4609206979633587, 9.079888436229128)
state:field-0.0, action:S, timestep:135, reward:2.073283874392615
==================================================

coord:(21.548438731677074, 1.4609206979633587, 9.079888436229128)->(21.548438731677074, 2.747638116270579, 13.06655495666576)
state:field-0.0, action:D, timestep:136, reward:3.165874834477293
==================================================

coord:(21.548438731677074, 2.747638116270579, 13.06655495666576)->(21.548438731677074, 3.2276580973492344, 13.06655495666576)
state:air-5.0, action:Wait, timestep:137, reward:-0.04216843851765617
==================================================

coord:(21.548438731677074, 3.2276580973492344, 13.06655495666576)->(23.021772010968842, 4.291471953364964, 13.06655495666576)
state:field-0.0, action:W, timestep:138, reward:-1.0236623619653926
==================================================

coord:(23.021772010968842, 4.291471953364964, 13.06655495666576)->(23.021772010968842, 5.566303476071249, 13.06655495666576)
state:air-5.0, action:Wait, timestep:139, reward:-0.17879566725176943
==================================================

coord:(23.021772010968842, 5.566303476071249, 13.06655495666576)->(24.002293361467988, 5.995719931712003, 12.086033606166643)
state:field-0.0, action:WA, timestep:140, reward:-1.4310949673041335
==================================================

coord:(24.002293361467988, 5.995719931712003, 12.086033606166643)->(23.879728192655595, 5.995719931712003, 11.963468437354253)
state:field-0.0, action:SA, timestep:141, reward:-0.01682511969170264
==================================================

coord:(23.879728192655595, 5.995719931712003, 11.963468437354253)->(23.879728192655595, 3.935072557656734, 11.963468437354253)
state:air-5.0, action:Wait, timestep:142, reward:0.28001578391977233
==================================================

coord:(23.879728192655595, 3.935072557656734, 11.963468437354253)->(23.879728192655595, 3.935072557656734, 11.963468437354253)
state:field-0.0, action:Wait, timestep:143, reward:1.7458338348319558e-06
==================================================

coord:(23.879728192655595, 3.935072557656734, 11.963468437354253)->(23.879728192655595, 5.566303476071249, 14.043468361060322)
state:field-0.0, action:D, timestep:144, reward:1.3549539375361874
==================================================

coord:(23.879728192655595, 5.566303476071249, 14.043468361060322)->(23.879728192655595, 6.378766717846037, 14.043468361060322)
state:air-5.0, action:Wait, timestep:145, reward:-0.1381881114866772
==================================================

coord:(23.879728192655595, 6.378766717846037, 14.043468361060322)->(23.879728192655595, 7.776818084822732, 17.07680158313165)
state:field-0.0, action:D, timestep:146, reward:1.8758097440756885
==================================================

coord:(23.879728192655595, 7.776818084822732, 17.07680158313165)->(23.879728192655595, 8.273653361931782, 17.07680158313165)
state:air-5.0, action:Wait, timestep:147, reward:-0.11949162199780972
==================================================

coord:(23.879728192655595, 8.273653361931782, 17.07680158313165)->(23.879728192655595, 8.69387970345265, 20.02346814171519)
state:field-0.0, action:D, timestep:148, reward:1.8345048425288901
==================================================

coord:(23.879728192655595, 8.69387970345265, 20.02346814171519)->(23.879728192655595, 1.8730300810029368, 20.02346814171519)
state:air-5.0, action:Wait, timestep:149, reward:1.1620500139654872
==================================================

coord:(23.879728192655595, 1.8730300810029368, 20.02346814171519)->(23.879728192655595, 3.304674186060923, 24.01013466215174)
state:field-0.0, action:D, timestep:150, reward:2.3227654278216328
==================================================

coord:(23.879728192655595, 3.304674186060923, 24.01013466215174)->(23.879728192655595, 3.89032683908715, 24.01013466215174)
state:air-5.0, action:Wait, timestep:151, reward:-0.07485614642290628
==================================================

coord:(23.879728192655595, 3.89032683908715, 24.01013466215174)->(25.04409729637333, 5.321479294713132, 25.174503765869474)
state:field-0.0, action:WD, timestep:152, reward:-0.5610600496421903
==================================================

coord:(25.04409729637333, 5.321479294713132, 25.174503765869474)->(25.04409729637333, 6.1833128807551425, 25.174503765869474)
state:air-5.0, action:Wait, timestep:153, reward:-0.17195875736111788
==================================================

coord:(25.04409729637333, 6.1833128807551425, 25.174503765869474)->(24.186141114686578, 6.103130093383256, 26.032459947556227)
state:field-0.0, action:SD, timestep:154, reward:1.1684642121533244
==================================================

coord:(24.186141114686578, 6.103130093383256, 26.032459947556227)->(25.166662465185723, 7.091554966084926, 27.012981298055372)
state:field-0.0, action:WD, timestep:155, reward:-0.5891610429252978
==================================================

coord:(25.166662465185723, 7.091554966084926, 27.012981298055372)->(25.166662465185723, 8.027736868461885, 27.012981298055372)
state:air-5.0, action:Wait, timestep:156, reward:-0.24866124806622736
==================================================

coord:(25.166662465185723, 8.027736868461885, 27.012981298055372)->(25.166662465185723, 8.969664290777729, 29.006314558273647)
state:field-0.0, action:D, timestep:157, reward:0.5615872987354464
==================================================

coord:(25.166662465185723, 8.969664290777729, 29.006314558273647)->(25.166662465185723, 9.892149101304343, 29.006314558273647)
state:air-5.0, action:Wait, timestep:158, reward:-0.3087420373739782
==================================================

coord:(25.166662465185723, 9.892149101304343, 29.006314558273647)->(23.953329176357208, 9.588512456912325, 29.006314558273647)
state:field-0.0, action:S, timestep:159, reward:1.1361078858245044
==================================================

coord:(23.953329176357208, 9.588512456912325, 29.006314558273647)->(23.953329176357208, 7.231766021017783, 29.006314558273647)
state:air-5.0, action:Wait, timestep:160, reward:0.7388228183108758
==================================================

coord:(23.953329176357208, 7.231766021017783, 29.006314558273647)->(23.953329176357208, 8.457996674488252, 32.039647780344936)
state:field-0.0, action:D, timestep:161, reward:0.7330933071331778
==================================================

coord:(23.953329176357208, 8.457996674488252, 32.039647780344936)->(23.953329176357208, 8.969664290777729, 32.039647780344936)
state:air-5.0, action:Wait, timestep:162, reward:-0.17273920113611396
==================================================

coord:(23.953329176357208, 8.969664290777729, 32.039647780344936)->(25.079995801697972, 10.559263565285978, 32.039647780344936)
state:field-0.0, action:W, timestep:163, reward:-1.5745722068430297
==================================================

coord:(25.079995801697972, 10.559263565285978, 32.039647780344936)->(25.079995801697972, 12.26937601343067, 32.039647780344936)
state:air-5.0, action:Wait, timestep:164, reward:-0.7015752312214865
==================================================

coord:(25.079995801697972, 12.26937601343067, 32.039647780344936)->(26.060517152197118, 13.268873328369823, 31.05912642984579)
state:field-0.0, action:WA, timestep:165, reward:-1.5590853562044984
==================================================

coord:(26.060517152197118, 13.268873328369823, 31.05912642984579)->(25.99923456779092, 13.268873328369823, 30.997843845439593)
state:field-0.0, action:SA, timestep:166, reward:0.033117131400345556
==================================================

coord:(25.99923456779092, 13.268873328369823, 30.997843845439593)->(25.99923456779092, 10.76803660460999, 30.997843845439593)
state:air-5.0, action:Wait, timestep:167, reward:1.0298638847791715
==================================================

coord:(25.99923456779092, 10.76803660460999, 30.997843845439593)->(26.060517152197118, 10.76803660460999, 31.05912642984579)
state:field-0.0, action:WD, timestep:168, reward:-0.03430432338272382
==================================================

coord:(26.060517152197118, 10.76803660460999, 31.05912642984579)->(26.060517152197118, 13.268873328369823, 31.05912642984579)
state:air-5.0, action:Wait, timestep:169, reward:-1.0286764969515687
==================================================

coord:(26.060517152197118, 13.268873328369823, 31.05912642984579)->(24.95743063288558, 12.643197818713547, 32.16221294915732)
state:field-0.0, action:SD, timestep:170, reward:1.5326745840007518
==================================================

coord:(24.95743063288558, 12.643197818713547, 32.16221294915732)->(24.95743063288558, 10.559263565285978, 32.16221294915732)
state:air-5.0, action:Wait, timestep:171, reward:0.8707555496036683
==================================================

coord:(24.95743063288558, 10.559263565285978, 32.16221294915732)->(24.95743063288558, 9.395323095116586, 29.99554636196354)
state:field-0.0, action:A, timestep:172, reward:-0.28089631021274286
==================================================

coord:(24.95743063288558, 9.395323095116586, 29.99554636196354)->(24.95743063288558, 8.513375861448784, 29.99554636196354)
state:air-5.0, action:Wait, timestep:173, reward:0.28752562504504553
==================================================

coord:(24.95743063288558, 8.513375861448784, 29.99554636196354)->(26.060517152197118, 9.892149101304343, 28.892459842652002)
state:field-0.0, action:WA, timestep:174, reward:-1.8194801981633866
==================================================

coord:(26.060517152197118, 9.892149101304343, 28.892459842652002)->(26.060517152197118, 10.28718238460078, 28.892459842652002)
state:air-5.0, action:Wait, timestep:175, reward:-0.13644950368265896
==================================================

coord:(26.060517152197118, 10.28718238460078, 28.892459842652002)->(27.041038502696264, 11.345167297443975, 29.872981193151148)
state:field-0.0, action:WD, timestep:176, reward:-0.877799429662975
==================================================

coord:(27.041038502696264, 11.345167297443975, 29.872981193151148)->(27.041038502696264, 12.842883997674194, 29.872981193151148)
state:air-5.0, action:Wait, timestep:177, reward:-0.5947844150193227
==================================================

coord:(27.041038502696264, 12.842883997674194, 29.872981193151148)->(27.041038502696264, 13.98004049266512, 31.086314481979663)
state:field-0.0, action:D, timestep:178, reward:-0.12007305739386709
==================================================

coord:(27.041038502696264, 13.98004049266512, 31.086314481979663)->(27.041038502696264, 15.020545441800547, 31.086314481979663)
state:air-5.0, action:Wait, timestep:179, reward:-0.4849194341372183
==================================================

coord:(27.041038502696264, 15.020545441800547, 31.086314481979663)->(27.041038502696264, 16.673795318751065, 34.032981040563286)
state:field-0.0, action:D, timestep:180, reward:-0.1360457727582478
==================================================

coord:(27.041038502696264, 16.673795318751065, 34.032981040563286)->(27.041038502696264, 17.22685325412422, 34.032981040563286)
state:air-5.0, action:Wait, timestep:181, reward:-0.29628414870534314
==================================================

coord:(27.041038502696264, 17.22685325412422, 34.032981040563286)->(28.081038464549277, 17.22685325412422, 34.032981040563286)
state:field-0.0, action:W, timestep:182, reward:-0.8574156097948631
==================================================

coord:(28.081038464549277, 17.22685325412422, 34.032981040563286)->(28.081038464549277, 19.24815088085866, 34.032981040563286)
state:air-5.0, action:Wait, timestep:183, reward:-1.110311254680191
==================================================

coord:(28.081038464549277, 19.24815088085866, 34.032981040563286)->(29.000277230642226, 20.0, 33.11374227447039)
state:field-0.0, action:WA, timestep:184, reward:-1.3356512329106067
==================================================

coord:(29.000277230642226, 20.0, 33.11374227447039)->(27.958473295736884, 19.447933373832697, 34.15554620937567)
state:field-0.0, action:SD, timestep:185, reward:1.340689744174803
==================================================

coord:(27.958473295736884, 19.447933373832697, 34.15554620937567)->(27.958473295736884, 17.22685325412422, 34.15554620937567)
state:air-5.0, action:Wait, timestep:186, reward:1.2291189501651374
==================================================

coord:(27.958473295736884, 17.22685325412422, 34.15554620937567)->(27.958473295736884, 17.567454896427755, 37.70887941237361)
state:field-0.0, action:D, timestep:187, reward:0.26331055960370264
==================================================

coord:(27.958473295736884, 17.567454896427755, 37.70887941237361)->(26.977951945237738, 17.314424359434405, 38.6894007628727)
state:field-0.0, action:SD, timestep:188, reward:1.011930129120877
==================================================

coord:(26.977951945237738, 17.314424359434405, 38.6894007628727)->(26.977951945237738, 15.217885033606958, 38.6894007628727)
state:air-5.0, action:Wait, timestep:189, reward:1.1111531845077103
==================================================

coord:(26.977951945237738, 15.217885033606958, 38.6894007628727)->(25.937951983384725, 15.217885033606958, 38.6894007628727)
state:field-0.0, action:S, timestep:190, reward:0.8917655007799112
==================================================

coord:(25.937951983384725, 15.217885033606958, 38.6894007628727)->(25.937951983384725, 13.268873328369823, 38.6894007628727)
state:air-5.0, action:Wait, timestep:191, reward:0.9652051381288302
==================================================

coord:(25.937951983384725, 13.268873328369823, 38.6894007628727)->(24.95743063288558, 13.061848343557083, 39.66992211337179)
state:field-0.0, action:SD, timestep:192, reward:0.9898391702399643
==================================================

coord:(24.95743063288558, 13.061848343557083, 39.66992211337179)->(24.95743063288558, 11.052835687926466, 39.66992211337179)
state:air-5.0, action:Wait, timestep:193, reward:0.9025925464357094
==================================================

coord:(24.95743063288558, 11.052835687926466, 39.66992211337179)->(25.04409729637333, 11.052835687926466, 39.66992211337179)
state:field-0.0, action:W, timestep:194, reward:-0.07871328202455175
==================================================

coord:(25.04409729637333, 11.052835687926466, 39.66992211337179)->(25.04409729637333, 12.842883997674194, 39.66992211337179)
state:air-5.0, action:Wait, timestep:195, reward:-0.7961604122079677
==================================================

coord:(25.04409729637333, 12.842883997674194, 39.66992211337179)->(25.04409729637333, 12.842883997674194, 39.66992211337179)
state:field-0.0, action:Wait, timestep:196, reward:-6.679452724256407e-07
==================================================

coord:(25.04409729637333, 12.842883997674194, 39.66992211337179)->(26.024618646872476, 14.071575557758527, 40.65044346387088)
state:field-0.0, action:WD, timestep:197, reward:-1.4558679425900038
==================================================

coord:(26.024618646872476, 14.071575557758527, 40.65044346387088)->(27.00513999737162, 15.020545441800547, 41.63096481436997)
state:field-0.0, action:WD, timestep:198, reward:-1.358679366797375
==================================================

coord:(27.00513999737162, 15.020545441800547, 41.63096481436997)->(27.00513999737162, 16.673795318751065, 38.94429824624957)
state:field-0.0, action:A, timestep:199, reward:-0.8338614489752239
==================================================

coord:(27.00513999737162, 16.673795318751065, 38.94429824624957)->(27.00513999737162, 17.22685325412422, 38.94429824624957)
state:air-5.0, action:Wait, timestep:200, reward:-0.301814596364391
==================================================

coord:(27.00513999737162, 17.22685325412422, 38.94429824624957)->(27.00513999737162, 16.062912783954825, 41.024298169955685)
state:field-0.0, action:D, timestep:201, reward:0.6280919196822801
==================================================

coord:(27.00513999737162, 16.062912783954825, 41.024298169955685)->(27.00513999737162, 15.020545441800547, 41.024298169955685)
state:air-5.0, action:Wait, timestep:202, reward:0.5343770461437529
==================================================

coord:(27.00513999737162, 15.020545441800547, 41.024298169955685)->(27.00513999737162, 15.020545441800547, 41.024298169955685)
state:field-0.0, action:Wait, timestep:203, reward:9.017345732331705e-07
==================================================

coord:(27.00513999737162, 15.020545441800547, 41.024298169955685)->(26.943857412965425, 15.020545441800547, 41.08558075436188)
state:field-0.0, action:SD, timestep:204, reward:0.050865700150552584
==================================================

coord:(26.943857412965425, 15.020545441800547, 41.08558075436188)->(26.943857412965425, 13.268873328369823, 41.08558075436188)
state:air-5.0, action:Wait, timestep:205, reward:0.8376474727961991
==================================================

coord:(26.943857412965425, 13.268873328369823, 41.08558075436188)->(26.943857412965425, 13.268873328369823, 41.08558075436188)
state:field-0.0, action:Wait, timestep:206, reward:-9.189274337018105e-07
==================================================

coord:(26.943857412965425, 13.268873328369823, 41.08558075436188)->(25.96333606246628, 13.268873328369823, 42.06610210486097)
state:field-0.0, action:SD, timestep:207, reward:0.8142613032396753
==================================================

coord:(25.96333606246628, 13.268873328369823, 42.06610210486097)->(25.96333606246628, 10.76803660460999, 42.06610210486097)
state:air-5.0, action:Wait, timestep:208, reward:1.0809409561022747
==================================================

coord:(25.96333606246628, 10.76803660460999, 42.06610210486097)->(25.96333606246628, 10.76803660460999, 42.06610210486097)
state:field-0.0, action:Wait, timestep:209, reward:7.095202434470593e-07
==================================================

coord:(25.96333606246628, 10.76803660460999, 42.06610210486097)->(27.00513999737162, 12.349710411076664, 43.10790603976625)
state:field-0.0, action:WD, timestep:210, reward:-1.6907235504633036
==================================================

coord:(27.00513999737162, 12.349710411076664, 43.10790603976625)->(27.00513999737162, 12.842883997674194, 43.10790603976625)
state:air-5.0, action:Wait, timestep:211, reward:-0.21375019346294977
==================================================

coord:(27.00513999737162, 12.842883997674194, 43.10790603976625)->(25.96514003551861, 12.589853460680846, 43.10790603976625)
state:field-0.0, action:S, timestep:212, reward:1.0373907586691757
==================================================

coord:(25.96514003551861, 12.589853460680846, 43.10790603976625)->(25.96514003551861, 9.892149101304343, 43.10790603976625)
state:air-5.0, action:Wait, timestep:213, reward:1.0994241592563156
==================================================

coord:(25.96514003551861, 9.892149101304343, 43.10790603976625)->(23.20742373723976, 8.969664290777729, 40.35018974148756)
state:field-0.0, action:SA, timestep:214, reward:3.0797727889339406
==================================================

coord:(23.20742373723976, 8.969664290777729, 40.35018974148756)->(25.027423670482534, 10.559263565285978, 40.35018974148756)
state:field-0.0, action:W, timestep:215, reward:-2.2946039516401946
==================================================

coord:(25.027423670482534, 10.559263565285978, 40.35018974148756)->(25.027423670482534, 12.26937601343067, 40.35018974148756)
state:air-5.0, action:Wait, timestep:216, reward:-0.7334311846880794
==================================================

coord:(25.027423670482534, 12.26937601343067, 40.35018974148756)->(25.027423670482534, 12.26937601343067, 40.35018974148756)
state:field-0.0, action:Wait, timestep:217, reward:-3.222613216280479e-07
==================================================

coord:(25.027423670482534, 12.26937601343067, 40.35018974148756)->(26.00794502098168, 13.268873328369823, 41.33071109198665)
state:field-0.0, action:WD, timestep:218, reward:-1.3602778007550889
==================================================

coord:(26.00794502098168, 13.268873328369823, 41.33071109198665)->(27.047944982834693, 13.268873328369823, 41.33071109198665)
state:field-0.0, action:W, timestep:219, reward:-0.9217720657669375
==================================================

coord:(27.047944982834693, 13.268873328369823, 41.33071109198665)->(27.047944982834693, 15.020545441800547, 41.33071109198665)
state:air-5.0, action:Wait, timestep:220, reward:-0.834787059053884
==================================================

coord:(27.047944982834693, 15.020545441800547, 41.33071109198665)->(26.986662398428496, 15.020545441800547, 41.26942850758046)
state:field-0.0, action:SA, timestep:221, reward:0.055672947825854635
==================================================

coord:(26.986662398428496, 15.020545441800547, 41.26942850758046)->(26.986662398428496, 13.268873328369823, 41.26942850758046)
state:air-5.0, action:Wait, timestep:222, reward:0.8363775860025449
==================================================

coord:(26.986662398428496, 13.268873328369823, 41.26942850758046)->(27.047944982834693, 13.268873328369823, 41.33071109198665)
state:field-0.0, action:WD, timestep:223, reward:-0.05726439059603905
==================================================

coord:(27.047944982834693, 13.268873328369823, 41.33071109198665)->(27.047944982834693, 15.020545441800547, 41.33071109198665)
state:air-5.0, action:Wait, timestep:224, reward:-0.834787059053884
==================================================

coord:(27.047944982834693, 15.020545441800547, 41.33071109198665)->(26.986662398428496, 15.020545441800547, 41.39199367639284)
state:field-0.0, action:SD, timestep:225, reward:0.05024445064069383
==================================================

coord:(26.986662398428496, 15.020545441800547, 41.39199367639284)->(26.986662398428496, 13.268873328369823, 41.39199367639284)
state:air-5.0, action:Wait, timestep:226, reward:0.8362219744841113
==================================================

coord:(26.986662398428496, 13.268873328369823, 41.39199367639284)->(24.99332913821022, 13.015842791376475, 41.39199367639284)
state:field-0.0, action:S, timestep:227, reward:1.879580666765989
==================================================

coord:(24.99332913821022, 13.015842791376475, 41.39199367639284)->(24.99332913821022, 9.956918478215421, 41.39199367639284)
state:air-5.0, action:Wait, timestep:228, reward:1.317275058959332
==================================================

coord:(24.99332913821022, 9.956918478215421, 41.39199367639284)->(24.99332913821022, 9.956918478215421, 41.39199367639284)
state:field-0.0, action:Wait, timestep:229, reward:-9.420172304430707e-07
==================================================

coord:(24.99332913821022, 9.956918478215421, 41.39199367639284)->(26.033329100063234, 11.569478874068835, 41.39199367639284)
state:field-0.0, action:W, timestep:230, reward:-1.5980765820994591
==================================================

coord:(26.033329100063234, 11.569478874068835, 41.39199367639284)->(26.033329100063234, 13.268873328369823, 41.39199367639284)
state:air-5.0, action:Wait, timestep:231, reward:-0.7540320257032818
==================================================

coord:(26.033329100063234, 13.268873328369823, 41.39199367639284)->(26.033329100063234, 14.729323834804282, 38.96532709873571)
state:field-0.0, action:A, timestep:232, reward:-0.6968954620392154
==================================================

coord:(26.033329100063234, 14.729323834804282, 38.96532709873571)->(26.033329100063234, 15.217885033606958, 38.96532709873571)
state:air-5.0, action:Wait, timestep:233, reward:-0.2506268577813273
==================================================

coord:(26.033329100063234, 15.217885033606958, 38.96532709873571)->(26.033329100063234, 14.053944563437566, 41.045327022441825)
state:field-0.0, action:D, timestep:234, reward:0.5866213771591013
==================================================

coord:(26.033329100063234, 14.053944563437566, 41.045327022441825)->(26.033329100063234, 13.268873328369823, 41.045327022441825)
state:air-5.0, action:Wait, timestep:235, reward:0.37579804177852694
==================================================

coord:(26.033329100063234, 13.268873328369823, 41.045327022441825)->(25.05280774956409, 12.785815030473433, 42.025848372940914)
state:field-0.0, action:SD, timestep:236, reward:1.036604806322444
==================================================

coord:(25.05280774956409, 12.785815030473433, 42.025848372940914)->(25.05280774956409, 10.76803660460999, 42.025848372940914)
state:air-5.0, action:Wait, timestep:237, reward:0.8842786471642583
==================================================

coord:(25.05280774956409, 10.76803660460999, 42.025848372940914)->(25.05280774956409, 12.26937601343067, 39.9458484492348)
state:field-0.0, action:A, timestep:238, reward:-0.5705510500979578
==================================================

coord:(25.05280774956409, 12.26937601343067, 39.9458484492348)->(25.05280774956409, 12.842883997674194, 39.9458484492348)
state:air-5.0, action:Wait, timestep:239, reward:-0.26538687318166865
==================================================

coord:(25.05280774956409, 12.842883997674194, 39.9458484492348)->(25.05280774956409, 13.531219560760134, 35.352515284383806)
state:field-0.0, action:A, timestep:240, reward:-0.7194245902659588
==================================================

coord:(25.05280774956409, 13.531219560760134, 35.352515284383806)->(24.991525165157892, 13.531219560760134, 35.29123269997761)
state:field-0.0, action:SA, timestep:241, reward:0.042391105565766196
==================================================

coord:(24.991525165157892, 13.531219560760134, 35.29123269997761)->(24.991525165157892, 11.645230657648455, 35.29123269997761)
state:air-5.0, action:Wait, timestep:242, reward:0.8629294064825395
==================================================

coord:(24.991525165157892, 11.645230657648455, 35.29123269997761)->(25.078191828645643, 11.645230657648455, 35.29123269997761)
state:field-0.0, action:W, timestep:243, reward:-0.07681031361408586
==================================================

coord:(25.078191828645643, 11.645230657648455, 35.29123269997761)->(25.078191828645643, 13.531219560760134, 35.29123269997761)
state:air-5.0, action:Wait, timestep:244, reward:-0.8605630662509292
==================================================

coord:(25.078191828645643, 13.531219560760134, 35.29123269997761)->(25.078191828645643, 12.842883997674194, 33.38456610324701)
state:field-0.0, action:A, timestep:245, reward:-0.061272013360508026
==================================================

coord:(25.078191828645643, 12.842883997674194, 33.38456610324701)->(24.95562665983325, 12.842883997674194, 33.262000934434624)
state:field-0.0, action:SA, timestep:246, reward:0.07579051661229741
==================================================

coord:(24.95562665983325, 12.842883997674194, 33.262000934434624)->(24.95562665983325, 11.052835687926466, 33.262000934434624)
state:air-5.0, action:Wait, timestep:247, reward:0.7744352831342631
==================================================

coord:(24.95562665983325, 11.052835687926466, 33.262000934434624)->(25.016909244239447, 11.052835687926466, 33.20071835002843)
state:field-0.0, action:WA, timestep:248, reward:-0.06912922424832857
==================================================

coord:(25.016909244239447, 11.052835687926466, 33.20071835002843)->(25.016909244239447, 12.842883997674194, 33.20071835002843)
state:air-5.0, action:Wait, timestep:249, reward:-0.7725273436843274
==================================================

coord:(25.016909244239447, 12.842883997674194, 33.20071835002843)->(24.930242580751695, 12.842883997674194, 33.20071835002843)
state:field-0.0, action:S, timestep:250, reward:0.07411439184947
==================================================

coord:(24.930242580751695, 12.842883997674194, 33.20071835002843)->(24.930242580751695, 11.052835687926466, 33.20071835002843)
state:air-5.0, action:Wait, timestep:251, reward:0.7746317758451546
==================================================

coord:(24.930242580751695, 11.052835687926466, 33.20071835002843)->(24.930242580751695, 11.645230657648455, 37.62071818790392)
state:field-0.0, action:D, timestep:252, reward:0.502821291014456
==================================================

coord:(24.930242580751695, 11.645230657648455, 37.62071818790392)->(25.05280774956409, 11.645230657648455, 37.49815301909153)
state:field-0.0, action:WA, timestep:253, reward:-0.12097284642906914
==================================================

coord:(25.05280774956409, 11.645230657648455, 37.49815301909153)->(25.05280774956409, 13.531219560760134, 37.49815301909153)
state:air-5.0, action:Wait, timestep:254, reward:-0.8704191939489796
==================================================

coord:(25.05280774956409, 13.531219560760134, 37.49815301909153)->(26.033329100063234, 15.217885033606958, 38.47867436959062)
state:field-0.0, action:WD, timestep:255, reward:-1.62456538646207
==================================================

coord:(26.033329100063234, 15.217885033606958, 38.47867436959062)->(27.01385045056238, 16.673795318751065, 39.45919572008971)
state:field-0.0, action:WD, timestep:256, reward:-1.5681273749425877
==================================================

coord:(27.01385045056238, 16.673795318751065, 39.45919572008971)->(27.01385045056238, 16.673795318751065, 39.45919572008971)
state:death-0.0, action:W, timestep:257, reward:-999999
==================================================

