coord:(16.0, 0.0, 47.0)->(16.0, 0.0, 47.0)
state:field-4, action:Wait, timestep:1, reward:-0.0
==================================================

coord:(16.0, 0.0, 47.0)->(16.0, 15.883979017823489, 40.999999999999915)
state:field-4.0, action:As, timestep:2, reward:-2.788122563613946
==================================================

coord:(16.0, 15.883979017823489, 40.999999999999915)->(16.0, 18.483978922456124, 41.04999999999991)
state:wall-14.0, action:Wj, timestep:3, reward:-2.065555100262497
==================================================

coord:(16.0, 18.483978922456124, 41.04999999999991)->(16.0, 15.38857111051894, 41.04999999999991)
state:air-8.0, action:Wait, timestep:4, reward:2.4190137663019016
==================================================

coord:(16.0, 15.38857111051894, 41.04999999999991)->(18.022325285404488, 15.748085375085735, 43.07232528540428)
state:field-3.0, action:WD, timestep:5, reward:-2.2341636134564062
==================================================

coord:(18.022325285404488, 15.748085375085735, 43.07232528540428)->(18.022325285404488, 15.748085375085735, 43.07232528540428)
state:air-8.0, action:j, timestep:6, reward:-3.291546484263108e-07
==================================================

coord:(18.022325285404488, 15.748085375085735, 43.07232528540428)->(18.022325285404488, 11.848085518136882, 37.872325476139004)
state:parachute-18.0, action:A, timestep:7, reward:4.824883316779026
==================================================

coord:(18.022325285404488, 11.848085518136882, 37.872325476139004)->(18.022325285404488, 11.848085518136882, 37.872325476139004)
state:parachute-18.0, action:WAj, timestep:8, reward:8.094548071824192e-07
==================================================

coord:(18.022325285404488, 11.848085518136882, 37.872325476139004)->(18.022325285404488, 13.148085470453202, 38.022325476138995)
state:wall-13.0, action:W, timestep:9, reward:-0.9345981513434793
==================================================

coord:(18.022325285404488, 13.148085470453202, 38.022325476138995)->(18.022325285404488, 13.148085470453202, 38.022325476138995)
state:air-8.0, action:j, timestep:10, reward:7.713860128433225e-07
==================================================

coord:(18.022325285404488, 13.148085470453202, 38.022325476138995)->(18.022325285404488, 13.148085470453202, 38.022325476138995)
state:parachute-18.0, action:Dj, timestep:11, reward:7.713860128433225e-07
==================================================

coord:(18.022325285404488, 13.148085470453202, 38.022325476138995)->(18.022325285404488, 15.748085375085736, 39.02232547613894)
state:wall-13.0, action:Wj, timestep:12, reward:-2.2139660918208435
==================================================

coord:(18.022325285404488, 15.748085375085736, 39.02232547613894)->(18.022325285404488, 7.605102639118093, 39.02232547613894)
state:air-8.0, action:Wait, timestep:13, reward:5.155621035067371
==================================================

coord:(18.022325285404488, 7.605102639118093, 39.02232547613894)->(18.022325285404488, 10.205102543750634, 40.02232547613888)
state:wall-13.0, action:Wj, timestep:14, reward:-1.828238571946784
==================================================

coord:(18.022325285404488, 10.205102543750634, 40.02232547613888)->(18.022325285404488, 2.0621198077829828, 40.02232547613888)
state:air-7.0, action:Wait, timestep:15, reward:3.093351938468375
==================================================

coord:(18.022325285404488, 2.0621198077829828, 40.02232547613888)->(18.022325285404488, 0.7621198554667014, 40.02232547613888)
state:wall-12.0, action:S, timestep:16, reward:0.12628653465723794
==================================================

coord:(18.022325285404488, 0.7621198554667014, 40.02232547613888)->(18.022325285404488, 0.0, 37.422325476138845)
state:field-2.0, action:As, timestep:17, reward:1.2846930527896738
==================================================

coord:(18.022325285404488, 0.0, 37.422325476138845)->(17.922325285404487, 0.06370000044504802, 37.422325476138845)
state:field-2.0, action:Ssj, timestep:18, reward:0.09093813199123701
==================================================

coord:(17.922325285404487, 0.06370000044504802, 37.422325476138845)->(17.922325285404487, 8.170927402972628, 37.422325476138845)
state:air-7.0, action:Wait, timestep:19, reward:-2.3395975196625987
==================================================

coord:(17.922325285404487, 8.170927402972628, 37.422325476138845)->(17.922325285404487, 9.489734980744604, 39.02232547613887)
state:field-2.0, action:Ds, timestep:20, reward:-1.3410467187167932
==================================================

coord:(17.922325285404487, 9.489734980744604, 39.02232547613887)->(17.922325285404487, 10.770589473511771, 39.02232547613887)
state:air-7.0, action:Wait, timestep:21, reward:-0.7562921258358237
==================================================

coord:(17.922325285404487, 10.770589473511771, 39.02232547613887)->(17.922325285404487, 11.460672799613077, 37.98232551428581)
state:field-2.0, action:Aj, timestep:22, reward:-0.05172370403205662
==================================================

coord:(17.922325285404487, 11.460672799613077, 37.98232551428581)->(17.922325285404487, 8.170927402972628, 37.98232551428581)
state:air-7.0, action:Wait, timestep:23, reward:1.9435734991776883
==================================================

coord:(17.922325285404487, 8.170927402972628, 37.98232551428581)->(17.922325285404487, 8.170927402972628, 37.98232551428581)
state:field-2.0, action:j, timestep:24, reward:-4.5254350311552116e-07
==================================================

coord:(17.922325285404487, 8.170927402972628, 37.98232551428581)->(17.922325285404487, 9.489734980744604, 38.068992177773566)
state:field-2.0, action:Dj, timestep:25, reward:-0.759419941580699
==================================================

coord:(17.922325285404487, 9.489734980744604, 38.068992177773566)->(17.922325285404487, 10.770589473511771, 39.02232547613887)
state:field-2.0, action:Dj, timestep:26, reward:-1.1324308129696128
==================================================

coord:(17.922325285404487, 10.770589473511771, 39.02232547613887)->(18.04489045421688, 10.93160891337593, 38.89976030732648)
state:field-2.0, action:WAj, timestep:27, reward:-0.13423871127511333
==================================================

coord:(18.04489045421688, 10.93160891337593, 38.89976030732648)->(18.04489045421688, 10.93160891337593, 38.89976030732648)
state:air-7.0, action:j, timestep:28, reward:4.855022304184331e-07
==================================================

coord:(18.04489045421688, 10.93160891337593, 38.89976030732648)->(17.983607869810683, 10.866608915760116, 38.961042891732674)
state:parachute-17.0, action:SD, timestep:29, reward:0.05782363638144261
==================================================

coord:(17.983607869810683, 10.866608915760116, 38.961042891732674)->(17.983607869810683, 9.489734980744604, 38.961042891732674)
state:air-7.0, action:Wait, timestep:30, reward:0.8145976198608906
==================================================

coord:(17.983607869810683, 9.489734980744604, 38.961042891732674)->(18.04489045421688, 9.489734980744604, 39.02232547613887)
state:field-2.0, action:WD, timestep:31, reward:-0.06920221805950177
==================================================

coord:(18.04489045421688, 9.489734980744604, 39.02232547613887)->(18.04489045421688, 9.489734980744604, 39.02232547613887)
state:air-7.0, action:j, timestep:32, reward:2.0503620135059464e-07
==================================================

coord:(18.04489045421688, 9.489734980744604, 39.02232547613887)->(18.04489045421688, 9.489734980744604, 39.02232547613887)
state:parachute-17.0, action:WAj, timestep:33, reward:2.0503620135059464e-07
==================================================

coord:(18.04489045421688, 9.489734980744604, 39.02232547613887)->(18.04489045421688, 8.189735028428284, 39.02232547613887)
state:wall-12.0, action:S, timestep:34, reward:0.6957172768314877
==================================================

coord:(18.04489045421688, 8.189735028428284, 39.02232547613887)->(18.04489045421688, 8.189735028428284, 39.02232547613887)
state:air-7.0, action:j, timestep:35, reward:4.18921331402089e-07
==================================================

coord:(18.04489045421688, 8.189735028428284, 39.02232547613887)->(18.04489045421688, 8.189735028428284, 39.02232547613887)
state:parachute-17.0, action:Sj, timestep:36, reward:4.18921331402089e-07
==================================================

coord:(18.04489045421688, 8.189735028428284, 39.02232547613887)->(18.04489045421688, 6.889735076112011, 39.02232547613887)
state:wall-12.0, action:S, timestep:37, reward:0.6179777209713819
==================================================

coord:(18.04489045421688, 6.889735076112011, 39.02232547613887)->(18.04489045421688, 0.0, 39.02232547613887)
state:air-7.0, action:Wait, timestep:38, reward:1.6094080457826863
==================================================

coord:(18.04489045421688, 0.0, 39.02232547613887)->(18.04489045421688, 0.0, 43.822325476138936)
state:field-2.0, action:Dsj, timestep:39, reward:-2.9349353549934882
==================================================

coord:(18.04489045421688, 0.0, 43.822325476138936)->(22.287530949517116, 0.0, 39.5796849808387)
state:field-1.0, action:WAs, timestep:40, reward:-1.0874315253854334
==================================================

coord:(22.287530949517116, 0.0, 39.5796849808387)->(23.022921962391475, 0.6900833261013022, 40.315075993713016)
state:field-1.0, action:WDj, timestep:41, reward:-0.9929234578353743
==================================================

coord:(23.022921962391475, 0.6900833261013022, 40.315075993713016)->(23.022921962391475, 8.969664290777729, 40.315075993713016)
state:air-6.0, action:Wait, timestep:42, reward:-2.0035215532963164
==================================================

coord:(23.022921962391475, 8.969664290777729, 40.315075993713016)->(23.022921962391475, 9.38893370440675, 39.968409339762)
state:field-1.0, action:Aj, timestep:43, reward:-0.04889708693752581
==================================================

coord:(23.022921962391475, 9.38893370440675, 39.968409339762)->(24.00344331289062, 10.559263565285978, 40.948930690261086)
state:field-1.0, action:WD, timestep:44, reward:-1.6989717616649394
==================================================

coord:(24.00344331289062, 10.559263565285978, 40.948930690261086)->(22.903443312890605, 11.110241347959285, 40.948930690261086)
state:field-1.0, action:Ssj, timestep:45, reward:0.590214907803329
==================================================

coord:(22.903443312890605, 11.110241347959285, 40.948930690261086)->(22.903443312890605, 2.967258611991636, 40.948930690261086)
state:air-5.0, action:Wait, timestep:46, reward:2.763975219482475
==================================================

coord:(22.903443312890605, 2.967258611991636, 40.948930690261086)->(22.903443312890605, 1.6672586596753467, 40.948930690261086)
state:wall-10.0, action:S, timestep:47, reward:0.15627252743150777
==================================================

coord:(22.903443312890605, 1.6672586596753467, 40.948930690261086)->(22.903443312890605, 1.6672586596753467, 40.948930690261086)
state:field-0.0, action:Wait, timestep:48, reward:-3.6075208598163044e-07
==================================================

coord:(22.903443312890605, 1.6672586596753467, 40.948930690261086)->(23.044864662733946, 1.7919364383432206, 40.807509340417745)
state:field-0.0, action:WAsj, timestep:49, reward:-0.07073845288867275
==================================================

coord:(23.044864662733946, 1.7919364383432206, 40.807509340417745)->(23.044864662733946, 8.969664290777729, 40.807509340417745)
state:air-5.0, action:Wait, timestep:50, reward:-1.9096829656043468
==================================================

coord:(23.044864662733946, 8.969664290777729, 40.807509340417745)->(23.044864662733946, 8.452442068555508, 43.007509340417776)
state:field-0.0, action:Ds, timestep:51, reward:-0.8012593468672655
==================================================

coord:(23.044864662733946, 8.452442068555508, 43.007509340417776)->(23.044864662733946, 7.231766021017783, 43.007509340417776)
state:air-5.0, action:Wait, timestep:52, reward:0.43991280916523934
==================================================

coord:(23.044864662733946, 7.231766021017783, 43.007509340417776)->(22.958197999246195, 7.314576018558893, 43.007509340417776)
state:field-0.0, action:Sj, timestep:53, reward:0.040481710840008844
==================================================

coord:(22.958197999246195, 7.314576018558893, 43.007509340417776)->(22.958197999246195, 7.314576018558893, 43.007509340417776)
state:air-5.0, action:j, timestep:54, reward:1.4345719634434317e-07
==================================================

coord:(22.958197999246195, 7.314576018558893, 43.007509340417776)->(22.958197999246195, 7.314576018558893, 43.007509340417776)
state:parachute-15.0, action:j, timestep:55, reward:1.4345719634434317e-07
==================================================

coord:(22.958197999246195, 7.314576018558893, 43.007509340417776)->(22.958197999246195, 9.914575923191439, 44.00750934041772)
state:wall-10.0, action:Wj, timestep:56, reward:-1.5230513413693743
==================================================

coord:(22.958197999246195, 9.914575923191439, 44.00750934041772)->(22.958197999246195, 1.771593187223787, 44.00750934041772)
state:air-5.0, action:Wait, timestep:57, reward:2.1687841715319287
==================================================

coord:(22.958197999246195, 1.771593187223787, 44.00750934041772)->(22.958197999246195, 0.4715932349075045, 44.00750934041772)
state:wall-10.0, action:S, timestep:58, reward:0.07003392777971484
==================================================

coord:(22.958197999246195, 0.4715932349075045, 44.00750934041772)->(19.31819813276065, 0.0, 44.00750934041772)
state:field-0.0, action:Sj, timestep:59, reward:2.8522586303455206
==================================================

coord:(19.31819813276065, 0.0, 44.00750934041772)->(19.31819813276065, 0.0, 38.007509340417634)
state:field-0.0, action:As, timestep:60, reward:3.321519045252362
==================================================

coord:(19.31819813276065, 0.0, 38.007509340417634)->(19.31819813276065, 0.0, 38.007509340417634)
state:field-0.0, action:Wait, timestep:61, reward:1.4724210828376272e-07
==================================================

coord:(19.31819813276065, 0.0, 38.007509340417634)->(19.31819813276065, 0.0, 38.007509340417634)
state:field-0.0, action:Wait, timestep:62, reward:1.4724210828376272e-07
==================================================

coord:(19.31819813276065, 0.0, 38.007509340417634)->(19.31819813276065, 0.0, 43.20750914968291)
state:field-0.0, action:D, timestep:63, reward:-2.7959702788313905
==================================================

coord:(19.31819813276065, 0.0, 43.20750914968291)->(19.31819813276065, 0.0, 43.20750914968291)
state:field-0.0, action:Wait, timestep:64, reward:-3.1575766001878947e-07
==================================================

coord:(19.31819813276065, 0.0, 43.20750914968291)->(23.044864662733946, 0.0, 43.20750914968291)
state:field-0.0, action:W, timestep:65, reward:-2.9930068683613946
==================================================

coord:(23.044864662733946, 0.0, 43.20750914968291)->(23.044864662733946, 7.231766021017783, 43.20750914968291)
state:air-5.0, action:Wait, timestep:66, reward:-1.2439342299409546
==================================================

coord:(23.044864662733946, 7.231766021017783, 43.20750914968291)->(24.025386013233092, 7.872093357350055, 42.226987799183824)
state:field-0.0, action:WA, timestep:67, reward:-0.5259114887235903
==================================================

coord:(24.025386013233092, 7.872093357350055, 42.226987799183824)->(24.025386013233092, 9.267181677720165, 42.226987799183824)
state:air-5.0, action:Wait, timestep:68, reward:-0.5328744479133007
==================================================

coord:(24.025386013233092, 9.267181677720165, 42.226987799183824)->(23.228712415952536, 8.963545033328147, 43.023661396464334)
state:field-0.0, action:SD, timestep:69, reward:0.3706504153267858
==================================================

coord:(23.228712415952536, 8.963545033328147, 43.023661396464334)->(23.228712415952536, 7.231766021017783, 43.023661396464334)
state:air-5.0, action:Wait, timestep:70, reward:0.6370491705792354
==================================================

coord:(23.228712415952536, 7.231766021017783, 43.023661396464334)->(23.228712415952536, 7.231766021017783, 43.023661396464334)
state:field-0.0, action:Wait, timestep:71, reward:4.492657588173188e-07
==================================================

coord:(23.228712415952536, 7.231766021017783, 43.023661396464334)->(25.005907363732238, 8.154532554440037, 44.80085634424393)
state:field-0.0, action:WD, timestep:72, reward:-2.6280504227795483
==================================================

coord:(25.005907363732238, 8.154532554440037, 44.80085634424393)->(25.005907363732238, 8.969664290777729, 44.80085634424393)
state:air-5.0, action:Wait, timestep:73, reward:-0.28527365822710493
==================================================

coord:(25.005907363732238, 8.969664290777729, 44.80085634424393)->(27.085907287438264, 10.28718238460078, 44.80085634424393)
state:field-0.0, action:W, timestep:74, reward:-2.1187075646859697
==================================================

coord:(27.085907287438264, 10.28718238460078, 44.80085634424393)->(27.085907287438264, 11.645230657648455, 44.80085634424393)
state:air-5.0, action:Wait, timestep:75, reward:-0.5515336489539493
==================================================

coord:(27.085907287438264, 11.645230657648455, 44.80085634424393)->(26.22795110575151, 11.345167297443975, 43.94290016255723)
state:field-0.0, action:SA, timestep:76, reward:1.191294666255299
==================================================

coord:(26.22795110575151, 11.345167297443975, 43.94290016255723)->(25.982820768126725, 11.331365631789792, 44.188030500182)
state:field-0.0, action:SD, timestep:77, reward:0.08167671694286227
==================================================

coord:(25.982820768126725, 11.331365631789792, 44.188030500182)->(25.982820768126725, 8.969664290777729, 44.188030500182)
state:air-5.0, action:Wait, timestep:78, reward:0.9387860643873189
==================================================

coord:(25.982820768126725, 8.969664290777729, 44.188030500182)->(23.98948750790845, 8.71663375378438, 44.188030500182)
state:field-0.0, action:S, timestep:79, reward:1.6536428425524292
==================================================

coord:(23.98948750790845, 8.71663375378438, 44.188030500182)->(23.98948750790845, 6.557373203102033, 44.188030500182)
state:air-5.0, action:Wait, timestep:80, reward:0.7152596769690795
==================================================

coord:(23.98948750790845, 6.557373203102033, 44.188030500182)->(22.947683573003108, 6.543571537447851, 45.229834435087284)
state:field-0.0, action:SD, timestep:81, reward:0.22355152236109177
==================================================

coord:(22.947683573003108, 6.543571537447851, 45.229834435087284)->(22.947683573003108, 0.0, 45.229834435087284)
state:air-5.0, action:Wait, timestep:82, reward:0.9737235004122731
==================================================

coord:(22.947683573003108, 0.0, 45.229834435087284)->(19.27072850863131, 0.0, 41.5528793707157)
state:field-0.0, action:SA, timestep:83, reward:5.1486126536555545
==================================================

coord:(19.27072850863131, 0.0, 41.5528793707157)->(19.27072850863131, 0.0, 41.5528793707157)
state:field-0.0, action:Wait, timestep:84, reward:-3.224186642114546e-07
==================================================

coord:(19.27072850863131, 0.0, 41.5528793707157)->(22.947683573003108, 0.0, 37.87592430634412)
state:field-0.0, action:WA, timestep:85, reward:-1.585959830467452
==================================================

coord:(22.947683573003108, 0.0, 37.87592430634412)->(23.03435023649086, 0.0, 37.87592430634412)
state:field-0.0, action:W, timestep:86, reward:-0.08190652056182302
==================================================

coord:(23.03435023649086, 0.0, 37.87592430634412)->(23.03435023649086, 9.892149101304343, 37.87592430634412)
state:air-5.0, action:Wait, timestep:87, reward:-2.5367136904202425
==================================================

coord:(23.03435023649086, 9.892149101304343, 37.87592430634412)->(23.03435023649086, 9.700357959691633, 38.91592426819717)
state:field-0.0, action:D, timestep:88, reward:-0.23089349129150705
==================================================

coord:(23.03435023649086, 9.700357959691633, 38.91592426819717)->(24.014871586990004, 9.892149101304343, 37.935402917698084)
state:field-0.0, action:WA, timestep:89, reward:-0.6051158196676134
==================================================

coord:(24.014871586990004, 9.892149101304343, 37.935402917698084)->(24.014871586990004, 11.645230657648455, 37.935402917698084)
state:air-5.0, action:Wait, timestep:90, reward:-0.8650074618874193
==================================================

coord:(24.014871586990004, 11.645230657648455, 37.935402917698084)->(24.014871586990004, 11.645230657648455, 35.335403013065445)
state:field-0.0, action:A, timestep:91, reward:0.5482458840968398
==================================================

coord:(24.014871586990004, 11.645230657648455, 35.335403013065445)->(23.928204923502253, 11.645230657648455, 35.335403013065445)
state:field-0.0, action:S, timestep:92, reward:0.07186509119953399
==================================================

coord:(23.928204923502253, 11.645230657648455, 35.335403013065445)->(23.928204923502253, 9.892149101304343, 35.335403013065445)
state:air-5.0, action:Wait, timestep:93, reward:0.8908469861336918
==================================================

coord:(23.928204923502253, 9.892149101304343, 35.335403013065445)->(23.928204923502253, 9.892149101304343, 37.588736263747066)
state:field-0.0, action:D, timestep:94, reward:-0.4791139643701321
==================================================

coord:(23.928204923502253, 9.892149101304343, 37.588736263747066)->(23.928204923502253, 9.892149101304343, 37.588736263747066)
state:field-0.0, action:Wait, timestep:95, reward:5.681005710300724e-07
==================================================

coord:(23.928204923502253, 9.892149101304343, 37.588736263747066)->(23.928204923502253, 9.892149101304343, 37.588736263747066)
state:field-0.0, action:Wait, timestep:96, reward:5.681005710300724e-07
==================================================

coord:(23.928204923502253, 9.892149101304343, 37.588736263747066)->(22.947683573003108, 9.956918478215421, 36.60821491324798)
state:field-0.0, action:SA, timestep:97, reward:1.0360984254101737
==================================================

coord:(22.947683573003108, 9.956918478215421, 36.60821491324798)->(22.947683573003108, 14.921418890494142, 36.60821491324798)
state:air-5.0, action:Wait, timestep:98, reward:-2.8566862684866052
==================================================

coord:(22.947683573003108, 14.921418890494142, 36.60821491324798)->(23.008966157409304, 14.921418890494142, 36.546932328841784)
state:field-0.0, action:WA, timestep:99, reward:-0.032952731752011744
==================================================

coord:(23.008966157409304, 14.921418890494142, 36.546932328841784)->(23.008966157409304, 9.956918478215421, 36.546932328841784)
state:air-5.0, action:Wait, timestep:100, reward:2.8520322724022726
==================================================

coord:(23.008966157409304, 9.956918478215421, 36.546932328841784)->(23.008966157409304, 9.892149101304343, 35.420265703500974)
state:field-0.0, action:A, timestep:101, reward:0.25528575437234835
==================================================

coord:(23.008966157409304, 9.892149101304343, 35.420265703500974)->(23.008966157409304, 9.700357959691633, 34.120265751184654)
state:field-0.0, action:A, timestep:102, reward:0.2763130052114384
==================================================

coord:(23.008966157409304, 9.700357959691633, 34.120265751184654)->(23.008966157409304, 8.969664290777729, 32.300265817941806)
state:field-0.0, action:A, timestep:103, reward:0.463626582274987
==================================================

coord:(23.008966157409304, 8.969664290777729, 32.300265817941806)->(23.008966157409304, 8.969664290777729, 32.300265817941806)
state:field-0.0, action:Wait, timestep:104, reward:-2.7929727863806875e-07
==================================================

coord:(23.008966157409304, 8.969664290777729, 32.300265817941806)->(23.008966157409304, 8.969664290777729, 32.300265817941806)
state:field-0.0, action:Wait, timestep:105, reward:-2.7929727863806875e-07
==================================================

coord:(23.008966157409304, 8.969664290777729, 32.300265817941806)->(25.00229941762758, 10.559263565285978, 32.300265817941806)
state:field-0.0, action:W, timestep:106, reward:-2.5096202328372073
==================================================

coord:(25.00229941762758, 10.559263565285978, 32.300265817941806)->(25.00229941762758, 12.26937601343067, 32.300265817941806)
state:air-5.0, action:Wait, timestep:107, reward:-0.8800172095704788
==================================================

coord:(25.00229941762758, 12.26937601343067, 32.300265817941806)->(26.04410335253292, 13.268873328369823, 31.258461883036478)
state:field-0.0, action:WA, timestep:108, reward:-1.4283900907924867
==================================================

coord:(26.04410335253292, 13.268873328369823, 31.258461883036478)->(24.917436727192158, 12.965236683977805, 31.258461883036478)
state:field-0.0, action:S, timestep:109, reward:1.1035602590581384
==================================================

coord:(24.917436727192158, 12.965236683977805, 31.258461883036478)->(24.917436727192158, 9.956918478215421, 31.258461883036478)
state:air-5.0, action:Wait, timestep:110, reward:1.5553105950938608
==================================================

coord:(24.917436727192158, 9.956918478215421, 31.258461883036478)->(24.917436727192158, 8.68716523803063, 28.9184619688672)
state:field-0.0, action:A, timestep:111, reward:0.34706335662044907
==================================================

coord:(24.917436727192158, 8.68716523803063, 28.9184619688672)->(24.917436727192158, 7.719467496535955, 28.9184619688672)
state:air-5.0, action:Wait, timestep:112, reward:0.3806764444471078
==================================================

coord:(24.917436727192158, 7.719467496535955, 28.9184619688672)->(22.924103466973882, 7.415830852143943, 28.9184619688672)
state:field-0.0, action:S, timestep:113, reward:1.9301568110786214
==================================================

coord:(22.924103466973882, 7.415830852143943, 28.9184619688672)->(22.924103466973882, 2.457807391178343, 28.9184619688672)
state:air-5.0, action:Wait, timestep:114, reward:1.3556911879877696
==================================================

coord:(22.924103466973882, 2.457807391178343, 28.9184619688672)->(23.046668635786276, 2.457807391178343, 28.795896800054805)
state:field-0.0, action:WA, timestep:115, reward:-0.14139528580379235
==================================================

coord:(23.046668635786276, 2.457807391178343, 28.795896800054805)->(23.046668635786276, 6.557373203102033, 28.795896800054805)
state:air-5.0, action:Wait, timestep:116, reward:-1.0248617590092906
==================================================

coord:(23.046668635786276, 6.557373203102033, 28.795896800054805)->(23.046668635786276, 6.557373203102033, 28.795896800054805)
state:field-0.0, action:Wait, timestep:117, reward:5.30419420385897e-07
==================================================

coord:(23.046668635786276, 6.557373203102033, 28.795896800054805)->(24.02718998628542, 6.908826441871399, 27.81537544955566)
state:field-0.0, action:WA, timestep:118, reward:-1.2107411718195102
==================================================

coord:(24.02718998628542, 6.908826441871399, 27.81537544955566)->(25.007711336784567, 7.091554966084926, 26.834854099056514)
state:field-0.0, action:WA, timestep:119, reward:-1.180656199957589
==================================================

coord:(25.007711336784567, 7.091554966084926, 26.834854099056514)->(25.007711336784567, 8.027736868461885, 28.04818738788503)
state:field-0.0, action:D, timestep:120, reward:-0.07373048247281488
==================================================

coord:(25.007711336784567, 8.027736868461885, 28.04818738788503)->(25.007711336784567, 8.969664290777729, 28.04818738788503)
state:air-5.0, action:Wait, timestep:121, reward:-0.3776506080899793
==================================================

coord:(25.007711336784567, 8.969664290777729, 28.04818738788503)->(25.007711336784567, 9.892149101304343, 30.041520648103305)
state:field-0.0, action:D, timestep:122, reward:-0.13095846225166596
==================================================

coord:(25.007711336784567, 9.892149101304343, 30.041520648103305)->(25.007711336784567, 10.76803660460999, 30.041520648103305)
state:air-5.0, action:Wait, timestep:123, reward:-0.41647312920661506
==================================================

coord:(25.007711336784567, 10.76803660460999, 30.041520648103305)->(24.94642875237837, 10.76803660460999, 29.980238063697108)
state:field-0.0, action:SA, timestep:124, reward:0.047516311726003124
==================================================

coord:(24.94642875237837, 10.76803660460999, 29.980238063697108)->(24.94642875237837, 8.513375861448784, 29.980238063697108)
state:air-5.0, action:Wait, timestep:125, reward:1.016789572870021
==================================================

coord:(24.94642875237837, 8.513375861448784, 29.980238063697108)->(23.965907401879225, 8.513375861448784, 28.999716713197962)
state:field-0.0, action:SA, timestep:126, reward:0.7631687286433575
==================================================

coord:(23.965907401879225, 8.513375861448784, 28.999716713197962)->(23.965907401879225, 6.557373203102033, 28.999716713197962)
state:air-5.0, action:Wait, timestep:127, reward:0.7469487663837526
==================================================

coord:(23.965907401879225, 6.557373203102033, 28.999716713197962)->(23.965907401879225, 6.557373203102033, 28.999716713197962)
state:field-0.0, action:Wait, timestep:128, reward:5.241962526270072e-07
==================================================

coord:(23.965907401879225, 6.557373203102033, 28.999716713197962)->(25.005907363732238, 7.719467496535955, 28.999716713197962)
state:field-0.0, action:W, timestep:129, reward:-1.3729152870866237
==================================================

coord:(25.005907363732238, 7.719467496535955, 28.999716713197962)->(25.005907363732238, 8.969664290777729, 28.999716713197962)
state:air-5.0, action:Wait, timestep:130, reward:-0.49723715601238894
==================================================

coord:(25.005907363732238, 8.969664290777729, 28.999716713197962)->(26.04771129863758, 9.892149101304343, 30.041520648103305)
state:field-0.0, action:WD, timestep:131, reward:-1.211805803644868
==================================================

coord:(26.04771129863758, 9.892149101304343, 30.041520648103305)->(26.04771129863758, 12.349710411076664, 30.041520648103305)
state:air-5.0, action:Wait, timestep:132, reward:-1.1865073551768255
==================================================

coord:(26.04771129863758, 12.349710411076664, 30.041520648103305)->(26.04771129863758, 12.349710411076664, 30.041520648103305)
state:field-0.0, action:Wait, timestep:133, reward:8.235341120155226e-07
==================================================

coord:(26.04771129863758, 12.349710411076664, 30.041520648103305)->(26.04771129863758, 12.046073766684646, 28.91485402276254)
state:field-0.0, action:A, timestep:134, reward:0.036532401028871675
==================================================

coord:(26.04771129863758, 12.046073766684646, 28.91485402276254)->(26.04771129863758, 10.28718238460078, 28.91485402276254)
state:air-5.0, action:Wait, timestep:135, reward:0.8477918142703693
==================================================

coord:(26.04771129863758, 10.28718238460078, 28.91485402276254)->(27.028232649136726, 11.345167297443975, 29.895375373261686)
state:field-0.0, action:WD, timestep:136, reward:-1.242772946575375
==================================================

coord:(27.028232649136726, 11.345167297443975, 29.895375373261686)->(27.028232649136726, 12.842883997674194, 29.895375373261686)
state:air-5.0, action:Wait, timestep:137, reward:-0.7436384763684849
==================================================

coord:(27.028232649136726, 12.842883997674194, 29.895375373261686)->(28.00875399963587, 13.011613521880761, 28.91485402276254)
state:field-0.0, action:WA, timestep:138, reward:-1.0231234603549488
==================================================

coord:(28.00875399963587, 13.011613521880761, 28.91485402276254)->(28.00875399963587, 12.707976877488743, 26.921520762544265)
state:field-0.0, action:A, timestep:139, reward:-0.1638002045879965
==================================================

coord:(28.00875399963587, 12.707976877488743, 26.921520762544265)->(28.00875399963587, 10.28718238460078, 26.921520762544265)
state:air-5.0, action:Wait, timestep:140, reward:1.0971803397785607
==================================================

coord:(28.00875399963587, 10.28718238460078, 26.921520762544265)->(28.00875399963587, 10.28718238460078, 26.921520762544265)
state:field-0.0, action:Wait, timestep:141, reward:9.26936763789854e-07
==================================================

coord:(28.00875399963587, 10.28718238460078, 26.921520762544265)->(27.028232649136726, 9.80412408670439, 25.94099941204512)
state:field-0.0, action:SA, timestep:142, reward:0.8398432434208196
==================================================

coord:(27.028232649136726, 9.80412408670439, 25.94099941204512)->(27.028232649136726, 8.027736868461885, 25.94099941204512)
state:air-5.0, action:Wait, timestep:143, reward:0.6698405556195084
==================================================

coord:(27.028232649136726, 8.027736868461885, 25.94099941204512)->(27.028232649136726, 7.72410022406987, 23.947666151826844)
state:field-0.0, action:A, timestep:144, reward:-0.49550589242813103
==================================================

coord:(27.028232649136726, 7.72410022406987, 23.947666151826844)->(27.028232649136726, 5.868766646810801, 23.947666151826844)
state:air-5.0, action:Wait, timestep:145, reward:0.5357297660998519
==================================================

coord:(27.028232649136726, 5.868766646810801, 23.947666151826844)->(25.925146129825187, 6.1833128807551425, 25.050752671138383)
state:field-0.0, action:SD, timestep:146, reward:1.2800161523709122
==================================================

coord:(25.925146129825187, 6.1833128807551425, 25.050752671138383)->(25.925146129825187, 5.01937241058576, 22.970752747432357)
state:field-0.0, action:A, timestep:147, reward:-0.45452227410821777
==================================================

coord:(25.925146129825187, 5.01937241058576, 22.970752747432357)->(25.925146129825187, 3.790084552957467, 22.970752747432357)
state:air-5.0, action:Wait, timestep:148, reward:0.24256449694871662
==================================================

coord:(25.925146129825187, 3.790084552957467, 22.970752747432357)->(24.883342194919845, 4.57976855290593, 24.0125566823377)
state:field-0.0, action:SD, timestep:149, reward:1.19299907821485
==================================================

coord:(24.883342194919845, 4.57976855290593, 24.0125566823377)->(23.841538260014502, 4.027701926738635, 22.970752747432357)
state:field-0.0, action:SA, timestep:150, reward:0.6106321624566817
==================================================

coord:(23.841538260014502, 4.027701926738635, 22.970752747432357)->(23.841538260014502, 2.7707836190265396, 22.970752747432357)
state:air-5.0, action:Wait, timestep:151, reward:0.21054921357174194
==================================================

coord:(23.841538260014502, 2.7707836190265396, 22.970752747432357)->(24.883342194919845, 3.89032683908715, 24.0125566823377)
state:field-0.0, action:WD, timestep:152, reward:-0.6817341723643189
==================================================

coord:(24.883342194919845, 3.89032683908715, 24.0125566823377)->(24.883342194919845, 4.57976855290593, 24.0125566823377)
state:air-5.0, action:Wait, timestep:153, reward:-0.13944606643847024
==================================================

coord:(24.883342194919845, 4.57976855290593, 24.0125566823377)->(26.04771129863758, 6.1833128807551425, 25.176925786055435)
state:field-0.0, action:WD, timestep:154, reward:-1.0528121908379688
==================================================

coord:(26.04771129863758, 6.1833128807551425, 25.176925786055435)->(26.04771129863758, 7.091554966084926, 25.176925786055435)
state:air-5.0, action:Wait, timestep:155, reward:-0.27158528757628275
==================================================

coord:(26.04771129863758, 7.091554966084926, 25.176925786055435)->(25.86386354541899, 7.086954410866865, 24.993078032836845)
state:field-0.0, action:SA, timestep:156, reward:0.10908101536396941
==================================================

coord:(25.86386354541899, 7.086954410866865, 24.993078032836845)->(25.86386354541899, 5.321479294713132, 24.993078032836845)
state:air-5.0, action:Wait, timestep:157, reward:0.49845847998621906
==================================================

coord:(25.86386354541899, 5.321479294713132, 24.993078032836845)->(25.86386354541899, 5.321479294713132, 24.993078032836845)
state:field-0.0, action:Wait, timestep:158, reward:-3.8231846843927997e-07
==================================================

coord:(25.86386354541899, 5.321479294713132, 24.993078032836845)->(22.917196986835453, 4.917859506649682, 24.993078032836845)
state:field-0.0, action:S, timestep:159, reward:2.765492731021034
==================================================

coord:(22.917196986835453, 4.917859506649682, 24.993078032836845)->(20.95615428583716, 4.292183996993414, 23.032035331838554)
state:field-0.0, action:SA, timestep:160, reward:1.0005693808099458
==================================================

coord:(20.95615428583716, 4.292183996993414, 23.032035331838554)->(20.95615428583716, 3.0338362951707407, 23.032035331838554)
state:air-5.0, action:Wait, timestep:161, reward:0.25851556323913627
==================================================

coord:(20.95615428583716, 3.0338362951707407, 23.032035331838554)->(18.382285740776904, 1.8257865992739646, 20.458166786778296)
state:field-0.0, action:SA, timestep:162, reward:0.6751860538540697
==================================================

coord:(18.382285740776904, 1.8257865992739646, 20.458166786778296)->(19.056394169245067, 2.5194514766035314, 21.13227521524646)
state:field-0.0, action:WD, timestep:163, reward:-0.14784396222327345
==================================================

coord:(19.056394169245067, 2.5194514766035314, 21.13227521524646)->(19.056394169245067, 2.3681576868128444, 22.86560848500148)
state:field-0.0, action:D, timestep:164, reward:1.0639063483006765
==================================================

coord:(19.056394169245067, 2.3681576868128444, 22.86560848500148)->(21.01743687024336, 3.6532406959880954, 20.90456578400319)
state:field-0.0, action:WA, timestep:165, reward:-2.916264863120972
==================================================

coord:(21.01743687024336, 3.6532406959880954, 20.90456578400319)->(21.01743687024336, 4.979149817443558, 20.90456578400319)
state:air-5.0, action:Wait, timestep:166, reward:-0.2984555141996843
==================================================

coord:(21.01743687024336, 4.979149817443558, 20.90456578400319)->(21.752827883117718, 4.797532937810311, 21.63995679687755)
state:field-0.0, action:WD, timestep:167, reward:-0.13085292457169473
==================================================

coord:(21.752827883117718, 4.797532937810311, 21.63995679687755)->(21.752827883117718, 4.979149817443558, 18.433290247830758)
state:field-0.0, action:A, timestep:168, reward:-1.9225018782518681
==================================================

coord:(21.752827883117718, 4.979149817443558, 18.433290247830758)->(21.752827883117718, 4.979149817443558, 20.599956835024535)
state:field-0.0, action:D, timestep:169, reward:1.3050574347323192
==================================================

coord:(21.752827883117718, 4.979149817443558, 20.599956835024535)->(22.855914402429256, 6.378766717846037, 21.703043354336074)
state:field-0.0, action:WD, timestep:170, reward:-0.6841522745565847
==================================================

coord:(22.855914402429256, 6.378766717846037, 21.703043354336074)->(21.997958220742504, 6.213146729995849, 22.560999536022827)
state:field-0.0, action:SD, timestep:171, reward:1.1700927346672714
==================================================

coord:(21.997958220742504, 6.213146729995849, 22.560999536022827)->(21.997958220742504, 4.509439697457267, 22.560999536022827)
state:air-5.0, action:Wait, timestep:172, reward:0.4720315081939823
==================================================

coord:(21.997958220742504, 4.509439697457267, 22.560999536022827)->(19.917958297036478, 4.205803053065254, 22.560999536022827)
state:field-0.0, action:S, timestep:173, reward:1.7797735811210416
==================================================

coord:(19.917958297036478, 4.205803053065254, 22.560999536022827)->(19.917958297036478, 2.3681576868128444, 22.560999536022827)
state:air-5.0, action:Wait, timestep:174, reward:0.3520251401328167
==================================================

coord:(19.917958297036478, 2.3681576868128444, 22.560999536022827)->(21.021044816348017, 3.519986988009651, 21.457913016711288)
state:field-0.0, action:WA, timestep:175, reward:-1.7030519069912238
==================================================

coord:(21.021044816348017, 3.519986988009651, 21.457913016711288)->(21.021044816348017, 4.797532937810311, 21.457913016711288)
state:air-5.0, action:Wait, timestep:176, reward:-0.282202894745037
==================================================

coord:(21.021044816348017, 4.797532937810311, 21.457913016711288)->(21.021044816348017, 4.797532937810311, 21.457913016711288)
state:field-0.0, action:Wait, timestep:177, reward:7.795713692360096e-07
==================================================

coord:(21.021044816348017, 4.797532937810311, 21.457913016711288)->(21.021044816348017, 4.134938453916275, 23.624579603905065)
state:field-0.0, action:D, timestep:178, reward:1.2796317826749508
==================================================

coord:(21.021044816348017, 4.134938453916275, 23.624579603905065)->(19.981044854495003, 3.8819079169229314, 23.624579603905065)
state:field-0.0, action:S, timestep:179, reward:0.9346326930200952
==================================================

coord:(19.981044854495003, 3.8819079169229314, 23.624579603905065)->(19.981044854495003, 2.171486246874829, 23.624579603905065)
state:air-5.0, action:Wait, timestep:180, reward:0.31190489954155254
==================================================

coord:(19.981044854495003, 2.171486246874829, 23.624579603905065)->(21.022848789400346, 3.308610751406032, 22.582775668999723)
state:field-0.0, action:WA, timestep:181, reward:-1.5947510207882694
==================================================

coord:(21.022848789400346, 3.308610751406032, 22.582775668999723)->(21.022848789400346, 4.509439697457267, 22.582775668999723)
state:air-5.0, action:Wait, timestep:182, reward:-0.2584019463568765
==================================================

coord:(21.022848789400346, 4.509439697457267, 22.582775668999723)->(21.022848789400346, 4.509439697457267, 22.582775668999723)
state:field-0.0, action:Wait, timestep:183, reward:-7.562933745930422e-08
==================================================

coord:(21.022848789400346, 4.509439697457267, 22.582775668999723)->(22.00337013989949, 4.797532937810311, 21.602254318500577)
state:field-0.0, action:WA, timestep:184, reward:-1.3833972210205658
==================================================

coord:(22.00337013989949, 4.797532937810311, 21.602254318500577)->(22.00337013989949, 6.378766717846037, 21.602254318500577)
state:air-5.0, action:Wait, timestep:185, reward:-0.4440199250318493
==================================================

coord:(22.00337013989949, 6.378766717846037, 21.602254318500577)->(23.043370101752505, 6.378766717846037, 21.602254318500577)
state:field-0.0, action:W, timestep:186, reward:-0.8365997796985454
==================================================

coord:(23.043370101752505, 6.378766717846037, 21.602254318500577)->(23.043370101752505, 2.293020722061755, 21.602254318500577)
state:air-5.0, action:Wait, timestep:187, reward:0.8630074065971982
==================================================

coord:(23.043370101752505, 2.293020722061755, 21.602254318500577)->(22.982087517346308, 2.293020722061755, 21.54097173409438)
state:field-0.0, action:SA, timestep:188, reward:0.020089793387754185
==================================================

coord:(22.982087517346308, 2.293020722061755, 21.54097173409438)->(22.982087517346308, 6.378766717846037, 21.54097173409438)
state:air-5.0, action:Wait, timestep:189, reward:-0.8638361085073321
==================================================

coord:(22.982087517346308, 6.378766717846037, 21.54097173409438)->(20.988754257128033, 6.125736180852694, 21.54097173409438)
state:field-0.0, action:S, timestep:190, reward:1.6633289336259018
==================================================

coord:(20.988754257128033, 6.125736180852694, 21.54097173409438)->(20.988754257128033, 3.519986988009651, 21.54097173409438)
state:air-5.0, action:Wait, timestep:191, reward:0.6633615240306092
==================================================

coord:(20.988754257128033, 3.519986988009651, 21.54097173409438)->(18.16975537444299, 1.8257865992739646, 18.721972851409337)
state:field-0.0, action:SA, timestep:192, reward:0.509357726477127
==================================================

coord:(18.16975537444299, 1.8257865992739646, 18.721972851409337)->(18.16975537444299, 1.7591901566695145, 17.42197289909307)
state:field-0.0, action:A, timestep:193, reward:-0.9676960223495463
==================================================

coord:(18.16975537444299, 1.7591901566695145, 17.42197289909307)->(16.576408179881877, 0.6862826015985855, 15.828625704531964)
state:field-0.0, action:SA, timestep:194, reward:-0.2637111353998378
==================================================

coord:(16.576408179881877, 0.6862826015985855, 15.828625704531964)->(16.576408179881877, 0.8263977634849407, 20.335292205895023)
state:field-0.0, action:D, timestep:195, reward:3.5677340708006167
==================================================

coord:(16.576408179881877, 0.8263977634849407, 20.335292205895023)->(15.16690873853938, 0.5161598678007704, 21.744791647237545)
state:field-0.0, action:SD, timestep:196, reward:2.002596874763789
==================================================

coord:(15.16690873853938, 0.5161598678007704, 21.744791647237545)->(14.126908776686346, 0.32640620947132826, 21.744791647237545)
state:field-0.0, action:S, timestep:197, reward:0.6757136527487813
==================================================

coord:(14.126908776686346, 0.32640620947132826, 21.744791647237545)->(14.126908776686346, 0.3068054221965108, 22.351458291651802)
state:field-0.0, action:D, timestep:198, reward:0.47018128714800866
==================================================

coord:(14.126908776686346, 0.3068054221965108, 22.351458291651802)->(14.126908776686346, 0.28132575734978926, 23.391458253504815)
state:field-0.0, action:D, timestep:199, reward:0.7768479254344065
==================================================

coord:(14.126908776686346, 0.28132575734978926, 23.391458253504815)->(14.126908776686346, 0.28132575734978926, 23.391458253504815)
state:field-0.0, action:Wait, timestep:200, reward:8.607893775547382e-08
==================================================

coord:(14.126908776686346, 0.28132575734978926, 23.391458253504815)->(14.126908776686346, 0.28132575734978926, 23.391458253504815)
state:field-0.0, action:Wait, timestep:201, reward:8.607893775547382e-08
==================================================

coord:(14.126908776686346, 0.28132575734978926, 23.391458253504815)->(14.126908776686346, 0.28132575734978926, 23.391458253504815)
state:field-0.0, action:Wait, timestep:202, reward:8.607893775547382e-08
==================================================

coord:(14.126908776686346, 0.28132575734978926, 23.391458253504815)->(15.168712711591658, 0.19847252309924898, 24.433262188410158)
state:field-0.0, action:WD, timestep:203, reward:-0.04750741105279488
==================================================

coord:(15.168712711591658, 0.19847252309924898, 24.433262188410158)->(11.491757647219968, 1.5047578272521835, 28.110217252781954)
state:field-0.0, action:SD, timestep:204, reward:4.99355099896473
==================================================

coord:(11.491757647219968, 1.5047578272521835, 28.110217252781954)->(11.491757647219968, 1.5047578272521835, 28.110217252781954)
state:field-0.0, action:Wait, timestep:205, reward:2.215294276908253e-07
==================================================

coord:(11.491757647219968, 1.5047578272521835, 28.110217252781954)->(10.449953712314656, 1.0653847105016305, 27.06841331787661)
state:field-0.0, action:SA, timestep:206, reward:0.16856605055152585
==================================================

coord:(10.449953712314656, 1.0653847105016305, 27.06841331787661)->(8.716620442559599, 1.0653847105016305, 27.06841331787661)
state:field-0.0, action:S, timestep:207, reward:0.9971454559562272
==================================================

coord:(8.716620442559599, 1.0653847105016305, 27.06841331787661)->(10.27662038533915, 1.0653847105016305, 27.06841331787661)
state:field-0.0, action:W, timestep:208, reward:-0.8837688671355179
==================================================

coord:(10.27662038533915, 1.0653847105016305, 27.06841331787661)->(11.48995367416769, 1.0292252796836443, 27.06841331787661)
state:field-0.0, action:W, timestep:209, reward:-0.8371309998872238
==================================================

coord:(11.48995367416769, 1.0292252796836443, 27.06841331787661)->(12.470475024666808, 0.6494767016961985, 26.087891967377466)
state:field-0.0, action:WA, timestep:210, reward:-1.3375993859742703
==================================================

coord:(12.470475024666808, 0.6494767016961985, 26.087891967377466)->(12.470475024666808, 0.6494767016961985, 26.087891967377466)
state:field-0.0, action:Wait, timestep:211, reward:-1.0847793241453019e-07
==================================================

coord:(12.470475024666808, 0.6494767016961985, 26.087891967377466)->(13.328431206353535, 0.39140108156033376, 25.229935785690714)
state:field-0.0, action:WA, timestep:212, reward:-1.1958952581713813
==================================================

coord:(13.328431206353535, 0.39140108156033376, 25.229935785690714)->(13.328431206353535, 0.39140108156033376, 25.229935785690714)
state:field-0.0, action:Wait, timestep:213, reward:-6.31640570958325e-08
==================================================

coord:(13.328431206353535, 0.39140108156033376, 25.229935785690714)->(9.651476141981846, 1.5756556020730843, 28.90689085006251)
state:field-0.0, action:SD, timestep:214, reward:4.94644805570274
==================================================

coord:(9.651476141981846, 1.5756556020730843, 28.90689085006251)->(10.264301986043794, 2.225468487488301, 29.519716694124476)
state:field-0.0, action:WD, timestep:215, reward:-0.3737278672908335
==================================================

coord:(10.264301986043794, 2.225468487488301, 29.519716694124476)->(11.65096860184784, 2.149935515203526, 29.519716694124476)
state:field-0.0, action:W, timestep:216, reward:-1.1231840844844934
==================================================

coord:(11.65096860184784, 2.149935515203526, 29.519716694124476)->(11.65096860184784, 3.001835666825593, 31.079716636903996)
state:field-0.0, action:D, timestep:217, reward:0.07047002749217057
==================================================

coord:(11.65096860184784, 3.001835666825593, 31.079716636903996)->(11.65096860184784, 4.095916076090375, 31.079716636903996)
state:air-5.0, action:Wait, timestep:218, reward:-0.5750400735457992
==================================================

coord:(11.65096860184784, 4.095916076090375, 31.079716636903996)->(9.689925900849605, 5.718900347747627, 33.04075933790223)
state:field-0.0, action:SD, timestep:219, reward:0.15456916078146943
==================================================

coord:(9.689925900849605, 5.718900347747627, 33.04075933790223)->(9.689925900849605, 7.452156696781367, 33.04075933790223)
state:air-5.0, action:Wait, timestep:220, reward:-1.4954387901068262
==================================================

coord:(9.689925900849605, 7.452156696781367, 33.04075933790223)->(9.689925900849605, 7.452156696781367, 34.080759299755286)
state:field-0.0, action:D, timestep:221, reward:-0.19149799661738953
==================================================

coord:(9.689925900849605, 7.452156696781367, 34.080759299755286)->(9.689925900849605, 9.489734980744604, 34.080759299755286)
state:air-5.0, action:Wait, timestep:222, reward:-1.8202806937275735
==================================================

coord:(9.689925900849605, 9.489734980744604, 34.080759299755286)->(8.30325928504556, 9.381135574933658, 34.080759299755286)
state:field-0.0, action:S, timestep:223, reward:0.5110049714092586
==================================================

coord:(8.30325928504556, 9.381135574933658, 34.080759299755286)->(8.425824453857949, 9.381135574933658, 33.9581941309429)
state:field-0.0, action:WA, timestep:224, reward:-0.0042796014405546146
==================================================

coord:(8.425824453857949, 9.381135574933658, 33.9581941309429)->(8.425824453857949, 7.3668750960914995, 33.9581941309429)
state:air-5.0, action:Wait, timestep:225, reward:1.8862128906398326
==================================================

coord:(8.425824453857949, 7.3668750960914995, 33.9581941309429)->(10.679157704539524, 7.3668750960914995, 33.9581941309429)
state:field-0.0, action:W, timestep:226, reward:-0.944890880898253
==================================================

coord:(10.679157704539524, 7.3668750960914995, 33.9581941309429)->(10.679157704539524, 7.113844559098156, 31.964860870724547)
state:field-0.0, action:A, timestep:227, reward:0.42942326528138786
==================================================

coord:(10.679157704539524, 7.113844559098156, 31.964860870724547)->(10.679157704539524, 4.239816538810444, 31.964860870724547)
state:air-5.0, action:Wait, timestep:228, reward:2.20043027415415
==================================================

coord:(10.679157704539524, 4.239816538810444, 31.964860870724547)->(9.637353769634212, 5.718900347747627, 33.00666480562983)
state:field-0.0, action:SD, timestep:229, reward:-0.5375616277194597
==================================================

coord:(9.637353769634212, 5.718900347747627, 33.00666480562983)->(9.637353769634212, 7.452156696781367, 33.00666480562983)
state:air-5.0, action:Wait, timestep:230, reward:-1.5013709388620189
==================================================

coord:(9.637353769634212, 7.452156696781367, 33.00666480562983)->(8.337353817317918, 7.3668750960914995, 33.00666480562983)
state:field-0.0, action:S, timestep:231, reward:0.5592791974283537
==================================================

coord:(8.337353817317918, 7.3668750960914995, 33.00666480562983)->(7.037353865001636, 7.11684146246028, 33.00666480562983)
state:field-0.0, action:S, timestep:232, reward:0.5319090188971796
==================================================

coord:(7.037353865001636, 7.11684146246028, 33.00666480562983)->(8.079157799906962, 6.564774836292984, 31.964860870724547)
state:field-0.0, action:WA, timestep:233, reward:0.3759088048065493
==================================================

coord:(8.079157799906962, 6.564774836292984, 31.964860870724547)->(8.079157799906962, 4.239816538810444, 31.964860870724547)
state:air-5.0, action:Wait, timestep:234, reward:2.163940920830129
==================================================

coord:(8.079157799906962, 4.239816538810444, 31.964860870724547)->(8.079157799906962, 5.653453927914237, 33.0048608325776)
state:field-0.0, action:D, timestep:235, reward:-1.384590158665751
==================================================

coord:(8.079157799906962, 5.653453927914237, 33.0048608325776)->(8.079157799906962, 7.3668750960914995, 33.0048608325776)
state:air-5.0, action:Wait, timestep:236, reward:-1.6134333289818983
==================================================

coord:(8.079157799906962, 7.3668750960914995, 33.0048608325776)->(9.120961734812274, 6.814808469924204, 31.963056897672313)
state:field-0.0, action:WA, timestep:237, reward:0.22477231560941124
==================================================

coord:(9.120961734812274, 6.814808469924204, 31.963056897672313)->(9.120961734812274, 4.2888981828379045, 31.963056897672313)
state:air-5.0, action:Wait, timestep:238, reward:2.1911803828906837
==================================================

coord:(9.120961734812274, 4.2888981828379045, 31.963056897672313)->(9.120961734812274, 4.035867645844561, 29.969723637454038)
state:field-0.0, action:A, timestep:239, reward:-0.18658384902892688
==================================================

coord:(9.120961734812274, 4.035867645844561, 29.969723637454038)->(9.120961734812274, 2.251231312624097, 29.969723637454038)
state:air-5.0, action:Wait, timestep:240, reward:1.1400454606836696
==================================================

coord:(9.120961734812274, 2.251231312624097, 29.969723637454038)->(9.120961734812274, 0.7203633712070519, 26.589723761431745)
state:field-0.0, action:A, timestep:241, reward:-1.9364062962602357
==================================================

coord:(9.120961734812274, 0.7203633712070519, 26.589723761431745)->(8.68762841737351, 0.7121196179052162, 26.589723761431745)
state:field-0.0, action:S, timestep:242, reward:0.20443164269742287
==================================================

coord:(8.68762841737351, 0.7121196179052162, 26.589723761431745)->(7.645824482468193, 1.0292252796836443, 27.631527696337088)
state:field-0.0, action:SD, timestep:243, reward:1.3025560316566365
==================================================

coord:(7.645824482468193, 1.0292252796836443, 27.631527696337088)->(7.645824482468193, 1.0292252796836443, 27.631527696337088)
state:field-0.0, action:Wait, timestep:244, reward:-6.246195560777323e-09
==================================================

coord:(7.645824482468193, 1.0292252796836443, 27.631527696337088)->(7.645824482468193, 1.0292252796836443, 27.631527696337088)
state:field-0.0, action:Wait, timestep:245, reward:-6.246195560777323e-09
==================================================

coord:(7.645824482468193, 1.0292252796836443, 27.631527696337088)->(6.432491193639665, 0.9716661785692532, 27.631527696337088)
state:field-0.0, action:S, timestep:246, reward:0.2842541407652259
==================================================

coord:(6.432491193639665, 0.9716661785692532, 27.631527696337088)->(5.392491231786641, 0.8964506454922149, 27.631527696337088)
state:field-0.0, action:S, timestep:247, reward:-0.004613461649696227
==================================================

coord:(5.392491231786641, 0.8964506454922149, 27.631527696337088)->(10.332491050588528, 1.0653847105016305, 27.631527696337088)
state:field-0.0, action:W, timestep:248, reward:-1.7434297999692383
==================================================

coord:(10.332491050588528, 1.0653847105016305, 27.631527696337088)->(8.685824444321224, 1.0653847105016305, 27.631527696337088)
state:field-0.0, action:S, timestep:249, reward:1.0065426442208656
==================================================

coord:(8.685824444321224, 1.0653847105016305, 27.631527696337088)->(7.559157818980442, 1.0292252796836443, 27.631527696337088)
state:field-0.0, action:S, timestep:250, reward:0.4863880228327764
==================================================

coord:(7.559157818980442, 1.0292252796836443, 27.631527696337088)->(6.517353884075114, 1.4206047174897594, 28.67333163124243)
state:field-0.0, action:SD, timestep:251, reward:1.09708546604211
==================================================

coord:(6.517353884075114, 1.4206047174897594, 28.67333163124243)->(6.517353884075114, 1.4206047174897594, 28.67333163124243)
state:field-0.0, action:Wait, timestep:252, reward:-9.879520757039018e-09
==================================================

coord:(6.517353884075114, 1.4206047174897594, 28.67333163124243)->(4.924006689514026, 0.8082362759396398, 27.07998443668132)
state:field-0.0, action:SA, timestep:253, reward:-1.4466345669378677
==================================================

coord:(4.924006689514026, 0.8082362759396398, 27.07998443668132)->(4.924006689514026, 0.8082362759396398, 27.07998443668132)
state:field-0.0, action:Wait, timestep:254, reward:2.0250182952707974e-07
==================================================

coord:(4.924006689514026, 0.8082362759396398, 27.07998443668132)->(1.2470516251422998, 1.5047578272521835, 30.756939501053115)
state:field-0.0, action:SD, timestep:255, reward:-0.03735298570350931
==================================================

coord:(1.2470516251422998, 1.5047578272521835, 30.756939501053115)->(-0.039882647387804046, 0.9526912010848855, 29.470005228522986)
state:field-0.0, action:SA, timestep:256, reward:-1.4792068723474499
==================================================

