coord:(33.0, 0.0, 42.0)->(33.0, 0.0, 42.0)
state:field-4, action:Wait, timestep:1, reward:-0.0
==================================================

coord:(33.0, 0.0, 42.0)->(28.757359504699764, 0.0, 37.757359504699764)
state:field-4, action:SAs, timestep:2, reward:5.181879056604764
==================================================

coord:(28.757359504699764, 0.0, 37.757359504699764)->(23.557359695434698, 0.0, 37.757359504699764)
state:field-4, action:S, timestep:3, reward:0.4675205626395673
==================================================

coord:(23.557359695434698, 0.0, 37.757359504699764)->(26.85069290796924, 0.0, 37.757359504699764)
state:field-4, action:Wj, timestep:4, reward:-0.16629571154323486
==================================================

coord:(26.85069290796924, 0.0, 37.757359504699764)->(24.52195470053377, 0.0, 40.0860977121351)
state:field-4, action:SDj, timestep:5, reward:-2.163540633088303
==================================================

coord:(24.52195470053377, 0.0, 40.0860977121351)->(21.228621487999227, 0.0, 40.0860977121351)
state:field-4, action:Sj, timestep:6, reward:-0.14158074990755054
==================================================

coord:(21.228621487999227, 0.0, 40.0860977121351)->(17.97593044160238, 0.0, 36.83340666573825)
state:field-4, action:SAs, timestep:7, reward:2.6182036702815275
==================================================

coord:(17.97593044160238, 0.0, 36.83340666573825)->(17.97593044160238, 2.599999904632568, 36.83340666573825)
state:wall-9, action:Wj, timestep:8, reward:-0.14270004071125086
==================================================

coord:(17.97593044160238, 2.599999904632568, 36.83340666573825)->(17.97593044160238, 1.2999999523162822, 35.9834066657383)
state:wall-8, action:S, timestep:9, reward:0.9265052139487508
==================================================

coord:(17.97593044160238, 1.2999999523162822, 35.9834066657383)->(17.97593044160238, -1.700029006457271e-15, 34.98340666573836)
state:wall-8, action:S, timestep:10, reward:0.9998861997313391
==================================================

coord:(17.97593044160238, -1.700029006457271e-15, 34.98340666573836)->(17.97593044160238, 2.599999904632566, 34.98340666573836)
state:wall-8, action:Wj, timestep:11, reward:-0.15428050836998963
==================================================

coord:(17.97593044160238, 2.599999904632566, 34.98340666573836)->(17.97593044160238, 3.899999856948859, 34.98340666573836)
state:wall-7, action:W, timestep:12, reward:-0.1913413395526362
==================================================

coord:(17.97593044160238, 3.899999856948859, 34.98340666573836)->(17.97593044160238, 5.199999809265128, 34.98340666573836)
state:wall-7, action:W, timestep:13, reward:-0.26513728962222416
==================================================

coord:(17.97593044160238, 5.199999809265128, 34.98340666573836)->(17.97593044160238, 7.799999713897714, 34.98340666573836)
state:wall-7, action:Wj, timestep:14, reward:-0.7408322542278221
==================================================

coord:(17.97593044160238, 7.799999713897714, 34.98340666573836)->(18.06259710509013, 7.882809711438823, 34.98340666573836)
state:field-2, action:Wj, timestep:15, reward:-0.005650803054965792
==================================================

coord:(18.06259710509013, 7.882809711438823, 34.98340666573836)->(18.06259710509013, 9.182809663755139, 35.033406665738354)
state:wall-7, action:W, timestep:16, reward:-0.5178902646030537
==================================================

coord:(18.06259710509013, 9.182809663755139, 35.033406665738354)->(18.06259710509013, 7.882809711438824, 35.033406665738354)
state:wall-7, action:S, timestep:17, reward:0.4726347390989005
==================================================

coord:(18.06259710509013, 7.882809711438824, 35.033406665738354)->(18.06259710509013, 9.182809663755139, 36.0334066657383)
state:wall-7, action:W, timestep:18, reward:-1.364216015028699
==================================================

coord:(18.06259710509013, 9.182809663755139, 36.0334066657383)->(18.06259710509013, 10.482809616071458, 37.03340666573824)
state:wall-7, action:W, timestep:19, reward:-1.3961244795001235
==================================================

coord:(18.06259710509013, 10.482809616071458, 37.03340666573824)->(18.06259710509013, 13.08280952070399, 38.033406665738184)
state:wall-7, action:Wj, timestep:20, reward:-2.006465834048182
==================================================

coord:(18.06259710509013, 13.08280952070399, 38.033406665738184)->(18.06259710509013, 14.382809473020309, 39.03340666573813)
state:wall-6, action:W, timestep:21, reward:-1.4749250336453343
==================================================

coord:(18.06259710509013, 14.382809473020309, 39.03340666573813)->(18.06259710509013, 16.98280937765288, 40.03340666573807)
state:wall-6, action:Wj, timestep:22, reward:-2.169778866784828
==================================================

coord:(18.06259710509013, 16.98280937765288, 40.03340666573807)->(18.06259710509013, 15.682809425336641, 40.03340666573807)
state:wall-5, action:S, timestep:23, reward:0.6782316931613863
==================================================

coord:(18.06259710509013, 15.682809425336641, 40.03340666573807)->(18.06259710509013, 16.98280937765288, 41.03340666573801)
state:wall-5, action:W, timestep:24, reward:-1.505878910078053
==================================================

coord:(18.06259710509013, 16.98280937765288, 41.03340666573801)->(18.06259710509013, 19.58280928228552, 42.03340666573796)
state:wall-5, action:Wj, timestep:25, reward:-2.2348473451384905
==================================================

coord:(18.06259710509013, 19.58280928228552, 42.03340666573796)->(18.06259710509013, 18.282809329969307, 42.03340666573796)
state:wall-5, action:S, timestep:26, reward:0.7165414330958626
==================================================

coord:(18.06259710509013, 18.282809329969307, 42.03340666573796)->(18.06259710509013, 19.58280928228552, 43.0334066657379)
state:wall-5, action:W, timestep:27, reward:-1.529139374190244
==================================================

coord:(18.06259710509013, 19.58280928228552, 43.0334066657379)->(18.06259710509013, 20.882809234601734, 44.03340666573784)
state:wall-5, action:W, timestep:28, reward:-1.5386318105667698
==================================================

coord:(18.06259710509013, 20.882809234601734, 44.03340666573784)->(18.06259710509013, 22.182809186917947, 45.033406665737786)
state:wall-5, action:W, timestep:29, reward:-1.5469893000373887
==================================================

coord:(18.06259710509013, 22.182809186917947, 45.033406665737786)->(18.06259710509013, 23.222809148771002, 45.033406665737786)
state:wall-5, action:Wj, timestep:30, reward:-0.6068220033844156
==================================================

coord:(18.06259710509013, 23.222809148771002, 45.033406665737786)->(18.06259710509013, 15.079826412803357, 45.033406665737786)
state:air-10, action:Wait, timestep:31, reward:4.202174917513133
==================================================

coord:(18.06259710509013, 15.079826412803357, 45.033406665737786)->(18.06259710509013, 6.936843676835714, 45.033406665737786)
state:air-10, action:Wait, timestep:32, reward:2.6615730934312225
==================================================

coord:(18.06259710509013, 6.936843676835714, 45.033406665737786)->(18.06259710509013, 0.0, 45.033406665737786)
state:air-10, action:Wait, timestep:33, reward:0.7525175962785724
==================================================

coord:(18.06259710509013, 0.0, 45.033406665737786)->(18.06259710509013, 0.0, 45.033406665737786)
state:field-0, action:Wait, timestep:34, reward:-0.0
==================================================

coord:(18.06259710509013, 0.0, 45.033406665737786)->(23.262596914355196, 0.0, 45.033406665737786)
state:field-0, action:W, timestep:35, reward:0.5541163666573254
==================================================

coord:(23.262596914355196, 0.0, 45.033406665737786)->(28.462596723620262, 0.0, 45.033406665737786)
state:field-0, action:W, timestep:36, reward:-0.31045870595204406
==================================================

coord:(28.462596723620262, 0.0, 45.033406665737786)->(24.785641659248466, 0.0, 41.3564516013662)
state:field-0, action:SA, timestep:37, reward:3.9848944914831392
==================================================

coord:(24.785641659248466, 0.0, 41.3564516013662)->(28.462596723620262, 0.0, 37.67949653699462)
state:field-0, action:WA, timestep:38, reward:3.2713962981992495
==================================================

coord:(28.462596723620262, 0.0, 37.67949653699462)->(28.462596723620262, 0.0, 37.67949653699462)
state:field-0, action:Wait, timestep:39, reward:-0.0
==================================================

coord:(28.462596723620262, 0.0, 37.67949653699462)->(32.13955178799205, 0.0, 34.00254147262304)
state:field-0, action:WA, timestep:40, reward:2.5011040509242086
==================================================

coord:(32.13955178799205, 0.0, 34.00254147262304)->(32.13955178799205, 0.0, 34.00254147262304)
state:field-0, action:Wait, timestep:41, reward:-0.0
==================================================

coord:(32.13955178799205, 0.0, 34.00254147262304)->(26.93955197872698, 0.0, 34.00254147262304)
state:field-0, action:S, timestep:42, reward:1.377845848926107
==================================================

coord:(26.93955197872698, 0.0, 34.00254147262304)->(30.616507043098775, 0.0, 30.325586408251354)
state:field-0, action:WA, timestep:43, reward:2.6019667863785223
==================================================

coord:(30.616507043098775, 0.0, 30.325586408251354)->(26.93955197872698, 0.0, 26.648631343879558)
state:field-0, action:SA, timestep:44, reward:4.629700798268393
==================================================

coord:(26.93955197872698, 0.0, 26.648631343879558)->(26.93955197872698, 0.0, 26.648631343879558)
state:field-0, action:Wait, timestep:45, reward:-0.0
==================================================

coord:(26.93955197872698, 0.0, 26.648631343879558)->(30.616507043098775, 0.0, 22.97167627950776)
state:field-0, action:WA, timestep:46, reward:1.8381098459410676
==================================================

coord:(30.616507043098775, 0.0, 22.97167627950776)->(30.616507043098775, 0.0, 17.771676470242696)
state:field-0, action:A, timestep:47, reward:3.531590350435234
==================================================

coord:(30.616507043098775, 0.0, 17.771676470242696)->(26.93955197872698, 0.0, 14.094721405870956)
state:field-0, action:SA, timestep:48, reward:4.674938909444942
==================================================

coord:(26.93955197872698, 0.0, 14.094721405870956)->(23.262596914355182, 0.3054995004315967, 10.417766341499267)
state:field-0, action:SA, timestep:49, reward:-0.7290028591694018
==================================================

coord:(23.262596914355182, 0.3054995004315967, 10.417766341499267)->(23.262596914355182, 0.3054995004315967, 10.417766341499267)
state:field-0, action:Wait, timestep:50, reward:-0.0
==================================================

coord:(23.262596914355182, 0.3054995004315967, 10.417766341499267)->(24.672096355697704, 0.0, 11.827265782841748)
state:field-0, action:WD, timestep:51, reward:1.395770216695508
==================================================

coord:(24.672096355697704, 0.0, 11.827265782841748)->(22.833618823511806, 0.0, 13.665743315027592)
state:field-0, action:SD, timestep:52, reward:1.060979141252019
==================================================

coord:(22.833618823511806, 0.0, 13.665743315027592)->(28.03361863277687, 0.0, 13.665743315027592)
state:field-0, action:W, timestep:53, reward:-2.83411328693002
==================================================

coord:(28.03361863277687, 0.0, 13.665743315027592)->(24.356663568405075, 0.0, 9.988788250655903)
state:field-0, action:SA, timestep:54, reward:0.020407279825501057
==================================================

coord:(24.356663568405075, 0.0, 9.988788250655903)->(24.356663568405075, 0.0, 15.188788059921075)
state:field-0, action:D, timestep:55, reward:2.7858982247626134
==================================================

coord:(24.356663568405075, 0.0, 15.188788059921075)->(24.356663568405075, 0.0, 9.988788250655903)
state:field-0, action:A, timestep:56, reward:-2.7858982247626134
==================================================

coord:(24.356663568405075, 0.0, 9.988788250655903)->(29.55666337767014, 0.0, 9.988788250655903)
state:field-0, action:W, timestep:57, reward:-2.8261611489224236
==================================================

coord:(29.55666337767014, 0.0, 9.988788250655903)->(33.233618442041866, 0.0, 13.665743315027592)
state:field-0, action:WD, timestep:58, reward:-2.3864681542630173
==================================================

coord:(33.233618442041866, 0.0, 13.665743315027592)->(33.233618442041866, 0.0, 13.665743315027592)
state:field-0, action:Wait, timestep:59, reward:-0.0
==================================================

coord:(33.233618442041866, 0.0, 13.665743315027592)->(33.233618442041866, 0.0, 13.665743315027592)
state:field-0, action:Wait, timestep:60, reward:-0.0
==================================================

coord:(33.233618442041866, 0.0, 13.665743315027592)->(29.55666337767014, 0.0, 17.34269837939932)
state:field-0, action:SD, timestep:61, reward:2.755058545396353
==================================================

coord:(29.55666337767014, 0.0, 17.34269837939932)->(25.879708313298345, 0.0, 13.665743315027592)
state:field-0, action:SA, timestep:62, reward:4.575411561452466
==================================================

coord:(25.879708313298345, 0.0, 13.665743315027592)->(22.20275324892655, 0.0, 17.34269837939932)
state:field-0, action:SD, timestep:63, reward:-1.8860280173608543
==================================================

coord:(22.20275324892655, 0.0, 17.34269837939932)->(22.20275324892655, 0.0, 17.34269837939932)
state:field-0, action:Wait, timestep:64, reward:-0.0
==================================================

coord:(22.20275324892655, 0.0, 17.34269837939932)->(25.879708313298345, 0.0, 13.665743315027592)
state:field-0, action:WA, timestep:65, reward:1.8860280173608543
==================================================

coord:(25.879708313298345, 0.0, 13.665743315027592)->(20.67970850403328, 0.0, 13.665743315027592)
state:field-0, action:S, timestep:66, reward:-1.4278776452182733
==================================================

coord:(20.67970850403328, 0.0, 13.665743315027592)->(24.356663568405075, 0.0, 17.34269837939932)
state:field-0, action:WD, timestep:67, reward:-0.024598364542375517
==================================================

coord:(24.356663568405075, 0.0, 17.34269837939932)->(24.356663568405075, 0.0, 12.142698570134174)
state:field-0, action:A, timestep:68, reward:1.4704353750478145
==================================================

coord:(24.356663568405075, 0.0, 12.142698570134174)->(24.356663568405075, 0.0, 17.34269837939932)
state:field-0, action:D, timestep:69, reward:-1.4704353750478145
==================================================

coord:(24.356663568405075, 0.0, 17.34269837939932)->(28.03361863277687, 0.0, 13.665743315027592)
state:field-0, action:WA, timestep:70, reward:-0.6857720737282298
==================================================

coord:(28.03361863277687, 0.0, 13.665743315027592)->(22.833618823511806, 0.0, 13.665743315027592)
state:field-0, action:S, timestep:71, reward:2.83411328693002
==================================================

coord:(22.833618823511806, 0.0, 13.665743315027592)->(28.03361863277687, 0.0, 13.665743315027592)
state:field-0, action:W, timestep:72, reward:-2.83411328693002
==================================================

coord:(28.03361863277687, 0.0, 13.665743315027592)->(24.356663568405075, 0.0, 17.34269837939932)
state:field-0, action:SD, timestep:73, reward:0.6857720737282298
==================================================

coord:(24.356663568405075, 0.0, 17.34269837939932)->(24.356663568405075, 0.0, 12.142698570134174)
state:field-0, action:A, timestep:74, reward:1.4704353750478145
==================================================

coord:(24.356663568405075, 0.0, 12.142698570134174)->(22.885881542656357, 0.0, 13.61348059588285)
state:field-0, action:SD, timestep:75, reward:0.7119757410896965
==================================================

coord:(22.885881542656357, 0.0, 13.61348059588285)->(26.562836607028153, 0.0, 17.290435660254577)
state:field-0, action:WD, timestep:76, reward:-2.991481847668619
==================================================

coord:(26.562836607028153, 0.0, 17.290435660254577)->(21.362836797763087, 0.0, 17.290435660254577)
state:field-0, action:S, timestep:77, reward:-0.04607990835183884
==================================================

coord:(21.362836797763087, 0.0, 17.290435660254577)->(25.039791862134884, 0.0, 20.967390724626373)
state:field-0, action:WD, timestep:78, reward:-2.8277280856075437
==================================================

coord:(25.039791862134884, 0.0, 20.967390724626373)->(30.23979167139995, 0.0, 20.967390724626373)
state:field-0, action:W, timestep:79, reward:-2.3084982982942597
==================================================

coord:(30.23979167139995, 0.0, 20.967390724626373)->(26.562836607028153, 0.0, 17.290435660254577)
state:field-0, action:SA, timestep:80, reward:5.182306292253642
==================================================

coord:(26.562836607028153, 0.0, 17.290435660254577)->(22.885881542656357, 0.0, 20.967390724626373)
state:field-0, action:SD, timestep:81, reward:-2.885161727519499
==================================================

coord:(22.885881542656357, 0.0, 20.967390724626373)->(19.20892647828456, 0.0, 17.290435660254577)
state:field-0, action:SA, timestep:82, reward:1.2437320923588775
==================================================

coord:(19.20892647828456, 0.0, 17.290435660254577)->(22.885881542656357, 0.0, 20.967390724626373)
state:field-0, action:WD, timestep:83, reward:-1.2437320923588775
==================================================

coord:(22.885881542656357, 0.0, 20.967390724626373)->(28.085881351921422, 0.0, 20.967390724626373)
state:field-0, action:W, timestep:84, reward:-1.0211589549424804
==================================================

coord:(28.085881351921422, 0.0, 20.967390724626373)->(24.408926287549626, 0.0, 24.64434578899817)
state:field-0, action:SD, timestep:85, reward:-2.5751339819466175
==================================================

coord:(24.408926287549626, 0.0, 24.64434578899817)->(24.408926287549626, 0.0, 24.64434578899817)
state:field-0, action:Wait, timestep:86, reward:-0.0
==================================================

coord:(24.408926287549626, 0.0, 24.64434578899817)->(24.408926287549626, 0.0, 24.64434578899817)
state:field-0, action:Wait, timestep:87, reward:-0.0
==================================================

coord:(24.408926287549626, 0.0, 24.64434578899817)->(24.408926287549626, 0.0, 19.444345979733104)
state:field-0, action:A, timestep:88, reward:5.1925161381753115
==================================================

coord:(24.408926287549626, 0.0, 19.444345979733104)->(24.408926287549626, 0.0, 14.244346170468)
state:field-0, action:A, timestep:89, reward:4.983314409548139
==================================================

