coord:(33.0, 0.0, 42.0)->(33.0, 0.0, 42.0)
state:field-4, action:Wait, timestep:1, reward:-0.0
==================================================

coord:(33.0, 0.0, 42.0)->(29.70666678746542, 0.0, 42.0)
state:field-4, action:Sj, timestep:2, reward:0.8352625594949252
==================================================

coord:(29.70666678746542, 0.0, 42.0)->(27.37792858002995, 0.0, 39.671261792564664)
state:field-4, action:SAj, timestep:3, reward:2.6830709772407495
==================================================

coord:(27.37792858002995, 0.0, 39.671261792564664)->(29.70666678746542, 0.0, 37.34252358512933)
state:field-4, action:WAj, timestep:4, reward:1.8625789081597084
==================================================

coord:(29.70666678746542, 0.0, 37.34252358512933)->(29.70666678746542, 0.0, 32.54252358512926)
state:field-4, action:Asj, timestep:5, reward:4.629165098919913
==================================================

coord:(29.70666678746542, 0.0, 32.54252358512926)->(29.70666678746542, 0.0, 29.249190372594697)
state:field-4, action:Aj, timestep:6, reward:3.1187946975394425
==================================================

coord:(29.70666678746542, 0.0, 29.249190372594697)->(33.10077918370561, 0.0, 25.855077976354508)
state:field-4, action:WAsj, timestep:7, reward:1.3365406986960444
==================================================

coord:(33.10077918370561, 0.0, 25.855077976354508)->(28.858138688405376, 0.0, 21.612437481054272)
state:field-4, action:SAs, timestep:8, reward:5.914925898915611
==================================================

coord:(28.858138688405376, 0.0, 21.612437481054272)->(25.464026292165187, 0.0, 25.00654987729446)
state:field-3, action:SDsj, timestep:9, reward:-2.0729475352153965
==================================================

coord:(25.464026292165187, 0.0, 25.00654987729446)->(25.464026292165187, 0.0, 19.806550068029395)
state:field-3, action:A, timestep:10, reward:5.115219442524283
==================================================

coord:(25.464026292165187, 0.0, 19.806550068029395)->(25.464026292165187, 0.0, 19.806550068029395)
state:field-3, action:j, timestep:11, reward:-0.0
==================================================

coord:(25.464026292165187, 0.0, 19.806550068029395)->(27.792764499600658, 0.0, 17.477811860593924)
state:field-3, action:WAj, timestep:12, reward:0.8423763470110943
==================================================

coord:(27.792764499600658, 0.0, 17.477811860593924)->(31.469719563972454, 0.0, 13.800856796222192)
state:field-3, action:WA, timestep:13, reward:-2.326478431335752
==================================================

coord:(31.469719563972454, 0.0, 13.800856796222192)->(34.04358810903259, 0.0, 11.226988251162009)
state:field-3, action:WA, timestep:14, reward:-2.946995605608426
==================================================

coord:(34.04358810903259, 0.0, 11.226988251162009)->(34.04358810903259, 1.299999952316284, 11.226988251162009)
state:wall-8, action:W, timestep:15, reward:-0.08078576973553453
==================================================

coord:(34.04358810903259, 1.299999952316284, 11.226988251162009)->(34.04358810903259, 3.899999856948847, 11.226988251162009)
state:wall-8, action:Wj, timestep:16, reward:-0.6251878695842983
==================================================

coord:(34.04358810903259, 3.899999856948847, 11.226988251162009)->(34.04358810903259, 2.599999904632554, 10.976988251162005)
state:wall-7, action:S, timestep:17, reward:0.319221433378889
==================================================

coord:(34.04358810903259, 2.599999904632554, 10.976988251162005)->(34.04358810903259, 5.199999809265126, 10.976988251162005)
state:wall-7, action:Wj, timestep:18, reward:-0.9008106516911507
==================================================

coord:(34.04358810903259, 5.199999809265126, 10.976988251162005)->(34.04358810903259, 6.4999997615813925, 10.976988251162005)
state:wall-7, action:W, timestep:19, reward:-0.632527289549845
==================================================

coord:(34.04358810903259, 6.4999997615813925, 10.976988251162005)->(34.04358810903259, 7.799999713897659, 10.976988251162005)
state:wall-7, action:W, timestep:20, reward:-0.7315871103525957
==================================================

coord:(34.04358810903259, 7.799999713897659, 10.976988251162005)->(34.04358810903259, 10.399999618530195, 11.026988251162006)
state:wall-7, action:Wj, timestep:21, reward:-1.689456601883517
==================================================

coord:(34.04358810903259, 10.399999618530195, 11.026988251162006)->(34.04358810903259, 12.999999523162726, 12.02698825116202)
state:wall-6, action:Wj, timestep:22, reward:-1.7853853213412396
==================================================

coord:(34.04358810903259, 12.999999523162726, 12.02698825116202)->(34.04358810903259, 11.699999570846407, 12.02698825116202)
state:wall-5, action:S, timestep:23, reward:1.0005860411151826
==================================================

coord:(34.04358810903259, 11.699999570846407, 12.02698825116202)->(34.04358810903259, 10.399999618530087, 12.02698825116202)
state:wall-5, action:S, timestep:24, reward:0.9533036041210856
==================================================

coord:(34.04358810903259, 10.399999618530087, 12.02698825116202)->(34.04358810903259, 9.099999666213767, 12.02698825116202)
state:wall-5, action:S, timestep:25, reward:0.896144285851717
==================================================

coord:(34.04358810903259, 9.099999666213767, 12.02698825116202)->(33.97287743411092, 9.163699666658815, 12.097698926083693)
state:field-0, action:SDsj, timestep:26, reward:0.01921659557551969
==================================================

coord:(33.97287743411092, 9.163699666658815, 12.097698926083693)->(33.97287743411092, 10.463699618975134, 13.047698926083706)
state:wall-5, action:W, timestep:27, reward:-0.8097063690704811
==================================================

coord:(33.97287743411092, 10.463699618975134, 13.047698926083706)->(33.97287743411092, 11.763699571291454, 14.047698926083719)
state:wall-5, action:W, timestep:28, reward:-0.9358859831189257
==================================================

coord:(33.97287743411092, 11.763699571291454, 14.047698926083719)->(33.97287743411092, 13.063699523607776, 15.047698926083733)
state:wall-5, action:W, timestep:29, reward:-1.0464127205884495
==================================================

coord:(33.97287743411092, 13.063699523607776, 15.047698926083733)->(33.97287743411092, 11.763699571291456, 15.047698926083733)
state:wall-5, action:S, timestep:30, reward:1.0109399156915266
==================================================

coord:(33.97287743411092, 11.763699571291456, 15.047698926083733)->(33.97287743411092, 13.063699523607776, 16.047698926083747)
state:wall-5, action:W, timestep:31, reward:-1.1046518240883962
==================================================

coord:(33.97287743411092, 13.063699523607776, 16.047698926083747)->(33.97287743411092, 15.663699428240308, 17.04769892608376)
state:wall-5, action:Wj, timestep:32, reward:-2.2551431307378706
==================================================

coord:(33.97287743411092, 15.663699428240308, 17.04769892608376)->(33.97287743411092, 16.010366082191315, 17.04769892608376)
state:wall-5, action:Wj, timestep:33, reward:-0.28953142005745036
==================================================

coord:(33.97287743411092, 16.010366082191315, 17.04769892608376)->(33.97287743411092, 7.86738334622367, 17.04769892608376)
state:air-10, action:Wait, timestep:34, reward:6.044010148602544
==================================================

coord:(33.97287743411092, 7.86738334622367, 17.04769892608376)->(33.97287743411092, 0.0, 17.04769892608376)
state:air-10, action:Wait, timestep:35, reward:2.6348481935458743
==================================================

coord:(33.97287743411092, 0.0, 17.04769892608376)->(33.97287743411092, 0.0, 17.04769892608376)
state:field-0, action:Wait, timestep:36, reward:-0.0
==================================================

coord:(33.97287743411092, 0.0, 17.04769892608376)->(33.97287743411092, 0.0, 11.84769911681861)
state:field-0, action:A, timestep:37, reward:0.22568694902577313
==================================================

coord:(33.97287743411092, 0.0, 11.84769911681861)->(33.97287743411092, 0.0, 11.84769911681861)
state:field-0, action:Wait, timestep:38, reward:-0.0
==================================================

coord:(33.97287743411092, 0.0, 11.84769911681861)->(28.772877624845776, 0.0, 11.84769911681861)
state:field-0, action:S, timestep:39, reward:4.966764560714583
==================================================

coord:(28.772877624845776, 0.0, 11.84769911681861)->(25.09592256047398, 0.0, 8.17074405244692)
state:field-0, action:SA, timestep:40, reward:-0.6956605895142287
==================================================

coord:(25.09592256047398, 0.0, 8.17074405244692)->(28.772877624845776, 0.0, 11.84769911681861)
state:field-0, action:WD, timestep:41, reward:0.6956605895142287
==================================================

coord:(28.772877624845776, 0.0, 11.84769911681861)->(23.57287781558071, 0.2297827132494319, 11.84769911681861)
state:field-0, action:S, timestep:42, reward:3.029448431245525
==================================================

coord:(23.57287781558071, 0.2297827132494319, 11.84769911681861)->(23.57287781558071, 0.2297827132494319, 11.84769911681861)
state:field-0, action:Wait, timestep:43, reward:-0.0
==================================================

coord:(23.57287781558071, 0.2297827132494319, 11.84769911681861)->(23.02133455592494, 0.1677273441881482, 12.399242376474364)
state:field-0, action:SD, timestep:44, reward:0.3225664634970902
==================================================

coord:(23.02133455592494, 0.1677273441881482, 12.399242376474364)->(23.02133455592494, 0.0, 13.872575655766163)
state:field-0, action:D, timestep:45, reward:0.8967786795046929
==================================================

coord:(23.02133455592494, 0.0, 13.872575655766163)->(23.02133455592494, 0.0, 13.872575655766163)
state:field-0, action:Wait, timestep:46, reward:-0.0
==================================================

coord:(23.02133455592494, 0.0, 13.872575655766163)->(23.02133455592494, 0.0, 13.872575655766163)
state:field-0, action:Wait, timestep:47, reward:-0.0
==================================================

coord:(23.02133455592494, 0.0, 13.872575655766163)->(24.614681750486053, 0.0, 12.279228461205097)
state:field-0, action:WA, timestep:48, reward:-0.8403364838516437
==================================================

coord:(24.614681750486053, 0.0, 12.279228461205097)->(24.614681750486053, 0.0, 12.279228461205097)
state:field-0, action:Wait, timestep:49, reward:-0.0
==================================================

coord:(24.614681750486053, 0.0, 12.279228461205097)->(24.614681750486053, 0.0, 12.279228461205097)
state:field-0, action:Wait, timestep:50, reward:-0.0
==================================================

coord:(24.614681750486053, 0.0, 12.279228461205097)->(24.614681750486053, 0.0, 12.279228461205097)
state:field-0, action:Wait, timestep:51, reward:-0.0
==================================================

coord:(24.614681750486053, 0.0, 12.279228461205097)->(28.29163681485785, 0.0, 15.956183525576787)
state:field-0, action:WD, timestep:52, reward:-2.8891768646403158
==================================================

coord:(28.29163681485785, 0.0, 15.956183525576787)->(28.29163681485785, 0.0, 10.756183716311615)
state:field-0, action:A, timestep:53, reward:-0.6631972718722361
==================================================

coord:(28.29163681485785, 0.0, 10.756183716311615)->(28.29163681485785, 0.0, 15.956183525576787)
state:field-0, action:D, timestep:54, reward:0.6631972718722361
==================================================

coord:(28.29163681485785, 0.0, 15.956183525576787)->(24.614681750486053, 0.0, 19.633138589948583)
state:field-0, action:SD, timestep:55, reward:-0.9501366491720535
==================================================

coord:(24.614681750486053, 0.0, 19.633138589948583)->(19.414681941220987, 0.0, 19.633138589948583)
state:field-0, action:S, timestep:56, reward:-1.596852355725387
==================================================

coord:(19.414681941220987, 0.0, 19.633138589948583)->(19.414681941220987, 0.0, 14.433138780683484)
state:field-0, action:A, timestep:57, reward:2.657698171897568
==================================================

coord:(19.414681941220987, 0.0, 14.433138780683484)->(19.414681941220987, 0.0, 14.433138780683484)
state:field-0, action:Wait, timestep:58, reward:-0.0
==================================================

coord:(19.414681941220987, 0.0, 14.433138780683484)->(21.620854979844065, 0.3883051566881053, 12.22696574206047)
state:field-0, action:WA, timestep:59, reward:1.613279322686303
==================================================

coord:(21.620854979844065, 0.3883051566881053, 12.22696574206047)->(21.620854979844065, 0.0, 14.220299002278786)
state:field-0, action:D, timestep:60, reward:0.6031282622406087
==================================================

coord:(21.620854979844065, 0.0, 14.220299002278786)->(26.82085478910913, 0.0, 14.220299002278786)
state:field-0, action:W, timestep:61, reward:-0.44012136765392995
==================================================

coord:(26.82085478910913, 0.0, 14.220299002278786)->(23.143899724737334, 0.0, 17.89725406665053)
state:field-0, action:SD, timestep:62, reward:-1.1607310439525058
==================================================

coord:(23.143899724737334, 0.0, 17.89725406665053)->(23.143899724737334, 0.0, 17.89725406665053)
state:field-0, action:Wait, timestep:63, reward:-0.0
==================================================

coord:(23.143899724737334, 0.0, 17.89725406665053)->(19.466944660365538, 0.0, 14.220299002278786)
state:field-0, action:SA, timestep:64, reward:-0.5482302149913814
==================================================

coord:(19.466944660365538, 0.0, 14.220299002278786)->(19.466944660365538, 0.0, 19.420298811543887)
state:field-0, action:D, timestep:65, reward:-2.5275858118440375
==================================================

coord:(19.466944660365538, 0.0, 19.420298811543887)->(19.466944660365538, 0.0, 14.220299002278784)
state:field-0, action:A, timestep:66, reward:2.5275858118440375
==================================================

coord:(19.466944660365538, 0.0, 14.220299002278784)->(21.673117698988616, 0.3883051566881053, 12.01412596365577)
state:field-0, action:WA, timestep:67, reward:1.4547616706917128
==================================================

coord:(21.673117698988616, 0.3883051566881053, 12.01412596365577)->(21.673117698988616, 0.0, 14.267459214337345)
state:field-0, action:D, timestep:68, reward:0.7414404290652441
==================================================

coord:(21.673117698988616, 0.0, 14.267459214337345)->(21.673117698988616, 0.0, 14.267459214337345)
state:field-0, action:Wait, timestep:69, reward:-0.0
==================================================

coord:(21.673117698988616, 0.0, 14.267459214337345)->(23.450312646768317, 0.1677273441881482, 12.490264266557695)
state:field-0, action:WA, timestep:70, reward:0.726780425394292
==================================================

coord:(23.450312646768317, 0.1677273441881482, 12.490264266557695)->(23.450312646768317, 0.1677273441881482, 12.490264266557695)
state:field-0, action:Wait, timestep:71, reward:-0.0
==================================================

coord:(23.450312646768317, 0.1677273441881482, 12.490264266557695)->(24.614681750486053, 0.0, 13.654633370275397)
state:field-0, action:WD, timestep:72, reward:0.9103612097287876
==================================================

