coord:(33.0, 0.0, 42.0)->(33.0, 0.0, 42.0)
state:field-4, action:Wait, timestep:1, reward:-0.0
==================================================

coord:(33.0, 0.0, 42.0)->(28.757359504699764, 0.0, 37.757359504699764)
state:field-4, action:SAs, timestep:2, reward:5.181879056604764
==================================================

coord:(28.757359504699764, 0.0, 37.757359504699764)->(23.557359695434698, 0.0, 37.757359504699764)
state:field-4, action:S, timestep:3, reward:0.4675205626395673
==================================================

coord:(23.557359695434698, 0.0, 37.757359504699764)->(26.85069290796924, 0.0, 37.757359504699764)
state:field-4, action:Wj, timestep:4, reward:-0.16629571154323486
==================================================

coord:(26.85069290796924, 0.0, 37.757359504699764)->(24.52195470053377, 0.0, 40.0860977121351)
state:field-4, action:SDj, timestep:5, reward:-2.163540633088303
==================================================

coord:(24.52195470053377, 0.0, 40.0860977121351)->(21.228621487999227, 0.0, 40.0860977121351)
state:field-4, action:Sj, timestep:6, reward:-0.14158074990755054
==================================================

coord:(21.228621487999227, 0.0, 40.0860977121351)->(17.97593044160238, 0.0, 36.83340666573825)
state:field-4, action:SAs, timestep:7, reward:2.6182036702815275
==================================================

coord:(17.97593044160238, 0.0, 36.83340666573825)->(17.97593044160238, 2.599999904632568, 36.83340666573825)
state:wall-9, action:Wj, timestep:8, reward:-0.14270004071125086
==================================================

coord:(17.97593044160238, 2.599999904632568, 36.83340666573825)->(17.97593044160238, 1.2999999523162822, 35.9834066657383)
state:wall-8, action:S, timestep:9, reward:0.9265052139487508
==================================================

coord:(17.97593044160238, 1.2999999523162822, 35.9834066657383)->(17.97593044160238, -1.700029006457271e-15, 34.98340666573836)
state:wall-8, action:S, timestep:10, reward:0.9998861997313391
==================================================

coord:(17.97593044160238, -1.700029006457271e-15, 34.98340666573836)->(17.97593044160238, 2.599999904632566, 34.98340666573836)
state:wall-8, action:Wj, timestep:11, reward:-0.15428050836998963
==================================================

coord:(17.97593044160238, 2.599999904632566, 34.98340666573836)->(17.97593044160238, 3.899999856948859, 34.98340666573836)
state:wall-7, action:W, timestep:12, reward:-0.1913413395526362
==================================================

coord:(17.97593044160238, 3.899999856948859, 34.98340666573836)->(17.97593044160238, 5.199999809265128, 34.98340666573836)
state:wall-7, action:W, timestep:13, reward:-0.26513728962222416
==================================================

coord:(17.97593044160238, 5.199999809265128, 34.98340666573836)->(17.97593044160238, 7.799999713897714, 34.98340666573836)
state:wall-7, action:Wj, timestep:14, reward:-0.7408322542278221
==================================================

coord:(17.97593044160238, 7.799999713897714, 34.98340666573836)->(18.06259710509013, 7.882809711438823, 34.98340666573836)
state:field-2, action:Wj, timestep:15, reward:-0.005650803054965792
==================================================

coord:(18.06259710509013, 7.882809711438823, 34.98340666573836)->(18.06259710509013, 9.182809663755139, 35.033406665738354)
state:wall-7, action:W, timestep:16, reward:-0.5178902646030537
==================================================

coord:(18.06259710509013, 9.182809663755139, 35.033406665738354)->(18.06259710509013, 7.882809711438824, 35.033406665738354)
state:wall-7, action:S, timestep:17, reward:0.4726347390989005
==================================================

coord:(18.06259710509013, 7.882809711438824, 35.033406665738354)->(18.06259710509013, 9.182809663755139, 36.0334066657383)
state:wall-7, action:W, timestep:18, reward:-1.364216015028699
==================================================

coord:(18.06259710509013, 9.182809663755139, 36.0334066657383)->(18.06259710509013, 10.482809616071458, 37.03340666573824)
state:wall-7, action:W, timestep:19, reward:-1.3961244795001235
==================================================

coord:(18.06259710509013, 10.482809616071458, 37.03340666573824)->(18.06259710509013, 13.08280952070399, 38.033406665738184)
state:wall-7, action:Wj, timestep:20, reward:-2.006465834048182
==================================================

coord:(18.06259710509013, 13.08280952070399, 38.033406665738184)->(18.06259710509013, 14.382809473020309, 39.03340666573813)
state:wall-6, action:W, timestep:21, reward:-1.4749250336453343
==================================================

coord:(18.06259710509013, 14.382809473020309, 39.03340666573813)->(18.06259710509013, 16.98280937765288, 40.03340666573807)
state:wall-6, action:Wj, timestep:22, reward:-2.169778866784828
==================================================

coord:(18.06259710509013, 16.98280937765288, 40.03340666573807)->(18.06259710509013, 15.682809425336641, 40.03340666573807)
state:wall-5, action:S, timestep:23, reward:0.6782316931613863
==================================================

coord:(18.06259710509013, 15.682809425336641, 40.03340666573807)->(18.06259710509013, 16.98280937765288, 41.03340666573801)
state:wall-5, action:W, timestep:24, reward:-1.505878910078053
==================================================

coord:(18.06259710509013, 16.98280937765288, 41.03340666573801)->(18.06259710509013, 19.58280928228552, 42.03340666573796)
state:wall-5, action:Wj, timestep:25, reward:-2.2348473451384905
==================================================

coord:(18.06259710509013, 19.58280928228552, 42.03340666573796)->(18.06259710509013, 18.282809329969307, 42.03340666573796)
state:wall-5, action:S, timestep:26, reward:0.7165414330958626
==================================================

coord:(18.06259710509013, 18.282809329969307, 42.03340666573796)->(18.06259710509013, 19.58280928228552, 43.0334066657379)
state:wall-5, action:W, timestep:27, reward:-1.529139374190244
==================================================

coord:(18.06259710509013, 19.58280928228552, 43.0334066657379)->(18.06259710509013, 20.882809234601734, 44.03340666573784)
state:wall-5, action:W, timestep:28, reward:-1.5386318105667698
==================================================

coord:(18.06259710509013, 20.882809234601734, 44.03340666573784)->(18.06259710509013, 22.182809186917947, 45.033406665737786)
state:wall-5, action:W, timestep:29, reward:-1.5469893000373887
==================================================

coord:(18.06259710509013, 22.182809186917947, 45.033406665737786)->(18.06259710509013, 23.222809148771002, 45.033406665737786)
state:wall-5, action:Wj, timestep:30, reward:-0.6068220033844156
==================================================

coord:(18.06259710509013, 23.222809148771002, 45.033406665737786)->(18.06259710509013, 15.079826412803357, 45.033406665737786)
state:air-10, action:Wait, timestep:31, reward:4.202174917513133
==================================================

coord:(18.06259710509013, 15.079826412803357, 45.033406665737786)->(18.06259710509013, 6.936843676835714, 45.033406665737786)
state:air-10, action:Wait, timestep:32, reward:2.6615730934312225
==================================================

coord:(18.06259710509013, 6.936843676835714, 45.033406665737786)->(18.06259710509013, 0.0, 45.033406665737786)
state:air-10, action:Wait, timestep:33, reward:0.7525175962785724
==================================================

coord:(18.06259710509013, 0.0, 45.033406665737786)->(18.06259710509013, 0.0, 45.033406665737786)
state:field-0, action:Wait, timestep:34, reward:-0.0
==================================================

coord:(18.06259710509013, 0.0, 45.033406665737786)->(23.262596914355196, 0.0, 45.033406665737786)
state:field-0, action:W, timestep:35, reward:0.5541163666573254
==================================================

coord:(23.262596914355196, 0.0, 45.033406665737786)->(28.462596723620262, 0.0, 45.033406665737786)
state:field-0, action:W, timestep:36, reward:-0.31045870595204406
==================================================

coord:(28.462596723620262, 0.0, 45.033406665737786)->(24.785641659248466, 0.0, 41.3564516013662)
state:field-0, action:SA, timestep:37, reward:3.9848944914831392
==================================================

coord:(24.785641659248466, 0.0, 41.3564516013662)->(28.462596723620262, 0.0, 37.67949653699462)
state:field-0, action:WA, timestep:38, reward:3.2713962981992495
==================================================

coord:(28.462596723620262, 0.0, 37.67949653699462)->(28.462596723620262, 0.0, 37.67949653699462)
state:field-0, action:Wait, timestep:39, reward:-0.0
==================================================

coord:(28.462596723620262, 0.0, 37.67949653699462)->(32.13955178799205, 0.0, 34.00254147262304)
state:field-0, action:WA, timestep:40, reward:2.5011040509242086
==================================================

coord:(32.13955178799205, 0.0, 34.00254147262304)->(32.13955178799205, 0.0, 34.00254147262304)
state:field-0, action:Wait, timestep:41, reward:-0.0
==================================================

coord:(32.13955178799205, 0.0, 34.00254147262304)->(26.93955197872698, 0.0, 34.00254147262304)
state:field-0, action:S, timestep:42, reward:1.377845848926107
==================================================

coord:(26.93955197872698, 0.0, 34.00254147262304)->(30.616507043098775, 0.0, 30.325586408251354)
state:field-0, action:WA, timestep:43, reward:2.6019667863785223
==================================================

coord:(30.616507043098775, 0.0, 30.325586408251354)->(26.93955197872698, 0.0, 26.648631343879558)
state:field-0, action:SA, timestep:44, reward:4.629700798268393
==================================================

coord:(26.93955197872698, 0.0, 26.648631343879558)->(26.93955197872698, 0.0, 26.648631343879558)
state:field-0, action:Wait, timestep:45, reward:-0.0
==================================================

coord:(26.93955197872698, 0.0, 26.648631343879558)->(30.616507043098775, 0.0, 22.97167627950776)
state:field-0, action:WA, timestep:46, reward:1.8381098459410676
==================================================

coord:(30.616507043098775, 0.0, 22.97167627950776)->(30.616507043098775, 0.0, 17.771676470242696)
state:field-0, action:A, timestep:47, reward:3.531590350435234
==================================================

coord:(30.616507043098775, 0.0, 17.771676470242696)->(26.93955197872698, 0.0, 14.094721405870956)
state:field-0, action:SA, timestep:48, reward:4.674938909444942
==================================================

coord:(26.93955197872698, 0.0, 14.094721405870956)->(23.262596914355182, 0.3054995004315967, 10.417766341499267)
state:field-0, action:SA, timestep:49, reward:-0.7290028591694018
==================================================

coord:(23.262596914355182, 0.3054995004315967, 10.417766341499267)->(23.262596914355182, 0.3054995004315967, 10.417766341499267)
state:field-0, action:Wait, timestep:50, reward:-0.0
==================================================

coord:(23.262596914355182, 0.3054995004315967, 10.417766341499267)->(24.672096355697704, 0.0, 11.827265782841748)
state:field-0, action:WD, timestep:51, reward:1.395770216695508
==================================================

coord:(24.672096355697704, 0.0, 11.827265782841748)->(22.833618823511806, 0.0, 13.665743315027592)
state:field-0, action:SD, timestep:52, reward:1.060979141252019
==================================================

coord:(22.833618823511806, 0.0, 13.665743315027592)->(28.03361863277687, 0.0, 13.665743315027592)
state:field-0, action:W, timestep:53, reward:-2.83411328693002
==================================================

coord:(28.03361863277687, 0.0, 13.665743315027592)->(24.356663568405075, 0.0, 9.988788250655903)
state:field-0, action:SA, timestep:54, reward:0.020407279825501057
==================================================

coord:(24.356663568405075, 0.0, 9.988788250655903)->(24.356663568405075, 0.0, 15.188788059921075)
state:field-0, action:D, timestep:55, reward:2.7858982247626134
==================================================

coord:(24.356663568405075, 0.0, 15.188788059921075)->(24.356663568405075, 0.0, 9.988788250655903)
state:field-0, action:A, timestep:56, reward:-2.7858982247626134
==================================================

coord:(24.356663568405075, 0.0, 9.988788250655903)->(29.55666337767014, 0.0, 9.988788250655903)
state:field-0, action:W, timestep:57, reward:-2.8261611489224236
==================================================

coord:(29.55666337767014, 0.0, 9.988788250655903)->(33.233618442041866, 0.0, 13.665743315027592)
state:field-0, action:WD, timestep:58, reward:-2.3864681542630173
==================================================

coord:(33.233618442041866, 0.0, 13.665743315027592)->(33.233618442041866, 0.0, 13.665743315027592)
state:field-0, action:Wait, timestep:59, reward:-0.0
==================================================

coord:(33.233618442041866, 0.0, 13.665743315027592)->(33.233618442041866, 0.0, 13.665743315027592)
state:field-0, action:Wait, timestep:60, reward:-0.0
==================================================

coord:(33.233618442041866, 0.0, 13.665743315027592)->(29.55666337767014, 0.0, 17.34269837939932)
state:field-0, action:SD, timestep:61, reward:2.755058545396353
==================================================

coord:(29.55666337767014, 0.0, 17.34269837939932)->(25.879708313298345, 0.0, 13.665743315027592)
state:field-0, action:SA, timestep:62, reward:4.575411561452466
==================================================

coord:(25.879708313298345, 0.0, 13.665743315027592)->(22.20275324892655, 0.0, 17.34269837939932)
state:field-0, action:SD, timestep:63, reward:-1.8860280173608543
==================================================

coord:(22.20275324892655, 0.0, 17.34269837939932)->(22.20275324892655, 0.0, 17.34269837939932)
state:field-0, action:Wait, timestep:64, reward:-0.0
==================================================

coord:(22.20275324892655, 0.0, 17.34269837939932)->(25.879708313298345, 0.0, 13.665743315027592)
state:field-0, action:WA, timestep:65, reward:1.8860280173608543
==================================================

coord:(25.879708313298345, 0.0, 13.665743315027592)->(20.67970850403328, 0.0, 13.665743315027592)
state:field-0, action:S, timestep:66, reward:-1.4278776452182733
==================================================

coord:(20.67970850403328, 0.0, 13.665743315027592)->(24.356663568405075, 0.0, 17.34269837939932)
state:field-0, action:WD, timestep:67, reward:-0.024598364542375517
==================================================

coord:(24.356663568405075, 0.0, 17.34269837939932)->(24.356663568405075, 0.0, 12.142698570134174)
state:field-0, action:A, timestep:68, reward:1.4704353750478145
==================================================

coord:(24.356663568405075, 0.0, 12.142698570134174)->(24.356663568405075, 0.0, 17.34269837939932)
state:field-0, action:D, timestep:69, reward:-1.4704353750478145
==================================================

coord:(24.356663568405075, 0.0, 17.34269837939932)->(28.03361863277687, 0.0, 13.665743315027592)
state:field-0, action:WA, timestep:70, reward:-0.6857720737282298
==================================================

coord:(28.03361863277687, 0.0, 13.665743315027592)->(22.833618823511806, 0.0, 13.665743315027592)
state:field-0, action:S, timestep:71, reward:2.83411328693002
==================================================

coord:(22.833618823511806, 0.0, 13.665743315027592)->(28.03361863277687, 0.0, 13.665743315027592)
state:field-0, action:W, timestep:72, reward:-2.83411328693002
==================================================

coord:(28.03361863277687, 0.0, 13.665743315027592)->(24.356663568405075, 0.0, 17.34269837939932)
state:field-0, action:SD, timestep:73, reward:0.6857720737282298
==================================================

coord:(24.356663568405075, 0.0, 17.34269837939932)->(24.356663568405075, 0.0, 12.142698570134174)
state:field-0, action:A, timestep:74, reward:1.4704353750478145
==================================================

coord:(24.356663568405075, 0.0, 12.142698570134174)->(22.885881542656357, 0.0, 13.61348059588285)
state:field-0, action:SD, timestep:75, reward:0.7119757410896965
==================================================

coord:(22.885881542656357, 0.0, 13.61348059588285)->(26.562836607028153, 0.0, 17.290435660254577)
state:field-0, action:WD, timestep:76, reward:-2.991481847668619
==================================================

coord:(26.562836607028153, 0.0, 17.290435660254577)->(21.362836797763087, 0.0, 17.290435660254577)
state:field-0, action:S, timestep:77, reward:-0.04607990835183884
==================================================

coord:(21.362836797763087, 0.0, 17.290435660254577)->(25.039791862134884, 0.0, 20.967390724626373)
state:field-0, action:WD, timestep:78, reward:-2.8277280856075437
==================================================

coord:(25.039791862134884, 0.0, 20.967390724626373)->(30.23979167139995, 0.0, 20.967390724626373)
state:field-0, action:W, timestep:79, reward:-2.3084982982942597
==================================================

coord:(30.23979167139995, 0.0, 20.967390724626373)->(26.562836607028153, 0.0, 17.290435660254577)
state:field-0, action:SA, timestep:80, reward:5.182306292253642
==================================================

coord:(26.562836607028153, 0.0, 17.290435660254577)->(22.885881542656357, 0.0, 20.967390724626373)
state:field-0, action:SD, timestep:81, reward:-2.885161727519499
==================================================

coord:(22.885881542656357, 0.0, 20.967390724626373)->(19.20892647828456, 0.0, 17.290435660254577)
state:field-0, action:SA, timestep:82, reward:1.2437320923588775
==================================================

coord:(19.20892647828456, 0.0, 17.290435660254577)->(22.885881542656357, 0.0, 20.967390724626373)
state:field-0, action:WD, timestep:83, reward:-1.2437320923588775
==================================================

coord:(22.885881542656357, 0.0, 20.967390724626373)->(28.085881351921422, 0.0, 20.967390724626373)
state:field-0, action:W, timestep:84, reward:-1.0211589549424804
==================================================

coord:(28.085881351921422, 0.0, 20.967390724626373)->(24.408926287549626, 0.0, 24.64434578899817)
state:field-0, action:SD, timestep:85, reward:-2.5751339819466175
==================================================

coord:(24.408926287549626, 0.0, 24.64434578899817)->(24.408926287549626, 0.0, 24.64434578899817)
state:field-0, action:Wait, timestep:86, reward:-0.0
==================================================

coord:(24.408926287549626, 0.0, 24.64434578899817)->(24.408926287549626, 0.0, 24.64434578899817)
state:field-0, action:Wait, timestep:87, reward:-0.0
==================================================

coord:(24.408926287549626, 0.0, 24.64434578899817)->(24.408926287549626, 0.0, 19.444345979733104)
state:field-0, action:A, timestep:88, reward:5.1925161381753115
==================================================

coord:(24.408926287549626, 0.0, 19.444345979733104)->(19.20892647828456, 0.0, 19.444345979733104)
state:field-0, action:S, timestep:89, reward:-1.7925792703210792
==================================================

coord:(19.20892647828456, 0.0, 19.444345979733104)->(19.20892647828456, 0.0, 19.444345979733104)
state:field-0, action:Wait, timestep:90, reward:-0.0
==================================================

coord:(19.20892647828456, 0.0, 19.444345979733104)->(22.885881542656357, 0.0, 15.767390915361315)
state:field-0, action:WA, timestep:91, reward:5.163019303723507
==================================================

coord:(22.885881542656357, 0.0, 15.767390915361315)->(28.085881351921422, 0.0, 15.767390915361315)
state:field-0, action:W, timestep:92, reward:-2.3625105057147655
==================================================

coord:(28.085881351921422, 0.0, 15.767390915361315)->(28.085881351921422, 0.0, 10.567391106096142)
state:field-0, action:A, timestep:93, reward:-0.8846539817268884
==================================================

coord:(28.085881351921422, 0.0, 10.567391106096142)->(31.76283641629322, 0.0, 14.244346170467832)
state:field-0, action:WD, timestep:94, reward:-2.4302749170406255
==================================================

coord:(31.76283641629322, 0.0, 14.244346170467832)->(31.76283641629322, 0.0, 19.444345979732933)
state:field-0, action:D, timestep:95, reward:-1.7150135603959065
==================================================

coord:(31.76283641629322, 0.0, 19.444345979732933)->(31.76283641629322, 0.0, 14.24434617046783)
state:field-0, action:A, timestep:96, reward:1.7150135603959065
==================================================

coord:(31.76283641629322, 0.0, 14.24434617046783)->(28.085881351921422, 0.0, 17.921301234839575)
state:field-0, action:SD, timestep:97, reward:2.103552057784495
==================================================

coord:(28.085881351921422, 0.0, 17.921301234839575)->(24.408926287549626, 0.0, 21.59825629921137)
state:field-0, action:SD, timestep:98, reward:-1.946123254047503
==================================================

coord:(24.408926287549626, 0.0, 21.59825629921137)->(29.60892609681469, 0.0, 21.59825629921137)
state:field-0, action:W, timestep:99, reward:-1.8349815002328596
==================================================

coord:(29.60892609681469, 0.0, 21.59825629921137)->(33.28588116118642, 0.0, 17.921301234839575)
state:field-0, action:WA, timestep:100, reward:-0.6356567611109192
==================================================

coord:(33.28588116118642, 0.0, 17.921301234839575)->(29.60892609681469, 0.0, 14.24434617046783)
state:field-0, action:SA, timestep:101, reward:4.4656445925187525
==================================================

coord:(29.60892609681469, 0.0, 14.24434617046783)->(29.60892609681469, 0.0, 9.044346361202658)
state:field-0, action:A, timestep:102, reward:-1.8703085267782171
==================================================

coord:(29.60892609681469, 0.0, 9.044346361202658)->(29.60892609681469, 0.0, 9.044346361202658)
state:field-0, action:Wait, timestep:103, reward:-0.0
==================================================

coord:(29.60892609681469, 0.0, 9.044346361202658)->(29.60892609681469, 0.0, 14.24434617046783)
state:field-0, action:D, timestep:104, reward:1.8703085267782171
==================================================

coord:(29.60892609681469, 0.0, 14.24434617046783)->(29.60892609681469, 0.0, 14.24434617046783)
state:field-0, action:Wait, timestep:105, reward:-0.0
==================================================

coord:(29.60892609681469, 0.0, 14.24434617046783)->(29.60892609681469, 0.0, 9.044346361202658)
state:field-0, action:A, timestep:106, reward:-1.8703085267782171
==================================================

coord:(29.60892609681469, 0.0, 9.044346361202658)->(29.60892609681469, 0.0, 14.24434617046783)
state:field-0, action:D, timestep:107, reward:1.8703085267782171
==================================================

coord:(29.60892609681469, 0.0, 14.24434617046783)->(29.60892609681469, 0.0, 19.444345979732933)
state:field-0, action:D, timestep:108, reward:-2.202464093827871
==================================================

coord:(29.60892609681469, 0.0, 19.444345979732933)->(29.60892609681469, 0.0, 19.444345979732933)
state:field-0, action:Wait, timestep:109, reward:-0.0
==================================================

coord:(29.60892609681469, 0.0, 19.444345979732933)->(29.60892609681469, 0.0, 19.444345979732933)
state:field-0, action:Wait, timestep:110, reward:-0.0
==================================================

coord:(29.60892609681469, 0.0, 19.444345979732933)->(25.931971032442895, 0.0, 15.767390915361144)
state:field-0, action:SA, timestep:111, reward:5.198278645682697
==================================================

coord:(25.931971032442895, 0.0, 15.767390915361144)->(20.73197122317783, 0.0, 15.767390915361144)
state:field-0, action:S, timestep:112, reward:-1.09689942364917
==================================================

coord:(20.73197122317783, 0.0, 15.767390915361144)->(20.73197122317783, 0.0, 15.767390915361144)
state:field-0, action:Wait, timestep:113, reward:-0.0
==================================================

coord:(20.73197122317783, 0.0, 15.767390915361144)->(25.931971032442895, 0.0, 15.767390915361144)
state:field-0, action:W, timestep:114, reward:1.09689942364917
==================================================

coord:(25.931971032442895, 0.0, 15.767390915361144)->(20.73197122317783, 0.0, 15.767390915361144)
state:field-0, action:S, timestep:115, reward:-1.09689942364917
==================================================

coord:(20.73197122317783, 0.0, 15.767390915361144)->(20.73197122317783, 0.0, 15.767390915361144)
state:field-0, action:Wait, timestep:116, reward:-0.0
==================================================

coord:(20.73197122317783, 0.0, 15.767390915361144)->(20.73197122317783, 1.0288070658048412, 10.567391106095972)
state:field-0, action:A, timestep:117, reward:-1.134541380783955
==================================================

coord:(20.73197122317783, 1.0288070658048412, 10.567391106095972)->(19.99658021030347, 1.0923821669664306, 11.30278211897031)
state:field-0, action:SD, timestep:118, reward:-0.09943619529332448
==================================================

coord:(19.99658021030347, 1.0923821669664306, 11.30278211897031)->(19.99658021030347, 0.0, 14.076115350578402)
state:field-0, action:D, timestep:119, reward:0.9451650475003559
==================================================

coord:(19.99658021030347, 0.0, 14.076115350578402)->(25.196580019568536, 0.0, 14.076115350578402)
state:field-0, action:W, timestep:120, reward:2.805144846221948
==================================================

coord:(25.196580019568536, 0.0, 14.076115350578402)->(19.99658021030347, 0.0, 14.076115350578402)
state:field-0, action:S, timestep:121, reward:-2.805144846221948
==================================================

coord:(19.99658021030347, 0.0, 14.076115350578402)->(19.99658021030347, 0.0, 19.276115159843506)
state:field-0, action:D, timestep:122, reward:-2.6189044278499294
==================================================

coord:(19.99658021030347, 0.0, 19.276115159843506)->(25.196580019568536, 0.0, 19.276115159843506)
state:field-0, action:W, timestep:123, reward:1.2129465334442369
==================================================

coord:(25.196580019568536, 0.0, 19.276115159843506)->(25.196580019568536, 0.0, 19.276115159843506)
state:field-0, action:Wait, timestep:124, reward:-0.0
==================================================

coord:(25.196580019568536, 0.0, 19.276115159843506)->(30.3965798288336, 0.0, 19.276115159843506)
state:field-0, action:W, timestep:125, reward:-2.881679356401171
==================================================

coord:(30.3965798288336, 0.0, 19.276115159843506)->(25.196580019568536, 0.0, 19.276115159843506)
state:field-0, action:S, timestep:126, reward:2.881679356401171
==================================================

coord:(25.196580019568536, 0.0, 19.276115159843506)->(30.3965798288336, 0.0, 19.276115159843506)
state:field-0, action:W, timestep:127, reward:-2.881679356401171
==================================================

coord:(30.3965798288336, 0.0, 19.276115159843506)->(30.3965798288336, 0.0, 14.0761153505784)
state:field-0, action:A, timestep:128, reward:1.8947478741897017
==================================================

coord:(30.3965798288336, 0.0, 14.0761153505784)->(30.3965798288336, 0.0, 19.276115159843506)
state:field-0, action:D, timestep:129, reward:-1.8947478741897017
==================================================

coord:(30.3965798288336, 0.0, 19.276115159843506)->(26.719624764461805, 0.0, 15.599160095471722)
state:field-0, action:SA, timestep:130, reward:5.136836513811171
==================================================

coord:(26.719624764461805, 0.0, 15.599160095471722)->(26.719624764461805, 0.0, 15.599160095471722)
state:field-0, action:Wait, timestep:131, reward:-0.0
==================================================

coord:(26.719624764461805, 0.0, 15.599160095471722)->(23.04266970009001, 0.2297827132494319, 11.922205031100033)
state:field-0, action:SA, timestep:132, reward:0.8557021324316727
==================================================

coord:(23.04266970009001, 0.2297827132494319, 11.922205031100033)->(24.697299479057317, 0.0, 10.267575252132772)
state:field-0, action:WA, timestep:133, reward:-1.4977596847678663
==================================================

coord:(24.697299479057317, 0.0, 10.267575252132772)->(22.49112644043424, 0.259058997183539, 12.473748290755786)
state:field-0, action:SD, timestep:134, reward:1.63523026308936
==================================================

coord:(22.49112644043424, 0.259058997183539, 12.473748290755786)->(23.617793065775004, 0.1677273441881482, 12.473748290755786)
state:field-0, action:W, timestep:135, reward:0.5794758779730891
==================================================

coord:(23.617793065775004, 0.1677273441881482, 12.473748290755786)->(24.659597000680346, 0.0, 11.431944355850474)
state:field-0, action:WA, timestep:136, reward:-1.0691151196970854
==================================================

coord:(24.659597000680346, 0.0, 11.431944355850474)->(19.45959719141528, 1.0923821669664306, 11.431944355850474)
state:field-0, action:S, timestep:137, reward:-2.678079676395517
==================================================

coord:(19.45959719141528, 1.0923821669664306, 11.431944355850474)->(19.45959719141528, 1.0923821669664306, 11.431944355850474)
state:field-0, action:Wait, timestep:138, reward:-0.0
==================================================

coord:(19.45959719141528, 1.0923821669664306, 11.431944355850474)->(21.539597115121307, 0.5319693870097271, 11.431944355850474)
state:field-0, action:W, timestep:139, reward:1.7334530388961649
==================================================

coord:(21.539597115121307, 0.5319693870097271, 11.431944355850474)->(21.539597115121307, 0.3883051566881053, 12.81861097165452)
state:field-0, action:D, timestep:140, reward:0.839219603175076
==================================================

coord:(21.539597115121307, 0.3883051566881053, 12.81861097165452)->(20.497793180215965, 0.0, 13.860414906559832)
state:field-0, action:SD, timestep:141, reward:-0.7481697890826222
==================================================

coord:(20.497793180215965, 0.0, 13.860414906559832)->(22.39755329680806, 0.3549050368181814, 11.960654789967792)
state:field-0, action:WA, timestep:142, reward:0.8872169827021095
==================================================

coord:(22.39755329680806, 0.3549050368181814, 11.960654789967792)->(22.39755329680806, 0.3549050368181814, 11.960654789967792)
state:field-0, action:Wait, timestep:143, reward:-0.0
==================================================

coord:(22.39755329680806, 0.3549050368181814, 11.960654789967792)->(22.39755329680806, 0.259058997183539, 12.653988097869815)
state:field-0, action:D, timestep:144, reward:0.5090515925698775
==================================================

coord:(22.39755329680806, 0.259058997183539, 12.653988097869815)->(22.39755329680806, 0.259058997183539, 12.653988097869815)
state:field-0, action:Wait, timestep:145, reward:-0.0
==================================================

coord:(22.39755329680806, 0.259058997183539, 12.653988097869815)->(22.39755329680806, 0.0, 14.040654713673861)
state:field-0, action:D, timestep:146, reward:0.5057564817216968
==================================================

coord:(22.39755329680806, 0.0, 14.040654713673861)->(27.597553106073125, 0.0, 14.040654713673861)
state:field-0, action:W, timestep:147, reward:-1.9948204778221579
==================================================

coord:(27.597553106073125, 0.0, 14.040654713673861)->(27.597553106073125, 0.0, 19.240654522938968)
state:field-0, action:D, timestep:148, reward:-2.758855308079253
==================================================

coord:(27.597553106073125, 0.0, 19.240654522938968)->(27.597553106073125, 0.0, 14.040654713673861)
state:field-0, action:A, timestep:149, reward:2.758855308079253
==================================================

coord:(27.597553106073125, 0.0, 14.040654713673861)->(27.597553106073125, 0.0, 8.840654904408689)
state:field-0, action:A, timestep:150, reward:-2.6919890579602117
==================================================

coord:(27.597553106073125, 0.0, 8.840654904408689)->(23.92059804170133, 0.1677273441881482, 12.517609968780379)
state:field-0, action:SD, timestep:151, reward:4.795811582690462
==================================================

coord:(23.92059804170133, 0.1677273441881482, 12.517609968780379)->(23.92059804170133, 0.1677273441881482, 12.517609968780379)
state:field-0, action:Wait, timestep:152, reward:-0.0
==================================================

coord:(23.92059804170133, 0.1677273441881482, 12.517609968780379)->(24.655989054575688, 0.0, 11.78221895590604)
state:field-0, action:WA, timestep:153, reward:-0.8188030821308536
==================================================

coord:(24.655989054575688, 0.0, 11.78221895590604)->(28.332944118947484, 0.0, 15.45917402027773)
state:field-0, action:WD, timestep:154, reward:-2.25928142111093
==================================================

coord:(28.332944118947484, 0.0, 15.45917402027773)->(24.655989054575688, 0.0, 19.13612908464951)
state:field-0, action:SD, timestep:155, reward:-0.605806464778726
==================================================

coord:(24.655989054575688, 0.0, 19.13612908464951)->(29.855988863840754, 0.0, 19.13612908464951)
state:field-0, action:W, timestep:156, reward:-2.611399514819281
==================================================

coord:(29.855988863840754, 0.0, 19.13612908464951)->(29.855988863840754, 0.0, 19.13612908464951)
state:field-0, action:Wait, timestep:157, reward:-0.0
==================================================

coord:(29.855988863840754, 0.0, 19.13612908464951)->(26.179033799468957, 0.0, 22.813084149021307)
state:field-0, action:SD, timestep:158, reward:-1.2892204960780917
==================================================

coord:(26.179033799468957, 0.0, 22.813084149021307)->(31.379033608734023, 0.0, 22.813084149021307)
state:field-0, action:W, timestep:159, reward:-2.415900801669215
==================================================

coord:(31.379033608734023, 0.0, 22.813084149021307)->(31.379033608734023, 0.0, 22.813084149021307)
state:field-0, action:Wait, timestep:160, reward:-0.0
==================================================

coord:(31.379033608734023, 0.0, 22.813084149021307)->(27.702078544362227, 0.0, 26.490039213393104)
state:field-0, action:SD, timestep:161, reward:-1.5327713304812978
==================================================

coord:(27.702078544362227, 0.0, 26.490039213393104)->(27.702078544362227, 0.0, 26.490039213393104)
state:field-0, action:Wait, timestep:162, reward:-0.0
==================================================

coord:(27.702078544362227, 0.0, 26.490039213393104)->(32.90207835362733, 0.0, 26.490039213393104)
state:field-0, action:W, timestep:163, reward:-2.310655615533781
==================================================

coord:(32.90207835362733, 0.0, 26.490039213393104)->(32.90207835362733, 0.0, 21.290039404128038)
state:field-0, action:A, timestep:164, reward:3.8316409432712604
==================================================

coord:(32.90207835362733, 0.0, 21.290039404128038)->(29.225123289255585, 0.0, 24.966994468499834)
state:field-0, action:SD, timestep:165, reward:-0.6419644624827328
==================================================

coord:(29.225123289255585, 0.0, 24.966994468499834)->(34.42512309852075, 0.0, 24.966994468499834)
state:field-0, action:W, timestep:166, reward:-2.983240899033703
==================================================

coord:(34.42512309852075, 0.0, 24.966994468499834)->(30.748168034149092, 0.0, 28.64394953287163)
state:field-0, action:SD, timestep:167, reward:-0.9926258311927487
==================================================

coord:(30.748168034149092, 0.0, 28.64394953287163)->(30.748168034149092, 0.0, 28.64394953287163)
state:field-0, action:Wait, timestep:168, reward:-0.0
==================================================

coord:(30.748168034149092, 0.0, 28.64394953287163)->(30.748168034149092, 0.0, 28.64394953287163)
state:field-0, action:Wait, timestep:169, reward:-0.0
==================================================

coord:(30.748168034149092, 0.0, 28.64394953287163)->(27.071212969777296, 0.0, 24.966994468499834)
state:field-0, action:SA, timestep:170, reward:4.735077252259716
==================================================

coord:(27.071212969777296, 0.0, 24.966994468499834)->(21.87121316051223, 0.0, 24.966994468499834)
state:field-0, action:S, timestep:171, reward:0.2172200578429475
==================================================

coord:(21.87121316051223, 0.0, 24.966994468499834)->(25.548168224884027, 0.0, 21.290039404128038)
state:field-0, action:WA, timestep:172, reward:3.7190750049263945
==================================================

coord:(25.548168224884027, 0.0, 21.290039404128038)->(30.748168034149092, 0.0, 21.290039404128038)
state:field-0, action:W, timestep:173, reward:-2.4812869341920676
==================================================

coord:(30.748168034149092, 0.0, 21.290039404128038)->(30.748168034149092, 0.0, 16.090039594862972)
state:field-0, action:A, timestep:174, reward:2.869483358740675
==================================================

coord:(30.748168034149092, 0.0, 16.090039594862972)->(25.548168224884027, 0.0, 16.090039594862972)
state:field-0, action:S, timestep:175, reward:4.463441791666741
==================================================

coord:(25.548168224884027, 0.0, 16.090039594862972)->(29.225123289255823, 0.0, 12.41308453049128)
state:field-0, action:WA, timestep:176, reward:-2.859810048296995
==================================================

coord:(29.225123289255823, 0.0, 12.41308453049128)->(25.548168224884027, 0.0, 16.090039594862972)
state:field-0, action:SD, timestep:177, reward:2.859810048296995
==================================================

coord:(25.548168224884027, 0.0, 16.090039594862972)->(25.548168224884027, 0.0, 10.890039785597802)
state:field-0, action:A, timestep:178, reward:-0.8730214684348505
==================================================

coord:(25.548168224884027, 0.0, 10.890039785597802)->(20.34816841561896, 1.0288070658048412, 10.890039785597802)
state:field-0, action:S, timestep:179, reward:-1.4317281289205206
==================================================

coord:(20.34816841561896, 1.0288070658048412, 10.890039785597802)->(22.514835002812738, 0.47185147183337944, 10.890039785597802)
state:field-0, action:W, timestep:180, reward:1.4271925137529489
==================================================

coord:(22.514835002812738, 0.47185147183337944, 10.890039785597802)->(21.96329174315697, 0.5319693870097271, 11.441583045253555)
state:field-0, action:SD, timestep:181, reward:0.1654301319227236
==================================================

coord:(21.96329174315697, 0.5319693870097271, 11.441583045253555)->(22.45355241840654, 0.47185147183337944, 10.951322370003997)
state:field-0, action:WA, timestep:182, reward:-0.13777525176405714
==================================================

coord:(22.45355241840654, 0.47185147183337944, 10.951322370003997)->(23.92688569769831, 0.3054995004315967, 10.951322370003997)
state:field-0, action:W, timestep:183, reward:0.3860626795042186
==================================================

coord:(23.92688569769831, 0.3054995004315967, 10.951322370003997)->(23.92688569769831, 0.3054995004315967, 10.951322370003997)
state:field-0, action:Wait, timestep:184, reward:-0.0
==================================================

coord:(23.92688569769831, 0.3054995004315967, 10.951322370003997)->(24.784841879385063, 0.0, 11.809278551690724)
state:field-0, action:WD, timestep:185, reward:0.7377520250358844
==================================================

coord:(24.784841879385063, 0.0, 11.809278551690724)->(28.46179694375686, 0.0, 15.486233616062414)
state:field-0, action:WD, timestep:186, reward:-2.3757544477409454
==================================================

coord:(28.46179694375686, 0.0, 15.486233616062414)->(28.46179694375686, 0.0, 10.286233806797242)
state:field-0, action:A, timestep:187, reward:-1.102322843552673
==================================================

coord:(28.46179694375686, 0.0, 10.286233806797242)->(32.13875200812865, 0.0, 13.963188871168931)
state:field-0, action:WD, timestep:188, reward:-2.333691733571311
==================================================

coord:(32.13875200812865, 0.0, 13.963188871168931)->(32.13875200812865, 0.0, 8.76318906190376)
state:field-0, action:A, timestep:189, reward:-1.5391538465645258
==================================================

coord:(32.13875200812865, 0.0, 8.76318906190376)->(26.93875219886358, 0.0, 8.76318906190376)
state:field-0, action:S, timestep:190, reward:3.6729534408080227
==================================================

coord:(26.93875219886358, 0.0, 8.76318906190376)->(26.93875219886358, 0.0, 13.963188871168931)
state:field-0, action:D, timestep:191, reward:3.0660529209002854
==================================================

coord:(26.93875219886358, 0.0, 13.963188871168931)->(23.261797134491783, 0.3054995004315967, 10.286233806797242)
state:field-0, action:SA, timestep:192, reward:-0.8597450409568181
==================================================

coord:(23.261797134491783, 0.3054995004315967, 10.286233806797242)->(25.168463731222307, 0.0, 10.286233806797242)
state:field-0, action:W, timestep:193, reward:-0.09451852894989221
==================================================

coord:(25.168463731222307, 0.0, 10.286233806797242)->(25.168463731222307, 0.0, 10.286233806797242)
state:field-0, action:Wait, timestep:194, reward:-0.0
==================================================

coord:(25.168463731222307, 0.0, 10.286233806797242)->(23.084855861411622, 0.1677273441881482, 12.369841676607866)
state:field-0, action:SD, timestep:195, reward:2.016270706438068
==================================================

coord:(23.084855861411622, 0.1677273441881482, 12.369841676607866)->(24.904855794654395, 0.0, 12.369841676607866)
state:field-0, action:W, timestep:196, reward:0.012523896195706818
==================================================

coord:(24.904855794654395, 0.0, 12.369841676607866)->(24.904855794654395, 0.0, 17.569841485873006)
state:field-0, action:D, timestep:197, reward:-1.8182826361177646
==================================================

coord:(24.904855794654395, 0.0, 17.569841485873006)->(19.70485598538933, 0.0, 17.569841485873006)
state:field-0, action:S, timestep:198, reward:-1.9022482296734715
==================================================

coord:(19.70485598538933, 0.0, 17.569841485873006)->(19.70485598538933, 0.7973722527372349, 12.369841676607866)
state:field-0, action:A, timestep:199, reward:0.9222064926826858
==================================================

coord:(19.70485598538933, 0.7973722527372349, 12.369841676607866)->(21.236920595544245, 0.0, 13.901906286762737)
state:field-0, action:WD, timestep:200, reward:1.8979559827328192
==================================================

coord:(21.236920595544245, 0.0, 13.901906286762737)->(21.236920595544245, 0.0, 13.901906286762737)
state:field-0, action:Wait, timestep:201, reward:-0.0
==================================================

coord:(21.236920595544245, 0.0, 13.901906286762737)->(23.32052846535493, 0.2297827132494319, 11.818298416952112)
state:field-0, action:WA, timestep:202, reward:0.46823492405830436
==================================================

coord:(23.32052846535493, 0.2297827132494319, 11.818298416952112)->(23.8720717250107, 0.1677273441881482, 12.369841676607866)
state:field-0, action:WD, timestep:203, reward:0.6528351119547935
==================================================

coord:(23.8720717250107, 0.1677273441881482, 12.369841676607866)->(23.8720717250107, 0.1677273441881482, 12.369841676607866)
state:field-0, action:Wait, timestep:204, reward:-0.0
==================================================

coord:(23.8720717250107, 0.1677273441881482, 12.369841676607866)->(23.8720717250107, 0.1677273441881482, 12.369841676607866)
state:field-0, action:Wait, timestep:205, reward:-0.0
==================================================

coord:(23.8720717250107, 0.1677273441881482, 12.369841676607866)->(22.58513745248057, 0.0, 13.656775949137957)
state:field-0, action:SD, timestep:206, reward:0.1878521333094254
==================================================

coord:(22.58513745248057, 0.0, 13.656775949137957)->(27.785137261745636, 0.0, 13.656775949137957)
state:field-0, action:W, timestep:207, reward:-2.344768702670928
==================================================

coord:(27.785137261745636, 0.0, 13.656775949137957)->(24.10818219737384, 0.0, 9.979820884766267)
state:field-0, action:SA, timestep:208, reward:-0.22096780130230398
==================================================

coord:(24.10818219737384, 0.0, 9.979820884766267)->(24.10818219737384, 0.0, 15.17982069403144)
state:field-0, action:D, timestep:209, reward:2.836864303502397
==================================================

coord:(24.10818219737384, 0.0, 15.17982069403144)->(24.10818219737384, 0.0, 15.17982069403144)
state:field-0, action:Wait, timestep:210, reward:-0.0
==================================================

coord:(24.10818219737384, 0.0, 15.17982069403144)->(24.10818219737384, 0.0, 15.17982069403144)
state:field-0, action:Wait, timestep:211, reward:-0.0
==================================================

coord:(24.10818219737384, 0.0, 15.17982069403144)->(24.10818219737384, 0.0, 9.979820884766267)
state:field-0, action:A, timestep:212, reward:-2.836864303502397
==================================================

coord:(24.10818219737384, 0.0, 9.979820884766267)->(24.10818219737384, 0.0, 15.17982069403144)
state:field-0, action:D, timestep:213, reward:2.836864303502397
==================================================

coord:(24.10818219737384, 0.0, 15.17982069403144)->(24.10818219737384, 0.0, 9.979820884766267)
state:field-0, action:A, timestep:214, reward:-2.836864303502397
==================================================

coord:(24.10818219737384, 0.0, 9.979820884766267)->(24.10818219737384, 0.0, 9.979820884766267)
state:field-0, action:Wait, timestep:215, reward:-0.0
==================================================

coord:(24.10818219737384, 0.0, 9.979820884766267)->(24.10818219737384, 0.0, 15.17982069403144)
state:field-0, action:D, timestep:216, reward:2.836864303502397
==================================================

coord:(24.10818219737384, 0.0, 15.17982069403144)->(24.10818219737384, 0.0, 15.17982069403144)
state:field-0, action:Wait, timestep:217, reward:-0.0
==================================================

coord:(24.10818219737384, 0.0, 15.17982069403144)->(24.10818219737384, 0.0, 9.979820884766267)
state:field-0, action:A, timestep:218, reward:-2.836864303502397
==================================================

coord:(24.10818219737384, 0.0, 9.979820884766267)->(29.308182006638905, 0.0, 9.979820884766267)
state:field-0, action:W, timestep:219, reward:-2.6370918975079185
==================================================

coord:(29.308182006638905, 0.0, 9.979820884766267)->(32.98513707101064, 0.0, 13.656775949137957)
state:field-0, action:WD, timestep:220, reward:-2.332963774696334
==================================================

coord:(32.98513707101064, 0.0, 13.656775949137957)->(32.98513707101064, 0.0, 13.656775949137957)
state:field-0, action:Wait, timestep:221, reward:-0.0
==================================================

coord:(32.98513707101064, 0.0, 13.656775949137957)->(32.98513707101064, 0.0, 8.456776139872785)
state:field-0, action:A, timestep:222, reward:-1.5657726091450073
==================================================

coord:(32.98513707101064, 0.0, 8.456776139872785)->(29.3081820066389, 0.0, 12.133731204244475)
state:field-0, action:SD, timestep:223, reward:4.9307624875349925
==================================================

coord:(29.3081820066389, 0.0, 12.133731204244475)->(29.3081820066389, 0.0, 12.133731204244475)
state:field-0, action:Wait, timestep:224, reward:-0.0
==================================================

coord:(29.3081820066389, 0.0, 12.133731204244475)->(29.3081820066389, 0.0, 17.33373101350962)
state:field-0, action:D, timestep:225, reward:-0.6415179167941663
==================================================

coord:(29.3081820066389, 0.0, 17.33373101350962)->(25.631226942267105, 0.0, 13.656775949137893)
state:field-0, action:SA, timestep:226, reward:4.60127360677463
==================================================

coord:(25.631226942267105, 0.0, 13.656775949137893)->(25.631226942267105, 0.0, 13.656775949137893)
state:field-0, action:Wait, timestep:227, reward:-0.0
==================================================

coord:(25.631226942267105, 0.0, 13.656775949137893)->(20.43122713300204, 0.0, 13.656775949137893)
state:field-0, action:S, timestep:228, reward:-1.9182949992262928
==================================================

coord:(20.43122713300204, 0.0, 13.656775949137893)->(22.330987249594134, 0.3549050368181814, 11.757015832545854)
state:field-0, action:WA, timestep:229, reward:0.7669884602966373
==================================================

coord:(22.330987249594134, 0.3549050368181814, 11.757015832545854)->(23.188943431280887, 0.1677273441881482, 12.614972014232581)
state:field-0, action:WD, timestep:230, reward:1.2044828942893515
==================================================

coord:(23.188943431280887, 0.1677273441881482, 12.614972014232581)->(24.7210080414358, 0.0, 11.08290740407771)
state:field-0, action:WA, timestep:231, reward:-1.3911081576965736
==================================================

coord:(24.7210080414358, 0.0, 11.08290740407771)->(24.7210080414358, 0.0, 11.08290740407771)
state:field-0, action:Wait, timestep:232, reward:-0.0
==================================================

coord:(24.7210080414358, 0.0, 11.08290740407771)->(28.397963105807598, 0.0, 14.7598624684494)
state:field-0, action:WD, timestep:233, reward:-1.4582470579578013
==================================================

coord:(28.397963105807598, 0.0, 14.7598624684494)->(23.197963296542532, 0.0, 14.7598624684494)
state:field-0, action:S, timestep:234, reward:3.3582913527063467
==================================================

coord:(23.197963296542532, 0.0, 14.7598624684494)->(26.87491836091433, 0.0, 11.08290740407771)
state:field-0, action:WA, timestep:235, reward:-2.990846751763438
==================================================

coord:(26.87491836091433, 0.0, 11.08290740407771)->(21.674918551649263, 0.5319693870097271, 11.08290740407771)
state:field-0, action:S, timestep:236, reward:0.3275991275388557
==================================================

coord:(21.674918551649263, 0.5319693870097271, 11.08290740407771)->(22.778005070960802, 0.259058997183539, 12.185993923389217)
state:field-0, action:WD, timestep:237, reward:1.565580810519661
==================================================

coord:(22.778005070960802, 0.259058997183539, 12.185993923389217)->(22.778005070960802, 0.0, 14.09266052011978)
state:field-0, action:D, timestep:238, reward:0.9769958673079773
==================================================

coord:(22.778005070960802, 0.0, 14.09266052011978)->(27.978004880225868, 0.0, 14.09266052011978)
state:field-0, action:W, timestep:239, reward:-2.7535809245217546
==================================================

coord:(27.978004880225868, 0.0, 14.09266052011978)->(27.978004880225868, 0.0, 19.292660329384887)
state:field-0, action:D, timestep:240, reward:-2.641850776960479
==================================================

coord:(27.978004880225868, 0.0, 19.292660329384887)->(22.778005070960802, 0.0, 19.292660329384887)
state:field-0, action:S, timestep:241, reward:1.189035855121741
==================================================

coord:(22.778005070960802, 0.0, 19.292660329384887)->(26.4549601353326, 0.0, 15.615705265013103)
state:field-0, action:WA, timestep:242, reward:2.49296488520514
==================================================

coord:(26.4549601353326, 0.0, 15.615705265013103)->(26.4549601353326, 0.0, 10.415705455747931)
state:field-0, action:A, timestep:243, reward:-1.4054873734536466
==================================================

coord:(26.4549601353326, 0.0, 10.415705455747931)->(26.4549601353326, 0.0, 15.615705265013103)
state:field-0, action:D, timestep:244, reward:1.4054873734536466
==================================================

coord:(26.4549601353326, 0.0, 15.615705265013103)->(22.778005070960802, 0.0, 19.292660329384887)
state:field-0, action:SD, timestep:245, reward:-2.49296488520514
==================================================

coord:(22.778005070960802, 0.0, 19.292660329384887)->(22.778005070960802, 0.0, 14.09266052011978)
state:field-0, action:A, timestep:246, reward:4.2063958463604925
==================================================

coord:(22.778005070960802, 0.0, 14.09266052011978)->(27.978004880225868, 0.0, 14.09266052011978)
state:field-0, action:W, timestep:247, reward:-2.7535809245217546
==================================================

coord:(27.978004880225868, 0.0, 14.09266052011978)->(27.978004880225868, 0.0, 8.892660710854608)
state:field-0, action:A, timestep:248, reward:-2.494665960248436
==================================================

coord:(27.978004880225868, 0.0, 8.892660710854608)->(24.30104981585407, 0.0, 12.569615775226298)
state:field-0, action:SD, timestep:249, reward:5.012028279526097
==================================================

coord:(24.30104981585407, 0.0, 12.569615775226298)->(23.197963296542532, 0.0, 13.672702294537805)
state:field-0, action:SD, timestep:250, reward:0.5954729810276375
==================================================

coord:(23.197963296542532, 0.0, 13.672702294537805)->(24.66874532229125, 0.0, 12.201920268789129)
state:field-0, action:WA, timestep:251, reward:-1.05216506008346
==================================================

coord:(24.66874532229125, 0.0, 12.201920268789129)->(23.197963296542532, 0.0, 13.672702294537805)
state:field-0, action:SD, timestep:252, reward:1.05216506008346
==================================================

coord:(23.197963296542532, 0.0, 13.672702294537805)->(24.66874532229125, 0.0, 12.201920268789129)
state:field-0, action:WA, timestep:253, reward:-1.05216506008346
==================================================

coord:(24.66874532229125, 0.0, 12.201920268789129)->(28.345700386663047, 0.0, 15.878875333160819)
state:field-0, action:WD, timestep:254, reward:-2.8160645828965114
==================================================

coord:(28.345700386663047, 0.0, 15.878875333160819)->(28.345700386663047, 0.0, 15.878875333160819)
state:field-0, action:Wait, timestep:255, reward:-0.0
==================================================

coord:(28.345700386663047, 0.0, 15.878875333160819)->(28.345700386663047, 0.0, 15.878875333160819)
state:field-0, action:Wait, timestep:256, reward:-0.0
==================================================

coord:(28.345700386663047, 0.0, 15.878875333160819)->(28.345700386663047, 0.0, 15.878875333160819)
state:timeout-0, action:D, timestep:257, reward:-999999
==================================================

