coord:(33.0, 0.0, 42.0)->(33.0, 0.0, 42.0)
state:field-4, action:Wait, timestep:1, reward:-0.0
==================================================

coord:(33.0, 0.0, 42.0)->(29.70666678746542, 0.0, 42.0)
state:field-4, action:Sj, timestep:2, reward:0.8352625594949252
==================================================

coord:(29.70666678746542, 0.0, 42.0)->(27.37792858002995, 0.0, 39.671261792564664)
state:field-4, action:SAj, timestep:3, reward:2.6830709772407495
==================================================

coord:(27.37792858002995, 0.0, 39.671261792564664)->(29.70666678746542, 0.0, 37.34252358512933)
state:field-4, action:WAj, timestep:4, reward:1.8625789081597084
==================================================

coord:(29.70666678746542, 0.0, 37.34252358512933)->(29.70666678746542, 0.0, 32.54252358512926)
state:field-4, action:Asj, timestep:5, reward:4.629165098919913
==================================================

coord:(29.70666678746542, 0.0, 32.54252358512926)->(29.70666678746542, 0.0, 29.249190372594697)
state:field-4, action:Aj, timestep:6, reward:3.1187946975394425
==================================================

coord:(29.70666678746542, 0.0, 29.249190372594697)->(33.10077918370561, 0.0, 25.855077976354508)
state:field-4, action:WAsj, timestep:7, reward:1.3365406986960444
==================================================

coord:(33.10077918370561, 0.0, 25.855077976354508)->(28.858138688405376, 0.0, 21.612437481054272)
state:field-4, action:SAs, timestep:8, reward:5.914925898915611
==================================================

coord:(28.858138688405376, 0.0, 21.612437481054272)->(25.464026292165187, 0.0, 25.00654987729446)
state:field-3, action:SDsj, timestep:9, reward:-2.0729475352153965
==================================================

coord:(25.464026292165187, 0.0, 25.00654987729446)->(25.464026292165187, 0.0, 19.806550068029395)
state:field-3, action:A, timestep:10, reward:5.115219442524283
==================================================

coord:(25.464026292165187, 0.0, 19.806550068029395)->(25.464026292165187, 0.0, 19.806550068029395)
state:field-3, action:j, timestep:11, reward:-0.0
==================================================

coord:(25.464026292165187, 0.0, 19.806550068029395)->(27.792764499600658, 0.0, 17.477811860593924)
state:field-3, action:WAj, timestep:12, reward:0.8423763470110943
==================================================

coord:(27.792764499600658, 0.0, 17.477811860593924)->(31.469719563972454, 0.0, 13.800856796222192)
state:field-3, action:WA, timestep:13, reward:-2.326478431335752
==================================================

coord:(31.469719563972454, 0.0, 13.800856796222192)->(34.04358810903259, 0.0, 11.226988251162009)
state:field-3, action:WA, timestep:14, reward:-2.946995605608426
==================================================

coord:(34.04358810903259, 0.0, 11.226988251162009)->(34.04358810903259, 1.299999952316284, 11.226988251162009)
state:wall-8, action:W, timestep:15, reward:-0.08078576973553453
==================================================

coord:(34.04358810903259, 1.299999952316284, 11.226988251162009)->(34.04358810903259, 3.899999856948847, 11.226988251162009)
state:wall-8, action:Wj, timestep:16, reward:-0.6251878695842983
==================================================

coord:(34.04358810903259, 3.899999856948847, 11.226988251162009)->(34.04358810903259, 2.599999904632554, 10.976988251162005)
state:wall-7, action:S, timestep:17, reward:0.319221433378889
==================================================

coord:(34.04358810903259, 2.599999904632554, 10.976988251162005)->(34.04358810903259, 5.199999809265126, 10.976988251162005)
state:wall-7, action:Wj, timestep:18, reward:-0.9008106516911507
==================================================

coord:(34.04358810903259, 5.199999809265126, 10.976988251162005)->(34.04358810903259, 6.4999997615813925, 10.976988251162005)
state:wall-7, action:W, timestep:19, reward:-0.632527289549845
==================================================

coord:(34.04358810903259, 6.4999997615813925, 10.976988251162005)->(34.04358810903259, 7.799999713897659, 10.976988251162005)
state:wall-7, action:W, timestep:20, reward:-0.7315871103525957
==================================================

coord:(34.04358810903259, 7.799999713897659, 10.976988251162005)->(34.04358810903259, 10.399999618530195, 11.026988251162006)
state:wall-7, action:Wj, timestep:21, reward:-1.689456601883517
==================================================

coord:(34.04358810903259, 10.399999618530195, 11.026988251162006)->(34.04358810903259, 12.999999523162726, 12.02698825116202)
state:wall-6, action:Wj, timestep:22, reward:-1.7853853213412396
==================================================

coord:(34.04358810903259, 12.999999523162726, 12.02698825116202)->(34.04358810903259, 11.699999570846407, 12.02698825116202)
state:wall-5, action:S, timestep:23, reward:1.0005860411151826
==================================================

coord:(34.04358810903259, 11.699999570846407, 12.02698825116202)->(34.04358810903259, 10.399999618530087, 12.02698825116202)
state:wall-5, action:S, timestep:24, reward:0.9533036041210856
==================================================

coord:(34.04358810903259, 10.399999618530087, 12.02698825116202)->(34.04358810903259, 9.099999666213767, 12.02698825116202)
state:wall-5, action:S, timestep:25, reward:0.896144285851717
==================================================

coord:(34.04358810903259, 9.099999666213767, 12.02698825116202)->(33.97287743411092, 9.163699666658815, 12.097698926083693)
state:field-0, action:SDsj, timestep:26, reward:0.01921659557551969
==================================================

coord:(33.97287743411092, 9.163699666658815, 12.097698926083693)->(33.97287743411092, 10.463699618975134, 13.047698926083706)
state:wall-5, action:W, timestep:27, reward:-0.8097063690704811
==================================================

coord:(33.97287743411092, 10.463699618975134, 13.047698926083706)->(33.97287743411092, 11.763699571291454, 14.047698926083719)
state:wall-5, action:W, timestep:28, reward:-0.9358859831189257
==================================================

coord:(33.97287743411092, 11.763699571291454, 14.047698926083719)->(33.97287743411092, 13.063699523607776, 15.047698926083733)
state:wall-5, action:W, timestep:29, reward:-1.0464127205884495
==================================================

coord:(33.97287743411092, 13.063699523607776, 15.047698926083733)->(33.97287743411092, 11.763699571291456, 15.047698926083733)
state:wall-5, action:S, timestep:30, reward:1.0109399156915266
==================================================

coord:(33.97287743411092, 11.763699571291456, 15.047698926083733)->(33.97287743411092, 13.063699523607776, 16.047698926083747)
state:wall-5, action:W, timestep:31, reward:-1.1046518240883962
==================================================

coord:(33.97287743411092, 13.063699523607776, 16.047698926083747)->(33.97287743411092, 15.663699428240308, 17.04769892608376)
state:wall-5, action:Wj, timestep:32, reward:-2.2551431307378706
==================================================

coord:(33.97287743411092, 15.663699428240308, 17.04769892608376)->(33.97287743411092, 16.010366082191315, 17.04769892608376)
state:wall-5, action:Wj, timestep:33, reward:-0.28953142005745036
==================================================

coord:(33.97287743411092, 16.010366082191315, 17.04769892608376)->(33.97287743411092, 7.86738334622367, 17.04769892608376)
state:air-10, action:Wait, timestep:34, reward:6.044010148602544
==================================================

coord:(33.97287743411092, 7.86738334622367, 17.04769892608376)->(33.97287743411092, 0.0, 17.04769892608376)
state:air-10, action:Wait, timestep:35, reward:2.6348481935458743
==================================================

coord:(33.97287743411092, 0.0, 17.04769892608376)->(33.97287743411092, 0.0, 17.04769892608376)
state:field-0, action:Wait, timestep:36, reward:-0.0
==================================================

coord:(33.97287743411092, 0.0, 17.04769892608376)->(33.97287743411092, 0.0, 11.84769911681861)
state:field-0, action:A, timestep:37, reward:0.22568694902577313
==================================================

coord:(33.97287743411092, 0.0, 11.84769911681861)->(33.97287743411092, 0.0, 11.84769911681861)
state:field-0, action:Wait, timestep:38, reward:-0.0
==================================================

coord:(33.97287743411092, 0.0, 11.84769911681861)->(28.772877624845776, 0.0, 11.84769911681861)
state:field-0, action:S, timestep:39, reward:4.966764560714583
==================================================

coord:(28.772877624845776, 0.0, 11.84769911681861)->(25.09592256047398, 0.0, 8.17074405244692)
state:field-0, action:SA, timestep:40, reward:-0.6956605895142287
==================================================

coord:(25.09592256047398, 0.0, 8.17074405244692)->(28.772877624845776, 0.0, 11.84769911681861)
state:field-0, action:WD, timestep:41, reward:0.6956605895142287
==================================================

coord:(28.772877624845776, 0.0, 11.84769911681861)->(23.57287781558071, 0.2297827132494319, 11.84769911681861)
state:field-0, action:S, timestep:42, reward:3.029448431245525
==================================================

coord:(23.57287781558071, 0.2297827132494319, 11.84769911681861)->(23.57287781558071, 0.2297827132494319, 11.84769911681861)
state:field-0, action:Wait, timestep:43, reward:-0.0
==================================================

coord:(23.57287781558071, 0.2297827132494319, 11.84769911681861)->(23.02133455592494, 0.1677273441881482, 12.399242376474364)
state:field-0, action:SD, timestep:44, reward:0.3225664634970902
==================================================

coord:(23.02133455592494, 0.1677273441881482, 12.399242376474364)->(23.02133455592494, 0.0, 13.872575655766163)
state:field-0, action:D, timestep:45, reward:0.8967786795046929
==================================================

coord:(23.02133455592494, 0.0, 13.872575655766163)->(23.02133455592494, 0.0, 13.872575655766163)
state:field-0, action:Wait, timestep:46, reward:-0.0
==================================================

coord:(23.02133455592494, 0.0, 13.872575655766163)->(23.02133455592494, 0.0, 13.872575655766163)
state:field-0, action:Wait, timestep:47, reward:-0.0
==================================================

coord:(23.02133455592494, 0.0, 13.872575655766163)->(24.614681750486053, 0.0, 12.279228461205097)
state:field-0, action:WA, timestep:48, reward:-0.8403364838516437
==================================================

coord:(24.614681750486053, 0.0, 12.279228461205097)->(24.614681750486053, 0.0, 12.279228461205097)
state:field-0, action:Wait, timestep:49, reward:-0.0
==================================================

coord:(24.614681750486053, 0.0, 12.279228461205097)->(24.614681750486053, 0.0, 12.279228461205097)
state:field-0, action:Wait, timestep:50, reward:-0.0
==================================================

coord:(24.614681750486053, 0.0, 12.279228461205097)->(24.614681750486053, 0.0, 12.279228461205097)
state:field-0, action:Wait, timestep:51, reward:-0.0
==================================================

coord:(24.614681750486053, 0.0, 12.279228461205097)->(28.29163681485785, 0.0, 15.956183525576787)
state:field-0, action:WD, timestep:52, reward:-2.8891768646403158
==================================================

coord:(28.29163681485785, 0.0, 15.956183525576787)->(28.29163681485785, 0.0, 10.756183716311615)
state:field-0, action:A, timestep:53, reward:-0.6631972718722361
==================================================

coord:(28.29163681485785, 0.0, 10.756183716311615)->(28.29163681485785, 0.0, 15.956183525576787)
state:field-0, action:D, timestep:54, reward:0.6631972718722361
==================================================

coord:(28.29163681485785, 0.0, 15.956183525576787)->(24.614681750486053, 0.0, 19.633138589948583)
state:field-0, action:SD, timestep:55, reward:-0.9501366491720535
==================================================

coord:(24.614681750486053, 0.0, 19.633138589948583)->(19.414681941220987, 0.0, 19.633138589948583)
state:field-0, action:S, timestep:56, reward:-1.596852355725387
==================================================

coord:(19.414681941220987, 0.0, 19.633138589948583)->(19.414681941220987, 0.0, 14.433138780683484)
state:field-0, action:A, timestep:57, reward:2.657698171897568
==================================================

coord:(19.414681941220987, 0.0, 14.433138780683484)->(19.414681941220987, 0.0, 14.433138780683484)
state:field-0, action:Wait, timestep:58, reward:-0.0
==================================================

coord:(19.414681941220987, 0.0, 14.433138780683484)->(21.620854979844065, 0.3883051566881053, 12.22696574206047)
state:field-0, action:WA, timestep:59, reward:1.613279322686303
==================================================

coord:(21.620854979844065, 0.3883051566881053, 12.22696574206047)->(21.620854979844065, 0.0, 14.220299002278786)
state:field-0, action:D, timestep:60, reward:0.6031282622406087
==================================================

coord:(21.620854979844065, 0.0, 14.220299002278786)->(26.82085478910913, 0.0, 14.220299002278786)
state:field-0, action:W, timestep:61, reward:-0.44012136765392995
==================================================

coord:(26.82085478910913, 0.0, 14.220299002278786)->(23.143899724737334, 0.0, 17.89725406665053)
state:field-0, action:SD, timestep:62, reward:-1.1607310439525058
==================================================

coord:(23.143899724737334, 0.0, 17.89725406665053)->(23.143899724737334, 0.0, 17.89725406665053)
state:field-0, action:Wait, timestep:63, reward:-0.0
==================================================

coord:(23.143899724737334, 0.0, 17.89725406665053)->(19.466944660365538, 0.0, 14.220299002278786)
state:field-0, action:SA, timestep:64, reward:-0.5482302149913814
==================================================

coord:(19.466944660365538, 0.0, 14.220299002278786)->(19.466944660365538, 0.0, 19.420298811543887)
state:field-0, action:D, timestep:65, reward:-2.5275858118440375
==================================================

coord:(19.466944660365538, 0.0, 19.420298811543887)->(19.466944660365538, 0.0, 14.220299002278784)
state:field-0, action:A, timestep:66, reward:2.5275858118440375
==================================================

coord:(19.466944660365538, 0.0, 14.220299002278784)->(21.673117698988616, 0.3883051566881053, 12.01412596365577)
state:field-0, action:WA, timestep:67, reward:1.4547616706917128
==================================================

coord:(21.673117698988616, 0.3883051566881053, 12.01412596365577)->(21.673117698988616, 0.0, 14.267459214337345)
state:field-0, action:D, timestep:68, reward:0.7414404290652441
==================================================

coord:(21.673117698988616, 0.0, 14.267459214337345)->(21.673117698988616, 0.0, 14.267459214337345)
state:field-0, action:Wait, timestep:69, reward:-0.0
==================================================

coord:(21.673117698988616, 0.0, 14.267459214337345)->(23.450312646768317, 0.1677273441881482, 12.490264266557695)
state:field-0, action:WA, timestep:70, reward:0.726780425394292
==================================================

coord:(23.450312646768317, 0.1677273441881482, 12.490264266557695)->(23.450312646768317, 0.1677273441881482, 12.490264266557695)
state:field-0, action:Wait, timestep:71, reward:-0.0
==================================================

coord:(23.450312646768317, 0.1677273441881482, 12.490264266557695)->(22.16337837423819, 0.0, 13.777198539087786)
state:field-0, action:SD, timestep:72, reward:-0.23466360457248903
==================================================

coord:(22.16337837423819, 0.0, 13.777198539087786)->(27.363378183503254, 0.0, 13.777198539087786)
state:field-0, action:W, timestep:73, reward:-1.5206633179589468
==================================================

coord:(27.363378183503254, 0.0, 13.777198539087786)->(27.363378183503254, 0.0, 18.977198348352896)
state:field-0, action:D, timestep:74, reward:-2.636314194998271
==================================================

coord:(27.363378183503254, 0.0, 18.977198348352896)->(23.686423119131458, 0.0, 22.654153412724693)
state:field-0, action:SD, timestep:75, reward:-2.6527688041673825
==================================================

coord:(23.686423119131458, 0.0, 22.654153412724693)->(23.686423119131458, 0.0, 17.454153603459627)
state:field-0, action:A, timestep:76, reward:5.1914746110542165
==================================================

coord:(23.686423119131458, 0.0, 17.454153603459627)->(27.363378183503254, 0.0, 13.777198539087896)
state:field-0, action:WA, timestep:77, reward:0.09760838811144401
==================================================

coord:(27.363378183503254, 0.0, 13.777198539087896)->(22.16337837423819, 0.0, 13.777198539087896)
state:field-0, action:S, timestep:78, reward:1.5206633179589526
==================================================

coord:(22.16337837423819, 0.0, 13.777198539087896)->(27.363378183503254, 0.0, 13.777198539087896)
state:field-0, action:W, timestep:79, reward:-1.5206633179589526
==================================================

coord:(27.363378183503254, 0.0, 13.777198539087896)->(27.363378183503254, 0.0, 18.977198348353006)
state:field-0, action:D, timestep:80, reward:-2.636314194998369
==================================================

coord:(27.363378183503254, 0.0, 18.977198348353006)->(22.16337837423819, 0.0, 18.977198348353006)
state:field-0, action:S, timestep:81, reward:0.701813403383249
==================================================

coord:(22.16337837423819, 0.0, 18.977198348353006)->(25.840333438609985, 0.0, 15.300243283981231)
state:field-0, action:WA, timestep:82, reward:3.0519285160016008
==================================================

coord:(25.840333438609985, 0.0, 15.300243283981231)->(20.64033362934492, 0.0, 15.300243283981231)
state:field-0, action:S, timestep:83, reward:-1.3491759050535541
==================================================

coord:(20.64033362934492, 0.0, 15.300243283981231)->(20.64033362934492, 0.0, 15.300243283981231)
state:field-0, action:Wait, timestep:84, reward:-0.0
==================================================

coord:(20.64033362934492, 0.0, 15.300243283981231)->(20.64033362934492, 1.0288070658048412, 10.10024347471606)
state:field-0, action:A, timestep:85, reward:-1.6466833351911254
==================================================

coord:(20.64033362934492, 1.0288070658048412, 10.10024347471606)->(22.547000226075443, 0.47185147183337944, 10.10024347471606)
state:field-0, action:W, timestep:86, reward:1.0608696928308854
==================================================

coord:(22.547000226075443, 0.47185147183337944, 10.10024347471606)->(21.01493561592053, 0.5319693870097271, 11.63230808487093)
state:field-0, action:SD, timestep:87, reward:0.34129110599929247
==================================================

coord:(21.01493561592053, 0.5319693870097271, 11.63230808487093)->(21.934174382013477, 0.3883051566881053, 12.551546850963852)
state:field-0, action:WD, timestep:88, reward:1.2942899008499391
==================================================

coord:(21.934174382013477, 0.3883051566881053, 12.551546850963852)->(22.547000226075443, 0.3549050368181814, 11.938721006901904)
state:field-0, action:WA, timestep:89, reward:0.005960561946992904
==================================================

coord:(22.547000226075443, 0.3549050368181814, 11.938721006901904)->(23.76033351490396, 0.2297827132494319, 11.938721006901904)
state:field-0, action:W, timestep:90, reward:0.45892145451082733
==================================================

coord:(23.76033351490396, 0.2297827132494319, 11.938721006901904)->(23.76033351490396, 0.2297827132494319, 11.938721006901904)
state:field-0, action:Wait, timestep:91, reward:-0.0
==================================================

coord:(23.76033351490396, 0.2297827132494319, 11.938721006901904)->(24.973666803732474, 0.0, 11.938721006901904)
state:field-0, action:W, timestep:92, reward:-0.19182215565132665
==================================================

coord:(24.973666803732474, 0.0, 11.938721006901904)->(24.973666803732474, 0.0, 17.13872081616705)
state:field-0, action:D, timestep:93, reward:-1.0066031683109227
==================================================

coord:(24.973666803732474, 0.0, 17.13872081616705)->(24.973666803732474, 0.0, 11.938721006901902)
state:field-0, action:A, timestep:94, reward:1.0066031683109213
==================================================

coord:(24.973666803732474, 0.0, 11.938721006901902)->(24.973666803732474, 0.0, 17.13872081616705)
state:field-0, action:D, timestep:95, reward:-1.0066031683109213
==================================================

coord:(24.973666803732474, 0.0, 17.13872081616705)->(21.296711739360678, 0.0, 13.46176575179533)
state:field-0, action:SA, timestep:96, reward:0.5299241133931365
==================================================

coord:(21.296711739360678, 0.0, 13.46176575179533)->(22.583646011890806, 0.259058997183539, 12.174831479265238)
state:field-0, action:WA, timestep:97, reward:0.4316109118693059
==================================================

coord:(22.583646011890806, 0.259058997183539, 12.174831479265238)->(23.502884777983756, 0.2297827132494319, 11.255592713172316)
state:field-0, action:WA, timestep:98, reward:-0.4737778082258113
==================================================

coord:(23.502884777983756, 0.2297827132494319, 11.255592713172316)->(23.502884777983756, 0.1677273441881482, 12.555592665488609)
state:field-0, action:D, timestep:99, reward:1.2617769848854445
==================================================

coord:(23.502884777983756, 0.1677273441881482, 12.555592665488609)->(24.66725388170149, 0.0, 11.391223561770907)
state:field-0, action:WA, timestep:100, reward:-1.156017783218143
==================================================

coord:(24.66725388170149, 0.0, 11.391223561770907)->(24.66725388170149, 0.0, 16.59122337103607)
state:field-0, action:D, timestep:101, reward:0.017002092028327365
==================================================

coord:(24.66725388170149, 0.0, 16.59122337103607)->(24.66725388170149, 0.0, 11.391223561770907)
state:field-0, action:A, timestep:102, reward:-0.017002092028327365
==================================================

coord:(24.66725388170149, 0.0, 11.391223561770907)->(22.399798258672217, 0.0, 13.658679184800116)
state:field-0, action:SD, timestep:103, reward:1.0565588747933532
==================================================

coord:(22.399798258672217, 0.0, 13.658679184800116)->(22.399798258672217, 0.0, 13.658679184800116)
state:field-0, action:Wait, timestep:104, reward:-0.0
==================================================

coord:(22.399798258672217, 0.0, 13.658679184800116)->(22.399798258672217, 0.0, 13.658679184800116)
state:field-0, action:Wait, timestep:105, reward:-0.0
==================================================

coord:(22.399798258672217, 0.0, 13.658679184800116)->(24.66725388170149, 0.0, 11.391223561770907)
state:field-0, action:WA, timestep:106, reward:-1.0565588747933532
==================================================

coord:(24.66725388170149, 0.0, 11.391223561770907)->(24.66725388170149, 0.0, 11.391223561770907)
state:field-0, action:Wait, timestep:107, reward:-0.0
==================================================

coord:(24.66725388170149, 0.0, 11.391223561770907)->(22.399798258672217, 0.0, 13.658679184800116)
state:field-0, action:SD, timestep:108, reward:1.0565588747933532
==================================================

coord:(22.399798258672217, 0.0, 13.658679184800116)->(24.66725388170149, 0.0, 11.391223561770907)
state:field-0, action:WA, timestep:109, reward:-1.0565588747933532
==================================================

coord:(24.66725388170149, 0.0, 11.391223561770907)->(22.399798258672217, 0.0, 13.658679184800116)
state:field-0, action:SD, timestep:110, reward:1.0565588747933532
==================================================

coord:(22.399798258672217, 0.0, 13.658679184800116)->(27.599798067937282, 0.0, 13.658679184800116)
state:field-0, action:W, timestep:111, reward:-1.9797448170407743
==================================================

coord:(27.599798067937282, 0.0, 13.658679184800116)->(27.599798067937282, 0.0, 18.85867899406523)
state:field-0, action:D, timestep:112, reward:-2.4309821636975686
==================================================

coord:(27.599798067937282, 0.0, 18.85867899406523)->(22.399798258672217, 0.0, 18.85867899406523)
state:field-0, action:S, timestep:113, reward:0.9315166758149891
==================================================

coord:(22.399798258672217, 0.0, 18.85867899406523)->(22.399798258672217, 0.0, 13.658679184800114)
state:field-0, action:A, timestep:114, reward:3.4792103049233534
==================================================

coord:(22.399798258672217, 0.0, 13.658679184800114)->(24.66725388170149, 0.0, 11.391223561770905)
state:field-0, action:WA, timestep:115, reward:-1.0565588747933548
==================================================

coord:(24.66725388170149, 0.0, 11.391223561770905)->(28.344208946073287, 0.0, 15.068178626142595)
state:field-0, action:WD, timestep:116, reward:-1.7808493354556387
==================================================

coord:(28.344208946073287, 0.0, 15.068178626142595)->(24.66725388170149, 0.0, 18.745133690514365)
state:field-0, action:SD, timestep:117, reward:-0.31821147711986786
==================================================

coord:(24.66725388170149, 0.0, 18.745133690514365)->(28.344208946073287, 0.0, 15.068178626142597)
state:field-0, action:WA, timestep:118, reward:0.31821147711986697
==================================================

coord:(28.344208946073287, 0.0, 15.068178626142597)->(24.66725388170149, 0.0, 11.391223561770907)
state:field-0, action:SA, timestep:119, reward:1.7808493354556414
==================================================

coord:(24.66725388170149, 0.0, 11.391223561770907)->(28.344208946073287, 0.0, 15.068178626142597)
state:field-0, action:WD, timestep:120, reward:-1.7808493354556414
==================================================

coord:(28.344208946073287, 0.0, 15.068178626142597)->(24.66725388170149, 0.0, 18.745133690514365)
state:field-0, action:SD, timestep:121, reward:-0.31821147711986697
==================================================

coord:(24.66725388170149, 0.0, 18.745133690514365)->(24.66725388170149, 0.0, 18.745133690514365)
state:field-0, action:Wait, timestep:122, reward:-0.0
==================================================

coord:(24.66725388170149, 0.0, 18.745133690514365)->(19.467254072436425, 0.0, 18.745133690514365)
state:field-0, action:S, timestep:123, reward:-1.7703521444014658
==================================================

coord:(19.467254072436425, 0.0, 18.745133690514365)->(19.467254072436425, 0.0, 18.745133690514365)
state:field-0, action:Wait, timestep:124, reward:-0.0
==================================================

coord:(19.467254072436425, 0.0, 18.745133690514365)->(23.14420913680822, 0.0, 15.068178626142597)
state:field-0, action:WA, timestep:125, reward:5.1934542928356535
==================================================

coord:(23.14420913680822, 0.0, 15.068178626142597)->(26.821164201180018, 0.0, 11.391223561770907)
state:field-0, action:WA, timestep:126, reward:-2.473767793253301
==================================================

coord:(26.821164201180018, 0.0, 11.391223561770907)->(26.821164201180018, 0.0, 11.391223561770907)
state:field-0, action:Wait, timestep:127, reward:-0.0
==================================================

coord:(26.821164201180018, 0.0, 11.391223561770907)->(26.821164201180018, 0.0, 11.391223561770907)
state:field-0, action:Wait, timestep:128, reward:-0.0
==================================================

coord:(26.821164201180018, 0.0, 11.391223561770907)->(23.14420913680822, 0.0, 15.068178626142597)
state:field-0, action:SD, timestep:129, reward:2.473767793253301
==================================================

coord:(23.14420913680822, 0.0, 15.068178626142597)->(26.821164201180018, 0.0, 11.391223561770907)
state:field-0, action:WA, timestep:130, reward:-2.473767793253301
==================================================

coord:(26.821164201180018, 0.0, 11.391223561770907)->(30.498119265551814, 0.0, 15.068178626142597)
state:field-0, action:WD, timestep:131, reward:-2.7428452898399067
==================================================

coord:(30.498119265551814, 0.0, 15.068178626142597)->(25.29811945628675, 0.0, 15.068178626142597)
state:field-0, action:S, timestep:132, reward:4.904222426948669
==================================================

coord:(25.29811945628675, 0.0, 15.068178626142597)->(25.29811945628675, 0.0, 15.068178626142597)
state:field-0, action:Wait, timestep:133, reward:-0.0
==================================================

coord:(25.29811945628675, 0.0, 15.068178626142597)->(21.621164391914952, 0.5319693870097271, 11.391223561770907)
state:field-0, action:SA, timestep:134, reward:-1.8892665103940418
==================================================

coord:(21.621164391914952, 0.5319693870097271, 11.391223561770907)->(22.92116434423122, 0.3549050368181814, 11.391223561770907)
state:field-0, action:W, timestep:135, reward:0.7251037110318332
==================================================

coord:(22.92116434423122, 0.3549050368181814, 11.391223561770907)->(22.92116434423122, 0.259058997183539, 12.6912235140872)
state:field-0, action:D, timestep:136, reward:1.1294915814309108
==================================================

coord:(22.92116434423122, 0.259058997183539, 12.6912235140872)->(22.92116434423122, 0.0, 14.077890129891246)
state:field-0, action:D, timestep:137, reward:0.6341341373493943
==================================================

coord:(22.92116434423122, 0.0, 14.077890129891246)->(22.92116434423122, 0.0, 14.077890129891246)
state:field-0, action:Wait, timestep:138, reward:-0.0
==================================================

coord:(22.92116434423122, 0.0, 14.077890129891246)->(22.92116434423122, 0.0, 14.077890129891246)
state:field-0, action:Wait, timestep:139, reward:-0.0
==================================================

coord:(22.92116434423122, 0.0, 14.077890129891246)->(22.92116434423122, 0.0, 14.077890129891246)
state:field-0, action:Wait, timestep:140, reward:-0.0
==================================================

coord:(22.92116434423122, 0.0, 14.077890129891246)->(22.92116434423122, 0.0, 14.077890129891246)
state:field-0, action:Wait, timestep:141, reward:-0.0
==================================================

coord:(22.92116434423122, 0.0, 14.077890129891246)->(22.92116434423122, 0.0, 14.077890129891246)
state:field-0, action:Wait, timestep:142, reward:-0.0
==================================================

coord:(22.92116434423122, 0.0, 14.077890129891246)->(22.92116434423122, 0.0, 14.077890129891246)
state:field-0, action:Wait, timestep:143, reward:-0.0
==================================================

coord:(22.92116434423122, 0.0, 14.077890129891246)->(22.92116434423122, 0.0, 14.077890129891246)
state:field-0, action:Wait, timestep:144, reward:-0.0
==================================================

coord:(22.92116434423122, 0.0, 14.077890129891246)->(22.92116434423122, 0.0, 14.077890129891246)
state:field-0, action:Wait, timestep:145, reward:-0.0
==================================================

coord:(22.92116434423122, 0.0, 14.077890129891246)->(22.92116434423122, 0.0, 14.077890129891246)
state:field-0, action:Wait, timestep:146, reward:-0.0
==================================================

coord:(22.92116434423122, 0.0, 14.077890129891246)->(22.92116434423122, 0.0, 14.077890129891246)
state:field-0, action:Wait, timestep:147, reward:-0.0
==================================================

coord:(22.92116434423122, 0.0, 14.077890129891246)->(22.92116434423122, 0.0, 14.077890129891246)
state:field-0, action:Wait, timestep:148, reward:-0.0
==================================================

coord:(22.92116434423122, 0.0, 14.077890129891246)->(22.92116434423122, 0.0, 14.077890129891246)
state:field-0, action:Wait, timestep:149, reward:-0.0
==================================================

coord:(22.92116434423122, 0.0, 14.077890129891246)->(22.92116434423122, 0.0, 14.077890129891246)
state:field-0, action:Wait, timestep:150, reward:-0.0
==================================================

coord:(22.92116434423122, 0.0, 14.077890129891246)->(22.92116434423122, 0.0, 14.077890129891246)
state:field-0, action:Wait, timestep:151, reward:-0.0
==================================================

coord:(22.92116434423122, 0.0, 14.077890129891246)->(22.92116434423122, 0.0, 14.077890129891246)
state:field-0, action:Wait, timestep:152, reward:-0.0
==================================================

coord:(22.92116434423122, 0.0, 14.077890129891246)->(22.92116434423122, 0.0, 14.077890129891246)
state:field-0, action:Wait, timestep:153, reward:-0.0
==================================================

coord:(22.92116434423122, 0.0, 14.077890129891246)->(22.92116434423122, 0.0, 14.077890129891246)
state:field-0, action:Wait, timestep:154, reward:-0.0
==================================================

coord:(22.92116434423122, 0.0, 14.077890129891246)->(22.92116434423122, 0.0, 14.077890129891246)
state:field-0, action:Wait, timestep:155, reward:-0.0
==================================================

coord:(22.92116434423122, 0.0, 14.077890129891246)->(22.92116434423122, 0.0, 14.077890129891246)
state:field-0, action:Wait, timestep:156, reward:-0.0
==================================================

coord:(22.92116434423122, 0.0, 14.077890129891246)->(22.92116434423122, 0.0, 14.077890129891246)
state:field-0, action:Wait, timestep:157, reward:-0.0
==================================================

coord:(22.92116434423122, 0.0, 14.077890129891246)->(22.92116434423122, 0.0, 14.077890129891246)
state:field-0, action:Wait, timestep:158, reward:-0.0
==================================================

coord:(22.92116434423122, 0.0, 14.077890129891246)->(22.92116434423122, 0.0, 14.077890129891246)
state:field-0, action:Wait, timestep:159, reward:-0.0
==================================================

coord:(22.92116434423122, 0.0, 14.077890129891246)->(22.92116434423122, 0.0, 14.077890129891246)
state:field-0, action:Wait, timestep:160, reward:-0.0
==================================================

coord:(22.92116434423122, 0.0, 14.077890129891246)->(22.92116434423122, 0.0, 14.077890129891246)
state:field-0, action:Wait, timestep:161, reward:-0.0
==================================================

coord:(22.92116434423122, 0.0, 14.077890129891246)->(22.92116434423122, 0.0, 14.077890129891246)
state:field-0, action:Wait, timestep:162, reward:-0.0
==================================================

coord:(22.92116434423122, 0.0, 14.077890129891246)->(22.92116434423122, 0.0, 14.077890129891246)
state:field-0, action:Wait, timestep:163, reward:-0.0
==================================================

coord:(22.92116434423122, 0.0, 14.077890129891246)->(22.92116434423122, 0.0, 14.077890129891246)
state:field-0, action:Wait, timestep:164, reward:-0.0
==================================================

coord:(22.92116434423122, 0.0, 14.077890129891246)->(22.92116434423122, 0.0, 14.077890129891246)
state:field-0, action:Wait, timestep:165, reward:-0.0
==================================================

coord:(22.92116434423122, 0.0, 14.077890129891246)->(22.92116434423122, 0.0, 14.077890129891246)
state:field-0, action:Wait, timestep:166, reward:-0.0
==================================================

coord:(22.92116434423122, 0.0, 14.077890129891246)->(22.92116434423122, 0.0, 14.077890129891246)
state:field-0, action:Wait, timestep:167, reward:-0.0
==================================================

coord:(22.92116434423122, 0.0, 14.077890129891246)->(22.92116434423122, 0.0, 14.077890129891246)
state:field-0, action:Wait, timestep:168, reward:-0.0
==================================================

coord:(22.92116434423122, 0.0, 14.077890129891246)->(22.92116434423122, 0.0, 14.077890129891246)
state:field-0, action:Wait, timestep:169, reward:-0.0
==================================================

coord:(22.92116434423122, 0.0, 14.077890129891246)->(22.92116434423122, 0.0, 14.077890129891246)
state:field-0, action:Wait, timestep:170, reward:-0.0
==================================================

coord:(22.92116434423122, 0.0, 14.077890129891246)->(22.92116434423122, 0.0, 14.077890129891246)
state:field-0, action:Wait, timestep:171, reward:-0.0
==================================================

coord:(22.92116434423122, 0.0, 14.077890129891246)->(22.92116434423122, 0.0, 14.077890129891246)
state:field-0, action:Wait, timestep:172, reward:-0.0
==================================================

coord:(22.92116434423122, 0.0, 14.077890129891246)->(22.92116434423122, 0.0, 14.077890129891246)
state:field-0, action:Wait, timestep:173, reward:-0.0
==================================================

coord:(22.92116434423122, 0.0, 14.077890129891246)->(22.92116434423122, 0.0, 14.077890129891246)
state:field-0, action:Wait, timestep:174, reward:-0.0
==================================================

coord:(22.92116434423122, 0.0, 14.077890129891246)->(22.92116434423122, 0.0, 14.077890129891246)
state:field-0, action:Wait, timestep:175, reward:-0.0
==================================================

coord:(22.92116434423122, 0.0, 14.077890129891246)->(22.92116434423122, 0.0, 14.077890129891246)
state:field-0, action:Wait, timestep:176, reward:-0.0
==================================================

coord:(22.92116434423122, 0.0, 14.077890129891246)->(22.92116434423122, 0.0, 14.077890129891246)
state:field-0, action:Wait, timestep:177, reward:-0.0
==================================================

coord:(22.92116434423122, 0.0, 14.077890129891246)->(22.92116434423122, 0.0, 14.077890129891246)
state:field-0, action:Wait, timestep:178, reward:-0.0
==================================================

coord:(22.92116434423122, 0.0, 14.077890129891246)->(22.92116434423122, 0.0, 14.077890129891246)
state:field-0, action:Wait, timestep:179, reward:-0.0
==================================================

coord:(22.92116434423122, 0.0, 14.077890129891246)->(22.92116434423122, 0.0, 14.077890129891246)
state:field-0, action:Wait, timestep:180, reward:-0.0
==================================================

coord:(22.92116434423122, 0.0, 14.077890129891246)->(22.92116434423122, 0.0, 14.077890129891246)
state:field-0, action:Wait, timestep:181, reward:-0.0
==================================================

coord:(22.92116434423122, 0.0, 14.077890129891246)->(22.92116434423122, 0.0, 14.077890129891246)
state:field-0, action:Wait, timestep:182, reward:-0.0
==================================================

coord:(22.92116434423122, 0.0, 14.077890129891246)->(22.92116434423122, 0.0, 14.077890129891246)
state:field-0, action:Wait, timestep:183, reward:-0.0
==================================================

coord:(22.92116434423122, 0.0, 14.077890129891246)->(22.92116434423122, 0.0, 14.077890129891246)
state:field-0, action:Wait, timestep:184, reward:-0.0
==================================================

coord:(22.92116434423122, 0.0, 14.077890129891246)->(22.92116434423122, 0.0, 14.077890129891246)
state:field-0, action:Wait, timestep:185, reward:-0.0
==================================================

coord:(22.92116434423122, 0.0, 14.077890129891246)->(22.92116434423122, 0.0, 14.077890129891246)
state:field-0, action:Wait, timestep:186, reward:-0.0
==================================================

coord:(22.92116434423122, 0.0, 14.077890129891246)->(22.92116434423122, 0.0, 14.077890129891246)
state:field-0, action:Wait, timestep:187, reward:-0.0
==================================================

coord:(22.92116434423122, 0.0, 14.077890129891246)->(22.92116434423122, 0.0, 14.077890129891246)
state:field-0, action:Wait, timestep:188, reward:-0.0
==================================================

coord:(22.92116434423122, 0.0, 14.077890129891246)->(22.92116434423122, 0.0, 14.077890129891246)
state:field-0, action:Wait, timestep:189, reward:-0.0
==================================================

coord:(22.92116434423122, 0.0, 14.077890129891246)->(22.92116434423122, 0.0, 14.077890129891246)
state:field-0, action:Wait, timestep:190, reward:-0.0
==================================================

coord:(22.92116434423122, 0.0, 14.077890129891246)->(22.92116434423122, 0.0, 14.077890129891246)
state:field-0, action:Wait, timestep:191, reward:-0.0
==================================================

coord:(22.92116434423122, 0.0, 14.077890129891246)->(22.92116434423122, 0.0, 14.077890129891246)
state:field-0, action:Wait, timestep:192, reward:-0.0
==================================================

coord:(22.92116434423122, 0.0, 14.077890129891246)->(22.92116434423122, 0.0, 14.077890129891246)
state:field-0, action:Wait, timestep:193, reward:-0.0
==================================================

coord:(22.92116434423122, 0.0, 14.077890129891246)->(22.92116434423122, 0.0, 14.077890129891246)
state:field-0, action:Wait, timestep:194, reward:-0.0
==================================================

coord:(22.92116434423122, 0.0, 14.077890129891246)->(22.92116434423122, 0.0, 14.077890129891246)
state:field-0, action:Wait, timestep:195, reward:-0.0
==================================================

coord:(22.92116434423122, 0.0, 14.077890129891246)->(22.92116434423122, 0.0, 14.077890129891246)
state:field-0, action:Wait, timestep:196, reward:-0.0
==================================================

coord:(22.92116434423122, 0.0, 14.077890129891246)->(22.92116434423122, 0.0, 14.077890129891246)
state:field-0, action:Wait, timestep:197, reward:-0.0
==================================================

coord:(22.92116434423122, 0.0, 14.077890129891246)->(22.92116434423122, 0.0, 14.077890129891246)
state:field-0, action:Wait, timestep:198, reward:-0.0
==================================================

coord:(22.92116434423122, 0.0, 14.077890129891246)->(22.92116434423122, 0.0, 14.077890129891246)
state:field-0, action:Wait, timestep:199, reward:-0.0
==================================================

coord:(22.92116434423122, 0.0, 14.077890129891246)->(22.92116434423122, 0.0, 14.077890129891246)
state:field-0, action:Wait, timestep:200, reward:-0.0
==================================================

coord:(22.92116434423122, 0.0, 14.077890129891246)->(22.92116434423122, 0.0, 14.077890129891246)
state:field-0, action:Wait, timestep:201, reward:-0.0
==================================================

coord:(22.92116434423122, 0.0, 14.077890129891246)->(22.92116434423122, 0.0, 14.077890129891246)
state:field-0, action:Wait, timestep:202, reward:-0.0
==================================================

coord:(22.92116434423122, 0.0, 14.077890129891246)->(22.92116434423122, 0.0, 14.077890129891246)
state:field-0, action:Wait, timestep:203, reward:-0.0
==================================================

coord:(22.92116434423122, 0.0, 14.077890129891246)->(22.92116434423122, 0.0, 14.077890129891246)
state:field-0, action:Wait, timestep:204, reward:-0.0
==================================================

coord:(22.92116434423122, 0.0, 14.077890129891246)->(22.92116434423122, 0.0, 14.077890129891246)
state:field-0, action:Wait, timestep:205, reward:-0.0
==================================================

coord:(22.92116434423122, 0.0, 14.077890129891246)->(22.92116434423122, 0.0, 14.077890129891246)
state:field-0, action:Wait, timestep:206, reward:-0.0
==================================================

coord:(22.92116434423122, 0.0, 14.077890129891246)->(22.92116434423122, 0.0, 14.077890129891246)
state:field-0, action:Wait, timestep:207, reward:-0.0
==================================================

coord:(22.92116434423122, 0.0, 14.077890129891246)->(22.92116434423122, 0.0, 14.077890129891246)
state:field-0, action:Wait, timestep:208, reward:-0.0
==================================================

coord:(22.92116434423122, 0.0, 14.077890129891246)->(22.92116434423122, 0.0, 14.077890129891246)
state:field-0, action:Wait, timestep:209, reward:-0.0
==================================================

coord:(22.92116434423122, 0.0, 14.077890129891246)->(22.92116434423122, 0.0, 14.077890129891246)
state:field-0, action:Wait, timestep:210, reward:-0.0
==================================================

coord:(22.92116434423122, 0.0, 14.077890129891246)->(22.92116434423122, 0.0, 14.077890129891246)
state:field-0, action:Wait, timestep:211, reward:-0.0
==================================================

coord:(22.92116434423122, 0.0, 14.077890129891246)->(22.92116434423122, 0.0, 14.077890129891246)
state:field-0, action:Wait, timestep:212, reward:-0.0
==================================================

coord:(22.92116434423122, 0.0, 14.077890129891246)->(22.92116434423122, 0.0, 14.077890129891246)
state:field-0, action:Wait, timestep:213, reward:-0.0
==================================================

coord:(22.92116434423122, 0.0, 14.077890129891246)->(22.92116434423122, 0.0, 14.077890129891246)
state:field-0, action:Wait, timestep:214, reward:-0.0
==================================================

coord:(22.92116434423122, 0.0, 14.077890129891246)->(22.92116434423122, 0.0, 14.077890129891246)
state:field-0, action:Wait, timestep:215, reward:-0.0
==================================================

coord:(22.92116434423122, 0.0, 14.077890129891246)->(22.92116434423122, 0.0, 14.077890129891246)
state:field-0, action:Wait, timestep:216, reward:-0.0
==================================================

coord:(22.92116434423122, 0.0, 14.077890129891246)->(22.92116434423122, 0.0, 14.077890129891246)
state:field-0, action:Wait, timestep:217, reward:-0.0
==================================================

coord:(22.92116434423122, 0.0, 14.077890129891246)->(22.92116434423122, 0.0, 14.077890129891246)
state:field-0, action:Wait, timestep:218, reward:-0.0
==================================================

coord:(22.92116434423122, 0.0, 14.077890129891246)->(22.92116434423122, 0.0, 14.077890129891246)
state:field-0, action:Wait, timestep:219, reward:-0.0
==================================================

coord:(22.92116434423122, 0.0, 14.077890129891246)->(22.92116434423122, 0.0, 14.077890129891246)
state:field-0, action:Wait, timestep:220, reward:-0.0
==================================================

coord:(22.92116434423122, 0.0, 14.077890129891246)->(22.92116434423122, 0.0, 14.077890129891246)
state:field-0, action:Wait, timestep:221, reward:-0.0
==================================================

coord:(22.92116434423122, 0.0, 14.077890129891246)->(22.92116434423122, 0.0, 14.077890129891246)
state:field-0, action:Wait, timestep:222, reward:-0.0
==================================================

coord:(22.92116434423122, 0.0, 14.077890129891246)->(22.92116434423122, 0.0, 14.077890129891246)
state:field-0, action:Wait, timestep:223, reward:-0.0
==================================================

coord:(22.92116434423122, 0.0, 14.077890129891246)->(22.92116434423122, 0.0, 14.077890129891246)
state:field-0, action:Wait, timestep:224, reward:-0.0
==================================================

coord:(22.92116434423122, 0.0, 14.077890129891246)->(22.92116434423122, 0.0, 14.077890129891246)
state:field-0, action:Wait, timestep:225, reward:-0.0
==================================================

coord:(22.92116434423122, 0.0, 14.077890129891246)->(22.92116434423122, 0.0, 14.077890129891246)
state:field-0, action:Wait, timestep:226, reward:-0.0
==================================================

coord:(22.92116434423122, 0.0, 14.077890129891246)->(22.92116434423122, 0.0, 14.077890129891246)
state:field-0, action:Wait, timestep:227, reward:-0.0
==================================================

coord:(22.92116434423122, 0.0, 14.077890129891246)->(22.92116434423122, 0.0, 14.077890129891246)
state:field-0, action:Wait, timestep:228, reward:-0.0
==================================================

coord:(22.92116434423122, 0.0, 14.077890129891246)->(22.92116434423122, 0.0, 14.077890129891246)
state:field-0, action:Wait, timestep:229, reward:-0.0
==================================================

coord:(22.92116434423122, 0.0, 14.077890129891246)->(22.92116434423122, 0.0, 14.077890129891246)
state:field-0, action:Wait, timestep:230, reward:-0.0
==================================================

coord:(22.92116434423122, 0.0, 14.077890129891246)->(22.92116434423122, 0.0, 14.077890129891246)
state:field-0, action:Wait, timestep:231, reward:-0.0
==================================================

coord:(22.92116434423122, 0.0, 14.077890129891246)->(22.92116434423122, 0.0, 14.077890129891246)
state:field-0, action:Wait, timestep:232, reward:-0.0
==================================================

coord:(22.92116434423122, 0.0, 14.077890129891246)->(22.92116434423122, 0.0, 14.077890129891246)
state:field-0, action:Wait, timestep:233, reward:-0.0
==================================================

coord:(22.92116434423122, 0.0, 14.077890129891246)->(22.92116434423122, 0.0, 14.077890129891246)
state:field-0, action:Wait, timestep:234, reward:-0.0
==================================================

coord:(22.92116434423122, 0.0, 14.077890129891246)->(22.92116434423122, 0.0, 14.077890129891246)
state:field-0, action:Wait, timestep:235, reward:-0.0
==================================================

coord:(22.92116434423122, 0.0, 14.077890129891246)->(22.92116434423122, 0.0, 14.077890129891246)
state:field-0, action:Wait, timestep:236, reward:-0.0
==================================================

coord:(22.92116434423122, 0.0, 14.077890129891246)->(22.92116434423122, 0.0, 14.077890129891246)
state:field-0, action:Wait, timestep:237, reward:-0.0
==================================================

coord:(22.92116434423122, 0.0, 14.077890129891246)->(22.92116434423122, 0.0, 14.077890129891246)
state:field-0, action:Wait, timestep:238, reward:-0.0
==================================================

coord:(22.92116434423122, 0.0, 14.077890129891246)->(22.92116434423122, 0.0, 14.077890129891246)
state:field-0, action:Wait, timestep:239, reward:-0.0
==================================================

coord:(22.92116434423122, 0.0, 14.077890129891246)->(22.92116434423122, 0.0, 14.077890129891246)
state:field-0, action:Wait, timestep:240, reward:-0.0
==================================================

coord:(22.92116434423122, 0.0, 14.077890129891246)->(22.92116434423122, 0.0, 14.077890129891246)
state:field-0, action:Wait, timestep:241, reward:-0.0
==================================================

coord:(22.92116434423122, 0.0, 14.077890129891246)->(22.92116434423122, 0.0, 14.077890129891246)
state:field-0, action:Wait, timestep:242, reward:-0.0
==================================================

coord:(22.92116434423122, 0.0, 14.077890129891246)->(22.92116434423122, 0.0, 14.077890129891246)
state:field-0, action:Wait, timestep:243, reward:-0.0
==================================================

coord:(22.92116434423122, 0.0, 14.077890129891246)->(22.92116434423122, 0.0, 14.077890129891246)
state:field-0, action:Wait, timestep:244, reward:-0.0
==================================================

coord:(22.92116434423122, 0.0, 14.077890129891246)->(22.92116434423122, 0.0, 14.077890129891246)
state:field-0, action:Wait, timestep:245, reward:-0.0
==================================================

coord:(22.92116434423122, 0.0, 14.077890129891246)->(22.92116434423122, 0.0, 14.077890129891246)
state:field-0, action:Wait, timestep:246, reward:-0.0
==================================================

coord:(22.92116434423122, 0.0, 14.077890129891246)->(22.92116434423122, 0.0, 14.077890129891246)
state:field-0, action:Wait, timestep:247, reward:-0.0
==================================================

coord:(22.92116434423122, 0.0, 14.077890129891246)->(22.92116434423122, 0.0, 14.077890129891246)
state:field-0, action:Wait, timestep:248, reward:-0.0
==================================================

coord:(22.92116434423122, 0.0, 14.077890129891246)->(22.92116434423122, 0.0, 14.077890129891246)
state:field-0, action:Wait, timestep:249, reward:-0.0
==================================================

coord:(22.92116434423122, 0.0, 14.077890129891246)->(22.92116434423122, 0.0, 14.077890129891246)
state:field-0, action:Wait, timestep:250, reward:-0.0
==================================================

coord:(22.92116434423122, 0.0, 14.077890129891246)->(22.92116434423122, 0.0, 14.077890129891246)
state:field-0, action:Wait, timestep:251, reward:-0.0
==================================================

coord:(22.92116434423122, 0.0, 14.077890129891246)->(22.92116434423122, 0.0, 14.077890129891246)
state:field-0, action:Wait, timestep:252, reward:-0.0
==================================================

coord:(22.92116434423122, 0.0, 14.077890129891246)->(22.92116434423122, 0.0, 14.077890129891246)
state:field-0, action:Wait, timestep:253, reward:-0.0
==================================================

coord:(22.92116434423122, 0.0, 14.077890129891246)->(22.92116434423122, 0.0, 14.077890129891246)
state:field-0, action:Wait, timestep:254, reward:-0.0
==================================================

coord:(22.92116434423122, 0.0, 14.077890129891246)->(22.92116434423122, 0.0, 14.077890129891246)
state:field-0, action:Wait, timestep:255, reward:-0.0
==================================================

coord:(22.92116434423122, 0.0, 14.077890129891246)->(22.92116434423122, 0.0, 14.077890129891246)
state:field-0, action:Wait, timestep:256, reward:-0.0
==================================================

coord:(22.92116434423122, 0.0, 14.077890129891246)->(22.92116434423122, 0.0, 14.077890129891246)
state:timeout-0, action:Wait, timestep:257, reward:-999999
==================================================

