coord:(45.0, 0.0, 27.0)->(45.0, 0.0, 27.0)
state:field-4, action:Wait, timestep:1, reward:-0.0
==================================================

coord:(45.0, 0.0, 27.0)->(43.95819606509472, 0.7820944485425934, 28.041803934905342)
state:field-4, action:SDj, timestep:2, reward:1.3603559681404462
==================================================

coord:(43.95819606509472, 0.7820944485425934, 28.041803934905342)->(43.95819606509472, 2.082094400858875, 28.041803934905342)
state:wall-9, action:W, timestep:3, reward:-0.0451805032498811
==================================================

coord:(43.95819606509472, 2.082094400858875, 28.041803934905342)->(43.95819606509472, 0.7820944485425935, 28.041803934905342)
state:wall-9, action:S, timestep:4, reward:0.0451805032498811
==================================================

coord:(43.95819606509472, 0.7820944485425935, 28.041803934905342)->(43.95819606509472, 2.082094400858875, 28.041803934905342)
state:wall-9, action:W, timestep:5, reward:-0.0451805032498811
==================================================

coord:(43.95819606509472, 2.082094400858875, 28.041803934905342)->(43.95819606509472, 4.682094305491441, 28.041803934905342)
state:wall-9, action:Wj, timestep:6, reward:-0.21273458391442546
==================================================

coord:(43.95819606509472, 4.682094305491441, 28.041803934905342)->(43.85819606509472, 6.114419448209594, 28.041803934905342)
state:field-4, action:Ssj, timestep:7, reward:-0.09499445851744781
==================================================

coord:(43.85819606509472, 6.114419448209594, 28.041803934905342)->(47.05819606509476, 4.930252781542927, 28.041803934905342)
state:field-4, action:Ws, timestep:8, reward:-2.788816997472182
==================================================

coord:(47.05819606509476, 4.930252781542927, 28.041803934905342)->(47.05819606509476, 6.230252733859193, 29.041803934905356)
state:wall-9, action:W, timestep:9, reward:0.18547052670242437
==================================================

coord:(47.05819606509476, 6.230252733859193, 29.041803934905356)->(47.05819606509476, 5.726246389641082, 30.515137214197125)
state:field-4, action:D, timestep:10, reward:0.5463383304647209
==================================================

coord:(47.05819606509476, 5.726246389641082, 30.515137214197125)->(46.97152940160701, 6.5826547034430805, 30.515137214197125)
state:field-4, action:Sj, timestep:11, reward:-0.039348091222350945
==================================================

coord:(46.97152940160701, 6.5826547034430805, 30.515137214197125)->(50.01208842323884, 6.863588055913481, 33.55569623582896)
state:field-4, action:WDsj, timestep:12, reward:-2.119112850380567
==================================================

