coord:(45.0, 0.0, 27.0)->(45.0, 0.0, 27.0)
state:field-4, action:Wait, timestep:1, reward:-0.0
==================================================

coord:(45.0, 0.0, 27.0)->(43.95819606509472, 0.7820944485425934, 28.041803934905342)
state:field-4, action:SDj, timestep:2, reward:1.3603559681404462
==================================================

coord:(43.95819606509472, 0.7820944485425934, 28.041803934905342)->(43.95819606509472, 2.082094400858875, 28.041803934905342)
state:wall-9, action:W, timestep:3, reward:-0.0451805032498811
==================================================

coord:(43.95819606509472, 2.082094400858875, 28.041803934905342)->(43.95819606509472, 0.7820944485425935, 28.041803934905342)
state:wall-9, action:S, timestep:4, reward:0.0451805032498811
==================================================

coord:(43.95819606509472, 0.7820944485425935, 28.041803934905342)->(43.95819606509472, 2.082094400858875, 28.041803934905342)
state:wall-9, action:W, timestep:5, reward:-0.0451805032498811
==================================================

coord:(43.95819606509472, 2.082094400858875, 28.041803934905342)->(43.95819606509472, 4.682094305491441, 28.041803934905342)
state:wall-9, action:Wj, timestep:6, reward:-0.21273458391442546
==================================================

coord:(43.95819606509472, 4.682094305491441, 28.041803934905342)->(43.85819606509472, 6.114419448209594, 28.041803934905342)
state:field-4, action:Ssj, timestep:7, reward:-0.09499445851744781
==================================================

coord:(43.85819606509472, 6.114419448209594, 28.041803934905342)->(47.05819606509476, 4.930252781542927, 28.041803934905342)
state:field-4, action:Ws, timestep:8, reward:-2.788816997472182
==================================================

coord:(47.05819606509476, 4.930252781542927, 28.041803934905342)->(47.05819606509476, 6.230252733859193, 29.041803934905356)
state:wall-9, action:W, timestep:9, reward:0.18547052670242437
==================================================

coord:(47.05819606509476, 6.230252733859193, 29.041803934905356)->(47.05819606509476, 5.726246389641082, 30.515137214197125)
state:field-4, action:D, timestep:10, reward:0.5463383304647209
==================================================

coord:(47.05819606509476, 5.726246389641082, 30.515137214197125)->(46.97152940160701, 6.5826547034430805, 30.515137214197125)
state:field-4, action:Sj, timestep:11, reward:-0.039348091222350945
==================================================

coord:(46.97152940160701, 6.5826547034430805, 30.515137214197125)->(45.93152943975395, 7.4440763512527575, 30.515137214197125)
state:field-4, action:Sj, timestep:12, reward:0.8336723381250053
==================================================

coord:(45.93152943975395, 7.4440763512527575, 30.515137214197125)->(45.43655471530226, 8.842691238533474, 31.01011193864882)
state:field-4, action:SDsj, timestep:13, reward:0.3473331384435099
==================================================

coord:(45.43655471530226, 8.842691238533474, 31.01011193864882)->(44.93655471530225, 9.837231823287057, 31.01011193864882)
state:field-3, action:Ssj, timestep:14, reward:0.24342633949882497
==================================================

coord:(44.93655471530225, 9.837231823287057, 31.01011193864882)->(44.93655471530225, 9.714731823287059, 29.910111938648804)
state:field-3, action:As, timestep:15, reward:-0.32325358946460625
==================================================

coord:(44.93655471530225, 9.714731823287059, 29.910111938648804)->(44.93655471530225, 12.314731727919593, 30.010111938648805)
state:wall-8, action:Wj, timestep:16, reward:-0.6355789250496713
==================================================

coord:(44.93655471530225, 12.314731727919593, 30.010111938648805)->(44.93655471530225, 14.914731632552126, 31.01011193864882)
state:wall-8, action:Wj, timestep:17, reward:-0.5045732030686452
==================================================

coord:(44.93655471530225, 14.914731632552126, 31.01011193864882)->(44.93655471530225, 13.614731680235806, 31.01011193864882)
state:wall-7, action:S, timestep:18, reward:0.42670817891544743
==================================================

coord:(44.93655471530225, 13.614731680235806, 31.01011193864882)->(44.93655471530225, 16.214731584868346, 32.01011193864883)
state:wall-7, action:Wj, timestep:19, reward:-0.6036775646523509
==================================================

coord:(44.93655471530225, 16.214731584868346, 32.01011193864883)->(44.93655471530225, 17.51473153718456, 33.01011193864878)
state:wall-6, action:W, timestep:20, reward:-0.23731703908727297
==================================================

coord:(44.93655471530225, 17.51473153718456, 33.01011193864878)->(44.93655471530225, 18.814731489500772, 34.01011193864872)
state:wall-6, action:W, timestep:21, reward:-0.29669666080644674
==================================================

coord:(44.93655471530225, 18.814731489500772, 34.01011193864872)->(44.93655471530225, 17.51473153718456, 34.01011193864872)
state:wall-6, action:S, timestep:22, reward:0.5352822982276777
==================================================

coord:(44.93655471530225, 17.51473153718456, 34.01011193864872)->(44.93655471530225, 20.1147314418172, 35.01011193864866)
state:wall-6, action:Wj, timestep:23, reward:-0.890177198523844
==================================================

coord:(44.93655471530225, 20.1147314418172, 35.01011193864866)->(44.93655471530225, 18.814731489500986, 35.01011193864866)
state:wall-6, action:S, timestep:24, reward:0.569230709460065
==================================================

coord:(44.93655471530225, 18.814731489500986, 35.01011193864866)->(43.87589459147719, 19.484398162843373, 33.949451814823604)
state:field-1, action:SAsj, timestep:25, reward:0.40518574728450574
==================================================

coord:(43.87589459147719, 19.484398162843373, 33.949451814823604)->(43.87589459147719, 22.084398067476013, 34.0494518148236)
state:wall-6, action:Wj, timestep:26, reward:-1.1956240160810978
==================================================

coord:(43.87589459147719, 22.084398067476013, 34.0494518148236)->(43.87589459147719, 23.384398019792226, 35.04945181482354)
state:wall-5, action:W, timestep:27, reward:-0.44496414845794874
==================================================

coord:(43.87589459147719, 23.384398019792226, 35.04945181482354)->(43.87589459147719, 24.68439797210844, 36.049451814823485)
state:wall-5, action:W, timestep:28, reward:-0.499284457549102
==================================================

coord:(43.87589459147719, 24.68439797210844, 36.049451814823485)->(43.87589459147719, 23.384398019792226, 36.049451814823485)
state:wall-5, action:S, timestep:29, reward:0.685786404918467
==================================================

coord:(43.87589459147719, 23.384398019792226, 36.049451814823485)->(43.87589459147719, 22.084398067476013, 36.049451814823485)
state:wall-5, action:S, timestep:30, reward:0.6584054395883712
==================================================

coord:(43.87589459147719, 22.084398067476013, 36.049451814823485)->(39.633254096176955, 21.088064760845562, 40.29209231012372)
state:field-0, action:SDsj, timestep:31, reward:4.688695210190332
==================================================

coord:(39.633254096176955, 21.088064760845562, 40.29209231012372)->(39.633254096176955, 20.0, 40.29209231012372)
state:air-10, action:Wait, timestep:32, reward:0.5646453362220782
==================================================

coord:(39.633254096176955, 20.0, 40.29209231012372)->(35.95629903180537, 20.0, 36.61513724575214)
state:field-0, action:SA, timestep:33, reward:2.5373692145110454
==================================================

coord:(35.95629903180537, 20.0, 36.61513724575214)->(38.039906901615936, 20.0, 34.531529375941574)
state:field-0, action:WA, timestep:34, reward:-2.1700990893809475
==================================================

coord:(38.039906901615936, 20.0, 34.531529375941574)->(38.039906901615936, 20.0, 34.531529375941574)
state:field-0, action:Wait, timestep:35, reward:-0.0
==================================================

coord:(38.039906901615936, 20.0, 34.531529375941574)->(37.54964622636639, 20.0, 35.02179005119112)
state:field-0, action:SD, timestep:36, reward:0.5199152597720698
==================================================

coord:(37.54964622636639, 20.0, 35.02179005119112)->(37.54964622636639, 20.0, 35.02179005119112)
state:field-0, action:Wait, timestep:37, reward:-0.0
==================================================

coord:(37.54964622636639, 20.0, 35.02179005119112)->(41.226601290737975, 20.0, 38.6987451155627)
state:field-0, action:WD, timestep:38, reward:-2.4350064742427904
==================================================

coord:(41.226601290737975, 20.0, 38.6987451155627)->(37.54964622636639, 20.0, 35.02179005119112)
state:field-0, action:SA, timestep:39, reward:2.4350064742427904
==================================================

coord:(37.54964622636639, 20.0, 35.02179005119112)->(41.226601290737975, 20.0, 38.6987451155627)
state:field-0, action:WD, timestep:40, reward:-2.4350064742427904
==================================================

coord:(41.226601290737975, 20.0, 38.6987451155627)->(37.54964622636639, 20.0, 42.375700179934285)
state:field-0, action:SD, timestep:41, reward:3.4635153884456216
==================================================

coord:(37.54964622636639, 20.0, 42.375700179934285)->(37.54964622636639, 20.0, 47.57569998919956)
state:field-0, action:D, timestep:42, reward:-0.1354494606674379
==================================================

coord:(37.54964622636639, 20.0, 47.57569998919956)->(33.87269116199481, 20.0, 43.89874492482798)
state:field-0, action:SA, timestep:43, reward:3.219600565506383
==================================================

coord:(33.87269116199481, 20.0, 43.89874492482798)->(33.87269116199481, 19.910802916269017, 46.67207815643613)
state:field-0, action:D, timestep:44, reward:-0.05198982230687221
==================================================

coord:(33.87269116199481, 19.910802916269017, 46.67207815643613)->(32.1567787986214, 20.0, 44.95616579306272)
state:field-0, action:SA, timestep:45, reward:1.4172001683584838
==================================================

coord:(32.1567787986214, 20.0, 44.95616579306272)->(32.1567787986214, 20.0, 39.756165983797445)
state:field-0, action:A, timestep:46, reward:-0.25848038086448355
==================================================

coord:(32.1567787986214, 20.0, 39.756165983797445)->(32.1567787986214, 20.0, 44.95616579306272)
state:field-0, action:D, timestep:47, reward:0.25848038086448355
==================================================

coord:(32.1567787986214, 20.0, 44.95616579306272)->(33.014734980308106, 20.0, 45.814121974749426)
state:field-0, action:WD, timestep:48, reward:-0.720632350939141
==================================================

coord:(33.014734980308106, 20.0, 45.814121974749426)->(33.014734980308106, 20.0, 45.814121974749426)
state:field-0, action:Wait, timestep:49, reward:-0.0
==================================================

coord:(33.014734980308106, 20.0, 45.814121974749426)->(33.014734980308106, 20.0, 45.814121974749426)
state:field-0, action:Wait, timestep:50, reward:-0.0
==================================================

coord:(33.014734980308106, 20.0, 45.814121974749426)->(33.68884340877623, 19.910802916269017, 46.48823040321755)
state:field-0, action:WD, timestep:51, reward:-0.5337219336403152
==================================================

coord:(33.68884340877623, 19.910802916269017, 46.48823040321755)->(32.1567787986214, 20.0, 44.95616579306272)
state:field-0, action:SA, timestep:52, reward:1.2543542845794562
==================================================

coord:(32.1567787986214, 20.0, 44.95616579306272)->(32.1567787986214, 20.0, 39.756165983797445)
state:field-0, action:A, timestep:53, reward:-0.25848038086448355
==================================================

coord:(32.1567787986214, 20.0, 39.756165983797445)->(35.833733862992986, 20.0, 43.43312104816903)
state:field-0, action:WD, timestep:54, reward:-2.722557721141918
==================================================

coord:(35.833733862992986, 20.0, 43.43312104816903)->(35.833733862992986, 20.0, 43.43312104816903)
state:field-0, action:Wait, timestep:55, reward:-0.0
==================================================

coord:(35.833733862992986, 20.0, 43.43312104816903)->(32.1567787986214, 20.0, 39.756165983797445)
state:field-0, action:SA, timestep:56, reward:2.722557721141918
==================================================

coord:(32.1567787986214, 20.0, 39.756165983797445)->(32.1567787986214, 20.0, 39.756165983797445)
state:field-0, action:Wait, timestep:57, reward:-0.0
==================================================

coord:(32.1567787986214, 20.0, 39.756165983797445)->(35.833733862992986, 20.0, 43.43312104816903)
state:field-0, action:WD, timestep:58, reward:-2.722557721141918
==================================================

coord:(35.833733862992986, 20.0, 43.43312104816903)->(35.833733862992986, 20.0, 38.23312123890375)
state:field-0, action:A, timestep:59, reward:-0.4555458105213148
==================================================

coord:(35.833733862992986, 20.0, 38.23312123890375)->(32.1567787986214, 20.0, 41.91007630327533)
state:field-0, action:SD, timestep:60, reward:3.3842052147393957
==================================================

coord:(32.1567787986214, 20.0, 41.91007630327533)->(31.543952954559444, 19.910802916269017, 42.52290214733726)
state:field-0, action:SD, timestep:61, reward:0.5721929111276367
==================================================

coord:(31.543952954559444, 19.910802916269017, 42.52290214733726)->(31.543952954559444, 19.910802916269017, 40.356235560143396)
state:field-0, action:A, timestep:62, reward:-0.1706626278951333
==================================================

coord:(31.543952954559444, 19.910802916269017, 40.356235560143396)->(32.03421362980902, 20.0, 39.86597488489385)
state:field-0, action:WA, timestep:63, reward:-0.49725364997971155
==================================================

coord:(32.03421362980902, 20.0, 39.86597488489385)->(31.543952954559444, 19.910802916269017, 40.356235560143396)
state:field-0, action:SD, timestep:64, reward:0.49725364997971155
==================================================

coord:(31.543952954559444, 19.910802916269017, 40.356235560143396)->(35.220908018931055, 20.0, 44.03319062451498)
state:field-0, action:WD, timestep:65, reward:-2.818348965370916
==================================================

coord:(35.220908018931055, 20.0, 44.03319062451498)->(31.543952954559444, 19.910802916269017, 40.356235560143396)
state:field-0, action:SA, timestep:66, reward:2.818348965370916
==================================================

coord:(31.543952954559444, 19.910802916269017, 40.356235560143396)->(31.543952954559444, 19.910802916269017, 40.356235560143396)
state:field-0, action:Wait, timestep:67, reward:-0.0
==================================================

coord:(31.543952954559444, 19.910802916269017, 40.356235560143396)->(31.543952954559444, 19.910802916269017, 40.356235560143396)
state:field-0, action:Wait, timestep:68, reward:-0.0
==================================================

coord:(31.543952954559444, 19.910802916269017, 40.356235560143396)->(32.03421362980902, 20.0, 39.86597488489385)
state:field-0, action:WA, timestep:69, reward:-0.49725364997971155
==================================================

coord:(32.03421362980902, 20.0, 39.86597488489385)->(31.543952954559444, 19.910802916269017, 40.356235560143396)
state:field-0, action:SD, timestep:70, reward:0.49725364997971155
==================================================

coord:(31.543952954559444, 19.910802916269017, 40.356235560143396)->(31.543952954559444, 19.910802916269017, 42.60956881082502)
state:field-0, action:D, timestep:71, reward:0.1744955533694892
==================================================

coord:(31.543952954559444, 19.910802916269017, 42.60956881082502)->(31.543952954559444, 19.910802916269017, 42.60956881082502)
state:field-0, action:Wait, timestep:72, reward:-0.0
==================================================

coord:(31.543952954559444, 19.910802916269017, 42.60956881082502)->(32.03421362980902, 20.0, 43.09982948607456)
state:field-0, action:WD, timestep:73, reward:-0.4248255483044403
==================================================

coord:(32.03421362980902, 20.0, 43.09982948607456)->(32.03421362980902, 20.0, 37.89982967680928)
state:field-0, action:A, timestep:74, reward:-0.5495983706489582
==================================================

coord:(32.03421362980902, 20.0, 37.89982967680928)->(32.03421362980902, 19.586979750815075, 37.89982967680928)
state:air-10, action:Wait, timestep:75, reward:0.2457303055927227
==================================================

coord:(32.03421362980902, 19.586979750815075, 37.89982967680928)->(35.7111686941806, 20.0, 41.576784741180866)
state:field-0, action:WD, timestep:76, reward:-2.7516595441584784
==================================================

coord:(35.7111686941806, 20.0, 41.576784741180866)->(32.03421362980902, 19.972396668691633, 45.25373980555245)
state:field-0, action:SD, timestep:77, reward:3.0607319642862336
==================================================

coord:(32.03421362980902, 19.972396668691633, 45.25373980555245)->(32.03421362980902, 19.586979750815075, 45.25373980555245)
state:air-10, action:Wait, timestep:78, reward:0.23298835116240468
==================================================

coord:(32.03421362980902, 19.586979750815075, 45.25373980555245)->(32.03421362980902, 20.0, 40.05373999628717)
state:field-0, action:A, timestep:79, reward:-0.4621823112690606
==================================================

coord:(32.03421362980902, 20.0, 40.05373999628717)->(35.7111686941806, 20.0, 43.73069506065875)
state:field-0, action:WD, timestep:80, reward:-2.7506688894389484
==================================================

coord:(35.7111686941806, 20.0, 43.73069506065875)->(32.03421362980902, 20.0, 40.05373999628717)
state:field-0, action:SA, timestep:81, reward:2.7506688894389484
==================================================

coord:(32.03421362980902, 20.0, 40.05373999628717)->(32.03421362980902, 19.99539944478194, 45.25373980555245)
state:field-0, action:D, timestep:82, reward:0.21519781534476579
==================================================

coord:(32.03421362980902, 19.99539944478194, 45.25373980555245)->(32.03421362980902, 19.586979750815075, 45.25373980555245)
state:air-10, action:Wait, timestep:83, reward:0.24698449592429483
==================================================

coord:(32.03421362980902, 19.586979750815075, 45.25373980555245)->(32.03421362980902, 19.586979750815075, 45.25373980555245)
state:field-0, action:Wait, timestep:84, reward:-0.0
==================================================

coord:(32.03421362980902, 19.586979750815075, 45.25373980555245)->(33.014734980308106, 19.910802916269017, 46.23426115605154)
state:field-0, action:WD, timestep:85, reward:-1.0300214093753794
==================================================

coord:(33.014734980308106, 19.910802916269017, 46.23426115605154)->(33.014734980308106, 20.0, 41.03426134678626)
state:field-0, action:A, timestep:86, reward:-0.10929006989138657
==================================================

coord:(33.014734980308106, 20.0, 41.03426134678626)->(33.014734980308106, 20.0, 41.03426134678626)
state:field-0, action:Wait, timestep:87, reward:-0.0
==================================================

coord:(33.014734980308106, 20.0, 41.03426134678626)->(33.014734980308106, 19.910802916269017, 36.35426151844751)
state:field-0, action:A, timestep:88, reward:-0.6763521673294335
==================================================

coord:(33.014734980308106, 19.910802916269017, 36.35426151844751)->(33.014734980308106, 20.0, 41.55426132771279)
state:field-0, action:D, timestep:89, reward:0.7180750000957161
==================================================

coord:(33.014734980308106, 20.0, 41.55426132771279)->(33.014734980308106, 20.0, 41.55426132771279)
state:field-0, action:Wait, timestep:90, reward:-0.0
==================================================

coord:(33.014734980308106, 20.0, 41.55426132771279)->(31.543952954559444, 19.910802916269017, 40.083479301964154)
state:field-0, action:SA, timestep:91, reward:1.078105564454745
==================================================

coord:(31.543952954559444, 19.910802916269017, 40.083479301964154)->(35.220908018931055, 20.0, 43.76043436633574)
state:field-0, action:WD, timestep:92, reward:-2.7875234204886397
==================================================

coord:(35.220908018931055, 20.0, 43.76043436633574)->(35.220908018931055, 20.0, 38.56043455707046)
state:field-0, action:A, timestep:93, reward:-0.41455842418416466
==================================================

coord:(35.220908018931055, 20.0, 38.56043455707046)->(35.220908018931055, 20.0, 38.56043455707046)
state:field-0, action:Wait, timestep:94, reward:-0.0
==================================================

coord:(35.220908018931055, 20.0, 38.56043455707046)->(35.220908018931055, 20.0, 43.76043436633574)
state:field-0, action:D, timestep:95, reward:0.41455842418416466
==================================================

coord:(35.220908018931055, 20.0, 43.76043436633574)->(35.220908018931055, 20.0, 43.76043436633574)
state:field-0, action:Wait, timestep:96, reward:-0.0
==================================================

coord:(35.220908018931055, 20.0, 43.76043436633574)->(35.220908018931055, 20.0, 43.76043436633574)
state:field-0, action:Wait, timestep:97, reward:-0.0
==================================================

coord:(35.220908018931055, 20.0, 43.76043436633574)->(35.220908018931055, 20.0, 38.56043455707046)
state:field-0, action:A, timestep:98, reward:-0.41455842418416466
==================================================

coord:(35.220908018931055, 20.0, 38.56043455707046)->(35.220908018931055, 20.0, 38.56043455707046)
state:field-0, action:Wait, timestep:99, reward:-0.0
==================================================

coord:(35.220908018931055, 20.0, 38.56043455707046)->(35.220908018931055, 20.0, 43.76043436633574)
state:field-0, action:D, timestep:100, reward:0.41455842418416466
==================================================

coord:(35.220908018931055, 20.0, 43.76043436633574)->(35.220908018931055, 20.0, 43.76043436633574)
state:field-0, action:Wait, timestep:101, reward:-0.0
==================================================

coord:(35.220908018931055, 20.0, 43.76043436633574)->(35.220908018931055, 19.74696946300665, 48.960434175601016)
state:field-0, action:D, timestep:102, reward:-0.2040299044415761
==================================================

coord:(35.220908018931055, 19.74696946300665, 48.960434175601016)->(35.220908018931055, 18.646768393935726, 48.960434175601016)
state:air-10, action:Wait, timestep:103, reward:0.5980456710060409
==================================================

coord:(35.220908018931055, 18.646768393935726, 48.960434175601016)->(35.220908018931055, 18.646768393935726, 48.960434175601016)
state:field-0, action:Wait, timestep:104, reward:-0.0
==================================================

coord:(35.220908018931055, 18.646768393935726, 48.960434175601016)->(35.220908018931055, 20.0, 43.76043436633574)
state:field-0, action:A, timestep:105, reward:-0.3940157665644648
==================================================

coord:(35.220908018931055, 20.0, 43.76043436633574)->(35.220908018931055, 19.74696946300665, 48.960434175601016)
state:field-0, action:D, timestep:106, reward:-0.2040299044415761
==================================================

coord:(35.220908018931055, 19.74696946300665, 48.960434175601016)->(35.220908018931055, 18.646768393935726, 48.960434175601016)
state:air-10, action:Wait, timestep:107, reward:0.5980456710060409
==================================================

coord:(35.220908018931055, 18.646768393935726, 48.960434175601016)->(35.220908018931055, 20.0, 43.76043436633574)
state:field-0, action:A, timestep:108, reward:-0.3940157665644648
==================================================

coord:(35.220908018931055, 20.0, 43.76043436633574)->(35.220908018931055, 20.0, 38.56043455707046)
state:field-0, action:A, timestep:109, reward:-0.41455842418416466
==================================================

coord:(35.220908018931055, 20.0, 38.56043455707046)->(35.220908018931055, 20.0, 43.76043436633574)
state:field-0, action:D, timestep:110, reward:0.41455842418416466
==================================================

coord:(35.220908018931055, 20.0, 43.76043436633574)->(35.220908018931055, 20.0, 38.56043455707046)
state:field-0, action:A, timestep:111, reward:-0.41455842418416466
==================================================

coord:(35.220908018931055, 20.0, 38.56043455707046)->(33.198582733526685, 19.910802916269017, 36.53810927166609)
state:field-0, action:SA, timestep:112, reward:1.301619628466561
==================================================

coord:(33.198582733526685, 19.910802916269017, 36.53810927166609)->(33.198582733526685, 20.0, 41.738109080931366)
state:field-0, action:D, timestep:113, reward:0.6875940626339343
==================================================

coord:(33.198582733526685, 20.0, 41.738109080931366)->(33.198582733526685, 19.910802916269017, 46.67810889973338)
state:field-0, action:D, timestep:114, reward:0.022229310371741917
==================================================

coord:(33.198582733526685, 19.910802916269017, 46.67810889973338)->(36.87553779789827, 20.0, 43.0011538353618)
state:field-0, action:WA, timestep:115, reward:-2.9869359132484945
==================================================

coord:(36.87553779789827, 20.0, 43.0011538353618)->(36.87553779789827, 19.99539944478194, 48.20115364462708)
state:field-0, action:D, timestep:116, reward:-0.22306922165654441
==================================================

coord:(36.87553779789827, 19.99539944478194, 48.20115364462708)->(36.87553779789827, 19.427048514443296, 48.20115364462708)
state:air-10, action:Wait, timestep:117, reward:0.30383262384677323
==================================================

coord:(36.87553779789827, 19.427048514443296, 48.20115364462708)->(36.87553779789827, 19.427048514443296, 48.20115364462708)
state:field-0, action:Wait, timestep:118, reward:-0.0
==================================================

coord:(36.87553779789827, 19.427048514443296, 48.20115364462708)->(36.87553779789827, 20.0, 43.0011538353618)
state:field-0, action:A, timestep:119, reward:-0.08076340219022882
==================================================

coord:(36.87553779789827, 20.0, 43.0011538353618)->(36.87553779789827, 19.99539944478194, 48.20115364462708)
state:field-0, action:D, timestep:120, reward:-0.22306922165654441
==================================================

coord:(36.87553779789827, 19.99539944478194, 48.20115364462708)->(36.87553779789827, 19.427048514443296, 48.20115364462708)
state:air-10, action:Wait, timestep:121, reward:0.30383262384677323
==================================================

coord:(36.87553779789827, 19.427048514443296, 48.20115364462708)->(33.198582733526685, 20.0, 44.524198580255494)
state:field-0, action:SA, timestep:122, reward:2.9555605109202006
==================================================

coord:(33.198582733526685, 20.0, 44.524198580255494)->(33.198582733526685, 20.0, 44.524198580255494)
state:field-0, action:Wait, timestep:123, reward:-0.0
==================================================

coord:(33.198582733526685, 20.0, 44.524198580255494)->(31.543952954559444, 19.910802916269017, 42.86956880128828)
state:field-0, action:SA, timestep:124, reward:1.357477586797259
==================================================

coord:(31.543952954559444, 19.910802916269017, 42.86956880128828)->(31.543952954559444, 19.910802916269017, 40.356235560143396)
state:field-0, action:A, timestep:125, reward:-0.18460637271186187
==================================================

coord:(31.543952954559444, 19.910802916269017, 40.356235560143396)->(35.220908018931055, 20.0, 44.03319062451498)
state:field-0, action:WD, timestep:126, reward:-2.818348965370916
==================================================

coord:(35.220908018931055, 20.0, 44.03319062451498)->(35.220908018931055, 20.0, 38.8331908152497)
state:field-0, action:A, timestep:127, reward:-0.37495457761603745
==================================================

coord:(35.220908018931055, 20.0, 38.8331908152497)->(38.89786308330264, 20.0, 42.510145879621284)
state:field-0, action:WD, timestep:128, reward:-2.744191287000824
==================================================

coord:(38.89786308330264, 20.0, 42.510145879621284)->(38.89786308330264, 20.0, 47.71014568888656)
state:field-0, action:D, timestep:129, reward:-0.14953844800664484
==================================================

coord:(38.89786308330264, 20.0, 47.71014568888656)->(38.89786308330264, 20.0, 42.510145879621284)
state:field-0, action:A, timestep:130, reward:0.14953844800664484
==================================================

coord:(38.89786308330264, 20.0, 42.510145879621284)->(38.89786308330264, 20.0, 47.71014568888656)
state:field-0, action:D, timestep:131, reward:-0.14953844800664484
==================================================

coord:(38.89786308330264, 20.0, 47.71014568888656)->(35.220908018931055, 20.0, 44.03319062451498)
state:field-0, action:SA, timestep:132, reward:3.268684312623506
==================================================

coord:(35.220908018931055, 20.0, 44.03319062451498)->(35.220908018931055, 20.0, 44.03319062451498)
state:field-0, action:Wait, timestep:133, reward:-0.0
==================================================

coord:(35.220908018931055, 20.0, 44.03319062451498)->(31.543952954559444, 19.910802916269017, 40.356235560143396)
state:field-0, action:SA, timestep:134, reward:2.818348965370916
==================================================

coord:(31.543952954559444, 19.910802916269017, 40.356235560143396)->(31.543952954559444, 19.910802916269017, 40.356235560143396)
state:field-0, action:Wait, timestep:135, reward:-0.0
==================================================

coord:(31.543952954559444, 19.910802916269017, 40.356235560143396)->(31.543952954559444, 19.910802916269017, 40.356235560143396)
state:field-0, action:Wait, timestep:136, reward:-0.0
==================================================

coord:(31.543952954559444, 19.910802916269017, 40.356235560143396)->(31.543952954559444, 19.910802916269017, 42.60956881082502)
state:field-0, action:D, timestep:137, reward:0.1744955533694892
==================================================

coord:(31.543952954559444, 19.910802916269017, 42.60956881082502)->(31.543952954559444, 19.910802916269017, 40.356235560143396)
state:field-0, action:A, timestep:138, reward:-0.1744955533694892
==================================================

coord:(31.543952954559444, 19.910802916269017, 40.356235560143396)->(35.220908018931055, 20.0, 44.03319062451498)
state:field-0, action:WD, timestep:139, reward:-2.818348965370916
==================================================

coord:(35.220908018931055, 20.0, 44.03319062451498)->(35.220908018931055, 20.0, 38.8331908152497)
state:field-0, action:A, timestep:140, reward:-0.37495457761603745
==================================================

coord:(35.220908018931055, 20.0, 38.8331908152497)->(38.89786308330264, 20.0, 42.510145879621284)
state:field-0, action:WD, timestep:141, reward:-2.744191287000824
==================================================

coord:(38.89786308330264, 20.0, 42.510145879621284)->(33.69786327403736, 20.0, 42.510145879621284)
state:field-0, action:S, timestep:142, reward:4.3327039655515875
==================================================

coord:(33.69786327403736, 20.0, 42.510145879621284)->(33.69786327403736, 19.910802916269017, 46.67014572703351)
state:field-0, action:D, timestep:143, reward:-0.019734499150601437
==================================================

coord:(33.69786327403736, 19.910802916269017, 46.67014572703351)->(33.69786327403736, 19.910802916269017, 46.67014572703351)
state:field-0, action:Wait, timestep:144, reward:-0.0
==================================================

coord:(33.69786327403736, 19.910802916269017, 46.67014572703351)->(33.69786327403736, 19.910802916269017, 46.67014572703351)
state:field-0, action:Wait, timestep:145, reward:-0.0
==================================================

coord:(33.69786327403736, 19.910802916269017, 46.67014572703351)->(33.69786327403736, 19.910802916269017, 46.67014572703351)
state:field-0, action:Wait, timestep:146, reward:-0.0
==================================================

coord:(33.69786327403736, 19.910802916269017, 46.67014572703351)->(32.10451607947634, 19.586979750815075, 45.07679853247249)
state:field-0, action:SA, timestep:147, reward:1.562537507236847
==================================================

coord:(32.10451607947634, 19.586979750815075, 45.07679853247249)->(32.10451607947634, 20.0, 39.87679872320721)
state:field-0, action:A, timestep:148, reward:-0.4892597028613679
==================================================

coord:(32.10451607947634, 20.0, 39.87679872320721)->(32.10451607947634, 20.0, 39.87679872320721)
state:field-0, action:Wait, timestep:149, reward:-0.0
==================================================

coord:(32.10451607947634, 20.0, 39.87679872320721)->(31.552972819820575, 19.910802916269017, 40.428341982862946)
state:field-0, action:SD, timestep:150, reward:0.5521587110972064
==================================================

coord:(31.552972819820575, 19.910802916269017, 40.428341982862946)->(35.229927884192186, 20.0, 44.10529704723453)
state:field-0, action:WD, timestep:151, reward:-2.826844813280097
==================================================

coord:(35.229927884192186, 20.0, 44.10529704723453)->(35.229927884192186, 20.0, 38.90529723796925)
state:field-0, action:A, timestep:152, reward:-0.36439780081043693
==================================================

coord:(35.229927884192186, 20.0, 38.90529723796925)->(38.90688294856377, 20.0, 42.582252302340834)
state:field-0, action:WD, timestep:153, reward:-2.7521449100800695
==================================================

coord:(38.90688294856377, 20.0, 42.582252302340834)->(38.90688294856377, 20.0, 42.582252302340834)
state:field-0, action:Wait, timestep:154, reward:-0.0
==================================================

coord:(38.90688294856377, 20.0, 42.582252302340834)->(38.90688294856377, 20.0, 47.78225211160611)
state:field-0, action:D, timestep:155, reward:-0.15921081029160433
==================================================

coord:(38.90688294856377, 20.0, 47.78225211160611)->(38.90688294856377, 20.0, 47.78225211160611)
state:field-0, action:Wait, timestep:156, reward:-0.0
==================================================

coord:(38.90688294856377, 20.0, 47.78225211160611)->(35.229927884192186, 20.0, 44.10529704723453)
state:field-0, action:SA, timestep:157, reward:3.2757535211821107
==================================================

coord:(35.229927884192186, 20.0, 44.10529704723453)->(31.552972819820575, 19.910802916269017, 40.428341982862946)
state:field-0, action:SA, timestep:158, reward:2.826844813280097
==================================================

coord:(31.552972819820575, 19.910802916269017, 40.428341982862946)->(32.04323349507015, 20.0, 39.9380813076134)
state:field-0, action:WA, timestep:159, reward:-0.496332582318999
==================================================

coord:(32.04323349507015, 20.0, 39.9380813076134)->(32.04323349507015, 20.0, 39.9380813076134)
state:field-0, action:Wait, timestep:160, reward:-0.0
==================================================

coord:(32.04323349507015, 20.0, 39.9380813076134)->(32.04323349507015, 20.0, 45.13808111687868)
state:field-0, action:D, timestep:161, reward:0.230560577045118
==================================================

coord:(32.04323349507015, 20.0, 45.13808111687868)->(32.04323349507015, 19.586979750815075, 45.13808111687868)
state:air-10, action:Wait, timestep:162, reward:0.24976243058136305
==================================================

coord:(32.04323349507015, 19.586979750815075, 45.13808111687868)->(32.04323349507015, 19.586979750815075, 45.13808111687868)
state:field-0, action:Wait, timestep:163, reward:-0.0
==================================================

coord:(32.04323349507015, 19.586979750815075, 45.13808111687868)->(32.04323349507015, 19.586979750815075, 45.13808111687868)
state:field-0, action:Wait, timestep:164, reward:-0.0
==================================================

coord:(32.04323349507015, 19.586979750815075, 45.13808111687868)->(32.04323349507015, 20.0, 39.9380813076134)
state:field-0, action:A, timestep:165, reward:-0.48032300762648106
==================================================

coord:(32.04323349507015, 20.0, 39.9380813076134)->(35.72018855944173, 20.0, 43.615036371984985)
state:field-0, action:WD, timestep:166, reward:-2.7381058709679564
==================================================

coord:(35.72018855944173, 20.0, 43.615036371984985)->(35.72018855944173, 20.0, 43.615036371984985)
state:field-0, action:Wait, timestep:167, reward:-0.0
==================================================

coord:(35.72018855944173, 20.0, 43.615036371984985)->(35.72018855944173, 19.834380012149808, 48.815036181250264)
state:field-0, action:D, timestep:168, reward:-0.22870419335113468
==================================================

coord:(35.72018855944173, 19.834380012149808, 48.815036181250264)->(35.72018855944173, 18.646768393935726, 48.815036181250264)
state:air-10, action:Wait, timestep:169, reward:0.6394548678186354
==================================================

coord:(35.72018855944173, 18.646768393935726, 48.815036181250264)->(35.72018855944173, 20.0, 43.615036371984985)
state:field-0, action:A, timestep:170, reward:-0.4107506744675007
==================================================

coord:(35.72018855944173, 20.0, 43.615036371984985)->(35.72018855944173, 19.834380012149808, 48.815036181250264)
state:field-0, action:D, timestep:171, reward:-0.22870419335113468
==================================================

coord:(35.72018855944173, 19.834380012149808, 48.815036181250264)->(35.72018855944173, 18.646768393935726, 48.815036181250264)
state:air-10, action:Wait, timestep:172, reward:0.6394548678186354
==================================================

coord:(35.72018855944173, 18.646768393935726, 48.815036181250264)->(34.86223237775503, 19.586979750815075, 47.95707999956356)
state:field-0, action:SA, timestep:173, reward:0.3096957733725674
==================================================

coord:(34.86223237775503, 19.586979750815075, 47.95707999956356)->(34.86223237775503, 19.586979750815075, 47.95707999956356)
state:field-0, action:Wait, timestep:174, reward:-0.0
==================================================

coord:(34.86223237775503, 19.586979750815075, 47.95707999956356)->(34.86223237775503, 19.586979750815075, 47.95707999956356)
state:field-0, action:Wait, timestep:175, reward:-0.0
==================================================

coord:(34.86223237775503, 19.586979750815075, 47.95707999956356)->(34.86223237775503, 20.0, 42.75708019029828)
state:field-0, action:A, timestep:176, reward:-0.03184161704287192
==================================================

coord:(34.86223237775503, 20.0, 42.75708019029828)->(31.185277313383395, 19.641156692991252, 39.0801251259267)
state:field-0, action:SA, timestep:177, reward:2.821198716246215
==================================================

coord:(31.185277313383395, 19.641156692991252, 39.0801251259267)->(31.185277313383395, 19.427048514443296, 39.0801251259267)
state:air-10, action:Wait, timestep:178, reward:0.12968534114695984
==================================================

coord:(31.185277313383395, 19.427048514443296, 39.0801251259267)->(31.185277313383395, 19.427048514443296, 39.0801251259267)
state:field-0, action:Wait, timestep:179, reward:-0.0
==================================================

coord:(31.185277313383395, 19.427048514443296, 39.0801251259267)->(34.86223237775503, 20.0, 42.75708019029828)
state:field-0, action:WD, timestep:180, reward:-2.950884057393175
==================================================

coord:(34.86223237775503, 20.0, 42.75708019029828)->(31.185277313383395, 19.641156692991252, 39.0801251259267)
state:field-0, action:SA, timestep:181, reward:2.821198716246215
==================================================

coord:(31.185277313383395, 19.641156692991252, 39.0801251259267)->(31.185277313383395, 19.427048514443296, 39.0801251259267)
state:air-10, action:Wait, timestep:182, reward:0.12968534114695984
==================================================

coord:(31.185277313383395, 19.427048514443296, 39.0801251259267)->(32.04323349507015, 20.0, 38.222168944239996)
state:field-0, action:WA, timestep:183, reward:-1.155554564176704
==================================================

coord:(32.04323349507015, 20.0, 38.222168944239996)->(35.72018855944173, 20.0, 41.89912400861158)
state:field-0, action:WD, timestep:184, reward:-2.5434169873442087
==================================================

coord:(35.72018855944173, 20.0, 41.89912400861158)->(32.04323349507015, 19.834380012149808, 45.57607907298316)
state:field-0, action:SD, timestep:185, reward:3.1105586065765394
==================================================

coord:(32.04323349507015, 19.834380012149808, 45.57607907298316)->(32.04323349507015, 19.586979750815075, 45.57607907298316)
state:air-10, action:Wait, timestep:186, reward:0.1491286817865003
==================================================

coord:(32.04323349507015, 19.586979750815075, 45.57607907298316)->(32.04323349507015, 20.0, 40.376079263717884)
state:field-0, action:A, timestep:187, reward:-0.4111879061238568
==================================================

coord:(32.04323349507015, 20.0, 40.376079263717884)->(35.72018855944173, 20.0, 44.05303432808947)
state:field-0, action:WD, timestep:188, reward:-2.786987576331107
==================================================

coord:(35.72018855944173, 20.0, 44.05303432808947)->(32.04323349507015, 20.0, 40.376079263717884)
state:field-0, action:SA, timestep:189, reward:2.786987576331107
==================================================

coord:(32.04323349507015, 20.0, 40.376079263717884)->(35.72018855944173, 20.0, 44.05303432808947)
state:field-0, action:WD, timestep:190, reward:-2.786987576331107
==================================================

coord:(35.72018855944173, 20.0, 44.05303432808947)->(33.3301677676002, 19.910802916269017, 46.443055119930996)
state:field-0, action:SD, timestep:191, reward:1.921055473290913
==================================================

coord:(33.3301677676002, 19.910802916269017, 46.443055119930996)->(33.3301677676002, 19.910802916269017, 46.443055119930996)
state:field-0, action:Wait, timestep:192, reward:-0.0
==================================================

coord:(33.3301677676002, 19.910802916269017, 46.443055119930996)->(33.3301677676002, 20.0, 41.24305531066572)
state:field-0, action:A, timestep:193, reward:-0.0764895859874315
==================================================

coord:(33.3301677676002, 20.0, 41.24305531066572)->(33.3301677676002, 19.95399444781939, 46.443055119930996)
state:field-0, action:D, timestep:194, reward:0.05110499976510141
==================================================

coord:(33.3301677676002, 19.95399444781939, 46.443055119930996)->(33.3301677676002, 19.910802916269017, 46.443055119930996)
state:air-10, action:Wait, timestep:195, reward:0.025384586222330086
==================================================

coord:(33.3301677676002, 19.910802916269017, 46.443055119930996)->(34.73966720894264, 19.586979750815075, 47.852554561273436)
state:field-0, action:WD, timestep:196, reward:-1.090275324567223
==================================================

coord:(34.73966720894264, 19.586979750815075, 47.852554561273436)->(33.88171102725594, 19.910802916269017, 46.99459837958673)
state:field-0, action:SA, timestep:197, reward:0.6004677323119196
==================================================

coord:(33.88171102725594, 19.910802916269017, 46.99459837958673)->(34.73966720894264, 19.586979750815075, 47.852554561273436)
state:field-0, action:WD, timestep:198, reward:-0.6004677323119196
==================================================

coord:(34.73966720894264, 19.586979750815075, 47.852554561273436)->(34.73966720894264, 19.586979750815075, 47.852554561273436)
state:field-0, action:Wait, timestep:199, reward:-0.0
==================================================

coord:(34.73966720894264, 19.586979750815075, 47.852554561273436)->(34.73966720894264, 20.0, 42.65255475200816)
state:field-0, action:A, timestep:200, reward:-0.04745908082071537
==================================================

coord:(34.73966720894264, 20.0, 42.65255475200816)->(34.73966720894264, 20.0, 37.45255494274288)
state:field-0, action:A, timestep:201, reward:-0.580995474307251
==================================================

coord:(34.73966720894264, 20.0, 37.45255494274288)->(34.73966720894264, 20.0, 37.45255494274288)
state:field-0, action:Wait, timestep:202, reward:-0.0
==================================================

coord:(34.73966720894264, 20.0, 37.45255494274288)->(31.552972819820575, 19.910802916269017, 40.63924933186492)
state:field-0, action:SD, timestep:203, reward:3.052522651535135
==================================================

coord:(31.552972819820575, 19.910802916269017, 40.63924933186492)->(31.552972819820575, 19.910802916269017, 40.63924933186492)
state:field-0, action:Wait, timestep:204, reward:-0.0
==================================================

coord:(31.552972819820575, 19.910802916269017, 40.63924933186492)->(31.552972819820575, 19.910802916269017, 42.632582592083274)
state:field-0, action:D, timestep:205, reward:0.14501627025044428
==================================================

coord:(31.552972819820575, 19.910802916269017, 42.632582592083274)->(31.552972819820575, 19.910802916269017, 42.632582592083274)
state:field-0, action:Wait, timestep:206, reward:-0.0
==================================================

coord:(31.552972819820575, 19.910802916269017, 42.632582592083274)->(31.552972819820575, 19.910802916269017, 40.37924934140165)
state:field-0, action:A, timestep:207, reward:-0.17287186363404317
==================================================

coord:(31.552972819820575, 19.910802916269017, 40.37924934140165)->(31.552972819820575, 19.910802916269017, 42.632582592083274)
state:field-0, action:D, timestep:208, reward:0.17287186363404317
==================================================

coord:(31.552972819820575, 19.910802916269017, 42.632582592083274)->(32.04323349507015, 20.0, 43.12284326733282)
state:field-0, action:WD, timestep:209, reward:-0.42522438249343963
==================================================

coord:(32.04323349507015, 20.0, 43.12284326733282)->(31.552972819820575, 19.910802916269017, 42.632582592083274)
state:field-0, action:SA, timestep:210, reward:0.42522438249343963
==================================================

coord:(31.552972819820575, 19.910802916269017, 42.632582592083274)->(32.04323349507015, 20.0, 43.12284326733282)
state:field-0, action:WD, timestep:211, reward:-0.42522438249343963
==================================================

coord:(32.04323349507015, 20.0, 43.12284326733282)->(31.552972819820575, 19.910802916269017, 42.632582592083274)
state:field-0, action:SA, timestep:212, reward:0.42522438249343963
==================================================

coord:(31.552972819820575, 19.910802916269017, 42.632582592083274)->(31.552972819820575, 19.910802916269017, 42.632582592083274)
state:field-0, action:Wait, timestep:213, reward:-0.0
==================================================

coord:(31.552972819820575, 19.910802916269017, 42.632582592083274)->(32.04323349507015, 20.0, 43.12284326733282)
state:field-0, action:WD, timestep:214, reward:-0.42522438249343963
==================================================

coord:(32.04323349507015, 20.0, 43.12284326733282)->(32.04323349507015, 20.0, 37.92284345806754)
state:field-0, action:A, timestep:215, reward:-0.5459075461597678
==================================================

coord:(32.04323349507015, 20.0, 37.92284345806754)->(32.04323349507015, 19.586979750815075, 37.92284345806754)
state:air-10, action:Wait, timestep:216, reward:0.24570927341549265
==================================================

coord:(32.04323349507015, 19.586979750815075, 37.92284345806754)->(32.04323349507015, 19.586979750815075, 37.92284345806754)
state:field-0, action:Wait, timestep:217, reward:-0.0
==================================================

coord:(32.04323349507015, 19.586979750815075, 37.92284345806754)->(34.800949793348835, 19.586979750815075, 35.16512715978885)
state:field-0, action:WA, timestep:218, reward:-2.784634809695376
==================================================

coord:(34.800949793348835, 19.586979750815075, 35.16512715978885)->(38.47790485772042, 20.0, 38.842082224160436)
state:field-0, action:WD, timestep:219, reward:-2.5559347248321274
==================================================

coord:(38.47790485772042, 20.0, 38.842082224160436)->(34.800949793348835, 20.0, 42.51903728853202)
state:field-0, action:SD, timestep:220, reward:3.3937865116649846
==================================================

coord:(34.800949793348835, 20.0, 42.51903728853202)->(34.800949793348835, 20.0, 37.31903747926674)
state:field-0, action:A, timestep:221, reward:-0.5995449662908072
==================================================

coord:(34.800949793348835, 20.0, 37.31903747926674)->(37.55866609162752, 19.910802916269017, 34.56132118098805)
state:field-0, action:WA, timestep:222, reward:-2.7950172924996153
==================================================

coord:(37.55866609162752, 19.910802916269017, 34.56132118098805)->(33.88171102725594, 20.0, 38.238276245359636)
state:field-0, action:SD, timestep:223, reward:3.6964798314021365
==================================================

coord:(33.88171102725594, 20.0, 38.238276245359636)->(33.88171102725594, 20.0, 43.438276054624914)
state:field-0, action:D, timestep:224, reward:0.4757828508129549
==================================================

coord:(33.88171102725594, 20.0, 43.438276054624914)->(33.88171102725594, 20.0, 38.238276245359636)
state:field-0, action:A, timestep:225, reward:-0.4757828508129549
==================================================

coord:(33.88171102725594, 20.0, 38.238276245359636)->(33.88171102725594, 20.0, 38.238276245359636)
state:field-0, action:Wait, timestep:226, reward:-0.0
==================================================

coord:(33.88171102725594, 20.0, 38.238276245359636)->(33.88171102725594, 20.0, 38.238276245359636)
state:field-0, action:Wait, timestep:227, reward:-0.0
==================================================

coord:(33.88171102725594, 20.0, 38.238276245359636)->(33.88171102725594, 19.910802916269017, 36.33160964862903)
state:field-0, action:A, timestep:228, reward:-0.31539443356420094
==================================================

coord:(33.88171102725594, 19.910802916269017, 36.33160964862903)->(37.55866609162752, 20.0, 40.00856471300062)
state:field-0, action:WD, timestep:229, reward:-2.4661153824734328
==================================================

coord:(37.55866609162752, 20.0, 40.00856471300062)->(33.88171102725594, 20.0, 36.33160964862903)
state:field-0, action:SA, timestep:230, reward:2.4154535600488245
==================================================

coord:(33.88171102725594, 20.0, 36.33160964862903)->(33.88171102725594, 19.910802916269017, 36.33160964862903)
state:air-10, action:Wait, timestep:231, reward:0.05066182242460826
==================================================

coord:(33.88171102725594, 19.910802916269017, 36.33160964862903)->(33.88171102725594, 20.0, 41.53160945789431)
state:field-0, action:D, timestep:232, reward:0.7071048099473884
==================================================

coord:(33.88171102725594, 20.0, 41.53160945789431)->(37.55866609162752, 20.0, 45.208564522265895)
state:field-0, action:WD, timestep:233, reward:-2.980163684984092
==================================================

coord:(37.55866609162752, 20.0, 45.208564522265895)->(37.55866609162752, 19.910802916269017, 48.67523106177608)
state:field-0, action:D, timestep:234, reward:-0.2245310473299682
==================================================

coord:(37.55866609162752, 19.910802916269017, 48.67523106177608)->(39.638666015333634, 19.910802916269017, 48.67523106177608)
state:field-0, action:W, timestep:235, reward:-1.7617532252464656
==================================================

coord:(39.638666015333634, 19.910802916269017, 48.67523106177608)->(40.37405702820795, 20.0, 47.939840048901765)
state:field-0, action:WA, timestep:236, reward:-0.59547800256572
==================================================

coord:(40.37405702820795, 20.0, 47.939840048901765)->(39.883796352958406, 19.910802916269017, 48.43010072415131)
state:field-0, action:SD, timestep:237, reward:0.41402603844042574
==================================================

coord:(39.883796352958406, 19.910802916269017, 48.43010072415131)->(39.883796352958406, 19.910802916269017, 48.43010072415131)
state:field-0, action:Wait, timestep:238, reward:-0.0
==================================================

coord:(39.883796352958406, 19.910802916269017, 48.43010072415131)->(39.883796352958406, 20.0, 43.23010091488603)
state:field-0, action:A, timestep:239, reward:0.19610240970830972
==================================================

coord:(39.883796352958406, 20.0, 43.23010091488603)->(39.883796352958406, 19.972396668691633, 48.43010072415131)
state:field-0, action:D, timestep:240, reward:-0.22714680634555862
==================================================

coord:(39.883796352958406, 19.972396668691633, 48.43010072415131)->(39.883796352958406, 19.910802916269017, 48.43010072415131)
state:air-10, action:Wait, timestep:241, reward:0.031044396637248894
==================================================

coord:(39.883796352958406, 19.910802916269017, 48.43010072415131)->(39.883796352958406, 19.910802916269017, 48.43010072415131)
state:field-0, action:Wait, timestep:242, reward:-0.0
==================================================

coord:(39.883796352958406, 19.910802916269017, 48.43010072415131)->(39.883796352958406, 20.0, 43.23010091488603)
state:field-0, action:A, timestep:243, reward:0.19610240970830972
==================================================

coord:(39.883796352958406, 20.0, 43.23010091488603)->(39.883796352958406, 20.0, 38.03010110562075)
state:field-0, action:A, timestep:244, reward:-0.44279176222153893
==================================================

coord:(39.883796352958406, 20.0, 38.03010110562075)->(36.20684128858682, 20.0, 41.707056169992335)
state:field-0, action:SD, timestep:245, reward:3.496086337542131
==================================================

coord:(36.20684128858682, 20.0, 41.707056169992335)->(31.006841479321587, 20.0, 41.707056169992335)
state:field-0, action:S, timestep:246, reward:4.1973323346953535
==================================================

coord:(31.006841479321587, 20.0, 41.707056169992335)->(32.048645414226925, 20.0, 40.66525223508705)
state:field-0, action:WA, timestep:247, reward:-0.9069295550483218
==================================================

coord:(32.048645414226925, 20.0, 40.66525223508705)->(31.680949907789746, 20.0, 41.03294774152421)
state:field-0, action:SD, timestep:248, reward:0.32480240798282267
==================================================

coord:(31.680949907789746, 20.0, 41.03294774152421)->(35.35790497216135, 20.0, 44.709902805895794)
state:field-0, action:WD, timestep:249, reward:-2.845053719647545
==================================================

coord:(35.35790497216135, 20.0, 44.709902805895794)->(35.35790497216135, 20.0, 39.509902996630515)
state:field-0, action:A, timestep:250, reward:-0.27555591375344335
==================================================

coord:(35.35790497216135, 20.0, 39.509902996630515)->(39.03486003653293, 20.0, 43.1868580610021)
state:field-0, action:WD, timestep:251, reward:-2.8202475159882994
==================================================

coord:(39.03486003653293, 20.0, 43.1868580610021)->(39.03486003653293, 19.972396668691633, 48.38685787026738)
state:field-0, action:D, timestep:252, reward:-0.2256132779150377
==================================================

coord:(39.03486003653293, 19.972396668691633, 48.38685787026738)->(39.03486003653293, 19.910802916269017, 48.38685787026738)
state:air-10, action:Wait, timestep:253, reward:0.031627516346802054
==================================================

coord:(39.03486003653293, 19.910802916269017, 48.38685787026738)->(37.388193430265595, 19.910802916269017, 48.38685787026738)
state:field-0, action:S, timestep:254, reward:1.3912824114393985
==================================================

coord:(37.388193430265595, 19.910802916269017, 48.38685787026738)->(41.06514849463718, 20.0, 44.709902805895794)
state:field-0, action:WA, timestep:255, reward:-2.9454655224296076
==================================================

coord:(41.06514849463718, 20.0, 44.709902805895794)->(37.388193430265595, 20.0, 41.03294774152421)
state:field-0, action:SA, timestep:256, reward:3.037502877368162
==================================================

coord:(37.388193430265595, 20.0, 41.03294774152421)->(37.388193430265595, 20.0, 41.03294774152421)
state:timeout-0, action:SD, timestep:257, reward:-999999
==================================================

