coord:(37.0, 0.0, 23.0)->(37.0, 0.0, 23.0)
state:field-4, action:Wait, timestep:1, reward:-0.0
==================================================

coord:(37.0, 0.0, 23.0)->(35.199999999999974, 9.892149101304343, 23.0)
state:field-4.0, action:Ss, timestep:2, reward:3.623595440205875
==================================================

coord:(35.199999999999974, 9.892149101304343, 23.0)->(34.98786797523496, 9.889426879082121, 22.787867975234988)
state:field-4.0, action:SAs, timestep:3, reward:0.0667851168464324
==================================================

coord:(34.98786797523496, 9.889426879082121, 22.787867975234988)->(34.98786797523496, 8.133205096822149, 22.787867975234988)
state:air-9.0, action:Wait, timestep:4, reward:-0.15250228424028833
==================================================

coord:(34.98786797523496, 8.133205096822149, 22.787867975234988)->(34.98786797523496, 7.880174559828801, 20.967868041992215)
state:field-4.0, action:A, timestep:5, reward:-1.037847712436907
==================================================

coord:(34.98786797523496, 7.880174559828801, 20.967868041992215)->(34.98786797523496, 5.4979889792571965, 20.967868041992215)
state:air-9.0, action:Wait, timestep:6, reward:-0.38324379508200224
==================================================

coord:(34.98786797523496, 5.4979889792571965, 20.967868041992215)->(32.18786797523492, 5.083844907915179, 20.967868041992215)
state:field-4.0, action:Ss, timestep:7, reward:2.0941112190886138
==================================================

coord:(32.18786797523492, 5.083844907915179, 20.967868041992215)->(31.207346624735788, 4.780208263523166, 19.98734669149307)
state:field-4.0, action:SA, timestep:8, reward:0.0402250261118553
==================================================

coord:(31.207346624735788, 4.780208263523166, 19.98734669149307)->(31.207346624735788, 20.0, 19.98734669149307)
state:air-9.0, action:Wait, timestep:9, reward:-0.4878375633420724
==================================================

coord:(31.207346624735788, 20.0, 19.98734669149307)->(26.907346624735727, 20.2809333524704, 19.98734669149307)
state:field-4.0, action:Ssj, timestep:10, reward:2.7875300729010597
==================================================

coord:(26.907346624735727, 20.2809333524704, 19.98734669149307)->(26.907346624735727, 16.351082769091413, 19.98734669149307)
state:air-9.0, action:Wait, timestep:11, reward:1.0709614110878256
==================================================

coord:(26.907346624735727, 16.351082769091413, 19.98734669149307)->(27.08067995171123, 16.51210220895557, 19.98734669149307)
state:field-4.0, action:Wj, timestep:12, reward:-0.14510460816769566
==================================================

coord:(27.08067995171123, 16.51210220895557, 19.98734669149307)->(27.08067995171123, 19.207662169033703, 19.98734669149307)
state:air-9.0, action:Wait, timestep:13, reward:-0.68680541167328
==================================================

coord:(27.08067995171123, 19.207662169033703, 19.98734669149307)->(26.994013288223478, 19.207662169033703, 19.98734669149307)
state:field-4.0, action:S, timestep:14, reward:0.054887883663138126
==================================================

coord:(26.994013288223478, 19.207662169033703, 19.98734669149307)->(26.994013288223478, 16.351082769091413, 19.98734669149307)
state:air-9.0, action:Wait, timestep:15, reward:0.7207062718736559
==================================================

coord:(26.994013288223478, 16.351082769091413, 19.98734669149307)->(25.952209353318135, 17.13317721763401, 18.945542756587727)
state:field-4.0, action:SAj, timestep:16, reward:-0.2951739049011515
==================================================

coord:(25.952209353318135, 17.13317721763401, 18.945542756587727)->(25.952209353318135, 13.411621749488766, 18.945542756587727)
state:air-9.0, action:Wait, timestep:17, reward:0.572846973526147
==================================================

coord:(25.952209353318135, 13.411621749488766, 18.945542756587727)->(26.022920028239806, 13.475321749933814, 18.874832081666057)
state:field-4.0, action:WAsj, timestep:18, reward:-0.10407776850663808
==================================================

coord:(26.022920028239806, 13.475321749933814, 18.874832081666057)->(26.022920028239806, 16.149810868972413, 18.874832081666057)
state:air-9.0, action:Wait, timestep:19, reward:-0.36167080127025386
==================================================

coord:(26.022920028239806, 16.149810868972413, 18.874832081666057)->(27.003441378738952, 16.922704203462875, 17.89431073116691)
state:field-4.0, action:WAj, timestep:20, reward:-1.5029252591167435
==================================================

coord:(27.003441378738952, 16.922704203462875, 17.89431073116691)->(27.003441378738952, 18.27924288123791, 17.89431073116691)
state:air-9.0, action:Wait, timestep:21, reward:-0.3138225028819015
==================================================

coord:(27.003441378738952, 18.27924288123791, 17.89431073116691)->(27.003441378738952, 19.207662169033703, 20.094310731166942)
state:field-4.0, action:Ds, timestep:22, reward:1.3541932792472267
==================================================

coord:(27.003441378738952, 19.207662169033703, 20.094310731166942)->(27.003441378738952, 19.207662169033703, 20.094310731166942)
state:air-8.0, action:j, timestep:23, reward:5.454825782180706e-07
==================================================

coord:(27.003441378738952, 19.207662169033703, 20.094310731166942)->(27.003441378738952, 16.99766225009602, 23.04097728975048)
state:parachute-18.0, action:D, timestep:24, reward:2.6368352801733295
==================================================

coord:(27.003441378738952, 16.99766225009602, 23.04097728975048)->(27.003441378738952, 8.854679514128376, 23.04097728975048)
state:air-8.0, action:Wait, timestep:25, reward:0.5244083826455643
==================================================

coord:(27.003441378738952, 8.854679514128376, 23.04097728975048)->(27.003441378738955, 10.154679466444696, 24.040977289750494)
state:wall-13.0, action:W, timestep:26, reward:0.786208279838128
==================================================

coord:(27.003441378738955, 10.154679466444696, 24.040977289750494)->(27.003441378738955, 6.908826441871399, 24.040977289750494)
state:air-8.0, action:Wait, timestep:27, reward:-0.44634090948747485
==================================================

coord:(27.003441378738955, 6.908826441871399, 24.040977289750494)->(27.993390827642344, 8.027736868461885, 25.030926738653882)
state:field-3.0, action:WDsj, timestep:28, reward:0.06889157002832746
==================================================

coord:(27.993390827642344, 8.027736868461885, 25.030926738653882)->(28.064101502564014, 8.969664290777729, 25.101637413575553)
state:field-3.0, action:WDsj, timestep:29, reward:0.11698469992485627
==================================================

coord:(28.064101502564014, 8.969664290777729, 25.101637413575553)->(27.144862736471065, 9.206899012526016, 26.0208761796685)
state:field-3.0, action:SD, timestep:30, reward:1.305551425660962
==================================================

coord:(27.144862736471065, 9.206899012526016, 26.0208761796685)->(28.002818918157818, 10.28718238460078, 26.878832361355254)
state:field-3.0, action:WDj, timestep:31, reward:-0.11969870594981558
==================================================

coord:(28.002818918157818, 10.28718238460078, 26.878832361355254)->(27.08358015206487, 9.86853185975724, 25.959593595262305)
state:field-3.0, action:SA, timestep:32, reward:0.19606403476321432
==================================================

coord:(27.08358015206487, 9.86853185975724, 25.959593595262305)->(27.08358015206487, 8.027736868461885, 25.959593595262305)
state:air-8.0, action:Wait, timestep:33, reward:-0.23066915402620225
==================================================

coord:(27.08358015206487, 8.027736868461885, 25.959593595262305)->(27.08358015206487, 8.027736868461885, 25.959593595262305)
state:field-3.0, action:Wait, timestep:34, reward:-1.324197569374519e-07
==================================================

coord:(27.08358015206487, 8.027736868461885, 25.959593595262305)->(28.002818926046587, 9.206899012526016, 26.878832369244023)
state:field-3.0, action:WDs, timestep:35, reward:-0.05761300877957254
==================================================

coord:(28.002818926046587, 9.206899012526016, 26.878832369244023)->(28.002818926046587, 10.28718238460078, 26.878832369244023)
state:air-8.0, action:Wait, timestep:36, reward:0.09221916896766658
==================================================

coord:(28.002818926046587, 10.28718238460078, 26.878832369244023)->(27.861397576203245, 10.42233515787929, 27.020253719087364)
state:field-3.0, action:SDsj, timestep:37, reward:0.2029816661972177
==================================================

coord:(27.861397576203245, 10.42233515787929, 27.020253719087364)->(27.861397576203245, 11.645230657648455, 29.01358697930564)
state:field-3.0, action:D, timestep:38, reward:1.0421424435726117
==================================================

coord:(27.861397576203245, 11.645230657648455, 29.01358697930564)->(27.861397576203245, 12.842883997674194, 29.01358697930564)
state:air-8.0, action:Wait, timestep:39, reward:-0.04730909169361297
==================================================

coord:(27.861397576203245, 12.842883997674194, 29.01358697930564)->(29.07473086503176, 14.34979245982817, 29.01358697930564)
state:field-3.0, action:W, timestep:40, reward:-1.232675135759795
==================================================

coord:(29.07473086503176, 14.34979245982817, 29.01358697930564)->(29.07473086503176, 15.825596363884099, 29.01358697930564)
state:air-8.0, action:Wait, timestep:41, reward:-0.2589061315272332
==================================================

coord:(29.07473086503176, 15.825596363884099, 29.01358697930564)->(30.13539098885682, 16.495263037226486, 27.95292685548058)
state:field-3.0, action:WAsj, timestep:42, reward:-1.5388985099341816
==================================================

coord:(30.13539098885682, 16.495263037226486, 27.95292685548058)->(30.13539098885682, 13.98004049266512, 27.95292685548058)
state:air-8.0, action:Wait, timestep:43, reward:0.42922656877150445
==================================================

coord:(30.13539098885682, 13.98004049266512, 27.95292685548058)->(31.00205762373433, 15.020545441800547, 27.95292685548058)
state:field-3.0, action:Wj, timestep:44, reward:-0.9047771611322659
==================================================

coord:(31.00205762373433, 15.020545441800547, 27.95292685548058)->(31.00205762373433, 15.084245442245594, 28.05292685548058)
state:field-3.0, action:Dsj, timestep:45, reward:0.03412396171822962
==================================================

coord:(31.00205762373433, 15.084245442245594, 28.05292685548058)->(31.00205762373433, 16.782967888076367, 28.05292685548058)
state:air-8.0, action:Wait, timestep:46, reward:-0.3313093043021169
==================================================

coord:(31.00205762373433, 16.782967888076367, 28.05292685548058)->(31.00205762373433, 18.509011634019505, 29.006260153845844)
state:field-3.0, action:Dj, timestep:47, reward:-0.06958325662907683
==================================================

coord:(31.00205762373433, 18.509011634019505, 29.006260153845844)->(31.00205762373433, 18.509011634019505, 29.006260153845844)
state:field-3.0, action:Wait, timestep:48, reward:6.361931887965966e-07
==================================================

coord:(31.00205762373433, 18.509011634019505, 29.006260153845844)->(31.00205762373433, 20.0, 30.006260153845858)
state:field-3.0, action:Dsj, timestep:49, reward:-0.13360396484783266
==================================================

coord:(31.00205762373433, 20.0, 30.006260153845858)->(29.962057661881317, 19.74696946300665, 30.006260153845858)
state:field-3.0, action:S, timestep:50, reward:0.9874621856900987
==================================================

coord:(29.962057661881317, 19.74696946300665, 30.006260153845858)->(29.962057661881317, 17.22685325412422, 30.006260153845858)
state:air-8.0, action:Wait, timestep:51, reward:0.8102176056926922
==================================================

coord:(29.962057661881317, 17.22685325412422, 30.006260153845858)->(29.962057661881317, 18.509011634019505, 32.086260077551884)
state:field-3.0, action:D, timestep:52, reward:0.2962114296157985
==================================================

coord:(29.962057661881317, 18.509011634019505, 32.086260077551884)->(29.962057661881317, 19.628716716337465, 32.086260077551884)
state:air-8.0, action:Wait, timestep:53, reward:-0.39911917204855385
==================================================

coord:(29.962057661881317, 19.628716716337465, 32.086260077551884)->(28.962057661881303, 19.628716716337465, 32.086260077551884)
state:field-3.0, action:Ss, timestep:54, reward:0.8780082644660041
==================================================

coord:(28.962057661881303, 19.628716716337465, 32.086260077551884)->(28.962057661881303, 17.79825572798018, 32.086260077551884)
state:air-8.0, action:Wait, timestep:55, reward:0.6527207472000356
==================================================

coord:(28.962057661881303, 17.79825572798018, 32.086260077551884)->(29.032768336802974, 17.86195572842523, 32.015549402630214)
state:field-3.0, action:WAsj, timestep:56, reward:-0.10492615213405188
==================================================

coord:(29.032768336802974, 17.86195572842523, 32.015549402630214)->(29.032768336802974, 19.628716716337465, 32.015549402630214)
state:air-8.0, action:Wait, timestep:57, reward:-0.6298752904827474
==================================================

coord:(29.032768336802974, 19.628716716337465, 32.015549402630214)->(29.032768336802974, 19.375686179344115, 30.9755494407772)
state:field-3.0, action:A, timestep:58, reward:-0.22790782080944183
==================================================

coord:(29.032768336802974, 19.375686179344115, 30.9755494407772)->(29.032768336802974, 17.22685325412422, 30.9755494407772)
state:air-8.0, action:Wait, timestep:59, reward:0.7126815045826831
==================================================

coord:(29.032768336802974, 17.22685325412422, 30.9755494407772)->(29.032768336802974, 16.97382271713087, 28.982216180558925)
state:field-3.0, action:A, timestep:60, reward:-0.7092820783385214
==================================================

coord:(29.032768336802974, 16.97382271713087, 28.982216180558925)->(29.032768336802974, 14.34979245982817, 28.982216180558925)
state:air-8.0, action:Wait, timestep:61, reward:0.5308573130360408
==================================================

coord:(29.032768336802974, 14.34979245982817, 28.982216180558925)->(27.99276837494996, 15.039875785929475, 28.982216180558925)
state:field-3.0, action:Sj, timestep:62, reward:0.8015039516958424
==================================================

coord:(27.99276837494996, 15.039875785929475, 28.982216180558925)->(27.99276837494996, 11.645230657648455, 28.982216180558925)
state:air-8.0, action:Wait, timestep:63, reward:0.3244457454594567
==================================================

coord:(27.99276837494996, 11.645230657648455, 28.982216180558925)->(28.079435038437712, 13.011613521880761, 28.982216180558925)
state:field-3.0, action:Wj, timestep:64, reward:-0.135932407676723
==================================================

coord:(28.079435038437712, 13.011613521880761, 28.982216180558925)->(29.059956388936858, 14.34979245982817, 28.00169483005978)
state:field-3.0, action:WAj, timestep:65, reward:-1.4663514398335842
==================================================

coord:(29.059956388936858, 14.34979245982817, 28.00169483005978)->(30.120616512761917, 15.620376208807022, 29.06235495388484)
state:field-3.0, action:WDs, timestep:66, reward:-0.6667989713147797
==================================================

coord:(30.120616512761917, 15.620376208807022, 29.06235495388484)->(30.120616512761917, 17.22685325412422, 29.06235495388484)
state:air-8.0, action:Wait, timestep:67, reward:-0.3655335046694681
==================================================

coord:(30.120616512761917, 17.22685325412422, 29.06235495388484)->(30.120616512761917, 17.944539915149903, 27.935688328544074)
state:field-3.0, action:Aj, timestep:68, reward:-0.67892903827887
==================================================

coord:(30.120616512761917, 17.944539915149903, 27.935688328544074)->(30.120616512761917, 13.98004049266512, 27.935688328544074)
state:air-8.0, action:Wait, timestep:69, reward:0.8007196337923865
==================================================

coord:(30.120616512761917, 13.98004049266512, 27.935688328544074)->(30.24318168157431, 15.620376208807022, 28.058253497356468)
state:field-3.0, action:WDj, timestep:70, reward:-0.29942500728947863
==================================================

coord:(30.24318168157431, 15.620376208807022, 28.058253497356468)->(30.24318168157431, 17.22685325412422, 29.01158679572173)
state:field-2.0, action:Dj, timestep:71, reward:0.04971601497439693
==================================================

coord:(30.24318168157431, 17.22685325412422, 29.01158679572173)->(30.24318168157431, 18.752182617040727, 31.004920055940005)
state:field-2.0, action:D, timestep:72, reward:0.27506767373892416
==================================================

coord:(30.24318168157431, 18.752182617040727, 31.004920055940005)->(30.24318168157431, 20.0, 31.004920055940005)
state:air-7.0, action:Wait, timestep:73, reward:-0.4484109272922687
==================================================

coord:(30.24318168157431, 20.0, 31.004920055940005)->(34.48582217687455, 20.0, 35.24756055124024)
state:field-2.0, action:WDs, timestep:74, reward:-2.9579688361153025
==================================================

coord:(34.48582217687455, 20.0, 35.24756055124024)->(34.48582217687455, 20.0, 40.04756055124031)
state:field-2.0, action:Dsj, timestep:75, reward:0.06740469848823949
==================================================

coord:(34.48582217687455, 20.0, 40.04756055124031)->(32.15708396943921, 20.0, 42.376298758675645)
state:field-2.0, action:SDj, timestep:76, reward:1.8432467040524294
==================================================

coord:(32.15708396943921, 20.0, 42.376298758675645)->(29.957083969439182, 20.772566676457725, 42.376298758675645)
state:field-2.0, action:Ssj, timestep:77, reward:1.6638050668280613
==================================================

coord:(29.957083969439182, 20.772566676457725, 42.376298758675645)->(29.957083969439182, 17.22685325412422, 42.376298758675645)
state:air-6.0, action:Wait, timestep:78, reward:1.2730410912659345
==================================================

coord:(29.957083969439182, 17.22685325412422, 42.376298758675645)->(27.957083969439154, 17.98363104080296, 42.376298758675645)
state:field-1.0, action:Ssj, timestep:79, reward:1.605896761972737
==================================================

coord:(27.957083969439154, 17.98363104080296, 42.376298758675645)->(27.957083969439154, 13.98004049266512, 42.376298758675645)
state:air-6.0, action:Wait, timestep:80, reward:0.9893470727885223
==================================================

coord:(27.957083969439154, 13.98004049266512, 42.376298758675645)->(25.957083969439125, 14.736818279343858, 42.376298758675645)
state:field-1.0, action:Ssj, timestep:81, reward:1.769934670976843
==================================================

coord:(25.957083969439125, 14.736818279343858, 42.376298758675645)->(25.957083969439125, 10.76803660460999, 42.376298758675645)
state:air-6.0, action:Wait, timestep:82, reward:0.3183247269310918
==================================================

coord:(25.957083969439125, 10.76803660460999, 42.376298758675645)->(25.957083969439125, 12.26937601343067, 39.949632181018515)
state:field-1.0, action:A, timestep:83, reward:0.49698727517147034
==================================================

coord:(25.957083969439125, 12.26937601343067, 39.949632181018515)->(25.957083969439125, 12.842883997674194, 39.949632181018515)
state:air-6.0, action:Wait, timestep:84, reward:-0.04048996005794159
==================================================

coord:(25.957083969439125, 12.842883997674194, 39.949632181018515)->(23.97718507163235, 13.597484010135538, 37.96973328321174)
state:field-1.0, action:SAsj, timestep:85, reward:1.996815685549345
==================================================

coord:(23.97718507163235, 13.597484010135538, 37.96973328321174)->(23.97718507163235, 9.892149101304343, 37.96973328321174)
state:air-6.0, action:Wait, timestep:86, reward:0.07247506244191015
==================================================

coord:(23.97718507163235, 9.892149101304343, 37.96973328321174)->(23.97718507163235, 9.892149101304343, 35.45640004206685)
state:field-1.0, action:A, timestep:87, reward:-0.24508294448515322
==================================================

coord:(23.97718507163235, 9.892149101304343, 35.45640004206685)->(24.04789574655402, 9.95584910174939, 35.38568936714518)
state:field-1.0, action:WAsj, timestep:88, reward:-0.07507585344491474
==================================================

coord:(24.04789574655402, 9.95584910174939, 35.38568936714518)->(24.04789574655402, 11.645230657648455, 35.38568936714518)
state:air-6.0, action:Wait, timestep:89, reward:0.08703052565325642
==================================================

coord:(24.04789574655402, 11.645230657648455, 35.38568936714518)->(24.04789574655402, 11.052835687926466, 33.47902277041458)
state:field-1.0, action:A, timestep:90, reward:-0.5076579348335386
==================================================

coord:(24.04789574655402, 11.052835687926466, 33.47902277041458)->(24.04789574655402, 9.888895217757074, 30.96568952926974)
state:field-1.0, action:A, timestep:91, reward:-1.0934997842971903
==================================================

coord:(24.04789574655402, 9.888895217757074, 30.96568952926974)->(24.04789574655402, 9.267181677720165, 30.96568952926974)
state:air-6.0, action:Wait, timestep:92, reward:-0.07944799985434692
==================================================

coord:(24.04789574655402, 9.267181677720165, 30.96568952926974)->(24.04789574655402, 9.267181677720165, 30.96568952926974)
state:field-1.0, action:j, timestep:93, reward:-2.5357749144916397e-07
==================================================

coord:(24.04789574655402, 9.267181677720165, 30.96568952926974)->(26.041229006772294, 10.76803660460999, 30.96568952926974)
state:field-1.0, action:W, timestep:94, reward:-1.6316839505802854
==================================================

coord:(26.041229006772294, 10.76803660460999, 30.96568952926974)->(26.041229006772294, 12.349710411076664, 30.96568952926974)
state:air-6.0, action:Wait, timestep:95, reward:-0.006709152840258525
==================================================

coord:(26.041229006772294, 12.349710411076664, 30.96568952926974)->(26.041229006772294, 13.106488197755404, 28.96568952926971)
state:field-1.0, action:Asj, timestep:96, reward:-0.9931718070097872
==================================================

coord:(26.041229006772294, 13.106488197755404, 28.96568952926971)->(26.041229006772294, 10.28718238460078, 28.96568952926971)
state:air-6.0, action:Wait, timestep:97, reward:0.03338742203361278
==================================================

coord:(26.041229006772294, 10.28718238460078, 28.96568952926971)->(24.91456238143153, 9.983545740208761, 28.96568952926971)
state:field-1.0, action:S, timestep:98, reward:0.9286512233212108
==================================================

coord:(24.91456238143153, 9.983545740208761, 28.96568952926971)->(24.91456238143153, 7.719467496535955, 28.96568952926971)
state:air-6.0, action:Wait, timestep:99, reward:-0.3546098064450689
==================================================

coord:(24.91456238143153, 7.719467496535955, 28.96568952926971)->(24.91456238143153, 8.44630084322073, 25.965689529269667)
state:field-1.0, action:Asj, timestep:100, reward:-1.633660185257579
==================================================

coord:(24.91456238143153, 8.44630084322073, 25.965689529269667)->(24.91456238143153, 5.321479294713132, 25.965689529269667)
state:air-5.0, action:Wait, timestep:101, reward:-0.7562895670293024
==================================================

coord:(24.91456238143153, 5.321479294713132, 25.965689529269667)->(21.967895822847993, 5.556107733778744, 25.965689529269667)
state:field-0.0, action:Sj, timestep:102, reward:2.073354881738066
==================================================

coord:(21.967895822847993, 5.556107733778744, 25.965689529269667)->(21.967895822847993, 3.2276580973492344, 25.965689529269667)
state:air-5.0, action:Wait, timestep:103, reward:-0.928626809037155
==================================================

coord:(21.967895822847993, 3.2276580973492344, 25.965689529269667)->(18.96789582284795, 3.954491444034009, 25.965689529269667)
state:field-0.0, action:Ssj, timestep:104, reward:1.9771033234778805
==================================================

coord:(18.96789582284795, 3.954491444034009, 25.965689529269667)->(18.96789582284795, 1.1835383784864664, 25.965689529269667)
state:air-5.0, action:Wait, timestep:105, reward:-1.4531807560240715
==================================================

coord:(18.96789582284795, 1.1835383784864664, 25.965689529269667)->(18.048657048866232, 1.0075215722102642, 26.884928303251385)
state:field-0.0, action:SDs, timestep:106, reward:0.9093117813281957
==================================================

coord:(18.048657048866232, 1.0075215722102642, 26.884928303251385)->(19.03860649776962, 1.6950228512760246, 25.894978854347997)
state:field-0.0, action:WAsj, timestep:107, reward:-0.6982587900047434
==================================================

coord:(19.03860649776962, 1.6950228512760246, 25.894978854347997)->(15.63860649776958, 0.3109199486329711, 25.894978854347997)
state:field-0.0, action:Ss, timestep:108, reward:0.40637583098083496
==================================================

coord:(15.63860649776958, 0.3109199486329711, 25.894978854347997)->(13.941550299649442, 0.2498468192298442, 24.197922656227902)
state:field-0.0, action:SAs, timestep:109, reward:-0.9235930254687474
==================================================

coord:(13.941550299649442, 0.2498468192298442, 24.197922656227902)->(13.941550299649442, 1.8725842810266387, 29.397922465492968)
state:field-0.0, action:D, timestep:110, reward:4.807376274809936
==================================================

coord:(13.941550299649442, 1.8725842810266387, 29.397922465492968)->(14.894883598014724, 1.6883144133931263, 29.397922465492968)
state:field-0.0, action:W, timestep:111, reward:-0.37609433622195176
==================================================

coord:(14.894883598014724, 1.6883144133931263, 29.397922465492968)->(9.694883788749552, 2.251231312624097, 29.397922465492968)
state:field-0.0, action:S, timestep:112, reward:0.9195601704999774
==================================================

coord:(9.694883788749552, 2.251231312624097, 29.397922465492968)->(7.795123672157509, 1.0292252796836443, 27.498162348900873)
state:field-0.0, action:SA, timestep:113, reward:-2.474704094510651
==================================================

coord:(7.795123672157509, 1.0292252796836443, 27.498162348900873)->(7.795123672157509, 1.0292252796836443, 27.498162348900873)
state:field-0.0, action:Wait, timestep:114, reward:-3.0575332665705446e-07
==================================================

coord:(7.795123672157509, 1.0292252796836443, 27.498162348900873)->(6.569471984033594, 1.4206047174897594, 28.723814037024805)
state:field-0.0, action:SD, timestep:115, reward:0.7754347305595424
==================================================

coord:(6.569471984033594, 1.4206047174897594, 28.723814037024805)->(5.405102880315876, 1.8725842810266387, 29.88818314074254)
state:field-0.0, action:SD, timestep:116, reward:0.6204225224051783
==================================================

coord:(5.405102880315876, 1.8725842810266387, 29.88818314074254)->(10.431769362605516, 2.225468487488301, 29.88818314074254)
state:field-0.0, action:W, timestep:117, reward:1.4425434794818344
==================================================

coord:(10.431769362605516, 2.225468487488301, 29.88818314074254)->(10.431769362605516, 3.107298164943507, 31.014849766083305)
state:field-0.0, action:D, timestep:118, reward:1.4007298496290819
==================================================

coord:(10.431769362605516, 3.107298164943507, 31.014849766083305)->(10.431769362605516, 4.239816538810444, 31.014849766083305)
state:air-5.0, action:Wait, timestep:119, reward:0.8425921421555262
==================================================

coord:(10.431769362605516, 4.239816538810444, 31.014849766083305)->(11.818435978409562, 4.095916076090375, 31.014849766083305)
state:field-0.0, action:W, timestep:120, reward:-0.12096057063913435
==================================================

coord:(11.818435978409562, 4.095916076090375, 31.014849766083305)->(11.818435978409562, 4.095916076090375, 31.014849766083305)
state:field-0.0, action:Wait, timestep:121, reward:-3.350434312210382e-07
==================================================

coord:(11.818435978409562, 4.095916076090375, 31.014849766083305)->(9.796110693005133, 5.718900347747627, 33.037175051487736)
state:field-0.0, action:SD, timestep:122, reward:2.4985388870825913
==================================================

coord:(9.796110693005133, 5.718900347747627, 33.037175051487736)->(9.796110693005133, 7.452156696781367, 33.037175051487736)
state:air-5.0, action:Wait, timestep:123, reward:1.1956931091429341
==================================================

coord:(9.796110693005133, 7.452156696781367, 33.037175051487736)->(9.734828108598938, 7.452156696781367, 32.97589246708154)
state:field-0.0, action:SA, timestep:124, reward:-0.05837310210518787
==================================================

coord:(9.734828108598938, 7.452156696781367, 32.97589246708154)->(9.734828108598938, 5.718900347747627, 32.97589246708154)
state:air-5.0, action:Wait, timestep:125, reward:-1.1866975318312907
==================================================

coord:(9.734828108598938, 5.718900347747627, 32.97589246708154)->(7.712502823194504, 4.752783751954859, 30.95356718167711)
state:field-0.0, action:SA, timestep:126, reward:-2.5329776331706135
==================================================

coord:(7.712502823194504, 4.752783751954859, 30.95356718167711)->(7.712502823194504, 3.001835666825593, 30.95356718167711)
state:air-5.0, action:Wait, timestep:127, reward:-1.2227708962354686
==================================================

coord:(7.712502823194504, 3.001835666825593, 30.95356718167711)->(7.712502823194504, 1.837895196656206, 27.92023395960582)
state:field-0.0, action:A, timestep:128, reward:-2.826656935737889
==================================================

coord:(7.712502823194504, 1.837895196656206, 27.92023395960582)->(7.712502823194504, 1.0292252796836443, 27.92023395960582)
state:air-5.0, action:Wait, timestep:129, reward:-0.5563519177142471
==================================================

coord:(7.712502823194504, 1.0292252796836443, 27.92023395960582)->(6.412502870878225, 0.9716661785692532, 27.92023395960582)
state:field-0.0, action:S, timestep:130, reward:-0.37940196852057184
==================================================

coord:(6.412502870878225, 0.9716661785692532, 27.92023395960582)->(6.412502870878225, 2.0297010454992286, 30.000233883311846)
state:field-0.0, action:D, timestep:131, reward:2.0623147523701757
==================================================

coord:(6.412502870878225, 2.0297010454992286, 30.000233883311846)->(6.412502870878225, 2.8339589482040806, 30.000233883311846)
state:air-5.0, action:Wait, timestep:132, reward:0.5633925365743853
==================================================

coord:(6.412502870878225, 2.8339589482040806, 30.000233883311846)->(8.434828156282677, 4.239816538810444, 32.022559168716334)
state:field-0.0, action:WD, timestep:133, reward:2.907577525382269
==================================================

coord:(8.434828156282677, 4.239816538810444, 32.022559168716334)->(8.434828156282677, 5.653453927914237, 32.022559168716334)
state:air-5.0, action:Wait, timestep:134, reward:1.0009689711110497
==================================================

coord:(8.434828156282677, 5.653453927914237, 32.022559168716334)->(7.048161540478641, 5.461574248983202, 32.022559168716334)
state:field-0.0, action:S, timestep:135, reward:-0.6249769207557829
==================================================

coord:(7.048161540478641, 5.461574248983202, 32.022559168716334)->(7.048161540478641, 5.461574248983202, 32.022559168716334)
state:field-0.0, action:Wait, timestep:136, reward:1.9106062332241436e-07
==================================================

coord:(7.048161540478641, 5.461574248983202, 32.022559168716334)->(8.089965475383966, 4.909507622815906, 30.980755233810992)
state:field-0.0, action:WA, timestep:137, reward:-0.6876693798792441
==================================================

coord:(8.089965475383966, 4.909507622815906, 30.980755233810992)->(8.089965475383966, 3.107298164943507, 30.980755233810992)
state:air-5.0, action:Wait, timestep:138, reward:-1.2619970998036951
==================================================

coord:(8.089965475383966, 3.107298164943507, 30.980755233810992)->(7.47713963132201, 3.001835666825593, 30.367929389749026)
state:field-0.0, action:SA, timestep:139, reward:-0.6320414167451034
==================================================

coord:(7.47713963132201, 3.001835666825593, 30.367929389749026)->(6.090473015517978, 2.8339589482040806, 30.367929389749026)
state:field-0.0, action:S, timestep:140, reward:-0.595081716723799
==================================================

coord:(6.090473015517978, 2.8339589482040806, 30.367929389749026)->(6.090473015517978, 3.866853253564085, 32.0145959960163)
state:field-0.0, action:D, timestep:141, reward:1.6764487983101617
==================================================

coord:(6.090473015517978, 3.866853253564085, 32.0145959960163)->(6.090473015517978, 5.156137421258171, 32.0145959960163)
state:air-5.0, action:Wait, timestep:142, reward:0.8622339074349359
==================================================

coord:(6.090473015517978, 5.156137421258171, 32.0145959960163)->(6.090473015517978, 4.903106884264827, 30.974596034163284)
state:field-0.0, action:A, timestep:143, reward:-0.8072981966470376
==================================================

coord:(6.090473015517978, 4.903106884264827, 30.974596034163284)->(6.090473015517978, 2.8339589482040806, 30.974596034163284)
state:air-5.0, action:Wait, timestep:144, reward:-1.3716709200937753
==================================================

coord:(6.090473015517978, 2.8339589482040806, 30.974596034163284)->(4.617139736226195, 2.3572997362478776, 30.974596034163284)
state:field-0.0, action:S, timestep:145, reward:-0.9906859249961872
==================================================

coord:(4.617139736226195, 2.3572997362478776, 30.974596034163284)->(9.817139545491331, 3.14326936818376, 30.974596034163284)
state:field-0.0, action:W, timestep:146, reward:2.198420894579515
==================================================

coord:(9.817139545491331, 3.14326936818376, 30.974596034163284)->(9.817139545491331, 4.2888981828379045, 32.0145959960163)
state:field-0.0, action:D, timestep:147, reward:1.535537764010348
==================================================

coord:(9.817139545491331, 4.2888981828379045, 32.0145959960163)->(9.817139545491331, 5.718900347747627, 32.0145959960163)
state:air-5.0, action:Wait, timestep:148, reward:1.0398980438821273
==================================================

coord:(9.817139545491331, 5.718900347747627, 32.0145959960163)->(9.817139545491331, 5.718900347747627, 32.0145959960163)
state:field-0.0, action:Wait, timestep:149, reward:1.251809553792782e-07
==================================================

coord:(9.817139545491331, 5.718900347747627, 32.0145959960163)->(8.77533561058602, 7.3668750960914995, 33.05639993092158)
state:field-0.0, action:SD, timestep:150, reward:1.587160839692178
==================================================

coord:(8.77533561058602, 7.3668750960914995, 33.05639993092158)->(8.77533561058602, 7.063238451699487, 31.929733305580772)
state:field-0.0, action:A, timestep:151, reward:-1.0245575658352557
==================================================

coord:(8.77533561058602, 7.063238451699487, 31.929733305580772)->(8.77533561058602, 4.239816538810444, 31.929733305580772)
state:air-5.0, action:Wait, timestep:152, reward:-1.878336324363092
==================================================

coord:(8.77533561058602, 4.239816538810444, 31.929733305580772)->(7.672249091274507, 5.607448375733629, 33.03281982489225)
state:field-0.0, action:SD, timestep:153, reward:1.326395757785109
==================================================

coord:(7.672249091274507, 5.607448375733629, 33.03281982489225)->(7.672249091274507, 7.11684146246028, 33.03281982489225)
state:air-5.0, action:Wait, timestep:154, reward:0.9798637681639386
==================================================

coord:(7.672249091274507, 7.11684146246028, 33.03281982489225)->(8.714053026179824, 6.564774836292984, 31.991015889986965)
state:field-0.0, action:WA, timestep:155, reward:-0.6912977250741204
==================================================

coord:(8.714053026179824, 6.564774836292984, 31.991015889986965)->(8.714053026179824, 4.239816538810444, 31.991015889986965)
state:air-5.0, action:Wait, timestep:156, reward:-1.5910550906052503
==================================================

coord:(8.714053026179824, 4.239816538810444, 31.991015889986965)->(8.714053026179824, 4.239816538810444, 31.991015889986965)
state:field-0.0, action:Wait, timestep:157, reward:-1.7422341436201805e-07
==================================================

coord:(8.714053026179824, 4.239816538810444, 31.991015889986965)->(6.6917277407753755, 3.273699943017672, 29.968690604582477)
state:field-0.0, action:SA, timestep:158, reward:-2.5807259523727932
==================================================

coord:(6.6917277407753755, 3.273699943017672, 29.968690604582477)->(6.6917277407753755, 2.0297010454992286, 29.968690604582477)
state:air-5.0, action:Wait, timestep:159, reward:-0.8654157363871722
==================================================

coord:(6.6917277407753755, 2.0297010454992286, 29.968690604582477)->(4.7306850397771125, 1.1816653617982986, 28.007647903584186)
state:field-0.0, action:SA, timestep:160, reward:-2.529545804128986
==================================================

coord:(4.7306850397771125, 1.1816653617982986, 28.007647903584186)->(9.930684849042251, 1.5756556020730843, 28.007647903584186)
state:field-0.0, action:W, timestep:161, reward:1.548915589965917
==================================================

coord:(9.930684849042251, 1.5756556020730843, 28.007647903584186)->(10.29838035547942, 1.5576239855426923, 28.375343410021365)
state:field-0.0, action:WD, timestep:162, reward:0.2684424895042934
==================================================

coord:(10.29838035547942, 1.5576239855426923, 28.375343410021365)->(8.651713749212115, 1.5576239855426923, 28.375343410021365)
state:field-0.0, action:S, timestep:163, reward:-0.18016982557283434
==================================================

coord:(8.651713749212115, 1.5576239855426923, 28.375343410021365)->(6.935801385838644, 0.6494767016961985, 26.65943104664786)
state:field-0.0, action:SA, timestep:164, reward:-2.177770701034852
==================================================

coord:(6.935801385838644, 0.6494767016961985, 26.65943104664786)->(6.935801385838644, 0.6494767016961985, 26.65943104664786)
state:field-0.0, action:Wait, timestep:165, reward:-8.641082871463368e-08
==================================================

coord:(6.935801385838644, 0.6494767016961985, 26.65943104664786)->(5.4624681065468605, 0.5992014760923523, 26.65943104664786)
state:field-0.0, action:S, timestep:166, reward:-0.4635571355368313
==================================================

coord:(5.4624681065468605, 0.5992014760923523, 26.65943104664786)->(8.833010248887613, 2.225468487488301, 30.029973188988674)
state:field-0.0, action:WD, timestep:167, reward:4.25831580549041
==================================================

coord:(8.833010248887613, 2.225468487488301, 30.029973188988674)->(8.833010248887613, 3.107298164943507, 30.029973188988674)
state:air-5.0, action:Wait, timestep:168, reward:0.6435361976435772
==================================================

coord:(8.833010248887613, 3.107298164943507, 30.029973188988674)->(10.479676855154917, 3.107298164943507, 30.029973188988674)
state:field-0.0, action:W, timestep:169, reward:0.18955885526028737
==================================================

coord:(10.479676855154917, 3.107298164943507, 30.029973188988674)->(10.479676855154917, 1.9433576947741202, 27.949973265282647)
state:field-0.0, action:A, timestep:170, reward:-2.2928254166322404
==================================================

coord:(10.479676855154917, 1.9433576947741202, 27.949973265282647)->(10.479676855154917, 1.0653847105016305, 27.949973265282647)
state:air-5.0, action:Wait, timestep:171, reward:-0.618204355169599
==================================================

coord:(10.479676855154917, 1.0653847105016305, 27.949973265282647)->(8.641199322969072, 0.7121196179052162, 26.11149573309675)
state:field-0.0, action:SA, timestep:172, reward:-1.729786147166184
==================================================

coord:(8.641199322969072, 0.7121196179052162, 26.11149573309675)->(8.641199322969072, 0.7121196179052162, 26.11149573309675)
state:field-0.0, action:Wait, timestep:173, reward:-2.2797673082664005e-07
==================================================

coord:(8.641199322969072, 0.7121196179052162, 26.11149573309675)->(7.721960556876145, 1.0292252796836443, 27.0307344991897)
state:field-0.0, action:SD, timestep:174, reward:0.7112363887846875
==================================================

coord:(7.721960556876145, 1.0292252796836443, 27.0307344991897)->(7.721960556876145, 0.44937207604577917, 25.47073455641018)
state:field-0.0, action:A, timestep:175, reward:-1.5103678179406579
==================================================

coord:(7.721960556876145, 0.44937207604577917, 25.47073455641018)->(6.59529393153537, 0.4242410835666076, 25.47073455641018)
state:field-0.0, action:S, timestep:176, reward:-0.2685293858042961
==================================================

coord:(6.59529393153537, 0.4242410835666076, 25.47073455641018)->(7.637097866440697, 0.286852002051616, 24.428930621504836)
state:field-0.0, action:WA, timestep:177, reward:-0.6294736480205536
==================================================

coord:(7.637097866440697, 0.286852002051616, 24.428930621504836)->(7.637097866440697, 0.0, 22.955597342213068)
state:field-0.0, action:A, timestep:178, reward:-1.3103820437121847
==================================================

coord:(7.637097866440697, 0.0, 22.955597342213068)->(7.637097866440697, 1.5047578272521835, 28.155597151478133)
state:field-0.0, action:D, timestep:179, reward:4.807130268973234
==================================================

coord:(7.637097866440697, 1.5047578272521835, 28.155597151478133)->(8.740184385752208, 1.0653847105016305, 27.052510632166594)
state:field-0.0, action:WA, timestep:180, reward:-0.8652203807646117
==================================================

coord:(8.740184385752208, 1.0653847105016305, 27.052510632166594)->(8.740184385752208, 1.0653847105016305, 27.052510632166594)
state:field-0.0, action:Wait, timestep:181, reward:-3.108793578121549e-07
==================================================

coord:(8.740184385752208, 1.0653847105016305, 27.052510632166594)->(8.740184385752208, 2.225468487488301, 30.085843854237883)
state:field-0.0, action:D, timestep:182, reward:2.8925410027832292
==================================================

coord:(8.740184385752208, 2.225468487488301, 30.085843854237883)->(8.740184385752208, 3.107298164943507, 30.085843854237883)
state:air-5.0, action:Wait, timestep:183, reward:0.6445890912522731
==================================================

coord:(8.740184385752208, 3.107298164943507, 30.085843854237883)->(8.740184385752208, 1.8375449247587214, 27.919177267044105)
state:field-0.0, action:A, timestep:184, reward:-2.3908582403215615
==================================================

coord:(8.740184385752208, 1.8375449247587214, 27.919177267044105)->(8.740184385752208, 1.0653847105016305, 27.919177267044105)
state:air-5.0, action:Wait, timestep:185, reward:-0.5379596359720491
==================================================

coord:(8.740184385752208, 1.0653847105016305, 27.919177267044105)->(10.272248995907079, 2.225468487488301, 29.45124187719902)
state:field-0.0, action:WD, timestep:186, reward:2.0495793028705904
==================================================

coord:(10.272248995907079, 2.225468487488301, 29.45124187719902)->(8.625582389639774, 2.225468487488301, 29.45124187719902)
state:field-0.0, action:S, timestep:187, reward:-0.2006979786795977
==================================================

coord:(8.625582389639774, 2.225468487488301, 29.45124187719902)->(10.586625090638009, 1.0653847105016305, 27.49019917620073)
state:field-0.0, action:WA, timestep:188, reward:-1.981060296713098
==================================================

coord:(10.586625090638009, 1.0653847105016305, 27.49019917620073)->(8.679958493907446, 1.0653847105016305, 27.49019917620073)
state:field-0.0, action:S, timestep:189, reward:-0.17494771878622295
==================================================

coord:(8.679958493907446, 1.0653847105016305, 27.49019917620073)->(7.33174163697115, 0.6879500950990832, 26.141982319264404)
state:field-0.0, action:SA, timestep:190, reward:-1.4709427349178341
==================================================

coord:(7.33174163697115, 0.6879500950990832, 26.141982319264404)->(8.189697818657887, 0.4651597163380061, 25.28402613757765)
state:field-0.0, action:WA, timestep:191, reward:-0.6082940803392063
==================================================

coord:(8.189697818657887, 0.4651597163380061, 25.28402613757765)->(10.269697742363956, 0.4651597163380061, 25.28402613757765)
state:field-0.0, action:W, timestep:192, reward:0.21719913032035265
==================================================

coord:(10.269697742363956, 0.4651597163380061, 25.28402613757765)->(11.188936508456878, 0.286852002051616, 24.364787371484702)
state:field-0.0, action:WA, timestep:193, reward:-0.8027451346067416
==================================================

coord:(11.188936508456878, 0.286852002051616, 24.364787371484702)->(12.402269797285419, 0.2708098937621368, 24.364787371484702)
state:field-0.0, action:W, timestep:194, reward:-0.06477160513314928
==================================================

coord:(12.402269797285419, 0.2708098937621368, 24.364787371484702)->(12.402269797285419, 1.4206047174897594, 29.04478719982326)
state:field-0.0, action:D, timestep:195, reward:4.165083507751854
==================================================

coord:(12.402269797285419, 1.4206047174897594, 29.04478719982326)->(12.402269797285419, 2.0297010454992286, 29.04478719982326)
state:air-5.0, action:Wait, timestep:196, reward:0.4463217164175237
==================================================

coord:(12.402269797285419, 2.0297010454992286, 29.04478719982326)->(13.788936413089464, 1.8725842810266387, 29.04478719982326)
state:field-0.0, action:W, timestep:197, reward:-0.3319859021848295
==================================================

coord:(13.788936413089464, 1.8725842810266387, 29.04478719982326)->(15.25971843883814, 0.7121196179052162, 27.574005174074543)
state:field-0.0, action:WA, timestep:198, reward:-2.154931802659476
==================================================

coord:(15.25971843883814, 0.7121196179052162, 27.574005174074543)->(15.25971843883814, 2.0769661514057955, 31.040671713584587)
state:field-0.0, action:D, timestep:199, reward:3.1316268658625646
==================================================

coord:(15.25971843883814, 2.0769661514057955, 31.040671713584587)->(15.25971843883814, 2.8339589482040806, 31.040671713584587)
state:air-5.0, action:Wait, timestep:200, reward:0.5616208866859225
==================================================

coord:(15.25971843883814, 2.8339589482040806, 31.040671713584587)->(16.975630802211622, 1.280811467111803, 29.32475935021108)
state:field-0.0, action:WA, timestep:201, reward:-2.774028457399746
==================================================

coord:(16.975630802211622, 1.280811467111803, 29.32475935021108)->(18.07871732152316, 0.6778348795001161, 28.221672830899543)
state:field-0.0, action:WA, timestep:202, reward:-1.536269134319749
==================================================

coord:(18.07871732152316, 0.6778348795001161, 28.221672830899543)->(17.159478555430212, 0.5159292404728973, 27.302434064806594)
state:field-0.0, action:SA, timestep:203, reward:-0.311119823420011
==================================================

coord:(17.159478555430212, 0.5159292404728973, 27.302434064806594)->(17.159478555430212, 0.5159292404728973, 27.302434064806594)
state:field-0.0, action:Wait, timestep:204, reward:-7.438301672380021e-07
==================================================

coord:(17.159478555430212, 0.5159292404728973, 27.302434064806594)->(18.44641282796034, 0.6778348795001161, 28.589368337336722)
state:field-0.0, action:WD, timestep:205, reward:0.3641176326617419
==================================================

coord:(18.44641282796034, 0.6778348795001161, 28.589368337336722)->(21.020281373020598, 2.0159633174808635, 26.015499792276465)
state:field-0.0, action:WA, timestep:206, reward:-2.1174438331511354
==================================================

coord:(21.020281373020598, 2.0159633174808635, 26.015499792276465)->(21.020281373020598, 2.747638116270579, 26.015499792276465)
state:air-5.0, action:Wait, timestep:207, reward:0.36843051889912815
==================================================

coord:(21.020281373020598, 2.747638116270579, 26.015499792276465)->(23.042606658425086, 3.1011740698207975, 28.037825077680953)
state:field-0.0, action:WD, timestep:208, reward:0.16331681984001634
==================================================

coord:(23.042606658425086, 3.1011740698207975, 28.037825077680953)->(23.042606658425086, 6.557373203102033, 28.037825077680953)
state:air-5.0, action:Wait, timestep:209, reward:1.3488374584545966
==================================================

coord:(23.042606658425086, 6.557373203102033, 28.037825077680953)->(24.023128008924232, 6.557373203102033, 29.0183464281801)
state:field-0.0, action:WD, timestep:210, reward:-0.18212345617632764
==================================================

coord:(24.023128008924232, 6.557373203102033, 29.0183464281801)->(24.023128008924232, 8.513375861448784, 29.0183464281801)
state:air-5.0, action:Wait, timestep:211, reward:0.4733726990184124
==================================================

coord:(24.023128008924232, 8.513375861448784, 29.0183464281801)->(22.98312804707122, 8.260345324455436, 29.0183464281801)
state:field-0.0, action:S, timestep:212, reward:0.7778317264343766
==================================================

coord:(22.98312804707122, 8.260345324455436, 29.0183464281801)->(22.98312804707122, 1.9424300877930798, 29.0183464281801)
state:air-5.0, action:Wait, timestep:213, reward:-2.4397818866783005
==================================================

coord:(22.98312804707122, 1.9424300877930798, 29.0183464281801)->(20.209794815463184, 1.0718888049348345, 29.0183464281801)
state:field-0.0, action:S, timestep:214, reward:1.2064856850658465
==================================================

coord:(20.209794815463184, 1.0718888049348345, 29.0183464281801)->(22.048272347649082, 1.4975619419550217, 30.856823960365997)
state:field-0.0, action:WD, timestep:215, reward:0.03289624041061501
==================================================

coord:(22.048272347649082, 1.4975619419550217, 30.856823960365997)->(20.40160574138181, 0.8263977634849407, 30.856823960365997)
state:field-0.0, action:S, timestep:216, reward:0.6109623786094698
==================================================

coord:(20.40160574138181, 0.8263977634849407, 30.856823960365997)->(21.014431585443777, 0.847124584679431, 31.469649804427963)
state:field-0.0, action:WD, timestep:217, reward:-0.0964334299484726
==================================================

coord:(21.014431585443777, 0.847124584679431, 31.469649804427963)->(21.014431585443777, 2.2817779984468363, 26.962983303064906)
state:field-0.0, action:A, timestep:218, reward:-1.512264530641307
==================================================

coord:(21.014431585443777, 2.2817779984468363, 26.962983303064906)->(21.014431585443777, 2.747638116270579, 26.962983303064906)
state:air-5.0, action:Wait, timestep:219, reward:0.2402919054986441
==================================================

coord:(21.014431585443777, 2.747638116270579, 26.962983303064906)->(21.014431585443777, 4.134938453916275, 22.976316782628356)
state:field-0.0, action:A, timestep:220, reward:-2.218161165363348
==================================================

coord:(21.014431585443777, 4.134938453916275, 22.976316782628356)->(21.014431585443777, 4.509439697457267, 22.976316782628356)
state:air-5.0, action:Wait, timestep:221, reward:0.13814880918131678
==================================================

coord:(21.014431585443777, 4.509439697457267, 22.976316782628356)->(19.972627650538435, 3.9573730712899704, 24.018120717533698)
state:field-0.0, action:SD, timestep:222, reward:1.1167782984177066
==================================================

coord:(19.972627650538435, 3.9573730712899704, 24.018120717533698)->(19.972627650538435, 1.9424300877930798, 24.018120717533698)
state:air-5.0, action:Wait, timestep:223, reward:-0.9200007793724758
==================================================

coord:(19.972627650538435, 1.9424300877930798, 24.018120717533698)->(17.97929439032016, 1.6893995507997348, 24.018120717533698)
state:field-0.0, action:S, timestep:224, reward:0.715387334642493
==================================================

coord:(17.97929439032016, 1.6893995507997348, 24.018120717533698)->(17.97929439032016, 0.14379294646951338, 24.018120717533698)
state:air-5.0, action:Wait, timestep:225, reward:-0.8655508086214354
==================================================

coord:(17.97929439032016, 0.14379294646951338, 24.018120717533698)->(14.302339325948413, 0.8082362759396398, 27.695075781905494)
state:field-0.0, action:SD, timestep:226, reward:4.106677357579924
==================================================

coord:(14.302339325948413, 0.8082362759396398, 27.695075781905494)->(15.834403936103284, 0.4759917663608099, 26.16301117175058)
state:field-0.0, action:WA, timestep:227, reward:-1.6707631043558777
==================================================

coord:(15.834403936103284, 0.4759917663608099, 26.16301117175058)->(15.834403936103284, 0.3109199486329711, 25.209677873385317)
state:field-0.0, action:A, timestep:228, reward:-0.7858859562812093
==================================================

coord:(15.834403936103284, 0.3109199486329711, 25.209677873385317)->(15.834403936103284, 0.3109199486329711, 25.209677873385317)
state:field-0.0, action:Wait, timestep:229, reward:8.082451579127792e-07
==================================================

coord:(15.834403936103284, 0.3109199486329711, 25.209677873385317)->(15.099012923228946, 0.19847252309924898, 24.474286860510958)
state:field-0.0, action:SA, timestep:230, reward:-0.4282397446026991
==================================================

coord:(15.099012923228946, 0.19847252309924898, 24.474286860510958)->(11.422057858857256, 1.5047578272521835, 28.151241924882754)
state:field-0.0, action:SD, timestep:231, reward:4.058631666586672
==================================================

coord:(11.422057858857256, 1.5047578272521835, 28.151241924882754)->(11.422057858857256, 0.6879500950990832, 26.24457532815223)
state:field-0.0, action:A, timestep:232, reward:-1.9389814796628908
==================================================

coord:(11.422057858857256, 0.6879500950990832, 26.24457532815223)->(11.422057858857256, 0.6879500950990832, 26.24457532815223)
state:field-0.0, action:Wait, timestep:233, reward:-4.234495118993209e-07
==================================================

coord:(11.422057858857256, 0.6879500950990832, 26.24457532815223)->(8.735391290736917, 0.7121196179052162, 26.24457532815223)
state:field-0.0, action:S, timestep:234, reward:-0.13807069701221764
==================================================

coord:(8.735391290736917, 0.7121196179052162, 26.24457532815223)->(10.206173316485593, 1.0653847105016305, 27.71535735390095)
state:field-0.0, action:WD, timestep:235, reward:1.4429953700491591
==================================================

coord:(10.206173316485593, 1.0653847105016305, 27.71535735390095)->(10.206173316485593, 1.0653847105016305, 27.71535735390095)
state:field-0.0, action:Wait, timestep:236, reward:2.9863802630814007e-07
==================================================

coord:(10.206173316485593, 1.0653847105016305, 27.71535735390095)->(11.799520511046659, 0.6879500950990832, 26.122010159339837)
state:field-0.0, action:WA, timestep:237, reward:-1.4097127835666967
==================================================

coord:(11.799520511046659, 0.6879500950990832, 26.122010159339837)->(11.799520511046659, 2.149935515203526, 30.022010016288636)
state:field-0.0, action:D, timestep:238, reward:3.7657587438416
==================================================

coord:(11.799520511046659, 2.149935515203526, 30.022010016288636)->(11.799520511046659, 3.001835666825593, 30.022010016288636)
state:air-5.0, action:Wait, timestep:239, reward:0.6331496141954247
==================================================

coord:(11.799520511046659, 3.001835666825593, 30.022010016288636)->(12.657476692733386, 2.8339589482040806, 30.87996619797539)
state:field-0.0, action:WD, timestep:240, reward:0.34637149614439977
==================================================

coord:(12.657476692733386, 2.8339589482040806, 30.87996619797539)->(8.497476845321248, 3.107298164943507, 30.87996619797539)
state:field-0.0, action:S, timestep:241, reward:0.05047390576985045
==================================================

coord:(8.497476845321248, 3.107298164943507, 30.87996619797539)->(7.284143556492716, 3.001835666825593, 30.87996619797539)
state:field-0.0, action:S, timestep:242, reward:-0.4060456127796872
==================================================

coord:(7.284143556492716, 3.001835666825593, 30.87996619797539)->(7.284143556492716, 3.001835666825593, 30.87996619797539)
state:field-0.0, action:Wait, timestep:243, reward:3.009166018586029e-07
==================================================

coord:(7.284143556492716, 3.001835666825593, 30.87996619797539)->(6.070810267664188, 2.8339589482040806, 30.87996619797539)
state:field-0.0, action:S, timestep:244, reward:-0.5586452323790283
==================================================

coord:(6.070810267664188, 2.8339589482040806, 30.87996619797539)->(5.030810305811165, 2.6145855278783046, 30.87996619797539)
state:field-0.0, action:S, timestep:245, reward:-0.6049806243277409
==================================================

coord:(5.030810305811165, 2.6145855278783046, 30.87996619797539)->(7.359548513246602, 1.5047578272521835, 28.551227990539918)
state:field-0.0, action:WA, timestep:246, reward:-1.3719065235357757
==================================================

coord:(7.359548513246602, 1.5047578272521835, 28.551227990539918)->(6.319548551393578, 1.4206047174897594, 28.551227990539918)
state:field-0.0, action:S, timestep:247, reward:-0.35908182771592934
==================================================

coord:(6.319548551393578, 1.4206047174897594, 28.551227990539918)->(5.279548589540554, 1.3106373815111794, 28.551227990539918)
state:field-0.0, action:S, timestep:248, reward:-0.44067230821811343
==================================================

coord:(5.279548589540554, 1.3106373815111794, 28.551227990539918)->(6.62776544647686, 0.9716661785692532, 27.203011133603592)
state:field-0.0, action:WA, timestep:249, reward:-0.6740844060006612
==================================================

coord:(6.62776544647686, 0.9716661785692532, 27.203011133603592)->(5.32776549416058, 0.8964506454922149, 27.203011133603592)
state:field-0.0, action:S, timestep:250, reward:-0.4598665490815854
==================================================

coord:(5.32776549416058, 0.8964506454922149, 27.203011133603592)->(5.32776549416058, 0.8964506454922149, 27.203011133603592)
state:field-0.0, action:Wait, timestep:251, reward:9.283354067690652e-07
==================================================

coord:(5.32776549416058, 0.8964506454922149, 27.203011133603592)->(4.285961559255253, 0.5402376271462271, 26.16120719869825)
state:field-0.0, action:SA, timestep:252, reward:-1.3134488016054
==================================================

coord:(4.285961559255253, 0.5402376271462271, 26.16120719869825)->(3.4280053775685175, 0.3109199486329711, 25.303251017011497)
state:field-0.0, action:SA, timestep:253, reward:-1.0661344069293683
==================================================

coord:(3.4280053775685175, 0.3109199486329711, 25.303251017011497)->(2.5700491958817837, 0.17089039694146702, 24.445294835324745)
state:field-0.0, action:SA, timestep:254, reward:-1.0341491012493869
==================================================

coord:(2.5700491958817837, 0.17089039694146702, 24.445294835324745)->(1.4669626765702668, 0.0, 23.342208316013206)
state:field-0.0, action:SA, timestep:255, reward:-1.3542695691459947
==================================================

coord:(1.4669626765702668, 0.0, 23.342208316013206)->(-0.0038193491784235672, 0.0, 21.871426290264488)
state:field-0.0, action:SA, timestep:256, reward:-1.7322901664219685
==================================================

