coord:(32.0, 0.0, 7.0)->(32.0, 0.0, 7.0)
state:field-4, action:Wait, timestep:1, reward:-0.0
==================================================

coord:(32.0, 0.0, 7.0)->(26.800000190734934, 0.0, 7.0)
state:field-4, action:S, timestep:2, reward:3.3181867475263402
==================================================

coord:(26.800000190734934, 0.0, 7.0)->(23.405887794494745, 0.0, 10.394112396240262)
state:field-4, action:SDsj, timestep:3, reward:4.746191155792758
==================================================

coord:(23.405887794494745, 0.0, 10.394112396240262)->(19.16324729919451, 0.0, 6.151471900939943)
state:field-4, action:SAs, timestep:4, reward:-1.4174550695194341
==================================================

coord:(19.16324729919451, 0.0, 6.151471900939943)->(15.869914086659964, 0.0, 6.151471900939943)
state:field-4, action:Sj, timestep:5, reward:1.371270132540623
==================================================

coord:(15.869914086659964, 0.0, 6.151471900939943)->(15.869914086659964, 0.0, 12.151471900939923)
state:field-4, action:Ds, timestep:6, reward:5.468680387815855
==================================================

coord:(15.869914086659964, 0.0, 12.151471900939923)->(15.869914086659964, 0.0, 17.351471710205068)
state:field-3, action:D, timestep:7, reward:4.55327666252246
==================================================

coord:(15.869914086659964, 0.0, 17.351471710205068)->(15.869914086659964, 0.0, 22.151471710205136)
state:field-3, action:Dsj, timestep:8, reward:3.95397520252936
==================================================

coord:(15.869914086659964, 0.0, 22.151471710205136)->(10.669914277394792, 0.0, 22.151471710205136)
state:field-3, action:S, timestep:9, reward:2.76126429505031
==================================================

coord:(10.669914277394792, 0.0, 22.151471710205136)->(7.37658106486019, 0.0, 22.151471710205136)
state:field-3, action:Sj, timestep:10, reward:1.2020660438159574
==================================================

coord:(7.37658106486019, 0.0, 22.151471710205136)->(3.9824686686199584, 0.0, 18.757359313964947)
state:field-3, action:SAsj, timestep:11, reward:-2.694196359363314
==================================================

coord:(3.9824686686199584, 0.0, 18.757359313964947)->(3.9824686686199584, 0.0, 23.557359313965016)
state:field-2, action:Dsj, timestep:12, reward:4.773225672803882
==================================================

coord:(3.9824686686199584, 0.0, 23.557359313965016)->(7.275801881154534, 0.0, 23.557359313965016)
state:field-2, action:Wj, timestep:13, reward:-0.7065882810349216
==================================================

coord:(7.275801881154534, 0.0, 23.557359313965016)->(7.275801881154534, 0.0, 29.5573593139651)
state:field-2, action:Ds, timestep:14, reward:5.568616066307474
==================================================

coord:(7.275801881154534, 0.0, 29.5573593139651)->(7.275801881154534, 0.0, 34.057359313965165)
state:field-1, action:Ds, timestep:15, reward:3.75305506233914
==================================================

coord:(7.275801881154534, 0.0, 34.057359313965165)->(7.275801881154534, 2.599999904632568, 34.057359313965165)
state:wall-6, action:Wj, timestep:16, reward:-0.4145254700968177
==================================================

coord:(7.275801881154534, 2.599999904632568, 34.057359313965165)->(7.175801881154534, 3.0113669766080644, 34.057359313965165)
state:field-0, action:Ssj, timestep:17, reward:-0.0751998271144565
==================================================

coord:(7.175801881154534, 3.0113669766080644, 34.057359313965165)->(7.105091206232863, 3.0750669770531123, 33.986648639043494)
state:field-0, action:SAsj, timestep:18, reward:-0.02994515894435068
==================================================

coord:(7.105091206232863, 3.0750669770531123, 33.986648639043494)->(7.105091206232863, 1.7750670247368217, 33.986648639043494)
state:wall-5, action:S, timestep:19, reward:0.38093862527904143
==================================================

coord:(7.105091206232863, 1.7750670247368217, 33.986648639043494)->(7.105091206232863, 1.8578770222779313, 34.07331530253125)
state:field-0, action:Dj, timestep:20, reward:0.0455162034691341
==================================================

coord:(7.105091206232863, 1.8578770222779313, 34.07331530253125)->(7.105091206232863, 0.5578770699616492, 34.07331530253125)
state:wall-5, action:S, timestep:21, reward:0.1977387116347611
==================================================

coord:(7.105091206232863, 0.5578770699616492, 34.07331530253125)->(7.105091206232862, 3.1578769745942146, 35.023315302531195)
state:wall-5, action:Wj, timestep:22, reward:0.04458161125293092
==================================================

coord:(7.105091206232862, 3.1578769745942146, 35.023315302531195)->(7.191757869720614, 4.108439242504895, 35.023315302531195)
state:field-0, action:Wj, timestep:23, reward:-0.4850390437571681
==================================================

coord:(7.191757869720614, 4.108439242504895, 35.023315302531195)->(8.172279220219743, 4.88133257699535, 36.003836653030284)
state:field-0, action:WDj, timestep:24, reward:-0.54317128988448
==================================================

coord:(8.172279220219743, 4.88133257699535, 36.003836653030284)->(8.172279220219743, 5.314665894434114, 36.003836653030284)
state:wall-5, action:Wj, timestep:25, reward:-0.24685336328461993
==================================================

coord:(8.172279220219743, 5.314665894434114, 36.003836653030284)->(8.172279220219743, 5.964481435384897, 36.003836653030284)
state:air-10, action:Wait, timestep:26, reward:-0.39531624070357374
==================================================

coord:(8.172279220219743, 5.964481435384897, 36.003836653030284)->(8.172279220219743, 5.964481435384897, 36.003836653030284)
state:field-0, action:Wait, timestep:27, reward:-0.0
==================================================

coord:(8.172279220219743, 5.964481435384897, 36.003836653030284)->(8.172279220219743, 5.964481435384897, 36.003836653030284)
state:field-0, action:Wait, timestep:28, reward:-0.0
==================================================

coord:(8.172279220219743, 5.964481435384897, 36.003836653030284)->(8.172279220219743, 5.964481435384897, 36.003836653030284)
state:field-0, action:Wait, timestep:29, reward:-0.0
==================================================

coord:(8.172279220219743, 5.964481435384897, 36.003836653030284)->(6.005612633025942, 4.889092483436676, 36.003836653030284)
state:field-0, action:S, timestep:30, reward:1.9901146654361526
==================================================

coord:(6.005612633025942, 4.889092483436676, 36.003836653030284)->(4.963808698120615, 4.710192649100281, 37.045640587935566)
state:field-0, action:SD, timestep:31, reward:1.177139108212402
==================================================

coord:(4.963808698120615, 4.710192649100281, 37.045640587935566)->(5.944330048619746, 4.264483624257657, 36.06511923743648)
state:field-0, action:WA, timestep:32, reward:-0.7155246363432104
==================================================

coord:(5.944330048619746, 4.264483624257657, 36.06511923743648)->(7.905372749618009, 3.0113669766080644, 34.1040765364383)
state:field-0, action:WA, timestep:33, reward:-1.8553243684284517
==================================================

coord:(7.905372749618009, 3.0113669766080644, 34.1040765364383)->(7.905372749618009, 3.0113669766080644, 34.1040765364383)
state:field-0, action:Wait, timestep:34, reward:-0.0
==================================================

coord:(7.905372749618009, 3.0113669766080644, 34.1040765364383)->(7.905372749618009, 3.0113669766080644, 34.1040765364383)
state:field-0, action:Wait, timestep:35, reward:-0.0
==================================================

coord:(7.905372749618009, 3.0113669766080644, 34.1040765364383)->(5.392039508473202, 2.348730217788035, 34.1040765364383)
state:field-0, action:S, timestep:36, reward:1.675372591671147
==================================================

coord:(5.392039508473202, 2.348730217788035, 34.1040765364383)->(5.392039508473202, 2.348730217788035, 34.1040765364383)
state:field-0, action:Wait, timestep:37, reward:-0.0
==================================================

coord:(5.392039508473202, 2.348730217788035, 34.1040765364383)->(4.472800742380266, 2.7264118720979256, 35.023315302531195)
state:field-0, action:SD, timestep:38, reward:1.006188441333232
==================================================

coord:(4.472800742380266, 2.7264118720979256, 35.023315302531195)->(5.392039508473202, 2.348730217788035, 34.1040765364383)
state:field-0, action:WA, timestep:39, reward:-1.006188441333232
==================================================

coord:(5.392039508473202, 2.348730217788035, 34.1040765364383)->(5.392039508473202, 2.348730217788035, 34.1040765364383)
state:field-0, action:Wait, timestep:40, reward:-0.0
==================================================

coord:(5.392039508473202, 2.348730217788035, 34.1040765364383)->(5.392039508473202, 2.348730217788035, 34.1040765364383)
state:field-0, action:Wait, timestep:41, reward:-0.0
==================================================

coord:(5.392039508473202, 2.348730217788035, 34.1040765364383)->(5.392039508473202, 2.348730217788035, 34.1040765364383)
state:field-0, action:Wait, timestep:42, reward:-0.0
==================================================

coord:(5.392039508473202, 2.348730217788035, 34.1040765364383)->(5.392039508473202, 2.348730217788035, 34.1040765364383)
state:field-0, action:Wait, timestep:43, reward:-0.0
==================================================

coord:(5.392039508473202, 2.348730217788035, 34.1040765364383)->(5.392039508473202, 2.348730217788035, 34.1040765364383)
state:field-0, action:Wait, timestep:44, reward:-0.0
==================================================

coord:(5.392039508473202, 2.348730217788035, 34.1040765364383)->(3.398706248254903, 1.6585568706550193, 34.1040765364383)
state:field-0, action:S, timestep:45, reward:0.9136923298461035
==================================================

coord:(3.398706248254903, 1.6585568706550193, 34.1040765364383)->(1.5602287160690431, 0.0, 32.26559900425251)
state:field-0, action:SA, timestep:46, reward:-1.4644493379512857
==================================================

coord:(1.5602287160690431, 0.0, 32.26559900425251)->(1.5602287160690431, 0.0, 32.26559900425251)
state:field-0, action:Wait, timestep:47, reward:-0.0
==================================================

coord:(1.5602287160690431, 0.0, 32.26559900425251)->(1.5602287160690431, 0.0, 32.26559900425251)
state:field-0, action:Wait, timestep:48, reward:-0.0
==================================================

coord:(1.5602287160690431, 0.0, 32.26559900425251)->(6.760228525334173, 0.0, 32.26559900425251)
state:field-0, action:W, timestep:49, reward:-1.3349970501611343
==================================================

coord:(6.760228525334173, 0.0, 32.26559900425251)->(3.083273460962437, 0.0, 28.588643939880725)
state:field-0, action:SA, timestep:50, reward:-2.380767541537823
==================================================

coord:(3.083273460962437, 0.0, 28.588643939880725)->(-0.042138343753528026, 0.0, 31.714055744596752)
state:field-0, action:SD, timestep:51, reward:2.9287725340237216
==================================================

