coord:(32.0, 0.0, 7.0)->(32.0, 0.0, 7.0)
state:field-4, action:Wait, timestep:1, reward:-0.0
==================================================

coord:(32.0, 0.0, 7.0)->(34.05060957272845, 1.4683558562169865, 4.949390427271527)
state:field-4, action:WAsj, timestep:2, reward:-2.919610146466667
==================================================

coord:(34.05060957272845, 1.4683558562169865, 4.949390427271527)->(34.05060957272845, 2.0656377555323058, 10.149390236536668)
state:field-4, action:D, timestep:3, reward:3.6707259881330714
==================================================

coord:(34.05060957272845, 2.0656377555323058, 10.149390236536668)->(34.05060957272845, 2.0376296393896305, 10.149390236536668)
state:air-14, action:Wait, timestep:4, reward:0.001310537440694759
==================================================

coord:(34.05060957272845, 2.0376296393896305, 10.149390236536668)->(34.05060957272845, 1.9558633469764788, 11.622723515828467)
state:field-4, action:D, timestep:5, reward:0.9932793981773642
==================================================

coord:(34.05060957272845, 1.9558633469764788, 11.622723515828467)->(33.950609572728446, 1.9558633469764788, 11.622723515828467)
state:field-4, action:Ss, timestep:6, reward:0.07474135833067663
==================================================

coord:(33.950609572728446, 1.9558633469764788, 11.622723515828467)->(33.950609572728446, 4.555863251609044, 12.022723515828472)
state:wall-9, action:Wj, timestep:7, reward:0.06563739003991742
==================================================

coord:(33.950609572728446, 4.555863251609044, 12.022723515828472)->(33.950609572728446, 3.2558632992927623, 12.022723515828472)
state:wall-9, action:S, timestep:8, reward:0.11904601890118016
==================================================

coord:(33.950609572728446, 3.2558632992927623, 12.022723515828472)->(33.950609572728446, 5.855863203925341, 13.022723515828488)
state:wall-9, action:Wj, timestep:9, reward:0.36860373580517347
==================================================

coord:(33.950609572728446, 5.855863203925341, 13.022723515828488)->(33.950609572728446, 7.155863156241608, 14.022723515828504)
state:wall-8, action:W, timestep:10, reward:0.4289372346059608
==================================================

coord:(33.950609572728446, 7.155863156241608, 14.022723515828504)->(33.950609572728446, 9.755863060874159, 15.022723515828519)
state:wall-8, action:Wj, timestep:11, reward:0.08363406664660289
==================================================

coord:(33.950609572728446, 9.755863060874159, 15.022723515828519)->(33.950609572728446, 12.355862965506693, 16.02272351582853)
state:wall-7, action:Wj, timestep:12, reward:-0.10219492104953076
==================================================

coord:(33.950609572728446, 12.355862965506693, 16.02272351582853)->(33.950609572728446, 11.055863013190374, 16.02272351582853)
state:wall-7, action:S, timestep:13, reward:0.3655329207419129
==================================================

coord:(33.950609572728446, 11.055863013190374, 16.02272351582853)->(33.950609572728446, 9.755863060874054, 16.02272351582853)
state:wall-7, action:S, timestep:14, reward:0.327666467474387
==================================================

coord:(33.950609572728446, 9.755863060874054, 16.02272351582853)->(33.950609572728446, 12.355862965506587, 17.022723515828545)
state:wall-7, action:Wj, timestep:15, reward:-0.12791029042378455
==================================================

coord:(33.950609572728446, 12.355862965506587, 17.022723515828545)->(33.950609572728446, 11.055863013190267, 17.022723515828545)
state:wall-6, action:S, timestep:16, reward:0.3705874217874907
==================================================

coord:(33.950609572728446, 11.055863013190267, 17.022723515828545)->(33.950609572728446, 12.355862965506589, 18.02272351582856)
state:wall-6, action:W, timestep:17, reward:0.177979709283683
==================================================

coord:(33.950609572728446, 12.355862965506589, 18.02272351582856)->(33.950609572728446, 11.055863013190269, 18.02272351582856)
state:wall-6, action:S, timestep:18, reward:0.375628496412844
==================================================

coord:(33.950609572728446, 11.055863013190269, 18.02272351582856)->(33.950609572728446, 13.6558629178228, 19.022723515828574)
state:wall-6, action:Wj, timestep:19, reward:-0.2631973230993978
==================================================

coord:(33.950609572728446, 13.6558629178228, 19.022723515828574)->(33.950609572728446, 16.25586282245534, 20.022723515828588)
state:wall-6, action:Wj, timestep:20, reward:-0.45102835274003894
==================================================

coord:(33.950609572728446, 16.25586282245534, 20.022723515828588)->(33.950609572728446, 14.955862870139041, 20.022723515828588)
state:wall-5, action:S, timestep:21, reward:0.49736564121841553
==================================================

coord:(33.950609572728446, 14.955862870139041, 20.022723515828588)->(33.950609572728446, 13.655862917822722, 20.022723515828588)
state:wall-5, action:S, timestep:22, reward:0.46135587313212767
==================================================

coord:(33.950609572728446, 13.655862917822722, 20.022723515828588)->(33.950609572728446, 15.345862855833868, 20.022723515828588)
state:wall-5, action:Wj, timestep:23, reward:-0.6068427770513125
==================================================

coord:(33.950609572728446, 15.345862855833868, 20.022723515828588)->(33.950609572728446, 7.202880119866225, 20.022723515828588)
state:air-10, action:Wait, timestep:24, reward:2.322723020387201
==================================================

coord:(33.950609572728446, 7.202880119866225, 20.022723515828588)->(33.950609572728446, 0.0, 20.022723515828588)
state:air-10, action:Wait, timestep:25, reward:0.6822360508193057
==================================================

coord:(33.950609572728446, 0.0, 20.022723515828588)->(33.950609572728446, 0.0, 20.022723515828588)
state:field-0, action:Wait, timestep:26, reward:-0.0
==================================================

coord:(33.950609572728446, 0.0, 20.022723515828588)->(28.750609763463302, 0.0, 20.022723515828588)
state:field-0, action:S, timestep:27, reward:4.2950746596455645
==================================================

coord:(28.750609763463302, 0.0, 20.022723515828588)->(28.750609763463302, 0.0, 20.022723515828588)
state:field-0, action:Wait, timestep:28, reward:-0.0
==================================================

coord:(28.750609763463302, 0.0, 20.022723515828588)->(28.750609763463302, 0.0, 20.022723515828588)
state:field-0, action:Wait, timestep:29, reward:-0.0
==================================================

coord:(28.750609763463302, 0.0, 20.022723515828588)->(28.750609763463302, 0.0, 20.022723515828588)
state:field-0, action:Wait, timestep:30, reward:-0.0
==================================================

coord:(28.750609763463302, 0.0, 20.022723515828588)->(28.750609763463302, 0.0, 20.022723515828588)
state:field-0, action:Wait, timestep:31, reward:-0.0
==================================================

coord:(28.750609763463302, 0.0, 20.022723515828588)->(25.073654699091506, 0.0, 16.34576845145679)
state:field-0, action:SA, timestep:32, reward:0.34276858473187843
==================================================

coord:(25.073654699091506, 0.0, 16.34576845145679)->(25.073654699091506, 0.0, 16.34576845145679)
state:field-0, action:Wait, timestep:33, reward:-0.0
==================================================

coord:(25.073654699091506, 0.0, 16.34576845145679)->(25.073654699091506, 0.0, 16.34576845145679)
state:field-0, action:Wait, timestep:34, reward:-0.0
==================================================

coord:(25.073654699091506, 0.0, 16.34576845145679)->(25.073654699091506, 0.0, 16.34576845145679)
state:field-0, action:Wait, timestep:35, reward:-0.0
==================================================

coord:(25.073654699091506, 0.0, 16.34576845145679)->(28.750609763463302, 0.0, 20.022723515828588)
state:field-0, action:WD, timestep:36, reward:-0.34276858473187843
==================================================

coord:(28.750609763463302, 0.0, 20.022723515828588)->(25.073654699091506, 0.0, 16.34576845145679)
state:field-0, action:SA, timestep:37, reward:0.34276858473187843
==================================================

coord:(25.073654699091506, 0.0, 16.34576845145679)->(21.39669963471971, 0.0, 12.668813387085093)
state:field-0, action:SA, timestep:38, reward:-0.47040431797136506
==================================================

coord:(21.39669963471971, 0.0, 12.668813387085093)->(16.196699825454644, 0.0, 12.668813387085093)
state:field-0, action:S, timestep:39, reward:2.716182443615846
==================================================

coord:(16.196699825454644, 0.0, 12.668813387085093)->(12.519744761082949, 0.0, 8.991858322713403)
state:field-0, action:SA, timestep:40, reward:-1.9456279012307611
==================================================

coord:(12.519744761082949, 0.0, 8.991858322713403)->(12.519744761082949, 0.0, 8.991858322713403)
state:field-0, action:Wait, timestep:41, reward:-0.0
==================================================

coord:(12.519744761082949, 0.0, 8.991858322713403)->(12.519744761082949, 0.0, 8.991858322713403)
state:field-0, action:Wait, timestep:42, reward:-0.0
==================================================

coord:(12.519744761082949, 0.0, 8.991858322713403)->(8.84278969671126, 0.0, 12.668813387085093)
state:field-0, action:SD, timestep:43, reward:4.569237598057018
==================================================

coord:(8.84278969671126, 0.0, 12.668813387085093)->(8.84278969671126, 0.0, 12.668813387085093)
state:field-0, action:Wait, timestep:44, reward:-0.0
==================================================

coord:(8.84278969671126, 0.0, 12.668813387085093)->(14.042789505976431, 0.0, 12.668813387085093)
state:field-0, action:W, timestep:45, reward:-1.691978747305992
==================================================

coord:(14.042789505976431, 0.0, 12.668813387085093)->(17.719744570348173, 0.0, 16.34576845145679)
state:field-0, action:WD, timestep:46, reward:1.4654605261665061
==================================================

coord:(17.719744570348173, 0.0, 16.34576845145679)->(14.042789505976433, 0.0, 20.022723515828588)
state:field-0, action:SD, timestep:47, reward:5.074898356087498
==================================================

coord:(14.042789505976433, 0.0, 20.022723515828588)->(14.042789505976433, 0.0, 20.022723515828588)
state:field-0, action:Wait, timestep:48, reward:-0.0
==================================================

coord:(14.042789505976433, 0.0, 20.022723515828588)->(10.365834441604743, 0.0, 16.34576845145679)
state:field-0, action:SA, timestep:49, reward:-1.7636474734697636
==================================================

coord:(10.365834441604743, 0.0, 16.34576845145679)->(6.688879377233034, 0.0, 20.022723515828588)
state:field-0, action:SD, timestep:50, reward:4.569870143462616
==================================================

coord:(6.688879377233034, 0.0, 20.022723515828588)->(11.888879186498192, 0.0, 20.022723515828588)
state:field-0, action:W, timestep:51, reward:-1.7706742373070483
==================================================

coord:(11.888879186498192, 0.0, 20.022723515828588)->(17.08887899576334, 0.0, 20.022723515828588)
state:field-0, action:W, timestep:52, reward:-2.7444529020175352
==================================================

coord:(17.08887899576334, 0.0, 20.022723515828588)->(17.08887899576334, 0.0, 25.222723325093654)
state:field-0, action:D, timestep:53, reward:3.9155814040576544
==================================================

coord:(17.08887899576334, 0.0, 25.222723325093654)->(17.08887899576334, 0.0, 25.222723325093654)
state:field-0, action:Wait, timestep:54, reward:-0.0
==================================================

coord:(17.08887899576334, 0.0, 25.222723325093654)->(17.08887899576334, 0.0, 30.42272313435872)
state:field-0, action:D, timestep:55, reward:3.2479870687554175
==================================================

coord:(17.08887899576334, 0.0, 30.42272313435872)->(13.411923931391621, 0.0, 26.745768069986923)
state:field-0, action:SA, timestep:56, reward:0.38153564409551066
==================================================

coord:(13.411923931391621, 0.0, 26.745768069986923)->(13.411923931391621, 0.0, 26.745768069986923)
state:field-0, action:Wait, timestep:57, reward:-0.0
==================================================

coord:(13.411923931391621, 0.0, 26.745768069986923)->(8.21192412212645, 0.0, 26.745768069986923)
state:field-0, action:S, timestep:58, reward:2.8524740719258066
==================================================

coord:(8.21192412212645, 0.0, 26.745768069986923)->(8.21192412212645, 0.0, 26.745768069986923)
state:field-0, action:Wait, timestep:59, reward:-0.0
==================================================

coord:(8.21192412212645, 0.0, 26.745768069986923)->(4.534969057754709, 0.0, 30.42272313435872)
state:field-0, action:SD, timestep:60, reward:4.730630463198338
==================================================

coord:(4.534969057754709, 0.0, 30.42272313435872)->(4.534969057754709, 0.0, 30.42272313435872)
state:field-0, action:Wait, timestep:61, reward:-0.0
==================================================

coord:(4.534969057754709, 0.0, 30.42272313435872)->(0.858013993382985, 0.0, 34.099678198730395)
state:field-0, action:SD, timestep:62, reward:3.897263924206004
==================================================

coord:(0.858013993382985, 0.0, 34.099678198730395)->(0.858013993382985, 0.0, 34.099678198730395)
state:field-0, action:Wait, timestep:63, reward:-0.0
==================================================

coord:(0.858013993382985, 0.0, 34.099678198730395)->(0.858013993382985, 0.0, 34.099678198730395)
state:field-0, action:Wait, timestep:64, reward:-0.0
==================================================

coord:(0.858013993382985, 0.0, 34.099678198730395)->(0.858013993382985, 0.0, 39.299678007995674)
state:field-0, action:D, timestep:65, reward:4.670198971561982
==================================================

coord:(0.858013993382985, 0.0, 39.299678007995674)->(0.858013993382985, 0.0, 39.299678007995674)
state:field-0, action:Wait, timestep:66, reward:-0.0
==================================================

coord:(0.858013993382985, 0.0, 39.299678007995674)->(0.858013993382985, 0.0, 39.299678007995674)
state:field-0, action:Wait, timestep:67, reward:-0.0
==================================================

coord:(0.858013993382985, 0.0, 39.299678007995674)->(0.858013993382985, 0.0, 39.299678007995674)
state:field-0, action:Wait, timestep:68, reward:-0.0
==================================================

coord:(0.858013993382985, 0.0, 39.299678007995674)->(0.858013993382985, 0.0, 39.299678007995674)
state:field-0, action:Wait, timestep:69, reward:-0.0
==================================================

coord:(0.858013993382985, 0.0, 39.299678007995674)->(0.858013993382985, 0.0, 39.299678007995674)
state:field-0, action:Wait, timestep:70, reward:-0.0
==================================================

coord:(0.858013993382985, 0.0, 39.299678007995674)->(0.858013993382985, 0.0, 39.299678007995674)
state:field-0, action:Wait, timestep:71, reward:-0.0
==================================================

coord:(0.858013993382985, 0.0, 39.299678007995674)->(0.858013993382985, 0.0, 39.299678007995674)
state:field-0, action:Wait, timestep:72, reward:-0.0
==================================================

coord:(0.858013993382985, 0.0, 39.299678007995674)->(0.858013993382985, 0.0, 39.299678007995674)
state:field-0, action:Wait, timestep:73, reward:-0.0
==================================================

coord:(0.858013993382985, 0.0, 39.299678007995674)->(0.858013993382985, 0.0, 39.299678007995674)
state:field-0, action:Wait, timestep:74, reward:-0.0
==================================================

coord:(0.858013993382985, 0.0, 39.299678007995674)->(0.858013993382985, 0.0, 39.299678007995674)
state:field-0, action:Wait, timestep:75, reward:-0.0
==================================================

coord:(0.858013993382985, 0.0, 39.299678007995674)->(0.858013993382985, 0.0, 39.299678007995674)
state:field-0, action:Wait, timestep:76, reward:-0.0
==================================================

coord:(0.858013993382985, 0.0, 39.299678007995674)->(0.858013993382985, 0.0, 39.299678007995674)
state:field-0, action:Wait, timestep:77, reward:-0.0
==================================================

coord:(0.858013993382985, 0.0, 39.299678007995674)->(0.858013993382985, 0.0, 39.299678007995674)
state:field-0, action:Wait, timestep:78, reward:-0.0
==================================================

coord:(0.858013993382985, 0.0, 39.299678007995674)->(0.858013993382985, 0.0, 39.299678007995674)
state:field-0, action:Wait, timestep:79, reward:-0.0
==================================================

coord:(0.858013993382985, 0.0, 39.299678007995674)->(0.858013993382985, 0.0, 39.299678007995674)
state:field-0, action:Wait, timestep:80, reward:-0.0
==================================================

coord:(0.858013993382985, 0.0, 39.299678007995674)->(0.858013993382985, 0.0, 39.299678007995674)
state:field-0, action:Wait, timestep:81, reward:-0.0
==================================================

coord:(0.858013993382985, 0.0, 39.299678007995674)->(0.858013993382985, 0.0, 39.299678007995674)
state:field-0, action:Wait, timestep:82, reward:-0.0
==================================================

coord:(0.858013993382985, 0.0, 39.299678007995674)->(0.858013993382985, 0.0, 39.299678007995674)
state:field-0, action:Wait, timestep:83, reward:-0.0
==================================================

coord:(0.858013993382985, 0.0, 39.299678007995674)->(0.858013993382985, 0.0, 39.299678007995674)
state:field-0, action:Wait, timestep:84, reward:-0.0
==================================================

coord:(0.858013993382985, 0.0, 39.299678007995674)->(0.858013993382985, 0.0, 39.299678007995674)
state:field-0, action:Wait, timestep:85, reward:-0.0
==================================================

coord:(0.858013993382985, 0.0, 39.299678007995674)->(0.858013993382985, 0.0, 39.299678007995674)
state:field-0, action:Wait, timestep:86, reward:-0.0
==================================================

coord:(0.858013993382985, 0.0, 39.299678007995674)->(0.858013993382985, 0.0, 39.299678007995674)
state:field-0, action:Wait, timestep:87, reward:-0.0
==================================================

coord:(0.858013993382985, 0.0, 39.299678007995674)->(0.858013993382985, 0.0, 39.299678007995674)
state:field-0, action:Wait, timestep:88, reward:-0.0
==================================================

coord:(0.858013993382985, 0.0, 39.299678007995674)->(-0.06122477270994616, 0.0, 40.21891677408857)
state:field-0, action:SD, timestep:89, reward:-0.7331969915203691
==================================================

