coord:(8.0, 0.0, 43.0)->(8.0, 0.0, 43.0)
state:field-4, action:Wait, timestep:1, reward:-0.0
==================================================

coord:(8.0, 0.0, 43.0)->(4.6058876037597685, 0.0, 39.60588760375981)
state:field-4, action:SAsj, timestep:2, reward:0.7959143547605763
==================================================

coord:(4.6058876037597685, 0.0, 39.60588760375981)->(8.0, 0.0, 36.21177520751962)
state:field-4, action:WAsj, timestep:3, reward:4.765057590498294
==================================================

coord:(8.0, 0.0, 36.21177520751962)->(10.079999923706069, 0.7176867008018465, 36.21177520751962)
state:field-4, action:Wj, timestep:4, reward:1.259419703466257
==================================================

coord:(10.079999923706069, 0.7176867008018465, 36.21177520751962)->(10.079999923706069, 3.3176866054344116, 36.21177520751962)
state:wall-9, action:Wj, timestep:5, reward:-0.051618279664012334
==================================================

coord:(10.079999923706069, 3.3176866054344116, 36.21177520751962)->(9.938578573862724, 3.476072598707611, 36.07035385767628)
state:field-3, action:SAs, timestep:6, reward:0.023871489895384457
==================================================

coord:(9.938578573862724, 3.476072598707611, 36.07035385767628)->(9.938578573862724, 4.776072551023888, 37.02035385767623)
state:wall-8, action:W, timestep:7, reward:-0.878401827396182
==================================================

coord:(9.938578573862724, 4.776072551023888, 37.02035385767623)->(9.938578573862724, 7.376072455656473, 38.02035385767617)
state:wall-8, action:Wj, timestep:8, reward:-1.1617711018409054
==================================================

coord:(9.938578573862724, 7.376072455656473, 38.02035385767617)->(9.938578573862724, 9.976072360289018, 39.02035385767611)
state:wall-7, action:Wj, timestep:9, reward:-1.3311069978940466
==================================================

coord:(9.938578573862724, 9.976072360289018, 39.02035385767611)->(9.938578573862724, 8.676072407972699, 39.02035385767611)
state:wall-7, action:S, timestep:10, reward:0.27492889605869664
==================================================

coord:(9.938578573862724, 8.676072407972699, 39.02035385767611)->(9.938578573862724, 9.976072360289018, 40.02035385767606)
state:wall-7, action:W, timestep:11, reward:-1.0968187550458453
==================================================

coord:(9.938578573862724, 9.976072360289018, 40.02035385767606)->(9.938578573862724, 12.576072264921551, 41.020353857676)
state:wall-7, action:Wj, timestep:12, reward:-1.4778494728479146
==================================================

coord:(9.938578573862724, 12.576072264921551, 41.020353857676)->(9.938578573862724, 13.876072217237871, 42.02035385767594)
state:wall-6, action:W, timestep:13, reward:-1.1994102694380473
==================================================

coord:(9.938578573862724, 13.876072217237871, 42.02035385767594)->(9.938578573862724, 16.476072121870423, 43.020353857675886)
state:wall-6, action:Wj, timestep:14, reward:-1.6681071824572697
==================================================

coord:(9.938578573862724, 16.476072121870423, 43.020353857675886)->(9.938578573862724, 19.076072026503063, 44.02035385767583)
state:wall-5, action:Wj, timestep:15, reward:-1.779133434728763
==================================================

coord:(9.938578573862724, 19.076072026503063, 44.02035385767583)->(9.938578573862724, 20.24607198358775, 44.02035385767583)
state:wall-5, action:Wj, timestep:16, reward:-0.4752597279611308
==================================================

coord:(9.938578573862724, 20.24607198358775, 44.02035385767583)->(9.938578573862724, 12.103089247620103, 44.02035385767583)
state:air-10, action:Wait, timestep:17, reward:2.7477459074252124
==================================================

coord:(9.938578573862724, 12.103089247620103, 44.02035385767583)->(9.938578573862724, 3.960106511652456, 44.02035385767583)
state:air-10, action:Wait, timestep:18, reward:1.3001493265907555
==================================================

coord:(9.938578573862724, 3.960106511652456, 44.02035385767583)->(9.938578573862724, 0.0, 44.02035385767583)
state:air-10, action:Wait, timestep:19, reward:0.062220707917205686
==================================================

coord:(9.938578573862724, 0.0, 44.02035385767583)->(9.938578573862724, 0.0, 38.82035404841055)
state:field-0, action:A, timestep:20, reward:4.45318505602534
==================================================

coord:(9.938578573862724, 0.0, 38.82035404841055)->(6.261623509491009, 0.0, 35.14339898403897)
state:field-0, action:SA, timestep:21, reward:0.7145792631434986
==================================================

coord:(6.261623509491009, 0.0, 35.14339898403897)->(6.261623509491009, 0.0, 29.943399174773774)
state:field-0, action:A, timestep:22, reward:3.7296662122346405
==================================================

coord:(6.261623509491009, 0.0, 29.943399174773774)->(6.261623509491009, 0.0, 24.743399365508708)
state:field-0, action:A, timestep:23, reward:3.2746008565047937
==================================================

coord:(6.261623509491009, 0.0, 24.743399365508708)->(6.261623509491009, 0.0, 24.743399365508708)
state:field-0, action:Wait, timestep:24, reward:-0.0
==================================================

coord:(6.261623509491009, 0.0, 24.743399365508708)->(6.261623509491009, 0.0, 24.743399365508708)
state:field-0, action:Wait, timestep:25, reward:-0.0
==================================================

coord:(6.261623509491009, 0.0, 24.743399365508708)->(9.938578573862724, 1.0287278707495946, 21.06644430113691)
state:field-0, action:WA, timestep:26, reward:5.136271250200476
==================================================

coord:(9.938578573862724, 1.0287278707495946, 21.06644430113691)->(8.10010104167688, 0.6518067826624893, 22.90492183332281)
state:field-0, action:SD, timestep:27, reward:-2.556157802425915
==================================================

coord:(8.10010104167688, 0.6518067826624893, 22.90492183332281)->(11.777056106048569, 2.27490995745885, 19.227966768951013)
state:field-0, action:WA, timestep:28, reward:5.074454728610323
==================================================

coord:(11.777056106048569, 2.27490995745885, 19.227966768951013)->(11.777056106048569, 2.27490995745885, 19.227966768951013)
state:field-0, action:Wait, timestep:29, reward:-0.0
==================================================

coord:(11.777056106048569, 2.27490995745885, 19.227966768951013)->(11.777056106048569, 0.8027736300479178, 22.2612999910223)
state:field-0, action:D, timestep:30, reward:-1.7209968610484907
==================================================

coord:(11.777056106048569, 0.8027736300479178, 22.2612999910223)->(10.563722817220029, 0.7639265719246717, 22.2612999910223)
state:field-0, action:S, timestep:31, reward:-0.9677508371042656
==================================================

coord:(10.563722817220029, 0.7639265719246717, 22.2612999910223)->(9.521918882314717, 1.0287278707495946, 21.21949605611696)
state:field-0, action:SA, timestep:32, reward:-0.2623820982756122
==================================================

coord:(9.521918882314717, 1.0287278707495946, 21.21949605611696)->(9.521918882314717, 1.0287278707495946, 21.21949605611696)
state:field-0, action:Wait, timestep:33, reward:-0.0
==================================================

coord:(9.521918882314717, 1.0287278707495946, 21.21949605611696)->(9.521918882314717, 1.0287278707495946, 21.21949605611696)
state:field-0, action:Wait, timestep:34, reward:-0.0
==================================================

coord:(9.521918882314717, 1.0287278707495946, 21.21949605611696)->(11.053983492469587, 0.8027736300479178, 22.751560666271875)
state:field-0, action:WD, timestep:35, reward:0.3587029466573348
==================================================

coord:(11.053983492469587, 0.8027736300479178, 22.751560666271875)->(11.053983492469587, 0.8027736300479178, 22.751560666271875)
state:field-0, action:Wait, timestep:36, reward:-0.0
==================================================

coord:(11.053983492469587, 0.8027736300479178, 22.751560666271875)->(11.053983492469587, 0.8027736300479178, 22.751560666271875)
state:field-0, action:Wait, timestep:37, reward:-0.0
==================================================

coord:(11.053983492469587, 0.8027736300479178, 22.751560666271875)->(11.053983492469587, 0.8027736300479178, 22.751560666271875)
state:field-0, action:Wait, timestep:38, reward:-0.0
==================================================

coord:(11.053983492469587, 0.8027736300479178, 22.751560666271875)->(10.747570570438613, 1.3353089673437484, 23.057973588302858)
state:field-0, action:SD, timestep:39, reward:-0.4242550086431436
==================================================

coord:(10.747570570438613, 1.3353089673437484, 23.057973588302858)->(9.644484051127106, 1.0287278707495946, 21.95488706899132)
state:field-0, action:SA, timestep:40, reward:-0.23978262720292065
==================================================

coord:(9.644484051127106, 1.0287278707495946, 21.95488706899132)->(8.725245285034184, 0.6518067826624893, 22.874125835084268)
state:field-0, action:SD, timestep:41, reward:-1.2860864265311491
==================================================

coord:(8.725245285034184, 0.6518067826624893, 22.874125835084268)->(12.402200349405874, 2.3436302805307814, 19.19717077071247)
state:field-0, action:WA, timestep:42, reward:5.08499007460448
==================================================

coord:(12.402200349405874, 2.3436302805307814, 19.19717077071247)->(11.605526752125341, 2.27490995745885, 19.993844367993027)
state:field-0, action:SD, timestep:43, reward:-1.0968974839529757
==================================================

coord:(11.605526752125341, 2.27490995745885, 19.993844367993027)->(13.076308777874017, 1.2056833046980358, 21.464626393741746)
state:field-0, action:WD, timestep:44, reward:0.35260436125268413
==================================================

coord:(13.076308777874017, 1.2056833046980358, 21.464626393741746)->(14.301960465997913, 1.6893332188740304, 20.238974705617814)
state:field-0, action:WA, timestep:45, reward:1.718394523108838
==================================================

coord:(14.301960465997913, 1.6893332188740304, 20.238974705617814)->(16.324285751402353, 0.7639265719246717, 22.2612999910223)
state:field-0, action:WD, timestep:46, reward:0.14157760462903823
==================================================

coord:(16.324285751402353, 0.7639265719246717, 22.2612999910223)->(16.324285751402353, 0.7639265719246717, 22.2612999910223)
state:field-0, action:Wait, timestep:47, reward:-0.0
==================================================

coord:(16.324285751402353, 0.7639265719246717, 22.2612999910223)->(12.684285884916738, 0.8270237604891869, 22.2612999910223)
state:field-0, action:S, timestep:48, reward:-2.671265855168212
==================================================

coord:(12.684285884916738, 0.8270237604891869, 22.2612999910223)->(11.642481950011426, 1.1587775213843676, 21.21949605611696)
state:field-0, action:SA, timestep:49, reward:-0.18442400927145286
==================================================

coord:(11.642481950011426, 1.1587775213843676, 21.21949605611696)->(10.53939543069992, 1.5604467445645802, 20.11640953680542)
state:field-0, action:SA, timestep:50, reward:-0.3027925472662929
==================================================

coord:(10.53939543069992, 1.5604467445645802, 20.11640953680542)->(10.53939543069992, 1.5604467445645802, 20.11640953680542)
state:field-0, action:Wait, timestep:51, reward:-0.0
==================================================

coord:(10.53939543069992, 1.5604467445645802, 20.11640953680542)->(14.352728624161045, 1.6893332188740304, 20.11640953680542)
state:field-0, action:W, timestep:52, reward:3.1321758974098763
==================================================

coord:(14.352728624161045, 1.6893332188740304, 20.11640953680542)->(12.63681626078759, 3.187471325270649, 18.400497173431916)
state:field-0, action:SA, timestep:53, reward:-0.5315027330518198
==================================================

coord:(12.63681626078759, 3.187471325270649, 18.400497173431916)->(14.904271883816799, 1.6893332188740304, 20.66795279646119)
state:field-0, action:WD, timestep:54, reward:0.614696956647002
==================================================

coord:(14.904271883816799, 1.6893332188740304, 20.66795279646119)->(15.394532559066358, 1.6397983047958267, 20.177692121211617)
state:field-0, action:WA, timestep:55, reward:0.6913513576844927
==================================================

coord:(15.394532559066358, 1.6397983047958267, 20.177692121211617)->(12.621199327458266, 1.6893332188740304, 20.177692121211617)
state:field-0, action:S, timestep:56, reward:-2.2050363943659868
==================================================

coord:(12.621199327458266, 1.6893332188740304, 20.177692121211617)->(12.621199327458266, 1.6893332188740304, 20.177692121211617)
state:field-0, action:Wait, timestep:57, reward:-0.0
==================================================

coord:(12.621199327458266, 1.6893332188740304, 20.177692121211617)->(12.621199327458266, 1.6893332188740304, 20.177692121211617)
state:field-0, action:Wait, timestep:58, reward:-0.0
==================================================

coord:(12.621199327458266, 1.6893332188740304, 20.177692121211617)->(11.579395392552954, 2.27490995745885, 19.135888186306275)
state:field-0, action:SA, timestep:59, reward:-0.32195540963062186
==================================================

coord:(11.579395392552954, 2.27490995745885, 19.135888186306275)->(11.579395392552954, 2.27490995745885, 19.135888186306275)
state:field-0, action:Wait, timestep:60, reward:-0.0
==================================================

coord:(11.579395392552954, 2.27490995745885, 19.135888186306275)->(13.908133599988357, 1.2056833046980358, 21.464626393741746)
state:field-0, action:WD, timestep:61, reward:0.5633152032813982
==================================================

coord:(13.908133599988357, 1.2056833046980358, 21.464626393741746)->(13.908133599988357, 1.2056833046980358, 21.464626393741746)
state:field-0, action:Wait, timestep:62, reward:-0.0
==================================================

coord:(13.908133599988357, 1.2056833046980358, 21.464626393741746)->(14.214546522019331, 1.1937817928180272, 21.77103931577273)
state:field-0, action:WD, timestep:63, reward:0.03384444074422177
==================================================

coord:(14.214546522019331, 1.1937817928180272, 21.77103931577273)->(12.743764496270655, 1.6893332188740304, 20.30025729002401)
state:field-0, action:SA, timestep:64, reward:-0.24585581182079252
==================================================

coord:(12.743764496270655, 1.6893332188740304, 20.30025729002401)->(11.443764543954362, 1.6397983047958267, 20.30025729002401)
state:field-0, action:S, timestep:65, reward:-1.0705011393621895
==================================================

coord:(11.443764543954362, 1.6397983047958267, 20.30025729002401)->(13.404807244952597, 0.8352688461235359, 22.2612999910223)
state:field-0, action:WD, timestep:66, reward:0.37810638683651376
==================================================

coord:(13.404807244952597, 0.8352688461235359, 22.2612999910223)->(14.20148084223313, 1.1937817928180272, 21.464626393741746)
state:field-0, action:WA, timestep:67, reward:1.128451724071084
==================================================

coord:(14.20148084223313, 1.1937817928180272, 21.464626393741746)->(14.20148084223313, 1.1937817928180272, 21.464626393741746)
state:field-0, action:Wait, timestep:68, reward:-0.0
==================================================

coord:(14.20148084223313, 1.1937817928180272, 21.464626393741746)->(15.61098028357561, 0.8027736300479178, 22.874125835084268)
state:field-0, action:WD, timestep:69, reward:0.05656857217175926
==================================================

coord:(15.61098028357561, 0.8027736300479178, 22.874125835084268)->(16.34637129644996, 0.7639265719246717, 22.13873482220991)
state:field-0, action:WA, timestep:70, reward:1.0384096713401796
==================================================

coord:(16.34637129644996, 0.7639265719246717, 22.13873482220991)->(17.449457815761498, 1.0287278707495946, 21.03564830289837)
state:field-0, action:WA, timestep:71, reward:1.565401187765378
==================================================

coord:(17.449457815761498, 1.0287278707495946, 21.03564830289837)->(15.733545452388002, 0.8027736300479178, 22.751560666271875)
state:field-0, action:SD, timestep:72, reward:-2.4305585428472227
==================================================

coord:(15.733545452388002, 0.8027736300479178, 22.751560666271875)->(15.733545452388002, 0.8027736300479178, 22.751560666271875)
state:field-0, action:Wait, timestep:73, reward:-0.0
==================================================

coord:(15.733545452388002, 0.8027736300479178, 22.751560666271875)->(16.34637129644996, 0.7639265719246717, 22.13873482220991)
state:field-0, action:WA, timestep:74, reward:0.8651573550818448
==================================================

coord:(16.34637129644996, 0.7639265719246717, 22.13873482220991)->(16.34637129644996, 0.7639265719246717, 22.13873482220991)
state:field-0, action:Wait, timestep:75, reward:-0.0
==================================================

coord:(16.34637129644996, 0.7639265719246717, 22.13873482220991)->(16.34637129644996, 0.7639265719246717, 22.13873482220991)
state:field-0, action:Wait, timestep:76, reward:-0.0
==================================================

coord:(16.34637129644996, 0.7639265719246717, 22.13873482220991)->(12.706371429964344, 0.8270237604891869, 22.13873482220991)
state:field-0, action:S, timestep:77, reward:-2.680053852817789
==================================================

coord:(12.706371429964344, 0.8270237604891869, 22.13873482220991)->(11.664567495059032, 1.1587775213843676, 21.096930887304566)
state:field-0, action:SA, timestep:78, reward:-0.189846122625152
==================================================

coord:(11.664567495059032, 1.1587775213843676, 21.096930887304566)->(13.380479858432487, 0.8352688461235359, 22.81284325067807)
state:field-0, action:WD, timestep:79, reward:0.2650033012793891
==================================================

coord:(13.380479858432487, 0.8352688461235359, 22.81284325067807)->(12.687146550530464, 0.8270237604891869, 22.81284325067807)
state:field-0, action:S, timestep:80, reward:-0.522310608898799
==================================================

coord:(12.687146550530464, 0.8270237604891869, 22.81284325067807)->(11.400212278000373, 2.1657997925481802, 24.0997775232082)
state:field-0, action:SD, timestep:81, reward:-1.8234829155794863
==================================================

coord:(11.400212278000373, 2.1657997925481802, 24.0997775232082)->(10.297125758688866, 1.9496568946979105, 25.20286404251974)
state:field-0, action:SD, timestep:82, reward:-1.5493662941511808
==================================================

coord:(10.297125758688866, 1.9496568946979105, 25.20286404251974)->(10.297125758688866, 1.9496568946979105, 25.20286404251974)
state:field-0, action:Wait, timestep:83, reward:-0.0
==================================================

coord:(10.297125758688866, 1.9496568946979105, 25.20286404251974)->(10.297125758688866, 1.3353089673437484, 23.469530772764717)
state:field-0, action:A, timestep:84, reward:1.1132667800708873
==================================================

coord:(10.297125758688866, 1.3353089673437484, 23.469530772764717)->(7.783792517544035, 0.0, 23.469530772764717)
state:field-0, action:S, timestep:85, reward:-2.0540810313296127
==================================================

coord:(7.783792517544035, 0.0, 23.469530772764717)->(6.558140829420121, 0.5137120627266188, 22.243879084640785)
state:field-0, action:SA, timestep:86, reward:-0.3380338845872082
==================================================

coord:(6.558140829420121, 0.5137120627266188, 22.243879084640785)->(5.344807540591593, 0.4426855223010539, 22.243879084640785)
state:field-0, action:S, timestep:87, reward:-1.0455724177605994
==================================================

coord:(5.344807540591593, 0.4426855223010539, 22.243879084640785)->(4.478140905714073, 0.3739850842877824, 22.243879084640785)
state:field-0, action:S, timestep:88, reward:-0.755460983649094
==================================================

coord:(4.478140905714073, 0.3739850842877824, 22.243879084640785)->(4.478140905714073, 0.0, 24.23721234485906)
state:field-0, action:D, timestep:89, reward:-1.035167381588586
==================================================

coord:(4.478140905714073, 0.0, 24.23721234485906)->(2.5783807891220167, 0.2514909889761102, 22.337452228266965)
state:field-0, action:SA, timestep:90, reward:-0.6840025636962324
==================================================

coord:(2.5783807891220167, 0.2514909889761102, 22.337452228266965)->(2.5783807891220167, 1.2923832522443555, 17.1374524190019)
state:field-0, action:A, timestep:91, reward:2.0584861622772124
==================================================

coord:(2.5783807891220167, 1.2923832522443555, 17.1374524190019)->(1.4140116854043043, 1.7231850364503003, 15.973083315284166)
state:field-0, action:SA, timestep:92, reward:-0.775685925680591
==================================================

coord:(1.4140116854043043, 1.7231850364503003, 15.973083315284166)->(2.0268375294662593, 1.6893332188740304, 16.58590915934613)
state:field-0, action:WD, timestep:93, reward:0.41630903279724407
==================================================

coord:(2.0268375294662593, 1.6893332188740304, 16.58590915934613)->(0.6786206725299591, 0.8027736300479178, 17.934126016282455)
state:field-0, action:SD, timestep:94, reward:-1.6996845624925072
==================================================

coord:(0.6786206725299591, 0.8027736300479178, 17.934126016282455)->(-0.05677034034438595, 0.8027736300479178, 17.198735003408096)
state:field-0, action:SA, timestep:95, reward:-0.47429247505652583
==================================================

