coord:(8.0, 0.0, 43.0)->(8.0, 0.0, 43.0)
state:field-4, action:Wait, timestep:1, reward:-0.0
==================================================

coord:(8.0, 0.0, 43.0)->(4.6058876037597685, 0.0, 39.60588760375981)
state:field-4, action:SAsj, timestep:2, reward:0.7959143547605763
==================================================

coord:(4.6058876037597685, 0.0, 39.60588760375981)->(8.0, 0.0, 36.21177520751962)
state:field-4, action:WAsj, timestep:3, reward:4.765057590498294
==================================================

coord:(8.0, 0.0, 36.21177520751962)->(10.079999923706069, 0.7176867008018465, 36.21177520751962)
state:field-4, action:Wj, timestep:4, reward:1.259419703466257
==================================================

coord:(10.079999923706069, 0.7176867008018465, 36.21177520751962)->(10.079999923706069, 3.3176866054344116, 36.21177520751962)
state:wall-9, action:Wj, timestep:5, reward:-0.051618279664012334
==================================================

coord:(10.079999923706069, 3.3176866054344116, 36.21177520751962)->(9.938578573862724, 3.476072598707611, 36.07035385767628)
state:field-3, action:SAs, timestep:6, reward:0.023871489895384457
==================================================

coord:(9.938578573862724, 3.476072598707611, 36.07035385767628)->(9.938578573862724, 4.776072551023888, 37.02035385767623)
state:wall-8, action:W, timestep:7, reward:-0.878401827396182
==================================================

coord:(9.938578573862724, 4.776072551023888, 37.02035385767623)->(9.938578573862724, 7.376072455656473, 38.02035385767617)
state:wall-8, action:Wj, timestep:8, reward:-1.1617711018409054
==================================================

coord:(9.938578573862724, 7.376072455656473, 38.02035385767617)->(9.938578573862724, 9.976072360289018, 39.02035385767611)
state:wall-7, action:Wj, timestep:9, reward:-1.3311069978940466
==================================================

coord:(9.938578573862724, 9.976072360289018, 39.02035385767611)->(9.938578573862724, 8.676072407972699, 39.02035385767611)
state:wall-7, action:S, timestep:10, reward:0.27492889605869664
==================================================

coord:(9.938578573862724, 8.676072407972699, 39.02035385767611)->(9.938578573862724, 9.976072360289018, 40.02035385767606)
state:wall-7, action:W, timestep:11, reward:-1.0968187550458453
==================================================

coord:(9.938578573862724, 9.976072360289018, 40.02035385767606)->(9.938578573862724, 12.576072264921551, 41.020353857676)
state:wall-7, action:Wj, timestep:12, reward:-1.4778494728479146
==================================================

coord:(9.938578573862724, 12.576072264921551, 41.020353857676)->(9.938578573862724, 13.876072217237871, 42.02035385767594)
state:wall-6, action:W, timestep:13, reward:-1.1994102694380473
==================================================

coord:(9.938578573862724, 13.876072217237871, 42.02035385767594)->(9.938578573862724, 16.476072121870423, 43.020353857675886)
state:wall-6, action:Wj, timestep:14, reward:-1.6681071824572697
==================================================

coord:(9.938578573862724, 16.476072121870423, 43.020353857675886)->(9.938578573862724, 19.076072026503063, 44.02035385767583)
state:wall-5, action:Wj, timestep:15, reward:-1.779133434728763
==================================================

coord:(9.938578573862724, 19.076072026503063, 44.02035385767583)->(9.938578573862724, 20.24607198358775, 44.02035385767583)
state:wall-5, action:Wj, timestep:16, reward:-0.4752597279611308
==================================================

coord:(9.938578573862724, 20.24607198358775, 44.02035385767583)->(9.938578573862724, 12.103089247620103, 44.02035385767583)
state:air-10, action:Wait, timestep:17, reward:2.7477459074252124
==================================================

coord:(9.938578573862724, 12.103089247620103, 44.02035385767583)->(9.938578573862724, 3.960106511652456, 44.02035385767583)
state:air-10, action:Wait, timestep:18, reward:1.3001493265907555
==================================================

coord:(9.938578573862724, 3.960106511652456, 44.02035385767583)->(9.938578573862724, 0.0, 44.02035385767583)
state:air-10, action:Wait, timestep:19, reward:0.062220707917205686
==================================================

coord:(9.938578573862724, 0.0, 44.02035385767583)->(9.938578573862724, 0.0, 38.82035404841055)
state:field-0, action:A, timestep:20, reward:4.45318505602534
==================================================

coord:(9.938578573862724, 0.0, 38.82035404841055)->(6.261623509491009, 0.0, 35.14339898403897)
state:field-0, action:SA, timestep:21, reward:0.7145792631434986
==================================================

coord:(6.261623509491009, 0.0, 35.14339898403897)->(6.261623509491009, 0.0, 29.943399174773774)
state:field-0, action:A, timestep:22, reward:3.7296662122346405
==================================================

coord:(6.261623509491009, 0.0, 29.943399174773774)->(6.261623509491009, 0.0, 24.743399365508708)
state:field-0, action:A, timestep:23, reward:3.2746008565047937
==================================================

coord:(6.261623509491009, 0.0, 24.743399365508708)->(6.261623509491009, 0.0, 24.743399365508708)
state:field-0, action:Wait, timestep:24, reward:-0.0
==================================================

coord:(6.261623509491009, 0.0, 24.743399365508708)->(6.261623509491009, 0.0, 24.743399365508708)
state:field-0, action:Wait, timestep:25, reward:-0.0
==================================================

coord:(6.261623509491009, 0.0, 24.743399365508708)->(9.938578573862724, 1.0287278707495946, 21.06644430113691)
state:field-0, action:WA, timestep:26, reward:5.136271250200476
==================================================

coord:(9.938578573862724, 1.0287278707495946, 21.06644430113691)->(8.10010104167688, 0.6518067826624893, 22.90492183332281)
state:field-0, action:SD, timestep:27, reward:-2.556157802425915
==================================================

coord:(8.10010104167688, 0.6518067826624893, 22.90492183332281)->(11.777056106048569, 2.27490995745885, 19.227966768951013)
state:field-0, action:WA, timestep:28, reward:5.074454728610323
==================================================

coord:(11.777056106048569, 2.27490995745885, 19.227966768951013)->(11.777056106048569, 2.27490995745885, 19.227966768951013)
state:field-0, action:Wait, timestep:29, reward:-0.0
==================================================

coord:(11.777056106048569, 2.27490995745885, 19.227966768951013)->(11.777056106048569, 0.8027736300479178, 22.2612999910223)
state:field-0, action:D, timestep:30, reward:-1.7209968610484907
==================================================

coord:(11.777056106048569, 0.8027736300479178, 22.2612999910223)->(10.563722817220029, 0.7639265719246717, 22.2612999910223)
state:field-0, action:S, timestep:31, reward:-0.9677508371042656
==================================================

coord:(10.563722817220029, 0.7639265719246717, 22.2612999910223)->(9.521918882314717, 1.0287278707495946, 21.21949605611696)
state:field-0, action:SA, timestep:32, reward:-0.2623820982756122
==================================================

coord:(9.521918882314717, 1.0287278707495946, 21.21949605611696)->(9.521918882314717, 1.0287278707495946, 21.21949605611696)
state:field-0, action:Wait, timestep:33, reward:-0.0
==================================================

coord:(9.521918882314717, 1.0287278707495946, 21.21949605611696)->(9.521918882314717, 1.0287278707495946, 21.21949605611696)
state:field-0, action:Wait, timestep:34, reward:-0.0
==================================================

coord:(9.521918882314717, 1.0287278707495946, 21.21949605611696)->(11.053983492469587, 0.8027736300479178, 22.751560666271875)
state:field-0, action:WD, timestep:35, reward:0.3587029466573348
==================================================

coord:(11.053983492469587, 0.8027736300479178, 22.751560666271875)->(11.053983492469587, 0.8027736300479178, 22.751560666271875)
state:field-0, action:Wait, timestep:36, reward:-0.0
==================================================

coord:(11.053983492469587, 0.8027736300479178, 22.751560666271875)->(11.053983492469587, 0.8027736300479178, 22.751560666271875)
state:field-0, action:Wait, timestep:37, reward:-0.0
==================================================

coord:(11.053983492469587, 0.8027736300479178, 22.751560666271875)->(11.053983492469587, 0.8027736300479178, 22.751560666271875)
state:field-0, action:Wait, timestep:38, reward:-0.0
==================================================

coord:(11.053983492469587, 0.8027736300479178, 22.751560666271875)->(10.747570570438613, 1.3353089673437484, 23.057973588302858)
state:field-0, action:SD, timestep:39, reward:-0.4242550086431436
==================================================

coord:(10.747570570438613, 1.3353089673437484, 23.057973588302858)->(9.644484051127106, 1.0287278707495946, 21.95488706899132)
state:field-0, action:SA, timestep:40, reward:-0.23978262720292065
==================================================

coord:(9.644484051127106, 1.0287278707495946, 21.95488706899132)->(8.725245285034184, 0.6518067826624893, 22.874125835084268)
state:field-0, action:SD, timestep:41, reward:-1.2860864265311491
==================================================

coord:(8.725245285034184, 0.6518067826624893, 22.874125835084268)->(12.402200349405874, 2.3436302805307814, 19.19717077071247)
state:field-0, action:WA, timestep:42, reward:5.08499007460448
==================================================

coord:(12.402200349405874, 2.3436302805307814, 19.19717077071247)->(11.605526752125341, 2.27490995745885, 19.993844367993027)
state:field-0, action:SD, timestep:43, reward:-1.0968974839529757
==================================================

coord:(11.605526752125341, 2.27490995745885, 19.993844367993027)->(13.076308777874017, 1.2056833046980358, 21.464626393741746)
state:field-0, action:WD, timestep:44, reward:0.35260436125268413
==================================================

coord:(13.076308777874017, 1.2056833046980358, 21.464626393741746)->(14.301960465997913, 1.6893332188740304, 20.238974705617814)
state:field-0, action:WA, timestep:45, reward:1.718394523108838
==================================================

coord:(14.301960465997913, 1.6893332188740304, 20.238974705617814)->(16.324285751402353, 0.7639265719246717, 22.2612999910223)
state:field-0, action:WD, timestep:46, reward:0.14157760462903823
==================================================

coord:(16.324285751402353, 0.7639265719246717, 22.2612999910223)->(16.324285751402353, 0.7639265719246717, 22.2612999910223)
state:field-0, action:Wait, timestep:47, reward:-0.0
==================================================

coord:(16.324285751402353, 0.7639265719246717, 22.2612999910223)->(12.684285884916738, 0.8270237604891869, 22.2612999910223)
state:field-0, action:S, timestep:48, reward:-2.671265855168212
==================================================

coord:(12.684285884916738, 0.8270237604891869, 22.2612999910223)->(11.642481950011426, 1.1587775213843676, 21.21949605611696)
state:field-0, action:SA, timestep:49, reward:-0.18442400927145286
==================================================

coord:(11.642481950011426, 1.1587775213843676, 21.21949605611696)->(10.53939543069992, 1.5604467445645802, 20.11640953680542)
state:field-0, action:SA, timestep:50, reward:-0.3027925472662929
==================================================

coord:(10.53939543069992, 1.5604467445645802, 20.11640953680542)->(10.53939543069992, 1.5604467445645802, 20.11640953680542)
state:field-0, action:Wait, timestep:51, reward:-0.0
==================================================

coord:(10.53939543069992, 1.5604467445645802, 20.11640953680542)->(14.352728624161045, 1.6893332188740304, 20.11640953680542)
state:field-0, action:W, timestep:52, reward:3.1321758974098763
==================================================

coord:(14.352728624161045, 1.6893332188740304, 20.11640953680542)->(12.63681626078759, 3.187471325270649, 18.400497173431916)
state:field-0, action:SA, timestep:53, reward:-0.5315027330518198
==================================================

coord:(12.63681626078759, 3.187471325270649, 18.400497173431916)->(14.904271883816799, 1.6893332188740304, 20.66795279646119)
state:field-0, action:WD, timestep:54, reward:0.614696956647002
==================================================

coord:(14.904271883816799, 1.6893332188740304, 20.66795279646119)->(15.394532559066358, 1.6397983047958267, 20.177692121211617)
state:field-0, action:WA, timestep:55, reward:0.6913513576844927
==================================================

coord:(15.394532559066358, 1.6397983047958267, 20.177692121211617)->(12.621199327458266, 1.6893332188740304, 20.177692121211617)
state:field-0, action:S, timestep:56, reward:-2.2050363943659868
==================================================

coord:(12.621199327458266, 1.6893332188740304, 20.177692121211617)->(12.621199327458266, 1.6893332188740304, 20.177692121211617)
state:field-0, action:Wait, timestep:57, reward:-0.0
==================================================

coord:(12.621199327458266, 1.6893332188740304, 20.177692121211617)->(12.621199327458266, 1.6893332188740304, 20.177692121211617)
state:field-0, action:Wait, timestep:58, reward:-0.0
==================================================

coord:(12.621199327458266, 1.6893332188740304, 20.177692121211617)->(11.579395392552954, 2.27490995745885, 19.135888186306275)
state:field-0, action:SA, timestep:59, reward:-0.32195540963062186
==================================================

coord:(11.579395392552954, 2.27490995745885, 19.135888186306275)->(11.579395392552954, 2.27490995745885, 19.135888186306275)
state:field-0, action:Wait, timestep:60, reward:-0.0
==================================================

coord:(11.579395392552954, 2.27490995745885, 19.135888186306275)->(13.908133599988357, 1.2056833046980358, 21.464626393741746)
state:field-0, action:WD, timestep:61, reward:0.5633152032813982
==================================================

coord:(13.908133599988357, 1.2056833046980358, 21.464626393741746)->(13.908133599988357, 1.2056833046980358, 21.464626393741746)
state:field-0, action:Wait, timestep:62, reward:-0.0
==================================================

coord:(13.908133599988357, 1.2056833046980358, 21.464626393741746)->(14.214546522019331, 1.1937817928180272, 21.77103931577273)
state:field-0, action:WD, timestep:63, reward:0.03384444074422177
==================================================

coord:(14.214546522019331, 1.1937817928180272, 21.77103931577273)->(12.743764496270655, 1.6893332188740304, 20.30025729002401)
state:field-0, action:SA, timestep:64, reward:-0.24585581182079252
==================================================

coord:(12.743764496270655, 1.6893332188740304, 20.30025729002401)->(11.443764543954362, 1.6397983047958267, 20.30025729002401)
state:field-0, action:S, timestep:65, reward:-1.0705011393621895
==================================================

coord:(11.443764543954362, 1.6397983047958267, 20.30025729002401)->(13.404807244952597, 0.8352688461235359, 22.2612999910223)
state:field-0, action:WD, timestep:66, reward:0.37810638683651376
==================================================

coord:(13.404807244952597, 0.8352688461235359, 22.2612999910223)->(14.20148084223313, 1.1937817928180272, 21.464626393741746)
state:field-0, action:WA, timestep:67, reward:1.128451724071084
==================================================

coord:(14.20148084223313, 1.1937817928180272, 21.464626393741746)->(14.20148084223313, 1.1937817928180272, 21.464626393741746)
state:field-0, action:Wait, timestep:68, reward:-0.0
==================================================

coord:(14.20148084223313, 1.1937817928180272, 21.464626393741746)->(15.61098028357561, 0.8027736300479178, 22.874125835084268)
state:field-0, action:WD, timestep:69, reward:0.05656857217175926
==================================================

coord:(15.61098028357561, 0.8027736300479178, 22.874125835084268)->(16.34637129644996, 0.7639265719246717, 22.13873482220991)
state:field-0, action:WA, timestep:70, reward:1.0384096713401796
==================================================

coord:(16.34637129644996, 0.7639265719246717, 22.13873482220991)->(17.449457815761498, 1.0287278707495946, 21.03564830289837)
state:field-0, action:WA, timestep:71, reward:1.565401187765378
==================================================

coord:(17.449457815761498, 1.0287278707495946, 21.03564830289837)->(15.733545452388002, 0.8027736300479178, 22.751560666271875)
state:field-0, action:SD, timestep:72, reward:-2.4305585428472227
==================================================

coord:(15.733545452388002, 0.8027736300479178, 22.751560666271875)->(15.733545452388002, 0.8027736300479178, 22.751560666271875)
state:field-0, action:Wait, timestep:73, reward:-0.0
==================================================

coord:(15.733545452388002, 0.8027736300479178, 22.751560666271875)->(16.34637129644996, 0.7639265719246717, 22.13873482220991)
state:field-0, action:WA, timestep:74, reward:0.8651573550818448
==================================================

coord:(16.34637129644996, 0.7639265719246717, 22.13873482220991)->(16.34637129644996, 0.7639265719246717, 22.13873482220991)
state:field-0, action:Wait, timestep:75, reward:-0.0
==================================================

coord:(16.34637129644996, 0.7639265719246717, 22.13873482220991)->(16.34637129644996, 0.7639265719246717, 22.13873482220991)
state:field-0, action:Wait, timestep:76, reward:-0.0
==================================================

coord:(16.34637129644996, 0.7639265719246717, 22.13873482220991)->(12.706371429964344, 0.8270237604891869, 22.13873482220991)
state:field-0, action:S, timestep:77, reward:-2.680053852817789
==================================================

coord:(12.706371429964344, 0.8270237604891869, 22.13873482220991)->(11.664567495059032, 1.1587775213843676, 21.096930887304566)
state:field-0, action:SA, timestep:78, reward:-0.189846122625152
==================================================

coord:(11.664567495059032, 1.1587775213843676, 21.096930887304566)->(13.380479858432487, 0.8352688461235359, 22.81284325067807)
state:field-0, action:WD, timestep:79, reward:0.2650033012793891
==================================================

coord:(13.380479858432487, 0.8352688461235359, 22.81284325067807)->(12.687146550530464, 0.8270237604891869, 22.81284325067807)
state:field-0, action:S, timestep:80, reward:-0.522310608898799
==================================================

coord:(12.687146550530464, 0.8270237604891869, 22.81284325067807)->(11.400212278000373, 2.1657997925481802, 24.0997775232082)
state:field-0, action:SD, timestep:81, reward:-1.8234829155794863
==================================================

coord:(11.400212278000373, 2.1657997925481802, 24.0997775232082)->(10.297125758688866, 1.9496568946979105, 25.20286404251974)
state:field-0, action:SD, timestep:82, reward:-1.5493662941511808
==================================================

coord:(10.297125758688866, 1.9496568946979105, 25.20286404251974)->(10.297125758688866, 1.9496568946979105, 25.20286404251974)
state:field-0, action:Wait, timestep:83, reward:-0.0
==================================================

coord:(10.297125758688866, 1.9496568946979105, 25.20286404251974)->(10.297125758688866, 1.3353089673437484, 23.469530772764717)
state:field-0, action:A, timestep:84, reward:1.1132667800708873
==================================================

coord:(10.297125758688866, 1.3353089673437484, 23.469530772764717)->(7.783792517544035, 0.0, 23.469530772764717)
state:field-0, action:S, timestep:85, reward:-2.0540810313296127
==================================================

coord:(7.783792517544035, 0.0, 23.469530772764717)->(6.558140829420121, 0.5137120627266188, 22.243879084640785)
state:field-0, action:SA, timestep:86, reward:-0.3380338845872082
==================================================

coord:(6.558140829420121, 0.5137120627266188, 22.243879084640785)->(5.344807540591593, 0.4426855223010539, 22.243879084640785)
state:field-0, action:S, timestep:87, reward:-1.0455724177605994
==================================================

coord:(5.344807540591593, 0.4426855223010539, 22.243879084640785)->(4.478140905714073, 0.3739850842877824, 22.243879084640785)
state:field-0, action:S, timestep:88, reward:-0.755460983649094
==================================================

coord:(4.478140905714073, 0.3739850842877824, 22.243879084640785)->(4.478140905714073, 0.0, 24.23721234485906)
state:field-0, action:D, timestep:89, reward:-1.035167381588586
==================================================

coord:(4.478140905714073, 0.0, 24.23721234485906)->(2.5783807891220167, 0.2514909889761102, 22.337452228266965)
state:field-0, action:SA, timestep:90, reward:-0.6840025636962324
==================================================

coord:(2.5783807891220167, 0.2514909889761102, 22.337452228266965)->(2.5783807891220167, 1.2923832522443555, 17.1374524190019)
state:field-0, action:A, timestep:91, reward:2.0584861622772124
==================================================

coord:(2.5783807891220167, 1.2923832522443555, 17.1374524190019)->(1.4140116854043043, 1.7231850364503003, 15.973083315284166)
state:field-0, action:SA, timestep:92, reward:-0.775685925680591
==================================================

coord:(1.4140116854043043, 1.7231850364503003, 15.973083315284166)->(2.0268375294662593, 1.6893332188740304, 16.58590915934613)
state:field-0, action:WD, timestep:93, reward:0.41630903279724407
==================================================

coord:(2.0268375294662593, 1.6893332188740304, 16.58590915934613)->(0.6786206725299591, 0.8027736300479178, 17.934126016282455)
state:field-0, action:SD, timestep:94, reward:-1.6996845624925072
==================================================

coord:(0.6786206725299591, 0.8027736300479178, 17.934126016282455)->(0.6786206725299591, 0.602077648581797, 18.887459314647717)
state:field-0, action:D, timestep:95, reward:-0.3229350325565328
==================================================

coord:(0.6786206725299591, 0.602077648581797, 18.887459314647717)->(5.8786204817950924, 1.7061751739906865, 18.887459314647717)
state:field-0, action:W, timestep:96, reward:4.818667733994399
==================================================

coord:(5.8786204817950924, 1.7061751739906865, 18.887459314647717)->(11.078620291060243, 3.094007752507157, 18.887459314647717)
state:field-0, action:W, timestep:97, reward:4.566114489919308
==================================================

coord:(11.078620291060243, 3.094007752507157, 18.887459314647717)->(11.078620291060243, 3.094007752507157, 18.887459314647717)
state:field-0, action:Wait, timestep:98, reward:-0.0
==================================================

coord:(11.078620291060243, 3.094007752507157, 18.887459314647717)->(9.240142758874399, 1.4557636711282544, 20.725936846833616)
state:field-0, action:SD, timestep:99, reward:-2.449100468268359
==================================================

coord:(9.240142758874399, 1.4557636711282544, 20.725936846833616)->(8.50475174600006, 1.8470982163796352, 19.990545833959256)
state:field-0, action:SA, timestep:100, reward:-0.26850015849979414
==================================================

coord:(8.50475174600006, 1.8470982163796352, 19.990545833959256)->(7.095252304657566, 0.8435961318594607, 21.40004527530178)
state:field-0, action:SD, timestep:101, reward:-1.9222474832398397
==================================================

coord:(7.095252304657566, 0.8435961318594607, 21.40004527530178)->(12.295252113922729, 1.1937817928180272, 21.40004527530178)
state:field-0, action:W, timestep:102, reward:4.336572420878998
==================================================

coord:(12.295252113922729, 1.1937817928180272, 21.40004527530178)->(12.295252113922729, 2.3068235611512034, 23.04671188156905)
state:field-0, action:D, timestep:103, reward:-1.0509225811682974
==================================================

coord:(12.295252113922729, 2.3068235611512034, 23.04671188156905)->(12.295252113922729, 1.6893332188740304, 20.966711957863023)
state:field-0, action:A, timestep:104, reward:1.3072253438868557
==================================================

coord:(12.295252113922729, 1.6893332188740304, 20.966711957863023)->(14.375252037628798, 1.6893332188740304, 20.966711957863023)
state:field-0, action:W, timestep:105, reward:1.6406149687956564
==================================================

coord:(14.375252037628798, 1.6893332188740304, 20.966711957863023)->(15.588585326457338, 1.6397983047958267, 20.966711957863023)
state:field-0, action:W, timestep:106, reward:0.9189012270482877
==================================================

coord:(15.588585326457338, 1.6397983047958267, 20.966711957863023)->(15.588585326457338, 1.6397983047958267, 20.966711957863023)
state:field-0, action:Wait, timestep:107, reward:-0.0
==================================================

coord:(15.588585326457338, 1.6397983047958267, 20.966711957863023)->(16.44654150814408, 1.5604467445645802, 20.10875577617627)
state:field-0, action:WA, timestep:108, reward:1.2125446149956822
==================================================

coord:(16.44654150814408, 1.5604467445645802, 20.10875577617627)->(16.44654150814408, 1.5604467445645802, 20.10875577617627)
state:field-0, action:Wait, timestep:109, reward:-0.0
==================================================

coord:(16.44654150814408, 1.5604467445645802, 20.10875577617627)->(17.610910611861815, 2.7467671305160377, 18.944386672458535)
state:field-0, action:WA, timestep:110, reward:1.584768136253004
==================================================

coord:(17.610910611861815, 2.7467671305160377, 18.944386672458535)->(16.0788460017069, 1.5604467445645802, 20.47645128261345)
state:field-0, action:SD, timestep:111, reward:-2.103928810224417
==================================================

coord:(16.0788460017069, 1.5604467445645802, 20.47645128261345)->(12.612179462196785, 1.6893332188740304, 20.47645128261345)
state:field-0, action:S, timestep:112, reward:-2.708621853507683
==================================================

coord:(12.612179462196785, 1.6893332188740304, 20.47645128261345)->(12.612179462196785, 0.8270237604891869, 22.81645119678273)
state:field-0, action:D, timestep:113, reward:-1.446016660475756
==================================================

coord:(12.612179462196785, 0.8270237604891869, 22.81645119678273)->(11.57217950034375, 0.8027736300479178, 22.81645119678273)
state:field-0, action:S, timestep:114, reward:-0.8015533648870488
==================================================

coord:(11.57217950034375, 0.8027736300479178, 22.81645119678273)->(10.346527812219854, 1.6305570161613618, 24.04210288490666)
state:field-0, action:SD, timestep:115, reward:-1.7197408263402387
==================================================

coord:(10.346527812219854, 1.6305570161613618, 24.04210288490666)->(10.346527812219854, 1.6305570161613618, 24.04210288490666)
state:field-0, action:Wait, timestep:116, reward:-0.0
==================================================

coord:(10.346527812219854, 1.6305570161613618, 24.04210288490666)->(8.26291994240923, 0.0, 26.125710754717346)
state:field-0, action:SD, timestep:117, reward:-2.9627908041434843
==================================================

coord:(8.26291994240923, 0.0, 26.125710754717346)->(4.58596487803749, 0.3739850842877824, 22.44875569034555)
state:field-0, action:SA, timestep:118, reward:-0.9159105117250448
==================================================

coord:(4.58596487803749, 0.3739850842877824, 22.44875569034555)->(3.4592982526967115, 0.3097395417089934, 22.44875569034555)
state:field-0, action:S, timestep:119, reward:-0.9861625071009392
==================================================

coord:(3.4592982526967115, 0.3097395417089934, 22.44875569034555)->(3.4592982526967115, 1.59171586183778, 17.248755881080484)
state:field-0, action:A, timestep:120, reward:2.1288335986808065
==================================================

coord:(3.4592982526967115, 1.59171586183778, 17.248755881080484)->(1.7433858893232428, 0.7715426046250474, 18.96466824445399)
state:field-0, action:SD, timestep:121, reward:-2.2073534831718185
==================================================

coord:(1.7433858893232428, 0.7715426046250474, 18.96466824445399)->(1.0692774608550923, 0.5672868635972166, 19.638776672922152)
state:field-0, action:SD, timestep:122, reward:-0.878878290345039
==================================================

coord:(1.0692774608550923, 0.5672868635972166, 19.638776672922152)->(1.0692774608550923, 2.1648246780790577, 14.438776863657052)
state:field-0, action:A, timestep:123, reward:1.5431764584292544
==================================================

coord:(1.0692774608550923, 2.1648246780790577, 14.438776863657052)->(2.0497988113542203, 2.1648246780790577, 15.41929821415617)
state:field-0, action:WD, timestep:124, reward:0.7201178400170569
==================================================

coord:(2.0497988113542203, 2.1648246780790577, 15.41929821415617)->(3.09160274625954, 2.080604554215363, 16.461102149061496)
state:field-0, action:WD, timestep:125, reward:0.712909328139844
==================================================

coord:(3.09160274625954, 2.080604554215363, 16.461102149061496)->(4.194689265571056, 1.9218663121509962, 17.564188668373035)
state:field-0, action:WD, timestep:126, reward:0.6902409589351031
==================================================

coord:(4.194689265571056, 1.9218663121509962, 17.564188668373035)->(4.194689265571056, 1.9218663121509962, 17.564188668373035)
state:field-0, action:Wait, timestep:127, reward:-0.0
==================================================

coord:(4.194689265571056, 1.9218663121509962, 17.564188668373035)->(5.359058369288775, 1.7061751739906865, 18.72855777209077)
state:field-0, action:WD, timestep:128, reward:0.6491699163227835
==================================================

coord:(5.359058369288775, 1.7061751739906865, 18.72855777209077)->(5.359058369288775, 0.90425861270953, 20.808557695796797)
state:field-0, action:D, timestep:129, reward:-0.8965638404083656
==================================================

coord:(5.359058369288775, 0.90425861270953, 20.808557695796797)->(10.55905817855392, 1.5604467445645802, 20.808557695796797)
state:field-0, action:W, timestep:130, reward:4.4921847941741255
==================================================

coord:(10.55905817855392, 1.5604467445645802, 20.808557695796797)->(9.259058226237627, 1.4557636711282544, 20.808557695796797)
state:field-0, action:S, timestep:131, reward:-1.0952536433986033
==================================================

coord:(9.259058226237627, 1.4557636711282544, 20.808557695796797)->(9.259058226237627, 0.7126783113176967, 22.71522429252732)
state:field-0, action:D, timestep:132, reward:-1.0608297525112036
==================================================

coord:(9.259058226237627, 0.7126783113176967, 22.71522429252732)->(9.259058226237627, 0.0, 24.708557552745596)
state:field-0, action:D, timestep:133, reward:-1.228814732791811
==================================================

coord:(9.259058226237627, 0.0, 24.708557552745596)->(9.259058226237627, 0.0, 24.708557552745596)
state:field-0, action:Wait, timestep:134, reward:-0.0
==================================================

coord:(9.259058226237627, 0.0, 24.708557552745596)->(9.259058226237627, 0.0, 24.708557552745596)
state:field-0, action:Wait, timestep:135, reward:-0.0
==================================================

coord:(9.259058226237627, 0.0, 24.708557552745596)->(9.259058226237627, 0.0, 24.708557552745596)
state:field-0, action:Wait, timestep:136, reward:-0.0
==================================================

coord:(9.259058226237627, 0.0, 24.708557552745596)->(9.259058226237627, 0.0, 24.708557552745596)
state:field-0, action:Wait, timestep:137, reward:-0.0
==================================================

coord:(9.259058226237627, 0.0, 24.708557552745596)->(9.259058226237627, 0.0, 24.708557552745596)
state:field-0, action:Wait, timestep:138, reward:-0.0
==================================================

coord:(9.259058226237627, 0.0, 24.708557552745596)->(9.259058226237627, 0.0, 24.708557552745596)
state:field-0, action:Wait, timestep:139, reward:-0.0
==================================================

coord:(9.259058226237627, 0.0, 24.708557552745596)->(11.9554919401102, 0.8027736300479178, 22.012123838872945)
state:field-0, action:WA, timestep:140, reward:3.8149124462740005
==================================================

coord:(11.9554919401102, 0.8027736300479178, 22.012123838872945)->(14.284230147545603, 2.3436302805307814, 19.683385631437474)
state:field-0, action:WA, timestep:141, reward:3.2432424228971115
==================================================

coord:(14.284230147545603, 2.3436302805307814, 19.683385631437474)->(14.284230147545603, 0.8270237604891869, 22.370052199557758)
state:field-0, action:D, timestep:142, reward:-1.6921680050039356
==================================================

coord:(14.284230147545603, 0.8270237604891869, 22.370052199557758)->(12.874730706203122, 1.6893332188740304, 20.960552758215236)
state:field-0, action:SA, timestep:143, reward:-0.17859934284068046
==================================================

coord:(12.874730706203122, 1.6893332188740304, 20.960552758215236)->(11.894209355704005, 2.27490995745885, 19.98003140771609)
state:field-0, action:SA, timestep:144, reward:-0.25114431644584556
==================================================

coord:(11.894209355704005, 2.27490995745885, 19.98003140771609)->(10.913688005204888, 2.944285471534568, 18.999510057216945)
state:field-0, action:SA, timestep:145, reward:-0.3570810906852202
==================================================

coord:(10.913688005204888, 2.944285471534568, 18.999510057216945)->(14.467021208202755, 3.187471325270649, 18.999510057216945)
state:field-0, action:W, timestep:146, reward:2.9644751077214515
==================================================

coord:(14.467021208202755, 3.187471325270649, 18.999510057216945)->(15.447542558701873, 3.094007752507157, 18.0189887067178)
state:field-0, action:WA, timestep:147, reward:1.3678954351296007
==================================================

coord:(15.447542558701873, 3.094007752507157, 18.0189887067178)->(17.776280766137326, 1.4557636711282544, 20.34772691415327)
state:field-0, action:WD, timestep:148, reward:0.38028423616656326
==================================================

coord:(17.776280766137326, 1.4557636711282544, 20.34772691415327)->(17.776280766137326, 0.7126783113176967, 22.68772682832255)
state:field-0, action:D, timestep:149, reward:-1.7435751334559306
==================================================

coord:(17.776280766137326, 0.7126783113176967, 22.68772682832255)->(14.099325701765586, 2.3436302805307814, 19.010771763950753)
state:field-0, action:SA, timestep:150, reward:-0.24844292848371197
==================================================

coord:(14.099325701765586, 2.3436302805307814, 19.010771763950753)->(15.572658981057385, 2.27490995745885, 19.010771763950753)
state:field-0, action:W, timestep:151, reward:1.1938389116088786
==================================================

coord:(15.572658981057385, 2.27490995745885, 19.010771763950753)->(15.572658981057385, 2.27490995745885, 19.010771763950753)
state:field-0, action:Wait, timestep:152, reward:-0.0
==================================================

coord:(15.572658981057385, 2.27490995745885, 19.010771763950753)->(16.69932560639816, 2.1648246780790577, 19.010771763950753)
state:field-0, action:W, timestep:153, reward:0.8865039986541241
==================================================

coord:(16.69932560639816, 2.1648246780790577, 19.010771763950753)->(17.55728178808491, 2.0195967159320025, 19.868727945637506)
state:field-0, action:WD, timestep:154, reward:0.07763348811880633
==================================================

coord:(17.55728178808491, 2.0195967159320025, 19.868727945637506)->(17.55728178808491, 2.0195967159320025, 19.868727945637506)
state:field-0, action:Wait, timestep:155, reward:-0.0
==================================================

coord:(17.55728178808491, 2.0195967159320025, 19.868727945637506)->(16.454195268773372, 1.5604467445645802, 20.971814464949045)
state:field-0, action:SD, timestep:156, reward:-1.547234761782029
==================================================

coord:(16.454195268773372, 1.5604467445645802, 20.971814464949045)->(12.640862075312254, 1.6893332188740304, 20.971814464949045)
state:field-0, action:S, timestep:157, reward:-2.9168090229613277
==================================================

coord:(12.640862075312254, 1.6893332188740304, 20.971814464949045)->(14.295491854279515, 2.3436302805307814, 19.317184685981736)
state:field-0, action:WA, timestep:158, reward:2.289507710004898
==================================================

coord:(14.295491854279515, 2.3436302805307814, 19.317184685981736)->(14.295491854279515, 0.8270237604891869, 22.350517908053025)
state:field-0, action:D, timestep:159, reward:-1.8957664944217107
==================================================

coord:(14.295491854279515, 0.8270237604891869, 22.350517908053025)->(12.735491911499963, 0.8270237604891869, 22.350517908053025)
state:field-0, action:S, timestep:160, reward:-1.175976812874378
==================================================

coord:(12.735491911499963, 0.8270237604891869, 22.350517908053025)->(14.144991352842444, 1.6893332188740304, 20.941018466710503)
state:field-0, action:WA, timestep:161, reward:1.98663815323399
==================================================

coord:(14.144991352842444, 1.6893332188740304, 20.941018466710503)->(12.735491911499963, 2.3436302805307814, 19.53151902536798)
state:field-0, action:SA, timestep:162, reward:-0.3171575572311909
==================================================

coord:(12.735491911499963, 2.3436302805307814, 19.53151902536798)->(11.43549195918367, 2.27490995745885, 19.53151902536798)
state:field-0, action:S, timestep:163, reward:-1.088661332871613
==================================================

coord:(11.43549195918367, 2.27490995745885, 19.53151902536798)->(13.33525207577571, 1.2056833046980358, 21.431279141960076)
state:field-0, action:WD, timestep:164, reward:0.4708584065577668
==================================================

coord:(13.33525207577571, 1.2056833046980358, 21.431279141960076)->(12.783708816119956, 1.1937817928180272, 21.982822401615845)
state:field-0, action:SD, timestep:165, reward:-0.7757510468135038
==================================================

coord:(12.783708816119956, 1.1937817928180272, 21.982822401615845)->(14.254490841868632, 1.6893332188740304, 20.512040375867127)
state:field-0, action:WA, timestep:166, reward:2.065017761538112
==================================================

coord:(14.254490841868632, 1.6893332188740304, 20.512040375867127)->(12.722426231713762, 3.187471325270649, 18.97997576571221)
state:field-0, action:SA, timestep:167, reward:-0.44059612829810035
==================================================

coord:(12.722426231713762, 3.187471325270649, 18.97997576571221)->(12.722426231713762, 3.187471325270649, 18.97997576571221)
state:field-0, action:Wait, timestep:168, reward:-0.0
==================================================

coord:(12.722426231713762, 3.187471325270649, 18.97997576571221)->(14.455759501468819, 3.187471325270649, 18.97997576571221)
state:field-0, action:W, timestep:169, reward:1.4338684583388392
==================================================

coord:(14.455759501468819, 3.187471325270649, 18.97997576571221)->(16.232954449248474, 1.5604467445645802, 20.757170713491913)
state:field-0, action:WD, timestep:170, reward:0.35096718614693856
==================================================

coord:(16.232954449248474, 1.5604467445645802, 20.757170713491913)->(17.458606137372406, 1.0287278707495946, 21.982822401615845)
state:field-0, action:WD, timestep:171, reward:-0.01512694123727698
==================================================

coord:(17.458606137372406, 1.0287278707495946, 21.982822401615845)->(17.458606137372406, 1.0287278707495946, 21.982822401615845)
state:field-0, action:Wait, timestep:172, reward:-0.0
==================================================

coord:(17.458606137372406, 1.0287278707495946, 21.982822401615845)->(16.66193254009185, 0.7639265719246717, 22.7794959988964)
state:field-0, action:SD, timestep:173, reward:-1.1307484240201156
==================================================

coord:(16.66193254009185, 0.7639265719246717, 22.7794959988964)->(16.66193254009185, 0.7639265719246717, 22.7794959988964)
state:field-0, action:Wait, timestep:174, reward:-0.0
==================================================

coord:(16.66193254009185, 0.7639265719246717, 22.7794959988964)->(12.984977475720143, 2.3669953073672536, 19.102540934524605)
state:field-0, action:SA, timestep:175, reward:-0.42698416023586105
==================================================

coord:(12.984977475720143, 2.3669953073672536, 19.102540934524605)->(12.984977475720143, 2.3436302805307814, 19.102540934524605)
state:air-10, action:Wait, timestep:176, reward:0.0011760085144842947
==================================================

coord:(12.984977475720143, 2.3436302805307814, 19.102540934524605)->(14.371644091524189, 2.3436302805307814, 19.102540934524605)
state:field-0, action:W, timestep:177, reward:1.1448188894402307
==================================================

coord:(14.371644091524189, 2.3436302805307814, 19.102540934524605)->(15.58497738035273, 2.27490995745885, 19.102540934524605)
state:field-0, action:W, timestep:178, reward:0.9778239308674159
==================================================

coord:(15.58497738035273, 2.27490995745885, 19.102540934524605)->(16.565498730851864, 2.944285471534568, 18.12201958402546)
state:field-0, action:WA, timestep:179, reward:1.3214794798414538
==================================================

coord:(16.565498730851864, 2.944285471534568, 18.12201958402546)->(16.565498730851864, 2.944285471534568, 18.12201958402546)
state:field-0, action:Wait, timestep:180, reward:-0.0
==================================================

coord:(16.565498730851864, 2.944285471534568, 18.12201958402546)->(17.95216534665588, 2.7467671305160377, 18.12201958402546)
state:field-0, action:W, timestep:181, reward:1.098988166058378
==================================================

coord:(17.95216534665588, 2.7467671305160377, 18.12201958402546)->(17.95216534665588, 1.0287278707495946, 21.50201946004775)
state:field-0, action:D, timestep:182, reward:-2.299232489440131
==================================================

coord:(17.95216534665588, 1.0287278707495946, 21.50201946004775)->(17.95216534665588, 1.0287278707495946, 21.50201946004775)
state:field-0, action:Wait, timestep:183, reward:-0.0
==================================================

coord:(17.95216534665588, 1.0287278707495946, 21.50201946004775)->(16.665231074125753, 0.7639265719246717, 22.78895373257788)
state:field-0, action:SD, timestep:184, reward:-1.822881109589801
==================================================

coord:(16.665231074125753, 0.7639265719246717, 22.78895373257788)->(16.665231074125753, 0.7639265719246717, 22.78895373257788)
state:field-0, action:Wait, timestep:185, reward:-0.0
==================================================

coord:(16.665231074125753, 0.7639265719246717, 22.78895373257788)->(12.678564553689133, 0.8270237604891869, 22.78895373257788)
state:field-0, action:S, timestep:186, reward:-2.8604386989911568
==================================================

coord:(12.678564553689133, 0.8270237604891869, 22.78895373257788)->(11.638564591836099, 0.8027736300479178, 22.78895373257788)
state:field-0, action:S, timestep:187, reward:-0.8009484365826474
==================================================

coord:(11.638564591836099, 0.8027736300479178, 22.78895373257788)->(10.511897966495312, 0.7639265719246717, 22.78895373257788)
state:field-0, action:S, timestep:188, reward:-0.8883127229667913
==================================================

coord:(10.511897966495312, 0.7639265719246717, 22.78895373257788)->(8.428290096684687, 0.0, 24.872561602388565)
state:field-0, action:SD, timestep:189, reward:-2.948048713358318
==================================================

coord:(8.428290096684687, 0.0, 24.872561602388565)->(11.308571563775844, 1.1587775213843676, 21.992280135297325)
state:field-0, action:WA, timestep:190, reward:4.069716140612503
==================================================

coord:(11.308571563775844, 1.1587775213843676, 21.992280135297325)->(14.250135615273196, 2.3436302805307814, 19.050716083799887)
state:field-0, action:WA, timestep:191, reward:4.082578286161809
==================================================

coord:(14.250135615273196, 2.3436302805307814, 19.050716083799887)->(14.250135615273196, 2.3436302805307814, 19.050716083799887)
state:field-0, action:Wait, timestep:192, reward:-0.0
==================================================

coord:(14.250135615273196, 2.3436302805307814, 19.050716083799887)->(16.51759123830242, 1.1027030614865723, 21.318171706829162)
state:field-0, action:WD, timestep:193, reward:0.31397213113705646
==================================================

coord:(16.51759123830242, 1.1027030614865723, 21.318171706829162)->(16.51759123830242, 1.1027030614865723, 21.318171706829162)
state:field-0, action:Wait, timestep:194, reward:-0.0
==================================================

coord:(16.51759123830242, 1.1027030614865723, 21.318171706829162)->(14.985526628147534, 0.8270237604891869, 22.850236316984077)
state:field-0, action:SD, timestep:195, reward:-2.1712728214427734
==================================================

coord:(14.985526628147534, 0.8270237604891869, 22.850236316984077)->(15.291939550178508, 0.8027736300479178, 22.543823394953094)
state:field-0, action:WA, timestep:196, reward:0.4325951066318119
==================================================

coord:(15.291939550178508, 0.8027736300479178, 22.543823394953094)->(12.718071005118325, 2.3436302805307814, 19.969954849892837)
state:field-0, action:SA, timestep:197, reward:-0.3555535755628121
==================================================

coord:(12.718071005118325, 2.3436302805307814, 19.969954849892837)->(11.186006394963455, 1.1587775213843676, 21.50201946004775)
state:field-0, action:SD, timestep:198, reward:-2.1113273763107543
==================================================

coord:(11.186006394963455, 1.1587775213843676, 21.50201946004775)->(10.082919875651948, 0.7639265719246717, 22.60510597935929)
state:field-0, action:SD, timestep:199, reward:-1.5465139709539208
==================================================

coord:(10.082919875651948, 0.7639265719246717, 22.60510597935929)->(10.082919875651948, 0.7639265719246717, 22.60510597935929)
state:field-0, action:Wait, timestep:200, reward:-0.0
==================================================

coord:(10.082919875651948, 0.7639265719246717, 22.60510597935929)->(9.476253231237678, 0.7126783113176967, 22.60510597935929)
state:field-0, action:S, timestep:201, reward:-0.49286167953816573
==================================================

coord:(9.476253231237678, 0.7126783113176967, 22.60510597935929)->(8.86342738717573, 0.9408618068210272, 21.992280135297325)
state:field-0, action:SA, timestep:202, reward:-0.1538113886031951
==================================================

coord:(8.86342738717573, 0.9408618068210272, 21.992280135297325)->(8.86342738717573, 0.9408618068210272, 21.992280135297325)
state:field-0, action:Wait, timestep:203, reward:-0.0
==================================================

coord:(8.86342738717573, 0.9408618068210272, 21.992280135297325)->(9.598818400050067, 0.7126783113176967, 22.727671148171684)
state:field-0, action:WD, timestep:204, reward:0.1820202846889778
==================================================

coord:(9.598818400050067, 0.7126783113176967, 22.727671148171684)->(8.47215177470928, 0.6518067826624893, 22.727671148171684)
state:field-0, action:S, timestep:205, reward:-0.923087247485288
==================================================

coord:(8.47215177470928, 0.6518067826624893, 22.727671148171684)->(9.881651216051761, 0.0, 24.137170589514206)
state:field-0, action:WD, timestep:206, reward:0.267453837410919
==================================================

coord:(9.881651216051761, 0.0, 24.137170589514206)->(10.800889982144684, 1.3353089673437484, 23.217931823421257)
state:field-0, action:WA, timestep:207, reward:1.326165208382001
==================================================

coord:(10.800889982144684, 1.3353089673437484, 23.217931823421257)->(10.800889982144684, 1.1027030614865723, 21.91793187110499)
state:field-0, action:A, timestep:208, reward:0.7845241143791171
==================================================

coord:(10.800889982144684, 1.1027030614865723, 21.91793187110499)->(14.267556521654798, 1.1937817928180272, 21.91793187110499)
state:field-0, action:W, timestep:209, reward:2.7086224787838056
==================================================

coord:(14.267556521654798, 1.1937817928180272, 21.91793187110499)->(12.707556578875247, 1.1937817928180272, 21.91793187110499)
state:field-0, action:S, timestep:210, reward:-1.1924612075306804
==================================================

coord:(12.707556578875247, 1.1937817928180272, 21.91793187110499)->(11.494223290046707, 1.1587775213843676, 21.91793187110499)
state:field-0, action:S, timestep:211, reward:-0.9579282804299609
==================================================

coord:(11.494223290046707, 1.1587775213843676, 21.91793187110499)->(10.574984523953784, 1.5604467445645802, 20.99869310501204)
state:field-0, action:SA, timestep:212, reward:-0.218079896624225
==================================================

coord:(10.574984523953784, 1.5604467445645802, 20.99869310501204)->(9.288050251423693, 0.7126783113176967, 22.28562737754217)
state:field-0, action:SD, timestep:213, reward:-1.794245590566451
==================================================

coord:(9.288050251423693, 0.7126783113176967, 22.28562737754217)->(9.288050251423693, 0.7126783113176967, 22.28562737754217)
state:field-0, action:Wait, timestep:214, reward:-0.0
==================================================

coord:(9.288050251423693, 0.7126783113176967, 22.28562737754217)->(9.288050251423693, 0.0, 24.7122939551992)
state:field-0, action:D, timestep:215, reward:-1.4785493433811574
==================================================

coord:(9.288050251423693, 0.0, 24.7122939551992)->(6.530333953144904, 0.7415265879075652, 21.954577656920353)
state:field-0, action:SA, timestep:216, reward:-0.6643133351333432
==================================================

coord:(6.530333953144904, 0.7415265879075652, 21.954577656920353)->(6.530333953144904, 0.7415265879075652, 21.954577656920353)
state:field-0, action:Wait, timestep:217, reward:-0.0
==================================================

coord:(6.530333953144904, 0.7415265879075652, 21.954577656920353)->(11.730333762410062, 1.1587775213843676, 21.954577656920353)
state:field-0, action:W, timestep:218, reward:4.3212187518616965
==================================================

coord:(11.730333762410062, 1.1587775213843676, 21.954577656920353)->(12.58828994409679, 0.8270237604891869, 22.812533838607106)
state:field-0, action:WD, timestep:219, reward:0.12446742946680445
==================================================

coord:(12.58828994409679, 0.8270237604891869, 22.812533838607106)->(14.24291972306405, 1.1937817928180272, 21.157904059639797)
state:field-0, action:WA, timestep:220, reward:2.3366654774275695
==================================================

coord:(14.24291972306405, 1.1937817928180272, 21.157904059639797)->(15.89754950203131, 0.8027736300479178, 22.812533838607106)
state:field-0, action:WD, timestep:221, reward:0.0699042113586863
==================================================

coord:(15.89754950203131, 0.8027736300479178, 22.812533838607106)->(12.71085511290918, 2.3436302805307814, 19.625839449484882)
state:field-0, action:SA, timestep:222, reward:-0.40005550187616734
==================================================

coord:(12.71085511290918, 2.3436302805307814, 19.625839449484882)->(11.410855160592886, 2.27490995745885, 19.625839449484882)
state:field-0, action:S, timestep:223, reward:-1.0865049943426754
==================================================

coord:(11.410855160592886, 2.27490995745885, 19.625839449484882)->(10.284188535252099, 2.1648246780790577, 19.625839449484882)
state:field-0, action:S, timestep:224, reward:-0.9579103380151963
==================================================

coord:(10.284188535252099, 2.1648246780790577, 19.625839449484882)->(12.061383483031749, 1.1937817928180272, 21.403034397264584)
state:field-0, action:WD, timestep:225, reward:0.5102738892008674
==================================================

coord:(12.061383483031749, 1.1937817928180272, 21.403034397264584)->(11.632405392188385, 1.1587775213843676, 21.83201248810796)
state:field-0, action:SD, timestep:226, reward:-0.6008015331153231
==================================================

coord:(11.632405392188385, 1.1587775213843676, 21.83201248810796)->(11.632405392188385, 1.773634319926545, 23.045345776936475)
state:field-0, action:D, timestep:227, reward:-0.7531614479605153
==================================================

coord:(11.632405392188385, 1.773634319926545, 23.045345776936475)->(10.406753704064489, 1.6305570161613618, 24.270997465060407)
state:field-0, action:SD, timestep:228, reward:-1.7230444703239165
==================================================

coord:(10.406753704064489, 1.6305570161613618, 24.270997465060407)->(7.546753808968649, 0.0, 24.270997465060407)
state:field-0, action:S, timestep:229, reward:-2.2906959693725746
==================================================

coord:(7.546753808968649, 0.0, 24.270997465060407)->(7.546753808968649, 1.6561464172588893, 19.070997655795342)
state:field-0, action:A, timestep:230, reward:2.7244898636183237
==================================================

coord:(7.546753808968649, 1.6561464172588893, 19.070997655795342)->(7.546753808968649, 0.8435961318594607, 21.757664223915626)
state:field-0, action:D, timestep:231, reward:-1.3010300918361857
==================================================

coord:(7.546753808968649, 0.8435961318594607, 21.757664223915626)->(6.750080211688105, 1.0493421035292299, 20.96099062663507)
state:field-0, action:SA, timestep:232, reward:-0.2826052963639789
==================================================

coord:(6.750080211688105, 1.0493421035292299, 20.96099062663507)->(11.950080020953264, 1.6397983047958267, 20.96099062663507)
state:field-0, action:W, timestep:233, reward:4.396567155352322
==================================================

coord:(11.950080020953264, 1.6397983047958267, 20.96099062663507)->(8.273124956581574, 3.349560050011564, 17.284035562263274)
state:field-0, action:SA, timestep:234, reward:-1.489901075747575
==================================================

coord:(8.273124956581574, 3.349560050011564, 17.284035562263274)->(10.479297995204588, 2.1648246780790577, 19.49020860088635)
state:field-0, action:WD, timestep:235, reward:1.0467015982597232
==================================================

coord:(10.479297995204588, 2.1648246780790577, 19.49020860088635)->(8.518255294206353, 0.9408618068210272, 21.451251301884643)
state:field-0, action:SD, timestep:236, reward:-2.681994774759122
==================================================

coord:(8.518255294206353, 0.9408618068210272, 21.451251301884643)->(7.415168774894838, 1.1937817928180272, 20.348164782573104)
state:field-0, action:SA, timestep:237, reward:-0.3917991302948636
==================================================

coord:(7.415168774894838, 1.1937817928180272, 20.348164782573104)->(7.415168774894838, 0.5844234260413889, 22.51483136976688)
state:field-0, action:D, timestep:238, reward:-1.1168206773401117
==================================================

coord:(7.415168774894838, 0.5844234260413889, 22.51483136976688)->(6.375168813041814, 0.5137120627266188, 22.51483136976688)
state:field-0, action:S, timestep:239, reward:-0.8822621204443948
==================================================

coord:(6.375168813041814, 0.5137120627266188, 22.51483136976688)->(6.375168813041814, 0.5137120627266188, 22.51483136976688)
state:field-0, action:Wait, timestep:240, reward:-0.0
==================================================

coord:(6.375168813041814, 0.5137120627266188, 22.51483136976688)->(6.375168813041814, 0.5137120627266188, 22.51483136976688)
state:field-0, action:Wait, timestep:241, reward:-0.0
==================================================

coord:(6.375168813041814, 0.5137120627266188, 22.51483136976688)->(5.823625553386052, 0.6390020960879597, 21.96328811011111)
state:field-0, action:SA, timestep:242, reward:-0.18805201564230245
==================================================

coord:(5.823625553386052, 0.6390020960879597, 21.96328811011111)->(4.263625610606517, 0.5398352571444738, 21.96328811011111)
state:field-0, action:S, timestep:243, reward:-1.3633872738390842
==================================================

coord:(4.263625610606517, 0.5398352571444738, 21.96328811011111)->(4.263625610606517, 0.5398352571444738, 21.96328811011111)
state:field-0, action:Wait, timestep:244, reward:-0.0
==================================================

coord:(4.263625610606517, 0.5398352571444738, 21.96328811011111)->(4.93773403907467, 0.3739850842877824, 22.637396538579274)
state:field-0, action:WD, timestep:245, reward:0.2515627837010861
==================================================

coord:(4.93773403907467, 0.3739850842877824, 22.637396538579274)->(10.13773384833981, 0.7639265719246717, 22.637396538579274)
state:field-0, action:W, timestep:246, reward:4.35975997556584
==================================================

coord:(10.13773384833981, 0.7639265719246717, 22.637396538579274)->(8.789516991403524, 0.0, 23.9856133955156)
state:field-0, action:SD, timestep:247, reward:-1.9135295171814306
==================================================

coord:(8.789516991403524, 0.0, 23.9856133955156)->(8.789516991403524, 0.0, 23.9856133955156)
state:field-0, action:Wait, timestep:248, reward:-0.0
==================================================

coord:(8.789516991403524, 0.0, 23.9856133955156)->(8.789516991403524, 0.0, 23.9856133955156)
state:field-0, action:Wait, timestep:249, reward:-0.0
==================================================

coord:(8.789516991403524, 0.0, 23.9856133955156)->(6.767191705999076, 0.7415265879075652, 21.96328811011111)
state:field-0, action:SA, timestep:250, reward:-0.5192689024561865
==================================================

coord:(6.767191705999076, 0.7415265879075652, 21.96328811011111)->(6.767191705999076, 0.0, 23.696621379866134)
state:field-0, action:D, timestep:251, reward:-0.9574657294461204
==================================================

coord:(6.767191705999076, 0.0, 23.696621379866134)->(5.541540017875161, 0.4426855223010539, 22.4709696917422)
state:field-0, action:SA, timestep:252, reward:-0.36272858243449235
==================================================

coord:(5.541540017875161, 0.4426855223010539, 22.4709696917422)->(4.4148733925343855, 0.3739850842877824, 22.4709696917422)
state:field-0, action:S, timestep:253, reward:-0.976955152569758
==================================================

coord:(4.4148733925343855, 0.3739850842877824, 22.4709696917422)->(3.127939120004282, 0.0, 23.75790396427233)
state:field-0, action:SD, timestep:254, reward:-1.7703953710784184
==================================================

coord:(3.127939120004282, 0.0, 23.75790396427233)->(-0.07872742904255346, 0.0, 23.75790396427233)
state:field-0, action:S, timestep:255, reward:-2.8025636818899855
==================================================

