coord:(8.0, 0.0, 43.0)->(8.0, 0.0, 43.0)
state:field-4, action:Wait, timestep:1, reward:-0.0
==================================================

coord:(8.0, 0.0, 43.0)->(10.079999923706069, 1.3353089673437484, 43.0)
state:field-4, action:Wj, timestep:2, reward:1.0898302341682466
==================================================

coord:(10.079999923706069, 1.3353089673437484, 43.0)->(5.8333334128062, 0.0, 43.0)
state:field-4, action:Sj, timestep:3, reward:-2.2818434243459365
==================================================

coord:(5.8333334128062, 0.0, 43.0)->(5.8333334128062, 0.0, 43.0)
state:field-4, action:Wait, timestep:4, reward:-0.0
==================================================

coord:(5.8333334128062, 0.0, 43.0)->(10.005263233184843, 0.0, 38.828070179621434)
state:field-4, action:WAs, timestep:5, reward:5.784871914315154
==================================================

coord:(10.005263233184843, 0.0, 38.828070179621434)->(10.005263233184843, 2.599999904632568, 38.828070179621434)
state:wall-9, action:Wj, timestep:6, reward:0.0022221015597949645
==================================================

coord:(10.005263233184843, 2.599999904632568, 38.828070179621434)->(10.005263233184843, 5.199999809265139, 39.02807017962142)
state:wall-8, action:Wj, timestep:7, reward:-0.3482330809493277
==================================================

coord:(10.005263233184843, 5.199999809265139, 39.02807017962142)->(10.005263233184843, 3.8999998569488707, 39.02807017962142)
state:wall-8, action:S, timestep:8, reward:0.11290755186060863
==================================================

coord:(10.005263233184843, 3.8999998569488707, 39.02807017962142)->(9.93455255826317, 3.9636998573939186, 39.098780854543094)
state:field-3, action:SDsj, timestep:9, reward:-0.10197643207676066
==================================================

coord:(9.93455255826317, 3.9636998573939186, 39.098780854543094)->(9.93455255826317, 2.6636999050776256, 39.098780854543094)
state:wall-8, action:S, timestep:10, reward:0.0695179988442618
==================================================

coord:(9.93455255826317, 2.6636999050776256, 39.098780854543094)->(9.93455255826317, 5.263699809710198, 40.04878085454304)
state:wall-8, action:Wj, timestep:11, reward:-0.9817178157206712
==================================================

coord:(9.93455255826317, 5.263699809710198, 40.04878085454304)->(9.93455255826317, 7.8636997143427845, 41.04878085454298)
state:wall-7, action:Wj, timestep:12, reward:-1.1952467421925093
==================================================

coord:(9.93455255826317, 7.8636997143427845, 41.04878085454298)->(9.93455255826317, 9.163699666659099, 42.048780854542926)
state:wall-6, action:W, timestep:13, reward:-1.0788704919867982
==================================================

coord:(9.93455255826317, 9.163699666659099, 42.048780854542926)->(9.93455255826317, 11.763699571291632, 43.04878085454287)
state:wall-6, action:Wj, timestep:14, reward:-1.4217420097220028
==================================================

coord:(9.93455255826317, 11.763699571291632, 43.04878085454287)->(9.93455255826317, 10.463699618975312, 43.04878085454287)
state:wall-6, action:S, timestep:15, reward:0.30599940645819146
==================================================

coord:(9.93455255826317, 10.463699618975312, 43.04878085454287)->(9.93455255826317, 9.163699666658992, 43.04878085454287)
state:wall-6, action:S, timestep:16, reward:0.26717654549180736
==================================================

coord:(9.93455255826317, 9.163699666658992, 43.04878085454287)->(9.93455255826317, 10.463699618975312, 44.04878085454281)
state:wall-6, action:W, timestep:17, reward:-1.1170020694166283
==================================================

coord:(9.93455255826317, 10.463699618975312, 44.04878085454281)->(9.93455255826317, 13.063699523607847, 45.048780854542755)
state:wall-6, action:Wj, timestep:18, reward:-1.4808967007400042
==================================================

coord:(9.93455255826317, 13.063699523607847, 45.048780854542755)->(9.93455255826317, 11.763699571291527, 45.048780854542755)
state:wall-5, action:S, timestep:19, reward:0.33065350933586046
==================================================

coord:(9.93455255826317, 11.763699571291527, 45.048780854542755)->(9.93455255826317, 14.277032812436309, 45.048780854542755)
state:wall-5, action:Wj, timestep:20, reward:-0.6716300503111654
==================================================

coord:(9.93455255826317, 14.277032812436309, 45.048780854542755)->(9.93455255826317, 6.134050076468666, 45.048780854542755)
state:air-10, action:Wait, timestep:21, reward:1.671105211630774
==================================================

coord:(9.93455255826317, 6.134050076468666, 45.048780854542755)->(9.93455255826317, 0.0, 45.048780854542755)
state:air-10, action:Wait, timestep:22, reward:0.25180110257095834
==================================================

coord:(9.93455255826317, 0.0, 45.048780854542755)->(9.93455255826317, 0.0, 39.84878104527748)
state:field-0, action:A, timestep:23, reward:4.48839970885156
==================================================

coord:(9.93455255826317, 0.0, 39.84878104527748)->(9.93455255826317, 0.0, 39.84878104527748)
state:field-0, action:Wait, timestep:24, reward:-0.0
==================================================

coord:(9.93455255826317, 0.0, 39.84878104527748)->(9.93455255826317, 0.0, 34.6487812360122)
state:field-0, action:A, timestep:25, reward:4.281248596082321
==================================================

coord:(9.93455255826317, 0.0, 34.6487812360122)->(6.257597493891455, 0.0, 30.971826171640554)
state:field-0, action:SA, timestep:26, reward:0.32165290683577297
==================================================

coord:(6.257597493891455, 0.0, 30.971826171640554)->(9.93455255826317, 0.0, 34.6487812360122)
state:field-0, action:WD, timestep:27, reward:-0.32165290683577297
==================================================

coord:(9.93455255826317, 0.0, 34.6487812360122)->(9.93455255826317, 0.0, 34.6487812360122)
state:field-0, action:Wait, timestep:28, reward:-0.0
==================================================

coord:(9.93455255826317, 0.0, 34.6487812360122)->(6.257597493891455, 0.0, 30.971826171640554)
state:field-0, action:SA, timestep:29, reward:0.32165290683577297
==================================================

coord:(6.257597493891455, 0.0, 30.971826171640554)->(6.257597493891455, 0.0, 25.77182636237549)
state:field-0, action:A, timestep:30, reward:3.376357559175762
==================================================

coord:(6.257597493891455, 0.0, 25.77182636237549)->(9.93455255826317, 0.0, 29.448781426747285)
state:field-0, action:WD, timestep:31, reward:0.28545531226906107
==================================================

coord:(9.93455255826317, 0.0, 29.448781426747285)->(9.93455255826317, 0.0, 24.24878161748222)
state:field-0, action:A, timestep:32, reward:3.5476703690937192
==================================================

coord:(9.93455255826317, 0.0, 24.24878161748222)->(7.667096935233957, 0.8435961318594607, 21.981325994452945)
state:field-0, action:SA, timestep:33, reward:-0.4990980463396255
==================================================

coord:(7.667096935233957, 0.8435961318594607, 21.981325994452945)->(6.280430319429925, 0.7415265879075652, 21.981325994452945)
state:field-0, action:S, timestep:34, reward:-1.1869770428206579
==================================================

coord:(6.280430319429925, 0.7415265879075652, 21.981325994452945)->(7.015821332304274, 0.5844234260413889, 22.716717007327304)
state:field-0, action:WD, timestep:35, reward:0.23761317309153895
==================================================

coord:(7.015821332304274, 0.5844234260413889, 22.716717007327304)->(10.692776396675978, 2.1648246780790577, 19.039761942955508)
state:field-0, action:WA, timestep:36, reward:5.046008449592019
==================================================

coord:(10.692776396675978, 2.1648246780790577, 19.039761942955508)->(10.692776396675978, 1.1027030614865723, 21.986428501539045)
state:field-0, action:D, timestep:37, reward:-1.5857784510896664
==================================================

coord:(10.692776396675978, 1.1027030614865723, 21.986428501539045)->(9.650972461770666, 1.4557636711282544, 20.944624566633703)
state:field-0, action:SA, timestep:38, reward:-0.2756546970991103
==================================================

coord:(9.650972461770666, 1.4557636711282544, 20.944624566633703)->(8.26430584596662, 1.3314234763797277, 20.944624566633703)
state:field-0, action:S, timestep:39, reward:-1.1806311279062527
==================================================

coord:(8.26430584596662, 1.3314234763797277, 20.944624566633703)->(7.406349664279883, 1.1937817928180272, 20.08666838494695)
state:field-0, action:SA, timestep:40, reward:-0.32551342235279535
==================================================

coord:(7.406349664279883, 1.1937817928180272, 20.08666838494695)->(6.193016375451355, 1.0493421035292299, 20.08666838494695)
state:field-0, action:S, timestep:41, reward:-1.0771207296071204
==================================================

coord:(6.193016375451355, 1.0493421035292299, 20.08666838494695)->(11.39301618471651, 1.6397983047958267, 20.08666838494695)
state:field-0, action:W, timestep:42, reward:4.510784588036216
==================================================

coord:(11.39301618471651, 1.6397983047958267, 20.08666838494695)->(10.353016222863475, 1.5604467445645802, 20.08666838494695)
state:field-0, action:S, timestep:43, reward:-0.8781019683425342
==================================================

coord:(10.353016222863475, 1.5604467445645802, 20.08666838494695)->(14.42634940678786, 1.6893332188740304, 20.08666838494695)
state:field-0, action:W, timestep:44, reward:3.3513942522826063
==================================================

coord:(14.42634940678786, 1.6893332188740304, 20.08666838494695)->(14.42634940678786, 1.6893332188740304, 20.08666838494695)
state:field-0, action:Wait, timestep:45, reward:-0.0
==================================================

coord:(14.42634940678786, 1.6893332188740304, 20.08666838494695)->(15.406870757286978, 2.27490995745885, 19.106147034447805)
state:field-0, action:WA, timestep:46, reward:1.353951978550917
==================================================

coord:(15.406870757286978, 2.27490995745885, 19.106147034447805)->(15.406870757286978, 0.8027736300479178, 22.312813583494595)
state:field-0, action:D, timestep:47, reward:-2.0844844735006056
==================================================

coord:(15.406870757286978, 0.8027736300479178, 22.312813583494595)->(15.406870757286978, 0.8027736300479178, 22.312813583494595)
state:field-0, action:Wait, timestep:48, reward:-0.0
==================================================

coord:(15.406870757286978, 0.8027736300479178, 22.312813583494595)->(15.406870757286978, 0.8027736300479178, 22.312813583494595)
state:field-0, action:Wait, timestep:49, reward:-0.0
==================================================

coord:(15.406870757286978, 0.8027736300479178, 22.312813583494595)->(15.406870757286978, 0.8027736300479178, 22.312813583494595)
state:field-0, action:Wait, timestep:50, reward:-0.0
==================================================

coord:(15.406870757286978, 0.8027736300479178, 22.312813583494595)->(16.44687071914, 0.7639265719246717, 22.312813583494595)
state:field-0, action:W, timestep:51, reward:0.7276987297991511
==================================================

coord:(16.44687071914, 0.7639265719246717, 22.312813583494595)->(17.488674654045344, 1.0287278707495946, 21.271009648589253)
state:field-0, action:WA, timestep:52, reward:1.4783976801958545
==================================================

coord:(17.488674654045344, 1.0287278707495946, 21.271009648589253)->(15.95661004389043, 0.8027736300479178, 22.803074258744168)
state:field-0, action:SD, timestep:53, reward:-2.1701618358290773
==================================================

coord:(15.95661004389043, 0.8027736300479178, 22.803074258744168)->(12.708633070362104, 2.3436302805307814, 19.555097285215748)
state:field-0, action:SA, timestep:54, reward:-0.41008255368757673
==================================================

coord:(12.708633070362104, 2.3436302805307814, 19.555097285215748)->(10.74759036936387, 1.1027030614865723, 21.51613998621404)
state:field-0, action:SD, timestep:55, reward:-2.7027876907719772
==================================================

coord:(10.74759036936387, 1.1027030614865723, 21.51613998621404)->(9.399373512427584, 0.7126783113176967, 22.864356843150365)
state:field-0, action:SD, timestep:56, reward:-1.8866572240226382
==================================================

coord:(9.399373512427584, 0.7126783113176967, 22.864356843150365)->(8.602699915147051, 0.6518067826624893, 22.06768324586981)
state:field-0, action:SA, timestep:57, reward:-0.205541734499473
==================================================

coord:(8.602699915147051, 0.6518067826624893, 22.06768324586981)->(13.802699724412223, 0.8352688461235359, 22.06768324586981)
state:field-0, action:W, timestep:58, reward:4.157292059326668
==================================================

coord:(13.802699724412223, 0.8352688461235359, 22.06768324586981)->(14.231677815255587, 1.1937817928180272, 21.638705155026432)
state:field-0, action:WA, timestep:59, reward:0.6104089570103497
==================================================

coord:(14.231677815255587, 1.1937817928180272, 21.638705155026432)->(12.671677872476035, 1.1937817928180272, 21.638705155026432)
state:field-0, action:S, timestep:60, reward:-1.2034829107368417
==================================================

coord:(12.671677872476035, 1.1937817928180272, 21.638705155026432)->(12.671677872476035, 2.3068235611512034, 23.02537177083045)
state:field-0, action:D, timestep:61, reward:-0.903830171537841
==================================================

coord:(12.671677872476035, 2.3068235611512034, 23.02537177083045)->(12.671677872476035, 1.6893332188740304, 20.945371847124424)
state:field-0, action:A, timestep:62, reward:1.3232509345969206
==================================================

coord:(12.671677872476035, 1.6893332188740304, 20.945371847124424)->(11.691156521976918, 2.27490995745885, 19.964850496625278)
state:field-0, action:SA, timestep:63, reward:-0.259163333521375
==================================================

coord:(11.691156521976918, 2.27490995745885, 19.964850496625278)->(10.304489906172872, 2.1648246780790577, 19.964850496625278)
state:field-0, action:S, timestep:64, reward:-1.1679939684572034
==================================================

coord:(10.304489906172872, 2.1648246780790577, 19.964850496625278)->(10.304489906172872, 2.1648246780790577, 19.964850496625278)
state:field-0, action:Wait, timestep:65, reward:-0.0
==================================================

coord:(10.304489906172872, 2.1648246780790577, 19.964850496625278)->(10.304489906172872, 2.1648246780790577, 19.964850496625278)
state:field-0, action:Wait, timestep:66, reward:-0.0
==================================================

coord:(10.304489906172872, 2.1648246780790577, 19.964850496625278)->(10.304489906172872, 2.1648246780790577, 19.964850496625278)
state:field-0, action:Wait, timestep:67, reward:-0.0
==================================================

coord:(10.304489906172872, 2.1648246780790577, 19.964850496625278)->(11.713989347515353, 1.1587775213843676, 21.3743499379678)
state:field-0, action:WD, timestep:68, reward:0.40432662987943857
==================================================

coord:(11.713989347515353, 1.1587775213843676, 21.3743499379678)->(10.549620243797651, 1.5604467445645802, 20.209980834250064)
state:field-0, action:SA, timestep:69, reward:-0.3106419735344552
==================================================

coord:(10.549620243797651, 1.5604467445645802, 20.209980834250064)->(12.265532607171107, 1.1937817928180272, 21.92589319762357)
state:field-0, action:WD, timestep:70, reward:0.41727776684013307
==================================================

coord:(12.265532607171107, 1.1937817928180272, 21.92589319762357)->(14.345532530877176, 1.1937817928180272, 21.92589319762357)
state:field-0, action:W, timestep:71, reward:1.5964665425015916
==================================================

coord:(14.345532530877176, 1.1937817928180272, 21.92589319762357)->(12.75218533631611, 1.6893332188740304, 20.332546003062458)
state:field-0, action:SA, timestep:72, reward:-0.25368551045877297
==================================================

coord:(12.75218533631611, 1.6893332188740304, 20.332546003062458)->(12.75218533631611, 0.8270237604891869, 22.75921258071949)
state:field-0, action:D, timestep:73, reward:-1.5000022697397668
==================================================

coord:(12.75218533631611, 0.8270237604891869, 22.75921258071949)->(11.625518710975323, 0.8027736300479178, 22.75921258071949)
state:field-0, action:S, timestep:74, reward:-0.8677444110020396
==================================================

coord:(11.625518710975323, 0.8027736300479178, 22.75921258071949)->(10.498852085634535, 0.7639265719246717, 22.75921258071949)
state:field-0, action:S, timestep:75, reward:-0.8892212360356133
==================================================

coord:(10.498852085634535, 0.7639265719246717, 22.75921258071949)->(10.498852085634535, 0.7639265719246717, 22.75921258071949)
state:field-0, action:Wait, timestep:76, reward:-0.0
==================================================

coord:(10.498852085634535, 0.7639265719246717, 22.75921258071949)->(9.702178488354003, 1.0287278707495946, 21.962538983438932)
state:field-0, action:SA, timestep:77, reward:-0.17503515381604728
==================================================

coord:(9.702178488354003, 1.0287278707495946, 21.962538983438932)->(8.315511872549957, 0.9408618068210272, 21.962538983438932)
state:field-0, action:S, timestep:78, reward:-1.1555406389993017
==================================================

coord:(8.315511872549957, 0.9408618068210272, 21.962538983438932)->(8.315511872549957, 0.9408618068210272, 21.962538983438932)
state:field-0, action:Wait, timestep:79, reward:-0.0
==================================================

coord:(8.315511872549957, 0.9408618068210272, 21.962538983438932)->(8.315511872549957, 0.0, 23.869205580169456)
state:field-0, action:D, timestep:80, reward:-1.1100914634505266
==================================================

coord:(8.315511872549957, 0.0, 23.869205580169456)->(6.538316924770285, 0.5137120627266188, 22.092010632389755)
state:field-0, action:SA, timestep:81, reward:-0.47679386008225677
==================================================

coord:(6.538316924770285, 0.5137120627266188, 22.092010632389755)->(11.738316734035443, 0.8027736300479178, 22.092010632389755)
state:field-0, action:W, timestep:82, reward:4.30794004876816
==================================================

coord:(11.738316734035443, 0.8027736300479178, 22.092010632389755)->(14.250902694689431, 2.3436302805307814, 19.579424671735694)
state:field-0, action:WA, timestep:83, reward:3.498777053308004
==================================================

coord:(14.250902694689431, 2.3436302805307814, 19.579424671735694)->(15.476554382813328, 3.094007752507157, 18.353772983611762)
state:field-0, action:WA, timestep:84, reward:1.6508980949137886
==================================================

coord:(15.476554382813328, 3.094007752507157, 18.353772983611762)->(16.863220998617358, 2.944285471534568, 18.353772983611762)
state:field-0, action:W, timestep:85, reward:1.1190337853958354
==================================================

coord:(16.863220998617358, 2.944285471534568, 18.353772983611762)->(14.718330544400514, 1.6893332188740304, 20.498663437828643)
state:field-0, action:SD, timestep:86, reward:-2.9411560672955943
==================================================

coord:(14.718330544400514, 1.6893332188740304, 20.498663437828643)->(12.638330620694445, 1.6893332188740304, 20.498663437828643)
state:field-0, action:S, timestep:87, reward:-1.6503828675811185
==================================================

coord:(12.638330620694445, 1.6893332188740304, 20.498663437828643)->(11.596526685789133, 2.27490995745885, 19.4568595029233)
state:field-0, action:SA, timestep:88, reward:-0.30318031666817546
==================================================

coord:(11.596526685789133, 2.27490995745885, 19.4568595029233)->(10.432157582071431, 2.944285471534568, 18.292490399205565)
state:field-0, action:SA, timestep:89, reward:-0.46958832016653673
==================================================

coord:(10.432157582071431, 2.944285471534568, 18.292490399205565)->(14.505490765995816, 3.187471325270649, 18.292490399205565)
state:field-0, action:W, timestep:90, reward:3.474529895864464
==================================================

coord:(14.505490765995816, 3.187471325270649, 18.292490399205565)->(15.547294700901128, 4.12536130634839, 17.250686464300223)
state:field-0, action:WA, timestep:91, reward:1.3081684613996671
==================================================

coord:(15.547294700901128, 4.12536130634839, 17.250686464300223)->(16.933961316705155, 3.9257307449439995, 17.250686464300223)
state:field-0, action:W, timestep:92, reward:1.1675760889257276
==================================================

coord:(16.933961316705155, 3.9257307449439995, 17.250686464300223)->(17.240374238736138, 4.7872536132672305, 16.94427354226924)
state:field-0, action:WA, timestep:93, reward:0.2571910404980269
==================================================

coord:(17.240374238736138, 4.7872536132672305, 16.94427354226924)->(17.240374238736138, 4.7872536132672305, 16.94427354226924)
state:field-0, action:Wait, timestep:94, reward:-0.0
==================================================

coord:(17.240374238736138, 4.7872536132672305, 16.94427354226924)->(17.240374238736138, 4.7872536132672305, 16.94427354226924)
state:field-0, action:Wait, timestep:95, reward:-0.0
==================================================

coord:(17.240374238736138, 4.7872536132672305, 16.94427354226924)->(17.240374238736138, 4.7872536132672305, 16.94427354226924)
state:field-0, action:Wait, timestep:96, reward:-0.0
==================================================

coord:(17.240374238736138, 4.7872536132672305, 16.94427354226924)->(17.240374238736138, 4.7872536132672305, 16.94427354226924)
state:field-0, action:Wait, timestep:97, reward:-0.0
==================================================

coord:(17.240374238736138, 4.7872536132672305, 16.94427354226924)->(17.240374238736138, 4.7872536132672305, 16.94427354226924)
state:field-0, action:Wait, timestep:98, reward:-0.0
==================================================

coord:(17.240374238736138, 4.7872536132672305, 16.94427354226924)->(17.240374238736138, 4.7872536132672305, 16.94427354226924)
state:field-0, action:Wait, timestep:99, reward:-0.0
==================================================

coord:(17.240374238736138, 4.7872536132672305, 16.94427354226924)->(17.240374238736138, 4.7872536132672305, 16.94427354226924)
state:field-0, action:Wait, timestep:100, reward:-0.0
==================================================

coord:(17.240374238736138, 4.7872536132672305, 16.94427354226924)->(17.240374238736138, 4.7872536132672305, 16.94427354226924)
state:field-0, action:Wait, timestep:101, reward:-0.0
==================================================

coord:(17.240374238736138, 4.7872536132672305, 16.94427354226924)->(17.240374238736138, 4.7872536132672305, 16.94427354226924)
state:field-0, action:Wait, timestep:102, reward:-0.0
==================================================

coord:(17.240374238736138, 4.7872536132672305, 16.94427354226924)->(17.240374238736138, 4.7872536132672305, 16.94427354226924)
state:field-0, action:Wait, timestep:103, reward:-0.0
==================================================

coord:(17.240374238736138, 4.7872536132672305, 16.94427354226924)->(17.240374238736138, 4.7872536132672305, 16.94427354226924)
state:field-0, action:Wait, timestep:104, reward:-0.0
==================================================

coord:(17.240374238736138, 4.7872536132672305, 16.94427354226924)->(17.240374238736138, 4.7872536132672305, 16.94427354226924)
state:field-0, action:Wait, timestep:105, reward:-0.0
==================================================

coord:(17.240374238736138, 4.7872536132672305, 16.94427354226924)->(17.240374238736138, 4.7872536132672305, 16.94427354226924)
state:field-0, action:Wait, timestep:106, reward:-0.0
==================================================

coord:(17.240374238736138, 4.7872536132672305, 16.94427354226924)->(17.240374238736138, 4.7872536132672305, 16.94427354226924)
state:field-0, action:Wait, timestep:107, reward:-0.0
==================================================

coord:(17.240374238736138, 4.7872536132672305, 16.94427354226924)->(17.240374238736138, 4.7872536132672305, 16.94427354226924)
state:field-0, action:Wait, timestep:108, reward:-0.0
==================================================

coord:(17.240374238736138, 4.7872536132672305, 16.94427354226924)->(17.240374238736138, 4.7872536132672305, 16.94427354226924)
state:field-0, action:Wait, timestep:109, reward:-0.0
==================================================

coord:(17.240374238736138, 4.7872536132672305, 16.94427354226924)->(17.240374238736138, 4.7872536132672305, 16.94427354226924)
state:field-0, action:Wait, timestep:110, reward:-0.0
==================================================

coord:(17.240374238736138, 4.7872536132672305, 16.94427354226924)->(17.240374238736138, 4.7872536132672305, 16.94427354226924)
state:field-0, action:Wait, timestep:111, reward:-0.0
==================================================

coord:(17.240374238736138, 4.7872536132672305, 16.94427354226924)->(17.240374238736138, 4.7872536132672305, 16.94427354226924)
state:field-0, action:Wait, timestep:112, reward:-0.0
==================================================

coord:(17.240374238736138, 4.7872536132672305, 16.94427354226924)->(17.240374238736138, 4.7872536132672305, 16.94427354226924)
state:field-0, action:Wait, timestep:113, reward:-0.0
==================================================

coord:(17.240374238736138, 4.7872536132672305, 16.94427354226924)->(17.240374238736138, 4.7872536132672305, 16.94427354226924)
state:field-0, action:Wait, timestep:114, reward:-0.0
==================================================

coord:(17.240374238736138, 4.7872536132672305, 16.94427354226924)->(17.240374238736138, 4.7872536132672305, 16.94427354226924)
state:field-0, action:Wait, timestep:115, reward:-0.0
==================================================

coord:(17.240374238736138, 4.7872536132672305, 16.94427354226924)->(17.240374238736138, 4.7872536132672305, 16.94427354226924)
state:field-0, action:Wait, timestep:116, reward:-0.0
==================================================

coord:(17.240374238736138, 4.7872536132672305, 16.94427354226924)->(17.240374238736138, 4.7872536132672305, 16.94427354226924)
state:field-0, action:Wait, timestep:117, reward:-0.0
==================================================

coord:(17.240374238736138, 4.7872536132672305, 16.94427354226924)->(17.240374238736138, 4.7872536132672305, 16.94427354226924)
state:field-0, action:Wait, timestep:118, reward:-0.0
==================================================

coord:(17.240374238736138, 4.7872536132672305, 16.94427354226924)->(17.240374238736138, 4.7872536132672305, 16.94427354226924)
state:field-0, action:Wait, timestep:119, reward:-0.0
==================================================

coord:(17.240374238736138, 4.7872536132672305, 16.94427354226924)->(17.240374238736138, 4.7872536132672305, 16.94427354226924)
state:field-0, action:Wait, timestep:120, reward:-0.0
==================================================

coord:(17.240374238736138, 4.7872536132672305, 16.94427354226924)->(17.240374238736138, 4.7872536132672305, 16.94427354226924)
state:field-0, action:Wait, timestep:121, reward:-0.0
==================================================

coord:(17.240374238736138, 4.7872536132672305, 16.94427354226924)->(17.240374238736138, 4.7872536132672305, 16.94427354226924)
state:field-0, action:Wait, timestep:122, reward:-0.0
==================================================

coord:(17.240374238736138, 4.7872536132672305, 16.94427354226924)->(17.240374238736138, 4.7872536132672305, 16.94427354226924)
state:field-0, action:Wait, timestep:123, reward:-0.0
==================================================

coord:(17.240374238736138, 4.7872536132672305, 16.94427354226924)->(17.240374238736138, 4.7872536132672305, 16.94427354226924)
state:field-0, action:Wait, timestep:124, reward:-0.0
==================================================

coord:(17.240374238736138, 4.7872536132672305, 16.94427354226924)->(17.240374238736138, 4.7872536132672305, 16.94427354226924)
state:field-0, action:Wait, timestep:125, reward:-0.0
==================================================

coord:(17.240374238736138, 4.7872536132672305, 16.94427354226924)->(17.240374238736138, 4.7872536132672305, 16.94427354226924)
state:field-0, action:Wait, timestep:126, reward:-0.0
==================================================

coord:(17.240374238736138, 4.7872536132672305, 16.94427354226924)->(17.240374238736138, 4.7872536132672305, 16.94427354226924)
state:field-0, action:Wait, timestep:127, reward:-0.0
==================================================

coord:(17.240374238736138, 4.7872536132672305, 16.94427354226924)->(17.240374238736138, 4.7872536132672305, 16.94427354226924)
state:field-0, action:Wait, timestep:128, reward:-0.0
==================================================

coord:(17.240374238736138, 4.7872536132672305, 16.94427354226924)->(17.240374238736138, 4.7872536132672305, 16.94427354226924)
state:field-0, action:Wait, timestep:129, reward:-0.0
==================================================

coord:(17.240374238736138, 4.7872536132672305, 16.94427354226924)->(17.240374238736138, 4.7872536132672305, 16.94427354226924)
state:field-0, action:Wait, timestep:130, reward:-0.0
==================================================

coord:(17.240374238736138, 4.7872536132672305, 16.94427354226924)->(17.240374238736138, 4.7872536132672305, 16.94427354226924)
state:field-0, action:Wait, timestep:131, reward:-0.0
==================================================

coord:(17.240374238736138, 4.7872536132672305, 16.94427354226924)->(17.240374238736138, 4.7872536132672305, 16.94427354226924)
state:field-0, action:Wait, timestep:132, reward:-0.0
==================================================

coord:(17.240374238736138, 4.7872536132672305, 16.94427354226924)->(17.240374238736138, 4.7872536132672305, 16.94427354226924)
state:field-0, action:Wait, timestep:133, reward:-0.0
==================================================

coord:(17.240374238736138, 4.7872536132672305, 16.94427354226924)->(17.240374238736138, 4.7872536132672305, 16.94427354226924)
state:field-0, action:Wait, timestep:134, reward:-0.0
==================================================

coord:(17.240374238736138, 4.7872536132672305, 16.94427354226924)->(17.240374238736138, 4.7872536132672305, 16.94427354226924)
state:field-0, action:Wait, timestep:135, reward:-0.0
==================================================

coord:(17.240374238736138, 4.7872536132672305, 16.94427354226924)->(17.240374238736138, 4.7872536132672305, 16.94427354226924)
state:field-0, action:Wait, timestep:136, reward:-0.0
==================================================

coord:(17.240374238736138, 4.7872536132672305, 16.94427354226924)->(17.240374238736138, 4.7872536132672305, 16.94427354226924)
state:field-0, action:Wait, timestep:137, reward:-0.0
==================================================

coord:(17.240374238736138, 4.7872536132672305, 16.94427354226924)->(17.240374238736138, 4.7872536132672305, 16.94427354226924)
state:field-0, action:Wait, timestep:138, reward:-0.0
==================================================

coord:(17.240374238736138, 4.7872536132672305, 16.94427354226924)->(17.240374238736138, 4.7872536132672305, 16.94427354226924)
state:field-0, action:Wait, timestep:139, reward:-0.0
==================================================

coord:(17.240374238736138, 4.7872536132672305, 16.94427354226924)->(17.240374238736138, 4.7872536132672305, 16.94427354226924)
state:field-0, action:Wait, timestep:140, reward:-0.0
==================================================

coord:(17.240374238736138, 4.7872536132672305, 16.94427354226924)->(17.240374238736138, 4.7872536132672305, 16.94427354226924)
state:field-0, action:Wait, timestep:141, reward:-0.0
==================================================

coord:(17.240374238736138, 4.7872536132672305, 16.94427354226924)->(17.240374238736138, 4.7872536132672305, 16.94427354226924)
state:field-0, action:Wait, timestep:142, reward:-0.0
==================================================

coord:(17.240374238736138, 4.7872536132672305, 16.94427354226924)->(17.240374238736138, 4.7872536132672305, 16.94427354226924)
state:field-0, action:Wait, timestep:143, reward:-0.0
==================================================

coord:(17.240374238736138, 4.7872536132672305, 16.94427354226924)->(17.240374238736138, 4.7872536132672305, 16.94427354226924)
state:field-0, action:Wait, timestep:144, reward:-0.0
==================================================

coord:(17.240374238736138, 4.7872536132672305, 16.94427354226924)->(17.240374238736138, 4.7872536132672305, 16.94427354226924)
state:field-0, action:Wait, timestep:145, reward:-0.0
==================================================

coord:(17.240374238736138, 4.7872536132672305, 16.94427354226924)->(17.240374238736138, 4.7872536132672305, 16.94427354226924)
state:field-0, action:Wait, timestep:146, reward:-0.0
==================================================

coord:(17.240374238736138, 4.7872536132672305, 16.94427354226924)->(17.240374238736138, 4.7872536132672305, 16.94427354226924)
state:field-0, action:Wait, timestep:147, reward:-0.0
==================================================

coord:(17.240374238736138, 4.7872536132672305, 16.94427354226924)->(17.240374238736138, 4.7872536132672305, 16.94427354226924)
state:field-0, action:Wait, timestep:148, reward:-0.0
==================================================

coord:(17.240374238736138, 4.7872536132672305, 16.94427354226924)->(17.240374238736138, 4.7872536132672305, 16.94427354226924)
state:field-0, action:Wait, timestep:149, reward:-0.0
==================================================

coord:(17.240374238736138, 4.7872536132672305, 16.94427354226924)->(17.240374238736138, 4.7872536132672305, 16.94427354226924)
state:field-0, action:Wait, timestep:150, reward:-0.0
==================================================

coord:(17.240374238736138, 4.7872536132672305, 16.94427354226924)->(17.240374238736138, 4.7872536132672305, 16.94427354226924)
state:field-0, action:Wait, timestep:151, reward:-0.0
==================================================

coord:(17.240374238736138, 4.7872536132672305, 16.94427354226924)->(17.240374238736138, 4.7872536132672305, 16.94427354226924)
state:field-0, action:Wait, timestep:152, reward:-0.0
==================================================

coord:(17.240374238736138, 4.7872536132672305, 16.94427354226924)->(17.240374238736138, 4.7872536132672305, 16.94427354226924)
state:field-0, action:Wait, timestep:153, reward:-0.0
==================================================

coord:(17.240374238736138, 4.7872536132672305, 16.94427354226924)->(17.240374238736138, 4.7872536132672305, 16.94427354226924)
state:field-0, action:Wait, timestep:154, reward:-0.0
==================================================

coord:(17.240374238736138, 4.7872536132672305, 16.94427354226924)->(17.240374238736138, 4.7872536132672305, 16.94427354226924)
state:field-0, action:Wait, timestep:155, reward:-0.0
==================================================

coord:(17.240374238736138, 4.7872536132672305, 16.94427354226924)->(17.240374238736138, 4.7872536132672305, 16.94427354226924)
state:field-0, action:Wait, timestep:156, reward:-0.0
==================================================

coord:(17.240374238736138, 4.7872536132672305, 16.94427354226924)->(17.240374238736138, 4.7872536132672305, 16.94427354226924)
state:field-0, action:Wait, timestep:157, reward:-0.0
==================================================

coord:(17.240374238736138, 4.7872536132672305, 16.94427354226924)->(17.240374238736138, 4.7872536132672305, 16.94427354226924)
state:field-0, action:Wait, timestep:158, reward:-0.0
==================================================

coord:(17.240374238736138, 4.7872536132672305, 16.94427354226924)->(17.240374238736138, 4.7872536132672305, 16.94427354226924)
state:field-0, action:Wait, timestep:159, reward:-0.0
==================================================

coord:(17.240374238736138, 4.7872536132672305, 16.94427354226924)->(17.240374238736138, 4.7872536132672305, 16.94427354226924)
state:field-0, action:Wait, timestep:160, reward:-0.0
==================================================

coord:(17.240374238736138, 4.7872536132672305, 16.94427354226924)->(17.240374238736138, 4.7872536132672305, 16.94427354226924)
state:field-0, action:Wait, timestep:161, reward:-0.0
==================================================

coord:(17.240374238736138, 4.7872536132672305, 16.94427354226924)->(17.240374238736138, 4.7872536132672305, 16.94427354226924)
state:field-0, action:Wait, timestep:162, reward:-0.0
==================================================

coord:(17.240374238736138, 4.7872536132672305, 16.94427354226924)->(17.240374238736138, 4.7872536132672305, 16.94427354226924)
state:field-0, action:Wait, timestep:163, reward:-0.0
==================================================

coord:(17.240374238736138, 4.7872536132672305, 16.94427354226924)->(17.240374238736138, 4.7872536132672305, 16.94427354226924)
state:field-0, action:Wait, timestep:164, reward:-0.0
==================================================

coord:(17.240374238736138, 4.7872536132672305, 16.94427354226924)->(17.240374238736138, 4.7872536132672305, 16.94427354226924)
state:field-0, action:Wait, timestep:165, reward:-0.0
==================================================

coord:(17.240374238736138, 4.7872536132672305, 16.94427354226924)->(17.240374238736138, 4.7872536132672305, 16.94427354226924)
state:field-0, action:Wait, timestep:166, reward:-0.0
==================================================

coord:(17.240374238736138, 4.7872536132672305, 16.94427354226924)->(17.240374238736138, 4.7872536132672305, 16.94427354226924)
state:field-0, action:Wait, timestep:167, reward:-0.0
==================================================

coord:(17.240374238736138, 4.7872536132672305, 16.94427354226924)->(17.240374238736138, 4.7872536132672305, 16.94427354226924)
state:field-0, action:Wait, timestep:168, reward:-0.0
==================================================

coord:(17.240374238736138, 4.7872536132672305, 16.94427354226924)->(17.240374238736138, 4.7872536132672305, 16.94427354226924)
state:field-0, action:Wait, timestep:169, reward:-0.0
==================================================

coord:(17.240374238736138, 4.7872536132672305, 16.94427354226924)->(17.240374238736138, 4.7872536132672305, 16.94427354226924)
state:field-0, action:Wait, timestep:170, reward:-0.0
==================================================

coord:(17.240374238736138, 4.7872536132672305, 16.94427354226924)->(17.240374238736138, 4.7872536132672305, 16.94427354226924)
state:field-0, action:Wait, timestep:171, reward:-0.0
==================================================

coord:(17.240374238736138, 4.7872536132672305, 16.94427354226924)->(17.240374238736138, 4.7872536132672305, 16.94427354226924)
state:field-0, action:Wait, timestep:172, reward:-0.0
==================================================

coord:(17.240374238736138, 4.7872536132672305, 16.94427354226924)->(17.240374238736138, 4.7872536132672305, 16.94427354226924)
state:field-0, action:Wait, timestep:173, reward:-0.0
==================================================

coord:(17.240374238736138, 4.7872536132672305, 16.94427354226924)->(17.240374238736138, 4.7872536132672305, 16.94427354226924)
state:field-0, action:Wait, timestep:174, reward:-0.0
==================================================

coord:(17.240374238736138, 4.7872536132672305, 16.94427354226924)->(17.240374238736138, 4.7872536132672305, 16.94427354226924)
state:field-0, action:Wait, timestep:175, reward:-0.0
==================================================

coord:(17.240374238736138, 4.7872536132672305, 16.94427354226924)->(17.240374238736138, 4.7872536132672305, 16.94427354226924)
state:field-0, action:Wait, timestep:176, reward:-0.0
==================================================

coord:(17.240374238736138, 4.7872536132672305, 16.94427354226924)->(17.240374238736138, 4.7872536132672305, 16.94427354226924)
state:field-0, action:Wait, timestep:177, reward:-0.0
==================================================

coord:(17.240374238736138, 4.7872536132672305, 16.94427354226924)->(17.240374238736138, 4.7872536132672305, 16.94427354226924)
state:field-0, action:Wait, timestep:178, reward:-0.0
==================================================

coord:(17.240374238736138, 4.7872536132672305, 16.94427354226924)->(17.240374238736138, 4.7872536132672305, 16.94427354226924)
state:field-0, action:Wait, timestep:179, reward:-0.0
==================================================

coord:(17.240374238736138, 4.7872536132672305, 16.94427354226924)->(17.240374238736138, 4.7872536132672305, 16.94427354226924)
state:field-0, action:Wait, timestep:180, reward:-0.0
==================================================

coord:(17.240374238736138, 4.7872536132672305, 16.94427354226924)->(17.240374238736138, 4.7872536132672305, 16.94427354226924)
state:field-0, action:Wait, timestep:181, reward:-0.0
==================================================

coord:(17.240374238736138, 4.7872536132672305, 16.94427354226924)->(17.240374238736138, 4.7872536132672305, 16.94427354226924)
state:field-0, action:Wait, timestep:182, reward:-0.0
==================================================

coord:(17.240374238736138, 4.7872536132672305, 16.94427354226924)->(17.240374238736138, 4.7872536132672305, 16.94427354226924)
state:field-0, action:Wait, timestep:183, reward:-0.0
==================================================

coord:(17.240374238736138, 4.7872536132672305, 16.94427354226924)->(17.240374238736138, 4.7872536132672305, 16.94427354226924)
state:field-0, action:Wait, timestep:184, reward:-0.0
==================================================

coord:(17.240374238736138, 4.7872536132672305, 16.94427354226924)->(17.240374238736138, 4.7872536132672305, 16.94427354226924)
state:field-0, action:Wait, timestep:185, reward:-0.0
==================================================

coord:(17.240374238736138, 4.7872536132672305, 16.94427354226924)->(17.240374238736138, 4.7872536132672305, 16.94427354226924)
state:field-0, action:Wait, timestep:186, reward:-0.0
==================================================

coord:(17.240374238736138, 4.7872536132672305, 16.94427354226924)->(17.240374238736138, 4.7872536132672305, 16.94427354226924)
state:field-0, action:Wait, timestep:187, reward:-0.0
==================================================

coord:(17.240374238736138, 4.7872536132672305, 16.94427354226924)->(17.240374238736138, 4.7872536132672305, 16.94427354226924)
state:field-0, action:Wait, timestep:188, reward:-0.0
==================================================

coord:(17.240374238736138, 4.7872536132672305, 16.94427354226924)->(17.240374238736138, 4.7872536132672305, 16.94427354226924)
state:field-0, action:Wait, timestep:189, reward:-0.0
==================================================

coord:(17.240374238736138, 4.7872536132672305, 16.94427354226924)->(17.240374238736138, 4.7872536132672305, 16.94427354226924)
state:field-0, action:Wait, timestep:190, reward:-0.0
==================================================

coord:(17.240374238736138, 4.7872536132672305, 16.94427354226924)->(17.240374238736138, 4.7872536132672305, 16.94427354226924)
state:field-0, action:Wait, timestep:191, reward:-0.0
==================================================

coord:(17.240374238736138, 4.7872536132672305, 16.94427354226924)->(17.240374238736138, 4.7872536132672305, 16.94427354226924)
state:field-0, action:Wait, timestep:192, reward:-0.0
==================================================

coord:(17.240374238736138, 4.7872536132672305, 16.94427354226924)->(17.240374238736138, 4.7872536132672305, 16.94427354226924)
state:field-0, action:Wait, timestep:193, reward:-0.0
==================================================

coord:(17.240374238736138, 4.7872536132672305, 16.94427354226924)->(17.240374238736138, 4.7872536132672305, 16.94427354226924)
state:field-0, action:Wait, timestep:194, reward:-0.0
==================================================

coord:(17.240374238736138, 4.7872536132672305, 16.94427354226924)->(17.240374238736138, 4.7872536132672305, 16.94427354226924)
state:field-0, action:Wait, timestep:195, reward:-0.0
==================================================

coord:(17.240374238736138, 4.7872536132672305, 16.94427354226924)->(17.240374238736138, 4.7872536132672305, 16.94427354226924)
state:field-0, action:Wait, timestep:196, reward:-0.0
==================================================

coord:(17.240374238736138, 4.7872536132672305, 16.94427354226924)->(17.240374238736138, 4.7872536132672305, 16.94427354226924)
state:field-0, action:Wait, timestep:197, reward:-0.0
==================================================

coord:(17.240374238736138, 4.7872536132672305, 16.94427354226924)->(17.240374238736138, 4.7872536132672305, 16.94427354226924)
state:field-0, action:Wait, timestep:198, reward:-0.0
==================================================

coord:(17.240374238736138, 4.7872536132672305, 16.94427354226924)->(17.240374238736138, 4.7872536132672305, 16.94427354226924)
state:field-0, action:Wait, timestep:199, reward:-0.0
==================================================

coord:(17.240374238736138, 4.7872536132672305, 16.94427354226924)->(17.240374238736138, 4.7872536132672305, 16.94427354226924)
state:field-0, action:Wait, timestep:200, reward:-0.0
==================================================

coord:(17.240374238736138, 4.7872536132672305, 16.94427354226924)->(17.240374238736138, 4.7872536132672305, 16.94427354226924)
state:field-0, action:Wait, timestep:201, reward:-0.0
==================================================

coord:(17.240374238736138, 4.7872536132672305, 16.94427354226924)->(17.240374238736138, 4.7872536132672305, 16.94427354226924)
state:field-0, action:Wait, timestep:202, reward:-0.0
==================================================

coord:(17.240374238736138, 4.7872536132672305, 16.94427354226924)->(17.240374238736138, 4.7872536132672305, 16.94427354226924)
state:field-0, action:Wait, timestep:203, reward:-0.0
==================================================

coord:(17.240374238736138, 4.7872536132672305, 16.94427354226924)->(17.240374238736138, 4.7872536132672305, 16.94427354226924)
state:field-0, action:Wait, timestep:204, reward:-0.0
==================================================

coord:(17.240374238736138, 4.7872536132672305, 16.94427354226924)->(17.240374238736138, 4.7872536132672305, 16.94427354226924)
state:field-0, action:Wait, timestep:205, reward:-0.0
==================================================

coord:(17.240374238736138, 4.7872536132672305, 16.94427354226924)->(17.240374238736138, 4.7872536132672305, 16.94427354226924)
state:field-0, action:Wait, timestep:206, reward:-0.0
==================================================

coord:(17.240374238736138, 4.7872536132672305, 16.94427354226924)->(17.240374238736138, 4.7872536132672305, 16.94427354226924)
state:field-0, action:Wait, timestep:207, reward:-0.0
==================================================

coord:(17.240374238736138, 4.7872536132672305, 16.94427354226924)->(17.240374238736138, 4.7872536132672305, 16.94427354226924)
state:field-0, action:Wait, timestep:208, reward:-0.0
==================================================

coord:(17.240374238736138, 4.7872536132672305, 16.94427354226924)->(17.240374238736138, 4.7872536132672305, 16.94427354226924)
state:field-0, action:Wait, timestep:209, reward:-0.0
==================================================

coord:(17.240374238736138, 4.7872536132672305, 16.94427354226924)->(17.240374238736138, 4.7872536132672305, 16.94427354226924)
state:field-0, action:Wait, timestep:210, reward:-0.0
==================================================

coord:(17.240374238736138, 4.7872536132672305, 16.94427354226924)->(17.240374238736138, 4.7872536132672305, 16.94427354226924)
state:field-0, action:Wait, timestep:211, reward:-0.0
==================================================

coord:(17.240374238736138, 4.7872536132672305, 16.94427354226924)->(17.240374238736138, 4.7872536132672305, 16.94427354226924)
state:field-0, action:Wait, timestep:212, reward:-0.0
==================================================

coord:(17.240374238736138, 4.7872536132672305, 16.94427354226924)->(17.240374238736138, 4.7872536132672305, 16.94427354226924)
state:field-0, action:Wait, timestep:213, reward:-0.0
==================================================

coord:(17.240374238736138, 4.7872536132672305, 16.94427354226924)->(17.240374238736138, 4.7872536132672305, 16.94427354226924)
state:field-0, action:Wait, timestep:214, reward:-0.0
==================================================

coord:(17.240374238736138, 4.7872536132672305, 16.94427354226924)->(17.240374238736138, 4.7872536132672305, 16.94427354226924)
state:field-0, action:Wait, timestep:215, reward:-0.0
==================================================

coord:(17.240374238736138, 4.7872536132672305, 16.94427354226924)->(17.240374238736138, 4.7872536132672305, 16.94427354226924)
state:field-0, action:Wait, timestep:216, reward:-0.0
==================================================

coord:(17.240374238736138, 4.7872536132672305, 16.94427354226924)->(17.240374238736138, 4.7872536132672305, 16.94427354226924)
state:field-0, action:Wait, timestep:217, reward:-0.0
==================================================

coord:(17.240374238736138, 4.7872536132672305, 16.94427354226924)->(17.240374238736138, 4.7872536132672305, 16.94427354226924)
state:field-0, action:Wait, timestep:218, reward:-0.0
==================================================

coord:(17.240374238736138, 4.7872536132672305, 16.94427354226924)->(17.240374238736138, 4.7872536132672305, 16.94427354226924)
state:field-0, action:Wait, timestep:219, reward:-0.0
==================================================

coord:(17.240374238736138, 4.7872536132672305, 16.94427354226924)->(17.240374238736138, 4.7872536132672305, 16.94427354226924)
state:field-0, action:Wait, timestep:220, reward:-0.0
==================================================

coord:(17.240374238736138, 4.7872536132672305, 16.94427354226924)->(17.240374238736138, 4.7872536132672305, 16.94427354226924)
state:field-0, action:Wait, timestep:221, reward:-0.0
==================================================

coord:(17.240374238736138, 4.7872536132672305, 16.94427354226924)->(17.240374238736138, 4.7872536132672305, 16.94427354226924)
state:field-0, action:Wait, timestep:222, reward:-0.0
==================================================

coord:(17.240374238736138, 4.7872536132672305, 16.94427354226924)->(17.240374238736138, 4.7872536132672305, 16.94427354226924)
state:field-0, action:Wait, timestep:223, reward:-0.0
==================================================

coord:(17.240374238736138, 4.7872536132672305, 16.94427354226924)->(17.240374238736138, 4.7872536132672305, 16.94427354226924)
state:field-0, action:Wait, timestep:224, reward:-0.0
==================================================

coord:(17.240374238736138, 4.7872536132672305, 16.94427354226924)->(17.240374238736138, 4.7872536132672305, 16.94427354226924)
state:field-0, action:Wait, timestep:225, reward:-0.0
==================================================

coord:(17.240374238736138, 4.7872536132672305, 16.94427354226924)->(17.240374238736138, 4.7872536132672305, 16.94427354226924)
state:field-0, action:Wait, timestep:226, reward:-0.0
==================================================

coord:(17.240374238736138, 4.7872536132672305, 16.94427354226924)->(17.240374238736138, 4.7872536132672305, 16.94427354226924)
state:field-0, action:Wait, timestep:227, reward:-0.0
==================================================

coord:(17.240374238736138, 4.7872536132672305, 16.94427354226924)->(17.240374238736138, 4.7872536132672305, 16.94427354226924)
state:field-0, action:Wait, timestep:228, reward:-0.0
==================================================

coord:(17.240374238736138, 4.7872536132672305, 16.94427354226924)->(17.240374238736138, 4.7872536132672305, 16.94427354226924)
state:field-0, action:Wait, timestep:229, reward:-0.0
==================================================

coord:(17.240374238736138, 4.7872536132672305, 16.94427354226924)->(17.240374238736138, 4.7872536132672305, 16.94427354226924)
state:field-0, action:Wait, timestep:230, reward:-0.0
==================================================

coord:(17.240374238736138, 4.7872536132672305, 16.94427354226924)->(17.240374238736138, 4.7872536132672305, 16.94427354226924)
state:field-0, action:Wait, timestep:231, reward:-0.0
==================================================

coord:(17.240374238736138, 4.7872536132672305, 16.94427354226924)->(17.240374238736138, 4.7872536132672305, 16.94427354226924)
state:field-0, action:Wait, timestep:232, reward:-0.0
==================================================

coord:(17.240374238736138, 4.7872536132672305, 16.94427354226924)->(17.240374238736138, 4.7872536132672305, 16.94427354226924)
state:field-0, action:Wait, timestep:233, reward:-0.0
==================================================

coord:(17.240374238736138, 4.7872536132672305, 16.94427354226924)->(17.240374238736138, 4.7872536132672305, 16.94427354226924)
state:field-0, action:Wait, timestep:234, reward:-0.0
==================================================

coord:(17.240374238736138, 4.7872536132672305, 16.94427354226924)->(17.240374238736138, 4.7872536132672305, 16.94427354226924)
state:field-0, action:Wait, timestep:235, reward:-0.0
==================================================

coord:(17.240374238736138, 4.7872536132672305, 16.94427354226924)->(17.240374238736138, 4.7872536132672305, 16.94427354226924)
state:field-0, action:Wait, timestep:236, reward:-0.0
==================================================

coord:(17.240374238736138, 4.7872536132672305, 16.94427354226924)->(17.240374238736138, 4.7872536132672305, 16.94427354226924)
state:field-0, action:Wait, timestep:237, reward:-0.0
==================================================

coord:(17.240374238736138, 4.7872536132672305, 16.94427354226924)->(17.240374238736138, 4.7872536132672305, 16.94427354226924)
state:field-0, action:Wait, timestep:238, reward:-0.0
==================================================

coord:(17.240374238736138, 4.7872536132672305, 16.94427354226924)->(17.240374238736138, 4.7872536132672305, 16.94427354226924)
state:field-0, action:Wait, timestep:239, reward:-0.0
==================================================

coord:(17.240374238736138, 4.7872536132672305, 16.94427354226924)->(17.240374238736138, 4.7872536132672305, 16.94427354226924)
state:field-0, action:Wait, timestep:240, reward:-0.0
==================================================

coord:(17.240374238736138, 4.7872536132672305, 16.94427354226924)->(17.240374238736138, 4.7872536132672305, 16.94427354226924)
state:field-0, action:Wait, timestep:241, reward:-0.0
==================================================

coord:(17.240374238736138, 4.7872536132672305, 16.94427354226924)->(17.240374238736138, 4.7872536132672305, 16.94427354226924)
state:field-0, action:Wait, timestep:242, reward:-0.0
==================================================

coord:(17.240374238736138, 4.7872536132672305, 16.94427354226924)->(17.240374238736138, 4.7872536132672305, 16.94427354226924)
state:field-0, action:Wait, timestep:243, reward:-0.0
==================================================

coord:(17.240374238736138, 4.7872536132672305, 16.94427354226924)->(17.240374238736138, 4.7872536132672305, 16.94427354226924)
state:field-0, action:Wait, timestep:244, reward:-0.0
==================================================

coord:(17.240374238736138, 4.7872536132672305, 16.94427354226924)->(17.240374238736138, 4.7872536132672305, 16.94427354226924)
state:field-0, action:Wait, timestep:245, reward:-0.0
==================================================

coord:(17.240374238736138, 4.7872536132672305, 16.94427354226924)->(17.240374238736138, 4.7872536132672305, 16.94427354226924)
state:field-0, action:Wait, timestep:246, reward:-0.0
==================================================

coord:(17.240374238736138, 4.7872536132672305, 16.94427354226924)->(17.240374238736138, 4.7872536132672305, 16.94427354226924)
state:field-0, action:Wait, timestep:247, reward:-0.0
==================================================

coord:(17.240374238736138, 4.7872536132672305, 16.94427354226924)->(17.240374238736138, 4.7872536132672305, 16.94427354226924)
state:field-0, action:Wait, timestep:248, reward:-0.0
==================================================

coord:(17.240374238736138, 4.7872536132672305, 16.94427354226924)->(17.240374238736138, 4.7872536132672305, 16.94427354226924)
state:field-0, action:Wait, timestep:249, reward:-0.0
==================================================

coord:(17.240374238736138, 4.7872536132672305, 16.94427354226924)->(17.240374238736138, 4.7872536132672305, 16.94427354226924)
state:field-0, action:Wait, timestep:250, reward:-0.0
==================================================

coord:(17.240374238736138, 4.7872536132672305, 16.94427354226924)->(17.240374238736138, 4.7872536132672305, 16.94427354226924)
state:field-0, action:Wait, timestep:251, reward:-0.0
==================================================

coord:(17.240374238736138, 4.7872536132672305, 16.94427354226924)->(17.240374238736138, 4.7872536132672305, 16.94427354226924)
state:field-0, action:Wait, timestep:252, reward:-0.0
==================================================

coord:(17.240374238736138, 4.7872536132672305, 16.94427354226924)->(17.240374238736138, 4.7872536132672305, 16.94427354226924)
state:field-0, action:Wait, timestep:253, reward:-0.0
==================================================

coord:(17.240374238736138, 4.7872536132672305, 16.94427354226924)->(17.240374238736138, 4.7872536132672305, 16.94427354226924)
state:field-0, action:Wait, timestep:254, reward:-0.0
==================================================

coord:(17.240374238736138, 4.7872536132672305, 16.94427354226924)->(17.240374238736138, 4.7872536132672305, 16.94427354226924)
state:field-0, action:Wait, timestep:255, reward:-0.0
==================================================

coord:(17.240374238736138, 4.7872536132672305, 16.94427354226924)->(17.240374238736138, 4.7872536132672305, 16.94427354226924)
state:field-0, action:Wait, timestep:256, reward:-0.0
==================================================

coord:(17.240374238736138, 4.7872536132672305, 16.94427354226924)->(17.240374238736138, 4.7872536132672305, 16.94427354226924)
state:timeout-0, action:S, timestep:257, reward:-999999
==================================================

