coord:(44.0, 20.0, 5.0)->(44.0, 20.0, 5.0)
state:field-4, action:Wait, timestep:1, reward:-0.0
==================================================

coord:(44.0, 20.0, 5.0)->(47.67695506437158, 16.82561711649894, 8.676955064371732)
state:field-4.0, action:WDj, timestep:2, reward:-1.1922700049056587
==================================================

coord:(47.67695506437158, 16.82561711649894, 8.676955064371732)->(47.67695506437158, 18.125617068815153, 9.026955064371737)
state:wall-14.0, action:W, timestep:3, reward:-0.631687499971882
==================================================

coord:(47.67695506437158, 18.125617068815153, 9.026955064371737)->(47.67695506437158, 9.982634332847509, 9.026955064371737)
state:air-9.0, action:Wait, timestep:4, reward:3.298123148462821
==================================================

coord:(47.67695506437158, 9.982634332847509, 9.026955064371737)->(47.67695506437158, 11.282634285163828, 10.026955064371752)
state:wall-14.0, action:W, timestep:5, reward:-0.42872131688883286
==================================================

coord:(47.67695506437158, 11.282634285163828, 10.026955064371752)->(47.67695506437158, 3.13965154919618, 10.026955064371752)
state:air-9.0, action:Wait, timestep:6, reward:1.7587146201021184
==================================================

coord:(47.67695506437158, 3.13965154919618, 10.026955064371752)->(47.67695506437158, 4.439651501512464, 11.026955064371766)
state:wall-14.0, action:W, timestep:7, reward:-0.19339944011962729
==================================================

coord:(47.67695506437158, 4.439651501512464, 11.026955064371766)->(47.67695506437158, 1.1982885833176193, 11.026955064371766)
state:air-9.0, action:Wait, timestep:8, reward:0.2575625478465504
==================================================

coord:(47.67695506437158, 1.1982885833176193, 11.026955064371766)->(50.07695506437162, 1.9757552606654394, 11.026955064371766)
state:field-4.0, action:Wsj, timestep:9, reward:-2.4229905654089237
==================================================

