coord:(44.0, 20.0, 5.0)->(44.0, 20.0, 5.0)
state:field-4, action:Wait, timestep:1, reward:-0.0
==================================================

coord:(44.0, 20.0, 5.0)->(47.67695506437158, 16.82561711649894, 8.676955064371732)
state:field-4.0, action:WDj, timestep:2, reward:-1.1922700049056587
==================================================

coord:(47.67695506437158, 16.82561711649894, 8.676955064371732)->(47.67695506437158, 18.125617068815153, 9.026955064371737)
state:wall-14.0, action:W, timestep:3, reward:-0.631687499971882
==================================================

coord:(47.67695506437158, 18.125617068815153, 9.026955064371737)->(47.67695506437158, 9.982634332847509, 9.026955064371737)
state:air-9.0, action:Wait, timestep:4, reward:3.298123148462821
==================================================

coord:(47.67695506437158, 9.982634332847509, 9.026955064371737)->(47.67695506437158, 11.282634285163828, 10.026955064371752)
state:wall-14.0, action:W, timestep:5, reward:-0.42872131688883286
==================================================

coord:(47.67695506437158, 11.282634285163828, 10.026955064371752)->(47.67695506437158, 3.13965154919618, 10.026955064371752)
state:air-9.0, action:Wait, timestep:6, reward:1.7587146201021184
==================================================

coord:(47.67695506437158, 3.13965154919618, 10.026955064371752)->(47.67695506437158, 4.439651501512464, 11.026955064371766)
state:wall-14.0, action:W, timestep:7, reward:-0.19339944011962729
==================================================

coord:(47.67695506437158, 4.439651501512464, 11.026955064371766)->(47.67695506437158, 1.1982885833176193, 11.026955064371766)
state:air-9.0, action:Wait, timestep:8, reward:0.2575625478465504
==================================================

coord:(47.67695506437158, 1.1982885833176193, 11.026955064371766)->(45.697056166564806, 2.747638116270579, 13.006853962178592)
state:field-4.0, action:SDs, timestep:9, reward:1.6818988735511766
==================================================

coord:(45.697056166564806, 2.747638116270579, 13.006853962178592)->(45.697056166564806, 3.2276580973492344, 13.006853962178592)
state:air-9.0, action:Wait, timestep:10, reward:-0.04327053871846687
==================================================

coord:(45.697056166564806, 3.2276580973492344, 13.006853962178592)->(43.9811438031914, 3.935072557656734, 11.290941598805137)
state:field-4.0, action:SAj, timestep:11, reward:1.8039384723158278
==================================================

coord:(43.9811438031914, 3.935072557656734, 11.290941598805137)->(41.98114380319137, 4.979149817443558, 11.290941598805137)
state:field-4.0, action:Ss, timestep:12, reward:1.8057656937369977
==================================================

coord:(41.98114380319137, 4.979149817443558, 11.290941598805137)->(41.98114380319137, 6.146098139940421, 11.290941598805137)
state:air-9.0, action:Wait, timestep:13, reward:-0.23669960998422823
==================================================

coord:(41.98114380319137, 6.146098139940421, 11.290941598805137)->(41.98114380319137, 6.905189805160679, 9.990941646488844)
state:field-4.0, action:Aj, timestep:14, reward:-0.09860639428195483
==================================================

coord:(41.98114380319137, 6.905189805160679, 9.990941646488844)->(41.98114380319137, 3.935072557656734, 9.990941646488844)
state:air-9.0, action:Wait, timestep:15, reward:0.5876966652918689
==================================================

coord:(41.98114380319137, 3.935072557656734, 9.990941646488844)->(41.98114380319137, 4.979149817443558, 11.09094164648884)
state:field-4.0, action:Ds, timestep:16, reward:-0.23520431214245363
==================================================

coord:(41.98114380319137, 4.979149817443558, 11.09094164648884)->(41.98114380319137, 6.146098139940421, 11.09094164648884)
state:air-9.0, action:Wait, timestep:17, reward:-0.23685788124696927
==================================================

coord:(41.98114380319137, 6.146098139940421, 11.09094164648884)->(41.98114380319137, 6.6970759226137275, 9.990941646488844)
state:field-4.0, action:Asj, timestep:18, reward:-0.06374837606989558
==================================================

coord:(41.98114380319137, 6.6970759226137275, 9.990941646488844)->(41.98114380319137, 3.935072557656734, 9.990941646488844)
state:air-9.0, action:Wait, timestep:19, reward:0.5358129677821033
==================================================

coord:(41.98114380319137, 3.935072557656734, 9.990941646488844)->(41.9104331282697, 4.979149817443558, 10.061652321410516)
state:field-4.0, action:SDsj, timestep:20, reward:-0.10200224367665811
==================================================

coord:(41.9104331282697, 4.979149817443558, 10.061652321410516)->(40.92048367936631, 5.995719931712003, 11.05160177031393)
state:field-4.0, action:SDs, timestep:21, reward:0.6966418493627877
==================================================

coord:(40.92048367936631, 5.995719931712003, 11.05160177031393)->(40.92048367936631, 7.40091872528127, 11.05160177031393)
state:air-9.0, action:Wait, timestep:22, reward:-0.3582972274708389
==================================================

coord:(40.92048367936631, 7.40091872528127, 11.05160177031393)->(43.00409154917688, 7.635547164346877, 13.135209640124554)
state:field-4.0, action:WDj, timestep:23, reward:-2.2981278204876325
==================================================

coord:(43.00409154917688, 7.635547164346877, 13.135209640124554)->(43.00409154917688, 5.566303476071249, 13.135209640124554)
state:air-9.0, action:Wait, timestep:24, reward:0.4765456397697534
==================================================

coord:(43.00409154917688, 5.566303476071249, 13.135209640124554)->(45.08409147288299, 6.283990176873094, 13.135209640124554)
state:field-4.0, action:Wj, timestep:25, reward:-2.157784391081968
==================================================

coord:(45.08409147288299, 6.283990176873094, 13.135209640124554)->(45.08409147288299, 3.2276580973492344, 13.135209640124554)
state:air-9.0, action:Wait, timestep:26, reward:0.4665564228668373
==================================================

coord:(45.08409147288299, 3.2276580973492344, 13.135209640124554)->(45.08409147288299, 2.2817779984468363, 11.141876379906238)
state:field-4.0, action:A, timestep:27, reward:0.3000841849426692
==================================================

coord:(45.08409147288299, 2.2817779984468363, 11.141876379906238)->(48.053939819593154, 2.6133446838055203, 8.172028033195998)
state:field-4.0, action:WAsj, timestep:28, reward:-2.915436941932377
==================================================

coord:(48.053939819593154, 2.6133446838055203, 8.172028033195998)->(48.053939819593154, 0.41301027985857514, 8.172028033195998)
state:air-8.0, action:Wait, timestep:29, reward:0.08122726479572506
==================================================

coord:(48.053939819593154, 0.41301027985857514, 8.172028033195998)->(47.063990370689766, 0.4448722527607861, 7.182078584292595)
state:field-3.0, action:SAs, timestep:30, reward:0.9460040852112677
==================================================

coord:(47.063990370689766, 0.4448722527607861, 7.182078584292595)->(44.244991488004885, 1.9424300877930798, 10.00107746697757)
state:field-3.0, action:SD, timestep:31, reward:2.8100301202575153
==================================================

coord:(44.244991488004885, 1.9424300877930798, 10.00107746697757)->(44.244991488004885, 2.457807391178343, 10.00107746697757)
state:air-8.0, action:Wait, timestep:32, reward:-0.03461238778939446
==================================================

coord:(44.244991488004885, 2.457807391178343, 10.00107746697757)->(43.99986115038011, 3.187927586082057, 10.24620780460235)
state:field-3.0, action:SDj, timestep:33, reward:0.16795851172908272
==================================================

coord:(43.99986115038011, 3.187927586082057, 10.24620780460235)->(43.99986115038011, 3.187927586082057, 10.24620780460235)
state:field-3.0, action:j, timestep:34, reward:-7.015277532218533e-07
==================================================

coord:(43.99986115038011, 3.187927586082057, 10.24620780460235)->(41.18086226769523, 2.2817779984468363, 7.427208921917378)
state:field-3.0, action:SAj, timestep:35, reward:2.867975140642404
==================================================

coord:(41.18086226769523, 2.2817779984468363, 7.427208921917378)->(41.18086226769523, 3.935072557656734, 10.027208826549959)
state:field-3.0, action:D, timestep:36, reward:-0.15691740521289788
==================================================

coord:(41.18086226769523, 3.935072557656734, 10.027208826549959)->(41.18086226769523, 4.979149817443558, 10.027208826549959)
state:air-8.0, action:Wait, timestep:37, reward:-0.17402475171429188
==================================================

coord:(41.18086226769523, 4.979149817443558, 10.027208826549959)->(40.92086227723197, 5.995719931712003, 10.027208826549959)
state:field-3.0, action:Sj, timestep:38, reward:0.04248224719136928
==================================================

coord:(40.92086227723197, 5.995719931712003, 10.027208826549959)->(40.92086227723197, 5.873219931712002, 8.927208826549963)
state:field-3.0, action:As, timestep:39, reward:0.049129954861534486
==================================================

coord:(40.92086227723197, 5.873219931712002, 8.927208826549963)->(40.92086227723197, 3.6532406959880954, 8.927208826549963)
state:air-8.0, action:Wait, timestep:40, reward:0.4010529693943212
==================================================

coord:(40.92086227723197, 3.6532406959880954, 8.927208826549963)->(40.92086227723197, 4.380074042672871, 5.927208826549974)
state:field-3.0, action:Asj, timestep:41, reward:-0.3034278303734652
==================================================

coord:(40.92086227723197, 4.380074042672871, 5.927208826549974)->(40.92086227723197, 1.4429376512774177, 5.927208826549974)
state:air-8.0, action:Wait, timestep:42, reward:0.30786686841619115
==================================================

coord:(40.92086227723197, 1.4429376512774177, 5.927208826549974)->(41.06228362707531, 1.6741581492352313, 6.068630176393317)
state:field-3.0, action:WDsj, timestep:43, reward:-0.13401749847033173
==================================================

coord:(41.06228362707531, 1.6741581492352313, 6.068630176393317)->(41.06228362707531, 0.0, 1.561963675030202)
state:field-3.0, action:Aj, timestep:44, reward:-0.9127967226917661
==================================================

coord:(41.06228362707531, 0.0, 1.561963675030202)->(36.26228362707524, 0.0, 1.561963675030202)
state:field-3.0, action:Ssj, timestep:45, reward:4.536601139376192
==================================================

coord:(36.26228362707524, 0.0, 1.561963675030202)->(33.78741000481677, 1.2591507448593033, 4.036837297288704)
state:field-2.0, action:SDs, timestep:46, reward:3.123165915748789
==================================================

coord:(33.78741000481677, 1.2591507448593033, 4.036837297288704)->(33.78741000481677, 1.8485410167113652, 4.036837297288704)
state:air-7.0, action:Wait, timestep:47, reward:-0.03993166745842913
==================================================

coord:(33.78741000481677, 1.8485410167113652, 4.036837297288704)->(35.83801957754522, 2.5906188073955363, 1.986227724560231)
state:field-2.0, action:WAsj, timestep:48, reward:-2.6557132944925215
==================================================

coord:(35.83801957754522, 2.5906188073955363, 1.986227724560231)->(35.83801957754522, 0.0, 1.986227724560231)
state:air-7.0, action:Wait, timestep:49, reward:0.11953525151507449
==================================================

coord:(35.83801957754522, 0.0, 1.986227724560231)->(35.90873025246689, 0.7962545083825889, 2.0569383994819024)
state:field-2.0, action:WDsj, timestep:50, reward:-0.043106198403588536
==================================================

coord:(35.90873025246689, 0.7962545083825889, 2.0569383994819024)->(36.7087302524669, 0.7484391948789028, 2.0569383994819024)
state:field-2.0, action:Ws, timestep:51, reward:-0.7516955177955218
==================================================

coord:(36.7087302524669, 0.7484391948789028, 2.0569383994819024)->(34.940963379425135, 0.0, 0.28917152644011496)
state:field-2.0, action:SAs, timestep:52, reward:0.9522795478069135
==================================================

coord:(34.940963379425135, 0.0, 0.28917152644011496)->(30.140963379425067, 0.0, 0.28917152644011496)
state:field-1.0, action:Ssj, timestep:53, reward:4.177058639001768
==================================================

coord:(30.140963379425067, 0.0, 0.28917152644011496)->(30.140963379425067, 0.0, 0.28917152644011496)
state:field-1.0, action:Wait, timestep:54, reward:4.190920996904879e-07
==================================================

coord:(30.140963379425067, 0.0, 0.28917152644011496)->(29.834550457394084, 0.0, -0.017241395590862116)
state:field-1.0, action:SA, timestep:55, reward:0.08032880219255745
==================================================

