coord:(44.0, 20.0, 5.0)->(44.0, 20.0, 5.0)
state:field-4, action:Wait, timestep:1, reward:-0.0
==================================================

coord:(44.0, 20.0, 5.0)->(47.67695506437158, 16.82561711649894, 8.676955064371732)
state:field-4.0, action:WDj, timestep:2, reward:-1.1922700049056587
==================================================

coord:(47.67695506437158, 16.82561711649894, 8.676955064371732)->(47.67695506437158, 18.125617068815153, 9.026955064371737)
state:wall-14.0, action:W, timestep:3, reward:-0.631687499971882
==================================================

coord:(47.67695506437158, 18.125617068815153, 9.026955064371737)->(47.67695506437158, 9.982634332847509, 9.026955064371737)
state:air-9.0, action:Wait, timestep:4, reward:3.298123148462821
==================================================

coord:(47.67695506437158, 9.982634332847509, 9.026955064371737)->(47.67695506437158, 11.282634285163828, 10.026955064371752)
state:wall-14.0, action:W, timestep:5, reward:-0.42872131688883286
==================================================

coord:(47.67695506437158, 11.282634285163828, 10.026955064371752)->(47.67695506437158, 3.13965154919618, 10.026955064371752)
state:air-9.0, action:Wait, timestep:6, reward:1.7587146201021184
==================================================

coord:(47.67695506437158, 3.13965154919618, 10.026955064371752)->(47.67695506437158, 4.439651501512464, 11.026955064371766)
state:wall-14.0, action:W, timestep:7, reward:-0.19339944011962729
==================================================

coord:(47.67695506437158, 4.439651501512464, 11.026955064371766)->(47.67695506437158, 1.1982885833176193, 11.026955064371766)
state:air-9.0, action:Wait, timestep:8, reward:0.2575625478465504
==================================================

coord:(47.67695506437158, 1.1982885833176193, 11.026955064371766)->(45.697056166564806, 2.747638116270579, 13.006853962178592)
state:field-4.0, action:SDs, timestep:9, reward:1.6818988735511766
==================================================

coord:(45.697056166564806, 2.747638116270579, 13.006853962178592)->(45.697056166564806, 3.2276580973492344, 13.006853962178592)
state:air-9.0, action:Wait, timestep:10, reward:-0.04327053871846687
==================================================

coord:(45.697056166564806, 3.2276580973492344, 13.006853962178592)->(43.9811438031914, 3.935072557656734, 11.290941598805137)
state:field-4.0, action:SAj, timestep:11, reward:1.8039384723158278
==================================================

coord:(43.9811438031914, 3.935072557656734, 11.290941598805137)->(41.98114380319137, 4.979149817443558, 11.290941598805137)
state:field-4.0, action:Ss, timestep:12, reward:1.8057656937369977
==================================================

coord:(41.98114380319137, 4.979149817443558, 11.290941598805137)->(41.98114380319137, 6.146098139940421, 11.290941598805137)
state:air-9.0, action:Wait, timestep:13, reward:-0.23669960998422823
==================================================

coord:(41.98114380319137, 6.146098139940421, 11.290941598805137)->(41.98114380319137, 6.905189805160679, 9.990941646488844)
state:field-4.0, action:Aj, timestep:14, reward:-0.09860639428195483
==================================================

coord:(41.98114380319137, 6.905189805160679, 9.990941646488844)->(41.98114380319137, 3.935072557656734, 9.990941646488844)
state:air-9.0, action:Wait, timestep:15, reward:0.5876966652918689
==================================================

coord:(41.98114380319137, 3.935072557656734, 9.990941646488844)->(41.98114380319137, 4.979149817443558, 11.09094164648884)
state:field-4.0, action:Ds, timestep:16, reward:-0.23520431214245363
==================================================

coord:(41.98114380319137, 4.979149817443558, 11.09094164648884)->(41.98114380319137, 6.146098139940421, 11.09094164648884)
state:air-9.0, action:Wait, timestep:17, reward:-0.23685788124696927
==================================================

coord:(41.98114380319137, 6.146098139940421, 11.09094164648884)->(41.98114380319137, 6.6970759226137275, 9.990941646488844)
state:field-4.0, action:Asj, timestep:18, reward:-0.06374837606989558
==================================================

coord:(41.98114380319137, 6.6970759226137275, 9.990941646488844)->(41.98114380319137, 3.935072557656734, 9.990941646488844)
state:air-9.0, action:Wait, timestep:19, reward:0.5358129677821033
==================================================

coord:(41.98114380319137, 3.935072557656734, 9.990941646488844)->(41.9104331282697, 4.979149817443558, 10.061652321410516)
state:field-4.0, action:SDsj, timestep:20, reward:-0.10200224367665811
==================================================

coord:(41.9104331282697, 4.979149817443558, 10.061652321410516)->(40.92048367936631, 5.995719931712003, 11.05160177031393)
state:field-4.0, action:SDs, timestep:21, reward:0.6966418493627877
==================================================

coord:(40.92048367936631, 5.995719931712003, 11.05160177031393)->(40.92048367936631, 7.40091872528127, 11.05160177031393)
state:air-9.0, action:Wait, timestep:22, reward:-0.3582972274708389
==================================================

coord:(40.92048367936631, 7.40091872528127, 11.05160177031393)->(43.00409154917688, 7.635547164346877, 13.135209640124554)
state:field-4.0, action:WDj, timestep:23, reward:-2.2981278204876325
==================================================

coord:(43.00409154917688, 7.635547164346877, 13.135209640124554)->(43.00409154917688, 5.566303476071249, 13.135209640124554)
state:air-9.0, action:Wait, timestep:24, reward:0.4765456397697534
==================================================

coord:(43.00409154917688, 5.566303476071249, 13.135209640124554)->(45.08409147288299, 6.283990176873094, 13.135209640124554)
state:field-4.0, action:Wj, timestep:25, reward:-2.157784391081968
==================================================

coord:(45.08409147288299, 6.283990176873094, 13.135209640124554)->(45.08409147288299, 3.2276580973492344, 13.135209640124554)
state:air-9.0, action:Wait, timestep:26, reward:0.4665564228668373
==================================================

coord:(45.08409147288299, 3.2276580973492344, 13.135209640124554)->(45.08409147288299, 2.2817779984468363, 11.141876379906238)
state:field-4.0, action:A, timestep:27, reward:0.3000841849426692
==================================================

coord:(45.08409147288299, 2.2817779984468363, 11.141876379906238)->(48.053939819593154, 2.6133446838055203, 8.172028033195998)
state:field-4.0, action:WAsj, timestep:28, reward:-2.915436941932377
==================================================

coord:(48.053939819593154, 2.6133446838055203, 8.172028033195998)->(48.053939819593154, 0.41301027985857514, 8.172028033195998)
state:air-8.0, action:Wait, timestep:29, reward:0.08122726479572506
==================================================

coord:(48.053939819593154, 0.41301027985857514, 8.172028033195998)->(47.063990370689766, 0.4448722527607861, 7.182078584292595)
state:field-3.0, action:SAs, timestep:30, reward:0.9460040852112677
==================================================

coord:(47.063990370689766, 0.4448722527607861, 7.182078584292595)->(44.244991488004885, 1.9424300877930798, 10.00107746697757)
state:field-3.0, action:SD, timestep:31, reward:2.8100301202575153
==================================================

coord:(44.244991488004885, 1.9424300877930798, 10.00107746697757)->(44.244991488004885, 2.457807391178343, 10.00107746697757)
state:air-8.0, action:Wait, timestep:32, reward:-0.03461238778939446
==================================================

coord:(44.244991488004885, 2.457807391178343, 10.00107746697757)->(43.99986115038011, 3.187927586082057, 10.24620780460235)
state:field-3.0, action:SDj, timestep:33, reward:0.16795851172908272
==================================================

coord:(43.99986115038011, 3.187927586082057, 10.24620780460235)->(43.99986115038011, 3.187927586082057, 10.24620780460235)
state:field-3.0, action:j, timestep:34, reward:-7.015277532218533e-07
==================================================

coord:(43.99986115038011, 3.187927586082057, 10.24620780460235)->(41.18086226769523, 2.2817779984468363, 7.427208921917378)
state:field-3.0, action:SAj, timestep:35, reward:2.867975140642404
==================================================

coord:(41.18086226769523, 2.2817779984468363, 7.427208921917378)->(41.18086226769523, 3.935072557656734, 10.027208826549959)
state:field-3.0, action:D, timestep:36, reward:-0.15691740521289788
==================================================

coord:(41.18086226769523, 3.935072557656734, 10.027208826549959)->(41.18086226769523, 4.979149817443558, 10.027208826549959)
state:air-8.0, action:Wait, timestep:37, reward:-0.17402475171429188
==================================================

coord:(41.18086226769523, 4.979149817443558, 10.027208826549959)->(40.92086227723197, 5.995719931712003, 10.027208826549959)
state:field-3.0, action:Sj, timestep:38, reward:0.04248224719136928
==================================================

coord:(40.92086227723197, 5.995719931712003, 10.027208826549959)->(40.92086227723197, 5.873219931712002, 8.927208826549963)
state:field-3.0, action:As, timestep:39, reward:0.049129954861534486
==================================================

coord:(40.92086227723197, 5.873219931712002, 8.927208826549963)->(40.92086227723197, 3.6532406959880954, 8.927208826549963)
state:air-8.0, action:Wait, timestep:40, reward:0.4010529693943212
==================================================

coord:(40.92086227723197, 3.6532406959880954, 8.927208826549963)->(40.92086227723197, 4.380074042672871, 5.927208826549974)
state:field-3.0, action:Asj, timestep:41, reward:-0.3034278303734652
==================================================

coord:(40.92086227723197, 4.380074042672871, 5.927208826549974)->(40.92086227723197, 1.4429376512774177, 5.927208826549974)
state:air-8.0, action:Wait, timestep:42, reward:0.30786686841619115
==================================================

coord:(40.92086227723197, 1.4429376512774177, 5.927208826549974)->(41.06228362707531, 1.6741581492352313, 6.068630176393317)
state:field-3.0, action:WDsj, timestep:43, reward:-0.13401749847033173
==================================================

coord:(41.06228362707531, 1.6741581492352313, 6.068630176393317)->(41.06228362707531, 0.0, 1.561963675030202)
state:field-3.0, action:Aj, timestep:44, reward:-0.9127967226917661
==================================================

coord:(41.06228362707531, 0.0, 1.561963675030202)->(36.26228362707524, 0.0, 1.561963675030202)
state:field-3.0, action:Ssj, timestep:45, reward:4.536601139376192
==================================================

coord:(36.26228362707524, 0.0, 1.561963675030202)->(33.78741000481677, 1.2591507448593033, 4.036837297288704)
state:field-2.0, action:SDs, timestep:46, reward:3.123165915748789
==================================================

coord:(33.78741000481677, 1.2591507448593033, 4.036837297288704)->(33.78741000481677, 1.8485410167113652, 4.036837297288704)
state:air-7.0, action:Wait, timestep:47, reward:-0.03993166745842913
==================================================

coord:(33.78741000481677, 1.8485410167113652, 4.036837297288704)->(35.83801957754522, 2.5906188073955363, 1.986227724560231)
state:field-2.0, action:WAsj, timestep:48, reward:-2.6557132944925215
==================================================

coord:(35.83801957754522, 2.5906188073955363, 1.986227724560231)->(35.83801957754522, 0.0, 1.986227724560231)
state:air-7.0, action:Wait, timestep:49, reward:0.11953525151507449
==================================================

coord:(35.83801957754522, 0.0, 1.986227724560231)->(35.90873025246689, 0.7962545083825889, 2.0569383994819024)
state:field-2.0, action:WDsj, timestep:50, reward:-0.043106198403588536
==================================================

coord:(35.90873025246689, 0.7962545083825889, 2.0569383994819024)->(36.7087302524669, 0.7484391948789028, 2.0569383994819024)
state:field-2.0, action:Ws, timestep:51, reward:-0.7516955177955218
==================================================

coord:(36.7087302524669, 0.7484391948789028, 2.0569383994819024)->(34.940963379425135, 0.0, 0.28917152644011496)
state:field-2.0, action:SAs, timestep:52, reward:0.9522795478069135
==================================================

coord:(34.940963379425135, 0.0, 0.28917152644011496)->(30.140963379425067, 0.0, 0.28917152644011496)
state:field-1.0, action:Ssj, timestep:53, reward:4.177058639001768
==================================================

coord:(30.140963379425067, 0.0, 0.28917152644011496)->(30.140963379425067, 0.0, 0.28917152644011496)
state:field-1.0, action:Wait, timestep:54, reward:4.190920996904879e-07
==================================================

coord:(30.140963379425067, 0.0, 0.28917152644011496)->(33.434296591959665, 0.0, 0.28917152644011496)
state:field-1.0, action:Wj, timestep:55, reward:-2.833585819685002
==================================================

coord:(33.434296591959665, 0.0, 0.28917152644011496)->(30.67658027001451, 1.126331007346584, 3.0468878483853032)
state:field-1.0, action:SDs, timestep:56, reward:3.6682374639028588
==================================================

coord:(30.67658027001451, 1.126331007346584, 3.0468878483853032)->(30.67658027001451, 1.126331007346584, 3.0468878483853032)
state:field-1.0, action:Wait, timestep:57, reward:-2.2225436779876873e-07
==================================================

coord:(30.67658027001451, 1.126331007346584, 3.0468878483853032)->(29.696058919515366, 1.5162257603767144, 4.027409198884428)
state:field-1.0, action:SD, timestep:58, reward:1.2518221621817975
==================================================

coord:(29.696058919515366, 1.5162257603767144, 4.027409198884428)->(30.686008368418754, 2.3681576868128444, 5.0173586477878285)
state:field-1.0, action:WDsj, timestep:59, reward:-0.7101498969929594
==================================================

coord:(30.686008368418754, 2.3681576868128444, 5.0173586477878285)->(31.727812303324097, 3.519986988009651, 6.059162582693156)
state:field-1.0, action:WDj, timestep:60, reward:-0.9525922842420158
==================================================

coord:(31.727812303324097, 3.519986988009651, 6.059162582693156)->(27.567812455912044, 2.3681576868128444, 6.059162582693156)
state:field-0.0, action:Sj, timestep:61, reward:4.195590519990139
==================================================

coord:(27.567812455912044, 2.3681576868128444, 6.059162582693156)->(21.967812455911965, 1.7431354895133133, 6.059162582693156)
state:field-0.0, action:Ssj, timestep:62, reward:5.215542073728467
==================================================

coord:(21.967812455911965, 1.7431354895133133, 6.059162582693156)->(21.967812455911965, 0.6215418536877543, 6.059162582693156)
state:air-5.0, action:Wait, timestep:63, reward:0.1565377171250777
==================================================

coord:(21.967812455911965, 0.6215418536877543, 6.059162582693156)->(19.367812455911928, 0.32640620947132826, 6.059162582693156)
state:field-0.0, action:Ss, timestep:64, reward:2.00293197398621
==================================================

coord:(19.367812455911928, 0.32640620947132826, 6.059162582693156)->(18.44857368193021, 0.16312861176298013, 5.139923808711426)
state:field-0.0, action:SAs, timestep:65, reward:-0.3520808401520341
==================================================

coord:(18.44857368193021, 0.16312861176298013, 5.139923808711426)->(17.248573681930193, 0.11111655686961296, 5.139923808711426)
state:field-0.0, action:Ss, timestep:66, reward:0.25147667271772045
==================================================

coord:(17.248573681930193, 0.11111655686961296, 5.139923808711426)->(17.248573681930193, 0.11111655686961296, 5.139923808711426)
state:field-0.0, action:Wait, timestep:67, reward:-9.196123462729133e-08
==================================================

coord:(17.248573681930193, 0.11111655686961296, 5.139923808711426)->(22.44857349119526, 0.5914990801290658, 5.139923808711426)
state:field-0.0, action:W, timestep:68, reward:-2.804816626776269
==================================================

coord:(22.44857349119526, 0.5914990801290658, 5.139923808711426)->(22.44857349119526, 1.9424300877930798, 10.07992362751331)
state:field-0.0, action:D, timestep:69, reward:0.9069685004548687
==================================================

coord:(22.44857349119526, 1.9424300877930798, 10.07992362751331)->(22.44857349119526, 2.457807391178343, 10.07992362751331)
state:air-5.0, action:Wait, timestep:70, reward:-0.16154246442205977
==================================================

coord:(22.44857349119526, 2.457807391178343, 10.07992362751331)->(22.44857349119526, 2.457807391178343, 10.07992362751331)
state:field-0.0, action:Wait, timestep:71, reward:-4.880316328836898e-08
==================================================

coord:(22.44857349119526, 2.457807391178343, 10.07992362751331)->(21.34548697188372, 2.2817779984468363, 11.183010146824817)
state:field-0.0, action:SD, timestep:72, reward:0.7086160322109709
==================================================

coord:(21.34548697188372, 2.2817779984468363, 11.183010146824817)->(19.50700943969782, 0.7672107429791609, 9.344532614638972)
state:field-0.0, action:SA, timestep:73, reward:2.6648083699815275
==================================================

coord:(19.50700943969782, 0.7672107429791609, 9.344532614638972)->(19.50700943969782, 0.5914990801290658, 8.131199325810432)
state:field-0.0, action:A, timestep:74, reward:-0.10058828076622417
==================================================

coord:(19.50700943969782, 0.5914990801290658, 8.131199325810432)->(19.50700943969782, 0.5914990801290658, 8.131199325810432)
state:field-0.0, action:Wait, timestep:75, reward:4.09195668460427e-08
==================================================

coord:(19.50700943969782, 0.5914990801290658, 8.131199325810432)->(19.50700943969782, 0.4448722527607861, 7.177866027445159)
state:field-0.0, action:A, timestep:76, reward:-0.4373265414750831
==================================================

coord:(19.50700943969782, 0.4448722527607861, 7.177866027445159)->(18.64905325801107, 0.2279109544716696, 6.319909845758419)
state:field-0.0, action:SA, timestep:77, reward:-0.049497502676147054
==================================================

coord:(18.64905325801107, 0.2279109544716696, 6.319909845758419)->(18.64905325801107, 0.16312861176298013, 5.453243210880899)
state:field-0.0, action:A, timestep:78, reward:-0.766810442978096
==================================================

coord:(18.64905325801107, 0.16312861176298013, 5.453243210880899)->(18.64905325801107, 0.16312861176298013, 5.453243210880899)
state:field-0.0, action:Wait, timestep:79, reward:-2.5802803005348096e-08
==================================================

coord:(18.64905325801107, 0.16312861176298013, 5.453243210880899)->(18.64905325801107, 0.6778348795001161, 10.653243020146045)
state:field-0.0, action:D, timestep:80, reward:1.5606223643039048
==================================================

coord:(18.64905325801107, 0.6778348795001161, 10.653243020146045)->(18.64905325801107, 0.6778348795001161, 10.653243020146045)
state:field-0.0, action:Wait, timestep:81, reward:-8.938567042093837e-08
==================================================

coord:(18.64905325801107, 0.6778348795001161, 10.653243020146045)->(18.64905325801107, 0.5356997742062224, 9.179909740854246)
state:field-0.0, action:A, timestep:82, reward:0.6883455227285351
==================================================

coord:(18.64905325801107, 0.5356997742062224, 9.179909740854246)->(17.72981449191812, 0.28132575734978926, 8.260670974761323)
state:field-0.0, action:SA, timestep:83, reward:0.6253892452523557
==================================================

coord:(17.72981449191812, 0.28132575734978926, 8.260670974761323)->(17.72981449191812, 0.28132575734978926, 8.260670974761323)
state:field-0.0, action:Wait, timestep:84, reward:2.6921972429150287e-08
==================================================

coord:(17.72981449191812, 0.28132575734978926, 8.260670974761323)->(16.343147876114102, 0.18693902765369208, 8.260670974761323)
state:field-0.0, action:S, timestep:85, reward:0.0373653905092195
==================================================

coord:(16.343147876114102, 0.18693902765369208, 8.260670974761323)->(15.607756863239755, 0.09114095084013912, 7.525279961886978)
state:field-0.0, action:SA, timestep:86, reward:-1.0416267723412025
==================================================

coord:(15.607756863239755, 0.09114095084013912, 7.525279961886978)->(16.465713044926495, 0.10315833357743036, 6.667323780200238)
state:field-0.0, action:WA, timestep:87, reward:-0.36087247355104557
==================================================

coord:(16.465713044926495, 0.10315833357743036, 6.667323780200238)->(16.465713044926495, 0.07383618653731909, 5.5406571548594625)
state:field-0.0, action:A, timestep:88, reward:-1.1050866513218565
==================================================

coord:(16.465713044926495, 0.07383618653731909, 5.5406571548594625)->(15.599046410048976, 0.047863184296978244, 5.5406571548594625)
state:field-0.0, action:S, timestep:89, reward:-0.23325593581984405
==================================================

coord:(15.599046410048976, 0.047863184296978244, 5.5406571548594625)->(19.27600147442076, 0.7672107429791609, 9.217612219231189)
state:field-0.0, action:WD, timestep:90, reward:1.424188456458435
==================================================

coord:(19.27600147442076, 0.7672107429791609, 9.217612219231189)->(20.01139248729512, 0.8263977634849407, 8.48222120635685)
state:field-0.0, action:WA, timestep:91, reward:-0.7687296962182177
==================================================

coord:(20.01139248729512, 0.8263977634849407, 8.48222120635685)->(20.01139248729512, 2.3681576868128444, 13.682221015622023)
state:field-0.0, action:D, timestep:92, reward:-2.8262430652791304
==================================================

coord:(20.01139248729512, 2.3681576868128444, 13.682221015622023)->(18.418045292734007, 1.0075215722102642, 12.088873821060957)
state:field-0.0, action:SA, timestep:93, reward:2.457439188075877
==================================================

coord:(18.418045292734007, 1.0075215722102642, 12.088873821060957)->(18.418045292734007, 1.0075215722102642, 12.088873821060957)
state:field-0.0, action:Wait, timestep:94, reward:3.887034250027455e-09
==================================================

coord:(18.418045292734007, 1.0075215722102642, 12.088873821060957)->(18.418045292734007, 0.8366969954363354, 11.048873859207923)
state:field-0.0, action:A, timestep:95, reward:0.9230333188196234
==================================================

coord:(18.418045292734007, 0.8366969954363354, 11.048873859207923)->(18.418045292734007, 0.8366969954363354, 11.048873859207923)
state:field-0.0, action:Wait, timestep:96, reward:8.136234797007091e-08
==================================================

coord:(18.418045292734007, 0.8366969954363354, 11.048873859207923)->(16.684712022978985, 0.37871048348044306, 11.048873859207923)
state:field-0.0, action:S, timestep:97, reward:0.4629704039979474
==================================================

coord:(16.684712022978985, 0.37871048348044306, 11.048873859207923)->(16.194451347729412, 0.3068054221965108, 10.558613183958364)
state:field-0.0, action:SA, timestep:98, reward:0.31759988719312116
==================================================

coord:(16.194451347729412, 0.3068054221965108, 10.558613183958364)->(15.397777750448874, 0.157178417345551, 9.761939586677832)
state:field-0.0, action:SA, timestep:99, reward:-0.030848477003707853
==================================================

coord:(15.397777750448874, 0.157178417345551, 9.761939586677832)->(20.59777755971395, 1.0718888049348345, 9.761939586677832)
state:field-0.0, action:W, timestep:100, reward:-1.9586303314753981
==================================================

coord:(20.59777755971395, 1.0718888049348345, 9.761939586677832)->(18.604444299495675, 0.5356997742062224, 9.761939586677832)
state:field-0.0, action:S, timestep:101, reward:1.9605483044181184
==================================================

coord:(18.604444299495675, 0.5356997742062224, 9.761939586677832)->(20.013943740838197, 0.8263977634849407, 8.35244014533535)
state:field-0.0, action:WA, timestep:102, reward:-1.3327103149408397
==================================================

coord:(20.013943740838197, 0.8263977634849407, 8.35244014533535)->(19.094704974745248, 0.4448722527607861, 7.433201379242419)
state:field-0.0, action:SA, timestep:103, reward:0.5000102096059686
==================================================

coord:(19.094704974745248, 0.4448722527607861, 7.433201379242419)->(18.141371676379986, 0.3106290775193691, 7.433201379242419)
state:field-0.0, action:S, timestep:104, reward:0.6778584038208693
==================================================

coord:(18.141371676379986, 0.3106290775193691, 7.433201379242419)->(17.274705041502475, 0.21158785809865718, 7.433201379242419)
state:field-0.0, action:S, timestep:105, reward:0.3411402565757724
==================================================

coord:(17.274705041502475, 0.21158785809865718, 7.433201379242419)->(16.66187919744051, 0.18693902765369208, 8.046027223304376)
state:field-0.0, action:SD, timestep:106, reward:0.5704217769014939
==================================================

coord:(16.66187919744051, 0.18693902765369208, 8.046027223304376)->(15.448545908611981, 0.12118037987192398, 8.046027223304376)
state:field-0.0, action:S, timestep:107, reward:-0.8098706358078491
==================================================

coord:(15.448545908611981, 0.12118037987192398, 8.046027223304376)->(15.448545908611981, 0.12118037987192398, 8.046027223304376)
state:field-0.0, action:Wait, timestep:108, reward:-3.510747070833986e-08
==================================================

coord:(15.448545908611981, 0.12118037987192398, 8.046027223304376)->(15.448545908611981, 0.12118037987192398, 8.046027223304376)
state:field-0.0, action:Wait, timestep:109, reward:-3.510747070833986e-08
==================================================

coord:(15.448545908611981, 0.12118037987192398, 8.046027223304376)->(15.080850402174812, 0.09114095084013912, 7.678331716867202)
state:field-0.0, action:SA, timestep:110, reward:-0.5087312924673766
==================================================

coord:(15.080850402174812, 0.09114095084013912, 7.678331716867202)->(15.080850402174812, 0.2956145471522044, 12.87833152613237)
state:field-0.0, action:D, timestep:111, reward:-1.9814974972941997
==================================================

coord:(15.080850402174812, 0.2956145471522044, 12.87833152613237)->(15.080850402174812, 0.24549330776800876, 11.404998246840572)
state:field-0.0, action:A, timestep:112, reward:1.2485567334664829
==================================================

coord:(15.080850402174812, 0.24549330776800876, 11.404998246840572)->(15.877523999455345, 0.1988819460290209, 10.60832464956004)
state:field-0.0, action:WA, timestep:113, reward:1.110885321071069
==================================================

coord:(15.877523999455345, 0.1988819460290209, 10.60832464956004)->(14.529307142519059, 0.1552436464705215, 11.956541506496325)
state:field-0.0, action:SD, timestep:114, reward:-1.8903762409984664
==================================================

coord:(14.529307142519059, 0.1552436464705215, 11.956541506496325)->(14.529307142519059, 0.1552436464705215, 11.956541506496325)
state:field-0.0, action:Wait, timestep:115, reward:-3.0785758831086696e-08
==================================================

coord:(14.529307142519059, 0.1552436464705215, 11.956541506496325)->(18.206262206890813, 1.5162257603767144, 15.633496570868015)
state:field-0.0, action:WD, timestep:116, reward:-2.9811955032589417
==================================================

coord:(18.206262206890813, 1.5162257603767144, 15.633496570868015)->(19.00293580417137, 1.9424300877930798, 14.836822973587482)
state:field-0.0, action:WA, timestep:117, reward:0.47050686403063047
==================================================

coord:(19.00293580417137, 1.9424300877930798, 14.836822973587482)->(19.00293580417137, 1.9424300877930798, 14.836822973587482)
state:field-0.0, action:Wait, timestep:118, reward:1.9593981015475492e-07
==================================================

coord:(19.00293580417137, 1.9424300877930798, 14.836822973587482)->(21.082935727877395, 2.713816359490867, 14.836822973587482)
state:field-0.0, action:W, timestep:119, reward:-1.1310497819108303
==================================================

coord:(21.082935727877395, 2.713816359490867, 14.836822973587482)->(21.082935727877395, 3.6987703125538394, 14.836822973587482)
state:air-5.0, action:Wait, timestep:120, reward:-0.36428549128844967
==================================================

coord:(21.082935727877395, 3.6987703125538394, 14.836822973587482)->(19.95626910253663, 3.3951336681618267, 14.836822973587482)
state:field-0.0, action:S, timestep:121, reward:0.6542701777828297
==================================================

coord:(19.95626910253663, 3.3951336681618267, 14.836822973587482)->(19.95626910253663, 1.9424300877930798, 14.836822973587482)
state:air-5.0, action:Wait, timestep:122, reward:0.48015653840738093
==================================================

coord:(19.95626910253663, 1.9424300877930798, 14.836822973587482)->(19.95626910253663, 1.6950228512760246, 13.016823040344672)
state:field-0.0, action:A, timestep:123, reward:1.568531260557017
==================================================

coord:(19.95626910253663, 1.6950228512760246, 13.016823040344672)->(19.95626910253663, 1.6950228512760246, 13.016823040344672)
state:field-0.0, action:Wait, timestep:124, reward:2.2418006384583578e-07
==================================================

coord:(19.95626910253663, 1.6950228512760246, 13.016823040344672)->(19.95626910253663, 1.6950228512760246, 13.016823040344672)
state:field-0.0, action:Wait, timestep:125, reward:2.2418006384583578e-07
==================================================

coord:(19.95626910253663, 1.6950228512760246, 13.016823040344672)->(17.096269207440844, 0.8061780709048216, 13.016823040344672)
state:field-0.0, action:S, timestep:126, reward:1.1196108819281934
==================================================

coord:(17.096269207440844, 0.8061780709048216, 13.016823040344672)->(16.238313025754092, 0.5356997742062224, 13.8747792220314)
state:field-0.0, action:SD, timestep:127, reward:-0.8947467467104921
==================================================

coord:(16.238313025754092, 0.5356997742062224, 13.8747792220314)->(16.238313025754092, 0.4560300608343208, 12.314779279251848)
state:field-0.0, action:A, timestep:128, reward:1.5344964600743967
==================================================

coord:(16.238313025754092, 0.4560300608343208, 12.314779279251848)->(16.238313025754092, 0.4560300608343208, 12.314779279251848)
state:field-0.0, action:Wait, timestep:129, reward:-8.571722931449699e-08
==================================================

coord:(16.238313025754092, 0.4560300608343208, 12.314779279251848)->(16.238313025754092, 0.4560300608343208, 12.314779279251848)
state:field-0.0, action:Wait, timestep:130, reward:-8.571722931449699e-08
==================================================

coord:(16.238313025754092, 0.4560300608343208, 12.314779279251848)->(16.238313025754092, 0.37871048348044306, 11.361445980886566)
state:field-0.0, action:A, timestep:131, reward:0.9210994656461859
==================================================

coord:(16.238313025754092, 0.37871048348044306, 11.361445980886566)->(15.380356844067359, 0.1988819460290209, 10.503489799199839)
state:field-0.0, action:SA, timestep:132, reward:0.26514475243180824
==================================================

coord:(15.380356844067359, 0.1988819460290209, 10.503489799199839)->(14.644965831193021, 0.1552436464705215, 11.238880812074177)
state:field-0.0, action:SD, timestep:133, reward:-1.0400408159156758
==================================================

coord:(14.644965831193021, 0.1552436464705215, 11.238880812074177)->(18.321920895564777, 1.3562888280233438, 14.915835876445867)
state:field-0.0, action:WD, timestep:134, reward:-2.8860843475812388
==================================================

coord:(18.321920895564777, 1.3562888280233438, 14.915835876445867)->(17.096269207440844, 1.126331007346584, 16.14148756456977)
state:field-0.0, action:SD, timestep:135, reward:-1.0403433282774213
==================================================

coord:(17.096269207440844, 1.126331007346584, 16.14148756456977)->(20.04293576602438, 2.3681576868128444, 16.14148756456977)
state:field-0.0, action:W, timestep:136, reward:-0.8344560804474828
==================================================

coord:(20.04293576602438, 2.3681576868128444, 16.14148756456977)->(20.04293576602438, 3.308610751406032, 16.14148756456977)
state:air-5.0, action:Wait, timestep:137, reward:-0.2850866398591485
==================================================

coord:(20.04293576602438, 3.308610751406032, 16.14148756456977)->(18.327023402650877, 1.7591901566695145, 17.857399927943273)
state:field-0.0, action:SD, timestep:138, reward:-0.7619833520763457
==================================================

coord:(18.327023402650877, 1.7591901566695145, 17.857399927943273)->(18.327023402650877, 1.7591901566695145, 17.857399927943273)
state:field-0.0, action:Wait, timestep:139, reward:-4.342907011789521e-07
==================================================

coord:(18.327023402650877, 1.7591901566695145, 17.857399927943273)->(18.327023402650877, 1.8257865992739646, 20.370733169088055)
state:field-0.0, action:D, timestep:140, reward:-2.4766070936127953
==================================================

coord:(18.327023402650877, 1.8257865992739646, 20.370733169088055)->(18.327023402650877, 1.7591901566695145, 21.58406645791657)
state:field-0.0, action:D, timestep:141, reward:-1.1896832502576054
==================================================

coord:(18.327023402650877, 1.7591901566695145, 21.58406645791657)->(18.327023402650877, 1.8257865992739646, 18.637399899333033)
state:field-0.0, action:A, timestep:142, reward:2.8930151964062354
==================================================

coord:(18.327023402650877, 1.8257865992739646, 18.637399899333033)->(18.327023402650877, 1.7591901566695145, 17.424066610504518)
state:field-0.0, action:A, timestep:143, reward:1.1962346903643084
==================================================

coord:(18.327023402650877, 1.7591901566695145, 17.424066610504518)->(16.67239362368357, 0.8366969954363354, 19.078696389471826)
state:field-0.0, action:SD, timestep:144, reward:-1.4538732057355528
==================================================

coord:(16.67239362368357, 0.8366969954363354, 19.078696389471826)->(16.67239362368357, 0.8263977634849407, 20.29202967830034)
state:field-0.0, action:D, timestep:145, reward:-1.2111529409842774
==================================================

coord:(16.67239362368357, 0.8263977634849407, 20.29202967830034)->(15.26289418234107, 0.5356997742062224, 18.88253023695782)
state:field-0.0, action:SA, timestep:146, reward:1.2707111213469808
==================================================

coord:(15.26289418234107, 0.5356997742062224, 18.88253023695782)->(19.076227375802134, 1.8257865992739646, 18.88253023695782)
state:field-0.0, action:W, timestep:147, reward:-0.16790471839254906
==================================================

coord:(19.076227375802134, 1.8257865992739646, 18.88253023695782)->(19.076227375802134, 2.614828605119289, 18.88253023695782)
state:air-5.0, action:Wait, timestep:148, reward:-0.14248630815468566
==================================================

coord:(19.076227375802134, 2.614828605119289, 18.88253023695782)->(21.06956063602041, 3.6532406959880954, 18.88253023695782)
state:field-0.0, action:W, timestep:149, reward:-0.8361965651055794
==================================================

coord:(21.06956063602041, 3.6532406959880954, 18.88253023695782)->(21.06956063602041, 4.979149817443558, 18.88253023695782)
state:air-5.0, action:Wait, timestep:150, reward:-0.45909819468605484
==================================================

coord:(21.06956063602041, 4.979149817443558, 18.88253023695782)->(21.06956063602041, 4.979149817443558, 20.52919684322509)
state:field-0.0, action:D, timestep:151, reward:-1.4269131321204664
==================================================

coord:(21.06956063602041, 4.979149817443558, 20.52919684322509)->(23.062893896238684, 6.620243268861104, 20.52919684322509)
state:field-0.0, action:W, timestep:152, reward:-1.382181742276467
==================================================

coord:(23.062893896238684, 6.620243268861104, 20.52919684322509)->(23.062893896238684, 1.8730300810029368, 20.52919684322509)
state:air-5.0, action:Wait, timestep:153, reward:1.3370930026551697
==================================================

coord:(23.062893896238684, 1.8730300810029368, 20.52919684322509)->(23.614437155894453, 1.8730300810029368, 19.97765358356932)
state:field-0.0, action:WA, timestep:154, reward:0.20837104305014975
==================================================

coord:(23.614437155894453, 1.8730300810029368, 19.97765358356932)->(23.614437155894453, 8.69387970345265, 19.97765358356932)
state:air-5.0, action:Wait, timestep:155, reward:-2.38020273002296
==================================================

coord:(23.614437155894453, 8.69387970345265, 19.97765358356932)->(23.553154571488257, 8.69387970345265, 20.038936167975518)
state:field-0.0, action:SD, timestep:156, reward:-0.017729409547291297
==================================================

coord:(23.553154571488257, 8.69387970345265, 20.038936167975518)->(23.553154571488257, 1.8730300810029368, 20.038936167975518)
state:air-5.0, action:Wait, timestep:157, reward:2.376937873096031
==================================================

coord:(23.553154571488257, 1.8730300810029368, 20.038936167975518)->(23.49187198708206, 1.8730300810029368, 19.97765358356932)
state:field-0.0, action:SA, timestep:158, reward:0.0833843514085526
==================================================

coord:(23.49187198708206, 1.8730300810029368, 19.97765358356932)->(23.49187198708206, 8.69387970345265, 19.97765358356932)
state:air-5.0, action:Wait, timestep:159, reward:-2.389954966992631
==================================================

coord:(23.49187198708206, 8.69387970345265, 19.97765358356932)->(24.011871968008567, 8.69387970345265, 19.97765358356932)
state:field-0.0, action:W, timestep:160, reward:-0.2287765514455664
==================================================

coord:(24.011871968008567, 8.69387970345265, 19.97765358356932)->(24.011871968008567, 11.00059246788065, 19.97765358356932)
state:air-5.0, action:Wait, timestep:161, reward:-1.3553065376306002
==================================================

coord:(24.011871968008567, 11.00059246788065, 19.97765358356932)->(24.011871968008567, 10.865181854423884, 18.157653650326548)
state:field-0.0, action:A, timestep:162, reward:1.2188632439327112
==================================================

coord:(24.011871968008567, 10.865181854423884, 18.157653650326548)->(24.011871968008567, 10.865181854423884, 18.157653650326548)
state:field-0.0, action:Wait, timestep:163, reward:-2.433109411725809e-07
==================================================

coord:(24.011871968008567, 10.865181854423884, 18.157653650326548)->(25.05187192986158, 10.865181854423884, 18.157653650326548)
state:field-0.0, action:W, timestep:164, reward:-0.494367937560245
==================================================

coord:(25.05187192986158, 10.865181854423884, 18.157653650326548)->(25.05187192986158, 13.411621749488766, 18.157653650326548)
state:air-5.0, action:Wait, timestep:165, reward:-1.7661527889829678
==================================================

coord:(25.05187192986158, 13.411621749488766, 18.157653650326548)->(26.032393280360726, 13.578768139938639, 19.138175000825694)
state:field-0.0, action:WD, timestep:166, reward:-1.0884697043908211
==================================================

coord:(26.032393280360726, 13.578768139938639, 19.138175000825694)->(26.032393280360726, 16.351082769091413, 19.138175000825694)
state:air-5.0, action:Wait, timestep:167, reward:-2.0277992314644564
==================================================

coord:(26.032393280360726, 16.351082769091413, 19.138175000825694)->(25.945726616872975, 16.351082769091413, 19.138175000825694)
state:field-0.0, action:S, timestep:168, reward:0.037176331544756636
==================================================

coord:(25.945726616872975, 16.351082769091413, 19.138175000825694)->(25.945726616872975, 13.578768139938639, 19.138175000825694)
state:air-5.0, action:Wait, timestep:169, reward:2.031787266608653
==================================================

coord:(25.945726616872975, 13.578768139938639, 19.138175000825694)->(25.945726616872975, 13.411621749488766, 18.09817503897268)
state:field-0.0, action:A, timestep:170, reward:0.656590886723297
==================================================

coord:(25.945726616872975, 13.411621749488766, 18.09817503897268)->(26.00700920127917, 13.411621749488766, 18.159457623378877)
state:field-0.0, action:WD, timestep:171, reward:-0.06069977361227785
==================================================

coord:(26.00700920127917, 13.411621749488766, 18.159457623378877)->(26.00700920127917, 16.149810868972413, 18.159457623378877)
state:air-5.0, action:Wait, timestep:172, reward:-2.0420148848598956
==================================================

coord:(26.00700920127917, 16.149810868972413, 18.159457623378877)->(27.048813136184513, 16.351082769091413, 19.20126155828422)
state:field-0.0, action:WD, timestep:173, reward:-1.1101070603018748
==================================================

coord:(27.048813136184513, 16.351082769091413, 19.20126155828422)->(27.048813136184513, 19.207662169033703, 19.20126155828422)
state:air-5.0, action:Wait, timestep:174, reward:-2.2046563817625398
==================================================

coord:(27.048813136184513, 19.207662169033703, 19.20126155828422)->(26.987530551778317, 19.207662169033703, 19.262544142690416)
state:field-0.0, action:SD, timestep:175, reward:-0.0005532188316514919
==================================================

coord:(26.987530551778317, 19.207662169033703, 19.262544142690416)->(26.987530551778317, 16.351082769091413, 19.262544142690416)
state:air-5.0, action:Wait, timestep:176, reward:2.2045998050088933
==================================================

coord:(26.987530551778317, 16.351082769091413, 19.262544142690416)->(26.068291785685368, 16.149810868972413, 18.343305376597467)
state:field-0.0, action:SA, timestep:177, reward:1.0002304058934968
==================================================

coord:(26.068291785685368, 16.149810868972413, 18.343305376597467)->(25.981625122197617, 16.149810868972413, 18.343305376597467)
state:field-0.0, action:S, timestep:178, reward:0.038260477468764265
==================================================

coord:(25.981625122197617, 16.149810868972413, 18.343305376597467)->(25.981625122197617, 13.411621749488766, 18.343305376597467)
state:air-5.0, action:Wait, timestep:179, reward:2.033991782889167
==================================================

coord:(25.981625122197617, 13.411621749488766, 18.343305376597467)->(25.981625122197617, 13.411621749488766, 18.343305376597467)
state:field-0.0, action:Wait, timestep:180, reward:9.229038155922353e-07
==================================================

coord:(25.981625122197617, 13.411621749488766, 18.343305376597467)->(25.981625122197617, 12.141868509303976, 15.916638798940435)
state:field-0.0, action:A, timestep:181, reward:2.043326487731491
==================================================

coord:(25.981625122197617, 12.141868509303976, 15.916638798940435)->(25.981625122197617, 11.137690677042896, 15.916638798940435)
state:air-5.0, action:Wait, timestep:182, reward:0.7079563263761184
==================================================

coord:(25.981625122197617, 11.137690677042896, 15.916638798940435)->(25.981625122197617, 10.834054032650878, 13.923305538722119)
state:field-0.0, action:A, timestep:183, reward:0.9922757377956071
==================================================

coord:(25.981625122197617, 10.834054032650878, 13.923305538722119)->(25.981625122197617, 8.69387970345265, 13.923305538722119)
state:air-5.0, action:Wait, timestep:184, reward:1.444686854754151
==================================================

coord:(25.981625122197617, 8.69387970345265, 13.923305538722119)->(25.981625122197617, 8.69387970345265, 13.923305538722119)
state:field-0.0, action:Wait, timestep:185, reward:-3.489428657132976e-08
==================================================

coord:(25.981625122197617, 8.69387970345265, 13.923305538722119)->(25.981625122197617, 9.962847110248203, 15.049972164062906)
state:field-0.0, action:D, timestep:186, reward:-1.2688641363054618
==================================================

coord:(25.981625122197617, 9.962847110248203, 15.049972164062906)->(25.981625122197617, 11.137690677042896, 15.049972164062906)
state:air-5.0, action:Wait, timestep:187, reward:-0.8045773136245717
==================================================

coord:(25.981625122197617, 11.137690677042896, 15.049972164062906)->(25.981625122197617, 11.137690677042896, 15.049972164062906)
state:field-0.0, action:Wait, timestep:188, reward:-4.3984527486884417e-07
==================================================

coord:(25.981625122197617, 11.137690677042896, 15.049972164062906)->(24.939821187292274, 10.585624050875593, 14.008168229157594)
state:field-0.0, action:SA, timestep:189, reward:1.3974461975067332
==================================================

coord:(24.939821187292274, 10.585624050875593, 14.008168229157594)->(24.939821187292274, 8.07121969755779, 14.008168229157594)
state:air-5.0, action:Wait, timestep:190, reward:1.7321609793160757
==================================================

coord:(24.939821187292274, 8.07121969755779, 14.008168229157594)->(22.946487927074, 7.767583053165775, 14.008168229157594)
state:field-0.0, action:S, timestep:191, reward:1.41027324124585
==================================================

coord:(22.946487927074, 7.767583053165775, 14.008168229157594)->(22.946487927074, 4.917859506649682, 14.008168229157594)
state:air-5.0, action:Wait, timestep:192, reward:1.7255461386193396
==================================================

coord:(22.946487927074, 4.917859506649682, 14.008168229157594)->(24.049574446385538, 5.995719931712003, 12.905081709846087)
state:field-0.0, action:WA, timestep:193, reward:-0.8216445437047106
==================================================

coord:(24.049574446385538, 5.995719931712003, 12.905081709846087)->(25.030095796884684, 6.146098139940421, 11.92456035934697)
state:field-0.0, action:WA, timestep:194, reward:-0.48664595023616286
==================================================

coord:(25.030095796884684, 6.146098139940421, 11.92456035934697)->(23.99009583503167, 5.893067602947077, 11.92456035934697)
state:field-0.0, action:S, timestep:195, reward:0.9383299936341043
==================================================

coord:(23.99009583503167, 5.893067602947077, 11.92456035934697)->(23.99009583503167, 3.935072557656734, 11.92456035934697)
state:air-5.0, action:Wait, timestep:196, reward:1.003312715367679
==================================================

coord:(23.99009583503167, 3.935072557656734, 11.92456035934697)->(22.02905313403338, 4.291471953364964, 13.885603060345204)
state:field-0.0, action:SD, timestep:197, reward:0.3401209849875535
==================================================

coord:(22.02905313403338, 4.291471953364964, 13.885603060345204)->(20.496988523878464, 3.0338362951707407, 15.417667670500075)
state:field-0.0, action:SD, timestep:198, reward:0.25541658535231715
==================================================

coord:(20.496988523878464, 3.0338362951707407, 15.417667670500075)->(18.41338065406778, 1.7591901566695145, 17.501275540310743)
state:field-0.0, action:SD, timestep:199, reward:-0.9493704603981659
==================================================

coord:(18.41338065406778, 1.7591901566695145, 17.501275540310743)->(18.41338065406778, 1.7591901566695145, 17.501275540310743)
state:field-0.0, action:Wait, timestep:200, reward:4.006553009361369e-07
==================================================

coord:(18.41338065406778, 1.7591901566695145, 17.501275540310743)->(20.00672784862889, 2.6474166970856783, 19.094622734871855)
state:field-0.0, action:WD, timestep:201, reward:-2.0473424650671124
==================================================

coord:(20.00672784862889, 2.6474166970856783, 19.094622734871855)->(20.00672784862889, 3.6987703125538394, 19.094622734871855)
state:air-5.0, action:Wait, timestep:202, reward:-0.27054939057275895
==================================================

coord:(20.00672784862889, 3.6987703125538394, 19.094622734871855)->(20.00672784862889, 3.6532406959880954, 20.481289350675873)
state:field-0.0, action:D, timestep:203, reward:-1.267664324477975
==================================================

coord:(20.00672784862889, 3.6532406959880954, 20.481289350675873)->(18.966727886775878, 3.4002101589947515, 20.481289350675873)
state:field-0.0, action:S, timestep:204, reward:0.27809479755625865
==================================================

coord:(18.966727886775878, 3.4002101589947515, 20.481289350675873)->(18.966727886775878, 1.8257865992739646, 20.481289350675873)
state:air-5.0, action:Wait, timestep:205, reward:0.29771795866479245
==================================================

coord:(18.966727886775878, 1.8257865992739646, 20.481289350675873)->(19.947249237275024, 2.5194514766035314, 21.46181070117502)
state:field-0.0, action:WD, timestep:206, reward:-1.2458022484114437
==================================================

coord:(19.947249237275024, 2.5194514766035314, 21.46181070117502)->(19.947249237275024, 2.614828605119289, 18.51514414259148)
state:field-0.0, action:A, timestep:207, reward:2.7734996129438994
==================================================

coord:(19.947249237275024, 2.614828605119289, 18.51514414259148)->(19.947249237275024, 2.5194514766035314, 17.388477517250717)
state:field-0.0, action:A, timestep:208, reward:1.0635795254957898
==================================================

coord:(19.947249237275024, 2.5194514766035314, 17.388477517250717)->(21.073915862615788, 3.519986988009651, 17.388477517250717)
state:field-0.0, action:W, timestep:209, reward:-0.6961971565143568
==================================================

coord:(21.073915862615788, 3.519986988009651, 17.388477517250717)->(21.073915862615788, 4.797532937810311, 17.388477517250717)
state:air-5.0, action:Wait, timestep:210, reward:-0.48059846839046294
==================================================

coord:(21.073915862615788, 4.797532937810311, 17.388477517250717)->(21.073915862615788, 4.797532937810311, 17.388477517250717)
state:field-0.0, action:Wait, timestep:211, reward:-1.8683431690647012e-08
==================================================

coord:(21.073915862615788, 4.797532937810311, 17.388477517250717)->(19.947249237275024, 4.493896293418298, 17.388477517250717)
state:field-0.0, action:S, timestep:212, reward:0.5221540219683547
==================================================

coord:(19.947249237275024, 4.493896293418298, 17.388477517250717)->(19.947249237275024, 2.5194514766035314, 17.388477517250717)
state:air-5.0, action:Wait, timestep:213, reward:0.654642071272157
==================================================

coord:(19.947249237275024, 2.5194514766035314, 17.388477517250717)->(21.050335756586563, 3.266956451016307, 16.285390997939178)
state:field-0.0, action:WA, timestep:214, reward:0.3221643066783706
==================================================

coord:(21.050335756586563, 3.266956451016307, 16.285390997939178)->(21.050335756586563, 4.509439697457267, 16.285390997939178)
state:air-5.0, action:Wait, timestep:215, reward:-0.4827726189526498
==================================================

coord:(21.050335756586563, 4.509439697457267, 16.285390997939178)->(19.947249237275024, 3.883764187800997, 15.182304478627664)
state:field-0.0, action:SA, timestep:216, reward:1.6091284112516044
==================================================

coord:(19.947249237275024, 3.883764187800997, 15.182304478627664)->(19.947249237275024, 2.171486246874829, 15.182304478627664)
state:air-5.0, action:Wait, timestep:217, reward:0.6168293640463158
==================================================

coord:(19.947249237275024, 2.171486246874829, 15.182304478627664)->(19.947249237275024, 2.171486246874829, 15.182304478627664)
state:field-0.0, action:Wait, timestep:218, reward:-3.124787362196457e-08
==================================================

coord:(19.947249237275024, 2.171486246874829, 15.182304478627664)->(19.947249237275024, 2.171486246874829, 15.182304478627664)
state:field-0.0, action:Wait, timestep:219, reward:-3.124787362196457e-08
==================================================

coord:(19.947249237275024, 2.171486246874829, 15.182304478627664)->(19.947249237275024, 2.171486246874829, 15.182304478627664)
state:field-0.0, action:Wait, timestep:220, reward:-3.124787362196457e-08
==================================================

coord:(19.947249237275024, 2.171486246874829, 15.182304478627664)->(20.92777058777417, 2.713816359490867, 14.201783128128547)
state:field-0.0, action:WA, timestep:221, reward:0.15469902134803082
==================================================

coord:(20.92777058777417, 2.713816359490867, 14.201783128128547)->(20.92777058777417, 2.0159633174808635, 12.381783194885736)
state:field-0.0, action:A, timestep:222, reward:1.4887891100843405
==================================================

coord:(20.92777058777417, 2.0159633174808635, 12.381783194885736)->(19.150575639994468, 0.9707717392434059, 10.604588247106086)
state:field-0.0, action:SA, timestep:223, reward:2.6888811989438435
==================================================

coord:(19.150575639994468, 0.9707717392434059, 10.604588247106086)->(20.00853182168122, 1.0718888049348345, 9.746632065419359)
state:field-0.0, action:WA, timestep:224, reward:-0.42862119706637314
==================================================

coord:(20.00853182168122, 1.0718888049348345, 9.746632065419359)->(21.050335756586563, 1.126331007346584, 8.704828130514047)
state:field-0.0, action:WA, timestep:225, reward:-0.9524468018598542
==================================================

coord:(21.050335756586563, 1.126331007346584, 8.704828130514047)->(22.03085710708571, 1.126331007346584, 7.724306780014925)
state:field-0.0, action:WA, timestep:226, reward:-1.113793041003417
==================================================

coord:(22.03085710708571, 1.126331007346584, 7.724306780014925)->(22.03085710708571, 0.5914990801290658, 5.557640192821125)
state:field-0.0, action:A, timestep:227, reward:-0.8544224437750083
==================================================

coord:(22.03085710708571, 0.5914990801290658, 5.557640192821125)->(23.011378457584854, 0.5356997742062224, 4.577118842321994)
state:field-0.0, action:WA, timestep:228, reward:-1.3650417343248549
==================================================

coord:(23.011378457584854, 0.5356997742062224, 4.577118842321994)->(23.011378457584854, 0.5356997742062224, 4.577118842321994)
state:field-0.0, action:Wait, timestep:229, reward:-1.5367689343293023e-09
==================================================

coord:(23.011378457584854, 0.5356997742062224, 4.577118842321994)->(23.011378457584854, 1.9424300877930798, 9.083785343685108)
state:field-0.0, action:D, timestep:230, reward:1.2496114015788393
==================================================

coord:(23.011378457584854, 1.9424300877930798, 9.083785343685108)->(23.011378457584854, 2.5194514766035314, 9.083785343685108)
state:air-5.0, action:Wait, timestep:231, reward:-0.17088695048319558
==================================================

coord:(23.011378457584854, 2.5194514766035314, 9.083785343685108)->(21.01804519736658, 1.4609206979633587, 9.083785343685108)
state:field-0.0, action:S, timestep:232, reward:2.2206856256164107
==================================================

coord:(21.01804519736658, 1.4609206979633587, 9.083785343685108)->(20.09880643127363, 1.3562888280233438, 10.00302410977803)
state:field-0.0, action:SD, timestep:233, reward:0.7610587615785929
==================================================

coord:(20.09880643127363, 1.3562888280233438, 10.00302410977803)->(18.365473161518608, 0.6778348795001161, 10.00302410977803)
state:field-0.0, action:S, timestep:234, reward:1.6816967528327758
==================================================

coord:(18.365473161518608, 0.6778348795001161, 10.00302410977803)->(18.978299005580574, 0.5356997742062224, 9.390198265716082)
state:field-0.0, action:WA, timestep:235, reward:-0.30069933566847773
==================================================

coord:(18.978299005580574, 0.5356997742062224, 9.390198265716082)->(18.978299005580574, 0.41301027985857514, 8.263531640375295)
state:field-0.0, action:A, timestep:236, reward:-0.08785047276986191
==================================================

coord:(18.978299005580574, 0.41301027985857514, 8.263531640375295)->(17.384951811019462, 0.36489683681065294, 9.85687883493636)
state:field-0.0, action:SD, timestep:237, reward:1.1721077199972234
==================================================

coord:(17.384951811019462, 0.36489683681065294, 9.85687883493636)->(16.258285185678698, 0.24247143421879228, 9.85687883493636)
state:field-0.0, action:S, timestep:238, reward:-0.2005221290286694
==================================================

coord:(16.258285185678698, 0.24247143421879228, 9.85687883493636)->(16.258285185678698, 0.18693902765369208, 8.470212219132314)
state:field-0.0, action:A, timestep:239, reward:0.2111985806569503
==================================================

coord:(16.258285185678698, 0.18693902765369208, 8.470212219132314)->(15.645459341616743, 0.157178417345551, 9.083038063194262)
state:field-0.0, action:SD, timestep:240, reward:-0.4441877502202758
==================================================

coord:(15.645459341616743, 0.157178417345551, 9.083038063194262)->(15.216481250773379, 0.12118037987192398, 8.654059972350899)
state:field-0.0, action:SA, timestep:241, reward:-0.4601449261703159
==================================================

coord:(15.216481250773379, 0.12118037987192398, 8.654059972350899)->(18.893436315145152, 1.0075215722102642, 12.331015036722588)
state:field-0.0, action:WD, timestep:242, reward:-2.0520315159302775
==================================================

coord:(18.893436315145152, 1.0075215722102642, 12.331015036722588)->(16.553436400975873, 0.4560300608343208, 12.331015036722588)
state:field-0.0, action:S, timestep:243, reward:0.5230140543579527
==================================================

coord:(16.553436400975873, 0.4560300608343208, 12.331015036722588)->(15.166769785171837, 0.2956145471522044, 12.331015036722588)
state:field-0.0, action:S, timestep:244, reward:-0.44073692037411716
==================================================

coord:(15.166769785171837, 0.2956145471522044, 12.331015036722588)->(20.36676959443692, 2.0159633174808635, 12.331015036722588)
state:field-0.0, action:W, timestep:245, reward:-1.2128696238553118
==================================================

coord:(20.36676959443692, 2.0159633174808635, 12.331015036722588)->(22.02139937340423, 3.2276580973492344, 13.985644815689849)
state:field-0.0, action:WD, timestep:246, reward:-2.6175927301696875
==================================================

coord:(22.02139937340423, 3.2276580973492344, 13.985644815689849)->(22.02139937340423, 4.291471953364964, 13.985644815689849)
state:air-5.0, action:Wait, timestep:247, reward:-0.4592832383273482
==================================================

coord:(22.02139937340423, 4.291471953364964, 13.985644815689849)->(20.489334763249314, 3.0338362951707407, 15.51770942584472)
state:field-0.0, action:SD, timestep:248, reward:0.2325565796634912
==================================================

coord:(20.489334763249314, 3.0338362951707407, 15.51770942584472)->(18.467009477844826, 1.7591901566695145, 17.540034711249195)
state:field-0.0, action:SD, timestep:249, reward:-0.91660363273499
==================================================

coord:(18.467009477844826, 1.7591901566695145, 17.540034711249195)->(16.56724936125273, 0.6862826015985855, 15.640274594657111)
state:field-0.0, action:SA, timestep:250, reward:2.1144633830623407
==================================================

coord:(16.56724936125273, 0.6862826015985855, 15.640274594657111)->(20.033915900762775, 2.171486246874829, 15.640274594657111)
state:field-0.0, action:W, timestep:251, reward:-0.8586309976037709
==================================================

coord:(20.033915900762775, 2.171486246874829, 15.640274594657111)->(20.033915900762775, 3.0338362951707407, 15.640274594657111)
state:air-5.0, action:Wait, timestep:252, reward:-0.25235438274956135
==================================================

coord:(20.033915900762775, 3.0338362951707407, 15.640274594657111)->(18.379286121795467, 1.5386558493009748, 13.98564481568985)
state:field-0.0, action:SA, timestep:253, reward:2.468690007389796
==================================================

coord:(18.379286121795467, 1.5386558493009748, 13.98564481568985)->(18.379286121795467, 1.1835383784864664, 13.98564481568985)
state:air-5.0, action:Wait, timestep:254, reward:0.06711789041691496
==================================================

coord:(18.379286121795467, 1.1835383784864664, 13.98564481568985)->(18.379286121795467, 1.1835383784864664, 13.98564481568985)
state:field-0.0, action:Wait, timestep:255, reward:1.993768758978831e-07
==================================================

coord:(18.379286121795467, 1.1835383784864664, 13.98564481568985)->(18.379286121795467, 1.0075215722102642, 12.078978218959287)
state:field-0.0, action:A, timestep:256, reward:1.8028368777317136
==================================================

coord:(18.379286121795467, 1.0075215722102642, 12.078978218959287)->(18.379286121795467, 1.0075215722102642, 12.078978218959287)
state:death-0.0, action:S, timestep:257, reward:-999999
==================================================

