coord:(15.0, 0.0, 48.0)->(15.0, 0.0, 48.0)
state:field-4, action:Wait, timestep:1, reward:-0.0
==================================================

coord:(15.0, 0.0, 48.0)->(17.050609572728472, 17.624601734301937, 45.94939042727155)
state:field-4.0, action:WAs, timestep:2, reward:-2.101953643920531
==================================================

coord:(17.050609572728472, 17.624601734301937, 45.94939042727155)->(17.050609572728472, 14.19735996732991, 45.94939042727155)
state:air-9.0, action:Wait, timestep:3, reward:1.6412558636717485
==================================================

coord:(17.050609572728472, 14.19735996732991, 45.94939042727155)->(18.031130923227618, 14.19735996732991, 44.968869076772464)
state:field-4.0, action:WA, timestep:4, reward:1.1607203386618927
==================================================

coord:(18.031130923227618, 14.19735996732991, 44.968869076772464)->(18.031130923227618, 14.19735996732991, 44.968869076772464)
state:air-9.0, action:j, timestep:5, reward:-4.865334197745597e-07
==================================================

coord:(18.031130923227618, 14.19735996732991, 44.968869076772464)->(17.96984833882142, 14.132359969714095, 45.03015166117866)
state:parachute-19.0, action:SD, timestep:6, reward:-0.04261660620880647
==================================================

coord:(17.96984833882142, 14.132359969714095, 45.03015166117866)->(17.96984833882142, 14.19735996732991, 45.03015166117866)
state:air-9.0, action:Wait, timestep:7, reward:-0.02937999961699944
==================================================

coord:(17.96984833882142, 14.19735996732991, 45.03015166117866)->(16.92984837696841, 14.19735996732991, 45.03015166117866)
state:field-4.0, action:S, timestep:8, reward:-0.3890827056646451
==================================================

coord:(16.92984837696841, 14.19735996732991, 45.03015166117866)->(16.92984837696841, 16.872819842051836, 45.03015166117866)
state:air-9.0, action:Wait, timestep:9, reward:-1.284989285252145
==================================================

coord:(16.92984837696841, 16.872819842051836, 45.03015166117866)->(16.92984837696841, 16.872819842051836, 45.03015166117866)
state:field-4.0, action:j, timestep:10, reward:1.0254168003598352e-06
==================================================

coord:(16.92984837696841, 16.872819842051836, 45.03015166117866)->(16.92984837696841, 17.068145684490155, 44.9434849976909)
state:field-4.0, action:Aj, timestep:11, reward:-0.033661635072419926
==================================================

coord:(16.92984837696841, 17.068145684490155, 44.9434849976909)->(15.939898928065018, 17.712223468498607, 45.93343444659429)
state:field-4.0, action:SDsj, timestep:12, reward:-1.4681577551339302
==================================================

coord:(15.939898928065018, 17.712223468498607, 45.93343444659429)->(15.939898928065018, 19.596134047240334, 45.93343444659429)
state:air-9.0, action:Wait, timestep:13, reward:-1.0061251771470836
==================================================

coord:(15.939898928065018, 19.596134047240334, 45.93343444659429)->(16.001181512471213, 19.596134047240334, 45.8721518621881)
state:field-4.0, action:WA, timestep:14, reward:0.06850915137680147
==================================================

coord:(16.001181512471213, 19.596134047240334, 45.8721518621881)->(16.001181512471213, 16.872819842051836, 45.8721518621881)
state:air-9.0, action:Wait, timestep:15, reward:1.4329107454829284
==================================================

coord:(16.001181512471213, 16.872819842051836, 45.8721518621881)->(17.001181512471227, 17.38731984650232, 45.8721518621881)
state:field-4.0, action:Wsj, timestep:16, reward:0.11538323827230812
==================================================

coord:(17.001181512471227, 17.38731984650232, 45.8721518621881)->(17.001181512471227, 14.19735996732991, 45.8721518621881)
state:air-9.0, action:Wait, timestep:17, reward:1.5208907904460816
==================================================

coord:(17.001181512471227, 14.19735996732991, 45.8721518621881)->(18.061841636296286, 13.985026633996576, 46.93281198601316)
state:field-4.0, action:WDs, timestep:18, reward:-0.404469472081594
==================================================

coord:(18.061841636296286, 13.985026633996576, 46.93281198601316)->(18.061841636296286, 5.842043898028933, 46.93281198601316)
state:air-9.0, action:Wait, timestep:19, reward:2.535379244360641
==================================================

coord:(18.061841636296286, 5.842043898028933, 46.93281198601316)->(18.061841636296286, 8.44204380266151, 47.03281198601315)
state:wall-14.0, action:Wj, timestep:20, reward:-0.6839786796388445
==================================================

coord:(18.061841636296286, 8.44204380266151, 47.03281198601315)->(18.061841636296286, 0.299061066693859, 47.03281198601315)
state:air-8.0, action:Wait, timestep:21, reward:1.1139107644115462
==================================================

coord:(18.061841636296286, 0.299061066693859, 47.03281198601315)->(18.061841636296286, 2.8990609713264255, 48.032811986013094)
state:wall-13.0, action:Wj, timestep:22, reward:-1.040916770773169
==================================================

coord:(18.061841636296286, 2.8990609713264255, 48.032811986013094)->(18.061841636296286, 0.0, 48.032811986013094)
state:air-8.0, action:Wait, timestep:23, reward:0.11004088473450224
==================================================

coord:(18.061841636296286, 0.0, 48.032811986013094)->(18.061841636296286, 0.0, 42.832812176747815)
state:field-3.0, action:A, timestep:24, reward:4.773338926206929
==================================================

coord:(18.061841636296286, 0.0, 42.832812176747815)->(18.061841636296286, 0.0, 37.632812367482536)
state:field-3.0, action:A, timestep:25, reward:4.567265978552097
==================================================

coord:(18.061841636296286, 0.0, 37.632812367482536)->(17.991130961374616, 0.06370000044504802, 37.70352304240421)
state:field-3.0, action:SDsj, timestep:26, reward:-0.09653023006084993
==================================================

coord:(17.991130961374616, 0.06370000044504802, 37.70352304240421)->(17.991130961374616, 8.170927402972628, 37.70352304240421)
state:air-8.0, action:Wait, timestep:27, reward:-1.4331244064627668
==================================================

coord:(17.991130961374616, 8.170927402972628, 37.70352304240421)->(18.061841636296286, 8.170927402972628, 37.632812367482536)
state:field-3.0, action:WAs, timestep:28, reward:0.09107976979071353
==================================================

coord:(18.061841636296286, 8.170927402972628, 37.632812367482536)->(18.061841636296286, 0.027944667004978663, 37.632812367482536)
state:air-8.0, action:Wait, timestep:29, reward:1.4389674195617594
==================================================

coord:(18.061841636296286, 0.027944667004978663, 37.632812367482536)->(18.061841636296286, 2.627944571637546, 38.032812367482514)
state:wall-13.0, action:Wj, timestep:30, reward:-0.46662941098511723
==================================================

coord:(18.061841636296286, 2.627944571637546, 38.032812367482514)->(18.061841636296286, 0.0, 38.032812367482514)
state:air-7.0, action:Wait, timestep:31, reward:0.12530889731235462
==================================================

coord:(18.061841636296286, 0.0, 38.032812367482514)->(21.738796700668082, 0.0, 41.7097674318541)
state:field-2.0, action:WD, timestep:32, reward:-1.800836422139426
==================================================

coord:(21.738796700668082, 0.0, 41.7097674318541)->(19.41005849323261, 0.0, 44.03850563928943)
state:field-2.0, action:SDj, timestep:33, reward:-2.988682989437798
==================================================

coord:(19.41005849323261, 0.0, 44.03850563928943)->(22.703391705767153, 0.0, 44.03850563928943)
state:field-2.0, action:Wj, timestep:34, reward:1.0312563566614266
==================================================

coord:(22.703391705767153, 0.0, 44.03850563928943)->(19.41005849323261, 0.0, 44.03850563928943)
state:field-2.0, action:Sj, timestep:35, reward:-1.0312550109221732
==================================================

coord:(19.41005849323261, 0.0, 44.03850563928943)->(23.050058359718157, 0.0, 44.03850563928943)
state:field-2.0, action:W, timestep:36, reward:1.1168209195247485
==================================================

coord:(23.050058359718157, 0.0, 44.03850563928943)->(23.050058359718157, 6.557373203102033, 44.03850563928943)
state:air-7.0, action:Wait, timestep:37, reward:-0.7751762530131359
==================================================

coord:(23.050058359718157, 6.557373203102033, 44.03850563928943)->(25.01110106071645, 8.027736868461885, 45.99954834028761)
state:field-2.0, action:WDj, timestep:38, reward:-1.8729915599124034
==================================================

coord:(25.01110106071645, 8.027736868461885, 45.99954834028761)->(25.01110106071645, 7.774706331468539, 47.039548302140666)
state:field-2.0, action:D, timestep:39, reward:-0.9205030795562372
==================================================

coord:(25.01110106071645, 7.774706331468539, 47.039548302140666)->(25.01110106071645, 6.1833128807551425, 47.039548302140666)
state:air-7.0, action:Wait, timestep:40, reward:0.37734519093642405
==================================================

coord:(25.01110106071645, 6.1833128807551425, 47.039548302140666)->(22.931101137010423, 6.900999581556988, 47.039548302140666)
state:field-2.0, action:Sj, timestep:41, reward:-0.5292485079687239
==================================================

coord:(22.931101137010423, 6.900999581556988, 47.039548302140666)->(22.931101137010423, 0.0, 47.039548302140666)
state:air-7.0, action:Wait, timestep:42, reward:0.7724431950094157
==================================================

coord:(22.931101137010423, 0.0, 47.039548302140666)->(22.931101137010423, 0.0, 43.74621508960599)
state:field-2.0, action:Aj, timestep:43, reward:3.202555185337811
==================================================

coord:(22.931101137010423, 0.0, 43.74621508960599)->(23.001811811932093, 0.06370000044504802, 43.81692576452766)
state:field-2.0, action:WDsj, timestep:44, reward:-0.050436959104015244
==================================================

coord:(23.001811811932093, 0.06370000044504802, 43.81692576452766)->(23.001811811932093, 7.231766021017783, 43.81692576452766)
state:air-7.0, action:Wait, timestep:45, reward:-0.956842607837217
==================================================

coord:(23.001811811932093, 7.231766021017783, 43.81692576452766)->(25.05242138466054, 8.027736868461885, 45.86753533725611)
state:field-2.0, action:WDsj, timestep:46, reward:-1.7641342217379794
==================================================

coord:(25.05242138466054, 8.027736868461885, 45.86753533725611)->(24.9110000348172, 8.152414647129758, 46.00895668709945)
state:field-2.0, action:SDsj, timestep:47, reward:-0.19019426777031612
==================================================

coord:(24.9110000348172, 8.152414647129758, 46.00895668709945)->(24.9110000348172, 6.103130093383256, 46.00895668709945)
state:air-7.0, action:Wait, timestep:48, reward:0.5137185324044395
==================================================

coord:(24.9110000348172, 6.103130093383256, 46.00895668709945)->(25.0110000348172, 7.091554966084926, 46.00895668709945)
state:field-2.0, action:Wsj, timestep:49, reward:-0.2148541944837703
==================================================

coord:(25.0110000348172, 7.091554966084926, 46.00895668709945)->(25.0110000348172, 8.027736868461885, 45.90895668709945)
state:field-2.0, action:Asj, timestep:50, reward:-0.15396133067774898
==================================================

coord:(25.0110000348172, 8.027736868461885, 45.90895668709945)->(25.0110000348172, 7.774706331468539, 47.03562331244026)
state:field-2.0, action:D, timestep:51, reward:-1.0026596243096826
==================================================

coord:(25.0110000348172, 7.774706331468539, 47.03562331244026)->(25.0110000348172, 6.1833128807551425, 47.03562331244026)
state:air-7.0, action:Wait, timestep:52, reward:0.37739424381642195
==================================================

coord:(25.0110000348172, 6.1833128807551425, 47.03562331244026)->(22.988674749412713, 6.486949644475652, 45.01329802703589)
state:field-2.0, action:SAj, timestep:53, reward:1.4955419602051983
==================================================

coord:(22.988674749412713, 6.486949644475652, 45.01329802703589)->(22.988674749412713, 0.0, 45.01329802703589)
state:air-7.0, action:Wait, timestep:54, reward:0.7304943172239078
==================================================

coord:(22.988674749412713, 0.0, 45.01329802703589)->(22.988674749412713, 0.0, 41.71996481450121)
state:field-2.0, action:Aj, timestep:55, reward:3.1887605722587935
==================================================

coord:(22.988674749412713, 0.0, 41.71996481450121)->(20.659936541977242, 0.0, 44.04870302193655)
state:field-2.0, action:SDj, timestep:56, reward:-2.9171005079052215
==================================================

coord:(20.659936541977242, 0.0, 44.04870302193655)->(23.059936541977276, 0.0, 44.04870302193655)
state:field-2.0, action:Ws, timestep:57, reward:0.6823218569830019
==================================================

coord:(23.059936541977276, 0.0, 44.04870302193655)->(23.059936541977276, 6.557373203102033, 44.04870302193655)
state:air-7.0, action:Wait, timestep:58, reward:-0.7749471756014721
==================================================

coord:(23.059936541977276, 6.557373203102033, 44.04870302193655)->(23.059936541977276, 5.287619962917251, 47.08203624400796)
state:field-2.0, action:D, timestep:59, reward:-2.6216684201150677
==================================================

coord:(23.059936541977276, 5.287619962917251, 47.08203624400796)->(23.059936541977276, 4.520379902327848, 47.08203624400796)
state:air-7.0, action:Wait, timestep:60, reward:0.12553278976240279
==================================================

coord:(23.059936541977276, 4.520379902327848, 47.08203624400796)->(22.989225867055605, 4.520379902327848, 47.01132556908629)
state:field-2.0, action:SAs, timestep:61, reward:0.05317976763657484
==================================================

coord:(22.989225867055605, 4.520379902327848, 47.01132556908629)->(22.989225867055605, 0.0, 47.01132556908629)
state:air-7.0, action:Wait, timestep:62, reward:0.3175175038644511
==================================================

coord:(22.989225867055605, 0.0, 47.01132556908629)->(23.059936541977276, 0.0, 46.94061489416462)
state:field-2.0, action:WAs, timestep:63, reward:0.08432371375282699
==================================================

coord:(23.059936541977276, 0.0, 46.94061489416462)->(23.059936541977276, 5.184360417004906, 46.94061489416462)
state:air-7.0, action:Wait, timestep:64, reward:-0.4264549754405422
==================================================

coord:(23.059936541977276, 5.184360417004906, 46.94061489416462)->(25.020979242975567, 6.908826441871399, 44.97957219316644)
state:field-2.0, action:WA, timestep:65, reward:1.8735455288756135
==================================================

coord:(25.020979242975567, 6.908826441871399, 44.97957219316644)->(25.020979242975567, 8.969664290777729, 44.97957219316644)
state:air-7.0, action:Wait, timestep:66, reward:-0.5950314387709703
==================================================

coord:(25.020979242975567, 8.969664290777729, 44.97957219316644)->(25.020979242975567, 9.520642073451036, 46.079572193166456)
state:field-2.0, action:Dsj, timestep:67, reward:-1.2072813126259163
==================================================

coord:(25.020979242975567, 9.520642073451036, 46.079572193166456)->(25.020979242975567, 7.091554966084926, 46.079572193166456)
state:air-6.0, action:Wait, timestep:68, reward:0.7043557467432109
==================================================

coord:(25.020979242975567, 7.091554966084926, 46.079572193166456)->(23.92097924297555, 6.969054966084926, 46.079572193166456)
state:field-1.0, action:Ss, timestep:69, reward:-0.15221949435904136
==================================================

coord:(23.92097924297555, 6.969054966084926, 46.079572193166456)->(23.92097924297555, 5.184360417004906, 46.079572193166456)
state:air-6.0, action:Wait, timestep:70, reward:0.37864717446590035
==================================================

coord:(23.92097924297555, 5.184360417004906, 46.079572193166456)->(23.92097924297555, 5.418988856070518, 49.026238751750114)
state:field-1.0, action:Dj, timestep:71, reward:-2.8938629525409105
==================================================

coord:(23.92097924297555, 5.418988856070518, 49.026238751750114)->(23.92097924297555, 3.304674186060923, 49.026238751750114)
state:air-6.0, action:Wait, timestep:72, reward:0.2881717147967251
==================================================

coord:(23.92097924297555, 3.304674186060923, 49.026238751750114)->(22.931029794072163, 3.89032683908715, 48.036289302846725)
state:field-1.0, action:SAs, timestep:73, reward:0.7107118170563638
==================================================

coord:(22.931029794072163, 3.89032683908715, 48.036289302846725)->(22.931029794072163, 0.0, 48.036289302846725)
state:air-6.0, action:Wait, timestep:74, reward:0.22154280384312486
==================================================

coord:(22.931029794072163, 0.0, 48.036289302846725)->(23.001740468993834, 0.0, 47.965578627925055)
state:field-1.0, action:WAs, timestep:75, reward:0.0840145635247147
==================================================

coord:(23.001740468993834, 0.0, 47.965578627925055)->(23.001740468993834, 4.520379902327848, 47.965578627925055)
state:air-6.0, action:Wait, timestep:76, reward:-0.3073116433122287
==================================================

coord:(23.001740468993834, 4.520379902327848, 47.965578627925055)->(22.940457884587637, 4.520379902327848, 47.90429604351886)
state:field-1.0, action:SA, timestep:77, reward:0.046472603976930316
==================================================

coord:(22.940457884587637, 4.520379902327848, 47.90429604351886)->(22.940457884587637, 0.0, 47.90429604351886)
state:air-6.0, action:Wait, timestep:78, reward:0.3078114801719032
==================================================

coord:(22.940457884587637, 0.0, 47.90429604351886)->(18.14045788458757, 0.0, 47.90429604351886)
state:field-1.0, action:Ssj, timestep:79, reward:-1.3882145963572405
==================================================

coord:(18.14045788458757, 0.0, 47.90429604351886)->(18.14045788458757, 0.0, 44.610962830984185)
state:field-1.0, action:Aj, timestep:80, reward:3.0424033369755676
==================================================

coord:(18.14045788458757, 0.0, 44.610962830984185)->(21.817412948959365, 0.0, 48.28791789535577)
state:field-1.0, action:WD, timestep:81, reward:-2.2850513078446326
==================================================

coord:(21.817412948959365, 0.0, 48.28791789535577)->(18.524079736424824, 0.0, 48.28791789535577)
state:field-1.0, action:Sj, timestep:82, reward:-0.9798037046779875
==================================================

coord:(18.524079736424824, 0.0, 48.28791789535577)->(18.524079736424824, 0.0, 43.08791808609049)
state:field-1.0, action:A, timestep:83, reward:4.811664894839218
==================================================

coord:(18.524079736424824, 0.0, 43.08791808609049)->(18.524079736424824, 0.0, 43.08791808609049)
state:field-1.0, action:Wait, timestep:84, reward:3.13540390095568e-07
==================================================

coord:(18.524079736424824, 0.0, 43.08791808609049)->(22.20103480079662, 0.0, 39.410963021718906)
state:field-1.0, action:WA, timestep:85, reward:4.785770598562269
==================================================

coord:(22.20103480079662, 0.0, 39.410963021718906)->(23.058990982483373, 0.740689440732001, 38.553006840032204)
state:field-1.0, action:WAj, timestep:86, reward:1.0836311462361259
==================================================

coord:(23.058990982483373, 0.740689440732001, 38.553006840032204)->(23.058990982483373, 9.700357959691633, 38.553006840032204)
state:air-6.0, action:Wait, timestep:87, reward:-2.142319168878487
==================================================

coord:(23.058990982483373, 9.700357959691633, 38.553006840032204)->(24.039512332982518, 11.052835687926466, 39.53352819053129)
state:field-1.0, action:WDj, timestep:88, reward:-1.2120556203256392
==================================================

coord:(24.039512332982518, 11.052835687926466, 39.53352819053129)->(24.039512332982518, 11.645230657648455, 35.37352834311907)
state:field-1.0, action:A, timestep:89, reward:3.103271854157285
==================================================

coord:(24.039512332982518, 11.645230657648455, 35.37352834311907)->(23.97822974857632, 11.728040655189565, 35.43481092752526)
state:field-1.0, action:SDj, timestep:90, reward:-0.11076831347424232
==================================================

coord:(23.97822974857632, 11.728040655189565, 35.43481092752526)->(23.97822974857632, 9.892149101304343, 35.43481092752526)
state:air-6.0, action:Wait, timestep:91, reward:0.9967158110045204
==================================================

coord:(23.97822974857632, 9.892149101304343, 35.43481092752526)->(23.97822974857632, 8.457996674488252, 31.10147775313757)
state:field-1.0, action:Aj, timestep:92, reward:4.190565692575014
==================================================

coord:(23.97822974857632, 8.457996674488252, 31.10147775313757)->(24.048940423497992, 9.956918478215421, 31.0307670782159)
state:field-1.0, action:WAsj, timestep:93, reward:-0.8103678824501586
==================================================

coord:(24.048940423497992, 9.956918478215421, 31.0307670782159)->(25.03888987240138, 10.76803660460999, 30.04081762931251)
state:field-1.0, action:WAsj, timestep:94, reward:0.4382161859916227
==================================================

coord:(25.03888987240138, 10.76803660460999, 30.04081762931251)->(24.977607287995184, 10.8508466021511, 29.979535044906314)
state:field-1.0, action:SAj, timestep:95, reward:-0.03329282570813419
==================================================

coord:(24.977607287995184, 10.8508466021511, 29.979535044906314)->(24.977607287995184, 8.513375861448784, 29.979535044906314)
state:air-6.0, action:Wait, timestep:96, reward:1.532798822246459
==================================================

coord:(24.977607287995184, 8.513375861448784, 29.979535044906314)->(24.977607287995184, 9.956918478215421, 32.05953496861234)
state:field-1.0, action:D, timestep:97, reward:-2.428339624093095
==================================================

coord:(24.977607287995184, 9.956918478215421, 32.05953496861234)->(24.977607287995184, 10.559263565285978, 32.05953496861234)
state:air-6.0, action:Wait, timestep:98, reward:-0.3712789139285988
==================================================

coord:(24.977607287995184, 10.559263565285978, 32.05953496861234)->(24.977607287995184, 10.559263565285978, 32.05953496861234)
state:field-1.0, action:j, timestep:99, reward:8.025631004215938e-07
==================================================

coord:(24.977607287995184, 10.559263565285978, 32.05953496861234)->(25.048317962916855, 12.26937601343067, 32.13024564353401)
state:field-1.0, action:WDsj, timestep:100, reward:-1.1572779866341243
==================================================

coord:(25.048317962916855, 12.26937601343067, 32.13024564353401)->(26.038267411820243, 13.268873328369823, 31.140296194630622)
state:field-1.0, action:WAs, timestep:101, reward:0.14252648431743964
==================================================

coord:(26.038267411820243, 13.268873328369823, 31.140296194630622)->(26.957506177913192, 14.071575557758527, 32.05953496072357)
state:field-1.0, action:WDj, timestep:102, reward:-1.0676619658180542
==================================================

coord:(26.957506177913192, 14.071575557758527, 32.05953496072357)->(27.01878876231939, 14.154385555299637, 32.12081754512976)
state:field-1.0, action:WDj, timestep:103, reward:-0.0953841189336444
==================================================

coord:(27.01878876231939, 14.154385555299637, 32.12081754512976)->(27.01878876231939, 15.929215305050263, 32.12081754512976)
state:air-6.0, action:Wait, timestep:104, reward:-1.3628101996238229
==================================================

coord:(27.01878876231939, 15.929215305050263, 32.12081754512976)->(28.06059269722473, 16.673795318751065, 33.16262148003504)
state:field-1.0, action:WD, timestep:105, reward:-1.1520826625062526
==================================================

coord:(28.06059269722473, 16.673795318751065, 33.16262148003504)->(28.06059269722473, 18.63020038062031, 33.16262148003504)
state:air-6.0, action:Wait, timestep:106, reward:-1.5564986844620066
==================================================

coord:(28.06059269722473, 18.63020038062031, 33.16262148003504)->(29.05054214612812, 19.628716716337465, 32.172672031131654)
state:field-1.0, action:WAs, timestep:107, reward:-0.25609995432150967
==================================================

coord:(29.05054214612812, 19.628716716337465, 32.172672031131654)->(32.2325225176033, 19.80021673636463, 28.990691659656477)
state:field-1.0, action:WAsj, timestep:108, reward:1.1277048978758444
==================================================

coord:(32.2325225176033, 19.80021673636463, 28.990691659656477)->(32.2325225176033, 17.79825572798018, 28.990691659656477)
state:air-5.0, action:Wait, timestep:109, reward:1.778203886975568
==================================================

coord:(32.2325225176033, 17.79825572798018, 28.990691659656477)->(32.2325225176033, 17.79825572798018, 28.990691659656477)
state:field-0.0, action:j, timestep:110, reward:-7.72578303553928e-08
==================================================

coord:(32.2325225176033, 17.79825572798018, 28.990691659656477)->(32.2325225176033, 17.79825572798018, 29.09069165965648)
state:field-0.0, action:Ds, timestep:111, reward:-0.045306015386884724
==================================================

coord:(32.2325225176033, 17.79825572798018, 29.09069165965648)->(32.2325225176033, 19.628716716337465, 29.09069165965648)
state:air-5.0, action:Wait, timestep:112, reward:-1.6209290616083756
==================================================

coord:(32.2325225176033, 19.628716716337465, 29.09069165965648)->(32.2325225176033, 19.628716716337465, 29.09069165965648)
state:field-0.0, action:Wait, timestep:113, reward:6.564092025485024e-07
==================================================

coord:(32.2325225176033, 19.628716716337465, 29.09069165965648)->(32.2325225176033, 19.628716716337465, 29.09069165965648)
state:field-0.0, action:Wait, timestep:114, reward:6.564092025485024e-07
==================================================

coord:(32.2325225176033, 19.628716716337465, 29.09069165965648)->(35.202370864313465, 20.0, 32.060540006366644)
state:field-0.0, action:WDsj, timestep:115, reward:-2.3142352427814217
==================================================

coord:(35.202370864313465, 20.0, 32.060540006366644)->(32.87363265687813, 20.0, 34.38927821380198)
state:field-0.0, action:SDj, timestep:116, reward:-0.7844196378857831
==================================================

coord:(32.87363265687813, 20.0, 34.38927821380198)->(36.166965869412806, 20.0, 34.38927821380198)
state:field-0.0, action:Wj, timestep:117, reward:-0.7254735676965431
==================================================

coord:(36.166965869412806, 20.0, 34.38927821380198)->(33.83822766197747, 20.0, 32.060540006366644)
state:field-0.0, action:SAj, timestep:118, reward:1.8269123375409002
==================================================

coord:(33.83822766197747, 20.0, 32.060540006366644)->(37.13156087451215, 20.0, 32.060540006366644)
state:field-0.0, action:Wj, timestep:119, reward:-0.8883993922387319
==================================================

coord:(37.13156087451215, 20.0, 32.060540006366644)->(37.13156087451215, 19.74696946300665, 27.987206822442342)
state:field-0.0, action:A, timestep:120, reward:1.9473141782427454
==================================================

coord:(37.13156087451215, 19.74696946300665, 27.987206822442342)->(37.13156087451215, 17.567454896427755, 27.987206822442342)
state:air-5.0, action:Wait, timestep:121, reward:1.8508200891476072
==================================================

coord:(37.13156087451215, 17.567454896427755, 27.987206822442342)->(37.13156087451215, 17.567454896427755, 26.94720686058933)
state:field-0.0, action:A, timestep:122, reward:0.3788905872609831
==================================================

coord:(37.13156087451215, 17.567454896427755, 26.94720686058933)->(37.13156087451215, 15.518766254243811, 26.94720686058933)
state:air-5.0, action:Wait, timestep:123, reward:1.710194564318062
==================================================

coord:(37.13156087451215, 15.518766254243811, 26.94720686058933)->(34.131560874512104, 15.217885033606958, 26.94720686058933)
state:field-0.0, action:Ss, timestep:124, reward:1.3634897499461083
==================================================

coord:(34.131560874512104, 15.217885033606958, 26.94720686058933)->(34.131560874512104, 15.217885033606958, 26.94720686058933)
state:field-0.0, action:Wait, timestep:125, reward:5.989451317134353e-07
==================================================

coord:(34.131560874512104, 15.217885033606958, 26.94720686058933)->(31.96489428731824, 14.053944563437566, 26.94720686058933)
state:field-0.0, action:S, timestep:126, reward:1.5462375290445003
==================================================

coord:(31.96489428731824, 14.053944563437566, 26.94720686058933)->(31.96489428731824, 13.268873328369823, 26.94720686058933)
state:air-5.0, action:Wait, timestep:127, reward:0.6833057499375368
==================================================

coord:(31.96489428731824, 13.268873328369823, 26.94720686058933)->(31.96489428731824, 12.965236683977805, 24.953873600371054)
state:field-0.0, action:A, timestep:128, reward:1.089394037998714
==================================================

coord:(31.96489428731824, 12.965236683977805, 24.953873600371054)->(31.96489428731824, 9.956918478215421, 24.953873600371054)
state:air-5.0, action:Wait, timestep:129, reward:2.667659766915081
==================================================

coord:(31.96489428731824, 9.956918478215421, 24.953873600371054)->(30.861807768006702, 11.564878318850774, 26.056960119682593)
state:field-0.0, action:SD, timestep:130, reward:-1.673623107658166
==================================================

coord:(30.861807768006702, 11.564878318850774, 26.056960119682593)->(30.861807768006702, 12.349710411076664, 26.056960119682593)
state:air-5.0, action:Wait, timestep:131, reward:-0.6894048974721105
==================================================

coord:(30.861807768006702, 12.349710411076664, 26.056960119682593)->(28.95514117127618, 12.046073766684646, 26.056960119682593)
state:field-0.0, action:S, timestep:132, reward:0.39843595973307266
==================================================

coord:(28.95514117127618, 12.046073766684646, 26.056960119682593)->(28.95514117127618, 10.28718238460078, 26.056960119682593)
state:air-5.0, action:Wait, timestep:133, reward:1.5352514446338574
==================================================

coord:(28.95514117127618, 10.28718238460078, 26.056960119682593)->(30.081807796616943, 11.345167297443975, 26.056960119682593)
state:field-0.0, action:W, timestep:134, reward:-0.9627579666273558
==================================================

coord:(30.081807796616943, 11.345167297443975, 26.056960119682593)->(30.081807796616943, 12.349710411076664, 26.056960119682593)
state:air-5.0, action:Wait, timestep:135, reward:-0.8863140682053938
==================================================

coord:(30.081807796616943, 12.349710411076664, 26.056960119682593)->(29.101286446117797, 12.842883997674194, 27.03748147018174)
state:field-0.0, action:SD, timestep:136, reward:-0.8530431965866221
==================================================

coord:(29.101286446117797, 12.842883997674194, 27.03748147018174)->(29.101286446117797, 12.589853460680846, 25.997481508328725)
state:field-0.0, action:A, timestep:137, reward:0.7072334763964836
==================================================

coord:(29.101286446117797, 12.589853460680846, 25.997481508328725)->(29.101286446117797, 9.892149101304343, 25.997481508328725)
state:air-5.0, action:Wait, timestep:138, reward:2.3620427734781035
==================================================

coord:(29.101286446117797, 9.892149101304343, 25.997481508328725)->(27.974619820777033, 9.639118564310994, 25.997481508328725)
state:field-0.0, action:S, timestep:139, reward:0.16687257360350216
==================================================

coord:(27.974619820777033, 9.639118564310994, 25.997481508328725)->(27.974619820777033, 8.027736868461885, 25.997481508328725)
state:air-5.0, action:Wait, timestep:140, reward:1.3104387935710289
==================================================

coord:(27.974619820777033, 8.027736868461885, 25.997481508328725)->(26.93281588587169, 9.206899012526016, 27.039285443234068)
state:field-0.0, action:SD, timestep:141, reward:-1.703863177663493
==================================================

coord:(26.93281588587169, 9.206899012526016, 27.039285443234068)->(25.278186106904382, 8.969664290777729, 28.693915222201376)
state:field-0.0, action:SD, timestep:142, reward:-1.290723896881934
==================================================

coord:(25.278186106904382, 8.969664290777729, 28.693915222201376)->(25.278186106904382, 8.969664290777729, 28.693915222201376)
state:field-0.0, action:Wait, timestep:143, reward:-9.622275420895221e-08
==================================================

coord:(25.278186106904382, 8.969664290777729, 28.693915222201376)->(23.978186154588116, 8.71663375378438, 28.693915222201376)
state:field-0.0, action:S, timestep:144, reward:-0.2717940105980272
==================================================

coord:(23.978186154588116, 8.71663375378438, 28.693915222201376)->(23.978186154588116, 6.557373203102033, 28.693915222201376)
state:air-5.0, action:Wait, timestep:145, reward:1.2702875937857812
==================================================

coord:(23.978186154588116, 6.557373203102033, 28.693915222201376)->(22.938186192735103, 6.557373203102033, 28.693915222201376)
state:field-0.0, action:S, timestep:146, reward:-0.47764588364530347
==================================================

coord:(22.938186192735103, 6.557373203102033, 28.693915222201376)->(22.938186192735103, 2.457807391178343, 28.693915222201376)
state:air-5.0, action:Wait, timestep:147, reward:1.490296510236778
==================================================

coord:(22.938186192735103, 2.457807391178343, 28.693915222201376)->(22.938186192735103, 3.6532406959880954, 25.92058199059334)
state:field-0.0, action:A, timestep:148, reward:1.7040776027586606
==================================================

coord:(22.938186192735103, 3.6532406959880954, 25.92058199059334)->(22.938186192735103, 4.291471953364964, 25.92058199059334)
state:air-5.0, action:Wait, timestep:149, reward:-0.25336726435506307
==================================================

coord:(22.938186192735103, 4.291471953364964, 25.92058199059334)->(25.01818611644113, 5.321479294713132, 25.92058199059334)
state:field-0.0, action:W, timestep:150, reward:0.6423727346189381
==================================================

coord:(25.01818611644113, 5.321479294713132, 25.92058199059334)->(25.01818611644113, 6.1833128807551425, 25.92058199059334)
state:air-5.0, action:Wait, timestep:151, reward:-0.5225970784303211
==================================================

coord:(25.01818611644113, 6.1833128807551425, 25.92058199059334)->(25.01818611644113, 6.1833128807551425, 25.92058199059334)
state:field-0.0, action:Wait, timestep:152, reward:2.3449692498900276e-07
==================================================

coord:(25.01818611644113, 6.1833128807551425, 25.92058199059334)->(26.05999005134647, 7.091554966084926, 26.962385925498683)
state:field-0.0, action:WD, timestep:153, reward:-0.912939058515283
==================================================

coord:(26.05999005134647, 7.091554966084926, 26.962385925498683)->(26.05999005134647, 8.133205096822149, 26.962385925498683)
state:air-5.0, action:Wait, timestep:154, reward:-0.7235837894593171
==================================================

coord:(26.05999005134647, 8.133205096822149, 26.962385925498683)->(26.05999005134647, 8.133205096822149, 26.962385925498683)
state:field-0.0, action:Wait, timestep:155, reward:3.856505461641291e-07
==================================================

coord:(26.05999005134647, 8.133205096822149, 26.962385925498683)->(25.079468700847325, 7.650146798925761, 25.981864574999538)
state:field-0.0, action:SA, timestep:156, reward:0.6290965465858314
==================================================

coord:(25.079468700847325, 7.650146798925761, 25.981864574999538)->(25.079468700847325, 6.1833128807551425, 25.981864574999538)
state:air-5.0, action:Wait, timestep:157, reward:0.9941774539328172
==================================================

coord:(25.079468700847325, 6.1833128807551425, 25.981864574999538)->(24.037664765941983, 6.908826441871399, 27.02366850990488)
state:field-0.0, action:SD, timestep:158, reward:-1.5849945647028978
==================================================

coord:(24.037664765941983, 6.908826441871399, 27.02366850990488)->(23.057143415442837, 6.557373203102033, 28.004189860404026)
state:field-0.0, action:SD, timestep:159, reward:-0.9247890883972154
==================================================

coord:(23.057143415442837, 6.557373203102033, 28.004189860404026)->(24.09894735034818, 7.719467496535955, 29.045993795309368)
state:field-0.0, action:WD, timestep:160, reward:-0.9140398259984845
==================================================

coord:(24.09894735034818, 7.719467496535955, 29.045993795309368)->(24.09894735034818, 8.513375861448784, 29.045993795309368)
state:air-5.0, action:Wait, timestep:161, reward:-0.47992830498280625
==================================================

coord:(24.09894735034818, 8.513375861448784, 29.045993795309368)->(23.976382181535786, 8.513375861448784, 28.923428626496975)
state:field-0.0, action:SA, timestep:162, reward:0.037511202611431926
==================================================

coord:(23.976382181535786, 8.513375861448784, 28.923428626496975)->(23.976382181535786, 6.557373203102033, 28.923428626496975)
state:air-5.0, action:Wait, timestep:163, reward:1.1258836908500793
==================================================

coord:(23.976382181535786, 6.557373203102033, 28.923428626496975)->(23.976382181535786, 6.557373203102033, 28.923428626496975)
state:field-0.0, action:Wait, timestep:164, reward:-3.652412292609597e-07
==================================================

coord:(23.976382181535786, 6.557373203102033, 28.923428626496975)->(22.99586083103664, 6.557373203102033, 27.94290727599783)
state:field-0.0, action:SA, timestep:165, reward:0.24099347363138257
==================================================

coord:(22.99586083103664, 6.557373203102033, 27.94290727599783)->(22.99586083103664, 3.0338362951707407, 27.94290727599783)
state:air-5.0, action:Wait, timestep:166, reward:1.4330928203928686
==================================================

coord:(22.99586083103664, 3.0338362951707407, 27.94290727599783)->(21.03481813003835, 3.2276580973492344, 25.981864574999538)
state:field-0.0, action:SA, timestep:167, reward:-0.05711996087001481
==================================================

coord:(21.03481813003835, 3.2276580973492344, 25.981864574999538)->(24.068151352109638, 4.520379902327848, 25.981864574999538)
state:field-0.0, action:W, timestep:168, reward:1.5565155059755398
==================================================

coord:(24.068151352109638, 4.520379902327848, 25.981864574999538)->(24.068151352109638, 5.321479294713132, 25.981864574999538)
state:air-5.0, action:Wait, timestep:169, reward:-0.4095156107721003
==================================================

coord:(24.068151352109638, 5.321479294713132, 25.981864574999538)->(26.02919405310793, 6.103130093383256, 24.020821874001246)
state:field-0.0, action:WA, timestep:170, reward:1.578483043969828
==================================================

coord:(26.02919405310793, 6.103130093383256, 24.020821874001246)->(24.987390118202587, 5.55106346721596, 22.979017939095904)
state:field-0.0, action:SA, timestep:171, reward:0.4103108539070375
==================================================

coord:(24.987390118202587, 5.55106346721596, 22.979017939095904)->(24.987390118202587, 3.261820461414544, 22.979017939095904)
state:air-5.0, action:Wait, timestep:172, reward:1.4386712714295582
==================================================

coord:(24.987390118202587, 3.261820461414544, 22.979017939095904)->(28.020723340273875, 4.920631073847381, 22.979017939095904)
state:field-0.0, action:W, timestep:173, reward:0.22670857030475045
==================================================

coord:(28.020723340273875, 4.920631073847381, 22.979017939095904)->(28.020723340273875, 5.4979889792571965, 22.979017939095904)
state:air-5.0, action:Wait, timestep:174, reward:-0.4862435965128755
==================================================

coord:(28.020723340273875, 5.4979889792571965, 22.979017939095904)->(25.507390099129093, 3.790084552957467, 22.979017939095904)
state:field-0.0, action:S, timestep:175, reward:0.3027410182651984
==================================================

coord:(25.507390099129093, 3.790084552957467, 22.979017939095904)->(24.46558616422375, 4.57976855290593, 24.020821874001246)
state:field-0.0, action:SD, timestep:176, reward:-1.6527440307636523
==================================================

coord:(24.46558616422375, 4.57976855290593, 24.020821874001246)->(24.46558616422375, 4.57976855290593, 24.020821874001246)
state:field-0.0, action:Wait, timestep:177, reward:-2.143879198612808e-07
==================================================

coord:(24.46558616422375, 4.57976855290593, 24.020821874001246)->(27.065586068856284, 6.103130093383256, 24.020821874001246)
state:field-0.0, action:W, timestep:178, reward:0.10011182638302518
==================================================

coord:(27.065586068856284, 6.103130093383256, 24.020821874001246)->(27.065586068856284, 6.908826441871399, 24.020821874001246)
state:air-5.0, action:Wait, timestep:179, reward:-0.6536707313310623
==================================================

coord:(27.065586068856284, 6.908826441871399, 24.020821874001246)->(30.01225262743982, 8.513375861448784, 24.020821874001246)
state:field-0.0, action:W, timestep:180, reward:-1.226221820870867
==================================================

coord:(30.01225262743982, 8.513375861448784, 24.020821874001246)->(30.01225262743982, 9.267181677720165, 24.020821874001246)
state:air-5.0, action:Wait, timestep:181, reward:-0.6786859350880565
==================================================

coord:(30.01225262743982, 9.267181677720165, 24.020821874001246)->(33.045585849511156, 10.559263565285978, 24.020821874001246)
state:field-0.0, action:W, timestep:182, reward:-1.8590409930983185
==================================================

coord:(33.045585849511156, 10.559263565285978, 24.020821874001246)->(33.045585849511156, 11.052835687926466, 24.020821874001246)
state:air-5.0, action:Wait, timestep:183, reward:-0.4336978067851369
==================================================

coord:(33.045585849511156, 11.052835687926466, 24.020821874001246)->(33.045585849511156, 11.052835687926466, 24.020821874001246)
state:field-0.0, action:Wait, timestep:184, reward:-1.0628464863771114e-07
==================================================

coord:(33.045585849511156, 11.052835687926466, 24.020821874001246)->(34.08738978441644, 10.500769061759163, 22.979017939095904)
state:field-0.0, action:WA, timestep:185, reward:0.3900538546009482
==================================================

coord:(34.08738978441644, 10.500769061759163, 22.979017939095904)->(34.08738978441644, 8.133205096822149, 22.979017939095904)
state:air-5.0, action:Wait, timestep:186, reward:1.9776584190600648
==================================================

coord:(34.08738978441644, 8.133205096822149, 22.979017939095904)->(33.16815101832354, 9.38893370440675, 23.898256705188853)
state:field-0.0, action:SD, timestep:187, reward:-0.9280452307158225
==================================================

coord:(33.16815101832354, 9.38893370440675, 23.898256705188853)->(33.16815101832354, 9.135903167413401, 21.99159010845833)
state:field-0.0, action:A, timestep:188, reward:0.7617220404527565
==================================================

coord:(33.16815101832354, 9.135903167413401, 21.99159010845833)->(33.16815101832354, 6.514717739218547, 21.99159010845833)
state:air-5.0, action:Wait, timestep:189, reward:2.2266233171387224
==================================================

coord:(33.16815101832354, 6.514717739218547, 21.99159010845833)->(31.434817748568474, 5.868766646810801, 21.99159010845833)
state:field-0.0, action:S, timestep:190, reward:1.3481334858733662
==================================================

coord:(31.434817748568474, 5.868766646810801, 21.99159010845833)->(29.964035722819755, 5.3167000206435056, 20.52080808270961)
state:field-0.0, action:SA, timestep:191, reward:1.2613598874697347
==================================================

coord:(29.964035722819755, 5.3167000206435056, 20.52080808270961)->(29.964035722819755, 4.098835326421953, 20.52080808270961)
state:air-5.0, action:Wait, timestep:192, reward:1.1811815919466935
==================================================

coord:(29.964035722819755, 4.098835326421953, 20.52080808270961)->(31.005839657725097, 5.462224769554208, 21.562612017614953)
state:field-0.0, action:WD, timestep:193, reward:-1.8010815109297766
==================================================

coord:(31.005839657725097, 5.462224769554208, 21.562612017614953)->(31.005839657725097, 5.868766646810801, 21.562612017614953)
state:air-5.0, action:Wait, timestep:194, reward:-0.36727288918566714
==================================================

coord:(31.005839657725097, 5.868766646810801, 21.562612017614953)->(31.005839657725097, 5.868766646810801, 21.562612017614953)
state:field-0.0, action:Wait, timestep:195, reward:-3.53343487802249e-08
==================================================

coord:(31.005839657725097, 5.868766646810801, 21.562612017614953)->(31.005839657725097, 7.091554966084926, 23.03594529690672)
state:field-0.0, action:D, timestep:196, reward:-1.5832626335489888
==================================================

coord:(31.005839657725097, 7.091554966084926, 23.03594529690672)->(31.005839657725097, 8.457996674488252, 23.03594529690672)
state:air-5.0, action:Wait, timestep:197, reward:-1.2276365291236004
==================================================

coord:(31.005839657725097, 8.457996674488252, 23.03594529690672)->(31.005839657725097, 9.956918478215421, 25.029278557124996)
state:field-0.0, action:D, timestep:198, reward:-2.1387792701363466
==================================================

coord:(31.005839657725097, 9.956918478215421, 25.029278557124996)->(31.005839657725097, 11.569478874068835, 25.029278557124996)
state:air-5.0, action:Wait, timestep:199, reward:-1.4313015153019677
==================================================

coord:(31.005839657725097, 11.569478874068835, 25.029278557124996)->(32.047643592630436, 11.017412247901532, 23.987474622219654)
state:field-0.0, action:WA, timestep:200, reward:0.6684340533564797
==================================================

coord:(32.047643592630436, 11.017412247901532, 23.987474622219654)->(32.047643592630436, 8.969664290777729, 23.987474622219654)
state:air-5.0, action:Wait, timestep:201, reward:1.8165632333017125
==================================================

coord:(32.047643592630436, 8.969664290777729, 23.987474622219654)->(29.96764366892441, 7.805723820608337, 23.987474622219654)
state:field-0.0, action:S, timestep:202, reward:1.4635309627456774
==================================================

coord:(29.96764366892441, 7.805723820608337, 23.987474622219654)->(29.96764366892441, 7.231766021017783, 23.987474622219654)
state:air-5.0, action:Wait, timestep:203, reward:0.4988222263071389
==================================================

coord:(29.96764366892441, 7.231766021017783, 23.987474622219654)->(29.96764366892441, 8.513375861448784, 25.027474584072667)
state:field-0.0, action:D, timestep:204, reward:-1.6232952080434266
==================================================

coord:(29.96764366892441, 8.513375861448784, 25.027474584072667)->(29.96764366892441, 9.892149101304343, 25.027474584072667)
state:air-5.0, action:Wait, timestep:205, reward:-1.1943837869009837
==================================================

coord:(29.96764366892441, 9.892149101304343, 25.027474584072667)->(30.948165019423556, 10.76803660460999, 26.007995934571813)
state:field-0.0, action:WD, timestep:206, reward:-1.353019269230023
==================================================

coord:(30.948165019423556, 10.76803660460999, 26.007995934571813)->(30.948165019423556, 12.349710411076664, 26.007995934571813)
state:air-5.0, action:Wait, timestep:207, reward:-1.378670809363845
==================================================

coord:(30.948165019423556, 12.349710411076664, 26.007995934571813)->(28.95483175920528, 12.046073766684646, 26.007995934571813)
state:field-0.0, action:S, timestep:208, reward:0.4111929687533049
==================================================

coord:(28.95483175920528, 12.046073766684646, 26.007995934571813)->(28.95483175920528, 10.28718238460078, 26.007995934571813)
state:air-5.0, action:Wait, timestep:209, reward:1.5381993152260645
==================================================

coord:(28.95483175920528, 10.28718238460078, 26.007995934571813)->(29.996635694110623, 11.345167297443975, 27.049799869477155)
state:field-0.0, action:WD, timestep:210, reward:-1.486069848120291
==================================================

coord:(29.996635694110623, 11.345167297443975, 27.049799869477155)->(29.996635694110623, 12.842883997674194, 27.049799869477155)
state:air-5.0, action:Wait, timestep:211, reward:-1.2815330962461022
==================================================

coord:(29.996635694110623, 12.842883997674194, 27.049799869477155)->(29.996635694110623, 12.539247353282176, 25.92313324413639)
state:field-0.0, action:A, timestep:212, reward:0.7893033365377793
==================================================

coord:(29.996635694110623, 12.539247353282176, 25.92313324413639)->(29.996635694110623, 9.892149101304343, 25.92313324413639)
state:air-5.0, action:Wait, timestep:213, reward:2.3158587863759816
==================================================

coord:(29.996635694110623, 9.892149101304343, 25.92313324413639)->(32.754351992389424, 8.969664290777729, 23.165416945857544)
state:field-0.0, action:WA, timestep:214, reward:1.3537910443637546
==================================================

coord:(32.754351992389424, 8.969664290777729, 23.165416945857544)->(33.980003680513285, 8.343988781121453, 21.93976525773361)
state:field-0.0, action:WA, timestep:215, reward:0.3060646906037974
==================================================

coord:(33.980003680513285, 8.343988781121453, 21.93976525773361)->(33.980003680513285, 6.514717739218547, 21.93976525773361)
state:air-5.0, action:Wait, timestep:216, reward:1.460496174304831
==================================================

coord:(33.980003680513285, 6.514717739218547, 21.93976525773361)->(33.980003680513285, 7.872093357350055, 23.066431883074376)
state:field-0.0, action:D, timestep:217, reward:-1.3707858251333356
==================================================

coord:(33.980003680513285, 7.872093357350055, 23.066431883074376)->(33.980003680513285, 9.38893370440675, 23.066431883074376)
state:air-5.0, action:Wait, timestep:218, reward:-1.2400541298116945
==================================================

coord:(33.980003680513285, 9.38893370440675, 23.066431883074376)->(33.980003680513285, 9.38893370440675, 23.066431883074376)
state:field-0.0, action:Wait, timestep:219, reward:7.425047243714289e-10
==================================================

coord:(33.980003680513285, 9.38893370440675, 23.066431883074376)->(35.08309019982476, 9.14829133352433, 21.963345363762837)
state:field-0.0, action:WA, timestep:220, reward:-0.10782002681673042
==================================================

coord:(35.08309019982476, 9.14829133352433, 21.963345363762837)->(35.08309019982476, 6.863884788004712, 21.963345363762837)
state:air-5.0, action:Wait, timestep:221, reward:1.7530822931681787
==================================================

coord:(35.08309019982476, 6.863884788004712, 21.963345363762837)->(34.21642356494721, 6.730806294554188, 21.963345363762837)
state:field-0.0, action:S, timestep:222, reward:0.6522043370341883
==================================================

coord:(34.21642356494721, 6.730806294554188, 21.963345363762837)->(35.258227499852495, 8.294011192532395, 23.00514929866818)
state:field-0.0, action:WD, timestep:223, reward:-2.0777011057841452
==================================================

coord:(35.258227499852495, 8.294011192532395, 23.00514929866818)->(35.258227499852495, 9.892149101304343, 23.00514929866818)
state:air-5.0, action:Wait, timestep:224, reward:-1.2528057041185754
==================================================

coord:(35.258227499852495, 9.892149101304343, 23.00514929866818)->(34.131560874511685, 9.700357959691633, 23.00514929866818)
state:field-0.0, action:S, timestep:225, reward:0.7176045663195421
==================================================

coord:(34.131560874511685, 9.700357959691633, 23.00514929866818)->(34.131560874511685, 9.700357959691633, 23.00514929866818)
state:field-0.0, action:Wait, timestep:226, reward:-7.08264540350001e-08
==================================================

coord:(34.131560874511685, 9.700357959691633, 23.00514929866818)->(34.131560874511685, 9.700357959691633, 23.00514929866818)
state:field-0.0, action:Wait, timestep:227, reward:-7.08264540350001e-08
==================================================

coord:(34.131560874511685, 9.700357959691633, 23.00514929866818)->(33.947713121293106, 9.695757404473571, 22.82130154544959)
state:field-0.0, action:SA, timestep:228, reward:0.13621731525894454
==================================================

coord:(33.947713121293106, 9.695757404473571, 22.82130154544959)->(33.947713121293106, 7.872093357350055, 22.82130154544959)
state:air-5.0, action:Wait, timestep:229, reward:1.5119377625026225
==================================================

coord:(33.947713121293106, 7.872093357350055, 22.82130154544959)->(31.347713216660495, 7.091554966084926, 22.82130154544959)
state:field-0.0, action:S, timestep:230, reward:1.7555579076888117
==================================================

coord:(31.347713216660495, 7.091554966084926, 22.82130154544959)->(33.18619074884632, 6.9684928861392095, 20.98282401326369)
state:field-0.0, action:WA, timestep:231, reward:-0.21497992844976732
==================================================

coord:(33.18619074884632, 6.9684928861392095, 20.98282401326369)->(33.18619074884632, 5.321479294713132, 20.98282401326369)
state:air-5.0, action:Wait, timestep:232, reward:1.323241112840364
==================================================

coord:(33.18619074884632, 5.321479294713132, 20.98282401326369)->(34.227994683751604, 6.730806294554188, 22.024627948169034)
state:field-0.0, action:WD, timestep:233, reward:-1.9205144667339553
==================================================

coord:(34.227994683751604, 6.730806294554188, 22.024627948169034)->(34.227994683751604, 8.133205096822149, 22.024627948169034)
state:air-5.0, action:Wait, timestep:234, reward:-1.1009661927873093
==================================================

coord:(34.227994683751604, 8.133205096822149, 22.024627948169034)->(35.20851603425069, 8.294011192532395, 23.00514929866818)
state:field-0.0, action:WD, timestep:235, reward:-0.9259739550367811
==================================================

coord:(35.20851603425069, 8.294011192532395, 23.00514929866818)->(35.20851603425069, 9.892149101304343, 23.00514929866818)
state:air-5.0, action:Wait, timestep:236, reward:-1.2559166126542838
==================================================

coord:(35.20851603425069, 9.892149101304343, 23.00514929866818)->(37.54851594842007, 9.892149101304343, 23.00514929866818)
state:field-0.0, action:W, timestep:237, reward:-1.381147110967074
==================================================

coord:(37.54851594842007, 9.892149101304343, 23.00514929866818)->(36.506712013514786, 9.956918478215421, 24.04695323357352)
state:field-0.0, action:SD, timestep:238, reward:0.31196973055683763
==================================================

coord:(36.506712013514786, 9.956918478215421, 24.04695323357352)->(36.506712013514786, 11.72147843009481, 24.04695323357352)
state:air-5.0, action:Wait, timestep:239, reward:-1.3703064873595778
==================================================

coord:(36.506712013514786, 11.72147843009481, 24.04695323357352)->(35.5261906630157, 11.624866770515531, 25.027474584072667)
state:field-0.0, action:SD, timestep:240, reward:0.24985635351744584
==================================================

coord:(35.5261906630157, 11.624866770515531, 25.027474584072667)->(35.5261906630157, 13.531219560760134, 25.027474584072667)
state:air-5.0, action:Wait, timestep:241, reward:-1.5818022545826693
==================================================

coord:(35.5261906630157, 13.531219560760134, 25.027474584072667)->(36.506712013514786, 13.619815946724621, 26.007995934571813)
state:field-0.0, action:WD, timestep:242, reward:-0.8414720463299119
==================================================

coord:(36.506712013514786, 13.619815946724621, 26.007995934571813)->(36.506712013514786, 15.620376208807022, 26.007995934571813)
state:air-5.0, action:Wait, timestep:243, reward:-1.6598495344208075
==================================================

coord:(36.506712013514786, 15.620376208807022, 26.007995934571813)->(36.56799459792098, 15.620376208807022, 25.946713350165616)
state:field-0.0, action:WA, timestep:244, reward:-0.005286316139816449
==================================================

coord:(36.56799459792098, 15.620376208807022, 25.946713350165616)->(36.56799459792098, 13.619815946724621, 25.946713350165616)
state:air-5.0, action:Wait, timestep:245, reward:1.6593169159314343
==================================================

coord:(36.56799459792098, 13.619815946724621, 25.946713350165616)->(36.56799459792098, 13.619815946724621, 25.946713350165616)
state:field-0.0, action:Wait, timestep:246, reward:-1.0067012823355981e-07
==================================================

coord:(36.56799459792098, 13.619815946724621, 25.946713350165616)->(36.506712013514786, 13.619815946724621, 26.007995934571813)
state:field-0.0, action:SD, timestep:247, reward:0.005819900081220908
==================================================

coord:(36.506712013514786, 13.619815946724621, 26.007995934571813)->(36.506712013514786, 15.620376208807022, 26.007995934571813)
state:air-5.0, action:Wait, timestep:248, reward:-1.6598495344208075
==================================================

coord:(36.506712013514786, 15.620376208807022, 26.007995934571813)->(36.506712013514786, 15.620376208807022, 26.007995934571813)
state:field-0.0, action:Wait, timestep:249, reward:-3.675506903277892e-07
==================================================

coord:(36.506712013514786, 15.620376208807022, 26.007995934571813)->(36.506712013514786, 15.620376208807022, 25.921329271084062)
state:field-0.0, action:A, timestep:250, reward:0.028608900682694838
==================================================

coord:(36.506712013514786, 15.620376208807022, 25.921329271084062)->(36.506712013514786, 13.619815946724621, 25.921329271084062)
state:air-5.0, action:Wait, timestep:251, reward:1.66274743474726
==================================================

coord:(36.506712013514786, 13.619815946724621, 25.921329271084062)->(36.62927718232717, 13.619815946724621, 26.043894439896455)
state:field-0.0, action:WD, timestep:252, reward:-0.10101043871919302
==================================================

coord:(36.62927718232717, 13.619815946724621, 26.043894439896455)->(36.62927718232717, 15.620376208807022, 26.043894439896455)
state:air-5.0, action:Wait, timestep:253, reward:-1.6534928819877273
==================================================

coord:(36.62927718232717, 15.620376208807022, 26.043894439896455)->(36.690559766733365, 15.620376208807022, 25.98261185549026)
state:field-0.0, action:WA, timestep:254, reward:-0.005561065168798507
==================================================

coord:(36.690559766733365, 15.620376208807022, 25.98261185549026)->(36.690559766733365, 13.619815946724621, 25.98261185549026)
state:air-5.0, action:Wait, timestep:255, reward:1.652937245222109
==================================================

coord:(36.690559766733365, 13.619815946724621, 25.98261185549026)->(35.390559814417045, 13.531219560760134, 25.98261185549026)
state:field-0.0, action:S, timestep:256, reward:0.6383545878493369
==================================================

coord:(35.390559814417045, 13.531219560760134, 25.98261185549026)->(35.390559814417045, 13.531219560760134, 25.98261185549026)
state:death-0.0, action:SD, timestep:257, reward:-999999
==================================================

