coord:(69.0, 12.491906707447338, 54.0)->(69.0, 12.491906707447338, 54.0)
state:field, action:Wait, timestep:1, reward:-0.0
==================================================
coord:(69.0, 12.491906707447338, 54.0)->(74.20000000000039, 9.317523374114003, 54.0)
state:field, action:Wj, timestep:2, reward:-0.4572408887767381
==================================================
coord:(74.20000000000039, 9.317523374114003, 54.0)->(74.20000000000039, 9.317523374114003, 54.0)
state:air, action:j, timestep:3, reward:-0.0
==================================================
coord:(74.20000000000039, 9.317523374114003, 54.0)->(69.0, 5.417523374113998, 54.0)
state:parachute, action:S, timestep:4, reward:2.4209192499899927
==================================================
coord:(69.0, 5.417523374113998, 54.0)->(65.32304473782995, 1.5175233741139915, 50.323044737829946)
state:parachute, action:SA, timestep:5, reward:4.703249447042623
==================================================
coord:(65.32304473782995, 1.5175233741139915, 50.323044737829946)->(64.64893627309877, 0.0, 49.64893627309877)
state:parachute, action:SA, timestep:6, reward:0.7899703393707149
==================================================
coord:(64.64893627309877, 0.0, 49.64893627309877)->(68.32589153526882, 0.0, 45.971981010928715)
state:field, action:WA, timestep:7, reward:2.9208711836035235
==================================================
coord:(68.32589153526882, 0.0, 45.971981010928715)->(73.52589153526921, 0.0, 45.971981010928715)
state:field, action:W, timestep:8, reward:-1.947083492207053
==================================================
coord:(73.52589153526921, 0.0, 45.971981010928715)->(73.52589153526921, 0.0, 41.17198101092865)
state:field, action:Asj, timestep:9, reward:4.130104674039114
==================================================
coord:(73.52589153526921, 0.0, 41.17198101092865)->(73.52589153526921, 0.0, 35.17198101092856)
state:field, action:As, timestep:10, reward:4.6296972560522995
==================================================
coord:(73.52589153526921, 0.0, 35.17198101092856)->(73.52589153526921, 0.0, 29.171981010928477)
state:field, action:As, timestep:11, reward:3.418656715799157
==================================================
coord:(73.52589153526921, 0.0, 29.171981010928477)->(77.7685322223887, 0.0, 33.414621698047824)
state:field, action:WDs, timestep:12, reward:-5.732117253647113
==================================================
coord:(77.7685322223887, 0.0, 33.414621698047824)->(75.50107647738383, 0.0, 31.147165953042958)
state:field, action:SAj, timestep:13, reward:3.089071574046141
==================================================
coord:(75.50107647738383, 0.0, 31.147165953042958)->(75.50107647738383, 0.0, 25.947165953042997)
state:field, action:A, timestep:14, reward:1.6353925509398906
==================================================
coord:(75.50107647738383, 0.0, 25.947165953042997)->(75.50107647738383, 0.0, 21.14716595304293)
state:field, action:Asj, timestep:15, reward:-0.1584261370829232
==================================================
coord:(75.50107647738383, 0.0, 21.14716595304293)->(75.50107647738383, 0.0, 16.34716595304286)
state:field, action:Asj, timestep:16, reward:-1.7199865599908044
==================================================
coord:(75.50107647738383, 0.0, 16.34716595304286)->(72.29440981071693, 0.0, 16.34716595304286)
state:field, action:Sj, timestep:17, reward:2.691836044909378
==================================================
coord:(72.29440981071693, 0.0, 16.34716595304286)->(72.29440981071693, 0.0, 21.14716595304293)
state:field, action:Dsj, timestep:18, reward:2.1449498268034812
==================================================
coord:(72.29440981071693, 0.0, 21.14716595304293)->(72.29440981071693, 0.0, 24.35383261970957)
state:field, action:Dj, timestep:19, reward:0.38190484774581535
==================================================
coord:(72.29440981071693, 0.0, 24.35383261970957)->(72.29440981071693, 0.0, 30.353832619709657)
state:field, action:Ds, timestep:20, reward:-1.7968687924289366
==================================================
coord:(72.29440981071693, 0.0, 30.353832619709657)->(77.09440981071666, 0.0, 30.353832619709657)
state:field, action:Wsj, timestep:21, reward:-4.27983369115333
==================================================
coord:(77.09440981071666, 0.0, 30.353832619709657)->(77.09440981071666, 0.0, 25.55383261970959)
state:field, action:Asj, timestep:22, reward:1.2030158085172857
==================================================
coord:(77.09440981071666, 0.0, 25.55383261970959)->(72.85176912359717, 0.0, 21.31119193259031)
state:field, action:SAs, timestep:23, reward:3.9942568499263267
==================================================
coord:(72.85176912359717, 0.0, 21.31119193259031)->(76.24588167329276, 0.0, 24.705304482285733)
state:field, action:WDsj, timestep:24, reward:-3.0834118830605295
==================================================
coord:(76.24588167329276, 0.0, 24.705304482285733)->(73.97842592828789, 0.0, 22.437848737280866)
state:field, action:SAj, timestep:25, reward:2.18347112581303
==================================================
coord:(73.97842592828789, 0.0, 22.437848737280866)->(76.24588167329276, 0.0, 24.705304482285733)
state:field, action:WDj, timestep:26, reward:-2.18347112581303
==================================================
coord:(76.24588167329276, 0.0, 24.705304482285733)->(72.85176912359717, 0.0, 28.099417031981154)
state:field, action:SDsj, timestep:27, reward:2.663067080666009
==================================================
coord:(72.85176912359717, 0.0, 28.099417031981154)->(68.60912843647768, 0.0, 23.856776344861878)
state:field, action:SAs, timestep:28, reward:4.989583369041319
==================================================
coord:(68.60912843647768, 0.0, 23.856776344861878)->(73.80912843647806, 0.0, 23.856776344861878)
state:field, action:W, timestep:29, reward:-5.199316803965361
==================================================
coord:(73.80912843647806, 0.0, 23.856776344861878)->(69.56648774935857, 0.0, 28.099417031981154)
state:field, action:SDs, timestep:30, reward:3.2043617475231834
==================================================
coord:(69.56648774935857, 0.0, 28.099417031981154)->(69.56648774935857, 0.0, 24.892750365314512)
state:field, action:Aj, timestep:31, reward:0.98666280406204
==================================================
coord:(69.56648774935857, 0.0, 24.892750365314512)->(65.32384706223908, 0.0, 20.650109678195236)
state:field, action:SAs, timestep:32, reward:2.8998914850572026
==================================================
coord:(65.32384706223908, 0.0, 20.650109678195236)->(61.92973451254349, 0.0, 24.044222227890657)
state:field, action:SDsj, timestep:33, reward:4.636057737176578
==================================================
