coord:(69.0, 12.491906707447338, 54.0)->(69.0, 12.491906707447338, 54.0)
state:field, action:Wait, timestep:1, reward:-0.0
==================================================
coord:(69.0, 12.491906707447338, 54.0)->(74.20000000000039, 12.491906707447338, 54.0)
state:field, action:W, timestep:2, reward:-1.4692345668776667
==================================================
coord:(74.20000000000039, 12.491906707447338, 54.0)->(70.52304473783033, 9.317523374114003, 50.323044737829946)
state:field, action:SAj, timestep:3, reward:5.516266871068709
==================================================
coord:(70.52304473783033, 9.317523374114003, 50.323044737829946)->(70.52304473783033, 9.317523374114003, 50.323044737829946)
state:air, action:Wait, timestep:4, reward:-0.0
==================================================
coord:(70.52304473783033, 9.317523374114003, 50.323044737829946)->(70.52304473783033, 9.317523374114003, 50.323044737829946)
state:air, action:Wait, timestep:5, reward:-0.0
==================================================
coord:(70.52304473783033, 9.317523374114003, 50.323044737829946)->(70.52304473783033, 9.317523374114003, 50.323044737829946)
state:air, action:j, timestep:6, reward:-0.0
==================================================
coord:(70.52304473783033, 9.317523374114003, 50.323044737829946)->(74.20000000000039, 5.417523374113998, 46.64608947565989)
state:parachute, action:WA, timestep:7, reward:2.907682729621058
==================================================
coord:(74.20000000000039, 5.417523374113998, 46.64608947565989)->(79.40000000000077, 1.5175233741139915, 46.64608947565989)
state:parachute, action:W, timestep:8, reward:-2.3115519801771605
==================================================
coord:(79.40000000000077, 1.5175233741139915, 46.64608947565989)->(77.32000000000062, 0.0, 46.64608947565989)
state:parachute, action:S, timestep:9, reward:1.257775388322127
==================================================
coord:(77.32000000000062, 0.0, 46.64608947565989)->(73.92588745030503, 0.0, 43.2519769259643)
state:field, action:SAsj, timestep:10, reward:4.694787903825947
==================================================
coord:(73.92588745030503, 0.0, 43.2519769259643)->(71.719714293003, 0.0, 45.45815008326633)
state:field, action:SDj, timestep:11, reward:-0.9103153211078236
==================================================
coord:(71.719714293003, 0.0, 45.45815008326633)->(71.78099688070583, 0.0, 45.51943267096917)
state:field, action:WDj, timestep:12, reward:-0.08112821093800093
==================================================
coord:(71.78099688070583, 0.0, 45.51943267096917)->(68.10404161853577, 0.0, 41.84247740879911)
state:field, action:SA, timestep:13, reward:4.780262839677206
==================================================
coord:(68.10404161853577, 0.0, 41.84247740879911)->(70.3102147758378, 0.0, 44.048650566101145)
state:field, action:WDj, timestep:14, reward:-2.845007495262987
==================================================
coord:(70.3102147758378, 0.0, 44.048650566101145)->(70.3102147758378, 0.0, 49.248650566101105)
state:field, action:D, timestep:15, reward:-4.8783638839261485
==================================================
coord:(70.3102147758378, 0.0, 49.248650566101105)->(70.24893218813497, 0.0, 49.18736797839827)
state:field, action:SAj, timestep:16, reward:0.07734106613301606
==================================================
coord:(70.24893218813497, 0.0, 49.18736797839827)->(70.24893218813497, 0.0, 49.08736797839827)
state:field, action:Asj, timestep:17, reward:0.09501490877730134
==================================================
coord:(70.24893218813497, 0.0, 49.08736797839827)->(73.92588745030503, 0.0, 52.764323240568324)
state:field, action:WD, timestep:18, reward:-4.72988281133814
==================================================
coord:(73.92588745030503, 0.0, 52.764323240568324)->(73.98717003800786, 0.0, 52.70304065286549)
state:field, action:WAj, timestep:19, reward:0.03303593263525073
==================================================
coord:(73.98717003800786, 0.0, 52.70304065286549)->(73.88717003800787, 0.0, 52.70304065286549)
state:field, action:Ssj, timestep:20, reward:0.038400006715779256
==================================================
coord:(73.88717003800787, 0.0, 52.70304065286549)->(77.56412530017792, 0.0, 49.026085390695435)
state:field, action:WA, timestep:21, reward:1.5960543194703298
==================================================
coord:(77.56412530017792, 0.0, 49.026085390695435)->(77.63483597829658, 0.0, 48.95537471257678)
state:field, action:WAsj, timestep:22, reward:0.022541242266527206
==================================================
coord:(77.63483597829658, 0.0, 48.95537471257678)->(77.63483597829658, 0.0, 49.04204137924344)
state:field, action:Dj, timestep:23, reward:-0.07347910015566939
==================================================
coord:(77.63483597829658, 0.0, 49.04204137924344)->(77.63483597829658, 0.0, 49.12870804591011)
state:field, action:Dj, timestep:24, reward:-0.07355045991404552
==================================================
coord:(77.63483597829658, 0.0, 49.12870804591011)->(77.63483597829658, 0.0, 43.128708045910024)
state:field, action:As, timestep:25, reward:4.890233588658106
==================================================
coord:(77.63483597829658, 0.0, 43.128708045910024)->(77.63483597829658, 0.0, 47.82870804591009)
state:field, action:Dsj, timestep:26, reward:-3.794719866867471
==================================================
coord:(77.63483597829658, 0.0, 47.82870804591009)->(83.63483597829624, 0.0, 47.82870804591009)
state:field, action:Ws, timestep:27, reward:-3.6848928932526412
==================================================
coord:(83.63483597829624, 0.0, 47.82870804591009)->(87.87747666541573, 0.0, 43.5860673587906)
state:field, action:WAs, timestep:28, reward:-0.26894597952599497
==================================================
coord:(87.87747666541573, 0.0, 43.5860673587906)->(83.077476665416, 0.0, 43.5860673587906)
state:field, action:Ssj, timestep:29, reward:3.6811333679724036
==================================================
coord:(83.077476665416, 0.0, 43.5860673587906)->(80.81002092041113, 0.0, 45.85352310379547)
state:field, action:SDj, timestep:30, reward:-0.06109189254443237
==================================================
coord:(80.81002092041113, 0.0, 45.85352310379547)->(80.81002092041113, 0.0, 45.85352310379547)
state:field, action:j, timestep:31, reward:-0.0
==================================================
coord:(80.81002092041113, 0.0, 45.85352310379547)->(84.20413347010673, 0.0, 42.459410554099875)
state:field, action:WAsj, timestep:32, reward:-0.041241764395429925
==================================================
coord:(84.20413347010673, 0.0, 42.459410554099875)->(78.20413347010707, 0.0, 42.459410554099875)
state:field, action:Ss, timestep:33, reward:4.312484213953255
==================================================
coord:(78.20413347010707, 0.0, 42.459410554099875)->(78.20413347010707, 0.0, 39.25274388743323)
state:field, action:Aj, timestep:34, reward:2.3091079552760228
==================================================
coord:(78.20413347010707, 0.0, 39.25274388743323)->(81.59824601980266, 0.0, 35.85863133773764)
state:field, action:WAsj, timestep:35, reward:-0.6531901548075645
==================================================
coord:(81.59824601980266, 0.0, 35.85863133773764)->(76.39824601980227, 0.0, 35.85863133773764)
state:field, action:S, timestep:36, reward:4.253672873129361
==================================================
coord:(76.39824601980227, 0.0, 35.85863133773764)->(74.1307902747974, 0.0, 33.591175592732775)
state:field, action:SAj, timestep:37, reward:3.188689985591452
==================================================
coord:(74.1307902747974, 0.0, 33.591175592732775)->(74.1307902747974, 0.0, 28.791175592732706)
state:field, action:Asj, timestep:38, reward:2.4216919369041854
==================================================
coord:(74.1307902747974, 0.0, 28.791175592732706)->(74.1307902747974, 0.0, 28.791175592732706)
state:field, action:j, timestep:39, reward:-0.0
==================================================
coord:(74.1307902747974, 0.0, 28.791175592732706)->(69.88814958767792, 0.0, 33.03381627985203)
state:field, action:SDs, timestep:40, reward:1.049648666392665
==================================================
coord:(69.88814958767792, 0.0, 33.03381627985203)->(63.88814958767824, 0.0, 33.03381627985203)
state:field, action:Ss, timestep:41, reward:2.7640014998789937
==================================================
coord:(63.88814958767824, 0.0, 33.03381627985203)->(69.08814958767861, 0.0, 33.03381627985203)
state:field, action:W, timestep:42, reward:-2.2536422713271325
==================================================
coord:(69.08814958767861, 0.0, 33.03381627985203)->(69.08814958767861, 0.0, 28.233816279851965)
state:field, action:Asj, timestep:43, reward:3.226334767900328
==================================================
coord:(69.08814958767861, 0.0, 28.233816279851965)->(65.69403703798302, 0.0, 31.627928829547386)
state:field, action:SDsj, timestep:44, reward:-0.21899453361133148
==================================================
coord:(65.69403703798302, 0.0, 31.627928829547386)->(62.487370371316246, 0.0, 31.627928829547386)
state:field, action:Sj, timestep:45, reward:0.8318466451805735
==================================================
coord:(62.487370371316246, 0.0, 31.627928829547386)->(58.244729684196756, 0.0, 27.38528814242811)
state:field, action:SAs, timestep:46, reward:2.587572224245779
==================================================
coord:(58.244729684196756, 0.0, 27.38528814242811)->(64.24472968419683, 0.0, 27.38528814242811)
state:field, action:Ws, timestep:47, reward:0.9940159681243035
==================================================
coord:(64.24472968419683, 0.0, 27.38528814242811)->(64.24472968419683, 0.0, 21.385288142428024)
state:field, action:As, timestep:48, reward:0.6158055203949853
==================================================
coord:(64.24472968419683, 0.0, 21.385288142428024)->(61.97727393919196, 0.0, 23.65274388743289)
state:field, action:SDj, timestep:49, reward:3.098090040566793
==================================================
