coord:(69.0, 12.491906707447338, 54.0)->(69.0, 12.491906707447338, 54.0)
state:field, action:Wait, timestep:1, reward:-0.0
==================================================
coord:(69.0, 12.491906707447338, 54.0)->(73.24264068711949, 11.495573374114008, 49.75735931288051)
state:field, action:WAsj, timestep:2, reward:4.162847856255091
==================================================
coord:(73.24264068711949, 11.495573374114008, 49.75735931288051)->(73.24264068711949, 11.495573374114008, 49.75735931288051)
state:air, action:j, timestep:3, reward:-0.0
==================================================
coord:(73.24264068711949, 11.495573374114008, 49.75735931288051)->(73.24264068711949, 11.495573374114008, 49.75735931288051)
state:parachute, action:j, timestep:4, reward:-0.0
==================================================
coord:(73.24264068711949, 11.495573374114008, 49.75735931288051)->(73.24264068711949, 11.495573374114008, 49.75735931288051)
state:air, action:j, timestep:5, reward:-0.0
==================================================
coord:(73.24264068711949, 11.495573374114008, 49.75735931288051)->(73.24264068711949, 11.495573374114008, 49.75735931288051)
state:parachute, action:WDj, timestep:6, reward:-0.0
==================================================
coord:(73.24264068711949, 11.495573374114008, 49.75735931288051)->(73.24264068711949, 11.495573374114008, 49.75735931288051)
state:air, action:j, timestep:7, reward:-0.0
==================================================
coord:(73.24264068711949, 11.495573374114008, 49.75735931288051)->(73.24264068711949, 11.495573374114008, 49.75735931288051)
state:parachute, action:SAj, timestep:8, reward:-0.0
==================================================
coord:(73.24264068711949, 11.495573374114008, 49.75735931288051)->(73.24264068711949, 11.495573374114008, 49.75735931288051)
state:air, action:Wait, timestep:9, reward:-0.0
==================================================
coord:(73.24264068711949, 11.495573374114008, 49.75735931288051)->(73.24264068711949, 11.495573374114008, 49.75735931288051)
state:air, action:j, timestep:10, reward:-0.0
==================================================
coord:(73.24264068711949, 11.495573374114008, 49.75735931288051)->(73.24264068711949, 11.495573374114008, 49.75735931288051)
state:parachute, action:WDj, timestep:11, reward:-0.0
==================================================
coord:(73.24264068711949, 11.495573374114008, 49.75735931288051)->(73.24264068711949, 11.495573374114008, 49.75735931288051)
state:air, action:Wait, timestep:12, reward:-0.0
==================================================
coord:(73.24264068711949, 11.495573374114008, 49.75735931288051)->(73.24264068711949, 11.495573374114008, 49.75735931288051)
state:air, action:Wait, timestep:13, reward:-0.0
==================================================
coord:(73.24264068711949, 11.495573374114008, 49.75735931288051)->(73.24264068711949, 11.495573374114008, 49.75735931288051)
state:air, action:Wait, timestep:14, reward:-0.0
==================================================
coord:(73.24264068711949, 11.495573374114008, 49.75735931288051)->(73.24264068711949, 11.495573374114008, 49.75735931288051)
state:air, action:Wait, timestep:15, reward:-0.0
==================================================
coord:(73.24264068711949, 11.495573374114008, 49.75735931288051)->(73.24264068711949, 11.495573374114008, 49.75735931288051)
state:air, action:Wait, timestep:16, reward:-0.0
==================================================
coord:(73.24264068711949, 11.495573374114008, 49.75735931288051)->(73.24264068711949, 11.495573374114008, 49.75735931288051)
state:air, action:Wait, timestep:17, reward:-0.0
==================================================
coord:(73.24264068711949, 11.495573374114008, 49.75735931288051)->(73.24264068711949, 11.495573374114008, 49.75735931288051)
state:air, action:Wait, timestep:18, reward:-0.0
==================================================
coord:(73.24264068711949, 11.495573374114008, 49.75735931288051)->(73.24264068711949, 11.495573374114008, 49.75735931288051)
state:air, action:Wait, timestep:19, reward:-0.0
==================================================
coord:(73.24264068711949, 11.495573374114008, 49.75735931288051)->(73.24264068711949, 11.495573374114008, 49.75735931288051)
state:air, action:Wait, timestep:20, reward:-0.0
==================================================
coord:(73.24264068711949, 11.495573374114008, 49.75735931288051)->(73.24264068711949, 11.495573374114008, 49.75735931288051)
state:air, action:Wait, timestep:21, reward:-0.0
==================================================
coord:(73.24264068711949, 11.495573374114008, 49.75735931288051)->(73.24264068711949, 11.495573374114008, 49.75735931288051)
state:air, action:j, timestep:22, reward:-0.0
==================================================
coord:(73.24264068711949, 11.495573374114008, 49.75735931288051)->(73.24264068711949, 11.495573374114008, 49.75735931288051)
state:parachute, action:j, timestep:23, reward:-0.0
==================================================
coord:(73.24264068711949, 11.495573374114008, 49.75735931288051)->(73.24264068711949, 11.495573374114008, 49.75735931288051)
state:air, action:j, timestep:24, reward:-0.0
==================================================
coord:(73.24264068711949, 11.495573374114008, 49.75735931288051)->(73.24264068711949, 11.495573374114008, 49.75735931288051)
state:parachute, action:WAj, timestep:25, reward:-0.0
==================================================
coord:(73.24264068711949, 11.495573374114008, 49.75735931288051)->(73.24264068711949, 11.495573374114008, 49.75735931288051)
state:air, action:j, timestep:26, reward:-0.0
==================================================
coord:(73.24264068711949, 11.495573374114008, 49.75735931288051)->(69.56568542494944, 7.595573374114031, 46.080404050710456)
state:parachute, action:SA, timestep:27, reward:4.623885893374023
==================================================
coord:(69.56568542494944, 7.595573374114031, 46.080404050710456)->(69.56568542494944, 7.595573374114031, 46.080404050710456)
state:parachute, action:Wait, timestep:28, reward:-0.0
==================================================
coord:(69.56568542494944, 7.595573374114031, 46.080404050710456)->(65.88873016277938, 3.69557337411401, 42.4034487885404)
state:parachute, action:SA, timestep:29, reward:4.066400492659227
==================================================
coord:(65.88873016277938, 3.69557337411401, 42.4034487885404)->(65.88873016277938, 0.0, 39.19678212187376)
state:parachute, action:A, timestep:30, reward:3.3761010339062807
==================================================
coord:(65.88873016277938, 0.0, 39.19678212187376)->(71.88873016277904, 0.0, 39.19678212187376)
state:field, action:Ws, timestep:31, reward:0.019448065288301564
==================================================
coord:(71.88873016277904, 0.0, 39.19678212187376)->(71.88873016277904, 0.0, 33.196782121873674)
state:field, action:As, timestep:32, reward:5.974206628266494
==================================================
coord:(71.88873016277904, 0.0, 33.196782121873674)->(71.78873016277905, 0.0, 33.196782121873674)
state:field, action:Ssj, timestep:33, reward:0.010016916597813008
==================================================
coord:(71.78873016277905, 0.0, 33.196782121873674)->(71.78873016277905, 0.0, 27.996782121873714)
state:field, action:A, timestep:34, reward:5.169098374777892
==================================================
coord:(71.78873016277905, 0.0, 27.996782121873714)->(76.58873016277877, 0.0, 27.996782121873714)
state:field, action:Wsj, timestep:35, reward:-1.0512858425975615
==================================================
coord:(76.58873016277877, 0.0, 27.996782121873714)->(76.58873016277877, 0.0, 22.796782121873754)
state:field, action:A, timestep:36, reward:4.869336680583594
==================================================
coord:(76.58873016277877, 0.0, 22.796782121873754)->(73.19461761308318, 0.0, 19.402669572178333)
state:field, action:SAsj, timestep:37, reward:4.346146512433952
==================================================
coord:(73.19461761308318, 0.0, 19.402669572178333)->(69.51766235091313, 0.0, 15.725714310008279)
state:field, action:SA, timestep:38, reward:4.262857700420094
==================================================
coord:(69.51766235091313, 0.0, 15.725714310008279)->(69.51766235091313, 0.0, 18.93238097667492)
state:field, action:Dj, timestep:39, reward:-3.2037954336428065
==================================================
coord:(69.51766235091313, 0.0, 18.93238097667492)->(67.25020660590826, 0.0, 21.199836721679787)
state:field, action:SDj, timestep:40, reward:-2.3520683087372376
==================================================
coord:(67.25020660590826, 0.0, 21.199836721679787)->(64.04353993924136, 0.0, 21.199836721679787)
state:field, action:Sj, timestep:41, reward:-0.6470470153402594
==================================================
coord:(64.04353993924136, 0.0, 21.199836721679787)->(66.31099568424622, 0.0, 18.93238097667492)
state:field, action:WAj, timestep:42, reward:2.751607349390966
==================================================
coord:(66.31099568424622, 0.0, 18.93238097667492)->(60.3109956842463, 0.0, 18.93238097667492)
state:field, action:Ss, timestep:43, reward:-2.2303036061464994
==================================================
coord:(60.3109956842463, 0.0, 18.93238097667492)->(58.043539939241434, 0.0, 16.664925231670054)
state:field, action:SAj, timestep:44, reward:0.41622854712995405
==================================================
coord:(58.043539939241434, 0.0, 16.664925231670054)->(58.043539939241434, 0.0, 16.664925231670054)
state:field, action:Wait, timestep:45, reward:-0.0
==================================================
coord:(58.043539939241434, 0.0, 16.664925231670054)->(58.043539939241434, 0.0, 11.464925231670094)
state:field, action:A, timestep:46, reward:3.2819710212909303
==================================================
coord:(58.043539939241434, 0.0, 11.464925231670094)->(62.286180626360924, 0.0, 15.70756591878937)
state:field, action:WDs, timestep:47, reward:0.08327848020588391
==================================================
coord:(62.286180626360924, 0.0, 15.70756591878937)->(62.286180626360924, 0.0, 9.707565918789392)
state:field, action:As, timestep:48, reward:4.438538675709944
==================================================
coord:(62.286180626360924, 0.0, 9.707565918789392)->(58.89206807666533, 0.0, 6.3134533690939705)
state:field, action:SAsj, timestep:49, reward:-1.9931221544434674
==================================================
coord:(58.89206807666533, 0.0, 6.3134533690939705)->(58.89206807666533, 0.0, 12.31345336909395)
state:field, action:Ds, timestep:50, reward:-2.2833413299660723
==================================================
coord:(58.89206807666533, 0.0, 12.31345336909395)->(62.286180626360924, 0.0, 8.919340819398528)
state:field, action:WAsj, timestep:51, reward:4.70215474710266
==================================================
coord:(62.286180626360924, 0.0, 8.919340819398528)->(62.286180626360924, 0.0, 8.919340819398528)
state:field, action:j, timestep:52, reward:-0.0
==================================================
coord:(62.286180626360924, 0.0, 8.919340819398528)->(64.55363637136578, 0.0, 11.186796564403394)
state:field, action:WDj, timestep:53, reward:0.15526620063937546
==================================================
coord:(64.55363637136578, 0.0, 11.186796564403394)->(69.75363637136617, 0.0, 11.186796564403394)
state:field, action:W, timestep:54, reward:1.3863028710355882
==================================================
coord:(69.75363637136617, 0.0, 11.186796564403394)->(64.55363637136578, 0.0, 11.186796564403394)
state:field, action:S, timestep:55, reward:-1.3863028710355882
==================================================
coord:(64.55363637136578, 0.0, 11.186796564403394)->(61.3469697046991, 0.0, 11.186796564403394)
state:field, action:Sj, timestep:56, reward:-2.2221701932590463
==================================================
coord:(61.3469697046991, 0.0, 11.186796564403394)->(61.3469697046991, 0.0, 16.386796564403355)
state:field, action:D, timestep:57, reward:-3.878619096489196
==================================================
coord:(61.3469697046991, 0.0, 16.386796564403355)->(65.58961039181858, 0.0, 20.62943725152263)
state:field, action:WDs, timestep:58, reward:-2.2775680150128643
==================================================
coord:(65.58961039181858, 0.0, 20.62943725152263)->(69.26656565398864, 0.0, 16.952481989352577)
state:field, action:WA, timestep:59, reward:4.0417352090384515
==================================================
coord:(69.26656565398864, 0.0, 16.952481989352577)->(69.26656565398864, 0.0, 16.952481989352577)
state:field, action:j, timestep:60, reward:-0.0
==================================================
coord:(69.26656565398864, 0.0, 16.952481989352577)->(65.87245310429304, 0.0, 13.558369439657156)
state:field, action:SAsj, timestep:61, reward:2.8435258251772595
==================================================
coord:(65.87245310429304, 0.0, 13.558369439657156)->(65.87245310429304, 0.0, 18.758369439657116)
state:field, action:D, timestep:62, reward:-4.997440207411284
==================================================
coord:(65.87245310429304, 0.0, 18.758369439657116)->(70.11509379141253, 0.0, 14.51572875253784)
state:field, action:WAs, timestep:63, reward:4.5285267821514115
==================================================
coord:(70.11509379141253, 0.0, 14.51572875253784)->(70.11509379141253, 0.0, 9.31572875253788)
state:field, action:A, timestep:64, reward:5.123381801393928
==================================================
coord:(70.11509379141253, 0.0, 9.31572875253788)->(70.11509379141253, 0.0, 4.115728752537879)
state:field, action:A, timestep:65, reward:3.034305031161633
==================================================
coord:(70.11509379141253, 0.0, 4.115728752537879)->(72.3825495364174, 0.0, 1.848273007533013)
state:field, action:WAj, timestep:66, reward:-3.200158264594573
==================================================
coord:(72.3825495364174, 0.0, 1.848273007533013)->(68.98843698672181, 0.0, 5.2423855572284355)
state:field, action:SDsj, timestep:67, reward:4.380651933667594
==================================================
