coord:(69.0, 12.491906707447338, 54.0)->(69.0, 12.491906707447338, 54.0)
state:field, action:Wait, timestep:1, reward:-0.0
==================================================
coord:(69.0, 12.491906707447338, 54.0)->(69.0, 12.491906707447338, 54.0)
state:field, action:Wait, timestep:2, reward:-0.0
==================================================
coord:(69.0, 12.491906707447338, 54.0)->(69.0, 9.317523374114003, 48.80000000000004)
state:field, action:Aj, timestep:3, reward:5.787171939093504
==================================================
coord:(69.0, 9.317523374114003, 48.80000000000004)->(69.0, 9.317523374114003, 48.80000000000004)
state:air, action:j, timestep:4, reward:-0.0
==================================================
coord:(69.0, 9.317523374114003, 48.80000000000004)->(72.67695526217005, 5.417523374113998, 45.123044737829986)
state:parachute, action:WA, timestep:5, reward:4.1263266196872905
==================================================
coord:(72.67695526217005, 5.417523374113998, 45.123044737829986)->(72.67695526217005, 5.417523374113998, 45.123044737829986)
state:parachute, action:WDj, timestep:6, reward:-0.0
==================================================
coord:(72.67695526217005, 5.417523374113998, 45.123044737829986)->(72.67695526217005, 5.417523374113998, 45.123044737829986)
state:air, action:j, timestep:7, reward:-0.0
==================================================
coord:(72.67695526217005, 5.417523374113998, 45.123044737829986)->(72.67695526217005, 5.417523374113998, 45.123044737829986)
state:parachute, action:Sj, timestep:8, reward:-0.0
==================================================
coord:(72.67695526217005, 5.417523374113998, 45.123044737829986)->(72.67695526217005, 5.417523374113998, 45.123044737829986)
state:air, action:Wait, timestep:9, reward:-0.0
==================================================
coord:(72.67695526217005, 5.417523374113998, 45.123044737829986)->(72.67695526217005, 5.417523374113998, 45.123044737829986)
state:air, action:j, timestep:10, reward:-0.0
==================================================
coord:(72.67695526217005, 5.417523374113998, 45.123044737829986)->(72.67695526217005, 5.417523374113998, 45.123044737829986)
state:parachute, action:WAj, timestep:11, reward:-0.0
==================================================
coord:(72.67695526217005, 5.417523374113998, 45.123044737829986)->(72.67695526217005, 5.417523374113998, 45.123044737829986)
state:air, action:j, timestep:12, reward:-0.0
==================================================
coord:(72.67695526217005, 5.417523374113998, 45.123044737829986)->(72.67695526217005, 1.5175233741139915, 39.923044737830025)
state:parachute, action:A, timestep:13, reward:5.504907033052433
==================================================
coord:(72.67695526217005, 1.5175233741139915, 39.923044737830025)->(74.58362192883686, 0.0, 39.923044737830025)
state:parachute, action:W, timestep:14, reward:-0.21773891205715046
==================================================
coord:(74.58362192883686, 0.0, 39.923044737830025)->(74.65433260695552, 0.0, 39.85233405971137)
state:field, action:WAsj, timestep:15, reward:0.05856729136619521
==================================================
coord:(74.65433260695552, 0.0, 39.85233405971137)->(74.71561519465835, 0.0, 39.9136166474142)
state:field, action:WDj, timestep:16, reward:-0.07034193719264437
==================================================
coord:(74.71561519465835, 0.0, 39.9136166474142)->(74.71561519465835, 0.0, 39.9136166474142)
state:field, action:Wait, timestep:17, reward:-0.0
==================================================
coord:(74.71561519465835, 0.0, 39.9136166474142)->(71.0386599324883, 0.0, 36.23666138524415)
state:field, action:SA, timestep:18, reward:4.075250226527594
==================================================
coord:(71.0386599324883, 0.0, 36.23666138524415)->(66.79601924536881, 0.0, 31.99402069812466)
state:field, action:SAs, timestep:19, reward:4.219271783247699
==================================================
coord:(66.79601924536881, 0.0, 31.99402069812466)->(66.85730183307165, 0.0, 31.932738110421827)
state:field, action:WAj, timestep:20, reward:0.0660080587195182
==================================================
coord:(66.85730183307165, 0.0, 31.932738110421827)->(66.91858442077448, 0.0, 31.99402069812466)
state:field, action:WDj, timestep:21, reward:-0.056309760684179366
==================================================
coord:(66.91858442077448, 0.0, 31.99402069812466)->(66.91858442077448, 0.0, 25.994020698124576)
state:field, action:As, timestep:22, reward:5.977199607694345
==================================================
coord:(66.91858442077448, 0.0, 25.994020698124576)->(66.91858442077448, 0.0, 25.994020698124576)
state:field, action:Wait, timestep:23, reward:-0.0
==================================================
coord:(66.91858442077448, 0.0, 25.994020698124576)->(63.241629158604425, 0.0, 29.67097596029463)
state:field, action:SD, timestep:24, reward:-4.237137979763549
==================================================
coord:(63.241629158604425, 0.0, 29.67097596029463)->(63.17091848048577, 0.0, 29.741686638413285)
state:field, action:SDsj, timestep:25, reward:-0.08498701672503017
==================================================
coord:(63.17091848048577, 0.0, 29.741686638413285)->(63.10020780236711, 0.0, 29.67097596029463)
state:field, action:SAsj, timestep:26, reward:0.05246846045347908
==================================================
coord:(63.10020780236711, 0.0, 29.67097596029463)->(67.3428484894866, 0.0, 25.428335273175353)
state:field, action:WAs, timestep:27, reward:4.871164759159932
==================================================
coord:(67.3428484894866, 0.0, 25.428335273175353)->(70.5495151561535, 0.0, 25.428335273175353)
state:field, action:Wj, timestep:28, reward:0.00842199169537139
==================================================
coord:(70.5495151561535, 0.0, 25.428335273175353)->(74.792155843273, 0.0, 21.185694586056076)
state:field, action:WAs, timestep:29, reward:3.2961541055734536
==================================================
coord:(74.792155843273, 0.0, 21.185694586056076)->(71.58548917660609, 0.0, 21.185694586056076)
state:field, action:Sj, timestep:30, reward:0.7999674777850636
==================================================
coord:(71.58548917660609, 0.0, 21.185694586056076)->(67.90853391443603, 0.0, 24.86264984822613)
state:field, action:SD, timestep:31, reward:-3.5017198943820667
==================================================
coord:(67.90853391443603, 0.0, 24.86264984822613)->(63.665893227316545, 0.0, 20.620009161106854)
state:field, action:SAs, timestep:32, reward:3.3869384020757423
==================================================
coord:(63.665893227316545, 0.0, 20.620009161106854)->(57.66589322731646, 0.0, 20.620009161106854)
state:field, action:Ss, timestep:33, reward:-2.7931999917352925
==================================================
coord:(57.66589322731646, 0.0, 20.620009161106854)->(57.66589322731646, 0.0, 23.826675827773496)
state:field, action:Dj, timestep:34, reward:-2.67623821550805
==================================================
coord:(57.66589322731646, 0.0, 23.826675827773496)->(61.90853391443595, 0.0, 19.58403514065422)
state:field, action:WAs, timestep:35, reward:5.758365707422662
==================================================
coord:(61.90853391443595, 0.0, 19.58403514065422)->(58.231578652265895, 0.0, 15.907079878484165)
state:field, action:SA, timestep:36, reward:0.88954224135483
==================================================
coord:(58.231578652265895, 0.0, 15.907079878484165)->(64.23157865226597, 0.0, 15.907079878484165)
state:field, action:Ws, timestep:37, reward:3.423332770047802
==================================================
coord:(64.23157865226597, 0.0, 15.907079878484165)->(69.43157865226635, 0.0, 15.907079878484165)
state:field, action:W, timestep:38, reward:0.9882596958288712
==================================================
coord:(69.43157865226635, 0.0, 15.907079878484165)->(69.43157865226635, 0.0, 9.907079878484186)
state:field, action:As, timestep:39, reward:5.989593003024127
==================================================
coord:(69.43157865226635, 0.0, 9.907079878484186)->(69.43157865226635, 0.0, 5.107079878484203)
state:field, action:Asj, timestep:40, reward:4.481357852172932
==================================================
