coord:(69.0, 12.491906707447338, 54.0)->(69.0, 12.491906707447338, 54.0)
state:field, action:Wait, timestep:1, reward:-0.0
==================================================
coord:(69.0, 12.491906707447338, 54.0)->(63.00000000000027, 12.491906707447338, 54.0)
state:field, action:Ss, timestep:2, reward:5.867232114068472
==================================================
coord:(63.00000000000027, 12.491906707447338, 54.0)->(66.67695526217032, 12.491906707447338, 50.323044737829946)
state:field, action:WA, timestep:3, reward:-3.5236730317739813
==================================================
coord:(66.67695526217032, 12.491906707447338, 50.323044737829946)->(61.47695526217015, 12.491906707447338, 50.323044737829946)
state:field, action:S, timestep:4, reward:5.083669112394773
==================================================
coord:(61.47695526217015, 12.491906707447338, 50.323044737829946)->(56.27695526217019, 9.317523374114003, 50.323044737829946)
state:field, action:Sj, timestep:5, reward:5.731478431338253
==================================================
coord:(56.27695526217019, 9.317523374114003, 50.323044737829946)->(56.27695526217019, 9.317523374114003, 50.323044737829946)
state:air, action:j, timestep:6, reward:-0.0
==================================================
coord:(56.27695526217019, 9.317523374114003, 50.323044737829946)->(56.27695526217019, 9.317523374114003, 50.323044737829946)
state:parachute, action:j, timestep:7, reward:-0.0
==================================================
coord:(56.27695526217019, 9.317523374114003, 50.323044737829946)->(56.27695526217019, 9.317523374114003, 50.323044737829946)
state:air, action:j, timestep:8, reward:-0.0
==================================================
coord:(56.27695526217019, 9.317523374114003, 50.323044737829946)->(52.600000000000136, 5.417523374113998, 54.0)
state:parachute, action:SD, timestep:9, reward:4.126050026050308
==================================================
coord:(52.600000000000136, 5.417523374113998, 54.0)->(48.92304473783008, 1.5175233741139915, 50.323044737829946)
state:parachute, action:SA, timestep:10, reward:4.052327477317441
==================================================
coord:(48.92304473783008, 1.5175233741139915, 50.323044737829946)->(50.33254425499527, 0.0, 51.73254425499513)
state:parachute, action:WD, timestep:11, reward:-1.384349786496962
==================================================
coord:(50.33254425499527, 0.0, 51.73254425499513)->(54.57518494211476, 0.0, 47.48990356787564)
state:field, action:WAs, timestep:12, reward:-4.3632447386818995
==================================================
coord:(54.57518494211476, 0.0, 47.48990356787564)->(54.636467529817594, 0.0, 47.55118615557848)
state:field, action:WDj, timestep:13, reward:-0.05675042216547865
==================================================
coord:(54.636467529817594, 0.0, 47.55118615557848)->(54.636467529817594, 0.0, 47.65118615557848)
state:field, action:Dsj, timestep:14, reward:0.0069711945678321285
==================================================
coord:(54.636467529817594, 0.0, 47.65118615557848)->(54.636467529817594, 0.0, 52.85118615557844)
state:field, action:D, timestep:15, reward:0.07993634355538859
==================================================
coord:(54.636467529817594, 0.0, 52.85118615557844)->(50.95951226764754, 0.0, 49.174230893408385)
state:field, action:SA, timestep:16, reward:3.675115315933134
==================================================
coord:(50.95951226764754, 0.0, 49.174230893408385)->(47.282557005477486, 0.0, 45.49727563123833)
state:field, action:SA, timestep:17, reward:3.3488849770530322
==================================================
coord:(47.282557005477486, 0.0, 45.49727563123833)->(42.48255700547742, 0.0, 45.49727563123833)
state:field, action:Ssj, timestep:18, reward:4.752466055389249
==================================================
coord:(42.48255700547742, 0.0, 45.49727563123833)->(38.80560174330736, 0.0, 41.82032036906828)
state:field, action:SA, timestep:19, reward:2.8294839484131202
==================================================
coord:(38.80560174330736, 0.0, 41.82032036906828)->(38.80560174330736, 0.0, 38.613653702401635)
state:field, action:Aj, timestep:20, reward:-1.0003361293470974
==================================================
coord:(38.80560174330736, 0.0, 38.613653702401635)->(41.011774900609396, 0.0, 36.4074805450996)
state:field, action:WAj, timestep:21, reward:-2.865000991835771
==================================================
coord:(41.011774900609396, 0.0, 36.4074805450996)->(36.769134213489906, 0.0, 40.65012123221909)
state:field, action:SDs, timestep:22, reward:5.467863576807005
==================================================
coord:(36.769134213489906, 0.0, 40.65012123221909)->(36.769134213489906, 0.0, 35.850121232219024)
state:field, action:Asj, timestep:23, reward:-1.83341987769019
==================================================
coord:(36.769134213489906, 0.0, 35.850121232219024)->(33.09217895131985, 0.0, 32.17316597004897)
state:field, action:SA, timestep:24, reward:1.3051729944270463
==================================================
coord:(33.09217895131985, 0.0, 32.17316597004897)->(39.09217895131994, 0.0, 32.17316597004897)
state:field, action:Ws, timestep:25, reward:-5.08139857633396
==================================================
coord:(39.09217895131994, 0.0, 32.17316597004897)->(39.15346153902277, 0.0, 32.234448557751804)
state:field, action:WDj, timestep:26, reward:-0.023053352580696185
==================================================
coord:(39.15346153902277, 0.0, 32.234448557751804)->(39.22417221714143, 0.0, 32.30515923587046)
state:field, action:WDsj, timestep:27, reward:-0.02682752339148209
==================================================
coord:(39.22417221714143, 0.0, 32.30515923587046)->(43.46681290426092, 0.0, 36.54779992298995)
state:field, action:WDs, timestep:28, reward:-2.0348092879781703
==================================================
coord:(43.46681290426092, 0.0, 36.54779992298995)->(43.53752358237958, 0.0, 36.477089244871294)
state:field, action:WAsj, timestep:29, reward:-0.09144103207630394
==================================================
coord:(43.53752358237958, 0.0, 36.477089244871294)->(43.53752358237958, 0.0, 36.56375591153796)
state:field, action:Dj, timestep:30, reward:0.031190424315198584
==================================================
coord:(43.53752358237958, 0.0, 36.56375591153796)->(43.46681290426092, 0.0, 36.4930452334193)
state:field, action:SAsj, timestep:31, reward:0.040512601879534316
==================================================
coord:(43.46681290426092, 0.0, 36.4930452334193)->(37.466812904260834, 0.0, 36.4930452334193)
state:field, action:Ss, timestep:32, reward:5.527429064247102
==================================================
coord:(37.466812904260834, 0.0, 36.4930452334193)->(34.26014623759419, 0.0, 36.4930452334193)
state:field, action:Sj, timestep:33, reward:2.88370903521567
==================================================
coord:(34.26014623759419, 0.0, 36.4930452334193)->(37.937101499764246, 0.0, 40.170000495589356)
state:field, action:WD, timestep:34, reward:-1.9572546746669452
==================================================
coord:(37.937101499764246, 0.0, 40.170000495589356)->(41.18979269322252, 0.0, 36.91730930213108)
state:field, action:WAsj, timestep:35, reward:-4.179687061788002
==================================================
coord:(41.18979269322252, 0.0, 36.91730930213108)->(41.18979269322252, 0.0, 30.917309302130995)
state:field, action:As, timestep:36, reward:-2.614023761240368
==================================================
coord:(41.18979269322252, 0.0, 30.917309302130995)->(37.51283743105247, 0.0, 34.59426456430105)
state:field, action:SD, timestep:37, reward:4.989552152568436
==================================================
coord:(37.51283743105247, 0.0, 34.59426456430105)->(41.75547811817196, 0.0, 30.351623877181645)
state:field, action:WAs, timestep:38, reward:-5.761785448333384
==================================================
coord:(41.75547811817196, 0.0, 30.351623877181645)->(45.43243338034201, 0.0, 34.0285791393517)
state:field, action:WD, timestep:39, reward:-1.640205106754408
==================================================
coord:(45.43243338034201, 0.0, 34.0285791393517)->(45.37115079263918, 0.0, 34.08986172705453)
state:field, action:SDj, timestep:40, reward:0.08050535773629264
==================================================
coord:(45.37115079263918, 0.0, 34.08986172705453)->(45.30986820493634, 0.0, 34.15114431475737)
state:field, action:SDj, timestep:41, reward:0.08048127465782784
==================================================
coord:(45.30986820493634, 0.0, 34.15114431475737)->(41.06722751781685, 0.0, 38.39378500187686)
state:field, action:SDs, timestep:42, reward:5.504270960622037
==================================================
coord:(41.06722751781685, 0.0, 38.39378500187686)->(41.06722751781685, 0.0, 44.39378500187694)
state:field, action:Ds, timestep:43, reward:1.5802214097052456
==================================================
coord:(41.06722751781685, 0.0, 44.39378500187694)->(41.06722751781685, 0.0, 44.39378500187694)
state:field, action:j, timestep:44, reward:-0.0
==================================================
coord:(41.06722751781685, 0.0, 44.39378500187694)->(43.33468326282172, 0.0, 46.66124074688181)
state:field, action:WDj, timestep:45, reward:-1.9018810261061248
==================================================
coord:(43.33468326282172, 0.0, 46.66124074688181)->(45.60213900782659, 0.0, 44.39378500187694)
state:field, action:WAj, timestep:46, reward:-2.563417220406727
==================================================
coord:(45.60213900782659, 0.0, 44.39378500187694)->(43.33468326282172, 0.0, 42.126329256872076)
state:field, action:SAj, timestep:47, reward:1.7746251670486899
==================================================
coord:(43.33468326282172, 0.0, 42.126329256872076)->(37.334683262821635, 0.0, 42.126329256872076)
state:field, action:Ss, timestep:48, reward:5.807815507355123
==================================================
coord:(37.334683262821635, 0.0, 42.126329256872076)->(33.092042575702145, 0.0, 37.883688569752586)
state:field, action:SAs, timestep:49, reward:2.4668148217143617
==================================================
coord:(33.092042575702145, 0.0, 37.883688569752586)->(33.092042575702145, 0.0, 42.683688569752654)
state:field, action:Dsj, timestep:50, reward:1.7603841468356762
==================================================
coord:(33.092042575702145, 0.0, 42.683688569752654)->(29.69793002600667, 0.0, 46.077801119448246)
state:field, action:SDsj, timestep:51, reward:4.136001913847981
==================================================
coord:(29.69793002600667, 0.0, 46.077801119448246)->(29.69793002600667, 0.0, 46.077801119448246)
state:field, action:Wait, timestep:52, reward:-0.0
==================================================
coord:(29.69793002600667, 0.0, 46.077801119448246)->(23.697930026006585, 0.0, 46.077801119448246)
state:field, action:Ss, timestep:53, reward:5.834042700209174
==================================================
coord:(23.697930026006585, 0.0, 46.077801119448246)->(18.497930026006625, 0.0, 46.077801119448246)
state:field, action:S, timestep:54, reward:4.9373769574283966
==================================================
coord:(18.497930026006625, 0.0, 46.077801119448246)->(18.497930026006625, 0.0, 51.277801119448206)
state:field, action:D, timestep:55, reward:0.931266509596826
==================================================
coord:(18.497930026006625, 0.0, 51.277801119448206)->(18.497930026006625, 0.0, 51.277801119448206)
state:field, action:Wait, timestep:56, reward:-0.0
==================================================
coord:(18.497930026006625, 0.0, 51.277801119448206)->(23.697930026006585, 0.0, 51.277801119448206)
state:field, action:W, timestep:57, reward:-5.199084587837373
==================================================
coord:(23.697930026006585, 0.0, 51.277801119448206)->(17.6979300260065, 0.0, 51.277801119448206)
state:field, action:Ss, timestep:58, reward:5.998871547235046
==================================================
coord:(17.6979300260065, 0.0, 51.277801119448206)->(17.6979300260065, 0.0, 51.37780111944821)
state:field, action:Dsj, timestep:59, reward:-0.0028010822301514082
==================================================
coord:(17.6979300260065, 0.0, 51.37780111944821)->(17.627219347887845, 0.0, 51.448511797566866)
state:field, action:SDsj, timestep:60, reward:0.06816241860761885
==================================================
coord:(17.627219347887845, 0.0, 51.448511797566866)->(17.55650866976919, 0.0, 51.37780111944821)
state:field, action:SAsj, timestep:61, reward:0.07318396070373367
==================================================
coord:(17.55650866976919, 0.0, 51.37780111944821)->(11.556508669769185, 0.0, 51.37780111944821)
state:field, action:Ss, timestep:62, reward:5.993311109695037
==================================================
coord:(11.556508669769185, 0.0, 51.37780111944821)->(11.556508669769185, 0.0, 51.277801119448206)
state:field, action:Asj, timestep:63, reward:0.0058888633399574175
==================================================
coord:(11.556508669769185, 0.0, 51.277801119448206)->(7.313867982649908, 0.0, 55.520441806567696)
state:field, action:SDs, timestep:64, reward:0.8559276898939627
==================================================
coord:(7.313867982649908, 0.0, 55.520441806567696)->(3.9904661110731414, 0.0, 58.84384367814463)
state:field, action:SDsj, timestep:65, reward:-3.389625368473988
==================================================
coord:(3.9904661110731414, 0.0, 58.84384367814463)->(6.257921856078008, 0.0, 61.1112994231495)
state:field, action:WDj, timestep:66, reward:-2.0174127482337045
==================================================
coord:(6.257921856078008, 0.0, 61.1112994231495)->(2.8638093063825867, 0.0, 57.717186873453905)
state:field, action:SAsj, timestep:67, reward:2.7013243393830475
==================================================
coord:(2.8638093063825867, 0.0, 57.717186873453905)->(2.8638093063825867, 0.0, 52.517186873453944)
state:field, action:A, timestep:68, reward:3.929297603879409
==================================================
coord:(2.8638093063825867, 0.0, 52.517186873453944)->(6.257921856078008, 0.0, 55.911299423149536)
state:field, action:WDsj, timestep:69, reward:-1.434138572501379
==================================================
coord:(6.257921856078008, 0.0, 55.911299423149536)->(6.257921856078008, 0.0, 50.711299423149576)
state:field, action:A, timestep:70, reward:4.530074262970829
==================================================
