coord:(69.0, 12.491906707447338, 54.0)->(69.0, 12.491906707447338, 54.0)
state:field, action:Wait, timestep:1, reward:-0.0
==================================================
coord:(69.0, 12.491906707447338, 54.0)->(65.32304473782995, 9.317523374114003, 50.323044737829946)
state:field, action:SAj, timestep:2, reward:4.241380568585782
==================================================
coord:(65.32304473782995, 9.317523374114003, 50.323044737829946)->(65.32304473782995, 9.317523374114003, 50.323044737829946)
state:air, action:j, timestep:3, reward:-0.0
==================================================
coord:(65.32304473782995, 9.317523374114003, 50.323044737829946)->(61.64608947565989, 5.417523374113998, 54.0)
state:parachute, action:SD, timestep:4, reward:4.062941493473261
==================================================
coord:(61.64608947565989, 5.417523374113998, 54.0)->(57.96913421348984, 1.5175233741139915, 50.323044737829946)
state:parachute, action:SA, timestep:5, reward:3.9921021816087077
==================================================
coord:(57.96913421348984, 1.5175233741139915, 50.323044737829946)->(59.13350337984369, 0.0, 51.487413904183796)
state:parachute, action:WD, timestep:6, reward:-1.1408314316165686
==================================================
coord:(59.13350337984369, 0.0, 51.487413904183796)->(55.456548117673634, 0.0, 47.81045864201374)
state:field, action:SA, timestep:7, reward:3.5764474442613974
==================================================
coord:(55.456548117673634, 0.0, 47.81045864201374)->(51.213907430554144, 0.0, 43.56781795489425)
state:field, action:SAs, timestep:8, reward:3.7386099875809222
==================================================
coord:(51.213907430554144, 0.0, 43.56781795489425)->(51.313907430554146, 0.0, 43.56781795489425)
state:field, action:Wsj, timestep:9, reward:-0.09867861381804488
==================================================
coord:(51.313907430554146, 0.0, 43.56781795489425)->(45.31390743055406, 0.0, 43.56781795489425)
state:field, action:Ss, timestep:10, reward:5.909101119153419
==================================================
coord:(45.31390743055406, 0.0, 43.56781795489425)->(40.1139074305541, 0.0, 43.56781795489425)
state:field, action:S, timestep:11, reward:5.096132095074275
==================================================
coord:(40.1139074305541, 0.0, 43.56781795489425)->(34.91390743055414, 0.0, 43.56781795489425)
state:field, action:S, timestep:12, reward:5.0602881345070685
==================================================
coord:(34.91390743055414, 0.0, 43.56781795489425)->(34.91390743055414, 0.0, 46.774484621560894)
state:field, action:Dj, timestep:13, reward:0.6327958692855056
==================================================
coord:(34.91390743055414, 0.0, 46.774484621560894)->(34.91390743055414, 0.0, 46.774484621560894)
state:field, action:j, timestep:14, reward:-0.0
==================================================
coord:(34.91390743055414, 0.0, 46.774484621560894)->(30.671266743434717, 0.0, 51.017125308680384)
state:field, action:SDs, timestep:15, reward:4.54976236644071
==================================================
coord:(30.671266743434717, 0.0, 51.017125308680384)->(24.671266743434632, 0.0, 51.017125308680384)
state:field, action:Ss, timestep:16, reward:5.999993374932281
==================================================
coord:(24.671266743434632, 0.0, 51.017125308680384)->(20.428626056315355, 0.0, 55.259765995799874)
state:field, action:SDs, timestep:17, reward:3.626973455143526
==================================================
coord:(20.428626056315355, 0.0, 55.259765995799874)->(20.49933673443401, 0.0, 55.189055317681216)
state:field, action:WAsj, timestep:18, reward:-0.04805086055839247
==================================================
coord:(20.49933673443401, 0.0, 55.189055317681216)->(20.570047412552665, 0.0, 55.11834463956256)
state:field, action:WAsj, timestep:19, reward:-0.048558837525735754
==================================================
coord:(20.570047412552665, 0.0, 55.11834463956256)->(20.64075809067132, 0.0, 55.189055317681216)
state:field, action:WDsj, timestep:20, reward:-0.08735614700264982
==================================================
coord:(20.64075809067132, 0.0, 55.189055317681216)->(20.702040678374154, 0.0, 55.12777272997838)
state:field, action:WAj, timestep:21, reward:-0.04224838360593175
==================================================
coord:(20.702040678374154, 0.0, 55.12777272997838)->(16.459399991254877, 0.0, 59.37041341709787)
state:field, action:SDs, timestep:22, reward:1.8741325197736423
==================================================
coord:(16.459399991254877, 0.0, 59.37041341709787)->(16.398117403552043, 0.0, 59.30913082939504)
state:field, action:SAj, timestep:23, reward:0.08613459793079947
==================================================
coord:(16.398117403552043, 0.0, 59.30913082939504)->(12.721162141381988, 0.0, 55.632175567224984)
state:field, action:SA, timestep:24, reward:5.147437555115399
==================================================
coord:(12.721162141381988, 0.0, 55.632175567224984)->(9.397760269805222, 0.0, 52.30877369564805)
state:field, action:SAsj, timestep:25, reward:4.521623221377679
==================================================
coord:(9.397760269805222, 0.0, 52.30877369564805)->(9.336477682102387, 0.0, 52.370056283350884)
state:field, action:SDj, timestep:26, reward:0.03428829939537348
==================================================
coord:(9.336477682102387, 0.0, 52.370056283350884)->(5.659522419932333, 0.0, 48.69310102118083)
state:field, action:SA, timestep:27, reward:1.2748739958415483
==================================================
coord:(5.659522419932333, 0.0, 48.69310102118083)->(9.053634969627755, 0.0, 45.29898847148524)
state:field, action:WAsj, timestep:28, reward:-4.135330707448436
==================================================
coord:(9.053634969627755, 0.0, 45.29898847148524)->(11.321090714632621, 0.0, 47.566444216490105)
state:field, action:WDj, timestep:29, reward:0.13460055265945314
==================================================
coord:(11.321090714632621, 0.0, 47.566444216490105)->(7.644135452462567, 0.0, 43.88948895432005)
state:field, action:SA, timestep:30, reward:-0.9653944101192531
==================================================
coord:(7.644135452462567, 0.0, 43.88948895432005)->(7.644135452462567, 0.0, 49.08948895432001)
state:field, action:D, timestep:31, reward:4.777463313609227
==================================================
coord:(7.644135452462567, 0.0, 49.08948895432001)->(2.444135452462554, 0.0, 49.08948895432001)
state:field, action:S, timestep:32, reward:-1.515994456751832
==================================================
coord:(2.444135452462554, 0.0, 49.08948895432001)->(6.121090714632608, 0.0, 45.41253369214996)
state:field, action:WA, timestep:33, reward:-1.5521427779144181
==================================================
coord:(6.121090714632608, 0.0, 45.41253369214996)->(6.121090714632608, 0.0, 50.61253369214992)
state:field, action:D, timestep:34, reward:5.182005136551651
==================================================
