coord:(69.0, 12.491906707447338, 54.0)->(69.0, 12.491906707447338, 54.0)
state:field, action:Wait, timestep:1, reward:-0.0
==================================================
coord:(69.0, 12.491906707447338, 54.0)->(74.99999999999966, 12.491906707447338, 54.0)
state:field, action:Ws, timestep:2, reward:2.1612305988810494
==================================================
coord:(74.99999999999966, 12.491906707447338, 54.0)->(80.20000000000005, 12.491906707447338, 54.0)
state:field, action:W, timestep:3, reward:-0.24146554603416348
==================================================
coord:(80.20000000000005, 12.491906707447338, 54.0)->(80.20000000000005, 12.491906707447338, 60.000000000000085)
state:field, action:Ds, timestep:4, reward:-0.4522179097107788
==================================================
coord:(80.20000000000005, 12.491906707447338, 60.000000000000085)->(75.95735931288056, 11.495573374114008, 55.757359312880595)
state:field, action:SAsj, timestep:5, reward:1.956647509259037
==================================================
coord:(75.95735931288056, 11.495573374114008, 55.757359312880595)->(75.95735931288056, 11.495573374114008, 55.757359312880595)
state:air, action:j, timestep:6, reward:-0.0
==================================================
coord:(75.95735931288056, 11.495573374114008, 55.757359312880595)->(75.95735931288056, 11.495573374114008, 55.757359312880595)
state:parachute, action:j, timestep:7, reward:-0.0
==================================================
coord:(75.95735931288056, 11.495573374114008, 55.757359312880595)->(75.95735931288056, 11.495573374114008, 55.757359312880595)
state:air, action:Wait, timestep:8, reward:-0.0
==================================================
coord:(75.95735931288056, 11.495573374114008, 55.757359312880595)->(75.95735931288056, 11.495573374114008, 55.757359312880595)
state:air, action:j, timestep:9, reward:-0.0
==================================================
coord:(75.95735931288056, 11.495573374114008, 55.757359312880595)->(75.95735931288056, 7.595573374114031, 60.957359312880556)
state:parachute, action:D, timestep:10, reward:2.4140988364450457
==================================================
coord:(75.95735931288056, 7.595573374114031, 60.957359312880556)->(75.95735931288056, 3.69557337411401, 55.757359312880595)
state:parachute, action:A, timestep:11, reward:5.283433602041315
==================================================
coord:(75.95735931288056, 3.69557337411401, 55.757359312880595)->(80.03069264621419, 0.0, 55.757359312880595)
state:parachute, action:W, timestep:12, reward:0.7994682507839261
==================================================
coord:(80.03069264621419, 0.0, 55.757359312880595)->(76.82402597954729, 0.0, 55.757359312880595)
state:field, action:Sj, timestep:13, reward:2.7405598446611688
==================================================
