coord:(69.0, 12.491906707447338, 54.0)->(69.0, 12.491906707447338, 54.0)
state:field, action:Wait, timestep:1, reward:-0.0
==================================================
coord:(69.0, 12.491906707447338, 54.0)->(74.99999999999966, 11.495573374114008, 54.0)
state:field, action:Wsj, timestep:2, reward:3.1308878295924956
==================================================
coord:(74.99999999999966, 11.495573374114008, 54.0)->(74.99999999999966, 11.495573374114008, 54.0)
state:air, action:Wait, timestep:3, reward:-0.0
==================================================
coord:(74.99999999999966, 11.495573374114008, 54.0)->(74.99999999999966, 11.495573374114008, 54.0)
state:air, action:j, timestep:4, reward:-0.0
==================================================
coord:(74.99999999999966, 11.495573374114008, 54.0)->(71.3230447378296, 7.595573374114031, 50.323044737829946)
state:parachute, action:SA, timestep:5, reward:0.7840896714315146
==================================================
coord:(71.3230447378296, 7.595573374114031, 50.323044737829946)->(76.52304473782999, 3.69557337411401, 50.323044737829946)
state:parachute, action:W, timestep:6, reward:4.26031411893681
==================================================
coord:(76.52304473782999, 3.69557337411401, 50.323044737829946)->(73.15250241417411, 0.0, 53.69358706148583)
state:parachute, action:SD, timestep:7, reward:2.300455255151854
==================================================
coord:(73.15250241417411, 0.0, 53.69358706148583)->(73.08179173605545, 0.0, 53.62287638336717)
state:field, action:SAsj, timestep:8, reward:-0.09706880637163895
==================================================
coord:(73.08179173605545, 0.0, 53.62287638336717)->(73.18179173605544, 0.0, 53.62287638336717)
state:field, action:Wsj, timestep:9, reward:0.08519683124249067
==================================================
coord:(73.18179173605544, 0.0, 53.62287638336717)->(73.18179173605544, 0.0, 53.52287638336717)
state:field, action:Asj, timestep:10, reward:-0.05364351165802894
==================================================
coord:(73.18179173605544, 0.0, 53.52287638336717)->(73.18179173605544, 0.0, 59.522876383367255)
state:field, action:Ds, timestep:11, reward:-0.6437712448105337
==================================================
coord:(73.18179173605544, 0.0, 59.522876383367255)->(76.8587469982255, 0.0, 55.8459211211972)
state:field, action:WA, timestep:12, reward:4.985956874464726
==================================================
