coord:(1.0, 0.0, 2.0)->(1.0, 0.0, 2.0)
state:field-4, action:Wait, timestep:1, reward:-0.0
==================================================

coord:(1.0, 0.0, 2.0)->(4.293333212534588, 0.0, 2.0)
state:field-4, action:Wj, timestep:2, reward:0.5903897033417351
==================================================

coord:(4.293333212534588, 0.0, 2.0)->(8.535973707834884, 0.0, 6.242640495300289)
state:field-4, action:WDs, timestep:3, reward:3.113930375811549
==================================================

coord:(8.535973707834884, 0.0, 6.242640495300289)->(2.535973707834899, 0.0, 6.242640495300289)
state:field-4, action:Ss, timestep:4, reward:-0.41664413403334066
==================================================

coord:(2.535973707834899, 0.0, 6.242640495300289)->(3.3326473051154375, 1.3780906601234642, 7.039314092580834)
state:field-3, action:WDj, timestep:5, reward:1.6854134092694686
==================================================

coord:(3.3326473051154375, 1.3780906601234642, 7.039314092580834)->(2.352125954616313, 1.4186303839565875, 8.019835443079964)
state:field-3, action:SD, timestep:6, reward:0.4503216403687169
==================================================

coord:(2.352125954616313, 1.4186303839565875, 8.019835443079964)->(3.059232703833028, 1.3780906601234642, 7.312728693863249)
state:field-3, action:WAs, timestep:7, reward:-0.324128826661088
==================================================

coord:(3.059232703833028, 1.3780906601234642, 7.312728693863249)->(1.0592327038330263, 0.918326757429295, 7.312728693863249)
state:field-3, action:Ss, timestep:8, reward:-0.831211961721035
==================================================

coord:(1.0592327038330263, 0.918326757429295, 7.312728693863249)->(-0.0014274199920465414, 0.6706045352070729, 6.252068570038177)
state:field-3, action:SAs, timestep:9, reward:-1.1750473682842753
==================================================

