coord:(1.0, 0.0, 2.0)->(1.0, 0.0, 2.0)
state:field-4, action:Wait, timestep:1, reward:-0.0
==================================================

coord:(1.0, 0.0, 2.0)->(4.293333212534588, 0.0, 2.0)
state:field-4, action:Wj, timestep:2, reward:0.5903897033417351
==================================================

coord:(4.293333212534588, 0.0, 2.0)->(8.535973707834884, 0.0, 6.242640495300289)
state:field-4, action:WDs, timestep:3, reward:3.113930375811549
==================================================

coord:(8.535973707834884, 0.0, 6.242640495300289)->(2.535973707834899, 0.0, 6.242640495300289)
state:field-4, action:Ss, timestep:4, reward:-0.41664413403334066
==================================================

coord:(2.535973707834899, 0.0, 6.242640495300289)->(3.3326473051154375, 1.3780906601234642, 7.039314092580834)
state:field-3, action:WDj, timestep:5, reward:1.6854134092694686
==================================================

coord:(3.3326473051154375, 1.3780906601234642, 7.039314092580834)->(2.352125954616313, 1.4186303839565875, 8.019835443079964)
state:field-3, action:SD, timestep:6, reward:0.4503216403687169
==================================================

coord:(2.352125954616313, 1.4186303839565875, 8.019835443079964)->(3.059232703833028, 1.3780906601234642, 7.312728693863249)
state:field-3, action:WAs, timestep:7, reward:-0.324128826661088
==================================================

coord:(3.059232703833028, 1.3780906601234642, 7.312728693863249)->(1.0592327038330263, 0.918326757429295, 7.312728693863249)
state:field-3, action:Ss, timestep:8, reward:-0.831211961721035
==================================================

coord:(1.0592327038330263, 0.918326757429295, 7.312728693863249)->(6.259232513098158, 2.272378181922819, 7.312728693863249)
state:field-3, action:W, timestep:9, reward:1.8773392077330193
==================================================

coord:(6.259232513098158, 2.272378181922819, 7.312728693863249)->(6.259232513098158, 2.272378181922819, 6.912728693863251)
state:field-3, action:As, timestep:10, reward:-0.2775562020216533
==================================================

coord:(6.259232513098158, 2.272378181922819, 6.912728693863251)->(6.259232513098158, 4.872378086555387, 7.0127286938632505)
state:wall-8, action:Wj, timestep:11, reward:1.8343097374357242
==================================================

coord:(6.259232513098158, 4.872378086555387, 7.0127286938632505)->(6.259232513098158, 7.472377991187972, 8.012728693863247)
state:wall-8, action:Wj, timestep:12, reward:2.3612841070657034
==================================================

coord:(6.259232513098158, 7.472377991187972, 8.012728693863247)->(6.259232513098158, 6.172378038871706, 8.012728693863247)
state:wall-7, action:S, timestep:13, reward:-0.7680094101638133
==================================================

coord:(6.259232513098158, 6.172378038871706, 8.012728693863247)->(6.259232513098158, 8.772377943504276, 9.012728693863261)
state:wall-7, action:Wj, timestep:14, reward:2.313561775305592
==================================================

coord:(6.259232513098158, 8.772377943504276, 9.012728693863261)->(6.259232513098158, 7.472377991187979, 9.012728693863261)
state:wall-6, action:S, timestep:15, reward:-0.7313469748817703
==================================================

coord:(6.259232513098158, 7.472377991187979, 9.012728693863261)->(6.259232513098158, 8.772377943504276, 10.012728693863275)
state:wall-6, action:W, timestep:16, reward:1.5668278886653422
==================================================

coord:(6.259232513098158, 8.772377943504276, 10.012728693863275)->(6.259232513098158, 7.472377991187979, 10.012728693863275)
state:wall-6, action:S, timestep:17, reward:-0.7787512685494775
==================================================

coord:(6.259232513098158, 7.472377991187979, 10.012728693863275)->(6.259232513098158, 6.172378038871712, 10.012728693863275)
state:wall-6, action:S, timestep:18, reward:-0.8576602706827128
==================================================

coord:(6.259232513098158, 6.172378038871712, 10.012728693863275)->(6.2592325130981585, 8.772377943504283, 11.01272869386329)
state:wall-6, action:Wj, timestep:19, reward:2.4451988326155067
==================================================

coord:(6.2592325130981585, 8.772377943504283, 11.01272869386329)->(6.2592325130981585, 11.372377848136816, 12.012728693863304)
state:wall-6, action:Wj, timestep:20, reward:2.2468649329357273
==================================================

coord:(6.2592325130981585, 11.372377848136816, 12.012728693863304)->(6.2592325130981585, 12.672377800453136, 13.012728693863316)
state:wall-5, action:W, timestep:21, reward:1.4574863036038153
==================================================

coord:(6.2592325130981585, 12.672377800453136, 13.012728693863316)->(6.2592325130981585, 13.972377752769455, 14.01272869386333)
state:wall-5, action:W, timestep:22, reward:1.3663795107649044
==================================================

coord:(6.2592325130981585, 13.972377752769455, 14.01272869386333)->(6.2592325130981585, 12.672377800453136, 14.01272869386333)
state:wall-5, action:S, timestep:23, reward:-0.4614795305231949
==================================================

coord:(6.2592325130981585, 12.672377800453136, 14.01272869386333)->(6.2592325130981585, 13.972377752769455, 15.012728693863345)
state:wall-5, action:W, timestep:24, reward:1.4107555324677596
==================================================

coord:(6.2592325130981585, 13.972377752769455, 15.012728693863345)->(6.2592325130981585, 12.672377800453136, 15.012728693863345)
state:wall-5, action:S, timestep:25, reward:-0.5369433346148504
==================================================

coord:(6.2592325130981585, 12.672377800453136, 15.012728693863345)->(6.2592325130981585, 13.972377752769455, 16.01272869386336)
state:wall-5, action:W, timestep:26, reward:1.463582505053692
==================================================

coord:(6.2592325130981585, 13.972377752769455, 16.01272869386336)->(6.2592325130981585, 16.182377671707115, 16.01272869386336)
state:wall-5, action:Wj, timestep:27, reward:0.2855481736302403
==================================================

coord:(6.2592325130981585, 16.182377671707115, 16.01272869386336)->(6.2592325130981585, 10.188003256089596, 16.01272869386336)
state:air-10, action:Wait, timestep:28, reward:-2.689068795412042
==================================================

coord:(6.2592325130981585, 10.188003256089596, 16.01272869386336)->(7.055906110378703, 10.487706933332309, 15.216055096582826)
state:field-0, action:WA, timestep:29, reward:-0.2371423392352705
==================================================

coord:(7.055906110378703, 10.487706933332309, 15.216055096582826)->(6.2592325130981585, 10.188003256089596, 16.01272869386336)
state:field-0, action:SD, timestep:30, reward:0.2371423392352705
==================================================

coord:(6.2592325130981585, 10.188003256089596, 16.01272869386336)->(7.055906110378703, 10.487706933332309, 15.216055096582826)
state:field-0, action:WA, timestep:31, reward:-0.2371423392352705
==================================================

coord:(7.055906110378703, 10.487706933332309, 15.216055096582826)->(7.055906110378703, 10.487706933332309, 15.216055096582826)
state:field-0, action:Wait, timestep:32, reward:-0.0
==================================================

coord:(7.055906110378703, 10.487706933332309, 15.216055096582826)->(8.036427460877833, 10.487706933332309, 14.235533746083709)
state:field-0, action:WA, timestep:33, reward:-0.770674233891385
==================================================

coord:(8.036427460877833, 10.487706933332309, 14.235533746083709)->(9.01694881137695, 10.188003256089596, 13.255012395584592)
state:field-0, action:WA, timestep:34, reward:-1.104470215079365
==================================================

coord:(9.01694881137695, 10.188003256089596, 13.255012395584592)->(8.220275214096418, 10.487706933332309, 14.051685992865124)
state:field-0, action:SD, timestep:35, reward:0.9413461908203491
==================================================

coord:(8.220275214096418, 10.487706933332309, 14.051685992865124)->(8.220275214096418, 10.487706933332309, 14.051685992865124)
state:field-0, action:Wait, timestep:36, reward:-0.0
==================================================

coord:(8.220275214096418, 10.487706933332309, 14.051685992865124)->(8.220275214096418, 10.487706933332309, 14.051685992865124)
state:field-0, action:Wait, timestep:37, reward:-0.0
==================================================

coord:(8.220275214096418, 10.487706933332309, 14.051685992865124)->(8.220275214096418, 10.487706933332309, 14.051685992865124)
state:field-0, action:Wait, timestep:38, reward:-0.0
==================================================

coord:(8.220275214096418, 10.487706933332309, 14.051685992865124)->(9.01694881137695, 10.188003256089596, 13.255012395584592)
state:field-0, action:WA, timestep:39, reward:-0.9413461908203491
==================================================

coord:(9.01694881137695, 10.188003256089596, 13.255012395584592)->(8.220275214096418, 10.487706933332309, 14.051685992865124)
state:field-0, action:SD, timestep:40, reward:0.9413461908203491
==================================================

coord:(8.220275214096418, 10.487706933332309, 14.051685992865124)->(8.220275214096418, 10.487706933332309, 14.051685992865124)
state:field-0, action:Wait, timestep:41, reward:-0.0
==================================================

coord:(8.220275214096418, 10.487706933332309, 14.051685992865124)->(7.239753863597289, 10.487706933332309, 15.032207343364242)
state:field-0, action:SD, timestep:42, reward:0.8034397808631679
==================================================

coord:(7.239753863597289, 10.487706933332309, 15.032207343364242)->(6.259232513098158, 10.188003256089596, 16.01272869386336)
state:field-0, action:SD, timestep:43, reward:0.36750081652250266
==================================================

coord:(6.259232513098158, 10.188003256089596, 16.01272869386336)->(6.259232513098158, 10.188003256089596, 16.01272869386336)
state:field-0, action:Wait, timestep:44, reward:-0.0
==================================================

coord:(6.259232513098158, 10.188003256089596, 16.01272869386336)->(6.259232513098158, 10.188003256089596, 16.01272869386336)
state:field-0, action:Wait, timestep:45, reward:-0.0
==================================================

coord:(6.259232513098158, 10.188003256089596, 16.01272869386336)->(6.259232513098158, 10.188003256089596, 16.01272869386336)
state:field-0, action:Wait, timestep:46, reward:-0.0
==================================================

coord:(6.259232513098158, 10.188003256089596, 16.01272869386336)->(6.259232513098158, 10.188003256089596, 16.01272869386336)
state:field-0, action:Wait, timestep:47, reward:-0.0
==================================================

coord:(6.259232513098158, 10.188003256089596, 16.01272869386336)->(7.055906110378702, 10.487706933332309, 15.216055096582826)
state:field-0, action:WA, timestep:48, reward:-0.23714233923526962
==================================================

coord:(7.055906110378702, 10.487706933332309, 15.216055096582826)->(8.036427460877833, 10.487706933332309, 14.235533746083709)
state:field-0, action:WA, timestep:49, reward:-0.770674233891385
==================================================

coord:(8.036427460877833, 10.487706933332309, 14.235533746083709)->(7.239753863597289, 10.487706933332309, 15.032207343364242)
state:field-0, action:SD, timestep:50, reward:0.640315756604152
==================================================

coord:(7.239753863597289, 10.487706933332309, 15.032207343364242)->(8.036427460877833, 10.487706933332309, 14.235533746083709)
state:field-0, action:WA, timestep:51, reward:-0.640315756604152
==================================================

coord:(8.036427460877833, 10.487706933332309, 14.235533746083709)->(8.036427460877833, 10.487706933332309, 14.235533746083709)
state:field-0, action:Wait, timestep:52, reward:-0.0
==================================================

coord:(8.036427460877833, 10.487706933332309, 14.235533746083709)->(7.239753863597289, 10.487706933332309, 15.032207343364242)
state:field-0, action:SD, timestep:53, reward:0.640315756604152
==================================================

coord:(7.239753863597289, 10.487706933332309, 15.032207343364242)->(8.036427460877833, 10.487706933332309, 14.235533746083709)
state:field-0, action:WA, timestep:54, reward:-0.640315756604152
==================================================

coord:(8.036427460877833, 10.487706933332309, 14.235533746083709)->(8.036427460877833, 10.487706933332309, 14.235533746083709)
state:field-0, action:Wait, timestep:55, reward:-0.0
==================================================

coord:(8.036427460877833, 10.487706933332309, 14.235533746083709)->(8.036427460877833, 10.487706933332309, 14.235533746083709)
state:field-0, action:Wait, timestep:56, reward:-0.0
==================================================

coord:(8.036427460877833, 10.487706933332309, 14.235533746083709)->(8.036427460877833, 10.487706933332309, 14.235533746083709)
state:field-0, action:Wait, timestep:57, reward:-0.0
==================================================

coord:(8.036427460877833, 10.487706933332309, 14.235533746083709)->(9.01694881137695, 10.188003256089596, 13.255012395584592)
state:field-0, action:WA, timestep:58, reward:-1.104470215079365
==================================================

coord:(9.01694881137695, 10.188003256089596, 13.255012395584592)->(9.01694881137695, 10.188003256089596, 13.255012395584592)
state:field-0, action:Wait, timestep:59, reward:-0.0
==================================================

coord:(9.01694881137695, 10.188003256089596, 13.255012395584592)->(9.01694881137695, 10.188003256089596, 13.255012395584592)
state:field-0, action:Wait, timestep:60, reward:-0.0
==================================================

coord:(9.01694881137695, 10.188003256089596, 13.255012395584592)->(8.220275214096418, 10.487706933332309, 14.051685992865124)
state:field-0, action:SD, timestep:61, reward:0.9413461908203491
==================================================

coord:(8.220275214096418, 10.487706933332309, 14.051685992865124)->(7.239753863597289, 10.487706933332309, 15.032207343364242)
state:field-0, action:SD, timestep:62, reward:0.8034397808631679
==================================================

coord:(7.239753863597289, 10.487706933332309, 15.032207343364242)->(6.259232513098158, 10.188003256089596, 16.01272869386336)
state:field-0, action:SD, timestep:63, reward:0.36750081652250266
==================================================

coord:(6.259232513098158, 10.188003256089596, 16.01272869386336)->(6.259232513098158, 10.188003256089596, 16.01272869386336)
state:field-0, action:Wait, timestep:64, reward:-0.0
==================================================

coord:(6.259232513098158, 10.188003256089596, 16.01272869386336)->(7.055906110378702, 10.487706933332309, 15.216055096582826)
state:field-0, action:WA, timestep:65, reward:-0.23714233923526962
==================================================

coord:(7.055906110378702, 10.487706933332309, 15.216055096582826)->(8.036427460877833, 10.487706933332309, 14.235533746083709)
state:field-0, action:WA, timestep:66, reward:-0.770674233891385
==================================================

coord:(8.036427460877833, 10.487706933332309, 14.235533746083709)->(9.01694881137695, 10.188003256089596, 13.255012395584592)
state:field-0, action:WA, timestep:67, reward:-1.104470215079365
==================================================

coord:(9.01694881137695, 10.188003256089596, 13.255012395584592)->(9.01694881137695, 10.188003256089596, 13.255012395584592)
state:field-0, action:Wait, timestep:68, reward:-0.0
==================================================

coord:(9.01694881137695, 10.188003256089596, 13.255012395584592)->(9.01694881137695, 10.188003256089596, 13.255012395584592)
state:field-0, action:Wait, timestep:69, reward:-0.0
==================================================

coord:(9.01694881137695, 10.188003256089596, 13.255012395584592)->(8.220275214096418, 10.487706933332309, 14.051685992865124)
state:field-0, action:SD, timestep:70, reward:0.9413461908203491
==================================================

coord:(8.220275214096418, 10.487706933332309, 14.051685992865124)->(8.220275214096418, 10.487706933332309, 14.051685992865124)
state:field-0, action:Wait, timestep:71, reward:-0.0
==================================================

coord:(8.220275214096418, 10.487706933332309, 14.051685992865124)->(8.220275214096418, 10.487706933332309, 14.051685992865124)
state:field-0, action:Wait, timestep:72, reward:-0.0
==================================================

coord:(8.220275214096418, 10.487706933332309, 14.051685992865124)->(9.01694881137695, 10.188003256089596, 13.255012395584592)
state:field-0, action:WA, timestep:73, reward:-0.9413461908203491
==================================================

coord:(9.01694881137695, 10.188003256089596, 13.255012395584592)->(8.220275214096418, 10.487706933332309, 14.051685992865124)
state:field-0, action:SD, timestep:74, reward:0.9413461908203491
==================================================

coord:(8.220275214096418, 10.487706933332309, 14.051685992865124)->(9.01694881137695, 10.188003256089596, 13.255012395584592)
state:field-0, action:WA, timestep:75, reward:-0.9413461908203491
==================================================

coord:(9.01694881137695, 10.188003256089596, 13.255012395584592)->(8.220275214096418, 10.487706933332309, 14.051685992865124)
state:field-0, action:SD, timestep:76, reward:0.9413461908203491
==================================================

coord:(8.220275214096418, 10.487706933332309, 14.051685992865124)->(9.01694881137695, 10.188003256089596, 13.255012395584592)
state:field-0, action:WA, timestep:77, reward:-0.9413461908203491
==================================================

coord:(9.01694881137695, 10.188003256089596, 13.255012395584592)->(8.220275214096418, 10.487706933332309, 14.051685992865124)
state:field-0, action:SD, timestep:78, reward:0.9413461908203491
==================================================

coord:(8.220275214096418, 10.487706933332309, 14.051685992865124)->(7.239753863597289, 10.487706933332309, 15.032207343364242)
state:field-0, action:SD, timestep:79, reward:0.8034397808631679
==================================================

coord:(7.239753863597289, 10.487706933332309, 15.032207343364242)->(6.259232513098158, 10.188003256089596, 16.01272869386336)
state:field-0, action:SD, timestep:80, reward:0.36750081652250266
==================================================

coord:(6.259232513098158, 10.188003256089596, 16.01272869386336)->(6.259232513098158, 10.188003256089596, 16.01272869386336)
state:field-0, action:Wait, timestep:81, reward:-0.0
==================================================

coord:(6.259232513098158, 10.188003256089596, 16.01272869386336)->(7.055906110378702, 10.487706933332309, 15.216055096582826)
state:field-0, action:WA, timestep:82, reward:-0.23714233923526962
==================================================

coord:(7.055906110378702, 10.487706933332309, 15.216055096582826)->(8.036427460877833, 10.487706933332309, 14.235533746083709)
state:field-0, action:WA, timestep:83, reward:-0.770674233891385
==================================================

coord:(8.036427460877833, 10.487706933332309, 14.235533746083709)->(8.036427460877833, 10.487706933332309, 14.235533746083709)
state:field-0, action:Wait, timestep:84, reward:-0.0
==================================================

coord:(8.036427460877833, 10.487706933332309, 14.235533746083709)->(7.239753863597289, 10.487706933332309, 15.032207343364242)
state:field-0, action:SD, timestep:85, reward:0.640315756604152
==================================================

coord:(7.239753863597289, 10.487706933332309, 15.032207343364242)->(6.259232513098158, 10.188003256089596, 16.01272869386336)
state:field-0, action:SD, timestep:86, reward:0.36750081652250266
==================================================

coord:(6.259232513098158, 10.188003256089596, 16.01272869386336)->(6.259232513098158, 10.188003256089596, 16.01272869386336)
state:field-0, action:Wait, timestep:87, reward:-0.0
==================================================

coord:(6.259232513098158, 10.188003256089596, 16.01272869386336)->(7.055906110378702, 10.487706933332309, 15.216055096582826)
state:field-0, action:WA, timestep:88, reward:-0.23714233923526962
==================================================

coord:(7.055906110378702, 10.487706933332309, 15.216055096582826)->(6.259232513098158, 10.188003256089596, 16.01272869386336)
state:field-0, action:SD, timestep:89, reward:0.23714233923526962
==================================================

coord:(6.259232513098158, 10.188003256089596, 16.01272869386336)->(7.055906110378702, 10.487706933332309, 15.216055096582826)
state:field-0, action:WA, timestep:90, reward:-0.23714233923526962
==================================================

coord:(7.055906110378702, 10.487706933332309, 15.216055096582826)->(6.259232513098158, 10.188003256089596, 16.01272869386336)
state:field-0, action:SD, timestep:91, reward:0.23714233923526962
==================================================

coord:(6.259232513098158, 10.188003256089596, 16.01272869386336)->(7.055906110378702, 10.487706933332309, 15.216055096582826)
state:field-0, action:WA, timestep:92, reward:-0.23714233923526962
==================================================

coord:(7.055906110378702, 10.487706933332309, 15.216055096582826)->(8.036427460877833, 10.487706933332309, 14.235533746083709)
state:field-0, action:WA, timestep:93, reward:-0.770674233891385
==================================================

coord:(8.036427460877833, 10.487706933332309, 14.235533746083709)->(7.239753863597289, 10.487706933332309, 15.032207343364242)
state:field-0, action:SD, timestep:94, reward:0.640315756604152
==================================================

coord:(7.239753863597289, 10.487706933332309, 15.032207343364242)->(8.036427460877833, 10.487706933332309, 14.235533746083709)
state:field-0, action:WA, timestep:95, reward:-0.640315756604152
==================================================

coord:(8.036427460877833, 10.487706933332309, 14.235533746083709)->(9.01694881137695, 10.188003256089596, 13.255012395584592)
state:field-0, action:WA, timestep:96, reward:-1.104470215079365
==================================================

coord:(9.01694881137695, 10.188003256089596, 13.255012395584592)->(9.01694881137695, 10.188003256089596, 13.255012395584592)
state:field-0, action:Wait, timestep:97, reward:-0.0
==================================================

coord:(9.01694881137695, 10.188003256089596, 13.255012395584592)->(8.220275214096418, 10.487706933332309, 14.051685992865124)
state:field-0, action:SD, timestep:98, reward:0.9413461908203491
==================================================

coord:(8.220275214096418, 10.487706933332309, 14.051685992865124)->(8.220275214096418, 10.487706933332309, 14.051685992865124)
state:field-0, action:Wait, timestep:99, reward:-0.0
==================================================

coord:(8.220275214096418, 10.487706933332309, 14.051685992865124)->(7.239753863597289, 10.487706933332309, 15.032207343364242)
state:field-0, action:SD, timestep:100, reward:0.8034397808631679
==================================================

coord:(7.239753863597289, 10.487706933332309, 15.032207343364242)->(8.036427460877833, 10.487706933332309, 14.235533746083709)
state:field-0, action:WA, timestep:101, reward:-0.640315756604152
==================================================

coord:(8.036427460877833, 10.487706933332309, 14.235533746083709)->(9.01694881137695, 10.188003256089596, 13.255012395584592)
state:field-0, action:WA, timestep:102, reward:-1.104470215079365
==================================================

coord:(9.01694881137695, 10.188003256089596, 13.255012395584592)->(9.01694881137695, 10.188003256089596, 13.255012395584592)
state:field-0, action:Wait, timestep:103, reward:-0.0
==================================================

coord:(9.01694881137695, 10.188003256089596, 13.255012395584592)->(8.220275214096418, 10.487706933332309, 14.051685992865124)
state:field-0, action:SD, timestep:104, reward:0.9413461908203491
==================================================

coord:(8.220275214096418, 10.487706933332309, 14.051685992865124)->(7.239753863597289, 10.487706933332309, 15.032207343364242)
state:field-0, action:SD, timestep:105, reward:0.8034397808631679
==================================================

coord:(7.239753863597289, 10.487706933332309, 15.032207343364242)->(6.259232513098158, 10.188003256089596, 16.01272869386336)
state:field-0, action:SD, timestep:106, reward:0.36750081652250266
==================================================

coord:(6.259232513098158, 10.188003256089596, 16.01272869386336)->(6.259232513098158, 10.188003256089596, 16.01272869386336)
state:field-0, action:Wait, timestep:107, reward:-0.0
==================================================

coord:(6.259232513098158, 10.188003256089596, 16.01272869386336)->(6.259232513098158, 10.188003256089596, 16.01272869386336)
state:field-0, action:Wait, timestep:108, reward:-0.0
==================================================

coord:(6.259232513098158, 10.188003256089596, 16.01272869386336)->(7.055906110378702, 10.487706933332309, 15.216055096582826)
state:field-0, action:WA, timestep:109, reward:-0.23714233923526962
==================================================

coord:(7.055906110378702, 10.487706933332309, 15.216055096582826)->(7.055906110378702, 10.487706933332309, 15.216055096582826)
state:field-0, action:Wait, timestep:110, reward:-0.0
==================================================

coord:(7.055906110378702, 10.487706933332309, 15.216055096582826)->(7.055906110378702, 10.487706933332309, 15.216055096582826)
state:field-0, action:Wait, timestep:111, reward:-0.0
==================================================

coord:(7.055906110378702, 10.487706933332309, 15.216055096582826)->(7.055906110378702, 10.487706933332309, 15.216055096582826)
state:field-0, action:Wait, timestep:112, reward:-0.0
==================================================

coord:(7.055906110378702, 10.487706933332309, 15.216055096582826)->(7.055906110378702, 10.487706933332309, 15.216055096582826)
state:field-0, action:Wait, timestep:113, reward:-0.0
==================================================

coord:(7.055906110378702, 10.487706933332309, 15.216055096582826)->(6.259232513098158, 10.188003256089596, 16.01272869386336)
state:field-0, action:SD, timestep:114, reward:0.23714233923526962
==================================================

coord:(6.259232513098158, 10.188003256089596, 16.01272869386336)->(6.259232513098158, 10.188003256089596, 16.01272869386336)
state:field-0, action:Wait, timestep:115, reward:-0.0
==================================================

coord:(6.259232513098158, 10.188003256089596, 16.01272869386336)->(6.259232513098158, 10.188003256089596, 16.01272869386336)
state:field-0, action:Wait, timestep:116, reward:-0.0
==================================================

coord:(6.259232513098158, 10.188003256089596, 16.01272869386336)->(6.259232513098158, 10.188003256089596, 16.01272869386336)
state:field-0, action:Wait, timestep:117, reward:-0.0
==================================================

coord:(6.259232513098158, 10.188003256089596, 16.01272869386336)->(7.055906110378702, 10.487706933332309, 15.216055096582826)
state:field-0, action:WA, timestep:118, reward:-0.23714233923526962
==================================================

coord:(7.055906110378702, 10.487706933332309, 15.216055096582826)->(7.055906110378702, 10.487706933332309, 15.216055096582826)
state:field-0, action:Wait, timestep:119, reward:-0.0
==================================================

coord:(7.055906110378702, 10.487706933332309, 15.216055096582826)->(6.259232513098158, 10.188003256089596, 16.01272869386336)
state:field-0, action:SD, timestep:120, reward:0.23714233923526962
==================================================

coord:(6.259232513098158, 10.188003256089596, 16.01272869386336)->(6.259232513098158, 10.188003256089596, 16.01272869386336)
state:field-0, action:Wait, timestep:121, reward:-0.0
==================================================

coord:(6.259232513098158, 10.188003256089596, 16.01272869386336)->(6.259232513098158, 10.188003256089596, 16.01272869386336)
state:field-0, action:Wait, timestep:122, reward:-0.0
==================================================

coord:(6.259232513098158, 10.188003256089596, 16.01272869386336)->(7.055906110378702, 10.487706933332309, 15.216055096582826)
state:field-0, action:WA, timestep:123, reward:-0.23714233923526962
==================================================

coord:(7.055906110378702, 10.487706933332309, 15.216055096582826)->(8.036427460877833, 10.487706933332309, 14.235533746083709)
state:field-0, action:WA, timestep:124, reward:-0.770674233891385
==================================================

coord:(8.036427460877833, 10.487706933332309, 14.235533746083709)->(7.239753863597289, 10.487706933332309, 15.032207343364242)
state:field-0, action:SD, timestep:125, reward:0.640315756604152
==================================================

coord:(7.239753863597289, 10.487706933332309, 15.032207343364242)->(7.239753863597289, 10.487706933332309, 15.032207343364242)
state:field-0, action:Wait, timestep:126, reward:-0.0
==================================================

coord:(7.239753863597289, 10.487706933332309, 15.032207343364242)->(6.259232513098158, 10.188003256089596, 16.01272869386336)
state:field-0, action:SD, timestep:127, reward:0.36750081652250266
==================================================

coord:(6.259232513098158, 10.188003256089596, 16.01272869386336)->(6.259232513098158, 10.188003256089596, 16.01272869386336)
state:field-0, action:Wait, timestep:128, reward:-0.0
==================================================

coord:(6.259232513098158, 10.188003256089596, 16.01272869386336)->(6.259232513098158, 10.188003256089596, 16.01272869386336)
state:field-0, action:Wait, timestep:129, reward:-0.0
==================================================

coord:(6.259232513098158, 10.188003256089596, 16.01272869386336)->(6.259232513098158, 10.188003256089596, 16.01272869386336)
state:field-0, action:Wait, timestep:130, reward:-0.0
==================================================

coord:(6.259232513098158, 10.188003256089596, 16.01272869386336)->(7.055906110378702, 10.487706933332309, 15.216055096582826)
state:field-0, action:WA, timestep:131, reward:-0.23714233923526962
==================================================

coord:(7.055906110378702, 10.487706933332309, 15.216055096582826)->(8.036427460877833, 10.487706933332309, 14.235533746083709)
state:field-0, action:WA, timestep:132, reward:-0.770674233891385
==================================================

coord:(8.036427460877833, 10.487706933332309, 14.235533746083709)->(9.01694881137695, 10.188003256089596, 13.255012395584592)
state:field-0, action:WA, timestep:133, reward:-1.104470215079365
==================================================

coord:(9.01694881137695, 10.188003256089596, 13.255012395584592)->(9.01694881137695, 10.188003256089596, 13.255012395584592)
state:field-0, action:Wait, timestep:134, reward:-0.0
==================================================

coord:(9.01694881137695, 10.188003256089596, 13.255012395584592)->(9.01694881137695, 10.188003256089596, 13.255012395584592)
state:field-0, action:Wait, timestep:135, reward:-0.0
==================================================

coord:(9.01694881137695, 10.188003256089596, 13.255012395584592)->(9.01694881137695, 10.188003256089596, 13.255012395584592)
state:field-0, action:Wait, timestep:136, reward:-0.0
==================================================

coord:(9.01694881137695, 10.188003256089596, 13.255012395584592)->(9.01694881137695, 10.188003256089596, 13.255012395584592)
state:field-0, action:Wait, timestep:137, reward:-0.0
==================================================

coord:(9.01694881137695, 10.188003256089596, 13.255012395584592)->(9.01694881137695, 10.188003256089596, 13.255012395584592)
state:field-0, action:Wait, timestep:138, reward:-0.0
==================================================

coord:(9.01694881137695, 10.188003256089596, 13.255012395584592)->(8.220275214096418, 10.487706933332309, 14.051685992865124)
state:field-0, action:SD, timestep:139, reward:0.9413461908203491
==================================================

coord:(8.220275214096418, 10.487706933332309, 14.051685992865124)->(9.01694881137695, 10.188003256089596, 13.255012395584592)
state:field-0, action:WA, timestep:140, reward:-0.9413461908203491
==================================================

coord:(9.01694881137695, 10.188003256089596, 13.255012395584592)->(9.01694881137695, 10.188003256089596, 13.255012395584592)
state:field-0, action:Wait, timestep:141, reward:-0.0
==================================================

coord:(9.01694881137695, 10.188003256089596, 13.255012395584592)->(9.01694881137695, 10.188003256089596, 13.255012395584592)
state:field-0, action:Wait, timestep:142, reward:-0.0
==================================================

coord:(9.01694881137695, 10.188003256089596, 13.255012395584592)->(8.220275214096418, 10.487706933332309, 14.051685992865124)
state:field-0, action:SD, timestep:143, reward:0.9413461908203491
==================================================

coord:(8.220275214096418, 10.487706933332309, 14.051685992865124)->(7.239753863597289, 10.487706933332309, 15.032207343364242)
state:field-0, action:SD, timestep:144, reward:0.8034397808631679
==================================================

coord:(7.239753863597289, 10.487706933332309, 15.032207343364242)->(6.259232513098158, 10.188003256089596, 16.01272869386336)
state:field-0, action:SD, timestep:145, reward:0.36750081652250266
==================================================

coord:(6.259232513098158, 10.188003256089596, 16.01272869386336)->(6.259232513098158, 10.188003256089596, 16.01272869386336)
state:field-0, action:Wait, timestep:146, reward:-0.0
==================================================

coord:(6.259232513098158, 10.188003256089596, 16.01272869386336)->(6.259232513098158, 10.188003256089596, 16.01272869386336)
state:field-0, action:Wait, timestep:147, reward:-0.0
==================================================

coord:(6.259232513098158, 10.188003256089596, 16.01272869386336)->(6.259232513098158, 10.188003256089596, 16.01272869386336)
state:field-0, action:Wait, timestep:148, reward:-0.0
==================================================

coord:(6.259232513098158, 10.188003256089596, 16.01272869386336)->(6.259232513098158, 10.188003256089596, 16.01272869386336)
state:field-0, action:Wait, timestep:149, reward:-0.0
==================================================

coord:(6.259232513098158, 10.188003256089596, 16.01272869386336)->(6.259232513098158, 10.188003256089596, 16.01272869386336)
state:field-0, action:Wait, timestep:150, reward:-0.0
==================================================

coord:(6.259232513098158, 10.188003256089596, 16.01272869386336)->(6.259232513098158, 10.188003256089596, 16.01272869386336)
state:field-0, action:Wait, timestep:151, reward:-0.0
==================================================

coord:(6.259232513098158, 10.188003256089596, 16.01272869386336)->(7.055906110378702, 10.487706933332309, 15.216055096582826)
state:field-0, action:WA, timestep:152, reward:-0.23714233923526962
==================================================

coord:(7.055906110378702, 10.487706933332309, 15.216055096582826)->(7.055906110378702, 10.487706933332309, 15.216055096582826)
state:field-0, action:Wait, timestep:153, reward:-0.0
==================================================

coord:(7.055906110378702, 10.487706933332309, 15.216055096582826)->(7.055906110378702, 10.487706933332309, 15.216055096582826)
state:field-0, action:Wait, timestep:154, reward:-0.0
==================================================

coord:(7.055906110378702, 10.487706933332309, 15.216055096582826)->(8.036427460877833, 10.487706933332309, 14.235533746083709)
state:field-0, action:WA, timestep:155, reward:-0.770674233891385
==================================================

coord:(8.036427460877833, 10.487706933332309, 14.235533746083709)->(9.01694881137695, 10.188003256089596, 13.255012395584592)
state:field-0, action:WA, timestep:156, reward:-1.104470215079365
==================================================

coord:(9.01694881137695, 10.188003256089596, 13.255012395584592)->(8.220275214096418, 10.487706933332309, 14.051685992865124)
state:field-0, action:SD, timestep:157, reward:0.9413461908203491
==================================================

coord:(8.220275214096418, 10.487706933332309, 14.051685992865124)->(9.01694881137695, 10.188003256089596, 13.255012395584592)
state:field-0, action:WA, timestep:158, reward:-0.9413461908203491
==================================================

coord:(9.01694881137695, 10.188003256089596, 13.255012395584592)->(8.220275214096418, 10.487706933332309, 14.051685992865124)
state:field-0, action:SD, timestep:159, reward:0.9413461908203491
==================================================

coord:(8.220275214096418, 10.487706933332309, 14.051685992865124)->(8.220275214096418, 10.487706933332309, 14.051685992865124)
state:field-0, action:Wait, timestep:160, reward:-0.0
==================================================

coord:(8.220275214096418, 10.487706933332309, 14.051685992865124)->(8.220275214096418, 10.487706933332309, 14.051685992865124)
state:field-0, action:Wait, timestep:161, reward:-0.0
==================================================

coord:(8.220275214096418, 10.487706933332309, 14.051685992865124)->(7.239753863597289, 10.487706933332309, 15.032207343364242)
state:field-0, action:SD, timestep:162, reward:0.8034397808631679
==================================================

coord:(7.239753863597289, 10.487706933332309, 15.032207343364242)->(6.259232513098158, 10.188003256089596, 16.01272869386336)
state:field-0, action:SD, timestep:163, reward:0.36750081652250266
==================================================

coord:(6.259232513098158, 10.188003256089596, 16.01272869386336)->(6.259232513098158, 10.188003256089596, 16.01272869386336)
state:field-0, action:Wait, timestep:164, reward:-0.0
==================================================

coord:(6.259232513098158, 10.188003256089596, 16.01272869386336)->(6.259232513098158, 10.188003256089596, 16.01272869386336)
state:field-0, action:Wait, timestep:165, reward:-0.0
==================================================

coord:(6.259232513098158, 10.188003256089596, 16.01272869386336)->(6.259232513098158, 10.188003256089596, 16.01272869386336)
state:field-0, action:Wait, timestep:166, reward:-0.0
==================================================

coord:(6.259232513098158, 10.188003256089596, 16.01272869386336)->(6.259232513098158, 10.188003256089596, 16.01272869386336)
state:field-0, action:Wait, timestep:167, reward:-0.0
==================================================

coord:(6.259232513098158, 10.188003256089596, 16.01272869386336)->(7.055906110378702, 10.487706933332309, 15.216055096582826)
state:field-0, action:WA, timestep:168, reward:-0.23714233923526962
==================================================

coord:(7.055906110378702, 10.487706933332309, 15.216055096582826)->(6.259232513098158, 10.188003256089596, 16.01272869386336)
state:field-0, action:SD, timestep:169, reward:0.23714233923526962
==================================================

coord:(6.259232513098158, 10.188003256089596, 16.01272869386336)->(6.259232513098158, 10.188003256089596, 16.01272869386336)
state:field-0, action:Wait, timestep:170, reward:-0.0
==================================================

coord:(6.259232513098158, 10.188003256089596, 16.01272869386336)->(6.259232513098158, 10.188003256089596, 16.01272869386336)
state:field-0, action:Wait, timestep:171, reward:-0.0
==================================================

coord:(6.259232513098158, 10.188003256089596, 16.01272869386336)->(6.259232513098158, 10.188003256089596, 16.01272869386336)
state:field-0, action:Wait, timestep:172, reward:-0.0
==================================================

coord:(6.259232513098158, 10.188003256089596, 16.01272869386336)->(7.055906110378702, 10.487706933332309, 15.216055096582826)
state:field-0, action:WA, timestep:173, reward:-0.23714233923526962
==================================================

coord:(7.055906110378702, 10.487706933332309, 15.216055096582826)->(7.055906110378702, 10.487706933332309, 15.216055096582826)
state:field-0, action:Wait, timestep:174, reward:-0.0
==================================================

coord:(7.055906110378702, 10.487706933332309, 15.216055096582826)->(7.055906110378702, 10.487706933332309, 15.216055096582826)
state:field-0, action:Wait, timestep:175, reward:-0.0
==================================================

coord:(7.055906110378702, 10.487706933332309, 15.216055096582826)->(6.259232513098158, 10.188003256089596, 16.01272869386336)
state:field-0, action:SD, timestep:176, reward:0.23714233923526962
==================================================

coord:(6.259232513098158, 10.188003256089596, 16.01272869386336)->(7.055906110378702, 10.487706933332309, 15.216055096582826)
state:field-0, action:WA, timestep:177, reward:-0.23714233923526962
==================================================

coord:(7.055906110378702, 10.487706933332309, 15.216055096582826)->(8.036427460877833, 10.487706933332309, 14.235533746083709)
state:field-0, action:WA, timestep:178, reward:-0.770674233891385
==================================================

coord:(8.036427460877833, 10.487706933332309, 14.235533746083709)->(7.239753863597289, 10.487706933332309, 15.032207343364242)
state:field-0, action:SD, timestep:179, reward:0.640315756604152
==================================================

coord:(7.239753863597289, 10.487706933332309, 15.032207343364242)->(6.259232513098158, 10.188003256089596, 16.01272869386336)
state:field-0, action:SD, timestep:180, reward:0.36750081652250266
==================================================

coord:(6.259232513098158, 10.188003256089596, 16.01272869386336)->(7.055906110378702, 10.487706933332309, 15.216055096582826)
state:field-0, action:WA, timestep:181, reward:-0.23714233923526962
==================================================

coord:(7.055906110378702, 10.487706933332309, 15.216055096582826)->(6.259232513098158, 10.188003256089596, 16.01272869386336)
state:field-0, action:SD, timestep:182, reward:0.23714233923526962
==================================================

coord:(6.259232513098158, 10.188003256089596, 16.01272869386336)->(6.259232513098158, 10.188003256089596, 16.01272869386336)
state:field-0, action:Wait, timestep:183, reward:-0.0
==================================================

coord:(6.259232513098158, 10.188003256089596, 16.01272869386336)->(6.259232513098158, 10.188003256089596, 16.01272869386336)
state:field-0, action:Wait, timestep:184, reward:-0.0
==================================================

coord:(6.259232513098158, 10.188003256089596, 16.01272869386336)->(6.259232513098158, 10.188003256089596, 16.01272869386336)
state:field-0, action:Wait, timestep:185, reward:-0.0
==================================================

coord:(6.259232513098158, 10.188003256089596, 16.01272869386336)->(6.259232513098158, 10.188003256089596, 16.01272869386336)
state:field-0, action:Wait, timestep:186, reward:-0.0
==================================================

coord:(6.259232513098158, 10.188003256089596, 16.01272869386336)->(6.259232513098158, 10.188003256089596, 16.01272869386336)
state:field-0, action:Wait, timestep:187, reward:-0.0
==================================================

coord:(6.259232513098158, 10.188003256089596, 16.01272869386336)->(7.055906110378702, 10.487706933332309, 15.216055096582826)
state:field-0, action:WA, timestep:188, reward:-0.23714233923526962
==================================================

coord:(7.055906110378702, 10.487706933332309, 15.216055096582826)->(7.055906110378702, 10.487706933332309, 15.216055096582826)
state:field-0, action:Wait, timestep:189, reward:-0.0
==================================================

coord:(7.055906110378702, 10.487706933332309, 15.216055096582826)->(8.036427460877833, 10.487706933332309, 14.235533746083709)
state:field-0, action:WA, timestep:190, reward:-0.770674233891385
==================================================

coord:(8.036427460877833, 10.487706933332309, 14.235533746083709)->(8.036427460877833, 10.487706933332309, 14.235533746083709)
state:field-0, action:Wait, timestep:191, reward:-0.0
==================================================

coord:(8.036427460877833, 10.487706933332309, 14.235533746083709)->(9.01694881137695, 10.188003256089596, 13.255012395584592)
state:field-0, action:WA, timestep:192, reward:-1.104470215079365
==================================================

coord:(9.01694881137695, 10.188003256089596, 13.255012395584592)->(9.01694881137695, 10.188003256089596, 13.255012395584592)
state:field-0, action:Wait, timestep:193, reward:-0.0
==================================================

coord:(9.01694881137695, 10.188003256089596, 13.255012395584592)->(8.220275214096418, 10.487706933332309, 14.051685992865124)
state:field-0, action:SD, timestep:194, reward:0.9413461908203491
==================================================

coord:(8.220275214096418, 10.487706933332309, 14.051685992865124)->(9.01694881137695, 10.188003256089596, 13.255012395584592)
state:field-0, action:WA, timestep:195, reward:-0.9413461908203491
==================================================

coord:(9.01694881137695, 10.188003256089596, 13.255012395584592)->(9.01694881137695, 10.188003256089596, 13.255012395584592)
state:field-0, action:Wait, timestep:196, reward:-0.0
==================================================

coord:(9.01694881137695, 10.188003256089596, 13.255012395584592)->(8.220275214096418, 10.487706933332309, 14.051685992865124)
state:field-0, action:SD, timestep:197, reward:0.9413461908203491
==================================================

coord:(8.220275214096418, 10.487706933332309, 14.051685992865124)->(9.01694881137695, 10.188003256089596, 13.255012395584592)
state:field-0, action:WA, timestep:198, reward:-0.9413461908203491
==================================================

coord:(9.01694881137695, 10.188003256089596, 13.255012395584592)->(9.01694881137695, 10.188003256089596, 13.255012395584592)
state:field-0, action:Wait, timestep:199, reward:-0.0
==================================================

coord:(9.01694881137695, 10.188003256089596, 13.255012395584592)->(9.01694881137695, 10.188003256089596, 13.255012395584592)
state:field-0, action:Wait, timestep:200, reward:-0.0
==================================================

coord:(9.01694881137695, 10.188003256089596, 13.255012395584592)->(8.220275214096418, 10.487706933332309, 14.051685992865124)
state:field-0, action:SD, timestep:201, reward:0.9413461908203491
==================================================

coord:(8.220275214096418, 10.487706933332309, 14.051685992865124)->(7.239753863597289, 10.487706933332309, 15.032207343364242)
state:field-0, action:SD, timestep:202, reward:0.8034397808631679
==================================================

coord:(7.239753863597289, 10.487706933332309, 15.032207343364242)->(8.036427460877833, 10.487706933332309, 14.235533746083709)
state:field-0, action:WA, timestep:203, reward:-0.640315756604152
==================================================

coord:(8.036427460877833, 10.487706933332309, 14.235533746083709)->(8.036427460877833, 10.487706933332309, 14.235533746083709)
state:field-0, action:Wait, timestep:204, reward:-0.0
==================================================

coord:(8.036427460877833, 10.487706933332309, 14.235533746083709)->(8.036427460877833, 10.487706933332309, 14.235533746083709)
state:field-0, action:Wait, timestep:205, reward:-0.0
==================================================

coord:(8.036427460877833, 10.487706933332309, 14.235533746083709)->(9.01694881137695, 10.188003256089596, 13.255012395584592)
state:field-0, action:WA, timestep:206, reward:-1.104470215079365
==================================================

coord:(9.01694881137695, 10.188003256089596, 13.255012395584592)->(8.220275214096418, 10.487706933332309, 14.051685992865124)
state:field-0, action:SD, timestep:207, reward:0.9413461908203491
==================================================

coord:(8.220275214096418, 10.487706933332309, 14.051685992865124)->(8.220275214096418, 10.487706933332309, 14.051685992865124)
state:field-0, action:Wait, timestep:208, reward:-0.0
==================================================

coord:(8.220275214096418, 10.487706933332309, 14.051685992865124)->(9.01694881137695, 10.188003256089596, 13.255012395584592)
state:field-0, action:WA, timestep:209, reward:-0.9413461908203491
==================================================

coord:(9.01694881137695, 10.188003256089596, 13.255012395584592)->(8.220275214096418, 10.487706933332309, 14.051685992865124)
state:field-0, action:SD, timestep:210, reward:0.9413461908203491
==================================================

coord:(8.220275214096418, 10.487706933332309, 14.051685992865124)->(7.239753863597289, 10.487706933332309, 15.032207343364242)
state:field-0, action:SD, timestep:211, reward:0.8034397808631679
==================================================

coord:(7.239753863597289, 10.487706933332309, 15.032207343364242)->(7.239753863597289, 10.487706933332309, 15.032207343364242)
state:field-0, action:Wait, timestep:212, reward:-0.0
==================================================

coord:(7.239753863597289, 10.487706933332309, 15.032207343364242)->(7.239753863597289, 10.487706933332309, 15.032207343364242)
state:field-0, action:Wait, timestep:213, reward:-0.0
==================================================

coord:(7.239753863597289, 10.487706933332309, 15.032207343364242)->(6.259232513098158, 10.188003256089596, 16.01272869386336)
state:field-0, action:SD, timestep:214, reward:0.36750081652250266
==================================================

coord:(6.259232513098158, 10.188003256089596, 16.01272869386336)->(7.055906110378702, 10.487706933332309, 15.216055096582826)
state:field-0, action:WA, timestep:215, reward:-0.23714233923526962
==================================================

coord:(7.055906110378702, 10.487706933332309, 15.216055096582826)->(6.259232513098158, 10.188003256089596, 16.01272869386336)
state:field-0, action:SD, timestep:216, reward:0.23714233923526962
==================================================

coord:(6.259232513098158, 10.188003256089596, 16.01272869386336)->(7.055906110378702, 10.487706933332309, 15.216055096582826)
state:field-0, action:WA, timestep:217, reward:-0.23714233923526962
==================================================

coord:(7.055906110378702, 10.487706933332309, 15.216055096582826)->(6.259232513098158, 10.188003256089596, 16.01272869386336)
state:field-0, action:SD, timestep:218, reward:0.23714233923526962
==================================================

coord:(6.259232513098158, 10.188003256089596, 16.01272869386336)->(6.259232513098158, 10.188003256089596, 16.01272869386336)
state:field-0, action:Wait, timestep:219, reward:-0.0
==================================================

coord:(6.259232513098158, 10.188003256089596, 16.01272869386336)->(6.259232513098158, 10.188003256089596, 16.01272869386336)
state:field-0, action:Wait, timestep:220, reward:-0.0
==================================================

coord:(6.259232513098158, 10.188003256089596, 16.01272869386336)->(6.259232513098158, 10.188003256089596, 16.01272869386336)
state:field-0, action:Wait, timestep:221, reward:-0.0
==================================================

coord:(6.259232513098158, 10.188003256089596, 16.01272869386336)->(6.259232513098158, 10.188003256089596, 16.01272869386336)
state:field-0, action:Wait, timestep:222, reward:-0.0
==================================================

coord:(6.259232513098158, 10.188003256089596, 16.01272869386336)->(6.259232513098158, 10.188003256089596, 16.01272869386336)
state:field-0, action:Wait, timestep:223, reward:-0.0
==================================================

coord:(6.259232513098158, 10.188003256089596, 16.01272869386336)->(7.055906110378702, 10.487706933332309, 15.216055096582826)
state:field-0, action:WA, timestep:224, reward:-0.23714233923526962
==================================================

coord:(7.055906110378702, 10.487706933332309, 15.216055096582826)->(8.036427460877833, 10.487706933332309, 14.235533746083709)
state:field-0, action:WA, timestep:225, reward:-0.770674233891385
==================================================

coord:(8.036427460877833, 10.487706933332309, 14.235533746083709)->(9.01694881137695, 10.188003256089596, 13.255012395584592)
state:field-0, action:WA, timestep:226, reward:-1.104470215079365
==================================================

coord:(9.01694881137695, 10.188003256089596, 13.255012395584592)->(9.01694881137695, 10.188003256089596, 13.255012395584592)
state:field-0, action:Wait, timestep:227, reward:-0.0
==================================================

coord:(9.01694881137695, 10.188003256089596, 13.255012395584592)->(9.01694881137695, 10.188003256089596, 13.255012395584592)
state:field-0, action:Wait, timestep:228, reward:-0.0
==================================================

coord:(9.01694881137695, 10.188003256089596, 13.255012395584592)->(9.01694881137695, 10.188003256089596, 13.255012395584592)
state:field-0, action:Wait, timestep:229, reward:-0.0
==================================================

coord:(9.01694881137695, 10.188003256089596, 13.255012395584592)->(9.01694881137695, 10.188003256089596, 13.255012395584592)
state:field-0, action:Wait, timestep:230, reward:-0.0
==================================================

coord:(9.01694881137695, 10.188003256089596, 13.255012395584592)->(9.01694881137695, 10.188003256089596, 13.255012395584592)
state:field-0, action:Wait, timestep:231, reward:-0.0
==================================================

coord:(9.01694881137695, 10.188003256089596, 13.255012395584592)->(8.220275214096418, 10.487706933332309, 14.051685992865124)
state:field-0, action:SD, timestep:232, reward:0.9413461908203491
==================================================

coord:(8.220275214096418, 10.487706933332309, 14.051685992865124)->(8.220275214096418, 10.487706933332309, 14.051685992865124)
state:field-0, action:Wait, timestep:233, reward:-0.0
==================================================

coord:(8.220275214096418, 10.487706933332309, 14.051685992865124)->(7.239753863597289, 10.487706933332309, 15.032207343364242)
state:field-0, action:SD, timestep:234, reward:0.8034397808631679
==================================================

coord:(7.239753863597289, 10.487706933332309, 15.032207343364242)->(7.239753863597289, 10.487706933332309, 15.032207343364242)
state:field-0, action:Wait, timestep:235, reward:-0.0
==================================================

coord:(7.239753863597289, 10.487706933332309, 15.032207343364242)->(7.239753863597289, 10.487706933332309, 15.032207343364242)
state:field-0, action:Wait, timestep:236, reward:-0.0
==================================================

coord:(7.239753863597289, 10.487706933332309, 15.032207343364242)->(8.036427460877833, 10.487706933332309, 14.235533746083709)
state:field-0, action:WA, timestep:237, reward:-0.640315756604152
==================================================

coord:(8.036427460877833, 10.487706933332309, 14.235533746083709)->(7.239753863597289, 10.487706933332309, 15.032207343364242)
state:field-0, action:SD, timestep:238, reward:0.640315756604152
==================================================

coord:(7.239753863597289, 10.487706933332309, 15.032207343364242)->(8.036427460877833, 10.487706933332309, 14.235533746083709)
state:field-0, action:WA, timestep:239, reward:-0.640315756604152
==================================================

coord:(8.036427460877833, 10.487706933332309, 14.235533746083709)->(8.036427460877833, 10.487706933332309, 14.235533746083709)
state:field-0, action:Wait, timestep:240, reward:-0.0
==================================================

coord:(8.036427460877833, 10.487706933332309, 14.235533746083709)->(8.036427460877833, 10.487706933332309, 14.235533746083709)
state:field-0, action:Wait, timestep:241, reward:-0.0
==================================================

coord:(8.036427460877833, 10.487706933332309, 14.235533746083709)->(8.036427460877833, 10.487706933332309, 14.235533746083709)
state:field-0, action:Wait, timestep:242, reward:-0.0
==================================================

coord:(8.036427460877833, 10.487706933332309, 14.235533746083709)->(8.036427460877833, 10.487706933332309, 14.235533746083709)
state:field-0, action:Wait, timestep:243, reward:-0.0
==================================================

coord:(8.036427460877833, 10.487706933332309, 14.235533746083709)->(9.01694881137695, 10.188003256089596, 13.255012395584592)
state:field-0, action:WA, timestep:244, reward:-1.104470215079365
==================================================

coord:(9.01694881137695, 10.188003256089596, 13.255012395584592)->(8.220275214096418, 10.487706933332309, 14.051685992865124)
state:field-0, action:SD, timestep:245, reward:0.9413461908203491
==================================================

coord:(8.220275214096418, 10.487706933332309, 14.051685992865124)->(8.220275214096418, 10.487706933332309, 14.051685992865124)
state:field-0, action:Wait, timestep:246, reward:-0.0
==================================================

coord:(8.220275214096418, 10.487706933332309, 14.051685992865124)->(8.220275214096418, 10.487706933332309, 14.051685992865124)
state:field-0, action:Wait, timestep:247, reward:-0.0
==================================================

coord:(8.220275214096418, 10.487706933332309, 14.051685992865124)->(9.01694881137695, 10.188003256089596, 13.255012395584592)
state:field-0, action:WA, timestep:248, reward:-0.9413461908203491
==================================================

coord:(9.01694881137695, 10.188003256089596, 13.255012395584592)->(9.01694881137695, 10.188003256089596, 13.255012395584592)
state:field-0, action:Wait, timestep:249, reward:-0.0
==================================================

coord:(9.01694881137695, 10.188003256089596, 13.255012395584592)->(8.220275214096418, 10.487706933332309, 14.051685992865124)
state:field-0, action:SD, timestep:250, reward:0.9413461908203491
==================================================

coord:(8.220275214096418, 10.487706933332309, 14.051685992865124)->(8.220275214096418, 10.487706933332309, 14.051685992865124)
state:field-0, action:Wait, timestep:251, reward:-0.0
==================================================

coord:(8.220275214096418, 10.487706933332309, 14.051685992865124)->(7.239753863597289, 10.487706933332309, 15.032207343364242)
state:field-0, action:SD, timestep:252, reward:0.8034397808631679
==================================================

coord:(7.239753863597289, 10.487706933332309, 15.032207343364242)->(8.036427460877833, 10.487706933332309, 14.235533746083709)
state:field-0, action:WA, timestep:253, reward:-0.640315756604152
==================================================

coord:(8.036427460877833, 10.487706933332309, 14.235533746083709)->(9.01694881137695, 10.188003256089596, 13.255012395584592)
state:field-0, action:WA, timestep:254, reward:-1.104470215079365
==================================================

coord:(9.01694881137695, 10.188003256089596, 13.255012395584592)->(9.01694881137695, 10.188003256089596, 13.255012395584592)
state:field-0, action:Wait, timestep:255, reward:-0.0
==================================================

coord:(9.01694881137695, 10.188003256089596, 13.255012395584592)->(11.010282071595267, 11.194671287892946, 13.255012395584592)
state:field-0, action:W, timestep:256, reward:-0.1162526168824023
==================================================

coord:(11.010282071595267, 11.194671287892946, 13.255012395584592)->(11.010282071595267, 11.194671287892946, 13.255012395584592)
state:timeout-5, action:Wait, timestep:257, reward:-999999
==================================================

