coord:(1.0, 0.0, 2.0)->(1.0, 0.0, 2.0)
state:field-4, action:Wait, timestep:1, reward:-0.0
==================================================

coord:(1.0, 0.0, 2.0)->(1.0, 0.0, 5.293333212534586)
state:field-4, action:Dj, timestep:2, reward:2.298653822833476
==================================================

coord:(1.0, 0.0, 5.293333212534586)->(2.7677668730417873, 1.1331447238185544, 7.061100085576373)
state:field-4, action:WDsj, timestep:3, reward:2.39746246801419
==================================================

coord:(2.7677668730417873, 1.1331447238185544, 7.061100085576373)->(0.5757359504699711, 0.0, 4.869069163004557)
state:field-4, action:SAs, timestep:4, reward:-2.796267977377621
==================================================

coord:(0.5757359504699711, 0.0, 4.869069163004557)->(2.7677668730417873, 1.1331447238185544, 7.061100085576373)
state:field-4, action:WDsj, timestep:5, reward:2.796267977377621
==================================================

coord:(2.7677668730417873, 1.1331447238185544, 7.061100085576373)->(5.030508470535275, 2.551799114631775, 9.323841683069878)
state:field-4, action:WDs, timestep:6, reward:2.8900184231523127
==================================================

coord:(5.030508470535275, 2.551799114631775, 9.323841683069878)->(5.030508470535275, 1.2517991623154898, 8.973841683069873)
state:wall-8, action:S, timestep:7, reward:-1.2288986076667534
==================================================

coord:(5.030508470535275, 1.2517991623154898, 8.973841683069873)->(4.9597977956136035, 2.0680371688568004, 8.9031310081482)
state:field-3, action:SAsj, timestep:8, reward:0.5842069090828375
==================================================

coord:(4.9597977956136035, 2.0680371688568004, 8.9031310081482)->(2.3597978909810355, 1.4186303839565875, 8.9031310081482)
state:field-3, action:S, timestep:9, reward:-0.9764597148500904
==================================================

coord:(2.3597978909810355, 1.4186303839565875, 8.9031310081482)->(7.059797890981026, 2.844883504246835, 8.9031310081482)
state:field-3, action:Ws, timestep:10, reward:1.6887323599646606
==================================================

coord:(7.059797890981026, 2.844883504246835, 8.9031310081482)->(7.059797890981026, 4.144883456563125, 9.003131008148202)
state:wall-8, action:W, timestep:11, reward:1.028163515596015
==================================================

coord:(7.059797890981026, 4.144883456563125, 9.003131008148202)->(9.053131151199333, 5.080352481696328, 9.003131008148202)
state:field-3, action:Wj, timestep:12, reward:0.5241797345519146
==================================================

coord:(9.053131151199333, 5.080352481696328, 9.003131008148202)->(9.053131151199333, 6.178545562624743, 10.003131008148198)
state:field-3, action:Dsj, timestep:13, reward:1.4668140327345807
==================================================

coord:(9.053131151199333, 6.178545562624743, 10.003131008148198)->(9.053131151199333, 7.4059867051059864, 11.003131008148195)
state:field-3, action:Dsj, timestep:14, reward:1.5487700569678875
==================================================

coord:(9.053131151199333, 7.4059867051059864, 11.003131008148195)->(9.053131151199333, 7.4059867051059864, 11.003131008148195)
state:field-3, action:j, timestep:15, reward:-0.0
==================================================

coord:(9.053131151199333, 7.4059867051059864, 11.003131008148195)->(9.053131151199333, 7.4059867051059864, 11.003131008148195)
state:field-3, action:j, timestep:16, reward:-0.0
==================================================

coord:(9.053131151199333, 7.4059867051059864, 11.003131008148195)->(8.991848566793138, 7.488796702647096, 10.941848423742)
state:field-3, action:SAj, timestep:17, reward:0.020075561501242234
==================================================

coord:(8.991848566793138, 7.488796702647096, 10.941848423742)->(8.991848566793138, 6.188796750330829, 10.941848423742)
state:wall-8, action:S, timestep:18, reward:-0.893432688835361
==================================================

coord:(8.991848566793138, 6.188796750330829, 10.941848423742)->(8.991848566793138, 6.929486223606964, 8.948515163523684)
state:field-3, action:Aj, timestep:19, reward:-0.9716507101660099
==================================================

coord:(8.991848566793138, 6.929486223606964, 8.948515163523684)->(8.991848566793138, 8.22948617592324, 9.048515163523685)
state:wall-8, action:W, timestep:20, reward:0.8386315736800221
==================================================

coord:(8.991848566793138, 8.22948617592324, 9.048515163523685)->(8.991848566793138, 9.52948612823956, 10.0485151635237)
state:wall-8, action:W, timestep:21, reward:1.5252766961165989
==================================================

coord:(8.991848566793138, 9.52948612823956, 10.0485151635237)->(8.991848566793138, 10.82948608055588, 11.048515163523714)
state:wall-8, action:W, timestep:22, reward:1.4900879716808983
==================================================

coord:(8.991848566793138, 10.82948608055588, 11.048515163523714)->(8.991848566793138, 9.52948612823956, 11.048515163523714)
state:wall-8, action:S, timestep:23, reward:-0.6628201415150077
==================================================

coord:(8.991848566793138, 9.52948612823956, 11.048515163523714)->(8.991848566793138, 10.82948608055588, 12.048515163523728)
state:wall-8, action:W, timestep:24, reward:1.5145597660549655
==================================================

coord:(8.991848566793138, 10.82948608055588, 12.048515163523728)->(8.991848566793138, 9.52948612823956, 12.048515163523728)
state:wall-8, action:S, timestep:25, reward:-0.7182373367793637
==================================================

coord:(8.991848566793138, 9.52948612823956, 12.048515163523728)->(7.950044631887825, 10.311580576782156, 11.006711228618416)
state:field-3, action:SAj, timestep:26, reward:-0.27366099261476684
==================================================

coord:(7.950044631887825, 10.311580576782156, 11.006711228618416)->(7.950044631887825, 9.011580624465836, 11.006711228618416)
state:wall-8, action:S, timestep:27, reward:-0.7147441807500314
==================================================

coord:(7.950044631887825, 9.011580624465836, 11.006711228618416)->(7.950044631887825, 7.711580672149529, 11.006711228618416)
state:wall-8, action:S, timestep:28, reward:-0.8132735952480008
==================================================

coord:(7.950044631887825, 7.711580672149529, 11.006711228618416)->(9.01070475571291, 8.381247345491918, 12.067371352443502)
state:field-3, action:WDsj, timestep:29, reward:1.0878952305352971
==================================================

coord:(9.01070475571291, 8.381247345491918, 12.067371352443502)->(9.01070475571291, 7.081247393175636, 11.9673713524435)
state:wall-8, action:S, timestep:30, reward:-0.9690308932062361
==================================================

coord:(9.01070475571291, 7.081247393175636, 11.9673713524435)->(9.071987340119104, 8.749512754373997, 12.028653936849695)
state:field-3, action:WDj, timestep:31, reward:1.1691232677144878
==================================================

coord:(9.071987340119104, 8.749512754373997, 12.028653936849695)->(7.049662054714661, 9.271858697481106, 14.050979222254124)
state:field-3, action:SDj, timestep:32, reward:2.0250766536289184
==================================================

coord:(7.049662054714661, 9.271858697481106, 14.050979222254124)->(9.1332699245253, 9.506487136546715, 11.9673713524435)
state:field-3, action:WAj, timestep:33, reward:-1.6166335178149893
==================================================

coord:(9.1332699245253, 9.506487136546715, 11.9673713524435)->(9.1332699245253, 10.806487088863035, 12.0173713524435)
state:wall-8, action:W, timestep:34, reward:0.7552475603447171
==================================================

coord:(9.1332699245253, 10.806487088863035, 12.0173713524435)->(9.1332699245253, 13.406486993495568, 13.017371352443515)
state:wall-8, action:Wj, timestep:35, reward:1.9342130600270577
==================================================

coord:(9.1332699245253, 13.406486993495568, 13.017371352443515)->(9.1332699245253, 16.006486898128102, 14.017371352443531)
state:wall-7, action:Wj, timestep:36, reward:1.2677204934155188
==================================================

coord:(9.1332699245253, 16.006486898128102, 14.017371352443531)->(9.1332699245253, 14.706486945811783, 14.017371352443531)
state:wall-6, action:S, timestep:37, reward:-0.05457442551936875
==================================================

coord:(9.1332699245253, 14.706486945811783, 14.017371352443531)->(9.1332699245253, 16.006486898128102, 15.017371352443545)
state:wall-6, action:W, timestep:38, reward:0.984103654260446
==================================================

coord:(9.1332699245253, 16.006486898128102, 15.017371352443545)->(9.1332699245253, 18.60648680276074, 16.017371352443558)
state:wall-6, action:Wj, timestep:39, reward:0.020306014103169012
==================================================

coord:(9.1332699245253, 18.60648680276074, 16.017371352443558)->(9.1332699245253, 17.30648685044453, 16.017371352443558)
state:wall-6, action:S, timestep:40, reward:0.5923857368849283
==================================================

coord:(9.1332699245253, 17.30648685044453, 16.017371352443558)->(9.1332699245253, 19.906486755077168, 17.017371352443572)
state:wall-6, action:Wj, timestep:41, reward:-0.8165584965040953
==================================================

coord:(9.1332699245253, 19.906486755077168, 17.017371352443572)->(9.1332699245253, 21.20648670739338, 18.017371352443586)
state:wall-5, action:W, timestep:42, reward:-0.6584350498326454
==================================================

coord:(9.1332699245253, 21.20648670739338, 18.017371352443586)->(9.1332699245253, 22.506486659709594, 19.0173713524436)
state:wall-5, action:W, timestep:43, reward:-0.9756714566550242
==================================================

coord:(9.1332699245253, 22.506486659709594, 19.0173713524436)->(9.1332699245253, 24.283153261208565, 19.0173713524436)
state:wall-5, action:Wj, timestep:44, reward:-1.6998076583608945
==================================================

coord:(9.1332699245253, 24.283153261208565, 19.0173713524436)->(9.1332699245253, 18.728797810708404, 19.0173713524436)
state:air-10, action:Wait, timestep:45, reward:5.078811579157163
==================================================

coord:(9.1332699245253, 18.728797810708404, 19.0173713524436)->(10.052508690618222, 19.2797487117939, 18.09813258635065)
state:field-0, action:WA, timestep:46, reward:-1.2352662710145017
==================================================

coord:(10.052508690618222, 19.2797487117939, 18.09813258635065)->(11.033030041117339, 19.2797487117939, 17.117611235851506)
state:field-0, action:WA, timestep:47, reward:-1.0311780148856942
==================================================

coord:(11.033030041117339, 19.2797487117939, 17.117611235851506)->(11.033030041117339, 20.0, 22.31761104511657)
state:field-0, action:D, timestep:48, reward:-0.22694205959597102
==================================================

coord:(11.033030041117339, 20.0, 22.31761104511657)->(11.033030041117339, 19.79297501518726, 17.117611235851506)
state:field-0, action:A, timestep:49, reward:-0.09081649560345006
==================================================

coord:(11.033030041117339, 19.79297501518726, 17.117611235851506)->(11.033030041117339, 19.2797487117939, 17.117611235851506)
state:air-10, action:Wait, timestep:50, reward:0.3177585551994211
==================================================

coord:(11.033030041117339, 19.2797487117939, 17.117611235851506)->(11.033030041117339, 19.2797487117939, 17.117611235851506)
state:field-0, action:Wait, timestep:51, reward:-0.0
==================================================

coord:(11.033030041117339, 19.2797487117939, 17.117611235851506)->(11.033030041117339, 19.2797487117939, 17.117611235851506)
state:field-0, action:Wait, timestep:52, reward:-0.0
==================================================

coord:(11.033030041117339, 19.2797487117939, 17.117611235851506)->(11.033030041117339, 19.2797487117939, 17.117611235851506)
state:field-0, action:Wait, timestep:53, reward:-0.0
==================================================

coord:(11.033030041117339, 19.2797487117939, 17.117611235851506)->(11.033030041117339, 20.0, 22.31761104511657)
state:field-0, action:D, timestep:54, reward:-0.22694205959597102
==================================================

coord:(11.033030041117339, 20.0, 22.31761104511657)->(11.033030041117339, 20.0, 22.31761104511657)
state:field-0, action:Wait, timestep:55, reward:-0.0
==================================================

coord:(11.033030041117339, 20.0, 22.31761104511657)->(14.709985105489029, 20.0, 18.640655980744775)
state:field-0, action:WA, timestep:56, reward:-2.582649201682311
==================================================

coord:(14.709985105489029, 20.0, 18.640655980744775)->(14.709985105489029, 20.0, 18.640655980744775)
state:field-0, action:Wait, timestep:57, reward:-0.0
==================================================

coord:(14.709985105489029, 20.0, 18.640655980744775)->(14.709985105489029, 20.0, 23.84065579000984)
state:field-0, action:D, timestep:58, reward:-0.692596080753626
==================================================

coord:(14.709985105489029, 20.0, 23.84065579000984)->(18.386940169860786, 20.0, 20.163700725638044)
state:field-0, action:WA, timestep:59, reward:-2.5385491800153783
==================================================

coord:(18.386940169860786, 20.0, 20.163700725638044)->(18.386940169860786, 20.0, 20.163700725638044)
state:field-0, action:Wait, timestep:60, reward:-0.0
==================================================

coord:(18.386940169860786, 20.0, 20.163700725638044)->(14.709985105489029, 20.0, 23.84065579000984)
state:field-0, action:SD, timestep:61, reward:2.5385491800153783
==================================================

coord:(14.709985105489029, 20.0, 23.84065579000984)->(18.386940169860786, 20.0, 20.163700725638044)
state:field-0, action:WA, timestep:62, reward:-2.5385491800153783
==================================================

coord:(18.386940169860786, 20.0, 20.163700725638044)->(18.386940169860786, 20.0, 20.163700725638044)
state:field-0, action:Wait, timestep:63, reward:-0.0
==================================================

coord:(18.386940169860786, 20.0, 20.163700725638044)->(13.186940360595662, 20.0, 20.163700725638044)
state:field-0, action:S, timestep:64, reward:4.6202385610486125
==================================================

coord:(13.186940360595662, 20.0, 20.163700725638044)->(9.509985296223972, 20.0, 23.84065579000984)
state:field-0, action:SD, timestep:65, reward:1.2396035801893523
==================================================

coord:(9.509985296223972, 20.0, 23.84065579000984)->(13.186940360595662, 20.0, 20.163700725638044)
state:field-0, action:WA, timestep:66, reward:-1.2396035801893523
==================================================

coord:(13.186940360595662, 20.0, 20.163700725638044)->(13.186940360595662, 20.0, 25.36370053490311)
state:field-0, action:D, timestep:67, reward:-1.7044397040714951
==================================================

coord:(13.186940360595662, 20.0, 25.36370053490311)->(9.509985296223972, 20.0, 21.686745470531314)
state:field-0, action:SA, timestep:68, reward:3.9652348061441307
==================================================

coord:(9.509985296223972, 20.0, 21.686745470531314)->(9.509985296223972, 20.0, 21.686745470531314)
state:field-0, action:Wait, timestep:69, reward:-0.0
==================================================

coord:(9.509985296223972, 20.0, 21.686745470531314)->(9.509985296223972, 20.0, 21.686745470531314)
state:field-0, action:Wait, timestep:70, reward:-0.0
==================================================

coord:(9.509985296223972, 20.0, 21.686745470531314)->(13.186940360595662, 20.0, 18.009790406159517)
state:field-0, action:WA, timestep:71, reward:-2.5160249054899193
==================================================

coord:(13.186940360595662, 20.0, 18.009790406159517)->(9.509985296223972, 20.0, 21.686745470531314)
state:field-0, action:SD, timestep:72, reward:2.5160249054899193
==================================================

coord:(9.509985296223972, 20.0, 21.686745470531314)->(9.509985296223972, 20.0, 21.686745470531314)
state:field-0, action:Wait, timestep:73, reward:-0.0
==================================================

coord:(9.509985296223972, 20.0, 21.686745470531314)->(9.509985296223972, 20.0, 21.686745470531314)
state:field-0, action:Wait, timestep:74, reward:-0.0
==================================================

coord:(9.509985296223972, 20.0, 21.686745470531314)->(13.186940360595662, 20.0, 18.009790406159517)
state:field-0, action:WA, timestep:75, reward:-2.5160249054899193
==================================================

coord:(13.186940360595662, 20.0, 18.009790406159517)->(9.509985296223972, 20.0, 21.686745470531314)
state:field-0, action:SD, timestep:76, reward:2.5160249054899193
==================================================

coord:(9.509985296223972, 20.0, 21.686745470531314)->(9.509985296223972, 20.0, 21.686745470531314)
state:field-0, action:Wait, timestep:77, reward:-0.0
==================================================

coord:(9.509985296223972, 20.0, 21.686745470531314)->(13.186940360595662, 20.0, 18.009790406159517)
state:field-0, action:WA, timestep:78, reward:-2.5160249054899193
==================================================

coord:(13.186940360595662, 20.0, 18.009790406159517)->(9.509985296223972, 20.0, 21.686745470531314)
state:field-0, action:SD, timestep:79, reward:2.5160249054899193
==================================================

coord:(9.509985296223972, 20.0, 21.686745470531314)->(13.186940360595662, 20.0, 18.009790406159517)
state:field-0, action:WA, timestep:80, reward:-2.5160249054899193
==================================================

coord:(13.186940360595662, 20.0, 18.009790406159517)->(9.509985296223972, 20.0, 21.686745470531314)
state:field-0, action:SD, timestep:81, reward:2.5160249054899193
==================================================

coord:(9.509985296223972, 20.0, 21.686745470531314)->(13.186940360595662, 20.0, 18.009790406159517)
state:field-0, action:WA, timestep:82, reward:-2.5160249054899193
==================================================

coord:(13.186940360595662, 20.0, 18.009790406159517)->(13.186940360595662, 20.0, 23.209790215424583)
state:field-0, action:D, timestep:83, reward:-0.39478193919716187
==================================================

coord:(13.186940360595662, 20.0, 23.209790215424583)->(16.863895424967378, 20.0, 19.532835151052787)
state:field-0, action:WA, timestep:84, reward:-2.571363371349891
==================================================

coord:(16.863895424967378, 20.0, 19.532835151052787)->(16.863895424967378, 20.0, 19.532835151052787)
state:field-0, action:Wait, timestep:85, reward:-0.0
==================================================

coord:(16.863895424967378, 20.0, 19.532835151052787)->(16.863895424967378, 20.0, 24.732834960317852)
state:field-0, action:D, timestep:86, reward:-0.9821856056294838
==================================================

coord:(16.863895424967378, 20.0, 24.732834960317852)->(16.863895424967378, 20.0, 29.932834769582918)
state:field-0, action:D, timestep:87, reward:-2.8833086316080117
==================================================

coord:(16.863895424967378, 20.0, 29.932834769582918)->(20.540850489339174, 20.0, 26.25587970521112)
state:field-0, action:WA, timestep:88, reward:-0.878260980703665
==================================================

coord:(20.540850489339174, 20.0, 26.25587970521112)->(16.863895424967378, 20.0, 22.578924640839325)
state:field-0, action:SA, timestep:89, reward:4.449967097013019
==================================================

coord:(16.863895424967378, 20.0, 22.578924640839325)->(16.863895424967378, 20.0, 22.578924640839325)
state:field-0, action:Wait, timestep:90, reward:-0.0
==================================================

coord:(16.863895424967378, 20.0, 22.578924640839325)->(13.186940360595663, 20.0, 18.90196957646753)
state:field-0, action:SA, timestep:91, reward:3.4377902697023623
==================================================

coord:(13.186940360595663, 20.0, 18.90196957646753)->(9.509985296223974, 20.0, 22.578924640839325)
state:field-0, action:SD, timestep:92, reward:1.9916800553611376
==================================================

coord:(9.509985296223974, 20.0, 22.578924640839325)->(9.509985296223974, 20.0, 22.578924640839325)
state:field-0, action:Wait, timestep:93, reward:-0.0
==================================================

coord:(9.509985296223974, 20.0, 22.578924640839325)->(9.509985296223974, 20.0, 22.578924640839325)
state:field-0, action:Wait, timestep:94, reward:-0.0
==================================================

coord:(9.509985296223974, 20.0, 22.578924640839325)->(9.509985296223974, 20.0, 22.578924640839325)
state:field-0, action:Wait, timestep:95, reward:-0.0
==================================================

coord:(9.509985296223974, 20.0, 22.578924640839325)->(9.509985296223974, 20.0, 22.578924640839325)
state:field-0, action:Wait, timestep:96, reward:-0.0
==================================================

coord:(9.509985296223974, 20.0, 22.578924640839325)->(13.186940360595663, 20.0, 18.90196957646753)
state:field-0, action:WA, timestep:97, reward:-1.9916800553611376
==================================================

coord:(13.186940360595663, 20.0, 18.90196957646753)->(13.186940360595663, 20.0, 24.101969385732595)
state:field-0, action:D, timestep:98, reward:-0.9598732620388448
==================================================

coord:(13.186940360595663, 20.0, 24.101969385732595)->(13.186940360595663, 20.0, 24.101969385732595)
state:field-0, action:Wait, timestep:99, reward:-0.0
==================================================

coord:(13.186940360595663, 20.0, 24.101969385732595)->(9.509985296223974, 19.90338834042072, 27.77892445010439)
state:field-0, action:SD, timestep:100, reward:-0.6092843629212208
==================================================

coord:(9.509985296223974, 19.90338834042072, 27.77892445010439)->(9.509985296223974, 18.728797810708404, 27.77892445010439)
state:air-10, action:Wait, timestep:101, reward:0.4825784951577674
==================================================

coord:(9.509985296223974, 18.728797810708404, 27.77892445010439)->(9.509985296223974, 18.728797810708404, 27.77892445010439)
state:field-0, action:Wait, timestep:102, reward:-0.0
==================================================

coord:(9.509985296223974, 18.728797810708404, 27.77892445010439)->(13.186940360595663, 20.0, 24.101969385732595)
state:field-0, action:WA, timestep:103, reward:0.12670586776345338
==================================================

coord:(13.186940360595663, 20.0, 24.101969385732595)->(9.509985296223974, 19.90338834042072, 20.4250143213608)
state:field-0, action:SA, timestep:104, reward:3.6379876270384726
==================================================

coord:(9.509985296223974, 19.90338834042072, 20.4250143213608)->(9.509985296223974, 19.703572218764624, 20.4250143213608)
state:air-10, action:Wait, timestep:105, reward:0.1706341322554037
==================================================

coord:(9.509985296223974, 19.703572218764624, 20.4250143213608)->(10.000245971473532, 20.0, 19.934753646111226)
state:field-0, action:WA, timestep:106, reward:-0.49745905528030665
==================================================

coord:(10.000245971473532, 20.0, 19.934753646111226)->(9.203572374193, 19.703572218764624, 20.73142724339178)
state:field-0, action:SD, timestep:107, reward:0.6121733521540467
==================================================

coord:(9.203572374193, 19.703572218764624, 20.73142724339178)->(10.000245971473532, 20.0, 19.934753646111226)
state:field-0, action:WA, timestep:108, reward:-0.6121733521540467
==================================================

coord:(10.000245971473532, 20.0, 19.934753646111226)->(10.000245971473532, 20.0, 19.934753646111226)
state:field-0, action:Wait, timestep:109, reward:-0.0
==================================================

coord:(10.000245971473532, 20.0, 19.934753646111226)->(11.042049906378844, 20.0, 18.892949711205883)
state:field-0, action:WA, timestep:110, reward:-0.7530725368306799
==================================================

coord:(11.042049906378844, 20.0, 18.892949711205883)->(12.022571256877962, 20.0, 17.912428360706738)
state:field-0, action:WA, timestep:111, reward:-0.9218802813046745
==================================================

coord:(12.022571256877962, 20.0, 17.912428360706738)->(12.022571256877962, 20.0, 23.112428169971803)
state:field-0, action:D, timestep:112, reward:-0.371823259444386
==================================================

coord:(12.022571256877962, 20.0, 23.112428169971803)->(12.022571256877962, 20.0, 17.912428360706738)
state:field-0, action:A, timestep:113, reward:0.371823259444386
==================================================

coord:(12.022571256877962, 20.0, 17.912428360706738)->(15.699526321249651, 20.0, 21.589383425078534)
state:field-0, action:WD, timestep:114, reward:-2.8861753060692807
==================================================

coord:(15.699526321249651, 20.0, 21.589383425078534)->(15.699526321249651, 20.0, 16.38938361581347)
state:field-0, action:A, timestep:115, reward:-0.5189746550363079
==================================================

coord:(15.699526321249651, 20.0, 16.38938361581347)->(15.699526321249651, 20.0, 16.38938361581347)
state:field-0, action:Wait, timestep:116, reward:-0.0
==================================================

coord:(15.699526321249651, 20.0, 16.38938361581347)->(12.022571256877962, 20.0, 20.066338680185265)
state:field-0, action:SD, timestep:117, reward:3.724283305127061
==================================================

coord:(12.022571256877962, 20.0, 20.066338680185265)->(12.022571256877962, 20.0, 20.066338680185265)
state:field-0, action:Wait, timestep:118, reward:-0.0
==================================================

coord:(12.022571256877962, 20.0, 20.066338680185265)->(8.345616192506272, 19.79297501518726, 23.74329374455706)
state:field-0, action:SD, timestep:119, reward:0.8996527666560468
==================================================

coord:(8.345616192506272, 19.79297501518726, 23.74329374455706)->(8.345616192506272, 18.865041641328528, 23.74329374455706)
state:air-10, action:Wait, timestep:120, reward:0.6311478851907086
==================================================

coord:(8.345616192506272, 18.865041641328528, 23.74329374455706)->(12.022571256877962, 20.0, 20.066338680185265)
state:field-0, action:WA, timestep:121, reward:-1.5308006518467554
==================================================

coord:(12.022571256877962, 20.0, 20.066338680185265)->(12.022571256877962, 20.0, 20.066338680185265)
state:field-0, action:Wait, timestep:122, reward:-0.0
==================================================

coord:(12.022571256877962, 20.0, 20.066338680185265)->(12.022571256877962, 20.0, 25.26633848945033)
state:field-0, action:D, timestep:123, reward:-1.8300313828935053
==================================================

coord:(12.022571256877962, 20.0, 25.26633848945033)->(12.022571256877962, 20.0, 25.26633848945033)
state:field-0, action:Wait, timestep:124, reward:-0.0
==================================================

coord:(12.022571256877962, 20.0, 25.26633848945033)->(8.345616192506272, 19.79297501518726, 21.589383425078534)
state:field-0, action:SA, timestep:125, reward:3.8318734390380946
==================================================

coord:(8.345616192506272, 19.79297501518726, 21.589383425078534)->(8.345616192506272, 18.325941684857245, 21.589383425078534)
state:air-10, action:Wait, timestep:126, reward:1.2487411447771901
==================================================

coord:(8.345616192506272, 18.325941684857245, 21.589383425078534)->(8.345616192506272, 18.728797810708404, 24.796049974125324)
state:field-0, action:D, timestep:127, reward:-2.4584776108176554
==================================================

coord:(8.345616192506272, 18.728797810708404, 24.796049974125324)->(8.345616192506272, 18.728797810708404, 24.796049974125324)
state:field-0, action:Wait, timestep:128, reward:-0.0
==================================================

coord:(8.345616192506272, 18.728797810708404, 24.796049974125324)->(8.345616192506272, 17.673679104212738, 26.9627165613191)
state:field-0, action:D, timestep:129, reward:-1.5123820976284277
==================================================

coord:(8.345616192506272, 17.673679104212738, 26.9627165613191)->(9.019724620974415, 18.728797810708404, 27.636824989787264)
state:field-0, action:WD, timestep:130, reward:-1.1057589526638445
==================================================

coord:(9.019724620974415, 18.728797810708404, 27.636824989787264)->(14.219724430239587, 20.0, 27.636824989787264)
state:field-0, action:W, timestep:131, reward:-2.8963141283545237
==================================================

coord:(14.219724430239587, 20.0, 27.636824989787264)->(14.219724430239587, 20.0, 22.4368251805222)
state:field-0, action:A, timestep:132, reward:2.597030074550256
==================================================

coord:(14.219724430239587, 20.0, 22.4368251805222)->(10.542769365867898, 19.986198334345815, 18.759870116150402)
state:field-0, action:SA, timestep:133, reward:3.0324110543223544
==================================================

coord:(10.542769365867898, 19.986198334345815, 18.759870116150402)->(10.542769365867898, 19.2797487117939, 18.759870116150402)
state:air-10, action:Wait, timestep:134, reward:0.5151490970473418
==================================================

coord:(10.542769365867898, 19.2797487117939, 18.759870116150402)->(12.013551391616573, 20.0, 17.289088090401684)
state:field-0, action:WA, timestep:135, reward:-1.9461336592394112
==================================================

coord:(12.013551391616573, 20.0, 17.289088090401684)->(12.013551391616573, 20.0, 22.48908789966675)
state:field-0, action:D, timestep:136, reward:0.08072121493383211
==================================================

coord:(12.013551391616573, 20.0, 22.48908789966675)->(15.690506455988263, 20.0, 18.812132835294953)
state:field-0, action:WA, timestep:137, reward:-2.697466970671962
==================================================

coord:(15.690506455988263, 20.0, 18.812132835294953)->(15.690506455988263, 20.0, 24.01213264456002)
state:field-0, action:D, timestep:138, reward:-0.7225152560809605
==================================================

coord:(15.690506455988263, 20.0, 24.01213264456002)->(12.013551391616573, 20.0, 27.689087708931815)
state:field-0, action:SD, timestep:139, reward:0.3558841054676716
==================================================

coord:(12.013551391616573, 20.0, 27.689087708931815)->(15.690506455988263, 20.0, 24.01213264456002)
state:field-0, action:WA, timestep:140, reward:-0.3558841054676716
==================================================

coord:(15.690506455988263, 20.0, 24.01213264456002)->(15.690506455988263, 20.0, 24.01213264456002)
state:field-0, action:Wait, timestep:141, reward:-0.0
==================================================

coord:(15.690506455988263, 20.0, 24.01213264456002)->(19.36746152036005, 20.0, 20.335177580188223)
state:field-0, action:WA, timestep:142, reward:-2.598361470949323
==================================================

coord:(19.36746152036005, 20.0, 20.335177580188223)->(14.167461711094944, 20.0, 20.335177580188223)
state:field-0, action:S, timestep:143, reward:4.718826981333287
==================================================

coord:(14.167461711094944, 20.0, 20.335177580188223)->(14.167461711094944, 20.0, 25.53517738945329)
state:field-0, action:D, timestep:144, reward:-1.6534838726511936
==================================================

coord:(14.167461711094944, 20.0, 25.53517738945329)->(14.167461711094944, 20.0, 20.335177580188223)
state:field-0, action:A, timestep:145, reward:1.6534838726511936
==================================================

coord:(14.167461711094944, 20.0, 20.335177580188223)->(10.490506646723254, 20.0, 24.01213264456002)
state:field-0, action:SD, timestep:146, reward:1.5175435812504254
==================================================

coord:(10.490506646723254, 20.0, 24.01213264456002)->(14.167461711094944, 20.0, 20.335177580188223)
state:field-0, action:WA, timestep:147, reward:-1.5175435812504254
==================================================

coord:(14.167461711094944, 20.0, 20.335177580188223)->(14.167461711094944, 19.834380012149808, 15.13517777092314)
state:field-0, action:A, timestep:148, reward:-1.2271724535788753
==================================================

coord:(14.167461711094944, 19.834380012149808, 15.13517777092314)->(14.167461711094944, 18.325941684857245, 15.13517777092314)
state:air-10, action:Wait, timestep:149, reward:0.557310138016776
==================================================

coord:(14.167461711094944, 18.325941684857245, 15.13517777092314)->(13.248222945002022, 19.703572218764624, 16.054416537016063)
state:field-0, action:SD, timestep:150, reward:0.6332306440071012
==================================================

coord:(13.248222945002022, 19.703572218764624, 16.054416537016063)->(16.925178009373738, 20.0, 19.73137160138786)
state:field-0, action:WD, timestep:151, reward:-2.409417529420077
==================================================

coord:(16.925178009373738, 20.0, 19.73137160138786)->(16.925178009373738, 20.0, 19.73137160138786)
state:field-0, action:Wait, timestep:152, reward:-0.0
==================================================

coord:(16.925178009373738, 20.0, 19.73137160138786)->(16.925178009373738, 20.0, 19.73137160138786)
state:field-0, action:Wait, timestep:153, reward:-0.0
==================================================

coord:(16.925178009373738, 20.0, 19.73137160138786)->(13.248222945002022, 20.0, 23.408326665759656)
state:field-0, action:SD, timestep:154, reward:2.4954488157295014
==================================================

coord:(13.248222945002022, 20.0, 23.408326665759656)->(16.925178009373738, 20.0, 19.73137160138786)
state:field-0, action:WA, timestep:155, reward:-2.4954488157295014
==================================================

coord:(16.925178009373738, 20.0, 19.73137160138786)->(13.248222945002022, 20.0, 23.408326665759656)
state:field-0, action:SD, timestep:156, reward:2.4954488157295014
==================================================

coord:(13.248222945002022, 20.0, 23.408326665759656)->(16.925178009373738, 20.0, 19.73137160138786)
state:field-0, action:WA, timestep:157, reward:-2.4954488157295014
==================================================

coord:(16.925178009373738, 20.0, 19.73137160138786)->(13.248222945002022, 19.703572218764624, 16.054416537016063)
state:field-0, action:SA, timestep:158, reward:2.409417529420077
==================================================

coord:(13.248222945002022, 19.703572218764624, 16.054416537016063)->(13.248222945002022, 20.0, 21.25441634628113)
state:field-0, action:D, timestep:159, reward:0.7104151745517759
==================================================

coord:(13.248222945002022, 20.0, 21.25441634628113)->(13.248222945002022, 20.0, 21.25441634628113)
state:field-0, action:Wait, timestep:160, reward:-0.0
==================================================

coord:(13.248222945002022, 20.0, 21.25441634628113)->(13.248222945002022, 20.0, 21.25441634628113)
state:field-0, action:Wait, timestep:161, reward:-0.0
==================================================

coord:(13.248222945002022, 20.0, 21.25441634628113)->(13.248222945002022, 20.0, 26.454416155546195)
state:field-0, action:D, timestep:162, reward:-2.2618837193798127
==================================================

coord:(13.248222945002022, 20.0, 26.454416155546195)->(13.248222945002022, 20.0, 21.25441634628113)
state:field-0, action:A, timestep:163, reward:2.2618837193798127
==================================================

coord:(13.248222945002022, 20.0, 21.25441634628113)->(13.248222945002022, 19.79297501518726, 16.054416537016063)
state:field-0, action:A, timestep:164, reward:-0.7539787541666305
==================================================

coord:(13.248222945002022, 19.79297501518726, 16.054416537016063)->(13.248222945002022, 19.703572218764624, 16.054416537016063)
state:air-10, action:Wait, timestep:165, reward:0.043563579614854575
==================================================

coord:(13.248222945002022, 19.703572218764624, 16.054416537016063)->(16.925178009373738, 20.0, 19.73137160138786)
state:field-0, action:WD, timestep:166, reward:-2.409417529420077
==================================================

coord:(16.925178009373738, 20.0, 19.73137160138786)->(13.248222945002022, 20.0, 23.408326665759656)
state:field-0, action:SD, timestep:167, reward:2.4954488157295014
==================================================

coord:(13.248222945002022, 20.0, 23.408326665759656)->(16.925178009373738, 20.0, 19.73137160138786)
state:field-0, action:WA, timestep:168, reward:-2.4954488157295014
==================================================

coord:(16.925178009373738, 20.0, 19.73137160138786)->(16.925178009373738, 20.0, 19.73137160138786)
state:field-0, action:Wait, timestep:169, reward:-0.0
==================================================

coord:(16.925178009373738, 20.0, 19.73137160138786)->(13.248222945002022, 19.703572218764624, 16.054416537016063)
state:field-0, action:SA, timestep:170, reward:2.409417529420077
==================================================

coord:(13.248222945002022, 19.703572218764624, 16.054416537016063)->(13.248222945002022, 20.0, 21.25441634628113)
state:field-0, action:D, timestep:171, reward:0.7104151745517759
==================================================

coord:(13.248222945002022, 20.0, 21.25441634628113)->(13.248222945002022, 20.0, 21.25441634628113)
state:field-0, action:Wait, timestep:172, reward:-0.0
==================================================

coord:(13.248222945002022, 20.0, 21.25441634628113)->(13.248222945002022, 20.0, 26.454416155546195)
state:field-0, action:D, timestep:173, reward:-2.2618837193798127
==================================================

coord:(13.248222945002022, 20.0, 26.454416155546195)->(13.248222945002022, 20.0, 26.454416155546195)
state:field-0, action:Wait, timestep:174, reward:-0.0
==================================================

coord:(13.248222945002022, 20.0, 26.454416155546195)->(13.248222945002022, 20.0, 26.454416155546195)
state:field-0, action:Wait, timestep:175, reward:-0.0
==================================================

coord:(13.248222945002022, 20.0, 26.454416155546195)->(13.248222945002022, 20.0, 26.454416155546195)
state:field-0, action:Wait, timestep:176, reward:-0.0
==================================================

coord:(13.248222945002022, 20.0, 26.454416155546195)->(13.248222945002022, 20.0, 26.454416155546195)
state:field-0, action:Wait, timestep:177, reward:-0.0
==================================================

coord:(13.248222945002022, 20.0, 26.454416155546195)->(16.925178009373738, 20.0, 22.7774610911744)
state:field-0, action:WA, timestep:178, reward:-1.2045814360131963
==================================================

coord:(16.925178009373738, 20.0, 22.7774610911744)->(13.248222945002022, 20.0, 19.100506026802602)
state:field-0, action:SA, timestep:179, reward:3.51607109757545
==================================================

coord:(13.248222945002022, 20.0, 19.100506026802602)->(9.571267880630332, 20.0, 22.7774610911744)
state:field-0, action:SD, timestep:180, reward:1.8954400163652494
==================================================

coord:(9.571267880630332, 20.0, 22.7774610911744)->(13.248222945002022, 20.0, 19.100506026802602)
state:field-0, action:WA, timestep:181, reward:-1.8954400163652494
==================================================

coord:(13.248222945002022, 20.0, 19.100506026802602)->(13.248222945002022, 20.0, 19.100506026802602)
state:field-0, action:Wait, timestep:182, reward:-0.0
==================================================

coord:(13.248222945002022, 20.0, 19.100506026802602)->(13.248222945002022, 20.0, 24.300505836067668)
state:field-0, action:D, timestep:183, reward:-1.075929184683723
==================================================

coord:(13.248222945002022, 20.0, 24.300505836067668)->(8.04822313573685, 19.79297501518726, 24.300505836067668)
state:field-0, action:S, timestep:184, reward:2.676499682355999
==================================================

coord:(8.04822313573685, 19.79297501518726, 24.300505836067668)->(8.04822313573685, 18.728797810708404, 24.300505836067668)
state:air-10, action:Wait, timestep:185, reward:0.6737526325163721
==================================================

coord:(8.04822313573685, 18.728797810708404, 24.300505836067668)->(8.04822313573685, 18.728797810708404, 22.13383924887389)
state:field-0, action:A, timestep:186, reward:1.4964364563570762
==================================================

coord:(8.04822313573685, 18.728797810708404, 22.13383924887389)->(8.04822313573685, 18.728797810708404, 22.13383924887389)
state:field-0, action:Wait, timestep:187, reward:-0.0
==================================================

coord:(8.04822313573685, 18.728797810708404, 22.13383924887389)->(9.028744486235967, 20.0, 21.153317898374745)
state:field-0, action:WA, timestep:188, reward:-1.0488258030298563
==================================================

coord:(9.028744486235967, 20.0, 21.153317898374745)->(9.94798325232889, 19.703572218764624, 20.234079132281796)
state:field-0, action:WA, timestep:189, reward:-0.07936895953034906
==================================================

coord:(9.94798325232889, 19.703572218764624, 20.234079132281796)->(9.94798325232889, 20.0, 25.43407894154686)
state:field-0, action:D, timestep:190, reward:-2.5357395454494354
==================================================

coord:(9.94798325232889, 20.0, 25.43407894154686)->(9.94798325232889, 20.0, 25.43407894154686)
state:field-0, action:Wait, timestep:191, reward:-0.0
==================================================

coord:(9.94798325232889, 20.0, 25.43407894154686)->(9.94798325232889, 19.871184453894294, 20.234079132281796)
state:field-0, action:A, timestep:192, reward:2.3991054461775567
==================================================

coord:(9.94798325232889, 19.871184453894294, 20.234079132281796)->(9.94798325232889, 19.703572218764624, 20.234079132281796)
state:air-10, action:Wait, timestep:193, reward:0.13663409927187864
==================================================

coord:(9.94798325232889, 19.703572218764624, 20.234079132281796)->(9.94798325232889, 20.0, 25.43407894154686)
state:field-0, action:D, timestep:194, reward:-2.5357395454494354
==================================================

coord:(9.94798325232889, 20.0, 25.43407894154686)->(9.94798325232889, 20.0, 25.43407894154686)
state:field-0, action:Wait, timestep:195, reward:-0.0
==================================================

coord:(9.94798325232889, 20.0, 25.43407894154686)->(9.94798325232889, 20.0, 25.43407894154686)
state:field-0, action:Wait, timestep:196, reward:-0.0
==================================================

coord:(9.94798325232889, 20.0, 25.43407894154686)->(9.94798325232889, 20.0, 25.43407894154686)
state:field-0, action:Wait, timestep:197, reward:-0.0
==================================================

coord:(9.94798325232889, 20.0, 25.43407894154686)->(9.94798325232889, 19.871184453894294, 20.234079132281796)
state:field-0, action:A, timestep:198, reward:2.3991054461775567
==================================================

coord:(9.94798325232889, 19.871184453894294, 20.234079132281796)->(9.94798325232889, 19.703572218764624, 20.234079132281796)
state:air-10, action:Wait, timestep:199, reward:0.13663409927187864
==================================================

coord:(9.94798325232889, 19.703572218764624, 20.234079132281796)->(9.94798325232889, 20.0, 25.43407894154686)
state:field-0, action:D, timestep:200, reward:-2.5357395454494354
==================================================

coord:(9.94798325232889, 20.0, 25.43407894154686)->(9.94798325232889, 20.0, 25.43407894154686)
state:field-0, action:Wait, timestep:201, reward:-0.0
==================================================

coord:(9.94798325232889, 20.0, 25.43407894154686)->(9.94798325232889, 20.0, 25.43407894154686)
state:field-0, action:Wait, timestep:202, reward:-0.0
==================================================

coord:(9.94798325232889, 20.0, 25.43407894154686)->(9.94798325232889, 19.871184453894294, 20.234079132281796)
state:field-0, action:A, timestep:203, reward:2.3991054461775567
==================================================

coord:(9.94798325232889, 19.871184453894294, 20.234079132281796)->(9.94798325232889, 19.703572218764624, 20.234079132281796)
state:air-10, action:Wait, timestep:204, reward:0.13663409927187864
==================================================

coord:(9.94798325232889, 19.703572218764624, 20.234079132281796)->(9.94798325232889, 19.703572218764624, 20.234079132281796)
state:field-0, action:Wait, timestep:205, reward:-0.0
==================================================

coord:(9.94798325232889, 19.703572218764624, 20.234079132281796)->(9.94798325232889, 20.0, 25.43407894154686)
state:field-0, action:D, timestep:206, reward:-2.5357395454494354
==================================================

coord:(9.94798325232889, 20.0, 25.43407894154686)->(9.94798325232889, 19.871184453894294, 20.234079132281796)
state:field-0, action:A, timestep:207, reward:2.3991054461775567
==================================================

coord:(9.94798325232889, 19.871184453894294, 20.234079132281796)->(9.94798325232889, 19.703572218764624, 20.234079132281796)
state:air-10, action:Wait, timestep:208, reward:0.13663409927187864
==================================================

coord:(9.94798325232889, 19.703572218764624, 20.234079132281796)->(9.94798325232889, 20.0, 25.43407894154686)
state:field-0, action:D, timestep:209, reward:-2.5357395454494354
==================================================

coord:(9.94798325232889, 20.0, 25.43407894154686)->(9.94798325232889, 19.871184453894294, 20.234079132281796)
state:field-0, action:A, timestep:210, reward:2.3991054461775567
==================================================

coord:(9.94798325232889, 19.871184453894294, 20.234079132281796)->(9.94798325232889, 19.703572218764624, 20.234079132281796)
state:air-10, action:Wait, timestep:211, reward:0.13663409927187864
==================================================

coord:(9.94798325232889, 19.703572218764624, 20.234079132281796)->(9.94798325232889, 20.0, 25.43407894154686)
state:field-0, action:D, timestep:212, reward:-2.5357395454494354
==================================================

coord:(9.94798325232889, 20.0, 25.43407894154686)->(13.624938316700579, 20.0, 21.757123877175065)
state:field-0, action:WA, timestep:213, reward:-0.5576149495679754
==================================================

coord:(13.624938316700579, 20.0, 21.757123877175065)->(13.624938316700579, 20.0, 26.95712368644013)
state:field-0, action:D, timestep:214, reward:-2.4248130930527623
==================================================

coord:(13.624938316700579, 20.0, 26.95712368644013)->(13.624938316700579, 20.0, 26.95712368644013)
state:field-0, action:Wait, timestep:215, reward:-0.0
==================================================

coord:(13.624938316700579, 20.0, 26.95712368644013)->(9.94798325232889, 20.0, 23.280168622068334)
state:field-0, action:SA, timestep:216, reward:4.343920617907631
==================================================

coord:(9.94798325232889, 20.0, 23.280168622068334)->(13.624938316700579, 20.0, 19.603213557696538)
state:field-0, action:WA, timestep:217, reward:-1.7368980430802736
==================================================

coord:(13.624938316700579, 20.0, 19.603213557696538)->(9.94798325232889, 20.0, 23.280168622068334)
state:field-0, action:SD, timestep:218, reward:1.7368980430802736
==================================================

coord:(9.94798325232889, 20.0, 23.280168622068334)->(9.94798325232889, 20.0, 23.280168622068334)
state:field-0, action:Wait, timestep:219, reward:-0.0
==================================================

coord:(9.94798325232889, 20.0, 23.280168622068334)->(9.94798325232889, 20.0, 23.280168622068334)
state:field-0, action:Wait, timestep:220, reward:-0.0
==================================================

coord:(9.94798325232889, 20.0, 23.280168622068334)->(9.94798325232889, 20.0, 23.280168622068334)
state:field-0, action:Wait, timestep:221, reward:-0.0
==================================================

coord:(9.94798325232889, 20.0, 23.280168622068334)->(9.94798325232889, 20.0, 23.280168622068334)
state:field-0, action:Wait, timestep:222, reward:-0.0
==================================================

coord:(9.94798325232889, 20.0, 23.280168622068334)->(13.624938316700579, 20.0, 19.603213557696538)
state:field-0, action:WA, timestep:223, reward:-1.7368980430802736
==================================================

coord:(13.624938316700579, 20.0, 19.603213557696538)->(9.94798325232889, 20.0, 23.280168622068334)
state:field-0, action:SD, timestep:224, reward:1.7368980430802736
==================================================

coord:(9.94798325232889, 20.0, 23.280168622068334)->(9.94798325232889, 20.0, 23.280168622068334)
state:field-0, action:Wait, timestep:225, reward:-0.0
==================================================

coord:(9.94798325232889, 20.0, 23.280168622068334)->(13.624938316700579, 20.0, 19.603213557696538)
state:field-0, action:WA, timestep:226, reward:-1.7368980430802736
==================================================

coord:(13.624938316700579, 20.0, 19.603213557696538)->(13.624938316700579, 20.0, 24.803213366961604)
state:field-0, action:D, timestep:227, reward:-1.329978896109938
==================================================

coord:(13.624938316700579, 20.0, 24.803213366961604)->(8.424938507435407, 19.930991671729085, 24.803213366961604)
state:field-0, action:S, timestep:228, reward:2.6727587937950785
==================================================

coord:(8.424938507435407, 19.930991671729085, 24.803213366961604)->(8.424938507435407, 18.728797810708404, 24.803213366961604)
state:air-10, action:Wait, timestep:229, reward:0.7126763192941041
==================================================

coord:(8.424938507435407, 18.728797810708404, 24.803213366961604)->(8.424938507435407, 17.673679104212738, 26.96987995415538)
state:field-0, action:D, timestep:230, reward:-1.5094682671201074
==================================================

coord:(8.424938507435407, 17.673679104212738, 26.96987995415538)->(8.424938507435407, 18.728797810708404, 22.20321346232907)
state:field-0, action:A, timestep:231, reward:3.3387858804032406
==================================================

coord:(8.424938507435407, 18.728797810708404, 22.20321346232907)->(9.037764351497355, 20.0, 21.590387618267105)
state:field-0, action:WA, timestep:232, reward:-1.0173484698066453
==================================================

coord:(9.037764351497355, 20.0, 21.590387618267105)->(9.037764351497355, 20.0, 21.590387618267105)
state:field-0, action:Wait, timestep:233, reward:-0.0
==================================================

coord:(9.037764351497355, 20.0, 21.590387618267105)->(10.018285701996472, 20.0, 20.60986626776796)
state:field-0, action:WA, timestep:234, reward:-0.26842112947545704
==================================================

coord:(10.018285701996472, 20.0, 20.60986626776796)->(10.018285701996472, 20.0, 20.60986626776796)
state:field-0, action:Wait, timestep:235, reward:-0.0
==================================================

coord:(10.018285701996472, 20.0, 20.60986626776796)->(9.589307611153108, 20.0, 21.038844358611335)
state:field-0, action:SD, timestep:236, reward:0.16113751789584718
==================================================

coord:(9.589307611153108, 20.0, 21.038844358611335)->(9.589307611153108, 20.0, 21.038844358611335)
state:field-0, action:Wait, timestep:237, reward:-0.0
==================================================

coord:(9.589307611153108, 20.0, 21.038844358611335)->(10.018285701996472, 20.0, 20.60986626776796)
state:field-0, action:WA, timestep:238, reward:-0.16113751789584718
==================================================

coord:(10.018285701996472, 20.0, 20.60986626776796)->(10.018285701996472, 20.0, 25.809866077033025)
state:field-0, action:D, timestep:239, reward:-2.5242647237810107
==================================================

coord:(10.018285701996472, 20.0, 25.809866077033025)->(10.018285701996472, 20.0, 25.809866077033025)
state:field-0, action:Wait, timestep:240, reward:-0.0
==================================================

coord:(10.018285701996472, 20.0, 25.809866077033025)->(13.695240766368162, 20.0, 22.13291101266123)
state:field-0, action:WA, timestep:241, reward:-0.4031044982938399
==================================================

coord:(13.695240766368162, 20.0, 22.13291101266123)->(13.695240766368162, 20.0, 16.932911203396163)
state:field-0, action:A, timestep:242, reward:-0.2884024418181088
==================================================

coord:(13.695240766368162, 20.0, 16.932911203396163)->(13.695240766368162, 19.703572218764624, 16.932911203396163)
state:air-10, action:Wait, timestep:243, reward:0.1475481224179429
==================================================

coord:(13.695240766368162, 19.703572218764624, 16.932911203396163)->(17.37219583073989, 20.0, 20.60986626776796)
state:field-0, action:WD, timestep:244, reward:-2.855303217264943
==================================================

coord:(17.37219583073989, 20.0, 20.60986626776796)->(12.172196021474745, 20.0, 20.60986626776796)
state:field-0, action:S, timestep:245, reward:4.4718025416783105
==================================================

coord:(12.172196021474745, 20.0, 20.60986626776796)->(8.495240957103055, 19.871184453894294, 24.286821332139755)
state:field-0, action:SD, timestep:246, reward:0.5854450134859883
==================================================

coord:(8.495240957103055, 19.871184453894294, 24.286821332139755)->(8.495240957103055, 18.728797810708404, 24.286821332139755)
state:air-10, action:Wait, timestep:247, reward:0.7167021104887743
==================================================

coord:(8.495240957103055, 18.728797810708404, 24.286821332139755)->(8.495240957103055, 18.728797810708404, 24.286821332139755)
state:field-0, action:Wait, timestep:248, reward:-0.0
==================================================

coord:(8.495240957103055, 18.728797810708404, 24.286821332139755)->(12.172196021474745, 20.0, 20.60986626776796)
state:field-0, action:WA, timestep:249, reward:-1.3021471239747626
==================================================

coord:(12.172196021474745, 20.0, 20.60986626776796)->(12.172196021474745, 20.0, 20.60986626776796)
state:field-0, action:Wait, timestep:250, reward:-0.0
==================================================

coord:(12.172196021474745, 20.0, 20.60986626776796)->(8.495240957103055, 19.871184453894294, 24.286821332139755)
state:field-0, action:SD, timestep:251, reward:0.5854450134859883
==================================================

coord:(8.495240957103055, 19.871184453894294, 24.286821332139755)->(8.495240957103055, 18.728797810708404, 24.286821332139755)
state:air-10, action:Wait, timestep:252, reward:0.7167021104887743
==================================================

coord:(8.495240957103055, 18.728797810708404, 24.286821332139755)->(8.495240957103055, 17.673679104212738, 26.97348790026004)
state:field-0, action:D, timestep:253, reward:-1.9206820326824499
==================================================

coord:(8.495240957103055, 17.673679104212738, 26.97348790026004)->(8.495240957103055, 18.728797810708404, 22.20682140843373)
state:field-0, action:A, timestep:254, reward:3.3289067482406267
==================================================

coord:(8.495240957103055, 18.728797810708404, 22.20682140843373)->(8.495240957103055, 18.728797810708404, 22.20682140843373)
state:field-0, action:Wait, timestep:255, reward:-0.0
==================================================

coord:(8.495240957103055, 18.728797810708404, 22.20682140843373)->(8.495240957103055, 18.728797810708404, 22.20682140843373)
state:field-0, action:Wait, timestep:256, reward:-0.0
==================================================

coord:(8.495240957103055, 18.728797810708404, 22.20682140843373)->(8.495240957103055, 18.728797810708404, 22.20682140843373)
state:timeout-0, action:Wait, timestep:257, reward:-999999
==================================================

