coord:(13.0, 0.0, 6.0)->(13.0, 0.0, 6.0)
state:field-4, action:Wait, timestep:1, reward:-0.0
==================================================

coord:(13.0, 0.0, 6.0)->(13.0, 0.0, 9.03333322207133)
state:field-4, action:D, timestep:2, reward:2.2491117068367004
==================================================

coord:(13.0, 0.0, 9.03333322207133)->(13.0, 2.599999904632568, 9.03333322207133)
state:wall-9, action:Wj, timestep:3, reward:-0.07024845939248792
==================================================

coord:(13.0, 2.599999904632568, 9.03333322207133)->(13.0, 2.599999904632568, 8.93333322207133)
state:field-4, action:As, timestep:4, reward:-0.07266920628968165
==================================================

coord:(13.0, 2.599999904632568, 8.93333322207133)->(13.0, 1.2999999523162822, 8.93333322207133)
state:wall-9, action:S, timestep:5, reward:0.05259725778234525
==================================================

coord:(13.0, 1.2999999523162822, 8.93333322207133)->(12.938717415593805, 1.2999999523162822, 8.872050637665135)
state:field-4, action:SA, timestep:6, reward:-0.08659531762179995
==================================================

coord:(12.938717415593805, 1.2999999523162822, 8.872050637665135)->(12.938717415593805, -1.700029006457271e-15, 7.972050637665123)
state:wall-9, action:S, timestep:7, reward:-0.6417598473167203
==================================================

coord:(12.938717415593805, -1.700029006457271e-15, 7.972050637665123)->(12.938717415593805, -1.2999999523162855, 6.972050637665126)
state:wall-9, action:S, timestep:8, reward:-0.7584152098854915
==================================================

coord:(12.938717415593805, -1.2999999523162855, 6.972050637665126)->(12.938717415593805, -2.5999999046325715, 5.97205063766513)
state:wall-9, action:S, timestep:9, reward:-0.8003454701742001
==================================================

coord:(12.938717415593805, -2.5999999046325715, 5.97205063766513)->(12.938717415593805, -3.70536934468646e-15, 5.97205063766513)
state:wall-9, action:Wj, timestep:10, reward:0.06703193065291657
==================================================

coord:(12.938717415593805, -3.70536934468646e-15, 5.97205063766513)->(12.938717415593805, 1.2999999523162802, 5.97205063766513)
state:wall-8, action:W, timestep:11, reward:-0.01676633954225082
==================================================

coord:(12.938717415593805, 1.2999999523162802, 5.97205063766513)->(12.938717415593805, -3.698430450782553e-15, 4.972050637665133)
state:wall-8, action:S, timestep:12, reward:-0.7421112519238946
==================================================

coord:(12.938717415593805, -3.698430450782553e-15, 4.972050637665133)->(12.938717415593805, 1.2999999523162802, 4.972050637665133)
state:wall-8, action:W, timestep:13, reward:-0.016517665297094197
==================================================

coord:(12.938717415593805, 1.2999999523162802, 4.972050637665133)->(12.938717415593805, -3.698430450782553e-15, 3.972050637665137)
state:wall-8, action:S, timestep:14, reward:-0.7505296053650738
==================================================

coord:(12.938717415593805, -3.698430450782553e-15, 3.972050637665137)->(12.938717415593805, 1.2999999523162802, 3.972050637665137)
state:wall-8, action:W, timestep:15, reward:-0.016273698177265317
==================================================

coord:(12.938717415593805, 1.2999999523162802, 3.972050637665137)->(12.938717415593805, -3.698430450782553e-15, 2.9720506376651405)
state:wall-8, action:S, timestep:16, reward:-0.7585864634580872
==================================================

coord:(12.938717415593805, -3.698430450782553e-15, 2.9720506376651405)->(12.938717415593805, 1.2999999523162802, 2.9720506376651405)
state:wall-8, action:W, timestep:17, reward:-0.01603445472666465
==================================================

coord:(12.938717415593805, 1.2999999523162802, 2.9720506376651405)->(12.938717415593805, -3.698430450782553e-15, 1.9720506376651439)
state:wall-8, action:S, timestep:18, reward:-0.7662989587292799
==================================================

coord:(12.938717415593805, -3.698430450782553e-15, 1.9720506376651439)->(12.938717415593805, 1.2999999523162802, 1.9720506376651439)
state:wall-8, action:W, timestep:19, reward:-0.01579993488297049
==================================================

coord:(12.938717415593805, 1.2999999523162802, 1.9720506376651439)->(12.938717415593805, 3.899999856948843, 1.9720506376651439)
state:wall-8, action:Wj, timestep:20, reward:-0.1262318600883532
==================================================

coord:(12.938717415593805, 3.899999856948843, 1.9720506376651439)->(12.938717415593807, 6.499999761581428, 2.022050637665144)
state:wall-8, action:Wj, timestep:21, reward:-0.2125744819646016
==================================================

coord:(12.938717415593807, 6.499999761581428, 2.022050637665144)->(12.387174155938053, 6.3928754271175405, 1.4705073780093845)
state:field-2, action:SA, timestep:22, reward:-0.7563906815692505
==================================================

coord:(12.387174155938053, 6.3928754271175405, 1.4705073780093845)->(12.387174155938053, 6.27037542711754, -0.029492621990615725)
state:field-2, action:As, timestep:23, reward:-1.1627445435321349
==================================================

