coord:(13.0, 0.0, 6.0)->(13.0, 0.0, 6.0)
state:field-4, action:Wait, timestep:1, reward:-0.0
==================================================

coord:(13.0, 0.0, 6.0)->(12.938717415593805, 0.0, 6.061282584406196)
state:field-4, action:SD, timestep:2, reward:0.006013947088739258
==================================================

coord:(12.938717415593805, 0.0, 6.061282584406196)->(12.938717415593805, -1.299999952316284, 5.961282584406196)
state:wall-9, action:S, timestep:3, reward:-0.09219701466502528
==================================================

coord:(12.938717415593805, -1.299999952316284, 5.961282584406196)->(12.938717415593805, -7.632783294297951e-17, 5.961282584406196)
state:wall-9, action:W, timestep:4, reward:0.016763636841311325
==================================================

coord:(12.938717415593805, -7.632783294297951e-17, 5.961282584406196)->(12.938717415593805, 1.2999999523162837, 5.961282584406196)
state:wall-9, action:W, timestep:5, reward:-0.016763636841311325
==================================================

coord:(12.938717415593805, 1.2999999523162837, 5.961282584406196)->(12.938717415593805, 2.5999999046325697, 5.961282584406196)
state:wall-9, action:W, timestep:6, reward:-0.05025749915805733
==================================================

coord:(12.938717415593805, 2.5999999046325697, 5.961282584406196)->(12.938717415593805, 5.199999809265141, 5.961282584406196)
state:wall-9, action:Wj, timestep:7, reward:-0.20053147508511415
==================================================

coord:(12.938717415593805, 5.199999809265141, 5.961282584406196)->(12.938717415593805, 3.8999998569488725, 4.9612825844062)
state:wall-9, action:S, timestep:8, reward:-0.6398586542491032
==================================================

coord:(12.938717415593805, 3.8999998569488725, 4.9612825844062)->(12.938717415593805, 6.499999761581457, 4.9612825844062)
state:wall-9, action:Wj, timestep:9, reward:-0.26284491683569655
==================================================

coord:(12.938717415593805, 6.499999761581457, 4.9612825844062)->(12.938717415593805, 7.799999713897724, 4.9612825844062)
state:wall-8, action:W, timestep:10, reward:-0.17993144629738822
==================================================

coord:(12.938717415593805, 7.799999713897724, 4.9612825844062)->(12.938717415593805, 9.099999666214035, 4.9612825844062)
state:wall-8, action:W, timestep:11, reward:-0.21184295466644443
==================================================

coord:(12.938717415593805, 9.099999666214035, 4.9612825844062)->(12.938717415593805, 7.799999713897725, 3.9612825844062027)
state:wall-8, action:S, timestep:12, reward:-0.5466532350930038
==================================================

coord:(12.938717415593805, 7.799999713897725, 3.9612825844062027)->(13.009428090515478, 7.863699714342773, 3.8905719094845312)
state:field-3, action:WAsj, timestep:13, reward:-0.01898960609892697
==================================================

coord:(13.009428090515478, 7.863699714342773, 3.8905719094845312)->(13.009428090515478, 6.5636997620265065, 3.8905719094845312)
state:wall-8, action:S, timestep:14, reward:0.17884094339650858
==================================================

coord:(13.009428090515478, 6.5636997620265065, 3.8905719094845312)->(13.009428090515478, 5.26369980971024, 3.8905719094845312)
state:wall-8, action:S, timestep:15, reward:0.14706858111889431
==================================================

coord:(13.009428090515478, 5.26369980971024, 3.8905719094845312)->(13.009428090515478, 7.863699714342827, 4.040571909484531)
state:wall-8, action:Wj, timestep:16, reward:-0.21145739411245046
==================================================

coord:(13.009428090515478, 7.863699714342827, 4.040571909484531)->(13.009428090515478, 10.463699618975363, 5.040571909484528)
state:wall-8, action:Wj, timestep:17, reward:0.2991430412241698
==================================================

coord:(13.009428090515478, 10.463699618975363, 5.040571909484528)->(13.009428090515478, 9.163699666659044, 5.040571909484528)
state:wall-7, action:S, timestep:18, reward:0.24539099249248864
==================================================

coord:(13.009428090515478, 9.163699666659044, 5.040571909484528)->(13.009428090515478, 11.763699571291577, 6.040571909484524)
state:wall-7, action:Wj, timestep:19, reward:0.21743001500502146
==================================================

coord:(13.009428090515478, 11.763699571291577, 6.040571909484524)->(13.009428090515478, 14.36369947592411, 7.040571909484521)
state:wall-6, action:Wj, timestep:20, reward:0.06768884592698043
==================================================

coord:(13.009428090515478, 14.36369947592411, 7.040571909484521)->(13.009428090515478, 13.06369952360779, 7.040571909484521)
state:wall-6, action:S, timestep:21, reward:0.3467870953599146
==================================================

coord:(13.009428090515478, 13.06369952360779, 7.040571909484521)->(13.009428090515478, 15.66369942824032, 8.040571909484518)
state:wall-6, action:Wj, timestep:22, reward:-0.017293599827965522
==================================================

coord:(13.009428090515478, 15.66369942824032, 8.040571909484518)->(13.009428090515478, 16.963699380556562, 9.040571909484532)
state:wall-5, action:W, timestep:23, reward:0.27882573426221313
==================================================

coord:(13.009428090515478, 16.963699380556562, 9.040571909484532)->(13.009428090515478, 19.26036596298206, 9.040571909484532)
state:wall-5, action:Wj, timestep:24, reward:-0.8096262301551462
==================================================

coord:(13.009428090515478, 19.26036596298206, 9.040571909484532)->(13.009428090515478, 11.117383227014416, 9.040571909484532)
state:air-10, action:Wait, timestep:25, reward:2.446252603243117
==================================================

coord:(13.009428090515478, 11.117383227014416, 9.040571909484532)->(13.009428090515478, 3.2840823272580932, 9.040571909484532)
state:air-10, action:Wait, timestep:26, reward:1.1568332901142426
==================================================

coord:(13.009428090515478, 3.2840823272580932, 9.040571909484532)->(13.009428090515478, 3.2840823272580932, 9.040571909484532)
state:field-0, action:Wait, timestep:27, reward:-0.0
==================================================

coord:(13.009428090515478, 3.2840823272580932, 9.040571909484532)->(13.009428090515478, 3.2840823272580932, 9.040571909484532)
state:field-0, action:Wait, timestep:28, reward:-0.0
==================================================

coord:(13.009428090515478, 3.2840823272580932, 9.040571909484532)->(13.009428090515478, 3.2840823272580932, 9.040571909484532)
state:field-0, action:Wait, timestep:29, reward:-0.0
==================================================

coord:(13.009428090515478, 3.2840823272580932, 9.040571909484532)->(13.009428090515478, 3.2840823272580932, 9.040571909484532)
state:field-0, action:Wait, timestep:30, reward:-0.0
==================================================

coord:(13.009428090515478, 3.2840823272580932, 9.040571909484532)->(13.009428090515478, 3.2840823272580932, 9.040571909484532)
state:field-0, action:Wait, timestep:31, reward:-0.0
==================================================

coord:(13.009428090515478, 3.2840823272580932, 9.040571909484532)->(13.009428090515478, 3.2840823272580932, 9.040571909484532)
state:field-0, action:Wait, timestep:32, reward:-0.0
==================================================

coord:(13.009428090515478, 3.2840823272580932, 9.040571909484532)->(13.009428090515478, 3.2840823272580932, 9.040571909484532)
state:field-0, action:Wait, timestep:33, reward:-0.0
==================================================

coord:(13.009428090515478, 3.2840823272580932, 9.040571909484532)->(13.009428090515478, 3.2840823272580932, 9.040571909484532)
state:field-0, action:Wait, timestep:34, reward:-0.0
==================================================

coord:(13.009428090515478, 3.2840823272580932, 9.040571909484532)->(13.009428090515478, 3.2840823272580932, 9.040571909484532)
state:field-0, action:Wait, timestep:35, reward:-0.0
==================================================

coord:(13.009428090515478, 3.2840823272580932, 9.040571909484532)->(13.009428090515478, 3.2840823272580932, 9.040571909484532)
state:field-0, action:Wait, timestep:36, reward:-0.0
==================================================

coord:(13.009428090515478, 3.2840823272580932, 9.040571909484532)->(13.009428090515478, 3.2840823272580932, 9.040571909484532)
state:field-0, action:Wait, timestep:37, reward:-0.0
==================================================

coord:(13.009428090515478, 3.2840823272580932, 9.040571909484532)->(13.009428090515478, 3.2840823272580932, 9.040571909484532)
state:field-0, action:Wait, timestep:38, reward:-0.0
==================================================

coord:(13.009428090515478, 3.2840823272580932, 9.040571909484532)->(13.009428090515478, 3.2840823272580932, 9.040571909484532)
state:field-0, action:Wait, timestep:39, reward:-0.0
==================================================

coord:(13.009428090515478, 3.2840823272580932, 9.040571909484532)->(13.009428090515478, 3.2840823272580932, 9.040571909484532)
state:field-0, action:Wait, timestep:40, reward:-0.0
==================================================

coord:(13.009428090515478, 3.2840823272580932, 9.040571909484532)->(13.009428090515478, 3.2840823272580932, 9.040571909484532)
state:field-0, action:Wait, timestep:41, reward:-0.0
==================================================

coord:(13.009428090515478, 3.2840823272580932, 9.040571909484532)->(13.009428090515478, 3.2840823272580932, 9.040571909484532)
state:field-0, action:Wait, timestep:42, reward:-0.0
==================================================

coord:(13.009428090515478, 3.2840823272580932, 9.040571909484532)->(13.009428090515478, 3.2840823272580932, 9.040571909484532)
state:field-0, action:Wait, timestep:43, reward:-0.0
==================================================

coord:(13.009428090515478, 3.2840823272580932, 9.040571909484532)->(13.009428090515478, 3.2840823272580932, 9.040571909484532)
state:field-0, action:Wait, timestep:44, reward:-0.0
==================================================

coord:(13.009428090515478, 3.2840823272580932, 9.040571909484532)->(13.009428090515478, 3.2840823272580932, 9.040571909484532)
state:field-0, action:Wait, timestep:45, reward:-0.0
==================================================

coord:(13.009428090515478, 3.2840823272580932, 9.040571909484532)->(13.009428090515478, 3.2840823272580932, 9.040571909484532)
state:field-0, action:Wait, timestep:46, reward:-0.0
==================================================

coord:(13.009428090515478, 3.2840823272580932, 9.040571909484532)->(13.009428090515478, 3.2840823272580932, 9.040571909484532)
state:field-0, action:Wait, timestep:47, reward:-0.0
==================================================

coord:(13.009428090515478, 3.2840823272580932, 9.040571909484532)->(13.009428090515478, 3.2840823272580932, 9.040571909484532)
state:field-0, action:Wait, timestep:48, reward:-0.0
==================================================

coord:(13.009428090515478, 3.2840823272580932, 9.040571909484532)->(13.009428090515478, 3.2840823272580932, 9.040571909484532)
state:field-0, action:Wait, timestep:49, reward:-0.0
==================================================

coord:(13.009428090515478, 3.2840823272580932, 9.040571909484532)->(13.009428090515478, 3.2840823272580932, 9.040571909484532)
state:field-0, action:Wait, timestep:50, reward:-0.0
==================================================

coord:(13.009428090515478, 3.2840823272580932, 9.040571909484532)->(13.009428090515478, 3.2840823272580932, 9.040571909484532)
state:field-0, action:Wait, timestep:51, reward:-0.0
==================================================

coord:(13.009428090515478, 3.2840823272580932, 9.040571909484532)->(13.009428090515478, 3.2840823272580932, 9.040571909484532)
state:field-0, action:Wait, timestep:52, reward:-0.0
==================================================

coord:(13.009428090515478, 3.2840823272580932, 9.040571909484532)->(13.009428090515478, 3.2840823272580932, 9.040571909484532)
state:field-0, action:Wait, timestep:53, reward:-0.0
==================================================

coord:(13.009428090515478, 3.2840823272580932, 9.040571909484532)->(13.009428090515478, 3.2840823272580932, 9.040571909484532)
state:field-0, action:Wait, timestep:54, reward:-0.0
==================================================

coord:(13.009428090515478, 3.2840823272580932, 9.040571909484532)->(13.009428090515478, 3.2840823272580932, 9.040571909484532)
state:field-0, action:Wait, timestep:55, reward:-0.0
==================================================

coord:(13.009428090515478, 3.2840823272580932, 9.040571909484532)->(13.009428090515478, 3.2840823272580932, 9.040571909484532)
state:field-0, action:Wait, timestep:56, reward:-0.0
==================================================

coord:(13.009428090515478, 3.2840823272580932, 9.040571909484532)->(13.009428090515478, 3.2840823272580932, 9.040571909484532)
state:field-0, action:Wait, timestep:57, reward:-0.0
==================================================

coord:(13.009428090515478, 3.2840823272580932, 9.040571909484532)->(13.009428090515478, 3.2840823272580932, 9.040571909484532)
state:field-0, action:Wait, timestep:58, reward:-0.0
==================================================

coord:(13.009428090515478, 3.2840823272580932, 9.040571909484532)->(13.009428090515478, 3.2840823272580932, 9.040571909484532)
state:field-0, action:Wait, timestep:59, reward:-0.0
==================================================

coord:(13.009428090515478, 3.2840823272580932, 9.040571909484532)->(13.009428090515478, 3.2840823272580932, 9.040571909484532)
state:field-0, action:Wait, timestep:60, reward:-0.0
==================================================

coord:(13.009428090515478, 3.2840823272580932, 9.040571909484532)->(13.009428090515478, 3.2840823272580932, 9.040571909484532)
state:field-0, action:Wait, timestep:61, reward:-0.0
==================================================

coord:(13.009428090515478, 3.2840823272580932, 9.040571909484532)->(13.009428090515478, 3.2840823272580932, 9.040571909484532)
state:field-0, action:Wait, timestep:62, reward:-0.0
==================================================

coord:(13.009428090515478, 3.2840823272580932, 9.040571909484532)->(13.009428090515478, 3.2840823272580932, 9.040571909484532)
state:field-0, action:Wait, timestep:63, reward:-0.0
==================================================

coord:(13.009428090515478, 3.2840823272580932, 9.040571909484532)->(13.009428090515478, 3.2840823272580932, 9.040571909484532)
state:field-0, action:Wait, timestep:64, reward:-0.0
==================================================

coord:(13.009428090515478, 3.2840823272580932, 9.040571909484532)->(13.009428090515478, 3.2840823272580932, 9.040571909484532)
state:field-0, action:Wait, timestep:65, reward:-0.0
==================================================

coord:(13.009428090515478, 3.2840823272580932, 9.040571909484532)->(13.009428090515478, 3.2840823272580932, 9.040571909484532)
state:field-0, action:Wait, timestep:66, reward:-0.0
==================================================

coord:(13.009428090515478, 3.2840823272580932, 9.040571909484532)->(13.009428090515478, 3.2840823272580932, 9.040571909484532)
state:field-0, action:Wait, timestep:67, reward:-0.0
==================================================

coord:(13.009428090515478, 3.2840823272580932, 9.040571909484532)->(13.009428090515478, 3.2840823272580932, 9.040571909484532)
state:field-0, action:Wait, timestep:68, reward:-0.0
==================================================

coord:(13.009428090515478, 3.2840823272580932, 9.040571909484532)->(13.009428090515478, 3.2840823272580932, 9.040571909484532)
state:field-0, action:Wait, timestep:69, reward:-0.0
==================================================

coord:(13.009428090515478, 3.2840823272580932, 9.040571909484532)->(13.009428090515478, 3.2840823272580932, 9.040571909484532)
state:field-0, action:Wait, timestep:70, reward:-0.0
==================================================

coord:(13.009428090515478, 3.2840823272580932, 9.040571909484532)->(13.009428090515478, 3.2840823272580932, 9.040571909484532)
state:field-0, action:Wait, timestep:71, reward:-0.0
==================================================

coord:(13.009428090515478, 3.2840823272580932, 9.040571909484532)->(13.009428090515478, 3.2840823272580932, 9.040571909484532)
state:field-0, action:Wait, timestep:72, reward:-0.0
==================================================

coord:(13.009428090515478, 3.2840823272580932, 9.040571909484532)->(13.009428090515478, 3.2840823272580932, 9.040571909484532)
state:field-0, action:Wait, timestep:73, reward:-0.0
==================================================

coord:(13.009428090515478, 3.2840823272580932, 9.040571909484532)->(13.009428090515478, 3.2840823272580932, 9.040571909484532)
state:field-0, action:Wait, timestep:74, reward:-0.0
==================================================

coord:(13.009428090515478, 3.2840823272580932, 9.040571909484532)->(13.009428090515478, 3.2840823272580932, 9.040571909484532)
state:field-0, action:Wait, timestep:75, reward:-0.0
==================================================

coord:(13.009428090515478, 3.2840823272580932, 9.040571909484532)->(13.009428090515478, 3.2840823272580932, 9.040571909484532)
state:field-0, action:Wait, timestep:76, reward:-0.0
==================================================

coord:(13.009428090515478, 3.2840823272580932, 9.040571909484532)->(13.009428090515478, 3.2840823272580932, 9.040571909484532)
state:field-0, action:Wait, timestep:77, reward:-0.0
==================================================

coord:(13.009428090515478, 3.2840823272580932, 9.040571909484532)->(13.009428090515478, 3.2840823272580932, 9.040571909484532)
state:field-0, action:Wait, timestep:78, reward:-0.0
==================================================

coord:(13.009428090515478, 3.2840823272580932, 9.040571909484532)->(13.009428090515478, 3.2840823272580932, 9.040571909484532)
state:field-0, action:Wait, timestep:79, reward:-0.0
==================================================

coord:(13.009428090515478, 3.2840823272580932, 9.040571909484532)->(13.009428090515478, 3.2840823272580932, 9.040571909484532)
state:field-0, action:Wait, timestep:80, reward:-0.0
==================================================

coord:(13.009428090515478, 3.2840823272580932, 9.040571909484532)->(13.009428090515478, 3.2840823272580932, 9.040571909484532)
state:field-0, action:Wait, timestep:81, reward:-0.0
==================================================

coord:(13.009428090515478, 3.2840823272580932, 9.040571909484532)->(13.009428090515478, 3.2840823272580932, 9.040571909484532)
state:field-0, action:Wait, timestep:82, reward:-0.0
==================================================

coord:(13.009428090515478, 3.2840823272580932, 9.040571909484532)->(13.009428090515478, 3.2840823272580932, 9.040571909484532)
state:field-0, action:Wait, timestep:83, reward:-0.0
==================================================

coord:(13.009428090515478, 3.2840823272580932, 9.040571909484532)->(13.009428090515478, 3.2840823272580932, 9.040571909484532)
state:field-0, action:Wait, timestep:84, reward:-0.0
==================================================

coord:(13.009428090515478, 3.2840823272580932, 9.040571909484532)->(13.009428090515478, 3.2840823272580932, 9.040571909484532)
state:field-0, action:Wait, timestep:85, reward:-0.0
==================================================

coord:(13.009428090515478, 3.2840823272580932, 9.040571909484532)->(13.009428090515478, 3.2840823272580932, 9.040571909484532)
state:field-0, action:Wait, timestep:86, reward:-0.0
==================================================

coord:(13.009428090515478, 3.2840823272580932, 9.040571909484532)->(13.009428090515478, 3.2840823272580932, 9.040571909484532)
state:field-0, action:Wait, timestep:87, reward:-0.0
==================================================

coord:(13.009428090515478, 3.2840823272580932, 9.040571909484532)->(13.009428090515478, 3.2840823272580932, 9.040571909484532)
state:field-0, action:Wait, timestep:88, reward:-0.0
==================================================

coord:(13.009428090515478, 3.2840823272580932, 9.040571909484532)->(13.009428090515478, 3.2840823272580932, 9.040571909484532)
state:field-0, action:Wait, timestep:89, reward:-0.0
==================================================

coord:(13.009428090515478, 3.2840823272580932, 9.040571909484532)->(13.009428090515478, 3.2840823272580932, 9.040571909484532)
state:field-0, action:Wait, timestep:90, reward:-0.0
==================================================

coord:(13.009428090515478, 3.2840823272580932, 9.040571909484532)->(13.009428090515478, 3.2840823272580932, 9.040571909484532)
state:field-0, action:Wait, timestep:91, reward:-0.0
==================================================

coord:(13.009428090515478, 3.2840823272580932, 9.040571909484532)->(13.009428090515478, 3.2840823272580932, 9.040571909484532)
state:field-0, action:Wait, timestep:92, reward:-0.0
==================================================

coord:(13.009428090515478, 3.2840823272580932, 9.040571909484532)->(13.009428090515478, 3.2840823272580932, 9.040571909484532)
state:field-0, action:Wait, timestep:93, reward:-0.0
==================================================

coord:(13.009428090515478, 3.2840823272580932, 9.040571909484532)->(13.009428090515478, 3.2840823272580932, 9.040571909484532)
state:field-0, action:Wait, timestep:94, reward:-0.0
==================================================

coord:(13.009428090515478, 3.2840823272580932, 9.040571909484532)->(13.009428090515478, 3.2840823272580932, 9.040571909484532)
state:field-0, action:Wait, timestep:95, reward:-0.0
==================================================

coord:(13.009428090515478, 3.2840823272580932, 9.040571909484532)->(13.009428090515478, 3.2840823272580932, 9.040571909484532)
state:field-0, action:Wait, timestep:96, reward:-0.0
==================================================

coord:(13.009428090515478, 3.2840823272580932, 9.040571909484532)->(13.009428090515478, 3.2840823272580932, 9.040571909484532)
state:field-0, action:Wait, timestep:97, reward:-0.0
==================================================

coord:(13.009428090515478, 3.2840823272580932, 9.040571909484532)->(13.009428090515478, 3.2840823272580932, 9.040571909484532)
state:field-0, action:Wait, timestep:98, reward:-0.0
==================================================

coord:(13.009428090515478, 3.2840823272580932, 9.040571909484532)->(13.009428090515478, 3.2840823272580932, 9.040571909484532)
state:field-0, action:Wait, timestep:99, reward:-0.0
==================================================

coord:(13.009428090515478, 3.2840823272580932, 9.040571909484532)->(13.009428090515478, 3.2840823272580932, 9.040571909484532)
state:field-0, action:Wait, timestep:100, reward:-0.0
==================================================

coord:(13.009428090515478, 3.2840823272580932, 9.040571909484532)->(13.009428090515478, 3.2840823272580932, 9.040571909484532)
state:field-0, action:Wait, timestep:101, reward:-0.0
==================================================

coord:(13.009428090515478, 3.2840823272580932, 9.040571909484532)->(13.009428090515478, 3.2840823272580932, 9.040571909484532)
state:field-0, action:Wait, timestep:102, reward:-0.0
==================================================

coord:(13.009428090515478, 3.2840823272580932, 9.040571909484532)->(13.009428090515478, 3.2840823272580932, 9.040571909484532)
state:field-0, action:Wait, timestep:103, reward:-0.0
==================================================

coord:(13.009428090515478, 3.2840823272580932, 9.040571909484532)->(13.009428090515478, 3.2840823272580932, 9.040571909484532)
state:field-0, action:Wait, timestep:104, reward:-0.0
==================================================

coord:(13.009428090515478, 3.2840823272580932, 9.040571909484532)->(13.009428090515478, 3.2840823272580932, 9.040571909484532)
state:field-0, action:Wait, timestep:105, reward:-0.0
==================================================

coord:(13.009428090515478, 3.2840823272580932, 9.040571909484532)->(13.009428090515478, 3.2840823272580932, 9.040571909484532)
state:field-0, action:Wait, timestep:106, reward:-0.0
==================================================

coord:(13.009428090515478, 3.2840823272580932, 9.040571909484532)->(13.009428090515478, 3.2840823272580932, 9.040571909484532)
state:field-0, action:Wait, timestep:107, reward:-0.0
==================================================

coord:(13.009428090515478, 3.2840823272580932, 9.040571909484532)->(13.009428090515478, 3.2840823272580932, 9.040571909484532)
state:field-0, action:Wait, timestep:108, reward:-0.0
==================================================

coord:(13.009428090515478, 3.2840823272580932, 9.040571909484532)->(13.009428090515478, 3.2840823272580932, 9.040571909484532)
state:field-0, action:Wait, timestep:109, reward:-0.0
==================================================

coord:(13.009428090515478, 3.2840823272580932, 9.040571909484532)->(13.009428090515478, 3.2840823272580932, 9.040571909484532)
state:field-0, action:Wait, timestep:110, reward:-0.0
==================================================

coord:(13.009428090515478, 3.2840823272580932, 9.040571909484532)->(13.009428090515478, 3.2840823272580932, 9.040571909484532)
state:field-0, action:Wait, timestep:111, reward:-0.0
==================================================

coord:(13.009428090515478, 3.2840823272580932, 9.040571909484532)->(13.009428090515478, 3.2840823272580932, 9.040571909484532)
state:field-0, action:Wait, timestep:112, reward:-0.0
==================================================

coord:(13.009428090515478, 3.2840823272580932, 9.040571909484532)->(13.009428090515478, 3.2840823272580932, 9.040571909484532)
state:field-0, action:Wait, timestep:113, reward:-0.0
==================================================

coord:(13.009428090515478, 3.2840823272580932, 9.040571909484532)->(13.009428090515478, 3.2840823272580932, 9.040571909484532)
state:field-0, action:Wait, timestep:114, reward:-0.0
==================================================

coord:(13.009428090515478, 3.2840823272580932, 9.040571909484532)->(13.009428090515478, 3.2840823272580932, 9.040571909484532)
state:field-0, action:Wait, timestep:115, reward:-0.0
==================================================

coord:(13.009428090515478, 3.2840823272580932, 9.040571909484532)->(13.009428090515478, 3.2840823272580932, 9.040571909484532)
state:field-0, action:Wait, timestep:116, reward:-0.0
==================================================

coord:(13.009428090515478, 3.2840823272580932, 9.040571909484532)->(13.009428090515478, 3.2840823272580932, 9.040571909484532)
state:field-0, action:Wait, timestep:117, reward:-0.0
==================================================

coord:(13.009428090515478, 3.2840823272580932, 9.040571909484532)->(13.009428090515478, 3.2840823272580932, 9.040571909484532)
state:field-0, action:Wait, timestep:118, reward:-0.0
==================================================

coord:(13.009428090515478, 3.2840823272580932, 9.040571909484532)->(13.009428090515478, 3.2840823272580932, 9.040571909484532)
state:field-0, action:Wait, timestep:119, reward:-0.0
==================================================

coord:(13.009428090515478, 3.2840823272580932, 9.040571909484532)->(13.009428090515478, 3.2840823272580932, 9.040571909484532)
state:field-0, action:Wait, timestep:120, reward:-0.0
==================================================

coord:(13.009428090515478, 3.2840823272580932, 9.040571909484532)->(13.009428090515478, 3.2840823272580932, 9.040571909484532)
state:field-0, action:Wait, timestep:121, reward:-0.0
==================================================

coord:(13.009428090515478, 3.2840823272580932, 9.040571909484532)->(13.009428090515478, 3.2840823272580932, 9.040571909484532)
state:field-0, action:Wait, timestep:122, reward:-0.0
==================================================

coord:(13.009428090515478, 3.2840823272580932, 9.040571909484532)->(13.009428090515478, 3.2840823272580932, 9.040571909484532)
state:field-0, action:Wait, timestep:123, reward:-0.0
==================================================

coord:(13.009428090515478, 3.2840823272580932, 9.040571909484532)->(13.009428090515478, 3.2840823272580932, 9.040571909484532)
state:field-0, action:Wait, timestep:124, reward:-0.0
==================================================

coord:(13.009428090515478, 3.2840823272580932, 9.040571909484532)->(13.009428090515478, 3.2840823272580932, 9.040571909484532)
state:field-0, action:Wait, timestep:125, reward:-0.0
==================================================

coord:(13.009428090515478, 3.2840823272580932, 9.040571909484532)->(13.009428090515478, 3.2840823272580932, 9.040571909484532)
state:field-0, action:Wait, timestep:126, reward:-0.0
==================================================

coord:(13.009428090515478, 3.2840823272580932, 9.040571909484532)->(13.009428090515478, 3.2840823272580932, 9.040571909484532)
state:field-0, action:Wait, timestep:127, reward:-0.0
==================================================

coord:(13.009428090515478, 3.2840823272580932, 9.040571909484532)->(13.009428090515478, 3.2840823272580932, 9.040571909484532)
state:field-0, action:Wait, timestep:128, reward:-0.0
==================================================

coord:(13.009428090515478, 3.2840823272580932, 9.040571909484532)->(13.009428090515478, 3.2840823272580932, 9.040571909484532)
state:field-0, action:Wait, timestep:129, reward:-0.0
==================================================

coord:(13.009428090515478, 3.2840823272580932, 9.040571909484532)->(13.009428090515478, 3.2840823272580932, 9.040571909484532)
state:field-0, action:Wait, timestep:130, reward:-0.0
==================================================

coord:(13.009428090515478, 3.2840823272580932, 9.040571909484532)->(13.009428090515478, 3.2840823272580932, 9.040571909484532)
state:field-0, action:Wait, timestep:131, reward:-0.0
==================================================

coord:(13.009428090515478, 3.2840823272580932, 9.040571909484532)->(13.009428090515478, 3.2840823272580932, 9.040571909484532)
state:field-0, action:Wait, timestep:132, reward:-0.0
==================================================

coord:(13.009428090515478, 3.2840823272580932, 9.040571909484532)->(13.009428090515478, 3.2840823272580932, 9.040571909484532)
state:field-0, action:Wait, timestep:133, reward:-0.0
==================================================

coord:(13.009428090515478, 3.2840823272580932, 9.040571909484532)->(13.009428090515478, 3.2840823272580932, 9.040571909484532)
state:field-0, action:Wait, timestep:134, reward:-0.0
==================================================

coord:(13.009428090515478, 3.2840823272580932, 9.040571909484532)->(13.009428090515478, 3.2840823272580932, 9.040571909484532)
state:field-0, action:Wait, timestep:135, reward:-0.0
==================================================

coord:(13.009428090515478, 3.2840823272580932, 9.040571909484532)->(13.009428090515478, 3.2840823272580932, 9.040571909484532)
state:field-0, action:Wait, timestep:136, reward:-0.0
==================================================

coord:(13.009428090515478, 3.2840823272580932, 9.040571909484532)->(13.009428090515478, 3.2840823272580932, 9.040571909484532)
state:field-0, action:Wait, timestep:137, reward:-0.0
==================================================

coord:(13.009428090515478, 3.2840823272580932, 9.040571909484532)->(13.009428090515478, 3.2840823272580932, 9.040571909484532)
state:field-0, action:Wait, timestep:138, reward:-0.0
==================================================

coord:(13.009428090515478, 3.2840823272580932, 9.040571909484532)->(13.009428090515478, 3.2840823272580932, 9.040571909484532)
state:field-0, action:Wait, timestep:139, reward:-0.0
==================================================

coord:(13.009428090515478, 3.2840823272580932, 9.040571909484532)->(13.009428090515478, 3.2840823272580932, 9.040571909484532)
state:field-0, action:Wait, timestep:140, reward:-0.0
==================================================

coord:(13.009428090515478, 3.2840823272580932, 9.040571909484532)->(13.009428090515478, 3.2840823272580932, 9.040571909484532)
state:field-0, action:Wait, timestep:141, reward:-0.0
==================================================

coord:(13.009428090515478, 3.2840823272580932, 9.040571909484532)->(13.009428090515478, 3.2840823272580932, 9.040571909484532)
state:field-0, action:Wait, timestep:142, reward:-0.0
==================================================

coord:(13.009428090515478, 3.2840823272580932, 9.040571909484532)->(13.009428090515478, 3.2840823272580932, 9.040571909484532)
state:field-0, action:Wait, timestep:143, reward:-0.0
==================================================

coord:(13.009428090515478, 3.2840823272580932, 9.040571909484532)->(13.009428090515478, 3.2840823272580932, 9.040571909484532)
state:field-0, action:Wait, timestep:144, reward:-0.0
==================================================

coord:(13.009428090515478, 3.2840823272580932, 9.040571909484532)->(13.009428090515478, 3.2840823272580932, 9.040571909484532)
state:field-0, action:Wait, timestep:145, reward:-0.0
==================================================

coord:(13.009428090515478, 3.2840823272580932, 9.040571909484532)->(13.009428090515478, 3.2840823272580932, 9.040571909484532)
state:field-0, action:Wait, timestep:146, reward:-0.0
==================================================

coord:(13.009428090515478, 3.2840823272580932, 9.040571909484532)->(13.009428090515478, 3.2840823272580932, 9.040571909484532)
state:field-0, action:Wait, timestep:147, reward:-0.0
==================================================

coord:(13.009428090515478, 3.2840823272580932, 9.040571909484532)->(13.009428090515478, 3.2840823272580932, 9.040571909484532)
state:field-0, action:Wait, timestep:148, reward:-0.0
==================================================

coord:(13.009428090515478, 3.2840823272580932, 9.040571909484532)->(13.009428090515478, 3.2840823272580932, 9.040571909484532)
state:field-0, action:Wait, timestep:149, reward:-0.0
==================================================

coord:(13.009428090515478, 3.2840823272580932, 9.040571909484532)->(13.009428090515478, 3.2840823272580932, 9.040571909484532)
state:field-0, action:Wait, timestep:150, reward:-0.0
==================================================

coord:(13.009428090515478, 3.2840823272580932, 9.040571909484532)->(13.009428090515478, 3.2840823272580932, 9.040571909484532)
state:field-0, action:Wait, timestep:151, reward:-0.0
==================================================

coord:(13.009428090515478, 3.2840823272580932, 9.040571909484532)->(13.009428090515478, 3.2840823272580932, 9.040571909484532)
state:field-0, action:Wait, timestep:152, reward:-0.0
==================================================

coord:(13.009428090515478, 3.2840823272580932, 9.040571909484532)->(13.009428090515478, 3.2840823272580932, 9.040571909484532)
state:field-0, action:Wait, timestep:153, reward:-0.0
==================================================

coord:(13.009428090515478, 3.2840823272580932, 9.040571909484532)->(13.009428090515478, 3.2840823272580932, 9.040571909484532)
state:field-0, action:Wait, timestep:154, reward:-0.0
==================================================

coord:(13.009428090515478, 3.2840823272580932, 9.040571909484532)->(13.009428090515478, 3.2840823272580932, 9.040571909484532)
state:field-0, action:Wait, timestep:155, reward:-0.0
==================================================

coord:(13.009428090515478, 3.2840823272580932, 9.040571909484532)->(13.009428090515478, 3.2840823272580932, 9.040571909484532)
state:field-0, action:Wait, timestep:156, reward:-0.0
==================================================

coord:(13.009428090515478, 3.2840823272580932, 9.040571909484532)->(13.009428090515478, 3.2840823272580932, 9.040571909484532)
state:field-0, action:Wait, timestep:157, reward:-0.0
==================================================

coord:(13.009428090515478, 3.2840823272580932, 9.040571909484532)->(13.009428090515478, 3.2840823272580932, 9.040571909484532)
state:field-0, action:Wait, timestep:158, reward:-0.0
==================================================

coord:(13.009428090515478, 3.2840823272580932, 9.040571909484532)->(13.009428090515478, 3.2840823272580932, 9.040571909484532)
state:field-0, action:Wait, timestep:159, reward:-0.0
==================================================

coord:(13.009428090515478, 3.2840823272580932, 9.040571909484532)->(13.009428090515478, 3.2840823272580932, 9.040571909484532)
state:field-0, action:Wait, timestep:160, reward:-0.0
==================================================

coord:(13.009428090515478, 3.2840823272580932, 9.040571909484532)->(13.009428090515478, 3.2840823272580932, 9.040571909484532)
state:field-0, action:Wait, timestep:161, reward:-0.0
==================================================

coord:(13.009428090515478, 3.2840823272580932, 9.040571909484532)->(13.009428090515478, 3.2840823272580932, 9.040571909484532)
state:field-0, action:Wait, timestep:162, reward:-0.0
==================================================

coord:(13.009428090515478, 3.2840823272580932, 9.040571909484532)->(13.009428090515478, 3.2840823272580932, 9.040571909484532)
state:field-0, action:Wait, timestep:163, reward:-0.0
==================================================

coord:(13.009428090515478, 3.2840823272580932, 9.040571909484532)->(13.009428090515478, 3.2840823272580932, 9.040571909484532)
state:field-0, action:Wait, timestep:164, reward:-0.0
==================================================

coord:(13.009428090515478, 3.2840823272580932, 9.040571909484532)->(13.009428090515478, 3.2840823272580932, 9.040571909484532)
state:field-0, action:Wait, timestep:165, reward:-0.0
==================================================

coord:(13.009428090515478, 3.2840823272580932, 9.040571909484532)->(13.009428090515478, 3.2840823272580932, 9.040571909484532)
state:field-0, action:Wait, timestep:166, reward:-0.0
==================================================

coord:(13.009428090515478, 3.2840823272580932, 9.040571909484532)->(13.009428090515478, 3.2840823272580932, 9.040571909484532)
state:field-0, action:Wait, timestep:167, reward:-0.0
==================================================

coord:(13.009428090515478, 3.2840823272580932, 9.040571909484532)->(13.009428090515478, 3.2840823272580932, 9.040571909484532)
state:field-0, action:Wait, timestep:168, reward:-0.0
==================================================

coord:(13.009428090515478, 3.2840823272580932, 9.040571909484532)->(13.009428090515478, 3.2840823272580932, 9.040571909484532)
state:field-0, action:Wait, timestep:169, reward:-0.0
==================================================

coord:(13.009428090515478, 3.2840823272580932, 9.040571909484532)->(13.009428090515478, 3.2840823272580932, 9.040571909484532)
state:field-0, action:Wait, timestep:170, reward:-0.0
==================================================

coord:(13.009428090515478, 3.2840823272580932, 9.040571909484532)->(13.009428090515478, 3.2840823272580932, 9.040571909484532)
state:field-0, action:Wait, timestep:171, reward:-0.0
==================================================

coord:(13.009428090515478, 3.2840823272580932, 9.040571909484532)->(13.009428090515478, 3.2840823272580932, 9.040571909484532)
state:field-0, action:Wait, timestep:172, reward:-0.0
==================================================

coord:(13.009428090515478, 3.2840823272580932, 9.040571909484532)->(13.009428090515478, 3.2840823272580932, 9.040571909484532)
state:field-0, action:Wait, timestep:173, reward:-0.0
==================================================

coord:(13.009428090515478, 3.2840823272580932, 9.040571909484532)->(13.009428090515478, 3.2840823272580932, 9.040571909484532)
state:field-0, action:Wait, timestep:174, reward:-0.0
==================================================

coord:(13.009428090515478, 3.2840823272580932, 9.040571909484532)->(13.009428090515478, 3.2840823272580932, 9.040571909484532)
state:field-0, action:Wait, timestep:175, reward:-0.0
==================================================

coord:(13.009428090515478, 3.2840823272580932, 9.040571909484532)->(13.009428090515478, 3.2840823272580932, 9.040571909484532)
state:field-0, action:Wait, timestep:176, reward:-0.0
==================================================

coord:(13.009428090515478, 3.2840823272580932, 9.040571909484532)->(13.009428090515478, 3.2840823272580932, 9.040571909484532)
state:field-0, action:Wait, timestep:177, reward:-0.0
==================================================

coord:(13.009428090515478, 3.2840823272580932, 9.040571909484532)->(13.009428090515478, 3.2840823272580932, 9.040571909484532)
state:field-0, action:Wait, timestep:178, reward:-0.0
==================================================

coord:(13.009428090515478, 3.2840823272580932, 9.040571909484532)->(13.009428090515478, 3.2840823272580932, 9.040571909484532)
state:field-0, action:Wait, timestep:179, reward:-0.0
==================================================

coord:(13.009428090515478, 3.2840823272580932, 9.040571909484532)->(13.009428090515478, 3.2840823272580932, 9.040571909484532)
state:field-0, action:Wait, timestep:180, reward:-0.0
==================================================

coord:(13.009428090515478, 3.2840823272580932, 9.040571909484532)->(13.009428090515478, 3.2840823272580932, 9.040571909484532)
state:field-0, action:Wait, timestep:181, reward:-0.0
==================================================

coord:(13.009428090515478, 3.2840823272580932, 9.040571909484532)->(13.009428090515478, 3.2840823272580932, 9.040571909484532)
state:field-0, action:Wait, timestep:182, reward:-0.0
==================================================

coord:(13.009428090515478, 3.2840823272580932, 9.040571909484532)->(13.009428090515478, 3.2840823272580932, 9.040571909484532)
state:field-0, action:Wait, timestep:183, reward:-0.0
==================================================

coord:(13.009428090515478, 3.2840823272580932, 9.040571909484532)->(13.009428090515478, 3.2840823272580932, 9.040571909484532)
state:field-0, action:Wait, timestep:184, reward:-0.0
==================================================

coord:(13.009428090515478, 3.2840823272580932, 9.040571909484532)->(13.009428090515478, 3.2840823272580932, 9.040571909484532)
state:field-0, action:Wait, timestep:185, reward:-0.0
==================================================

coord:(13.009428090515478, 3.2840823272580932, 9.040571909484532)->(13.009428090515478, 3.2840823272580932, 9.040571909484532)
state:field-0, action:Wait, timestep:186, reward:-0.0
==================================================

coord:(13.009428090515478, 3.2840823272580932, 9.040571909484532)->(13.009428090515478, 3.2840823272580932, 9.040571909484532)
state:field-0, action:Wait, timestep:187, reward:-0.0
==================================================

coord:(13.009428090515478, 3.2840823272580932, 9.040571909484532)->(13.009428090515478, 3.2840823272580932, 9.040571909484532)
state:field-0, action:Wait, timestep:188, reward:-0.0
==================================================

coord:(13.009428090515478, 3.2840823272580932, 9.040571909484532)->(13.009428090515478, 3.2840823272580932, 9.040571909484532)
state:field-0, action:Wait, timestep:189, reward:-0.0
==================================================

coord:(13.009428090515478, 3.2840823272580932, 9.040571909484532)->(13.009428090515478, 3.2840823272580932, 9.040571909484532)
state:field-0, action:Wait, timestep:190, reward:-0.0
==================================================

coord:(13.009428090515478, 3.2840823272580932, 9.040571909484532)->(13.009428090515478, 3.2840823272580932, 9.040571909484532)
state:field-0, action:Wait, timestep:191, reward:-0.0
==================================================

coord:(13.009428090515478, 3.2840823272580932, 9.040571909484532)->(13.009428090515478, 3.2840823272580932, 9.040571909484532)
state:field-0, action:Wait, timestep:192, reward:-0.0
==================================================

coord:(13.009428090515478, 3.2840823272580932, 9.040571909484532)->(13.009428090515478, 3.2840823272580932, 9.040571909484532)
state:field-0, action:Wait, timestep:193, reward:-0.0
==================================================

coord:(13.009428090515478, 3.2840823272580932, 9.040571909484532)->(13.009428090515478, 3.2840823272580932, 9.040571909484532)
state:field-0, action:Wait, timestep:194, reward:-0.0
==================================================

coord:(13.009428090515478, 3.2840823272580932, 9.040571909484532)->(13.009428090515478, 3.2840823272580932, 9.040571909484532)
state:field-0, action:Wait, timestep:195, reward:-0.0
==================================================

coord:(13.009428090515478, 3.2840823272580932, 9.040571909484532)->(13.009428090515478, 3.2840823272580932, 9.040571909484532)
state:field-0, action:Wait, timestep:196, reward:-0.0
==================================================

coord:(13.009428090515478, 3.2840823272580932, 9.040571909484532)->(13.009428090515478, 3.2840823272580932, 9.040571909484532)
state:field-0, action:Wait, timestep:197, reward:-0.0
==================================================

coord:(13.009428090515478, 3.2840823272580932, 9.040571909484532)->(13.009428090515478, 3.2840823272580932, 9.040571909484532)
state:field-0, action:Wait, timestep:198, reward:-0.0
==================================================

coord:(13.009428090515478, 3.2840823272580932, 9.040571909484532)->(13.009428090515478, 3.2840823272580932, 9.040571909484532)
state:field-0, action:Wait, timestep:199, reward:-0.0
==================================================

coord:(13.009428090515478, 3.2840823272580932, 9.040571909484532)->(13.009428090515478, 3.2840823272580932, 9.040571909484532)
state:field-0, action:Wait, timestep:200, reward:-0.0
==================================================

coord:(13.009428090515478, 3.2840823272580932, 9.040571909484532)->(13.009428090515478, 3.2840823272580932, 9.040571909484532)
state:field-0, action:Wait, timestep:201, reward:-0.0
==================================================

coord:(13.009428090515478, 3.2840823272580932, 9.040571909484532)->(13.009428090515478, 3.2840823272580932, 9.040571909484532)
state:field-0, action:Wait, timestep:202, reward:-0.0
==================================================

coord:(13.009428090515478, 3.2840823272580932, 9.040571909484532)->(13.009428090515478, 3.2840823272580932, 9.040571909484532)
state:field-0, action:Wait, timestep:203, reward:-0.0
==================================================

coord:(13.009428090515478, 3.2840823272580932, 9.040571909484532)->(13.009428090515478, 3.2840823272580932, 9.040571909484532)
state:field-0, action:Wait, timestep:204, reward:-0.0
==================================================

coord:(13.009428090515478, 3.2840823272580932, 9.040571909484532)->(13.009428090515478, 3.2840823272580932, 9.040571909484532)
state:field-0, action:Wait, timestep:205, reward:-0.0
==================================================

coord:(13.009428090515478, 3.2840823272580932, 9.040571909484532)->(13.009428090515478, 3.2840823272580932, 9.040571909484532)
state:field-0, action:Wait, timestep:206, reward:-0.0
==================================================

coord:(13.009428090515478, 3.2840823272580932, 9.040571909484532)->(13.009428090515478, 3.2840823272580932, 9.040571909484532)
state:field-0, action:Wait, timestep:207, reward:-0.0
==================================================

coord:(13.009428090515478, 3.2840823272580932, 9.040571909484532)->(13.009428090515478, 3.2840823272580932, 9.040571909484532)
state:field-0, action:Wait, timestep:208, reward:-0.0
==================================================

coord:(13.009428090515478, 3.2840823272580932, 9.040571909484532)->(13.009428090515478, 3.2840823272580932, 9.040571909484532)
state:field-0, action:Wait, timestep:209, reward:-0.0
==================================================

coord:(13.009428090515478, 3.2840823272580932, 9.040571909484532)->(13.009428090515478, 3.2840823272580932, 9.040571909484532)
state:field-0, action:Wait, timestep:210, reward:-0.0
==================================================

coord:(13.009428090515478, 3.2840823272580932, 9.040571909484532)->(13.009428090515478, 3.2840823272580932, 9.040571909484532)
state:field-0, action:Wait, timestep:211, reward:-0.0
==================================================

coord:(13.009428090515478, 3.2840823272580932, 9.040571909484532)->(13.009428090515478, 3.2840823272580932, 9.040571909484532)
state:field-0, action:Wait, timestep:212, reward:-0.0
==================================================

coord:(13.009428090515478, 3.2840823272580932, 9.040571909484532)->(13.009428090515478, 3.2840823272580932, 9.040571909484532)
state:field-0, action:Wait, timestep:213, reward:-0.0
==================================================

coord:(13.009428090515478, 3.2840823272580932, 9.040571909484532)->(13.009428090515478, 3.2840823272580932, 9.040571909484532)
state:field-0, action:Wait, timestep:214, reward:-0.0
==================================================

coord:(13.009428090515478, 3.2840823272580932, 9.040571909484532)->(13.009428090515478, 3.2840823272580932, 9.040571909484532)
state:field-0, action:Wait, timestep:215, reward:-0.0
==================================================

coord:(13.009428090515478, 3.2840823272580932, 9.040571909484532)->(13.009428090515478, 3.2840823272580932, 9.040571909484532)
state:field-0, action:Wait, timestep:216, reward:-0.0
==================================================

coord:(13.009428090515478, 3.2840823272580932, 9.040571909484532)->(13.009428090515478, 3.2840823272580932, 9.040571909484532)
state:field-0, action:Wait, timestep:217, reward:-0.0
==================================================

coord:(13.009428090515478, 3.2840823272580932, 9.040571909484532)->(13.009428090515478, 3.2840823272580932, 9.040571909484532)
state:field-0, action:Wait, timestep:218, reward:-0.0
==================================================

coord:(13.009428090515478, 3.2840823272580932, 9.040571909484532)->(13.009428090515478, 3.2840823272580932, 9.040571909484532)
state:field-0, action:Wait, timestep:219, reward:-0.0
==================================================

coord:(13.009428090515478, 3.2840823272580932, 9.040571909484532)->(13.009428090515478, 3.2840823272580932, 9.040571909484532)
state:field-0, action:Wait, timestep:220, reward:-0.0
==================================================

coord:(13.009428090515478, 3.2840823272580932, 9.040571909484532)->(13.009428090515478, 3.2840823272580932, 9.040571909484532)
state:field-0, action:Wait, timestep:221, reward:-0.0
==================================================

coord:(13.009428090515478, 3.2840823272580932, 9.040571909484532)->(13.009428090515478, 3.2840823272580932, 9.040571909484532)
state:field-0, action:Wait, timestep:222, reward:-0.0
==================================================

coord:(13.009428090515478, 3.2840823272580932, 9.040571909484532)->(13.009428090515478, 3.2840823272580932, 9.040571909484532)
state:field-0, action:Wait, timestep:223, reward:-0.0
==================================================

coord:(13.009428090515478, 3.2840823272580932, 9.040571909484532)->(13.009428090515478, 3.2840823272580932, 9.040571909484532)
state:field-0, action:Wait, timestep:224, reward:-0.0
==================================================

coord:(13.009428090515478, 3.2840823272580932, 9.040571909484532)->(13.009428090515478, 3.2840823272580932, 9.040571909484532)
state:field-0, action:Wait, timestep:225, reward:-0.0
==================================================

coord:(13.009428090515478, 3.2840823272580932, 9.040571909484532)->(13.009428090515478, 3.2840823272580932, 9.040571909484532)
state:field-0, action:Wait, timestep:226, reward:-0.0
==================================================

coord:(13.009428090515478, 3.2840823272580932, 9.040571909484532)->(13.009428090515478, 3.2840823272580932, 9.040571909484532)
state:field-0, action:Wait, timestep:227, reward:-0.0
==================================================

coord:(13.009428090515478, 3.2840823272580932, 9.040571909484532)->(13.009428090515478, 3.2840823272580932, 9.040571909484532)
state:field-0, action:Wait, timestep:228, reward:-0.0
==================================================

coord:(13.009428090515478, 3.2840823272580932, 9.040571909484532)->(13.009428090515478, 3.2840823272580932, 9.040571909484532)
state:field-0, action:Wait, timestep:229, reward:-0.0
==================================================

coord:(13.009428090515478, 3.2840823272580932, 9.040571909484532)->(13.009428090515478, 3.2840823272580932, 9.040571909484532)
state:field-0, action:Wait, timestep:230, reward:-0.0
==================================================

coord:(13.009428090515478, 3.2840823272580932, 9.040571909484532)->(13.009428090515478, 3.2840823272580932, 9.040571909484532)
state:field-0, action:Wait, timestep:231, reward:-0.0
==================================================

coord:(13.009428090515478, 3.2840823272580932, 9.040571909484532)->(13.009428090515478, 3.2840823272580932, 9.040571909484532)
state:field-0, action:Wait, timestep:232, reward:-0.0
==================================================

coord:(13.009428090515478, 3.2840823272580932, 9.040571909484532)->(13.009428090515478, 3.2840823272580932, 9.040571909484532)
state:field-0, action:Wait, timestep:233, reward:-0.0
==================================================

coord:(13.009428090515478, 3.2840823272580932, 9.040571909484532)->(13.009428090515478, 3.2840823272580932, 9.040571909484532)
state:field-0, action:Wait, timestep:234, reward:-0.0
==================================================

coord:(13.009428090515478, 3.2840823272580932, 9.040571909484532)->(13.009428090515478, 3.2840823272580932, 9.040571909484532)
state:field-0, action:Wait, timestep:235, reward:-0.0
==================================================

coord:(13.009428090515478, 3.2840823272580932, 9.040571909484532)->(13.009428090515478, 3.2840823272580932, 9.040571909484532)
state:field-0, action:Wait, timestep:236, reward:-0.0
==================================================

coord:(13.009428090515478, 3.2840823272580932, 9.040571909484532)->(13.009428090515478, 3.2840823272580932, 9.040571909484532)
state:field-0, action:Wait, timestep:237, reward:-0.0
==================================================

coord:(13.009428090515478, 3.2840823272580932, 9.040571909484532)->(13.009428090515478, 3.2840823272580932, 9.040571909484532)
state:field-0, action:Wait, timestep:238, reward:-0.0
==================================================

coord:(13.009428090515478, 3.2840823272580932, 9.040571909484532)->(13.009428090515478, 3.2840823272580932, 9.040571909484532)
state:field-0, action:Wait, timestep:239, reward:-0.0
==================================================

coord:(13.009428090515478, 3.2840823272580932, 9.040571909484532)->(13.009428090515478, 3.2840823272580932, 9.040571909484532)
state:field-0, action:Wait, timestep:240, reward:-0.0
==================================================

coord:(13.009428090515478, 3.2840823272580932, 9.040571909484532)->(13.009428090515478, 3.2840823272580932, 9.040571909484532)
state:field-0, action:Wait, timestep:241, reward:-0.0
==================================================

coord:(13.009428090515478, 3.2840823272580932, 9.040571909484532)->(13.009428090515478, 3.2840823272580932, 9.040571909484532)
state:field-0, action:Wait, timestep:242, reward:-0.0
==================================================

coord:(13.009428090515478, 3.2840823272580932, 9.040571909484532)->(13.009428090515478, 3.2840823272580932, 9.040571909484532)
state:field-0, action:Wait, timestep:243, reward:-0.0
==================================================

coord:(13.009428090515478, 3.2840823272580932, 9.040571909484532)->(13.009428090515478, 3.2840823272580932, 9.040571909484532)
state:field-0, action:Wait, timestep:244, reward:-0.0
==================================================

coord:(13.009428090515478, 3.2840823272580932, 9.040571909484532)->(13.009428090515478, 3.2840823272580932, 9.040571909484532)
state:field-0, action:Wait, timestep:245, reward:-0.0
==================================================

coord:(13.009428090515478, 3.2840823272580932, 9.040571909484532)->(13.009428090515478, 3.2840823272580932, 9.040571909484532)
state:field-0, action:Wait, timestep:246, reward:-0.0
==================================================

coord:(13.009428090515478, 3.2840823272580932, 9.040571909484532)->(13.009428090515478, 3.2840823272580932, 9.040571909484532)
state:field-0, action:Wait, timestep:247, reward:-0.0
==================================================

coord:(13.009428090515478, 3.2840823272580932, 9.040571909484532)->(13.009428090515478, 3.2840823272580932, 9.040571909484532)
state:field-0, action:Wait, timestep:248, reward:-0.0
==================================================

coord:(13.009428090515478, 3.2840823272580932, 9.040571909484532)->(13.009428090515478, 3.2840823272580932, 9.040571909484532)
state:field-0, action:Wait, timestep:249, reward:-0.0
==================================================

coord:(13.009428090515478, 3.2840823272580932, 9.040571909484532)->(13.009428090515478, 3.2840823272580932, 9.040571909484532)
state:field-0, action:Wait, timestep:250, reward:-0.0
==================================================

coord:(13.009428090515478, 3.2840823272580932, 9.040571909484532)->(13.009428090515478, 3.2840823272580932, 9.040571909484532)
state:field-0, action:Wait, timestep:251, reward:-0.0
==================================================

coord:(13.009428090515478, 3.2840823272580932, 9.040571909484532)->(13.009428090515478, 3.2840823272580932, 9.040571909484532)
state:field-0, action:Wait, timestep:252, reward:-0.0
==================================================

coord:(13.009428090515478, 3.2840823272580932, 9.040571909484532)->(13.009428090515478, 3.2840823272580932, 9.040571909484532)
state:field-0, action:Wait, timestep:253, reward:-0.0
==================================================

coord:(13.009428090515478, 3.2840823272580932, 9.040571909484532)->(13.009428090515478, 3.2840823272580932, 9.040571909484532)
state:field-0, action:Wait, timestep:254, reward:-0.0
==================================================

coord:(13.009428090515478, 3.2840823272580932, 9.040571909484532)->(13.009428090515478, 3.2840823272580932, 9.040571909484532)
state:field-0, action:Wait, timestep:255, reward:-0.0
==================================================

coord:(13.009428090515478, 3.2840823272580932, 9.040571909484532)->(13.009428090515478, 3.2840823272580932, 8.95390524599678)
state:field-0, action:A, timestep:256, reward:-0.06292206220705054
==================================================

coord:(13.009428090515478, 3.2840823272580932, 8.95390524599678)->(13.009428090515478, 3.2840823272580932, 8.95390524599678)
state:timeout-5, action:Wait, timestep:257, reward:-999999
==================================================

