coord:(13.0, 0.0, 6.0)->(13.0, 0.0, 6.0)
state:field-4, action:Wait, timestep:1, reward:-0.0
==================================================

coord:(13.0, 0.0, 6.0)->(13.0, 0.0, 9.03333322207133)
state:field-4, action:D, timestep:2, reward:2.2491117068367004
==================================================

coord:(13.0, 0.0, 9.03333322207133)->(13.0, 2.599999904632568, 9.03333322207133)
state:wall-9, action:Wj, timestep:3, reward:-0.07024845939248792
==================================================

coord:(13.0, 2.599999904632568, 9.03333322207133)->(13.0, 2.599999904632568, 8.93333322207133)
state:field-4, action:As, timestep:4, reward:-0.07266920628968165
==================================================

coord:(13.0, 2.599999904632568, 8.93333322207133)->(13.0, 1.2999999523162822, 8.93333322207133)
state:wall-9, action:S, timestep:5, reward:0.05259725778234525
==================================================

coord:(13.0, 1.2999999523162822, 8.93333322207133)->(12.938717415593805, 1.2999999523162822, 8.872050637665135)
state:field-4, action:SA, timestep:6, reward:-0.08659531762179995
==================================================

coord:(12.938717415593805, 1.2999999523162822, 8.872050637665135)->(12.938717415593805, -1.700029006457271e-15, 7.972050637665123)
state:wall-9, action:S, timestep:7, reward:-0.6417598473167203
==================================================

coord:(12.938717415593805, -1.700029006457271e-15, 7.972050637665123)->(12.938717415593805, -1.2999999523162855, 6.972050637665126)
state:wall-9, action:S, timestep:8, reward:-0.7584152098854915
==================================================

coord:(12.938717415593805, -1.2999999523162855, 6.972050637665126)->(12.938717415593805, -2.5999999046325715, 5.97205063766513)
state:wall-9, action:S, timestep:9, reward:-0.8003454701742001
==================================================

coord:(12.938717415593805, -2.5999999046325715, 5.97205063766513)->(12.938717415593805, -3.70536934468646e-15, 5.97205063766513)
state:wall-9, action:Wj, timestep:10, reward:0.06703193065291657
==================================================

coord:(12.938717415593805, -3.70536934468646e-15, 5.97205063766513)->(12.938717415593805, 1.2999999523162802, 5.97205063766513)
state:wall-8, action:W, timestep:11, reward:-0.01676633954225082
==================================================

coord:(12.938717415593805, 1.2999999523162802, 5.97205063766513)->(12.938717415593805, -3.698430450782553e-15, 4.972050637665133)
state:wall-8, action:S, timestep:12, reward:-0.7421112519238946
==================================================

coord:(12.938717415593805, -3.698430450782553e-15, 4.972050637665133)->(12.938717415593805, 1.2999999523162802, 4.972050637665133)
state:wall-8, action:W, timestep:13, reward:-0.016517665297094197
==================================================

coord:(12.938717415593805, 1.2999999523162802, 4.972050637665133)->(12.938717415593805, -3.698430450782553e-15, 3.972050637665137)
state:wall-8, action:S, timestep:14, reward:-0.7505296053650738
==================================================

coord:(12.938717415593805, -3.698430450782553e-15, 3.972050637665137)->(12.938717415593805, 1.2999999523162802, 3.972050637665137)
state:wall-8, action:W, timestep:15, reward:-0.016273698177265317
==================================================

coord:(12.938717415593805, 1.2999999523162802, 3.972050637665137)->(12.938717415593805, -3.698430450782553e-15, 2.9720506376651405)
state:wall-8, action:S, timestep:16, reward:-0.7585864634580872
==================================================

coord:(12.938717415593805, -3.698430450782553e-15, 2.9720506376651405)->(12.938717415593805, 1.2999999523162802, 2.9720506376651405)
state:wall-8, action:W, timestep:17, reward:-0.01603445472666465
==================================================

coord:(12.938717415593805, 1.2999999523162802, 2.9720506376651405)->(12.938717415593805, -3.698430450782553e-15, 1.9720506376651439)
state:wall-8, action:S, timestep:18, reward:-0.7662989587292799
==================================================

coord:(12.938717415593805, -3.698430450782553e-15, 1.9720506376651439)->(12.938717415593805, 1.2999999523162802, 1.9720506376651439)
state:wall-8, action:W, timestep:19, reward:-0.01579993488297049
==================================================

coord:(12.938717415593805, 1.2999999523162802, 1.9720506376651439)->(12.938717415593805, 3.899999856948843, 1.9720506376651439)
state:wall-8, action:Wj, timestep:20, reward:-0.1262318600883532
==================================================

coord:(12.938717415593805, 3.899999856948843, 1.9720506376651439)->(12.938717415593807, 6.499999761581428, 2.022050637665144)
state:wall-8, action:Wj, timestep:21, reward:-0.2125744819646016
==================================================

coord:(12.938717415593807, 6.499999761581428, 2.022050637665144)->(12.387174155938053, 6.3928754271175405, 1.4705073780093845)
state:field-2, action:SA, timestep:22, reward:-0.7563906815692505
==================================================

coord:(12.387174155938053, 6.3928754271175405, 1.4705073780093845)->(11.95819606509469, 7.577971946455405, 1.041529287166016)
state:field-2, action:SAj, timestep:23, reward:-0.7483069075389253
==================================================

coord:(11.95819606509469, 7.577971946455405, 1.041529287166016)->(13.000000000000002, 8.360066394997999, 2.083333222071339)
state:field-2, action:WDj, timestep:24, reward:1.3335806121074611
==================================================

coord:(13.000000000000002, 8.360066394997999, 2.083333222071339)->(13.000000000000004, 9.660066347314318, 3.033333222071336)
state:wall-7, action:W, timestep:25, reward:0.5146185433921318
==================================================

coord:(13.000000000000004, 9.660066347314318, 3.033333222071336)->(13.000000000000004, 12.260066251946851, 4.033333222071333)
state:wall-7, action:Wj, timestep:26, reward:0.22428295474306026
==================================================

coord:(13.000000000000004, 12.260066251946851, 4.033333222071333)->(13.000000000000004, 13.56006620426317, 5.033333222071329)
state:wall-6, action:W, timestep:27, reward:0.4276182015906116
==================================================

coord:(13.000000000000004, 13.56006620426317, 5.033333222071329)->(13.000000000000004, 16.16006610889571, 6.033333222071326)
state:wall-6, action:Wj, timestep:28, reward:-0.0032082252521377086
==================================================

coord:(13.000000000000004, 16.16006610889571, 6.033333222071326)->(13.000000000000004, 18.76006601352835, 7.033333222071322)
state:wall-6, action:Wj, timestep:29, reward:-0.14986585377732098
==================================================

coord:(13.000000000000004, 18.76006601352835, 7.033333222071322)->(13.000000000000004, 20.06006596584456, 8.033333222071319)
state:wall-5, action:W, timestep:30, reward:0.21243782052133753
==================================================

coord:(13.000000000000004, 20.06006596584456, 8.033333222071319)->(13.000000000000004, 21.360065918160775, 9.033333222071333)
state:wall-5, action:W, timestep:31, reward:0.16214161772116142
==================================================

coord:(13.000000000000004, 21.360065918160775, 9.033333222071333)->(13.000000000000004, 23.440065841866886, 9.033333222071333)
state:wall-5, action:Wj, timestep:32, reward:-0.8782656853279249
==================================================

coord:(13.000000000000004, 23.440065841866886, 9.033333222071333)->(13.000000000000004, 15.297083105899242, 9.033333222071333)
state:air-10, action:Wait, timestep:33, reward:3.0346744711531457
==================================================

coord:(13.000000000000004, 15.297083105899242, 9.033333222071333)->(13.000000000000004, 7.154100369931598, 9.033333222071333)
state:air-10, action:Wait, timestep:34, reward:1.8454740015762
==================================================

coord:(13.000000000000004, 7.154100369931598, 9.033333222071333)->(13.000000000000004, 3.2840823272580932, 9.033333222071333)
state:air-10, action:Wait, timestep:35, reward:0.41730936452080414
==================================================

coord:(13.000000000000004, 3.2840823272580932, 9.033333222071333)->(13.000000000000004, 3.2840823272580932, 9.033333222071333)
state:field-0, action:Wait, timestep:36, reward:-0.0
==================================================

coord:(13.000000000000004, 3.2840823272580932, 9.033333222071333)->(13.000000000000004, 3.2840823272580932, 9.033333222071333)
state:field-0, action:Wait, timestep:37, reward:-0.0
==================================================

coord:(13.000000000000004, 3.2840823272580932, 9.033333222071333)->(13.000000000000004, 3.2840823272580932, 9.033333222071333)
state:field-0, action:Wait, timestep:38, reward:-0.0
==================================================

coord:(13.000000000000004, 3.2840823272580932, 9.033333222071333)->(13.000000000000004, 3.2840823272580932, 9.033333222071333)
state:field-0, action:Wait, timestep:39, reward:-0.0
==================================================

coord:(13.000000000000004, 3.2840823272580932, 9.033333222071333)->(13.000000000000004, 3.2840823272580932, 9.033333222071333)
state:field-0, action:Wait, timestep:40, reward:-0.0
==================================================

coord:(13.000000000000004, 3.2840823272580932, 9.033333222071333)->(13.000000000000004, 3.2840823272580932, 9.033333222071333)
state:field-0, action:Wait, timestep:41, reward:-0.0
==================================================

coord:(13.000000000000004, 3.2840823272580932, 9.033333222071333)->(13.000000000000004, 3.2840823272580932, 9.033333222071333)
state:field-0, action:Wait, timestep:42, reward:-0.0
==================================================

coord:(13.000000000000004, 3.2840823272580932, 9.033333222071333)->(13.000000000000004, 3.2840823272580932, 9.033333222071333)
state:field-0, action:Wait, timestep:43, reward:-0.0
==================================================

coord:(13.000000000000004, 3.2840823272580932, 9.033333222071333)->(13.000000000000004, 3.2840823272580932, 9.033333222071333)
state:field-0, action:Wait, timestep:44, reward:-0.0
==================================================

coord:(13.000000000000004, 3.2840823272580932, 9.033333222071333)->(13.000000000000004, 3.2840823272580932, 9.033333222071333)
state:field-0, action:Wait, timestep:45, reward:-0.0
==================================================

coord:(13.000000000000004, 3.2840823272580932, 9.033333222071333)->(13.000000000000004, 3.2840823272580932, 9.033333222071333)
state:field-0, action:Wait, timestep:46, reward:-0.0
==================================================

coord:(13.000000000000004, 3.2840823272580932, 9.033333222071333)->(13.000000000000004, 3.2840823272580932, 9.033333222071333)
state:field-0, action:Wait, timestep:47, reward:-0.0
==================================================

coord:(13.000000000000004, 3.2840823272580932, 9.033333222071333)->(13.000000000000004, 3.2840823272580932, 9.033333222071333)
state:field-0, action:Wait, timestep:48, reward:-0.0
==================================================

coord:(13.000000000000004, 3.2840823272580932, 9.033333222071333)->(13.000000000000004, 3.2840823272580932, 9.033333222071333)
state:field-0, action:Wait, timestep:49, reward:-0.0
==================================================

coord:(13.000000000000004, 3.2840823272580932, 9.033333222071333)->(13.000000000000004, 3.2840823272580932, 9.033333222071333)
state:field-0, action:Wait, timestep:50, reward:-0.0
==================================================

coord:(13.000000000000004, 3.2840823272580932, 9.033333222071333)->(13.000000000000004, 3.2840823272580932, 9.033333222071333)
state:field-0, action:Wait, timestep:51, reward:-0.0
==================================================

coord:(13.000000000000004, 3.2840823272580932, 9.033333222071333)->(13.000000000000004, 3.2840823272580932, 9.033333222071333)
state:field-0, action:Wait, timestep:52, reward:-0.0
==================================================

coord:(13.000000000000004, 3.2840823272580932, 9.033333222071333)->(13.000000000000004, 3.2840823272580932, 9.033333222071333)
state:field-0, action:Wait, timestep:53, reward:-0.0
==================================================

coord:(13.000000000000004, 3.2840823272580932, 9.033333222071333)->(13.000000000000004, 3.2840823272580932, 9.033333222071333)
state:field-0, action:Wait, timestep:54, reward:-0.0
==================================================

coord:(13.000000000000004, 3.2840823272580932, 9.033333222071333)->(13.000000000000004, 3.2840823272580932, 9.033333222071333)
state:field-0, action:Wait, timestep:55, reward:-0.0
==================================================

coord:(13.000000000000004, 3.2840823272580932, 9.033333222071333)->(13.000000000000004, 3.2840823272580932, 9.033333222071333)
state:field-0, action:Wait, timestep:56, reward:-0.0
==================================================

coord:(13.000000000000004, 3.2840823272580932, 9.033333222071333)->(13.000000000000004, 3.2840823272580932, 9.033333222071333)
state:field-0, action:Wait, timestep:57, reward:-0.0
==================================================

coord:(13.000000000000004, 3.2840823272580932, 9.033333222071333)->(13.000000000000004, 3.2840823272580932, 9.033333222071333)
state:field-0, action:Wait, timestep:58, reward:-0.0
==================================================

coord:(13.000000000000004, 3.2840823272580932, 9.033333222071333)->(13.000000000000004, 3.2840823272580932, 9.033333222071333)
state:field-0, action:Wait, timestep:59, reward:-0.0
==================================================

coord:(13.000000000000004, 3.2840823272580932, 9.033333222071333)->(13.000000000000004, 3.2840823272580932, 9.033333222071333)
state:field-0, action:Wait, timestep:60, reward:-0.0
==================================================

coord:(13.000000000000004, 3.2840823272580932, 9.033333222071333)->(13.000000000000004, 3.2840823272580932, 9.033333222071333)
state:field-0, action:Wait, timestep:61, reward:-0.0
==================================================

coord:(13.000000000000004, 3.2840823272580932, 9.033333222071333)->(13.000000000000004, 3.2840823272580932, 9.033333222071333)
state:field-0, action:Wait, timestep:62, reward:-0.0
==================================================

coord:(13.000000000000004, 3.2840823272580932, 9.033333222071333)->(13.000000000000004, 3.2840823272580932, 9.033333222071333)
state:field-0, action:Wait, timestep:63, reward:-0.0
==================================================

coord:(13.000000000000004, 3.2840823272580932, 9.033333222071333)->(13.000000000000004, 3.2840823272580932, 9.033333222071333)
state:field-0, action:Wait, timestep:64, reward:-0.0
==================================================

coord:(13.000000000000004, 3.2840823272580932, 9.033333222071333)->(13.000000000000004, 3.2840823272580932, 9.033333222071333)
state:field-0, action:Wait, timestep:65, reward:-0.0
==================================================

coord:(13.000000000000004, 3.2840823272580932, 9.033333222071333)->(13.000000000000004, 3.2840823272580932, 9.033333222071333)
state:field-0, action:Wait, timestep:66, reward:-0.0
==================================================

coord:(13.000000000000004, 3.2840823272580932, 9.033333222071333)->(13.000000000000004, 3.2840823272580932, 9.033333222071333)
state:field-0, action:Wait, timestep:67, reward:-0.0
==================================================

coord:(13.000000000000004, 3.2840823272580932, 9.033333222071333)->(13.000000000000004, 3.2840823272580932, 9.033333222071333)
state:field-0, action:Wait, timestep:68, reward:-0.0
==================================================

coord:(13.000000000000004, 3.2840823272580932, 9.033333222071333)->(13.000000000000004, 3.2840823272580932, 9.033333222071333)
state:field-0, action:Wait, timestep:69, reward:-0.0
==================================================

coord:(13.000000000000004, 3.2840823272580932, 9.033333222071333)->(13.000000000000004, 3.2840823272580932, 9.033333222071333)
state:field-0, action:Wait, timestep:70, reward:-0.0
==================================================

coord:(13.000000000000004, 3.2840823272580932, 9.033333222071333)->(13.000000000000004, 3.2840823272580932, 9.033333222071333)
state:field-0, action:Wait, timestep:71, reward:-0.0
==================================================

coord:(13.000000000000004, 3.2840823272580932, 9.033333222071333)->(13.000000000000004, 3.2840823272580932, 9.033333222071333)
state:field-0, action:Wait, timestep:72, reward:-0.0
==================================================

coord:(13.000000000000004, 3.2840823272580932, 9.033333222071333)->(13.000000000000004, 3.2840823272580932, 9.033333222071333)
state:field-0, action:Wait, timestep:73, reward:-0.0
==================================================

coord:(13.000000000000004, 3.2840823272580932, 9.033333222071333)->(13.000000000000004, 3.2840823272580932, 9.033333222071333)
state:field-0, action:Wait, timestep:74, reward:-0.0
==================================================

coord:(13.000000000000004, 3.2840823272580932, 9.033333222071333)->(13.000000000000004, 3.2840823272580932, 9.033333222071333)
state:field-0, action:Wait, timestep:75, reward:-0.0
==================================================

coord:(13.000000000000004, 3.2840823272580932, 9.033333222071333)->(13.000000000000004, 3.2840823272580932, 9.033333222071333)
state:field-0, action:Wait, timestep:76, reward:-0.0
==================================================

coord:(13.000000000000004, 3.2840823272580932, 9.033333222071333)->(13.000000000000004, 3.2840823272580932, 9.033333222071333)
state:field-0, action:Wait, timestep:77, reward:-0.0
==================================================

coord:(13.000000000000004, 3.2840823272580932, 9.033333222071333)->(13.000000000000004, 3.2840823272580932, 9.033333222071333)
state:field-0, action:Wait, timestep:78, reward:-0.0
==================================================

coord:(13.000000000000004, 3.2840823272580932, 9.033333222071333)->(13.000000000000004, 3.2840823272580932, 9.033333222071333)
state:field-0, action:Wait, timestep:79, reward:-0.0
==================================================

coord:(13.000000000000004, 3.2840823272580932, 9.033333222071333)->(13.000000000000004, 3.2840823272580932, 9.033333222071333)
state:field-0, action:Wait, timestep:80, reward:-0.0
==================================================

coord:(13.000000000000004, 3.2840823272580932, 9.033333222071333)->(13.000000000000004, 3.2840823272580932, 9.033333222071333)
state:field-0, action:Wait, timestep:81, reward:-0.0
==================================================

coord:(13.000000000000004, 3.2840823272580932, 9.033333222071333)->(13.000000000000004, 3.2840823272580932, 9.033333222071333)
state:field-0, action:Wait, timestep:82, reward:-0.0
==================================================

coord:(13.000000000000004, 3.2840823272580932, 9.033333222071333)->(13.000000000000004, 3.2840823272580932, 9.033333222071333)
state:field-0, action:Wait, timestep:83, reward:-0.0
==================================================

coord:(13.000000000000004, 3.2840823272580932, 9.033333222071333)->(13.000000000000004, 3.2840823272580932, 9.033333222071333)
state:field-0, action:Wait, timestep:84, reward:-0.0
==================================================

coord:(13.000000000000004, 3.2840823272580932, 9.033333222071333)->(13.000000000000004, 3.2840823272580932, 9.033333222071333)
state:field-0, action:Wait, timestep:85, reward:-0.0
==================================================

coord:(13.000000000000004, 3.2840823272580932, 9.033333222071333)->(13.000000000000004, 3.2840823272580932, 9.033333222071333)
state:field-0, action:Wait, timestep:86, reward:-0.0
==================================================

coord:(13.000000000000004, 3.2840823272580932, 9.033333222071333)->(13.000000000000004, 3.2840823272580932, 9.033333222071333)
state:field-0, action:Wait, timestep:87, reward:-0.0
==================================================

coord:(13.000000000000004, 3.2840823272580932, 9.033333222071333)->(13.000000000000004, 3.2840823272580932, 9.033333222071333)
state:field-0, action:Wait, timestep:88, reward:-0.0
==================================================

coord:(13.000000000000004, 3.2840823272580932, 9.033333222071333)->(13.000000000000004, 3.2840823272580932, 9.033333222071333)
state:field-0, action:Wait, timestep:89, reward:-0.0
==================================================

coord:(13.000000000000004, 3.2840823272580932, 9.033333222071333)->(13.000000000000004, 3.2840823272580932, 9.033333222071333)
state:field-0, action:Wait, timestep:90, reward:-0.0
==================================================

coord:(13.000000000000004, 3.2840823272580932, 9.033333222071333)->(13.000000000000004, 3.2840823272580932, 9.033333222071333)
state:field-0, action:Wait, timestep:91, reward:-0.0
==================================================

coord:(13.000000000000004, 3.2840823272580932, 9.033333222071333)->(13.000000000000004, 3.2840823272580932, 9.033333222071333)
state:field-0, action:Wait, timestep:92, reward:-0.0
==================================================

coord:(13.000000000000004, 3.2840823272580932, 9.033333222071333)->(13.000000000000004, 3.2840823272580932, 9.033333222071333)
state:field-0, action:Wait, timestep:93, reward:-0.0
==================================================

coord:(13.000000000000004, 3.2840823272580932, 9.033333222071333)->(13.000000000000004, 3.2840823272580932, 9.033333222071333)
state:field-0, action:Wait, timestep:94, reward:-0.0
==================================================

coord:(13.000000000000004, 3.2840823272580932, 9.033333222071333)->(13.000000000000004, 3.2840823272580932, 9.033333222071333)
state:field-0, action:Wait, timestep:95, reward:-0.0
==================================================

coord:(13.000000000000004, 3.2840823272580932, 9.033333222071333)->(13.000000000000004, 3.2840823272580932, 9.033333222071333)
state:field-0, action:Wait, timestep:96, reward:-0.0
==================================================

coord:(13.000000000000004, 3.2840823272580932, 9.033333222071333)->(13.000000000000004, 3.2840823272580932, 9.033333222071333)
state:field-0, action:Wait, timestep:97, reward:-0.0
==================================================

coord:(13.000000000000004, 3.2840823272580932, 9.033333222071333)->(13.000000000000004, 3.2840823272580932, 9.033333222071333)
state:field-0, action:Wait, timestep:98, reward:-0.0
==================================================

coord:(13.000000000000004, 3.2840823272580932, 9.033333222071333)->(13.000000000000004, 3.2840823272580932, 9.033333222071333)
state:field-0, action:Wait, timestep:99, reward:-0.0
==================================================

coord:(13.000000000000004, 3.2840823272580932, 9.033333222071333)->(13.000000000000004, 3.2840823272580932, 9.033333222071333)
state:field-0, action:Wait, timestep:100, reward:-0.0
==================================================

coord:(13.000000000000004, 3.2840823272580932, 9.033333222071333)->(13.000000000000004, 3.2840823272580932, 9.033333222071333)
state:field-0, action:Wait, timestep:101, reward:-0.0
==================================================

coord:(13.000000000000004, 3.2840823272580932, 9.033333222071333)->(13.000000000000004, 3.2840823272580932, 9.033333222071333)
state:field-0, action:Wait, timestep:102, reward:-0.0
==================================================

coord:(13.000000000000004, 3.2840823272580932, 9.033333222071333)->(13.000000000000004, 3.2840823272580932, 9.033333222071333)
state:field-0, action:Wait, timestep:103, reward:-0.0
==================================================

coord:(13.000000000000004, 3.2840823272580932, 9.033333222071333)->(13.000000000000004, 3.2840823272580932, 9.033333222071333)
state:field-0, action:Wait, timestep:104, reward:-0.0
==================================================

coord:(13.000000000000004, 3.2840823272580932, 9.033333222071333)->(13.000000000000004, 3.2840823272580932, 9.033333222071333)
state:field-0, action:Wait, timestep:105, reward:-0.0
==================================================

coord:(13.000000000000004, 3.2840823272580932, 9.033333222071333)->(13.000000000000004, 3.2840823272580932, 9.033333222071333)
state:field-0, action:Wait, timestep:106, reward:-0.0
==================================================

coord:(13.000000000000004, 3.2840823272580932, 9.033333222071333)->(13.000000000000004, 3.2840823272580932, 9.033333222071333)
state:field-0, action:Wait, timestep:107, reward:-0.0
==================================================

coord:(13.000000000000004, 3.2840823272580932, 9.033333222071333)->(13.000000000000004, 3.2840823272580932, 9.033333222071333)
state:field-0, action:Wait, timestep:108, reward:-0.0
==================================================

coord:(13.000000000000004, 3.2840823272580932, 9.033333222071333)->(13.000000000000004, 3.2840823272580932, 9.033333222071333)
state:field-0, action:Wait, timestep:109, reward:-0.0
==================================================

coord:(13.000000000000004, 3.2840823272580932, 9.033333222071333)->(13.000000000000004, 3.2840823272580932, 9.033333222071333)
state:field-0, action:Wait, timestep:110, reward:-0.0
==================================================

coord:(13.000000000000004, 3.2840823272580932, 9.033333222071333)->(13.000000000000004, 3.2840823272580932, 9.033333222071333)
state:field-0, action:Wait, timestep:111, reward:-0.0
==================================================

coord:(13.000000000000004, 3.2840823272580932, 9.033333222071333)->(13.000000000000004, 3.2840823272580932, 9.033333222071333)
state:field-0, action:Wait, timestep:112, reward:-0.0
==================================================

coord:(13.000000000000004, 3.2840823272580932, 9.033333222071333)->(13.000000000000004, 3.2840823272580932, 9.033333222071333)
state:field-0, action:Wait, timestep:113, reward:-0.0
==================================================

coord:(13.000000000000004, 3.2840823272580932, 9.033333222071333)->(13.000000000000004, 3.2840823272580932, 9.033333222071333)
state:field-0, action:Wait, timestep:114, reward:-0.0
==================================================

coord:(13.000000000000004, 3.2840823272580932, 9.033333222071333)->(13.000000000000004, 3.2840823272580932, 9.033333222071333)
state:field-0, action:Wait, timestep:115, reward:-0.0
==================================================

coord:(13.000000000000004, 3.2840823272580932, 9.033333222071333)->(13.000000000000004, 3.2840823272580932, 9.033333222071333)
state:field-0, action:Wait, timestep:116, reward:-0.0
==================================================

coord:(13.000000000000004, 3.2840823272580932, 9.033333222071333)->(13.000000000000004, 3.2840823272580932, 9.033333222071333)
state:field-0, action:Wait, timestep:117, reward:-0.0
==================================================

coord:(13.000000000000004, 3.2840823272580932, 9.033333222071333)->(13.000000000000004, 3.2840823272580932, 9.033333222071333)
state:field-0, action:Wait, timestep:118, reward:-0.0
==================================================

coord:(13.000000000000004, 3.2840823272580932, 9.033333222071333)->(13.000000000000004, 3.2840823272580932, 9.033333222071333)
state:field-0, action:Wait, timestep:119, reward:-0.0
==================================================

coord:(13.000000000000004, 3.2840823272580932, 9.033333222071333)->(13.000000000000004, 3.2840823272580932, 9.033333222071333)
state:field-0, action:Wait, timestep:120, reward:-0.0
==================================================

coord:(13.000000000000004, 3.2840823272580932, 9.033333222071333)->(13.000000000000004, 3.2840823272580932, 9.033333222071333)
state:field-0, action:Wait, timestep:121, reward:-0.0
==================================================

coord:(13.000000000000004, 3.2840823272580932, 9.033333222071333)->(13.000000000000004, 3.2840823272580932, 9.033333222071333)
state:field-0, action:Wait, timestep:122, reward:-0.0
==================================================

coord:(13.000000000000004, 3.2840823272580932, 9.033333222071333)->(13.000000000000004, 3.2840823272580932, 9.033333222071333)
state:field-0, action:Wait, timestep:123, reward:-0.0
==================================================

coord:(13.000000000000004, 3.2840823272580932, 9.033333222071333)->(13.000000000000004, 3.2840823272580932, 9.033333222071333)
state:field-0, action:Wait, timestep:124, reward:-0.0
==================================================

coord:(13.000000000000004, 3.2840823272580932, 9.033333222071333)->(13.000000000000004, 3.2840823272580932, 9.033333222071333)
state:field-0, action:Wait, timestep:125, reward:-0.0
==================================================

coord:(13.000000000000004, 3.2840823272580932, 9.033333222071333)->(13.000000000000004, 3.2840823272580932, 9.033333222071333)
state:field-0, action:Wait, timestep:126, reward:-0.0
==================================================

coord:(13.000000000000004, 3.2840823272580932, 9.033333222071333)->(13.000000000000004, 3.2840823272580932, 9.033333222071333)
state:field-0, action:Wait, timestep:127, reward:-0.0
==================================================

coord:(13.000000000000004, 3.2840823272580932, 9.033333222071333)->(13.000000000000004, 3.2840823272580932, 9.033333222071333)
state:field-0, action:Wait, timestep:128, reward:-0.0
==================================================

coord:(13.000000000000004, 3.2840823272580932, 9.033333222071333)->(13.000000000000004, 3.2840823272580932, 9.033333222071333)
state:field-0, action:Wait, timestep:129, reward:-0.0
==================================================

coord:(13.000000000000004, 3.2840823272580932, 9.033333222071333)->(13.000000000000004, 3.2840823272580932, 9.033333222071333)
state:field-0, action:Wait, timestep:130, reward:-0.0
==================================================

coord:(13.000000000000004, 3.2840823272580932, 9.033333222071333)->(13.000000000000004, 3.2840823272580932, 9.033333222071333)
state:field-0, action:Wait, timestep:131, reward:-0.0
==================================================

coord:(13.000000000000004, 3.2840823272580932, 9.033333222071333)->(13.000000000000004, 3.2840823272580932, 9.033333222071333)
state:field-0, action:Wait, timestep:132, reward:-0.0
==================================================

coord:(13.000000000000004, 3.2840823272580932, 9.033333222071333)->(13.000000000000004, 3.2840823272580932, 9.033333222071333)
state:field-0, action:Wait, timestep:133, reward:-0.0
==================================================

coord:(13.000000000000004, 3.2840823272580932, 9.033333222071333)->(13.000000000000004, 3.2840823272580932, 9.033333222071333)
state:field-0, action:Wait, timestep:134, reward:-0.0
==================================================

coord:(13.000000000000004, 3.2840823272580932, 9.033333222071333)->(13.000000000000004, 3.2840823272580932, 9.033333222071333)
state:field-0, action:Wait, timestep:135, reward:-0.0
==================================================

coord:(13.000000000000004, 3.2840823272580932, 9.033333222071333)->(13.000000000000004, 3.2840823272580932, 9.033333222071333)
state:field-0, action:Wait, timestep:136, reward:-0.0
==================================================

coord:(13.000000000000004, 3.2840823272580932, 9.033333222071333)->(13.000000000000004, 3.2840823272580932, 9.033333222071333)
state:field-0, action:Wait, timestep:137, reward:-0.0
==================================================

coord:(13.000000000000004, 3.2840823272580932, 9.033333222071333)->(13.000000000000004, 3.2840823272580932, 9.033333222071333)
state:field-0, action:Wait, timestep:138, reward:-0.0
==================================================

coord:(13.000000000000004, 3.2840823272580932, 9.033333222071333)->(13.000000000000004, 3.2840823272580932, 9.033333222071333)
state:field-0, action:Wait, timestep:139, reward:-0.0
==================================================

coord:(13.000000000000004, 3.2840823272580932, 9.033333222071333)->(13.000000000000004, 3.2840823272580932, 9.033333222071333)
state:field-0, action:Wait, timestep:140, reward:-0.0
==================================================

coord:(13.000000000000004, 3.2840823272580932, 9.033333222071333)->(13.000000000000004, 3.2840823272580932, 9.033333222071333)
state:field-0, action:Wait, timestep:141, reward:-0.0
==================================================

coord:(13.000000000000004, 3.2840823272580932, 9.033333222071333)->(13.000000000000004, 3.2840823272580932, 9.033333222071333)
state:field-0, action:Wait, timestep:142, reward:-0.0
==================================================

coord:(13.000000000000004, 3.2840823272580932, 9.033333222071333)->(13.000000000000004, 3.2840823272580932, 9.033333222071333)
state:field-0, action:Wait, timestep:143, reward:-0.0
==================================================

coord:(13.000000000000004, 3.2840823272580932, 9.033333222071333)->(13.000000000000004, 3.2840823272580932, 9.033333222071333)
state:field-0, action:Wait, timestep:144, reward:-0.0
==================================================

coord:(13.000000000000004, 3.2840823272580932, 9.033333222071333)->(13.000000000000004, 3.2840823272580932, 9.033333222071333)
state:field-0, action:Wait, timestep:145, reward:-0.0
==================================================

coord:(13.000000000000004, 3.2840823272580932, 9.033333222071333)->(13.000000000000004, 3.2840823272580932, 9.033333222071333)
state:field-0, action:Wait, timestep:146, reward:-0.0
==================================================

coord:(13.000000000000004, 3.2840823272580932, 9.033333222071333)->(13.000000000000004, 3.2840823272580932, 9.033333222071333)
state:field-0, action:Wait, timestep:147, reward:-0.0
==================================================

coord:(13.000000000000004, 3.2840823272580932, 9.033333222071333)->(13.000000000000004, 3.2840823272580932, 9.033333222071333)
state:field-0, action:Wait, timestep:148, reward:-0.0
==================================================

coord:(13.000000000000004, 3.2840823272580932, 9.033333222071333)->(13.000000000000004, 3.2840823272580932, 9.033333222071333)
state:field-0, action:Wait, timestep:149, reward:-0.0
==================================================

coord:(13.000000000000004, 3.2840823272580932, 9.033333222071333)->(13.000000000000004, 3.2840823272580932, 9.033333222071333)
state:field-0, action:Wait, timestep:150, reward:-0.0
==================================================

coord:(13.000000000000004, 3.2840823272580932, 9.033333222071333)->(13.000000000000004, 3.2840823272580932, 9.033333222071333)
state:field-0, action:Wait, timestep:151, reward:-0.0
==================================================

coord:(13.000000000000004, 3.2840823272580932, 9.033333222071333)->(13.000000000000004, 3.2840823272580932, 9.033333222071333)
state:field-0, action:Wait, timestep:152, reward:-0.0
==================================================

coord:(13.000000000000004, 3.2840823272580932, 9.033333222071333)->(13.000000000000004, 3.2840823272580932, 9.033333222071333)
state:field-0, action:Wait, timestep:153, reward:-0.0
==================================================

coord:(13.000000000000004, 3.2840823272580932, 9.033333222071333)->(13.000000000000004, 3.2840823272580932, 9.033333222071333)
state:field-0, action:Wait, timestep:154, reward:-0.0
==================================================

coord:(13.000000000000004, 3.2840823272580932, 9.033333222071333)->(13.000000000000004, 3.2840823272580932, 9.033333222071333)
state:field-0, action:Wait, timestep:155, reward:-0.0
==================================================

coord:(13.000000000000004, 3.2840823272580932, 9.033333222071333)->(13.000000000000004, 3.2840823272580932, 9.033333222071333)
state:field-0, action:Wait, timestep:156, reward:-0.0
==================================================

coord:(13.000000000000004, 3.2840823272580932, 9.033333222071333)->(13.000000000000004, 3.2840823272580932, 9.033333222071333)
state:field-0, action:Wait, timestep:157, reward:-0.0
==================================================

coord:(13.000000000000004, 3.2840823272580932, 9.033333222071333)->(13.000000000000004, 3.2840823272580932, 9.033333222071333)
state:field-0, action:Wait, timestep:158, reward:-0.0
==================================================

coord:(13.000000000000004, 3.2840823272580932, 9.033333222071333)->(13.000000000000004, 3.2840823272580932, 9.033333222071333)
state:field-0, action:Wait, timestep:159, reward:-0.0
==================================================

coord:(13.000000000000004, 3.2840823272580932, 9.033333222071333)->(13.000000000000004, 3.2840823272580932, 9.033333222071333)
state:field-0, action:Wait, timestep:160, reward:-0.0
==================================================

coord:(13.000000000000004, 3.2840823272580932, 9.033333222071333)->(13.000000000000004, 3.2840823272580932, 9.033333222071333)
state:field-0, action:Wait, timestep:161, reward:-0.0
==================================================

coord:(13.000000000000004, 3.2840823272580932, 9.033333222071333)->(13.000000000000004, 3.2840823272580932, 9.033333222071333)
state:field-0, action:Wait, timestep:162, reward:-0.0
==================================================

coord:(13.000000000000004, 3.2840823272580932, 9.033333222071333)->(13.000000000000004, 3.2840823272580932, 9.033333222071333)
state:field-0, action:Wait, timestep:163, reward:-0.0
==================================================

coord:(13.000000000000004, 3.2840823272580932, 9.033333222071333)->(13.000000000000004, 3.2840823272580932, 9.033333222071333)
state:field-0, action:Wait, timestep:164, reward:-0.0
==================================================

coord:(13.000000000000004, 3.2840823272580932, 9.033333222071333)->(13.000000000000004, 3.2840823272580932, 9.033333222071333)
state:field-0, action:Wait, timestep:165, reward:-0.0
==================================================

coord:(13.000000000000004, 3.2840823272580932, 9.033333222071333)->(13.000000000000004, 3.2840823272580932, 9.033333222071333)
state:field-0, action:Wait, timestep:166, reward:-0.0
==================================================

coord:(13.000000000000004, 3.2840823272580932, 9.033333222071333)->(13.000000000000004, 3.2840823272580932, 9.033333222071333)
state:field-0, action:Wait, timestep:167, reward:-0.0
==================================================

coord:(13.000000000000004, 3.2840823272580932, 9.033333222071333)->(13.000000000000004, 3.2840823272580932, 9.033333222071333)
state:field-0, action:Wait, timestep:168, reward:-0.0
==================================================

coord:(13.000000000000004, 3.2840823272580932, 9.033333222071333)->(13.000000000000004, 3.2840823272580932, 9.033333222071333)
state:field-0, action:Wait, timestep:169, reward:-0.0
==================================================

coord:(13.000000000000004, 3.2840823272580932, 9.033333222071333)->(13.000000000000004, 3.2840823272580932, 9.033333222071333)
state:field-0, action:Wait, timestep:170, reward:-0.0
==================================================

coord:(13.000000000000004, 3.2840823272580932, 9.033333222071333)->(13.000000000000004, 3.2840823272580932, 9.033333222071333)
state:field-0, action:Wait, timestep:171, reward:-0.0
==================================================

coord:(13.000000000000004, 3.2840823272580932, 9.033333222071333)->(13.000000000000004, 3.2840823272580932, 9.033333222071333)
state:field-0, action:Wait, timestep:172, reward:-0.0
==================================================

coord:(13.000000000000004, 3.2840823272580932, 9.033333222071333)->(13.000000000000004, 3.2840823272580932, 9.033333222071333)
state:field-0, action:Wait, timestep:173, reward:-0.0
==================================================

coord:(13.000000000000004, 3.2840823272580932, 9.033333222071333)->(13.000000000000004, 3.2840823272580932, 9.033333222071333)
state:field-0, action:Wait, timestep:174, reward:-0.0
==================================================

coord:(13.000000000000004, 3.2840823272580932, 9.033333222071333)->(13.000000000000004, 3.2840823272580932, 9.033333222071333)
state:field-0, action:Wait, timestep:175, reward:-0.0
==================================================

coord:(13.000000000000004, 3.2840823272580932, 9.033333222071333)->(13.000000000000004, 3.2840823272580932, 9.033333222071333)
state:field-0, action:Wait, timestep:176, reward:-0.0
==================================================

coord:(13.000000000000004, 3.2840823272580932, 9.033333222071333)->(13.000000000000004, 3.2840823272580932, 9.033333222071333)
state:field-0, action:Wait, timestep:177, reward:-0.0
==================================================

coord:(13.000000000000004, 3.2840823272580932, 9.033333222071333)->(13.000000000000004, 3.2840823272580932, 9.033333222071333)
state:field-0, action:Wait, timestep:178, reward:-0.0
==================================================

coord:(13.000000000000004, 3.2840823272580932, 9.033333222071333)->(13.000000000000004, 3.2840823272580932, 9.033333222071333)
state:field-0, action:Wait, timestep:179, reward:-0.0
==================================================

coord:(13.000000000000004, 3.2840823272580932, 9.033333222071333)->(13.000000000000004, 3.2840823272580932, 9.033333222071333)
state:field-0, action:Wait, timestep:180, reward:-0.0
==================================================

coord:(13.000000000000004, 3.2840823272580932, 9.033333222071333)->(13.000000000000004, 3.2840823272580932, 9.033333222071333)
state:field-0, action:Wait, timestep:181, reward:-0.0
==================================================

coord:(13.000000000000004, 3.2840823272580932, 9.033333222071333)->(13.000000000000004, 3.2840823272580932, 9.033333222071333)
state:field-0, action:Wait, timestep:182, reward:-0.0
==================================================

coord:(13.000000000000004, 3.2840823272580932, 9.033333222071333)->(13.000000000000004, 3.2840823272580932, 9.033333222071333)
state:field-0, action:Wait, timestep:183, reward:-0.0
==================================================

coord:(13.000000000000004, 3.2840823272580932, 9.033333222071333)->(13.000000000000004, 3.2840823272580932, 9.033333222071333)
state:field-0, action:Wait, timestep:184, reward:-0.0
==================================================

coord:(13.000000000000004, 3.2840823272580932, 9.033333222071333)->(13.000000000000004, 3.2840823272580932, 9.033333222071333)
state:field-0, action:Wait, timestep:185, reward:-0.0
==================================================

coord:(13.000000000000004, 3.2840823272580932, 9.033333222071333)->(13.000000000000004, 3.2840823272580932, 9.033333222071333)
state:field-0, action:Wait, timestep:186, reward:-0.0
==================================================

coord:(13.000000000000004, 3.2840823272580932, 9.033333222071333)->(13.000000000000004, 3.2840823272580932, 9.033333222071333)
state:field-0, action:Wait, timestep:187, reward:-0.0
==================================================

coord:(13.000000000000004, 3.2840823272580932, 9.033333222071333)->(13.000000000000004, 3.2840823272580932, 9.033333222071333)
state:field-0, action:Wait, timestep:188, reward:-0.0
==================================================

coord:(13.000000000000004, 3.2840823272580932, 9.033333222071333)->(13.000000000000004, 3.2840823272580932, 9.033333222071333)
state:field-0, action:Wait, timestep:189, reward:-0.0
==================================================

coord:(13.000000000000004, 3.2840823272580932, 9.033333222071333)->(13.000000000000004, 3.2840823272580932, 9.033333222071333)
state:field-0, action:Wait, timestep:190, reward:-0.0
==================================================

coord:(13.000000000000004, 3.2840823272580932, 9.033333222071333)->(13.000000000000004, 3.2840823272580932, 9.033333222071333)
state:field-0, action:Wait, timestep:191, reward:-0.0
==================================================

coord:(13.000000000000004, 3.2840823272580932, 9.033333222071333)->(13.000000000000004, 3.2840823272580932, 9.033333222071333)
state:field-0, action:Wait, timestep:192, reward:-0.0
==================================================

coord:(13.000000000000004, 3.2840823272580932, 9.033333222071333)->(13.000000000000004, 3.2840823272580932, 9.033333222071333)
state:field-0, action:Wait, timestep:193, reward:-0.0
==================================================

coord:(13.000000000000004, 3.2840823272580932, 9.033333222071333)->(13.000000000000004, 3.2840823272580932, 9.033333222071333)
state:field-0, action:Wait, timestep:194, reward:-0.0
==================================================

coord:(13.000000000000004, 3.2840823272580932, 9.033333222071333)->(13.000000000000004, 3.2840823272580932, 9.033333222071333)
state:field-0, action:Wait, timestep:195, reward:-0.0
==================================================

coord:(13.000000000000004, 3.2840823272580932, 9.033333222071333)->(13.000000000000004, 3.2840823272580932, 9.033333222071333)
state:field-0, action:Wait, timestep:196, reward:-0.0
==================================================

coord:(13.000000000000004, 3.2840823272580932, 9.033333222071333)->(13.000000000000004, 3.2840823272580932, 9.033333222071333)
state:field-0, action:Wait, timestep:197, reward:-0.0
==================================================

coord:(13.000000000000004, 3.2840823272580932, 9.033333222071333)->(13.000000000000004, 3.2840823272580932, 9.033333222071333)
state:field-0, action:Wait, timestep:198, reward:-0.0
==================================================

coord:(13.000000000000004, 3.2840823272580932, 9.033333222071333)->(13.000000000000004, 3.2840823272580932, 9.033333222071333)
state:field-0, action:Wait, timestep:199, reward:-0.0
==================================================

coord:(13.000000000000004, 3.2840823272580932, 9.033333222071333)->(13.000000000000004, 3.2840823272580932, 9.033333222071333)
state:field-0, action:Wait, timestep:200, reward:-0.0
==================================================

coord:(13.000000000000004, 3.2840823272580932, 9.033333222071333)->(13.000000000000004, 3.2840823272580932, 9.033333222071333)
state:field-0, action:Wait, timestep:201, reward:-0.0
==================================================

coord:(13.000000000000004, 3.2840823272580932, 9.033333222071333)->(13.000000000000004, 3.2840823272580932, 9.033333222071333)
state:field-0, action:Wait, timestep:202, reward:-0.0
==================================================

coord:(13.000000000000004, 3.2840823272580932, 9.033333222071333)->(13.000000000000004, 3.2840823272580932, 9.033333222071333)
state:field-0, action:Wait, timestep:203, reward:-0.0
==================================================

coord:(13.000000000000004, 3.2840823272580932, 9.033333222071333)->(13.000000000000004, 3.2840823272580932, 9.033333222071333)
state:field-0, action:Wait, timestep:204, reward:-0.0
==================================================

coord:(13.000000000000004, 3.2840823272580932, 9.033333222071333)->(13.000000000000004, 3.2840823272580932, 9.033333222071333)
state:field-0, action:Wait, timestep:205, reward:-0.0
==================================================

coord:(13.000000000000004, 3.2840823272580932, 9.033333222071333)->(13.000000000000004, 3.2840823272580932, 9.033333222071333)
state:field-0, action:Wait, timestep:206, reward:-0.0
==================================================

coord:(13.000000000000004, 3.2840823272580932, 9.033333222071333)->(13.000000000000004, 3.2840823272580932, 9.033333222071333)
state:field-0, action:Wait, timestep:207, reward:-0.0
==================================================

coord:(13.000000000000004, 3.2840823272580932, 9.033333222071333)->(13.000000000000004, 3.2840823272580932, 9.033333222071333)
state:field-0, action:Wait, timestep:208, reward:-0.0
==================================================

coord:(13.000000000000004, 3.2840823272580932, 9.033333222071333)->(13.000000000000004, 3.2840823272580932, 9.033333222071333)
state:field-0, action:Wait, timestep:209, reward:-0.0
==================================================

coord:(13.000000000000004, 3.2840823272580932, 9.033333222071333)->(13.000000000000004, 3.2840823272580932, 9.033333222071333)
state:field-0, action:Wait, timestep:210, reward:-0.0
==================================================

coord:(13.000000000000004, 3.2840823272580932, 9.033333222071333)->(13.000000000000004, 3.2840823272580932, 9.033333222071333)
state:field-0, action:Wait, timestep:211, reward:-0.0
==================================================

coord:(13.000000000000004, 3.2840823272580932, 9.033333222071333)->(13.000000000000004, 3.2840823272580932, 9.033333222071333)
state:field-0, action:Wait, timestep:212, reward:-0.0
==================================================

coord:(13.000000000000004, 3.2840823272580932, 9.033333222071333)->(13.000000000000004, 3.2840823272580932, 9.033333222071333)
state:field-0, action:Wait, timestep:213, reward:-0.0
==================================================

coord:(13.000000000000004, 3.2840823272580932, 9.033333222071333)->(13.000000000000004, 3.2840823272580932, 9.033333222071333)
state:field-0, action:Wait, timestep:214, reward:-0.0
==================================================

coord:(13.000000000000004, 3.2840823272580932, 9.033333222071333)->(13.000000000000004, 3.2840823272580932, 9.033333222071333)
state:field-0, action:Wait, timestep:215, reward:-0.0
==================================================

coord:(13.000000000000004, 3.2840823272580932, 9.033333222071333)->(13.000000000000004, 3.2840823272580932, 9.033333222071333)
state:field-0, action:Wait, timestep:216, reward:-0.0
==================================================

coord:(13.000000000000004, 3.2840823272580932, 9.033333222071333)->(13.000000000000004, 3.2840823272580932, 9.033333222071333)
state:field-0, action:Wait, timestep:217, reward:-0.0
==================================================

coord:(13.000000000000004, 3.2840823272580932, 9.033333222071333)->(13.000000000000004, 3.2840823272580932, 9.033333222071333)
state:field-0, action:Wait, timestep:218, reward:-0.0
==================================================

coord:(13.000000000000004, 3.2840823272580932, 9.033333222071333)->(13.000000000000004, 3.2840823272580932, 9.033333222071333)
state:field-0, action:Wait, timestep:219, reward:-0.0
==================================================

coord:(13.000000000000004, 3.2840823272580932, 9.033333222071333)->(13.000000000000004, 3.2840823272580932, 9.033333222071333)
state:field-0, action:Wait, timestep:220, reward:-0.0
==================================================

coord:(13.000000000000004, 3.2840823272580932, 9.033333222071333)->(13.000000000000004, 3.2840823272580932, 9.033333222071333)
state:field-0, action:Wait, timestep:221, reward:-0.0
==================================================

coord:(13.000000000000004, 3.2840823272580932, 9.033333222071333)->(13.000000000000004, 3.2840823272580932, 9.033333222071333)
state:field-0, action:Wait, timestep:222, reward:-0.0
==================================================

coord:(13.000000000000004, 3.2840823272580932, 9.033333222071333)->(13.000000000000004, 3.2840823272580932, 9.033333222071333)
state:field-0, action:Wait, timestep:223, reward:-0.0
==================================================

coord:(13.000000000000004, 3.2840823272580932, 9.033333222071333)->(13.000000000000004, 3.2840823272580932, 9.033333222071333)
state:field-0, action:Wait, timestep:224, reward:-0.0
==================================================

coord:(13.000000000000004, 3.2840823272580932, 9.033333222071333)->(13.000000000000004, 3.2840823272580932, 9.033333222071333)
state:field-0, action:Wait, timestep:225, reward:-0.0
==================================================

coord:(13.000000000000004, 3.2840823272580932, 9.033333222071333)->(13.000000000000004, 3.2840823272580932, 9.033333222071333)
state:field-0, action:Wait, timestep:226, reward:-0.0
==================================================

coord:(13.000000000000004, 3.2840823272580932, 9.033333222071333)->(13.000000000000004, 3.2840823272580932, 9.033333222071333)
state:field-0, action:Wait, timestep:227, reward:-0.0
==================================================

coord:(13.000000000000004, 3.2840823272580932, 9.033333222071333)->(13.000000000000004, 3.2840823272580932, 9.033333222071333)
state:field-0, action:Wait, timestep:228, reward:-0.0
==================================================

coord:(13.000000000000004, 3.2840823272580932, 9.033333222071333)->(13.000000000000004, 3.2840823272580932, 9.033333222071333)
state:field-0, action:Wait, timestep:229, reward:-0.0
==================================================

coord:(13.000000000000004, 3.2840823272580932, 9.033333222071333)->(13.000000000000004, 3.2840823272580932, 9.033333222071333)
state:field-0, action:Wait, timestep:230, reward:-0.0
==================================================

coord:(13.000000000000004, 3.2840823272580932, 9.033333222071333)->(13.000000000000004, 3.2840823272580932, 9.033333222071333)
state:field-0, action:Wait, timestep:231, reward:-0.0
==================================================

coord:(13.000000000000004, 3.2840823272580932, 9.033333222071333)->(13.000000000000004, 3.2840823272580932, 9.033333222071333)
state:field-0, action:Wait, timestep:232, reward:-0.0
==================================================

coord:(13.000000000000004, 3.2840823272580932, 9.033333222071333)->(13.000000000000004, 3.2840823272580932, 9.033333222071333)
state:field-0, action:Wait, timestep:233, reward:-0.0
==================================================

coord:(13.000000000000004, 3.2840823272580932, 9.033333222071333)->(13.000000000000004, 3.2840823272580932, 9.033333222071333)
state:field-0, action:Wait, timestep:234, reward:-0.0
==================================================

coord:(13.000000000000004, 3.2840823272580932, 9.033333222071333)->(13.000000000000004, 3.2840823272580932, 9.033333222071333)
state:field-0, action:Wait, timestep:235, reward:-0.0
==================================================

coord:(13.000000000000004, 3.2840823272580932, 9.033333222071333)->(13.000000000000004, 3.2840823272580932, 9.033333222071333)
state:field-0, action:Wait, timestep:236, reward:-0.0
==================================================

coord:(13.000000000000004, 3.2840823272580932, 9.033333222071333)->(13.000000000000004, 3.2840823272580932, 9.033333222071333)
state:field-0, action:Wait, timestep:237, reward:-0.0
==================================================

coord:(13.000000000000004, 3.2840823272580932, 9.033333222071333)->(13.000000000000004, 3.2840823272580932, 9.033333222071333)
state:field-0, action:Wait, timestep:238, reward:-0.0
==================================================

coord:(13.000000000000004, 3.2840823272580932, 9.033333222071333)->(13.000000000000004, 3.2840823272580932, 9.033333222071333)
state:field-0, action:Wait, timestep:239, reward:-0.0
==================================================

coord:(13.000000000000004, 3.2840823272580932, 9.033333222071333)->(13.000000000000004, 3.2840823272580932, 9.033333222071333)
state:field-0, action:Wait, timestep:240, reward:-0.0
==================================================

coord:(13.000000000000004, 3.2840823272580932, 9.033333222071333)->(13.000000000000004, 3.2840823272580932, 9.033333222071333)
state:field-0, action:Wait, timestep:241, reward:-0.0
==================================================

coord:(13.000000000000004, 3.2840823272580932, 9.033333222071333)->(13.000000000000004, 3.2840823272580932, 9.033333222071333)
state:field-0, action:Wait, timestep:242, reward:-0.0
==================================================

coord:(13.000000000000004, 3.2840823272580932, 9.033333222071333)->(13.000000000000004, 3.2840823272580932, 9.033333222071333)
state:field-0, action:Wait, timestep:243, reward:-0.0
==================================================

coord:(13.000000000000004, 3.2840823272580932, 9.033333222071333)->(13.000000000000004, 3.2840823272580932, 9.033333222071333)
state:field-0, action:Wait, timestep:244, reward:-0.0
==================================================

coord:(13.000000000000004, 3.2840823272580932, 9.033333222071333)->(13.000000000000004, 3.2840823272580932, 9.033333222071333)
state:field-0, action:Wait, timestep:245, reward:-0.0
==================================================

coord:(13.000000000000004, 3.2840823272580932, 9.033333222071333)->(13.000000000000004, 3.2840823272580932, 9.033333222071333)
state:field-0, action:Wait, timestep:246, reward:-0.0
==================================================

coord:(13.000000000000004, 3.2840823272580932, 9.033333222071333)->(13.000000000000004, 3.2840823272580932, 9.033333222071333)
state:field-0, action:Wait, timestep:247, reward:-0.0
==================================================

coord:(13.000000000000004, 3.2840823272580932, 9.033333222071333)->(13.000000000000004, 3.2840823272580932, 9.033333222071333)
state:field-0, action:Wait, timestep:248, reward:-0.0
==================================================

coord:(13.000000000000004, 3.2840823272580932, 9.033333222071333)->(13.000000000000004, 3.2840823272580932, 9.033333222071333)
state:field-0, action:Wait, timestep:249, reward:-0.0
==================================================

coord:(13.000000000000004, 3.2840823272580932, 9.033333222071333)->(13.000000000000004, 3.2840823272580932, 9.033333222071333)
state:field-0, action:Wait, timestep:250, reward:-0.0
==================================================

coord:(13.000000000000004, 3.2840823272580932, 9.033333222071333)->(13.000000000000004, 3.2840823272580932, 9.033333222071333)
state:field-0, action:Wait, timestep:251, reward:-0.0
==================================================

coord:(13.000000000000004, 3.2840823272580932, 9.033333222071333)->(13.000000000000004, 3.2840823272580932, 9.033333222071333)
state:field-0, action:Wait, timestep:252, reward:-0.0
==================================================

coord:(13.000000000000004, 3.2840823272580932, 9.033333222071333)->(13.000000000000004, 3.2840823272580932, 9.033333222071333)
state:field-0, action:Wait, timestep:253, reward:-0.0
==================================================

coord:(13.000000000000004, 3.2840823272580932, 9.033333222071333)->(13.000000000000004, 3.2840823272580932, 9.033333222071333)
state:field-0, action:Wait, timestep:254, reward:-0.0
==================================================

coord:(13.000000000000004, 3.2840823272580932, 9.033333222071333)->(13.000000000000004, 3.2840823272580932, 9.033333222071333)
state:field-0, action:Wait, timestep:255, reward:-0.0
==================================================

coord:(13.000000000000004, 3.2840823272580932, 9.033333222071333)->(13.000000000000004, 3.2840823272580932, 9.033333222071333)
state:field-0, action:Wait, timestep:256, reward:-0.0
==================================================

coord:(13.000000000000004, 3.2840823272580932, 9.033333222071333)->(13.000000000000004, 3.2840823272580932, 9.033333222071333)
state:timeout-0, action:D, timestep:257, reward:-999999
==================================================

