coord:(44.0, 0.0, 15.0)->(44.0, 0.0, 15.0)
state:field-4, action:Wait, timestep:1, reward:-0.0
==================================================

coord:(44.0, 0.0, 15.0)->(40.32304493562842, 0.0, 18.676955064371768)
state:field-4, action:SD, timestep:2, reward:3.252709313607676
==================================================

coord:(40.32304493562842, 0.0, 18.676955064371768)->(37.99430672819308, 0.0, 16.348216856936297)
state:field-4, action:SAj, timestep:3, reward:-2.9175224904292927
==================================================

coord:(37.99430672819308, 0.0, 16.348216856936297)->(37.99430672819308, 0.9066206515183874, 21.048216856936364)
state:field-4, action:Dsj, timestep:4, reward:2.952392945376025
==================================================

coord:(37.99430672819308, 0.9066206515183874, 21.048216856936364)->(35.494306728193045, 0.6215890858545575, 21.048216856936364)
state:field-4, action:Ss, timestep:5, reward:-2.43701193517734
==================================================

coord:(35.494306728193045, 0.6215890858545575, 21.048216856936364)->(36.59739324750452, 0.0, 19.945130337624825)
state:field-4, action:WA, timestep:6, reward:0.5612198716413266
==================================================

coord:(36.59739324750452, 0.0, 19.945130337624825)->(34.19323030016772, 0.6619478127863823, 22.349293284961625)
state:field-4, action:SDsj, timestep:7, reward:-1.7585951557320856
==================================================

coord:(34.19323030016772, 0.6619478127863823, 22.349293284961625)->(35.05118648185442, 0.6215890858545575, 21.491337103274873)
state:field-4, action:WA, timestep:8, reward:0.8168421333011429
==================================================

coord:(35.05118648185442, 0.6215890858545575, 21.491337103274873)->(32.72244827441909, 0.5353249668157077, 23.820075310710344)
state:field-4, action:SDj, timestep:9, reward:-2.4494609912325647
==================================================

coord:(32.72244827441909, 0.5353249668157077, 23.820075310710344)->(38.72244827441917, 1.8254281221681399, 23.820075310710344)
state:field-4, action:Ws, timestep:10, reward:5.84038665425374
==================================================

coord:(38.72244827441917, 1.8254281221681399, 23.820075310710344)->(40.009382546949226, 3.397452569001793, 25.107009583240472)
state:field-3, action:WD, timestep:11, reward:-0.058762026801075784
==================================================

coord:(40.009382546949226, 3.397452569001793, 25.107009583240472)->(40.009382546949226, 2.0974526166855, 24.957009583240467)
state:wall-8, action:S, timestep:12, reward:0.2693310802611997
==================================================

coord:(40.009382546949226, 2.0974526166855, 24.957009583240467)->(38.94872242312417, 3.397452569001793, 26.017669707065526)
state:field-3, action:SDs, timestep:13, reward:-1.5846788975185695
==================================================

coord:(38.94872242312417, 3.397452569001793, 26.017669707065526)->(38.94872242312417, 2.0974526166855, 25.96766970706552)
state:wall-8, action:S, timestep:14, reward:0.14619023933067066
==================================================

coord:(38.94872242312417, 2.0974526166855, 25.96766970706552)->(38.887439838717974, 2.9259541796143824, 25.906387122659325)
state:field-3, action:SAj, timestep:15, reward:-0.01965806909034651
==================================================

coord:(38.887439838717974, 2.9259541796143824, 25.906387122659325)->(38.74601848887463, 3.0506319582822563, 26.047808472502666)
state:field-3, action:SDsj, timestep:16, reward:-0.21312396182260063
==================================================

coord:(38.74601848887463, 3.0506319582822563, 26.047808472502666)->(38.74601848887463, 1.7506320059659657, 25.997808472502662)
state:wall-8, action:S, timestep:17, reward:0.05634094184012639
==================================================

coord:(38.74601848887463, 1.7506320059659657, 25.997808472502662)->(38.68473590446844, 2.9259541796143824, 25.936525888096465)
state:field-3, action:SAj, timestep:18, reward:0.006036687844728661
==================================================

coord:(38.68473590446844, 2.9259541796143824, 25.936525888096465)->(38.68473590446844, 3.0087641771554923, 26.023192551584216)
state:field-3, action:Dj, timestep:19, reward:-0.0762109956316559
==================================================

coord:(38.68473590446844, 3.0087641771554923, 26.023192551584216)->(38.68473590446844, 1.7087642248392025, 25.97319255158422)
state:wall-8, action:S, timestep:20, reward:0.045500619347150106
==================================================

coord:(38.68473590446844, 1.7087642248392025, 25.97319255158422)->(36.23343252822072, 1.2915246376534848, 23.521889175336355)
state:field-3, action:SA, timestep:21, reward:-0.8418843506227356
==================================================

coord:(36.23343252822072, 1.2915246376534848, 23.521889175336355)->(35.73845780376902, 1.3539199068081662, 24.01686389978805)
state:field-3, action:SDs, timestep:22, reward:-0.5966346087687739
==================================================

coord:(35.73845780376902, 1.3539199068081662, 24.01686389978805)->(40.038457803769084, 2.7046872690996753, 24.01686389978805)
state:field-3, action:Ws, timestep:23, reward:3.811910230721552
==================================================

coord:(40.038457803769084, 2.7046872690996753, 24.01686389978805)->(40.038457803769084, 1.4046873167833884, 23.96686389978805)
state:wall-7, action:S, timestep:24, reward:-0.08929682817313456
==================================================

coord:(40.038457803769084, 1.4046873167833884, 23.96686389978805)->(40.09974038817528, 3.0915255891470683, 24.028146484194245)
state:field-2, action:WDj, timestep:25, reward:0.04576283817328086
==================================================

coord:(40.09974038817528, 3.0915255891470683, 24.028146484194245)->(42.008928611060384, 2.3293308320996395, 22.11895826130914)
state:field-2, action:WAs, timestep:26, reward:2.762599844999575
==================================================

