coord:(44.0, 0.0, 15.0)->(44.0, 0.0, 15.0)
state:field-4, action:Wait, timestep:1, reward:-0.0
==================================================

coord:(44.0, 0.0, 15.0)->(46.328738207435336, 0.0, 17.328738207435443)
state:field-4, action:WDj, timestep:2, reward:0.8624929232184151
==================================================

coord:(46.328738207435336, 0.0, 17.328738207435443)->(46.328738207435336, 0.5439000164667779, 21.028738207435495)
state:field-4, action:Dsj, timestep:3, reward:1.9990195963789885
==================================================

coord:(46.328738207435336, 0.5439000164667779, 21.028738207435495)->(46.328738207435336, -0.7560999358495064, 20.978738207435494)
state:wall-9, action:S, timestep:4, reward:-0.6308609620000576
==================================================

coord:(46.328738207435336, -0.7560999358495064, 20.978738207435494)->(46.328738207435336, -0.6923999354044584, 21.078738207435496)
state:field-4, action:Dsj, timestep:5, reward:0.05414815550444274
==================================================

coord:(46.328738207435336, -0.6923999354044584, 21.078738207435496)->(46.328738207435336, 1.907599969228111, 21.078738207435496)
state:wall-9, action:Wj, timestep:6, reward:0.9131418067540436
==================================================

coord:(46.328738207435336, 1.907599969228111, 21.078738207435496)->(46.39002079184153, 2.2750242803303813, 21.0174556230293)
state:field-4, action:WAj, timestep:7, reward:-0.05322379928297938
==================================================

coord:(46.39002079184153, 2.2750242803303813, 21.0174556230293)->(46.31931011691986, 2.2750242803303813, 20.94674494810763)
state:field-4, action:SAs, timestep:8, reward:0.05275364172052299
==================================================

coord:(46.31931011691986, 2.2750242803303813, 20.94674494810763)->(46.31931011691986, 3.5750242326466743, 21.04674494810763)
state:wall-8, action:W, timestep:9, reward:-0.14910683482817255
==================================================

coord:(46.31931011691986, 3.5750242326466743, 21.04674494810763)->(46.38059270132605, 3.5750242326466743, 20.985462363701433)
state:field-3, action:WA, timestep:10, reward:-0.07058945719657306
==================================================

coord:(46.38059270132605, 3.5750242326466743, 20.985462363701433)->(46.38059270132605, 4.87502418496295, 21.035462363701434)
state:wall-8, action:W, timestep:11, reward:-0.49166442264436583
==================================================

coord:(46.38059270132605, 4.87502418496295, 21.035462363701434)->(46.38059270132605, 7.475024089595536, 22.03546236370145)
state:wall-8, action:Wj, timestep:12, reward:-1.600319648468039
==================================================

coord:(46.38059270132605, 7.475024089595536, 22.03546236370145)->(46.38059270132605, 8.775024041911834, 23.035462363701463)
state:wall-8, action:W, timestep:13, reward:-1.103968238897739
==================================================

coord:(46.38059270132605, 8.775024041911834, 23.035462363701463)->(46.38059270132605, 10.075023994228154, 24.035462363701477)
state:wall-8, action:W, timestep:14, reward:-1.2665892784588184
==================================================

coord:(46.38059270132605, 10.075023994228154, 24.035462363701477)->(46.38059270132605, 8.775024041911834, 24.035462363701477)
state:wall-8, action:S, timestep:15, reward:1.0736513286356697
==================================================

coord:(46.38059270132605, 8.775024041911834, 24.035462363701477)->(46.38059270132605, 7.475024089595537, 24.035462363701477)
state:wall-8, action:S, timestep:16, reward:0.9971103264468324
==================================================

coord:(46.38059270132605, 7.475024089595537, 24.035462363701477)->(46.38059270132605, 6.17502413727927, 24.035462363701477)
state:wall-8, action:S, timestep:17, reward:0.8833746684325074
==================================================

coord:(46.38059270132605, 6.17502413727927, 24.035462363701477)->(45.40007135082696, 5.984622252187863, 25.015983714200623)
state:field-3, action:SD, timestep:18, reward:0.3418282624319584
==================================================

coord:(45.40007135082696, 5.984622252187863, 25.015983714200623)->(45.40007135082696, 5.984622252187863, 26.055983676053636)
state:field-3, action:D, timestep:19, reward:-0.5996791475052765
==================================================

coord:(45.40007135082696, 5.984622252187863, 26.055983676053636)->(45.40007135082696, 8.584622156820437, 27.005983676053653)
state:wall-8, action:Wj, timestep:20, reward:-2.271234677075002
==================================================

coord:(45.40007135082696, 8.584622156820437, 27.005983676053653)->(45.40007135082696, 11.18462206145297, 28.005983676053667)
state:wall-7, action:Wj, timestep:21, reward:-2.523740951252959
==================================================

coord:(45.40007135082696, 11.18462206145297, 28.005983676053667)->(45.40007135082696, 12.48462201376929, 29.005983676053678)
state:wall-7, action:W, timestep:22, reward:-1.5702979935066743
==================================================

coord:(45.40007135082696, 12.48462201376929, 29.005983676053678)->(45.40007135082696, 11.18462206145297, 29.005983676053678)
state:wall-7, action:S, timestep:23, reward:1.0050400938129496
==================================================

coord:(45.40007135082696, 11.18462206145297, 29.005983676053678)->(45.40007135082696, 13.784621966085503, 30.00598367605369)
state:wall-7, action:Wj, timestep:24, reward:-2.5909315408952267
==================================================

coord:(45.40007135082696, 13.784621966085503, 30.00598367605369)->(45.40007135082696, 16.38462187071805, 31.005983676053702)
state:wall-6, action:Wj, timestep:25, reward:-2.652505827453245
==================================================

coord:(45.40007135082696, 16.38462187071805, 31.005983676053702)->(45.40007135082696, 15.08462191840176, 31.005983676053702)
state:wall-5, action:S, timestep:26, reward:1.0556627937509475
==================================================

coord:(45.40007135082696, 15.08462191840176, 31.005983676053702)->(45.40007135082696, 17.684621823034362, 32.00598367605372)
state:wall-5, action:Wj, timestep:27, reward:-2.660252129488338
==================================================

coord:(45.40007135082696, 17.684621823034362, 32.00598367605372)->(45.40007135082696, 18.20462180396089, 32.00598367605372)
state:wall-5, action:Wj, timestep:28, reward:-0.4306356119529653
==================================================

coord:(45.40007135082696, 18.20462180396089, 32.00598367605372)->(45.40007135082696, 10.061639067993243, 32.00598367605372)
state:air-10, action:Wait, timestep:29, reward:5.976443868382198
==================================================

coord:(45.40007135082696, 10.061639067993243, 32.00598367605372)->(45.40007135082696, 8.566052007475314, 32.00598367605372)
state:air-10, action:Wait, timestep:30, reward:0.8236316450060333
==================================================

coord:(45.40007135082696, 8.566052007475314, 32.00598367605372)->(45.40007135082696, 8.566052007475314, 32.00598367605372)
state:field-0, action:Wait, timestep:31, reward:-0.0
==================================================

coord:(45.40007135082696, 8.566052007475314, 32.00598367605372)->(45.40007135082696, 8.566052007475314, 32.00598367605372)
state:field-0, action:Wait, timestep:32, reward:-0.0
==================================================

coord:(45.40007135082696, 8.566052007475314, 32.00598367605372)->(44.97109325998361, 9.022856400578242, 31.57700558521034)
state:field-0, action:SA, timestep:33, reward:0.21487038006913828
==================================================

coord:(44.97109325998361, 9.022856400578242, 31.57700558521034)->(43.99057190948452, 9.260314041195642, 30.596484234711195)
state:field-0, action:SA, timestep:34, reward:0.8355701916338738
==================================================

coord:(43.99057190948452, 9.260314041195642, 30.596484234711195)->(44.72596292235884, 9.022856400578242, 31.331875247585554)
state:field-0, action:WD, timestep:35, reward:-0.5827701155694331
==================================================

coord:(44.72596292235884, 9.022856400578242, 31.331875247585554)->(44.72596292235884, 9.022856400578242, 31.331875247585554)
state:field-0, action:Wait, timestep:36, reward:-0.0
==================================================

coord:(44.72596292235884, 9.022856400578242, 31.331875247585554)->(45.9516146104827, 8.566052007475314, 32.557526935709454)
state:field-0, action:WD, timestep:37, reward:-1.0797565467729449
==================================================

coord:(45.9516146104827, 8.566052007475314, 32.557526935709454)->(45.9516146104827, 8.566052007475314, 32.557526935709454)
state:field-0, action:Wait, timestep:38, reward:-0.0
==================================================

coord:(45.9516146104827, 8.566052007475314, 32.557526935709454)->(44.97109325998361, 9.022856400578242, 31.57700558521034)
state:field-0, action:SA, timestep:39, reward:0.8269564707085042
==================================================

coord:(44.97109325998361, 9.022856400578242, 31.57700558521034)->(43.99057190948452, 9.260314041195642, 30.596484234711195)
state:field-0, action:SA, timestep:40, reward:0.8355701916338738
==================================================

coord:(43.99057190948452, 9.260314041195642, 30.596484234711195)->(44.72596292235884, 9.022856400578242, 31.331875247585554)
state:field-0, action:WD, timestep:41, reward:-0.5827701155694331
==================================================

coord:(44.72596292235884, 9.022856400578242, 31.331875247585554)->(43.99057190948452, 9.260314041195642, 30.596484234711195)
state:field-0, action:SA, timestep:42, reward:0.5827701155694331
==================================================

coord:(43.99057190948452, 9.260314041195642, 30.596484234711195)->(42.94876797457924, 9.260314041195642, 29.554680299805852)
state:field-0, action:SA, timestep:43, reward:0.9243295639148599
==================================================

coord:(42.94876797457924, 9.260314041195642, 29.554680299805852)->(41.66183370204919, 9.022856400578242, 28.267746027275724)
state:field-0, action:SA, timestep:44, reward:1.1200271302848517
==================================================

coord:(41.66183370204919, 9.022856400578242, 28.267746027275724)->(42.3972247149235, 9.260314041195642, 29.003137040150083)
state:field-0, action:WD, timestep:45, reward:-0.6848667057464777
==================================================

coord:(42.3972247149235, 9.260314041195642, 29.003137040150083)->(43.439028649828785, 9.260314041195642, 30.044940975055425)
state:field-0, action:WD, timestep:46, reward:-0.8548482559617163
==================================================

coord:(43.439028649828785, 9.260314041195642, 30.044940975055425)->(44.72596292235884, 9.022856400578242, 31.331875247585554)
state:field-0, action:WD, timestep:47, reward:-1.0874118480609507
==================================================

coord:(44.72596292235884, 9.022856400578242, 31.331875247585554)->(43.99057190948452, 9.260314041195642, 30.596484234711195)
state:field-0, action:SA, timestep:48, reward:0.5827701155694331
==================================================

coord:(43.99057190948452, 9.260314041195642, 30.596484234711195)->(42.94876797457924, 9.260314041195642, 29.554680299805852)
state:field-0, action:SA, timestep:49, reward:0.9243295639148599
==================================================

coord:(42.94876797457924, 9.260314041195642, 29.554680299805852)->(43.439028649828785, 9.260314041195642, 30.044940975055425)
state:field-0, action:WD, timestep:50, reward:-0.4196878314233423
==================================================

coord:(43.439028649828785, 9.260314041195642, 30.044940975055425)->(43.439028649828785, 9.260314041195642, 30.044940975055425)
state:field-0, action:Wait, timestep:51, reward:-0.0
==================================================

coord:(43.439028649828785, 9.260314041195642, 30.044940975055425)->(43.439028649828785, 9.260314041195642, 30.044940975055425)
state:field-0, action:Wait, timestep:52, reward:-0.0
==================================================

coord:(43.439028649828785, 9.260314041195642, 30.044940975055425)->(43.439028649828785, 9.260314041195642, 30.044940975055425)
state:field-0, action:Wait, timestep:53, reward:-0.0
==================================================

coord:(43.439028649828785, 9.260314041195642, 30.044940975055425)->(43.439028649828785, 9.260314041195642, 30.044940975055425)
state:field-0, action:Wait, timestep:54, reward:-0.0
==================================================

coord:(43.439028649828785, 9.260314041195642, 30.044940975055425)->(43.439028649828785, 9.260314041195642, 30.044940975055425)
state:field-0, action:Wait, timestep:55, reward:-0.0
==================================================

coord:(43.439028649828785, 9.260314041195642, 30.044940975055425)->(42.94876797457924, 9.260314041195642, 29.554680299805852)
state:field-0, action:SA, timestep:56, reward:0.4196878314233423
==================================================

coord:(42.94876797457924, 9.260314041195642, 29.554680299805852)->(41.66183370204919, 9.022856400578242, 28.267746027275724)
state:field-0, action:SA, timestep:57, reward:1.1200271302848517
==================================================

coord:(41.66183370204919, 9.022856400578242, 28.267746027275724)->(42.3972247149235, 9.260314041195642, 29.003137040150083)
state:field-0, action:WD, timestep:58, reward:-0.6848667057464777
==================================================

coord:(42.3972247149235, 9.260314041195642, 29.003137040150083)->(43.439028649828785, 9.260314041195642, 30.044940975055425)
state:field-0, action:WD, timestep:59, reward:-0.8548482559617163
==================================================

coord:(43.439028649828785, 9.260314041195642, 30.044940975055425)->(44.72596292235884, 9.022856400578242, 31.331875247585554)
state:field-0, action:WD, timestep:60, reward:-1.0874118480609507
==================================================

coord:(44.72596292235884, 9.022856400578242, 31.331875247585554)->(44.72596292235884, 9.022856400578242, 31.331875247585554)
state:field-0, action:Wait, timestep:61, reward:-0.0
==================================================

coord:(44.72596292235884, 9.022856400578242, 31.331875247585554)->(43.99057190948452, 9.260314041195642, 30.596484234711195)
state:field-0, action:SA, timestep:62, reward:0.5827701155694331
==================================================

coord:(43.99057190948452, 9.260314041195642, 30.596484234711195)->(42.94876797457924, 9.260314041195642, 29.554680299805852)
state:field-0, action:SA, timestep:63, reward:0.9243295639148599
==================================================

coord:(42.94876797457924, 9.260314041195642, 29.554680299805852)->(42.94876797457924, 9.260314041195642, 29.554680299805852)
state:field-0, action:Wait, timestep:64, reward:-0.0
==================================================

coord:(42.94876797457924, 9.260314041195642, 29.554680299805852)->(43.439028649828785, 9.260314041195642, 30.044940975055425)
state:field-0, action:WD, timestep:65, reward:-0.4196878314233423
==================================================

coord:(43.439028649828785, 9.260314041195642, 30.044940975055425)->(44.72596292235884, 9.022856400578242, 31.331875247585554)
state:field-0, action:WD, timestep:66, reward:-1.0874118480609507
==================================================

coord:(44.72596292235884, 9.022856400578242, 31.331875247585554)->(45.9516146104827, 8.566052007475314, 32.557526935709454)
state:field-0, action:WD, timestep:67, reward:-1.0797565467729449
==================================================

coord:(45.9516146104827, 8.566052007475314, 32.557526935709454)->(45.9516146104827, 8.566052007475314, 32.557526935709454)
state:field-0, action:Wait, timestep:68, reward:-0.0
==================================================

coord:(45.9516146104827, 8.566052007475314, 32.557526935709454)->(44.97109325998361, 9.022856400578242, 31.57700558521034)
state:field-0, action:SA, timestep:69, reward:0.8269564707085042
==================================================

coord:(44.97109325998361, 9.022856400578242, 31.57700558521034)->(44.97109325998361, 9.022856400578242, 31.57700558521034)
state:field-0, action:Wait, timestep:70, reward:-0.0
==================================================

coord:(44.97109325998361, 9.022856400578242, 31.57700558521034)->(44.97109325998361, 9.022856400578242, 31.57700558521034)
state:field-0, action:Wait, timestep:71, reward:-0.0
==================================================

coord:(44.97109325998361, 9.022856400578242, 31.57700558521034)->(45.9516146104827, 8.566052007475314, 32.557526935709454)
state:field-0, action:WD, timestep:72, reward:-0.8269564707085042
==================================================

coord:(45.9516146104827, 8.566052007475314, 32.557526935709454)->(44.97109325998361, 9.022856400578242, 31.57700558521034)
state:field-0, action:SA, timestep:73, reward:0.8269564707085042
==================================================

coord:(44.97109325998361, 9.022856400578242, 31.57700558521034)->(44.97109325998361, 9.022856400578242, 31.57700558521034)
state:field-0, action:Wait, timestep:74, reward:-0.0
==================================================

coord:(44.97109325998361, 9.022856400578242, 31.57700558521034)->(43.99057190948452, 9.260314041195642, 30.596484234711195)
state:field-0, action:SA, timestep:75, reward:0.8355701916338738
==================================================

coord:(43.99057190948452, 9.260314041195642, 30.596484234711195)->(44.72596292235884, 9.022856400578242, 31.331875247585554)
state:field-0, action:WD, timestep:76, reward:-0.5827701155694331
==================================================

coord:(44.72596292235884, 9.022856400578242, 31.331875247585554)->(43.99057190948452, 9.260314041195642, 30.596484234711195)
state:field-0, action:SA, timestep:77, reward:0.5827701155694331
==================================================

coord:(43.99057190948452, 9.260314041195642, 30.596484234711195)->(44.72596292235884, 9.022856400578242, 31.331875247585554)
state:field-0, action:WD, timestep:78, reward:-0.5827701155694331
==================================================

coord:(44.72596292235884, 9.022856400578242, 31.331875247585554)->(43.99057190948452, 9.260314041195642, 30.596484234711195)
state:field-0, action:SA, timestep:79, reward:0.5827701155694331
==================================================

coord:(43.99057190948452, 9.260314041195642, 30.596484234711195)->(44.72596292235884, 9.022856400578242, 31.331875247585554)
state:field-0, action:WD, timestep:80, reward:-0.5827701155694331
==================================================

coord:(44.72596292235884, 9.022856400578242, 31.331875247585554)->(44.72596292235884, 9.022856400578242, 31.331875247585554)
state:field-0, action:Wait, timestep:81, reward:-0.0
==================================================

coord:(44.72596292235884, 9.022856400578242, 31.331875247585554)->(45.9516146104827, 8.566052007475314, 32.557526935709454)
state:field-0, action:WD, timestep:82, reward:-1.0797565467729449
==================================================

coord:(45.9516146104827, 8.566052007475314, 32.557526935709454)->(45.9516146104827, 8.566052007475314, 32.557526935709454)
state:field-0, action:Wait, timestep:83, reward:-0.0
==================================================

coord:(45.9516146104827, 8.566052007475314, 32.557526935709454)->(44.97109325998361, 9.022856400578242, 31.57700558521034)
state:field-0, action:SA, timestep:84, reward:0.8269564707085042
==================================================

coord:(44.97109325998361, 9.022856400578242, 31.57700558521034)->(43.99057190948452, 9.260314041195642, 30.596484234711195)
state:field-0, action:SA, timestep:85, reward:0.8355701916338738
==================================================

coord:(43.99057190948452, 9.260314041195642, 30.596484234711195)->(44.72596292235884, 9.022856400578242, 31.331875247585554)
state:field-0, action:WD, timestep:86, reward:-0.5827701155694331
==================================================

coord:(44.72596292235884, 9.022856400578242, 31.331875247585554)->(43.99057190948452, 9.260314041195642, 30.596484234711195)
state:field-0, action:SA, timestep:87, reward:0.5827701155694331
==================================================

coord:(43.99057190948452, 9.260314041195642, 30.596484234711195)->(42.94876797457924, 9.260314041195642, 29.554680299805852)
state:field-0, action:SA, timestep:88, reward:0.9243295639148599
==================================================

coord:(42.94876797457924, 9.260314041195642, 29.554680299805852)->(42.94876797457924, 9.260314041195642, 29.554680299805852)
state:field-0, action:Wait, timestep:89, reward:-0.0
==================================================

coord:(42.94876797457924, 9.260314041195642, 29.554680299805852)->(42.94876797457924, 9.260314041195642, 29.554680299805852)
state:field-0, action:Wait, timestep:90, reward:-0.0
==================================================

coord:(42.94876797457924, 9.260314041195642, 29.554680299805852)->(42.94876797457924, 9.260314041195642, 29.554680299805852)
state:field-0, action:Wait, timestep:91, reward:-0.0
==================================================

coord:(42.94876797457924, 9.260314041195642, 29.554680299805852)->(41.66183370204919, 9.022856400578242, 28.267746027275724)
state:field-0, action:SA, timestep:92, reward:1.1200271302848517
==================================================

coord:(41.66183370204919, 9.022856400578242, 28.267746027275724)->(40.436182013925325, 8.566052007475314, 27.04209433915179)
state:field-0, action:SA, timestep:93, reward:1.0051989457052652
==================================================

coord:(40.436182013925325, 8.566052007475314, 27.04209433915179)->(41.416703364424414, 9.022856400578242, 28.022615689650937)
state:field-0, action:WD, timestep:94, reward:-0.8520681767630176
==================================================

coord:(41.416703364424414, 9.022856400578242, 28.022615689650937)->(41.416703364424414, 9.022856400578242, 28.022615689650937)
state:field-0, action:Wait, timestep:95, reward:-0.0
==================================================

coord:(41.416703364424414, 9.022856400578242, 28.022615689650937)->(41.416703364424414, 9.022856400578242, 28.022615689650937)
state:field-0, action:Wait, timestep:96, reward:-0.0
==================================================

coord:(41.416703364424414, 9.022856400578242, 28.022615689650937)->(42.3972247149235, 9.260314041195642, 29.003137040150083)
state:field-0, action:WD, timestep:97, reward:-0.8379974746887253
==================================================

coord:(42.3972247149235, 9.260314041195642, 29.003137040150083)->(43.439028649828785, 9.260314041195642, 30.044940975055425)
state:field-0, action:WD, timestep:98, reward:-0.8548482559617163
==================================================

coord:(43.439028649828785, 9.260314041195642, 30.044940975055425)->(44.72596292235884, 9.022856400578242, 31.331875247585554)
state:field-0, action:WD, timestep:99, reward:-1.0874118480609507
==================================================

coord:(44.72596292235884, 9.022856400578242, 31.331875247585554)->(44.72596292235884, 9.022856400578242, 31.331875247585554)
state:field-0, action:Wait, timestep:100, reward:-0.0
==================================================

coord:(44.72596292235884, 9.022856400578242, 31.331875247585554)->(45.9516146104827, 8.566052007475314, 32.557526935709454)
state:field-0, action:WD, timestep:101, reward:-1.0797565467729449
==================================================

coord:(45.9516146104827, 8.566052007475314, 32.557526935709454)->(45.9516146104827, 8.566052007475314, 32.557526935709454)
state:field-0, action:Wait, timestep:102, reward:-0.0
==================================================

coord:(45.9516146104827, 8.566052007475314, 32.557526935709454)->(45.9516146104827, 8.566052007475314, 32.557526935709454)
state:field-0, action:Wait, timestep:103, reward:-0.0
==================================================

coord:(45.9516146104827, 8.566052007475314, 32.557526935709454)->(44.97109325998361, 9.022856400578242, 31.57700558521034)
state:field-0, action:SA, timestep:104, reward:0.8269564707085042
==================================================

coord:(44.97109325998361, 9.022856400578242, 31.57700558521034)->(45.9516146104827, 8.566052007475314, 32.557526935709454)
state:field-0, action:WD, timestep:105, reward:-0.8269564707085042
==================================================

coord:(45.9516146104827, 8.566052007475314, 32.557526935709454)->(44.97109325998361, 9.022856400578242, 31.57700558521034)
state:field-0, action:SA, timestep:106, reward:0.8269564707085042
==================================================

coord:(44.97109325998361, 9.022856400578242, 31.57700558521034)->(44.97109325998361, 9.022856400578242, 31.57700558521034)
state:field-0, action:Wait, timestep:107, reward:-0.0
==================================================

coord:(44.97109325998361, 9.022856400578242, 31.57700558521034)->(43.99057190948452, 9.260314041195642, 30.596484234711195)
state:field-0, action:SA, timestep:108, reward:0.8355701916338738
==================================================

coord:(43.99057190948452, 9.260314041195642, 30.596484234711195)->(42.94876797457924, 9.260314041195642, 29.554680299805852)
state:field-0, action:SA, timestep:109, reward:0.9243295639148599
==================================================

coord:(42.94876797457924, 9.260314041195642, 29.554680299805852)->(41.66183370204919, 9.022856400578242, 28.267746027275724)
state:field-0, action:SA, timestep:110, reward:1.1200271302848517
==================================================

coord:(41.66183370204919, 9.022856400578242, 28.267746027275724)->(40.436182013925325, 8.566052007475314, 27.04209433915179)
state:field-0, action:SA, timestep:111, reward:1.0051989457052652
==================================================

coord:(40.436182013925325, 8.566052007475314, 27.04209433915179)->(40.436182013925325, 8.566052007475314, 27.04209433915179)
state:field-0, action:Wait, timestep:112, reward:-0.0
==================================================

coord:(40.436182013925325, 8.566052007475314, 27.04209433915179)->(40.436182013925325, 8.566052007475314, 27.04209433915179)
state:field-0, action:Wait, timestep:113, reward:-0.0
==================================================

coord:(40.436182013925325, 8.566052007475314, 27.04209433915179)->(41.416703364424414, 9.022856400578242, 28.022615689650937)
state:field-0, action:WD, timestep:114, reward:-0.8520681767630176
==================================================

coord:(41.416703364424414, 9.022856400578242, 28.022615689650937)->(42.3972247149235, 9.260314041195642, 29.003137040150083)
state:field-0, action:WD, timestep:115, reward:-0.8379974746887253
==================================================

coord:(42.3972247149235, 9.260314041195642, 29.003137040150083)->(43.439028649828785, 9.260314041195642, 30.044940975055425)
state:field-0, action:WD, timestep:116, reward:-0.8548482559617163
==================================================

coord:(43.439028649828785, 9.260314041195642, 30.044940975055425)->(44.72596292235884, 9.022856400578242, 31.331875247585554)
state:field-0, action:WD, timestep:117, reward:-1.0874118480609507
==================================================

coord:(44.72596292235884, 9.022856400578242, 31.331875247585554)->(45.9516146104827, 8.566052007475314, 32.557526935709454)
state:field-0, action:WD, timestep:118, reward:-1.0797565467729449
==================================================

coord:(45.9516146104827, 8.566052007475314, 32.557526935709454)->(44.97109325998361, 9.022856400578242, 31.57700558521034)
state:field-0, action:SA, timestep:119, reward:0.8269564707085042
==================================================

coord:(44.97109325998361, 9.022856400578242, 31.57700558521034)->(44.97109325998361, 9.022856400578242, 31.57700558521034)
state:field-0, action:Wait, timestep:120, reward:-0.0
==================================================

coord:(44.97109325998361, 9.022856400578242, 31.57700558521034)->(43.99057190948452, 9.260314041195642, 30.596484234711195)
state:field-0, action:SA, timestep:121, reward:0.8355701916338738
==================================================

coord:(43.99057190948452, 9.260314041195642, 30.596484234711195)->(43.99057190948452, 9.260314041195642, 30.596484234711195)
state:field-0, action:Wait, timestep:122, reward:-0.0
==================================================

coord:(43.99057190948452, 9.260314041195642, 30.596484234711195)->(43.99057190948452, 9.260314041195642, 30.596484234711195)
state:field-0, action:Wait, timestep:123, reward:-0.0
==================================================

coord:(43.99057190948452, 9.260314041195642, 30.596484234711195)->(42.94876797457924, 9.260314041195642, 29.554680299805852)
state:field-0, action:SA, timestep:124, reward:0.9243295639148599
==================================================

coord:(42.94876797457924, 9.260314041195642, 29.554680299805852)->(42.94876797457924, 9.260314041195642, 29.554680299805852)
state:field-0, action:Wait, timestep:125, reward:-0.0
==================================================

coord:(42.94876797457924, 9.260314041195642, 29.554680299805852)->(41.66183370204919, 9.022856400578242, 28.267746027275724)
state:field-0, action:SA, timestep:126, reward:1.1200271302848517
==================================================

coord:(41.66183370204919, 9.022856400578242, 28.267746027275724)->(41.66183370204919, 9.022856400578242, 28.267746027275724)
state:field-0, action:Wait, timestep:127, reward:-0.0
==================================================

coord:(41.66183370204919, 9.022856400578242, 28.267746027275724)->(42.3972247149235, 9.260314041195642, 29.003137040150083)
state:field-0, action:WD, timestep:128, reward:-0.6848667057464777
==================================================

coord:(42.3972247149235, 9.260314041195642, 29.003137040150083)->(42.3972247149235, 9.260314041195642, 29.003137040150083)
state:field-0, action:Wait, timestep:129, reward:-0.0
==================================================

coord:(42.3972247149235, 9.260314041195642, 29.003137040150083)->(43.439028649828785, 9.260314041195642, 30.044940975055425)
state:field-0, action:WD, timestep:130, reward:-0.8548482559617163
==================================================

coord:(43.439028649828785, 9.260314041195642, 30.044940975055425)->(42.94876797457924, 9.260314041195642, 29.554680299805852)
state:field-0, action:SA, timestep:131, reward:0.4196878314233423
==================================================

coord:(42.94876797457924, 9.260314041195642, 29.554680299805852)->(42.94876797457924, 9.260314041195642, 29.554680299805852)
state:field-0, action:Wait, timestep:132, reward:-0.0
==================================================

coord:(42.94876797457924, 9.260314041195642, 29.554680299805852)->(42.94876797457924, 9.260314041195642, 29.554680299805852)
state:field-0, action:Wait, timestep:133, reward:-0.0
==================================================

coord:(42.94876797457924, 9.260314041195642, 29.554680299805852)->(42.94876797457924, 9.260314041195642, 29.554680299805852)
state:field-0, action:Wait, timestep:134, reward:-0.0
==================================================

coord:(42.94876797457924, 9.260314041195642, 29.554680299805852)->(42.94876797457924, 9.260314041195642, 29.554680299805852)
state:field-0, action:Wait, timestep:135, reward:-0.0
==================================================

coord:(42.94876797457924, 9.260314041195642, 29.554680299805852)->(43.439028649828785, 9.260314041195642, 30.044940975055425)
state:field-0, action:WD, timestep:136, reward:-0.4196878314233423
==================================================

coord:(43.439028649828785, 9.260314041195642, 30.044940975055425)->(42.94876797457924, 9.260314041195642, 29.554680299805852)
state:field-0, action:SA, timestep:137, reward:0.4196878314233423
==================================================

coord:(42.94876797457924, 9.260314041195642, 29.554680299805852)->(42.94876797457924, 9.260314041195642, 29.554680299805852)
state:field-0, action:Wait, timestep:138, reward:-0.0
==================================================

coord:(42.94876797457924, 9.260314041195642, 29.554680299805852)->(43.439028649828785, 9.260314041195642, 30.044940975055425)
state:field-0, action:WD, timestep:139, reward:-0.4196878314233423
==================================================

coord:(43.439028649828785, 9.260314041195642, 30.044940975055425)->(44.72596292235884, 9.022856400578242, 31.331875247585554)
state:field-0, action:WD, timestep:140, reward:-1.0874118480609507
==================================================

coord:(44.72596292235884, 9.022856400578242, 31.331875247585554)->(45.9516146104827, 8.566052007475314, 32.557526935709454)
state:field-0, action:WD, timestep:141, reward:-1.0797565467729449
==================================================

coord:(45.9516146104827, 8.566052007475314, 32.557526935709454)->(44.97109325998361, 9.022856400578242, 31.57700558521034)
state:field-0, action:SA, timestep:142, reward:0.8269564707085042
==================================================

coord:(44.97109325998361, 9.022856400578242, 31.57700558521034)->(43.99057190948452, 9.260314041195642, 30.596484234711195)
state:field-0, action:SA, timestep:143, reward:0.8355701916338738
==================================================

coord:(43.99057190948452, 9.260314041195642, 30.596484234711195)->(42.94876797457924, 9.260314041195642, 29.554680299805852)
state:field-0, action:SA, timestep:144, reward:0.9243295639148599
==================================================

coord:(42.94876797457924, 9.260314041195642, 29.554680299805852)->(42.94876797457924, 9.260314041195642, 29.554680299805852)
state:field-0, action:Wait, timestep:145, reward:-0.0
==================================================

coord:(42.94876797457924, 9.260314041195642, 29.554680299805852)->(43.439028649828785, 9.260314041195642, 30.044940975055425)
state:field-0, action:WD, timestep:146, reward:-0.4196878314233423
==================================================

coord:(43.439028649828785, 9.260314041195642, 30.044940975055425)->(43.439028649828785, 9.260314041195642, 30.044940975055425)
state:field-0, action:Wait, timestep:147, reward:-0.0
==================================================

coord:(43.439028649828785, 9.260314041195642, 30.044940975055425)->(42.94876797457924, 9.260314041195642, 29.554680299805852)
state:field-0, action:SA, timestep:148, reward:0.4196878314233423
==================================================

coord:(42.94876797457924, 9.260314041195642, 29.554680299805852)->(43.439028649828785, 9.260314041195642, 30.044940975055425)
state:field-0, action:WD, timestep:149, reward:-0.4196878314233423
==================================================

coord:(43.439028649828785, 9.260314041195642, 30.044940975055425)->(43.439028649828785, 9.260314041195642, 30.044940975055425)
state:field-0, action:Wait, timestep:150, reward:-0.0
==================================================

coord:(43.439028649828785, 9.260314041195642, 30.044940975055425)->(44.72596292235884, 9.022856400578242, 31.331875247585554)
state:field-0, action:WD, timestep:151, reward:-1.0874118480609507
==================================================

coord:(44.72596292235884, 9.022856400578242, 31.331875247585554)->(43.99057190948452, 9.260314041195642, 30.596484234711195)
state:field-0, action:SA, timestep:152, reward:0.5827701155694331
==================================================

coord:(43.99057190948452, 9.260314041195642, 30.596484234711195)->(42.94876797457924, 9.260314041195642, 29.554680299805852)
state:field-0, action:SA, timestep:153, reward:0.9243295639148599
==================================================

coord:(42.94876797457924, 9.260314041195642, 29.554680299805852)->(41.66183370204919, 9.022856400578242, 28.267746027275724)
state:field-0, action:SA, timestep:154, reward:1.1200271302848517
==================================================

coord:(41.66183370204919, 9.022856400578242, 28.267746027275724)->(40.436182013925325, 8.566052007475314, 27.04209433915179)
state:field-0, action:SA, timestep:155, reward:1.0051989457052652
==================================================

coord:(40.436182013925325, 8.566052007475314, 27.04209433915179)->(40.436182013925325, 8.566052007475314, 27.04209433915179)
state:field-0, action:Wait, timestep:156, reward:-0.0
==================================================

coord:(40.436182013925325, 8.566052007475314, 27.04209433915179)->(41.416703364424414, 9.022856400578242, 28.022615689650937)
state:field-0, action:WD, timestep:157, reward:-0.8520681767630176
==================================================

coord:(41.416703364424414, 9.022856400578242, 28.022615689650937)->(41.416703364424414, 9.022856400578242, 28.022615689650937)
state:field-0, action:Wait, timestep:158, reward:-0.0
==================================================

coord:(41.416703364424414, 9.022856400578242, 28.022615689650937)->(41.416703364424414, 9.022856400578242, 28.022615689650937)
state:field-0, action:Wait, timestep:159, reward:-0.0
==================================================

coord:(41.416703364424414, 9.022856400578242, 28.022615689650937)->(41.416703364424414, 9.022856400578242, 28.022615689650937)
state:field-0, action:Wait, timestep:160, reward:-0.0
==================================================

coord:(41.416703364424414, 9.022856400578242, 28.022615689650937)->(42.3972247149235, 9.260314041195642, 29.003137040150083)
state:field-0, action:WD, timestep:161, reward:-0.8379974746887253
==================================================

coord:(42.3972247149235, 9.260314041195642, 29.003137040150083)->(42.3972247149235, 9.260314041195642, 29.003137040150083)
state:field-0, action:Wait, timestep:162, reward:-0.0
==================================================

coord:(42.3972247149235, 9.260314041195642, 29.003137040150083)->(42.3972247149235, 9.260314041195642, 29.003137040150083)
state:field-0, action:Wait, timestep:163, reward:-0.0
==================================================

coord:(42.3972247149235, 9.260314041195642, 29.003137040150083)->(41.66183370204919, 9.022856400578242, 28.267746027275724)
state:field-0, action:SA, timestep:164, reward:0.6848667057464777
==================================================

coord:(41.66183370204919, 9.022856400578242, 28.267746027275724)->(42.3972247149235, 9.260314041195642, 29.003137040150083)
state:field-0, action:WD, timestep:165, reward:-0.6848667057464777
==================================================

coord:(42.3972247149235, 9.260314041195642, 29.003137040150083)->(43.439028649828785, 9.260314041195642, 30.044940975055425)
state:field-0, action:WD, timestep:166, reward:-0.8548482559617163
==================================================

coord:(43.439028649828785, 9.260314041195642, 30.044940975055425)->(44.72596292235884, 9.022856400578242, 31.331875247585554)
state:field-0, action:WD, timestep:167, reward:-1.0874118480609507
==================================================

coord:(44.72596292235884, 9.022856400578242, 31.331875247585554)->(44.72596292235884, 9.022856400578242, 31.331875247585554)
state:field-0, action:Wait, timestep:168, reward:-0.0
==================================================

coord:(44.72596292235884, 9.022856400578242, 31.331875247585554)->(44.72596292235884, 9.022856400578242, 31.331875247585554)
state:field-0, action:Wait, timestep:169, reward:-0.0
==================================================

coord:(44.72596292235884, 9.022856400578242, 31.331875247585554)->(44.72596292235884, 9.022856400578242, 31.331875247585554)
state:field-0, action:Wait, timestep:170, reward:-0.0
==================================================

coord:(44.72596292235884, 9.022856400578242, 31.331875247585554)->(43.99057190948452, 9.260314041195642, 30.596484234711195)
state:field-0, action:SA, timestep:171, reward:0.5827701155694331
==================================================

coord:(43.99057190948452, 9.260314041195642, 30.596484234711195)->(43.99057190948452, 9.260314041195642, 30.596484234711195)
state:field-0, action:Wait, timestep:172, reward:-0.0
==================================================

coord:(43.99057190948452, 9.260314041195642, 30.596484234711195)->(43.99057190948452, 9.260314041195642, 30.596484234711195)
state:field-0, action:Wait, timestep:173, reward:-0.0
==================================================

coord:(43.99057190948452, 9.260314041195642, 30.596484234711195)->(44.72596292235884, 9.022856400578242, 31.331875247585554)
state:field-0, action:WD, timestep:174, reward:-0.5827701155694331
==================================================

coord:(44.72596292235884, 9.022856400578242, 31.331875247585554)->(45.9516146104827, 8.566052007475314, 32.557526935709454)
state:field-0, action:WD, timestep:175, reward:-1.0797565467729449
==================================================

coord:(45.9516146104827, 8.566052007475314, 32.557526935709454)->(45.9516146104827, 8.566052007475314, 32.557526935709454)
state:field-0, action:Wait, timestep:176, reward:-0.0
==================================================

coord:(45.9516146104827, 8.566052007475314, 32.557526935709454)->(44.97109325998361, 9.022856400578242, 31.57700558521034)
state:field-0, action:SA, timestep:177, reward:0.8269564707085042
==================================================

coord:(44.97109325998361, 9.022856400578242, 31.57700558521034)->(44.97109325998361, 9.022856400578242, 31.57700558521034)
state:field-0, action:Wait, timestep:178, reward:-0.0
==================================================

coord:(44.97109325998361, 9.022856400578242, 31.57700558521034)->(45.9516146104827, 8.566052007475314, 32.557526935709454)
state:field-0, action:WD, timestep:179, reward:-0.8269564707085042
==================================================

coord:(45.9516146104827, 8.566052007475314, 32.557526935709454)->(45.9516146104827, 8.566052007475314, 32.557526935709454)
state:field-0, action:Wait, timestep:180, reward:-0.0
==================================================

coord:(45.9516146104827, 8.566052007475314, 32.557526935709454)->(45.9516146104827, 8.566052007475314, 32.557526935709454)
state:field-0, action:Wait, timestep:181, reward:-0.0
==================================================

coord:(45.9516146104827, 8.566052007475314, 32.557526935709454)->(45.9516146104827, 8.566052007475314, 32.557526935709454)
state:field-0, action:Wait, timestep:182, reward:-0.0
==================================================

coord:(45.9516146104827, 8.566052007475314, 32.557526935709454)->(45.9516146104827, 8.566052007475314, 32.557526935709454)
state:field-0, action:Wait, timestep:183, reward:-0.0
==================================================

coord:(45.9516146104827, 8.566052007475314, 32.557526935709454)->(45.9516146104827, 8.566052007475314, 32.557526935709454)
state:field-0, action:Wait, timestep:184, reward:-0.0
==================================================

coord:(45.9516146104827, 8.566052007475314, 32.557526935709454)->(45.9516146104827, 8.566052007475314, 32.557526935709454)
state:field-0, action:Wait, timestep:185, reward:-0.0
==================================================

coord:(45.9516146104827, 8.566052007475314, 32.557526935709454)->(44.97109325998361, 9.022856400578242, 31.57700558521034)
state:field-0, action:SA, timestep:186, reward:0.8269564707085042
==================================================

coord:(44.97109325998361, 9.022856400578242, 31.57700558521034)->(44.97109325998361, 9.022856400578242, 31.57700558521034)
state:field-0, action:Wait, timestep:187, reward:-0.0
==================================================

coord:(44.97109325998361, 9.022856400578242, 31.57700558521034)->(43.99057190948452, 9.260314041195642, 30.596484234711195)
state:field-0, action:SA, timestep:188, reward:0.8355701916338738
==================================================

coord:(43.99057190948452, 9.260314041195642, 30.596484234711195)->(44.72596292235884, 9.022856400578242, 31.331875247585554)
state:field-0, action:WD, timestep:189, reward:-0.5827701155694331
==================================================

coord:(44.72596292235884, 9.022856400578242, 31.331875247585554)->(43.99057190948452, 9.260314041195642, 30.596484234711195)
state:field-0, action:SA, timestep:190, reward:0.5827701155694331
==================================================

coord:(43.99057190948452, 9.260314041195642, 30.596484234711195)->(44.72596292235884, 9.022856400578242, 31.331875247585554)
state:field-0, action:WD, timestep:191, reward:-0.5827701155694331
==================================================

coord:(44.72596292235884, 9.022856400578242, 31.331875247585554)->(44.72596292235884, 9.022856400578242, 31.331875247585554)
state:field-0, action:Wait, timestep:192, reward:-0.0
==================================================

coord:(44.72596292235884, 9.022856400578242, 31.331875247585554)->(43.99057190948452, 9.260314041195642, 30.596484234711195)
state:field-0, action:SA, timestep:193, reward:0.5827701155694331
==================================================

coord:(43.99057190948452, 9.260314041195642, 30.596484234711195)->(43.99057190948452, 9.260314041195642, 30.596484234711195)
state:field-0, action:Wait, timestep:194, reward:-0.0
==================================================

coord:(43.99057190948452, 9.260314041195642, 30.596484234711195)->(43.99057190948452, 9.260314041195642, 30.596484234711195)
state:field-0, action:Wait, timestep:195, reward:-0.0
==================================================

coord:(43.99057190948452, 9.260314041195642, 30.596484234711195)->(44.72596292235884, 9.022856400578242, 31.331875247585554)
state:field-0, action:WD, timestep:196, reward:-0.5827701155694331
==================================================

coord:(44.72596292235884, 9.022856400578242, 31.331875247585554)->(45.9516146104827, 8.566052007475314, 32.557526935709454)
state:field-0, action:WD, timestep:197, reward:-1.0797565467729449
==================================================

coord:(45.9516146104827, 8.566052007475314, 32.557526935709454)->(45.9516146104827, 8.566052007475314, 32.557526935709454)
state:field-0, action:Wait, timestep:198, reward:-0.0
==================================================

coord:(45.9516146104827, 8.566052007475314, 32.557526935709454)->(45.9516146104827, 8.566052007475314, 32.557526935709454)
state:field-0, action:Wait, timestep:199, reward:-0.0
==================================================

coord:(45.9516146104827, 8.566052007475314, 32.557526935709454)->(45.9516146104827, 8.566052007475314, 32.557526935709454)
state:field-0, action:Wait, timestep:200, reward:-0.0
==================================================

coord:(45.9516146104827, 8.566052007475314, 32.557526935709454)->(45.9516146104827, 8.566052007475314, 32.557526935709454)
state:field-0, action:Wait, timestep:201, reward:-0.0
==================================================

coord:(45.9516146104827, 8.566052007475314, 32.557526935709454)->(44.97109325998361, 9.022856400578242, 31.57700558521034)
state:field-0, action:SA, timestep:202, reward:0.8269564707085042
==================================================

coord:(44.97109325998361, 9.022856400578242, 31.57700558521034)->(44.97109325998361, 9.022856400578242, 31.57700558521034)
state:field-0, action:Wait, timestep:203, reward:-0.0
==================================================

coord:(44.97109325998361, 9.022856400578242, 31.57700558521034)->(45.9516146104827, 8.566052007475314, 32.557526935709454)
state:field-0, action:WD, timestep:204, reward:-0.8269564707085042
==================================================

coord:(45.9516146104827, 8.566052007475314, 32.557526935709454)->(45.9516146104827, 8.566052007475314, 32.557526935709454)
state:field-0, action:Wait, timestep:205, reward:-0.0
==================================================

coord:(45.9516146104827, 8.566052007475314, 32.557526935709454)->(45.9516146104827, 8.566052007475314, 32.557526935709454)
state:field-0, action:Wait, timestep:206, reward:-0.0
==================================================

coord:(45.9516146104827, 8.566052007475314, 32.557526935709454)->(45.9516146104827, 8.566052007475314, 32.557526935709454)
state:field-0, action:Wait, timestep:207, reward:-0.0
==================================================

coord:(45.9516146104827, 8.566052007475314, 32.557526935709454)->(45.9516146104827, 8.566052007475314, 32.557526935709454)
state:field-0, action:Wait, timestep:208, reward:-0.0
==================================================

coord:(45.9516146104827, 8.566052007475314, 32.557526935709454)->(45.9516146104827, 8.566052007475314, 32.557526935709454)
state:field-0, action:Wait, timestep:209, reward:-0.0
==================================================

coord:(45.9516146104827, 8.566052007475314, 32.557526935709454)->(44.97109325998361, 9.022856400578242, 31.57700558521034)
state:field-0, action:SA, timestep:210, reward:0.8269564707085042
==================================================

coord:(44.97109325998361, 9.022856400578242, 31.57700558521034)->(43.99057190948452, 9.260314041195642, 30.596484234711195)
state:field-0, action:SA, timestep:211, reward:0.8355701916338738
==================================================

coord:(43.99057190948452, 9.260314041195642, 30.596484234711195)->(42.94876797457924, 9.260314041195642, 29.554680299805852)
state:field-0, action:SA, timestep:212, reward:0.9243295639148599
==================================================

coord:(42.94876797457924, 9.260314041195642, 29.554680299805852)->(43.439028649828785, 9.260314041195642, 30.044940975055425)
state:field-0, action:WD, timestep:213, reward:-0.4196878314233423
==================================================

coord:(43.439028649828785, 9.260314041195642, 30.044940975055425)->(44.72596292235884, 9.022856400578242, 31.331875247585554)
state:field-0, action:WD, timestep:214, reward:-1.0874118480609507
==================================================

coord:(44.72596292235884, 9.022856400578242, 31.331875247585554)->(45.9516146104827, 8.566052007475314, 32.557526935709454)
state:field-0, action:WD, timestep:215, reward:-1.0797565467729449
==================================================

coord:(45.9516146104827, 8.566052007475314, 32.557526935709454)->(44.97109325998361, 9.022856400578242, 31.57700558521034)
state:field-0, action:SA, timestep:216, reward:0.8269564707085042
==================================================

coord:(44.97109325998361, 9.022856400578242, 31.57700558521034)->(43.99057190948452, 9.260314041195642, 30.596484234711195)
state:field-0, action:SA, timestep:217, reward:0.8355701916338738
==================================================

coord:(43.99057190948452, 9.260314041195642, 30.596484234711195)->(44.72596292235884, 9.022856400578242, 31.331875247585554)
state:field-0, action:WD, timestep:218, reward:-0.5827701155694331
==================================================

coord:(44.72596292235884, 9.022856400578242, 31.331875247585554)->(44.72596292235884, 9.022856400578242, 31.331875247585554)
state:field-0, action:Wait, timestep:219, reward:-0.0
==================================================

coord:(44.72596292235884, 9.022856400578242, 31.331875247585554)->(44.72596292235884, 9.022856400578242, 31.331875247585554)
state:field-0, action:Wait, timestep:220, reward:-0.0
==================================================

coord:(44.72596292235884, 9.022856400578242, 31.331875247585554)->(43.99057190948452, 9.260314041195642, 30.596484234711195)
state:field-0, action:SA, timestep:221, reward:0.5827701155694331
==================================================

coord:(43.99057190948452, 9.260314041195642, 30.596484234711195)->(42.94876797457924, 9.260314041195642, 29.554680299805852)
state:field-0, action:SA, timestep:222, reward:0.9243295639148599
==================================================

coord:(42.94876797457924, 9.260314041195642, 29.554680299805852)->(43.439028649828785, 9.260314041195642, 30.044940975055425)
state:field-0, action:WD, timestep:223, reward:-0.4196878314233423
==================================================

coord:(43.439028649828785, 9.260314041195642, 30.044940975055425)->(43.439028649828785, 9.260314041195642, 30.044940975055425)
state:field-0, action:Wait, timestep:224, reward:-0.0
==================================================

coord:(43.439028649828785, 9.260314041195642, 30.044940975055425)->(43.439028649828785, 9.260314041195642, 30.044940975055425)
state:field-0, action:Wait, timestep:225, reward:-0.0
==================================================

coord:(43.439028649828785, 9.260314041195642, 30.044940975055425)->(44.72596292235884, 9.022856400578242, 31.331875247585554)
state:field-0, action:WD, timestep:226, reward:-1.0874118480609507
==================================================

coord:(44.72596292235884, 9.022856400578242, 31.331875247585554)->(44.72596292235884, 9.022856400578242, 31.331875247585554)
state:field-0, action:Wait, timestep:227, reward:-0.0
==================================================

coord:(44.72596292235884, 9.022856400578242, 31.331875247585554)->(45.9516146104827, 8.566052007475314, 32.557526935709454)
state:field-0, action:WD, timestep:228, reward:-1.0797565467729449
==================================================

coord:(45.9516146104827, 8.566052007475314, 32.557526935709454)->(44.97109325998361, 9.022856400578242, 31.57700558521034)
state:field-0, action:SA, timestep:229, reward:0.8269564707085042
==================================================

coord:(44.97109325998361, 9.022856400578242, 31.57700558521034)->(45.9516146104827, 8.566052007475314, 32.557526935709454)
state:field-0, action:WD, timestep:230, reward:-0.8269564707085042
==================================================

coord:(45.9516146104827, 8.566052007475314, 32.557526935709454)->(45.9516146104827, 8.566052007475314, 32.557526935709454)
state:field-0, action:Wait, timestep:231, reward:-0.0
==================================================

coord:(45.9516146104827, 8.566052007475314, 32.557526935709454)->(44.97109325998361, 9.022856400578242, 31.57700558521034)
state:field-0, action:SA, timestep:232, reward:0.8269564707085042
==================================================

coord:(44.97109325998361, 9.022856400578242, 31.57700558521034)->(44.97109325998361, 9.022856400578242, 31.57700558521034)
state:field-0, action:Wait, timestep:233, reward:-0.0
==================================================

coord:(44.97109325998361, 9.022856400578242, 31.57700558521034)->(45.9516146104827, 8.566052007475314, 32.557526935709454)
state:field-0, action:WD, timestep:234, reward:-0.8269564707085042
==================================================

coord:(45.9516146104827, 8.566052007475314, 32.557526935709454)->(45.9516146104827, 8.566052007475314, 32.557526935709454)
state:field-0, action:Wait, timestep:235, reward:-0.0
==================================================

coord:(45.9516146104827, 8.566052007475314, 32.557526935709454)->(45.9516146104827, 8.566052007475314, 32.557526935709454)
state:field-0, action:Wait, timestep:236, reward:-0.0
==================================================

coord:(45.9516146104827, 8.566052007475314, 32.557526935709454)->(44.97109325998361, 9.022856400578242, 31.57700558521034)
state:field-0, action:SA, timestep:237, reward:0.8269564707085042
==================================================

coord:(44.97109325998361, 9.022856400578242, 31.57700558521034)->(45.9516146104827, 8.566052007475314, 32.557526935709454)
state:field-0, action:WD, timestep:238, reward:-0.8269564707085042
==================================================

coord:(45.9516146104827, 8.566052007475314, 32.557526935709454)->(44.97109325998361, 9.022856400578242, 31.57700558521034)
state:field-0, action:SA, timestep:239, reward:0.8269564707085042
==================================================

coord:(44.97109325998361, 9.022856400578242, 31.57700558521034)->(45.9516146104827, 8.566052007475314, 32.557526935709454)
state:field-0, action:WD, timestep:240, reward:-0.8269564707085042
==================================================

coord:(45.9516146104827, 8.566052007475314, 32.557526935709454)->(44.97109325998361, 9.022856400578242, 31.57700558521034)
state:field-0, action:SA, timestep:241, reward:0.8269564707085042
==================================================

coord:(44.97109325998361, 9.022856400578242, 31.57700558521034)->(43.99057190948452, 9.260314041195642, 30.596484234711195)
state:field-0, action:SA, timestep:242, reward:0.8355701916338738
==================================================

coord:(43.99057190948452, 9.260314041195642, 30.596484234711195)->(44.72596292235884, 9.022856400578242, 31.331875247585554)
state:field-0, action:WD, timestep:243, reward:-0.5827701155694331
==================================================

coord:(44.72596292235884, 9.022856400578242, 31.331875247585554)->(44.72596292235884, 9.022856400578242, 31.331875247585554)
state:field-0, action:Wait, timestep:244, reward:-0.0
==================================================

coord:(44.72596292235884, 9.022856400578242, 31.331875247585554)->(44.72596292235884, 9.022856400578242, 31.331875247585554)
state:field-0, action:Wait, timestep:245, reward:-0.0
==================================================

coord:(44.72596292235884, 9.022856400578242, 31.331875247585554)->(44.72596292235884, 9.022856400578242, 31.331875247585554)
state:field-0, action:Wait, timestep:246, reward:-0.0
==================================================

coord:(44.72596292235884, 9.022856400578242, 31.331875247585554)->(45.9516146104827, 8.566052007475314, 32.557526935709454)
state:field-0, action:WD, timestep:247, reward:-1.0797565467729449
==================================================

coord:(45.9516146104827, 8.566052007475314, 32.557526935709454)->(44.97109325998361, 9.022856400578242, 31.57700558521034)
state:field-0, action:SA, timestep:248, reward:0.8269564707085042
==================================================

coord:(44.97109325998361, 9.022856400578242, 31.57700558521034)->(43.99057190948452, 9.260314041195642, 30.596484234711195)
state:field-0, action:SA, timestep:249, reward:0.8355701916338738
==================================================

coord:(43.99057190948452, 9.260314041195642, 30.596484234711195)->(42.94876797457924, 9.260314041195642, 29.554680299805852)
state:field-0, action:SA, timestep:250, reward:0.9243295639148599
==================================================

coord:(42.94876797457924, 9.260314041195642, 29.554680299805852)->(42.94876797457924, 9.260314041195642, 29.554680299805852)
state:field-0, action:Wait, timestep:251, reward:-0.0
==================================================

coord:(42.94876797457924, 9.260314041195642, 29.554680299805852)->(41.66183370204919, 9.022856400578242, 28.267746027275724)
state:field-0, action:SA, timestep:252, reward:1.1200271302848517
==================================================

coord:(41.66183370204919, 9.022856400578242, 28.267746027275724)->(40.436182013925325, 8.566052007475314, 27.04209433915179)
state:field-0, action:SA, timestep:253, reward:1.0051989457052652
==================================================

coord:(40.436182013925325, 8.566052007475314, 27.04209433915179)->(40.436182013925325, 8.566052007475314, 27.04209433915179)
state:field-0, action:Wait, timestep:254, reward:-0.0
==================================================

coord:(40.436182013925325, 8.566052007475314, 27.04209433915179)->(41.416703364424414, 9.022856400578242, 28.022615689650937)
state:field-0, action:WD, timestep:255, reward:-0.8520681767630176
==================================================

coord:(41.416703364424414, 9.022856400578242, 28.022615689650937)->(40.436182013925325, 8.566052007475314, 27.04209433915179)
state:field-0, action:SA, timestep:256, reward:0.8520681767630176
==================================================

coord:(40.436182013925325, 8.566052007475314, 27.04209433915179)->(40.436182013925325, 8.566052007475314, 27.04209433915179)
state:timeout-0, action:WD, timestep:257, reward:-999999
==================================================

