coord:(44.0, 0.0, 15.0)->(44.0, 0.0, 15.0)
state:field-4, action:Wait, timestep:1, reward:-0.0
==================================================

coord:(44.0, 0.0, 15.0)->(40.32304493562842, 0.0, 18.676955064371768)
state:field-4, action:SD, timestep:2, reward:3.252709313607676
==================================================

coord:(40.32304493562842, 0.0, 18.676955064371768)->(37.99430672819308, 0.0, 16.348216856936297)
state:field-4, action:SAj, timestep:3, reward:-2.9175224904292927
==================================================

coord:(37.99430672819308, 0.0, 16.348216856936297)->(37.99430672819308, 0.9066206515183874, 21.048216856936364)
state:field-4, action:Dsj, timestep:4, reward:2.952392945376025
==================================================

coord:(37.99430672819308, 0.9066206515183874, 21.048216856936364)->(35.494306728193045, 0.6215890858545575, 21.048216856936364)
state:field-4, action:Ss, timestep:5, reward:-2.43701193517734
==================================================

coord:(35.494306728193045, 0.6215890858545575, 21.048216856936364)->(36.59739324750452, 0.0, 19.945130337624825)
state:field-4, action:WA, timestep:6, reward:0.5612198716413266
==================================================

coord:(36.59739324750452, 0.0, 19.945130337624825)->(34.19323030016772, 0.6619478127863823, 22.349293284961625)
state:field-4, action:SDsj, timestep:7, reward:-1.7585951557320856
==================================================

coord:(34.19323030016772, 0.6619478127863823, 22.349293284961625)->(35.05118648185442, 0.6215890858545575, 21.491337103274873)
state:field-4, action:WA, timestep:8, reward:0.8168421333011429
==================================================

coord:(35.05118648185442, 0.6215890858545575, 21.491337103274873)->(32.72244827441909, 0.5353249668157077, 23.820075310710344)
state:field-4, action:SDj, timestep:9, reward:-2.4494609912325647
==================================================

coord:(32.72244827441909, 0.5353249668157077, 23.820075310710344)->(38.72244827441917, 1.8254281221681399, 23.820075310710344)
state:field-4, action:Ws, timestep:10, reward:5.84038665425374
==================================================

coord:(38.72244827441917, 1.8254281221681399, 23.820075310710344)->(40.009382546949226, 3.397452569001793, 25.107009583240472)
state:field-3, action:WD, timestep:11, reward:-0.058762026801075784
==================================================

coord:(40.009382546949226, 3.397452569001793, 25.107009583240472)->(40.009382546949226, 2.0974526166855, 24.957009583240467)
state:wall-8, action:S, timestep:12, reward:0.2693310802611997
==================================================

coord:(40.009382546949226, 2.0974526166855, 24.957009583240467)->(38.94872242312417, 3.397452569001793, 26.017669707065526)
state:field-3, action:SDs, timestep:13, reward:-1.5846788975185695
==================================================

coord:(38.94872242312417, 3.397452569001793, 26.017669707065526)->(38.94872242312417, 2.0974526166855, 25.96766970706552)
state:wall-8, action:S, timestep:14, reward:0.14619023933067066
==================================================

coord:(38.94872242312417, 2.0974526166855, 25.96766970706552)->(38.887439838717974, 2.9259541796143824, 25.906387122659325)
state:field-3, action:SAj, timestep:15, reward:-0.01965806909034651
==================================================

coord:(38.887439838717974, 2.9259541796143824, 25.906387122659325)->(38.74601848887463, 3.0506319582822563, 26.047808472502666)
state:field-3, action:SDsj, timestep:16, reward:-0.21312396182260063
==================================================

coord:(38.74601848887463, 3.0506319582822563, 26.047808472502666)->(38.74601848887463, 1.7506320059659657, 25.997808472502662)
state:wall-8, action:S, timestep:17, reward:0.05634094184012639
==================================================

coord:(38.74601848887463, 1.7506320059659657, 25.997808472502662)->(38.68473590446844, 2.9259541796143824, 25.936525888096465)
state:field-3, action:SAj, timestep:18, reward:0.006036687844728661
==================================================

coord:(38.68473590446844, 2.9259541796143824, 25.936525888096465)->(38.68473590446844, 3.0087641771554923, 26.023192551584216)
state:field-3, action:Dj, timestep:19, reward:-0.0762109956316559
==================================================

coord:(38.68473590446844, 3.0087641771554923, 26.023192551584216)->(38.68473590446844, 1.7087642248392025, 25.97319255158422)
state:wall-8, action:S, timestep:20, reward:0.045500619347150106
==================================================

coord:(38.68473590446844, 1.7087642248392025, 25.97319255158422)->(36.23343252822072, 1.2915246376534848, 23.521889175336355)
state:field-3, action:SA, timestep:21, reward:-0.8418843506227356
==================================================

coord:(36.23343252822072, 1.2915246376534848, 23.521889175336355)->(35.73845780376902, 1.3539199068081662, 24.01686389978805)
state:field-3, action:SDs, timestep:22, reward:-0.5966346087687739
==================================================

coord:(35.73845780376902, 1.3539199068081662, 24.01686389978805)->(40.038457803769084, 2.7046872690996753, 24.01686389978805)
state:field-3, action:Ws, timestep:23, reward:3.811910230721552
==================================================

coord:(40.038457803769084, 2.7046872690996753, 24.01686389978805)->(40.038457803769084, 1.4046873167833884, 23.96686389978805)
state:wall-7, action:S, timestep:24, reward:-0.08929682817313456
==================================================

coord:(40.038457803769084, 1.4046873167833884, 23.96686389978805)->(40.09974038817528, 3.0915255891470683, 24.028146484194245)
state:field-2, action:WDj, timestep:25, reward:0.04576283817328086
==================================================

coord:(40.09974038817528, 3.0915255891470683, 24.028146484194245)->(43.14029940980711, 3.3724589416174675, 20.98758746256241)
state:field-2, action:WAsj, timestep:26, reward:1.034359723337359
==================================================

coord:(43.14029940980711, 3.3724589416174675, 20.98758746256241)->(43.14029940980711, 4.672458893933746, 21.03758746256241)
state:wall-7, action:W, timestep:27, reward:-0.9303744526369508
==================================================

coord:(43.14029940980711, 4.672458893933746, 21.03758746256241)->(43.14029940980711, 5.972458846250013, 22.037587462562424)
state:wall-7, action:W, timestep:28, reward:-1.0396935451384075
==================================================

coord:(43.14029940980711, 5.972458846250013, 22.037587462562424)->(43.14029940980711, 7.27245879856628, 23.03758746256244)
state:wall-7, action:W, timestep:29, reward:-1.3603701010786544
==================================================

coord:(43.14029940980711, 7.27245879856628, 23.03758746256244)->(43.14029940980711, 8.57245875088257, 24.037587462562453)
state:wall-7, action:W, timestep:30, reward:-1.4875140131195446
==================================================

coord:(43.14029940980711, 8.57245875088257, 24.037587462562453)->(43.14029940980711, 7.27245879856628, 24.037587462562453)
state:wall-7, action:S, timestep:31, reward:1.198624986411902
==================================================

coord:(43.14029940980711, 7.27245879856628, 24.037587462562453)->(43.14029940980711, 5.972458846250014, 24.037587462562453)
state:wall-7, action:S, timestep:32, reward:1.1396870021015344
==================================================

coord:(43.14029940980711, 5.972458846250014, 24.037587462562453)->(42.079639285982054, 6.642125519592401, 22.976927338737394)
state:field-2, action:SAsj, timestep:33, reward:-0.09560061719839563
==================================================

coord:(42.079639285982054, 6.642125519592401, 22.976927338737394)->(42.079639285982054, 7.942125471908668, 23.026927338737394)
state:wall-7, action:W, timestep:34, reward:-1.2837476145272557
==================================================

coord:(42.079639285982054, 7.942125471908668, 23.026927338737394)->(42.079639285982054, 6.642125519592401, 23.026927338737394)
state:wall-7, action:S, timestep:35, reward:1.272435170277193
==================================================

coord:(42.079639285982054, 6.642125519592401, 23.026927338737394)->(42.079639285982054, 7.942125471908668, 24.02692733873741)
state:wall-7, action:W, timestep:36, reward:-1.5340157462576762
==================================================

coord:(42.079639285982054, 7.942125471908668, 24.02692733873741)->(42.079639285982054, 9.242125424224986, 25.026927338737423)
state:wall-7, action:W, timestep:37, reward:-1.5787756204756782
==================================================

coord:(42.079639285982054, 9.242125424224986, 25.026927338737423)->(42.079639285982054, 11.842125328857518, 26.02692733873744)
state:wall-7, action:Wj, timestep:38, reward:-2.783453787998111
==================================================

coord:(42.079639285982054, 11.842125328857518, 26.02692733873744)->(42.079639285982054, 14.442125233490053, 27.02692733873745)
state:wall-6, action:Wj, timestep:39, reward:-2.784398142976901
==================================================

coord:(42.079639285982054, 14.442125233490053, 27.02692733873745)->(42.079639285982054, 15.742125185806373, 28.026927338737465)
state:wall-6, action:W, timestep:40, reward:-1.5901421006849237
==================================================

coord:(42.079639285982054, 15.742125185806373, 28.026927338737465)->(42.079639285982054, 17.042125138122607, 29.02692733873748)
state:wall-6, action:W, timestep:41, reward:-1.600046905082234
==================================================

coord:(42.079639285982054, 17.042125138122607, 29.02692733873748)->(42.079639285982054, 19.642125042755247, 30.026927338737494)
state:wall-6, action:Wj, timestep:42, reward:-2.7783398482978576
==================================================

coord:(42.079639285982054, 19.642125042755247, 30.026927338737494)->(42.079639285982054, 21.54879163948585, 30.026927338737494)
state:wall-5, action:Wj, timestep:43, reward:-1.7452216638256601
==================================================

coord:(42.079639285982054, 21.54879163948585, 30.026927338737494)->(42.079639285982054, 13.405808903518205, 30.026927338737494)
state:air-10, action:Wait, timestep:44, reward:7.149069497707087
==================================================

coord:(42.079639285982054, 13.405808903518205, 30.026927338737494)->(42.079639285982054, 10.476437937406924, 30.026927338737494)
state:air-10, action:Wait, timestep:45, reward:2.2420480721363045
==================================================

coord:(42.079639285982054, 10.476437937406924, 30.026927338737494)->(41.466813441920124, 10.34124458376055, 29.414101494675528)
state:field-0, action:SA, timestep:46, reward:0.5083207938601539
==================================================

coord:(41.466813441920124, 10.34124458376055, 29.414101494675528)->(41.466813441920124, 10.34124458376055, 29.414101494675528)
state:field-0, action:Wait, timestep:47, reward:-0.0
==================================================

coord:(41.466813441920124, 10.34124458376055, 29.414101494675528)->(42.079639285982054, 10.476437937406924, 30.026927338737494)
state:field-0, action:WD, timestep:48, reward:-0.5083207938601539
==================================================

coord:(42.079639285982054, 10.476437937406924, 30.026927338737494)->(42.079639285982054, 10.476437937406924, 30.026927338737494)
state:field-0, action:Wait, timestep:49, reward:-0.0
==================================================

coord:(42.079639285982054, 10.476437937406924, 30.026927338737494)->(42.079639285982054, 10.476437937406924, 30.026927338737494)
state:field-0, action:Wait, timestep:50, reward:-0.0
==================================================

coord:(42.079639285982054, 10.476437937406924, 30.026927338737494)->(42.079639285982054, 10.476437937406924, 30.026927338737494)
state:field-0, action:Wait, timestep:51, reward:-0.0
==================================================

coord:(42.079639285982054, 10.476437937406924, 30.026927338737494)->(41.466813441920124, 10.34124458376055, 29.414101494675528)
state:field-0, action:SA, timestep:52, reward:0.5083207938601539
==================================================

coord:(41.466813441920124, 10.34124458376055, 29.414101494675528)->(40.17987916939007, 9.946042388435208, 28.1271672221454)
state:field-0, action:SA, timestep:53, reward:0.9857366947152926
==================================================

coord:(40.17987916939007, 9.946042388435208, 28.1271672221454)->(41.099117935482965, 10.34124458376055, 29.046405988238348)
state:field-0, action:WD, timestep:54, reward:-0.7643646484429016
==================================================

coord:(41.099117935482965, 10.34124458376055, 29.046405988238348)->(42.079639285982054, 10.476437937406924, 30.026927338737494)
state:field-0, action:WD, timestep:55, reward:-0.7296928401325449
==================================================

coord:(42.079639285982054, 10.476437937406924, 30.026927338737494)->(43.61170389613688, 10.34124458376055, 31.55899194889241)
state:field-0, action:WD, timestep:56, reward:-1.1389120091811726
==================================================

coord:(43.61170389613688, 10.34124458376055, 31.55899194889241)->(41.466813441920124, 10.34124458376055, 29.414101494675528)
state:field-0, action:SA, timestep:57, reward:1.6472328030413266
==================================================

coord:(41.466813441920124, 10.34124458376055, 29.414101494675528)->(41.466813441920124, 10.34124458376055, 29.414101494675528)
state:field-0, action:Wait, timestep:58, reward:-0.0
==================================================

coord:(41.466813441920124, 10.34124458376055, 29.414101494675528)->(40.17987916939007, 9.946042388435208, 28.1271672221454)
state:field-0, action:SA, timestep:59, reward:0.9857366947152926
==================================================

coord:(40.17987916939007, 9.946042388435208, 28.1271672221454)->(41.099117935482965, 10.34124458376055, 29.046405988238348)
state:field-0, action:WD, timestep:60, reward:-0.7643646484429016
==================================================

coord:(41.099117935482965, 10.34124458376055, 29.046405988238348)->(40.17987916939007, 9.946042388435208, 28.1271672221454)
state:field-0, action:SA, timestep:61, reward:0.7643646484429016
==================================================

coord:(40.17987916939007, 9.946042388435208, 28.1271672221454)->(41.099117935482965, 10.34124458376055, 29.046405988238348)
state:field-0, action:WD, timestep:62, reward:-0.7643646484429016
==================================================

coord:(41.099117935482965, 10.34124458376055, 29.046405988238348)->(40.17987916939007, 9.946042388435208, 28.1271672221454)
state:field-0, action:SA, timestep:63, reward:0.7643646484429016
==================================================

coord:(40.17987916939007, 9.946042388435208, 28.1271672221454)->(41.099117935482965, 10.34124458376055, 29.046405988238348)
state:field-0, action:WD, timestep:64, reward:-0.7643646484429016
==================================================

coord:(41.099117935482965, 10.34124458376055, 29.046405988238348)->(42.079639285982054, 10.476437937406924, 30.026927338737494)
state:field-0, action:WD, timestep:65, reward:-0.7296928401325449
==================================================

coord:(42.079639285982054, 10.476437937406924, 30.026927338737494)->(43.61170389613688, 10.34124458376055, 31.55899194889241)
state:field-0, action:WD, timestep:66, reward:-1.1389120091811726
==================================================

coord:(43.61170389613688, 10.34124458376055, 31.55899194889241)->(41.466813441920124, 10.34124458376055, 29.414101494675528)
state:field-0, action:SA, timestep:67, reward:1.6472328030413266
==================================================

coord:(41.466813441920124, 10.34124458376055, 29.414101494675528)->(40.17987916939007, 9.946042388435208, 28.1271672221454)
state:field-0, action:SA, timestep:68, reward:0.9857366947152926
==================================================

coord:(40.17987916939007, 9.946042388435208, 28.1271672221454)->(40.17987916939007, 9.946042388435208, 28.1271672221454)
state:field-0, action:Wait, timestep:69, reward:-0.0
==================================================

coord:(40.17987916939007, 9.946042388435208, 28.1271672221454)->(40.17987916939007, 9.946042388435208, 28.1271672221454)
state:field-0, action:Wait, timestep:70, reward:-0.0
==================================================

coord:(40.17987916939007, 9.946042388435208, 28.1271672221454)->(41.099117935482965, 10.34124458376055, 29.046405988238348)
state:field-0, action:WD, timestep:71, reward:-0.7643646484429016
==================================================

coord:(41.099117935482965, 10.34124458376055, 29.046405988238348)->(40.17987916939007, 9.946042388435208, 28.1271672221454)
state:field-0, action:SA, timestep:72, reward:0.7643646484429016
==================================================

coord:(40.17987916939007, 9.946042388435208, 28.1271672221454)->(41.099117935482965, 10.34124458376055, 29.046405988238348)
state:field-0, action:WD, timestep:73, reward:-0.7643646484429016
==================================================

coord:(41.099117935482965, 10.34124458376055, 29.046405988238348)->(42.079639285982054, 10.476437937406924, 30.026927338737494)
state:field-0, action:WD, timestep:74, reward:-0.7296928401325449
==================================================

coord:(42.079639285982054, 10.476437937406924, 30.026927338737494)->(41.466813441920124, 10.34124458376055, 29.414101494675528)
state:field-0, action:SA, timestep:75, reward:0.5083207938601539
==================================================

coord:(41.466813441920124, 10.34124458376055, 29.414101494675528)->(41.466813441920124, 10.34124458376055, 29.414101494675528)
state:field-0, action:Wait, timestep:76, reward:-0.0
==================================================

coord:(41.466813441920124, 10.34124458376055, 29.414101494675528)->(42.079639285982054, 10.476437937406924, 30.026927338737494)
state:field-0, action:WD, timestep:77, reward:-0.5083207938601539
==================================================

coord:(42.079639285982054, 10.476437937406924, 30.026927338737494)->(43.61170389613688, 10.34124458376055, 31.55899194889241)
state:field-0, action:WD, timestep:78, reward:-1.1389120091811726
==================================================

coord:(43.61170389613688, 10.34124458376055, 31.55899194889241)->(43.61170389613688, 10.34124458376055, 31.55899194889241)
state:field-0, action:Wait, timestep:79, reward:-0.0
==================================================

coord:(43.61170389613688, 10.34124458376055, 31.55899194889241)->(43.61170389613688, 10.34124458376055, 31.55899194889241)
state:field-0, action:Wait, timestep:80, reward:-0.0
==================================================

coord:(43.61170389613688, 10.34124458376055, 31.55899194889241)->(43.61170389613688, 10.34124458376055, 31.55899194889241)
state:field-0, action:Wait, timestep:81, reward:-0.0
==================================================

coord:(43.61170389613688, 10.34124458376055, 31.55899194889241)->(44.898638168666935, 9.946042388435208, 32.84592622142249)
state:field-0, action:WD, timestep:82, reward:-0.990247372448108
==================================================

coord:(44.898638168666935, 9.946042388435208, 32.84592622142249)->(43.97939940257404, 10.34124458376055, 31.926687455329585)
state:field-0, action:SA, timestep:83, reward:0.6573038616584164
==================================================

coord:(43.97939940257404, 10.34124458376055, 31.926687455329585)->(44.898638168666935, 9.946042388435208, 32.84592622142249)
state:field-0, action:WD, timestep:84, reward:-0.6573038616584164
==================================================

coord:(44.898638168666935, 9.946042388435208, 32.84592622142249)->(43.97939940257404, 10.34124458376055, 31.926687455329585)
state:field-0, action:SA, timestep:85, reward:0.6573038616584164
==================================================

coord:(43.97939940257404, 10.34124458376055, 31.926687455329585)->(44.898638168666935, 9.946042388435208, 32.84592622142249)
state:field-0, action:WD, timestep:86, reward:-0.6573038616584164
==================================================

coord:(44.898638168666935, 9.946042388435208, 32.84592622142249)->(44.898638168666935, 9.946042388435208, 32.84592622142249)
state:field-0, action:Wait, timestep:87, reward:-0.0
==================================================

coord:(44.898638168666935, 9.946042388435208, 32.84592622142249)->(43.97939940257404, 10.34124458376055, 31.926687455329585)
state:field-0, action:SA, timestep:88, reward:0.6573038616584164
==================================================

coord:(43.97939940257404, 10.34124458376055, 31.926687455329585)->(41.466813441920124, 10.34124458376055, 29.414101494675524)
state:field-0, action:SA, timestep:89, reward:1.9801763138310218
==================================================

coord:(41.466813441920124, 10.34124458376055, 29.414101494675524)->(41.466813441920124, 10.34124458376055, 29.414101494675524)
state:field-0, action:Wait, timestep:90, reward:-0.0
==================================================

coord:(41.466813441920124, 10.34124458376055, 29.414101494675524)->(42.079639285982054, 10.476437937406924, 30.02692733873749)
state:field-0, action:WD, timestep:91, reward:-0.5083207938601557
==================================================

coord:(42.079639285982054, 10.476437937406924, 30.02692733873749)->(42.079639285982054, 10.476437937406924, 30.02692733873749)
state:field-0, action:Wait, timestep:92, reward:-0.0
==================================================

coord:(42.079639285982054, 10.476437937406924, 30.02692733873749)->(41.466813441920124, 10.34124458376055, 29.414101494675524)
state:field-0, action:SA, timestep:93, reward:0.5083207938601557
==================================================

coord:(41.466813441920124, 10.34124458376055, 29.414101494675524)->(40.17987916939007, 9.946042388435208, 28.127167222145395)
state:field-0, action:SA, timestep:94, reward:0.9857366947152908
==================================================

coord:(40.17987916939007, 9.946042388435208, 28.127167222145395)->(41.099117935482965, 10.34124458376055, 29.046405988238345)
state:field-0, action:WD, timestep:95, reward:-0.7643646484428999
==================================================

coord:(41.099117935482965, 10.34124458376055, 29.046405988238345)->(42.079639285982054, 10.476437937406924, 30.02692733873749)
state:field-0, action:WD, timestep:96, reward:-0.7296928401325466
==================================================

coord:(42.079639285982054, 10.476437937406924, 30.02692733873749)->(41.466813441920124, 10.34124458376055, 29.414101494675524)
state:field-0, action:SA, timestep:97, reward:0.5083207938601557
==================================================

coord:(41.466813441920124, 10.34124458376055, 29.414101494675524)->(40.17987916939007, 9.946042388435208, 28.127167222145395)
state:field-0, action:SA, timestep:98, reward:0.9857366947152908
==================================================

coord:(40.17987916939007, 9.946042388435208, 28.127167222145395)->(40.17987916939007, 9.946042388435208, 28.127167222145395)
state:field-0, action:Wait, timestep:99, reward:-0.0
==================================================

coord:(40.17987916939007, 9.946042388435208, 28.127167222145395)->(40.17987916939007, 9.946042388435208, 28.127167222145395)
state:field-0, action:Wait, timestep:100, reward:-0.0
==================================================

coord:(40.17987916939007, 9.946042388435208, 28.127167222145395)->(40.17987916939007, 9.946042388435208, 28.127167222145395)
state:field-0, action:Wait, timestep:101, reward:-0.0
==================================================

coord:(40.17987916939007, 9.946042388435208, 28.127167222145395)->(40.17987916939007, 9.946042388435208, 28.127167222145395)
state:field-0, action:Wait, timestep:102, reward:-0.0
==================================================

coord:(40.17987916939007, 9.946042388435208, 28.127167222145395)->(40.17987916939007, 9.946042388435208, 28.127167222145395)
state:field-0, action:Wait, timestep:103, reward:-0.0
==================================================

coord:(40.17987916939007, 9.946042388435208, 28.127167222145395)->(41.099117935482965, 10.34124458376055, 29.046405988238345)
state:field-0, action:WD, timestep:104, reward:-0.7643646484428999
==================================================

coord:(41.099117935482965, 10.34124458376055, 29.046405988238345)->(41.099117935482965, 10.34124458376055, 29.046405988238345)
state:field-0, action:Wait, timestep:105, reward:-0.0
==================================================

coord:(41.099117935482965, 10.34124458376055, 29.046405988238345)->(40.17987916939007, 9.946042388435208, 28.127167222145395)
state:field-0, action:SA, timestep:106, reward:0.7643646484428999
==================================================

coord:(40.17987916939007, 9.946042388435208, 28.127167222145395)->(41.099117935482965, 10.34124458376055, 29.046405988238345)
state:field-0, action:WD, timestep:107, reward:-0.7643646484428999
==================================================

coord:(41.099117935482965, 10.34124458376055, 29.046405988238345)->(42.079639285982054, 10.476437937406924, 30.02692733873749)
state:field-0, action:WD, timestep:108, reward:-0.7296928401325466
==================================================

coord:(42.079639285982054, 10.476437937406924, 30.02692733873749)->(41.466813441920124, 10.34124458376055, 29.414101494675524)
state:field-0, action:SA, timestep:109, reward:0.5083207938601557
==================================================

coord:(41.466813441920124, 10.34124458376055, 29.414101494675524)->(42.079639285982054, 10.476437937406924, 30.02692733873749)
state:field-0, action:WD, timestep:110, reward:-0.5083207938601557
==================================================

coord:(42.079639285982054, 10.476437937406924, 30.02692733873749)->(42.079639285982054, 10.476437937406924, 30.02692733873749)
state:field-0, action:Wait, timestep:111, reward:-0.0
==================================================

coord:(42.079639285982054, 10.476437937406924, 30.02692733873749)->(43.61170389613688, 10.34124458376055, 31.558991948892405)
state:field-0, action:WD, timestep:112, reward:-1.1389120091811726
==================================================

coord:(43.61170389613688, 10.34124458376055, 31.558991948892405)->(43.61170389613688, 10.34124458376055, 31.558991948892405)
state:field-0, action:Wait, timestep:113, reward:-0.0
==================================================

coord:(43.61170389613688, 10.34124458376055, 31.558991948892405)->(41.466813441920124, 10.34124458376055, 29.414101494675524)
state:field-0, action:SA, timestep:114, reward:1.6472328030413284
==================================================

coord:(41.466813441920124, 10.34124458376055, 29.414101494675524)->(42.079639285982054, 10.476437937406924, 30.02692733873749)
state:field-0, action:WD, timestep:115, reward:-0.5083207938601557
==================================================

coord:(42.079639285982054, 10.476437937406924, 30.02692733873749)->(42.079639285982054, 10.476437937406924, 30.02692733873749)
state:field-0, action:Wait, timestep:116, reward:-0.0
==================================================

coord:(42.079639285982054, 10.476437937406924, 30.02692733873749)->(43.61170389613688, 10.34124458376055, 31.558991948892405)
state:field-0, action:WD, timestep:117, reward:-1.1389120091811726
==================================================

coord:(43.61170389613688, 10.34124458376055, 31.558991948892405)->(41.466813441920124, 10.34124458376055, 29.414101494675524)
state:field-0, action:SA, timestep:118, reward:1.6472328030413284
==================================================

coord:(41.466813441920124, 10.34124458376055, 29.414101494675524)->(41.466813441920124, 10.34124458376055, 29.414101494675524)
state:field-0, action:Wait, timestep:119, reward:-0.0
==================================================

coord:(41.466813441920124, 10.34124458376055, 29.414101494675524)->(40.17987916939007, 9.946042388435208, 28.127167222145395)
state:field-0, action:SA, timestep:120, reward:0.9857366947152908
==================================================

coord:(40.17987916939007, 9.946042388435208, 28.127167222145395)->(40.17987916939007, 9.946042388435208, 28.127167222145395)
state:field-0, action:Wait, timestep:121, reward:-0.0
==================================================

coord:(40.17987916939007, 9.946042388435208, 28.127167222145395)->(41.099117935482965, 10.34124458376055, 29.046405988238345)
state:field-0, action:WD, timestep:122, reward:-0.7643646484428999
==================================================

coord:(41.099117935482965, 10.34124458376055, 29.046405988238345)->(41.099117935482965, 10.34124458376055, 29.046405988238345)
state:field-0, action:Wait, timestep:123, reward:-0.0
==================================================

coord:(41.099117935482965, 10.34124458376055, 29.046405988238345)->(41.099117935482965, 10.34124458376055, 29.046405988238345)
state:field-0, action:Wait, timestep:124, reward:-0.0
==================================================

coord:(41.099117935482965, 10.34124458376055, 29.046405988238345)->(41.099117935482965, 10.34124458376055, 29.046405988238345)
state:field-0, action:Wait, timestep:125, reward:-0.0
==================================================

coord:(41.099117935482965, 10.34124458376055, 29.046405988238345)->(42.079639285982054, 10.476437937406924, 30.02692733873749)
state:field-0, action:WD, timestep:126, reward:-0.7296928401325466
==================================================

coord:(42.079639285982054, 10.476437937406924, 30.02692733873749)->(43.61170389613688, 10.34124458376055, 31.558991948892405)
state:field-0, action:WD, timestep:127, reward:-1.1389120091811726
==================================================

coord:(43.61170389613688, 10.34124458376055, 31.558991948892405)->(41.466813441920124, 10.34124458376055, 29.414101494675524)
state:field-0, action:SA, timestep:128, reward:1.6472328030413284
==================================================

coord:(41.466813441920124, 10.34124458376055, 29.414101494675524)->(41.466813441920124, 10.34124458376055, 29.414101494675524)
state:field-0, action:Wait, timestep:129, reward:-0.0
==================================================

coord:(41.466813441920124, 10.34124458376055, 29.414101494675524)->(42.079639285982054, 10.476437937406924, 30.02692733873749)
state:field-0, action:WD, timestep:130, reward:-0.5083207938601557
==================================================

coord:(42.079639285982054, 10.476437937406924, 30.02692733873749)->(43.61170389613688, 10.34124458376055, 31.558991948892405)
state:field-0, action:WD, timestep:131, reward:-1.1389120091811726
==================================================

coord:(43.61170389613688, 10.34124458376055, 31.558991948892405)->(43.61170389613688, 10.34124458376055, 31.558991948892405)
state:field-0, action:Wait, timestep:132, reward:-0.0
==================================================

coord:(43.61170389613688, 10.34124458376055, 31.558991948892405)->(43.61170389613688, 10.34124458376055, 31.558991948892405)
state:field-0, action:Wait, timestep:133, reward:-0.0
==================================================

coord:(43.61170389613688, 10.34124458376055, 31.558991948892405)->(41.466813441920124, 10.34124458376055, 29.414101494675524)
state:field-0, action:SA, timestep:134, reward:1.6472328030413284
==================================================

coord:(41.466813441920124, 10.34124458376055, 29.414101494675524)->(42.079639285982054, 10.476437937406924, 30.02692733873749)
state:field-0, action:WD, timestep:135, reward:-0.5083207938601557
==================================================

coord:(42.079639285982054, 10.476437937406924, 30.02692733873749)->(41.466813441920124, 10.34124458376055, 29.414101494675524)
state:field-0, action:SA, timestep:136, reward:0.5083207938601557
==================================================

coord:(41.466813441920124, 10.34124458376055, 29.414101494675524)->(41.466813441920124, 10.34124458376055, 29.414101494675524)
state:field-0, action:Wait, timestep:137, reward:-0.0
==================================================

coord:(41.466813441920124, 10.34124458376055, 29.414101494675524)->(41.466813441920124, 10.34124458376055, 29.414101494675524)
state:field-0, action:Wait, timestep:138, reward:-0.0
==================================================

coord:(41.466813441920124, 10.34124458376055, 29.414101494675524)->(40.17987916939007, 9.946042388435208, 28.127167222145395)
state:field-0, action:SA, timestep:139, reward:0.9857366947152908
==================================================

coord:(40.17987916939007, 9.946042388435208, 28.127167222145395)->(41.099117935482965, 10.34124458376055, 29.046405988238345)
state:field-0, action:WD, timestep:140, reward:-0.7643646484428999
==================================================

coord:(41.099117935482965, 10.34124458376055, 29.046405988238345)->(42.079639285982054, 10.476437937406924, 30.02692733873749)
state:field-0, action:WD, timestep:141, reward:-0.7296928401325466
==================================================

coord:(42.079639285982054, 10.476437937406924, 30.02692733873749)->(41.466813441920124, 10.34124458376055, 29.414101494675524)
state:field-0, action:SA, timestep:142, reward:0.5083207938601557
==================================================

coord:(41.466813441920124, 10.34124458376055, 29.414101494675524)->(41.466813441920124, 10.34124458376055, 29.414101494675524)
state:field-0, action:Wait, timestep:143, reward:-0.0
==================================================

coord:(41.466813441920124, 10.34124458376055, 29.414101494675524)->(41.466813441920124, 10.34124458376055, 29.414101494675524)
state:field-0, action:Wait, timestep:144, reward:-0.0
==================================================

coord:(41.466813441920124, 10.34124458376055, 29.414101494675524)->(42.079639285982054, 10.476437937406924, 30.02692733873749)
state:field-0, action:WD, timestep:145, reward:-0.5083207938601557
==================================================

coord:(42.079639285982054, 10.476437937406924, 30.02692733873749)->(43.61170389613688, 10.34124458376055, 31.558991948892405)
state:field-0, action:WD, timestep:146, reward:-1.1389120091811726
==================================================

coord:(43.61170389613688, 10.34124458376055, 31.558991948892405)->(41.466813441920124, 10.34124458376055, 29.414101494675524)
state:field-0, action:SA, timestep:147, reward:1.6472328030413284
==================================================

coord:(41.466813441920124, 10.34124458376055, 29.414101494675524)->(41.466813441920124, 10.34124458376055, 29.414101494675524)
state:field-0, action:Wait, timestep:148, reward:-0.0
==================================================

coord:(41.466813441920124, 10.34124458376055, 29.414101494675524)->(42.079639285982054, 10.476437937406924, 30.02692733873749)
state:field-0, action:WD, timestep:149, reward:-0.5083207938601557
==================================================

coord:(42.079639285982054, 10.476437937406924, 30.02692733873749)->(42.079639285982054, 10.476437937406924, 30.02692733873749)
state:field-0, action:Wait, timestep:150, reward:-0.0
==================================================

coord:(42.079639285982054, 10.476437937406924, 30.02692733873749)->(42.079639285982054, 10.476437937406924, 30.02692733873749)
state:field-0, action:Wait, timestep:151, reward:-0.0
==================================================

coord:(42.079639285982054, 10.476437937406924, 30.02692733873749)->(43.61170389613688, 10.34124458376055, 31.558991948892405)
state:field-0, action:WD, timestep:152, reward:-1.1389120091811726
==================================================

coord:(43.61170389613688, 10.34124458376055, 31.558991948892405)->(41.466813441920124, 10.34124458376055, 29.414101494675524)
state:field-0, action:SA, timestep:153, reward:1.6472328030413284
==================================================

coord:(41.466813441920124, 10.34124458376055, 29.414101494675524)->(42.079639285982054, 10.476437937406924, 30.02692733873749)
state:field-0, action:WD, timestep:154, reward:-0.5083207938601557
==================================================

coord:(42.079639285982054, 10.476437937406924, 30.02692733873749)->(41.466813441920124, 10.34124458376055, 29.414101494675524)
state:field-0, action:SA, timestep:155, reward:0.5083207938601557
==================================================

coord:(41.466813441920124, 10.34124458376055, 29.414101494675524)->(41.466813441920124, 10.34124458376055, 29.414101494675524)
state:field-0, action:Wait, timestep:156, reward:-0.0
==================================================

coord:(41.466813441920124, 10.34124458376055, 29.414101494675524)->(40.17987916939007, 9.946042388435208, 28.127167222145395)
state:field-0, action:SA, timestep:157, reward:0.9857366947152908
==================================================

coord:(40.17987916939007, 9.946042388435208, 28.127167222145395)->(40.17987916939007, 9.946042388435208, 28.127167222145395)
state:field-0, action:Wait, timestep:158, reward:-0.0
==================================================

coord:(40.17987916939007, 9.946042388435208, 28.127167222145395)->(41.099117935482965, 10.34124458376055, 29.046405988238345)
state:field-0, action:WD, timestep:159, reward:-0.7643646484428999
==================================================

coord:(41.099117935482965, 10.34124458376055, 29.046405988238345)->(41.099117935482965, 10.34124458376055, 29.046405988238345)
state:field-0, action:Wait, timestep:160, reward:-0.0
==================================================

coord:(41.099117935482965, 10.34124458376055, 29.046405988238345)->(40.17987916939007, 9.946042388435208, 28.127167222145395)
state:field-0, action:SA, timestep:161, reward:0.7643646484428999
==================================================

coord:(40.17987916939007, 9.946042388435208, 28.127167222145395)->(40.17987916939007, 9.946042388435208, 28.127167222145395)
state:field-0, action:Wait, timestep:162, reward:-0.0
==================================================

coord:(40.17987916939007, 9.946042388435208, 28.127167222145395)->(41.099117935482965, 10.34124458376055, 29.046405988238345)
state:field-0, action:WD, timestep:163, reward:-0.7643646484428999
==================================================

coord:(41.099117935482965, 10.34124458376055, 29.046405988238345)->(42.079639285982054, 10.476437937406924, 30.02692733873749)
state:field-0, action:WD, timestep:164, reward:-0.7296928401325466
==================================================

coord:(42.079639285982054, 10.476437937406924, 30.02692733873749)->(41.466813441920124, 10.34124458376055, 29.414101494675524)
state:field-0, action:SA, timestep:165, reward:0.5083207938601557
==================================================

coord:(41.466813441920124, 10.34124458376055, 29.414101494675524)->(41.466813441920124, 10.34124458376055, 29.414101494675524)
state:field-0, action:Wait, timestep:166, reward:-0.0
==================================================

coord:(41.466813441920124, 10.34124458376055, 29.414101494675524)->(42.079639285982054, 10.476437937406924, 30.02692733873749)
state:field-0, action:WD, timestep:167, reward:-0.5083207938601557
==================================================

coord:(42.079639285982054, 10.476437937406924, 30.02692733873749)->(42.079639285982054, 10.476437937406924, 30.02692733873749)
state:field-0, action:Wait, timestep:168, reward:-0.0
==================================================

coord:(42.079639285982054, 10.476437937406924, 30.02692733873749)->(43.61170389613688, 10.34124458376055, 31.558991948892405)
state:field-0, action:WD, timestep:169, reward:-1.1389120091811726
==================================================

coord:(43.61170389613688, 10.34124458376055, 31.558991948892405)->(43.61170389613688, 10.34124458376055, 31.558991948892405)
state:field-0, action:Wait, timestep:170, reward:-0.0
==================================================

coord:(43.61170389613688, 10.34124458376055, 31.558991948892405)->(41.466813441920124, 10.34124458376055, 29.414101494675524)
state:field-0, action:SA, timestep:171, reward:1.6472328030413284
==================================================

coord:(41.466813441920124, 10.34124458376055, 29.414101494675524)->(41.466813441920124, 10.34124458376055, 29.414101494675524)
state:field-0, action:Wait, timestep:172, reward:-0.0
==================================================

coord:(41.466813441920124, 10.34124458376055, 29.414101494675524)->(40.17987916939007, 9.946042388435208, 28.127167222145395)
state:field-0, action:SA, timestep:173, reward:0.9857366947152908
==================================================

coord:(40.17987916939007, 9.946042388435208, 28.127167222145395)->(41.099117935482965, 10.34124458376055, 29.046405988238345)
state:field-0, action:WD, timestep:174, reward:-0.7643646484428999
==================================================

coord:(41.099117935482965, 10.34124458376055, 29.046405988238345)->(40.17987916939007, 9.946042388435208, 28.127167222145395)
state:field-0, action:SA, timestep:175, reward:0.7643646484428999
==================================================

coord:(40.17987916939007, 9.946042388435208, 28.127167222145395)->(41.099117935482965, 10.34124458376055, 29.046405988238345)
state:field-0, action:WD, timestep:176, reward:-0.7643646484428999
==================================================

coord:(41.099117935482965, 10.34124458376055, 29.046405988238345)->(42.079639285982054, 10.476437937406924, 30.02692733873749)
state:field-0, action:WD, timestep:177, reward:-0.7296928401325466
==================================================

coord:(42.079639285982054, 10.476437937406924, 30.02692733873749)->(43.61170389613688, 10.34124458376055, 31.558991948892405)
state:field-0, action:WD, timestep:178, reward:-1.1389120091811726
==================================================

coord:(43.61170389613688, 10.34124458376055, 31.558991948892405)->(44.898638168666935, 9.946042388435208, 32.84592622142249)
state:field-0, action:WD, timestep:179, reward:-0.9902473724481098
==================================================

coord:(44.898638168666935, 9.946042388435208, 32.84592622142249)->(43.97939940257404, 10.34124458376055, 31.926687455329585)
state:field-0, action:SA, timestep:180, reward:0.6573038616584164
==================================================

coord:(43.97939940257404, 10.34124458376055, 31.926687455329585)->(43.97939940257404, 10.34124458376055, 31.926687455329585)
state:field-0, action:Wait, timestep:181, reward:-0.0
==================================================

coord:(43.97939940257404, 10.34124458376055, 31.926687455329585)->(43.97939940257404, 10.34124458376055, 31.926687455329585)
state:field-0, action:Wait, timestep:182, reward:-0.0
==================================================

coord:(43.97939940257404, 10.34124458376055, 31.926687455329585)->(44.898638168666935, 9.946042388435208, 32.84592622142249)
state:field-0, action:WD, timestep:183, reward:-0.6573038616584164
==================================================

coord:(44.898638168666935, 9.946042388435208, 32.84592622142249)->(43.97939940257404, 10.34124458376055, 31.926687455329585)
state:field-0, action:SA, timestep:184, reward:0.6573038616584164
==================================================

coord:(43.97939940257404, 10.34124458376055, 31.926687455329585)->(44.898638168666935, 9.946042388435208, 32.84592622142249)
state:field-0, action:WD, timestep:185, reward:-0.6573038616584164
==================================================

coord:(44.898638168666935, 9.946042388435208, 32.84592622142249)->(44.898638168666935, 9.946042388435208, 32.84592622142249)
state:field-0, action:Wait, timestep:186, reward:-0.0
==================================================

coord:(44.898638168666935, 9.946042388435208, 32.84592622142249)->(43.97939940257404, 10.34124458376055, 31.926687455329585)
state:field-0, action:SA, timestep:187, reward:0.6573038616584164
==================================================

coord:(43.97939940257404, 10.34124458376055, 31.926687455329585)->(43.97939940257404, 10.34124458376055, 31.926687455329585)
state:field-0, action:Wait, timestep:188, reward:-0.0
==================================================

coord:(43.97939940257404, 10.34124458376055, 31.926687455329585)->(44.898638168666935, 9.946042388435208, 32.84592622142249)
state:field-0, action:WD, timestep:189, reward:-0.6573038616584164
==================================================

coord:(44.898638168666935, 9.946042388435208, 32.84592622142249)->(43.97939940257404, 10.34124458376055, 31.926687455329585)
state:field-0, action:SA, timestep:190, reward:0.6573038616584164
==================================================

coord:(43.97939940257404, 10.34124458376055, 31.926687455329585)->(41.466813441920124, 10.34124458376055, 29.414101494675524)
state:field-0, action:SA, timestep:191, reward:1.9801763138310218
==================================================

coord:(41.466813441920124, 10.34124458376055, 29.414101494675524)->(40.17987916939007, 9.946042388435208, 28.127167222145395)
state:field-0, action:SA, timestep:192, reward:0.9857366947152908
==================================================

coord:(40.17987916939007, 9.946042388435208, 28.127167222145395)->(41.099117935482965, 10.34124458376055, 29.046405988238345)
state:field-0, action:WD, timestep:193, reward:-0.7643646484428999
==================================================

coord:(41.099117935482965, 10.34124458376055, 29.046405988238345)->(40.17987916939007, 9.946042388435208, 28.127167222145395)
state:field-0, action:SA, timestep:194, reward:0.7643646484428999
==================================================

coord:(40.17987916939007, 9.946042388435208, 28.127167222145395)->(40.17987916939007, 9.946042388435208, 28.127167222145395)
state:field-0, action:Wait, timestep:195, reward:-0.0
==================================================

coord:(40.17987916939007, 9.946042388435208, 28.127167222145395)->(41.099117935482965, 10.34124458376055, 29.046405988238345)
state:field-0, action:WD, timestep:196, reward:-0.7643646484428999
==================================================

coord:(41.099117935482965, 10.34124458376055, 29.046405988238345)->(41.099117935482965, 10.34124458376055, 29.046405988238345)
state:field-0, action:Wait, timestep:197, reward:-0.0
==================================================

coord:(41.099117935482965, 10.34124458376055, 29.046405988238345)->(40.17987916939007, 9.946042388435208, 28.127167222145395)
state:field-0, action:SA, timestep:198, reward:0.7643646484428999
==================================================

coord:(40.17987916939007, 9.946042388435208, 28.127167222145395)->(41.099117935482965, 10.34124458376055, 29.046405988238345)
state:field-0, action:WD, timestep:199, reward:-0.7643646484428999
==================================================

coord:(41.099117935482965, 10.34124458376055, 29.046405988238345)->(40.17987916939007, 9.946042388435208, 28.127167222145395)
state:field-0, action:SA, timestep:200, reward:0.7643646484428999
==================================================

coord:(40.17987916939007, 9.946042388435208, 28.127167222145395)->(41.099117935482965, 10.34124458376055, 29.046405988238345)
state:field-0, action:WD, timestep:201, reward:-0.7643646484428999
==================================================

coord:(41.099117935482965, 10.34124458376055, 29.046405988238345)->(40.17987916939007, 9.946042388435208, 28.127167222145395)
state:field-0, action:SA, timestep:202, reward:0.7643646484428999
==================================================

coord:(40.17987916939007, 9.946042388435208, 28.127167222145395)->(40.17987916939007, 9.946042388435208, 28.127167222145395)
state:field-0, action:Wait, timestep:203, reward:-0.0
==================================================

coord:(40.17987916939007, 9.946042388435208, 28.127167222145395)->(40.17987916939007, 9.946042388435208, 28.127167222145395)
state:field-0, action:Wait, timestep:204, reward:-0.0
==================================================

coord:(40.17987916939007, 9.946042388435208, 28.127167222145395)->(40.17987916939007, 9.946042388435208, 28.127167222145395)
state:field-0, action:Wait, timestep:205, reward:-0.0
==================================================

coord:(40.17987916939007, 9.946042388435208, 28.127167222145395)->(41.099117935482965, 10.34124458376055, 29.046405988238345)
state:field-0, action:WD, timestep:206, reward:-0.7643646484428999
==================================================

coord:(41.099117935482965, 10.34124458376055, 29.046405988238345)->(42.079639285982054, 10.476437937406924, 30.02692733873749)
state:field-0, action:WD, timestep:207, reward:-0.7296928401325466
==================================================

coord:(42.079639285982054, 10.476437937406924, 30.02692733873749)->(43.61170389613688, 10.34124458376055, 31.558991948892405)
state:field-0, action:WD, timestep:208, reward:-1.1389120091811726
==================================================

coord:(43.61170389613688, 10.34124458376055, 31.558991948892405)->(44.898638168666935, 9.946042388435208, 32.84592622142249)
state:field-0, action:WD, timestep:209, reward:-0.9902473724481098
==================================================

coord:(44.898638168666935, 9.946042388435208, 32.84592622142249)->(44.898638168666935, 9.946042388435208, 32.84592622142249)
state:field-0, action:Wait, timestep:210, reward:-0.0
==================================================

coord:(44.898638168666935, 9.946042388435208, 32.84592622142249)->(43.97939940257404, 10.34124458376055, 31.926687455329585)
state:field-0, action:SA, timestep:211, reward:0.6573038616584164
==================================================

coord:(43.97939940257404, 10.34124458376055, 31.926687455329585)->(44.898638168666935, 9.946042388435208, 32.84592622142249)
state:field-0, action:WD, timestep:212, reward:-0.6573038616584164
==================================================

coord:(44.898638168666935, 9.946042388435208, 32.84592622142249)->(44.898638168666935, 9.946042388435208, 32.84592622142249)
state:field-0, action:Wait, timestep:213, reward:-0.0
==================================================

coord:(44.898638168666935, 9.946042388435208, 32.84592622142249)->(43.97939940257404, 10.34124458376055, 31.926687455329585)
state:field-0, action:SA, timestep:214, reward:0.6573038616584164
==================================================

coord:(43.97939940257404, 10.34124458376055, 31.926687455329585)->(41.466813441920124, 10.34124458376055, 29.414101494675524)
state:field-0, action:SA, timestep:215, reward:1.9801763138310218
==================================================

coord:(41.466813441920124, 10.34124458376055, 29.414101494675524)->(40.17987916939007, 9.946042388435208, 28.127167222145395)
state:field-0, action:SA, timestep:216, reward:0.9857366947152908
==================================================

coord:(40.17987916939007, 9.946042388435208, 28.127167222145395)->(41.099117935482965, 10.34124458376055, 29.046405988238345)
state:field-0, action:WD, timestep:217, reward:-0.7643646484428999
==================================================

coord:(41.099117935482965, 10.34124458376055, 29.046405988238345)->(40.17987916939007, 9.946042388435208, 28.127167222145395)
state:field-0, action:SA, timestep:218, reward:0.7643646484428999
==================================================

coord:(40.17987916939007, 9.946042388435208, 28.127167222145395)->(41.099117935482965, 10.34124458376055, 29.046405988238345)
state:field-0, action:WD, timestep:219, reward:-0.7643646484428999
==================================================

coord:(41.099117935482965, 10.34124458376055, 29.046405988238345)->(40.17987916939007, 9.946042388435208, 28.127167222145395)
state:field-0, action:SA, timestep:220, reward:0.7643646484428999
==================================================

coord:(40.17987916939007, 9.946042388435208, 28.127167222145395)->(40.17987916939007, 9.946042388435208, 28.127167222145395)
state:field-0, action:Wait, timestep:221, reward:-0.0
==================================================

coord:(40.17987916939007, 9.946042388435208, 28.127167222145395)->(40.17987916939007, 9.946042388435208, 28.127167222145395)
state:field-0, action:Wait, timestep:222, reward:-0.0
==================================================

coord:(40.17987916939007, 9.946042388435208, 28.127167222145395)->(40.17987916939007, 9.946042388435208, 28.127167222145395)
state:field-0, action:Wait, timestep:223, reward:-0.0
==================================================

coord:(40.17987916939007, 9.946042388435208, 28.127167222145395)->(41.099117935482965, 10.34124458376055, 29.046405988238345)
state:field-0, action:WD, timestep:224, reward:-0.7643646484428999
==================================================

coord:(41.099117935482965, 10.34124458376055, 29.046405988238345)->(40.17987916939007, 9.946042388435208, 28.127167222145395)
state:field-0, action:SA, timestep:225, reward:0.7643646484428999
==================================================

coord:(40.17987916939007, 9.946042388435208, 28.127167222145395)->(40.17987916939007, 9.946042388435208, 28.127167222145395)
state:field-0, action:Wait, timestep:226, reward:-0.0
==================================================

coord:(40.17987916939007, 9.946042388435208, 28.127167222145395)->(41.099117935482965, 10.34124458376055, 29.046405988238345)
state:field-0, action:WD, timestep:227, reward:-0.7643646484428999
==================================================

coord:(41.099117935482965, 10.34124458376055, 29.046405988238345)->(42.079639285982054, 10.476437937406924, 30.02692733873749)
state:field-0, action:WD, timestep:228, reward:-0.7296928401325466
==================================================

coord:(42.079639285982054, 10.476437937406924, 30.02692733873749)->(41.466813441920124, 10.34124458376055, 29.414101494675524)
state:field-0, action:SA, timestep:229, reward:0.5083207938601557
==================================================

coord:(41.466813441920124, 10.34124458376055, 29.414101494675524)->(42.079639285982054, 10.476437937406924, 30.02692733873749)
state:field-0, action:WD, timestep:230, reward:-0.5083207938601557
==================================================

coord:(42.079639285982054, 10.476437937406924, 30.02692733873749)->(42.079639285982054, 10.476437937406924, 30.02692733873749)
state:field-0, action:Wait, timestep:231, reward:-0.0
==================================================

coord:(42.079639285982054, 10.476437937406924, 30.02692733873749)->(41.466813441920124, 10.34124458376055, 29.414101494675524)
state:field-0, action:SA, timestep:232, reward:0.5083207938601557
==================================================

coord:(41.466813441920124, 10.34124458376055, 29.414101494675524)->(41.466813441920124, 10.34124458376055, 29.414101494675524)
state:field-0, action:Wait, timestep:233, reward:-0.0
==================================================

coord:(41.466813441920124, 10.34124458376055, 29.414101494675524)->(41.466813441920124, 10.34124458376055, 29.414101494675524)
state:field-0, action:Wait, timestep:234, reward:-0.0
==================================================

coord:(41.466813441920124, 10.34124458376055, 29.414101494675524)->(42.079639285982054, 10.476437937406924, 30.02692733873749)
state:field-0, action:WD, timestep:235, reward:-0.5083207938601557
==================================================

coord:(42.079639285982054, 10.476437937406924, 30.02692733873749)->(43.61170389613688, 10.34124458376055, 31.558991948892405)
state:field-0, action:WD, timestep:236, reward:-1.1389120091811726
==================================================

coord:(43.61170389613688, 10.34124458376055, 31.558991948892405)->(43.61170389613688, 10.34124458376055, 31.558991948892405)
state:field-0, action:Wait, timestep:237, reward:-0.0
==================================================

coord:(43.61170389613688, 10.34124458376055, 31.558991948892405)->(43.61170389613688, 10.34124458376055, 31.558991948892405)
state:field-0, action:Wait, timestep:238, reward:-0.0
==================================================

coord:(43.61170389613688, 10.34124458376055, 31.558991948892405)->(44.898638168666935, 9.946042388435208, 32.84592622142249)
state:field-0, action:WD, timestep:239, reward:-0.9902473724481098
==================================================

coord:(44.898638168666935, 9.946042388435208, 32.84592622142249)->(44.898638168666935, 9.946042388435208, 32.84592622142249)
state:field-0, action:Wait, timestep:240, reward:-0.0
==================================================

coord:(44.898638168666935, 9.946042388435208, 32.84592622142249)->(43.97939940257404, 10.34124458376055, 31.926687455329585)
state:field-0, action:SA, timestep:241, reward:0.6573038616584164
==================================================

coord:(43.97939940257404, 10.34124458376055, 31.926687455329585)->(41.466813441920124, 10.34124458376055, 29.414101494675524)
state:field-0, action:SA, timestep:242, reward:1.9801763138310218
==================================================

coord:(41.466813441920124, 10.34124458376055, 29.414101494675524)->(42.079639285982054, 10.476437937406924, 30.02692733873749)
state:field-0, action:WD, timestep:243, reward:-0.5083207938601557
==================================================

coord:(42.079639285982054, 10.476437937406924, 30.02692733873749)->(42.079639285982054, 10.476437937406924, 30.02692733873749)
state:field-0, action:Wait, timestep:244, reward:-0.0
==================================================

coord:(42.079639285982054, 10.476437937406924, 30.02692733873749)->(43.61170389613688, 10.34124458376055, 31.558991948892405)
state:field-0, action:WD, timestep:245, reward:-1.1389120091811726
==================================================

coord:(43.61170389613688, 10.34124458376055, 31.558991948892405)->(43.61170389613688, 10.34124458376055, 31.558991948892405)
state:field-0, action:Wait, timestep:246, reward:-0.0
==================================================

coord:(43.61170389613688, 10.34124458376055, 31.558991948892405)->(43.61170389613688, 10.34124458376055, 31.558991948892405)
state:field-0, action:Wait, timestep:247, reward:-0.0
==================================================

coord:(43.61170389613688, 10.34124458376055, 31.558991948892405)->(41.466813441920124, 10.34124458376055, 29.414101494675524)
state:field-0, action:SA, timestep:248, reward:1.6472328030413284
==================================================

coord:(41.466813441920124, 10.34124458376055, 29.414101494675524)->(41.466813441920124, 10.34124458376055, 29.414101494675524)
state:field-0, action:Wait, timestep:249, reward:-0.0
==================================================

coord:(41.466813441920124, 10.34124458376055, 29.414101494675524)->(40.17987916939007, 9.946042388435208, 28.127167222145395)
state:field-0, action:SA, timestep:250, reward:0.9857366947152908
==================================================

coord:(40.17987916939007, 9.946042388435208, 28.127167222145395)->(41.099117935482965, 10.34124458376055, 29.046405988238345)
state:field-0, action:WD, timestep:251, reward:-0.7643646484428999
==================================================

coord:(41.099117935482965, 10.34124458376055, 29.046405988238345)->(41.099117935482965, 10.34124458376055, 29.046405988238345)
state:field-0, action:Wait, timestep:252, reward:-0.0
==================================================

coord:(41.099117935482965, 10.34124458376055, 29.046405988238345)->(40.17987916939007, 9.946042388435208, 28.127167222145395)
state:field-0, action:SA, timestep:253, reward:0.7643646484428999
==================================================

coord:(40.17987916939007, 9.946042388435208, 28.127167222145395)->(40.17987916939007, 9.946042388435208, 28.127167222145395)
state:field-0, action:Wait, timestep:254, reward:-0.0
==================================================

coord:(40.17987916939007, 9.946042388435208, 28.127167222145395)->(40.17987916939007, 9.946042388435208, 28.127167222145395)
state:field-0, action:Wait, timestep:255, reward:-0.0
==================================================

coord:(40.17987916939007, 9.946042388435208, 28.127167222145395)->(40.17987916939007, 9.946042388435208, 28.127167222145395)
state:field-0, action:Wait, timestep:256, reward:-0.0
==================================================

coord:(40.17987916939007, 9.946042388435208, 28.127167222145395)->(40.17987916939007, 9.946042388435208, 28.127167222145395)
state:timeout-0, action:S, timestep:257, reward:-999999
==================================================

