coord:(3.0, 20.0, 30.0)->(3.0, 20.0, 30.0)
state:field-4, action:Wait, timestep:1, reward:-0.0
==================================================

coord:(3.0, 20.0, 30.0)->(3.0, 20.42466668446859, 25.999999999999943)
state:field-4.0, action:Asj, timestep:2, reward:1.9853566257932478
==================================================

coord:(3.0, 20.42466668446859, 25.999999999999943)->(3.0, 20.42466668446859, 25.999999999999943)
state:air-9.0, action:j, timestep:3, reward:-6.587526506507402e-07
==================================================

coord:(3.0, 20.42466668446859, 25.999999999999943)->(8.199999809265126, 16.524666827519738, 25.999999999999943)
state:parachute-19.0, action:W, timestep:4, reward:3.543678673707962
==================================================

coord:(8.199999809265126, 16.524666827519738, 25.999999999999943)->(8.199999809265126, 16.524666827519738, 25.999999999999943)
state:parachute-19.0, action:Aj, timestep:5, reward:3.900165559400648e-07
==================================================

coord:(8.199999809265126, 16.524666827519738, 25.999999999999943)->(8.199999809265126, 19.124666732152377, 26.049999999999944)
state:wall-14.0, action:Wj, timestep:6, reward:-2.13392025596411
==================================================

coord:(8.199999809265126, 19.124666732152377, 26.049999999999944)->(8.199999809265126, 19.124666732152377, 26.049999999999944)
state:air-9.0, action:j, timestep:7, reward:4.1359155389386615e-07
==================================================

coord:(8.199999809265126, 19.124666732152377, 26.049999999999944)->(8.199999809265126, 16.134666841824924, 30.036666520436494)
state:parachute-19.0, action:D, timestep:8, reward:-0.3349058972545116
==================================================

coord:(8.199999809265126, 16.134666841824924, 30.036666520436494)->(8.199999809265126, 7.99168410585728, 30.036666520436494)
state:air-8.0, action:Wait, timestep:9, reward:4.281143768671505
==================================================

coord:(8.199999809265126, 7.99168410585728, 30.036666520436494)->(8.199999809265126, 6.691684153541013, 30.036666520436494)
state:wall-13.0, action:S, timestep:10, reward:0.3971823799044252
==================================================

coord:(8.199999809265126, 6.691684153541013, 30.036666520436494)->(8.199999809265126, 3.107298164943507, 30.036666520436494)
state:air-8.0, action:Wait, timestep:11, reward:0.5599137154793912
==================================================

coord:(8.199999809265126, 3.107298164943507, 30.036666520436494)->(6.149390236536651, 3.8493759556276776, 27.986056947708047)
state:field-3.0, action:SAsj, timestep:12, reward:2.012881323626086
==================================================

coord:(6.149390236536651, 3.8493759556276776, 27.986056947708047)->(6.149390236536651, 0.9716661785692532, 27.986056947708047)
state:air-8.0, action:Wait, timestep:13, reward:-0.019116877298383628
==================================================

coord:(6.149390236536651, 0.9716661785692532, 27.986056947708047)->(6.149390236536651, 1.4206047174897594, 28.086056947708048)
state:field-3.0, action:Dsj, timestep:14, reward:-0.054787129446323135
==================================================

coord:(6.149390236536651, 1.4206047174897594, 28.086056947708048)->(6.149390236536651, 0.6494767016961985, 26.352723677953026)
state:field-3.0, action:A, timestep:15, reward:1.6242531424639868
==================================================

coord:(6.149390236536651, 0.6494767016961985, 26.352723677953026)->(6.149390236536651, 0.6494767016961985, 26.352723677953026)
state:field-3.0, action:j, timestep:16, reward:-1.305462671297164e-07
==================================================

coord:(6.149390236536651, 0.6494767016961985, 26.352723677953026)->(10.849390236536635, 0.7121196179052162, 26.352723677953026)
state:field-3.0, action:Wsj, timestep:17, reward:-0.5862447465067735
==================================================

coord:(10.849390236536635, 0.7121196179052162, 26.352723677953026)->(11.369390217463152, 0.6879500950990832, 26.352723677953026)
state:field-3.0, action:W, timestep:18, reward:-0.1785822901737859
==================================================

coord:(11.369390217463152, 0.6879500950990832, 26.352723677953026)->(9.672334019343015, 1.5756556020730843, 28.04977987607312)
state:field-3.0, action:SDsj, timestep:19, reward:-1.054060727557097
==================================================

coord:(9.672334019343015, 1.5756556020730843, 28.04977987607312)->(8.682384570439602, 2.225468487488301, 29.03972932497651)
state:field-3.0, action:SDs, timestep:20, reward:-0.7903364755154652
==================================================

coord:(8.682384570439602, 2.225468487488301, 29.03972932497651)->(11.746513790749344, 0.7302882224192822, 25.97560010466668)
state:field-2.0, action:WAj, timestep:21, reward:2.054932059498956
==================================================

coord:(11.746513790749344, 0.7302882224192822, 25.97560010466668)->(11.746513790749344, 0.44937207604577917, 25.97560010466668)
state:air-7.0, action:Wait, timestep:22, reward:-0.04425199700853355
==================================================

coord:(11.746513790749344, 0.44937207604577917, 25.97560010466668)->(16.84651379074934, 0.26771077733686593, 25.97560010466668)
state:field-2.0, action:Wsj, timestep:23, reward:-2.780625144144409
==================================================

coord:(16.84651379074934, 0.26771077733686593, 25.97560010466668)->(12.246513790749344, 0.4242410835666076, 25.97560010466668)
state:field-2.0, action:Ssj, timestep:24, reward:2.572225922142035
==================================================

coord:(12.246513790749344, 0.4242410835666076, 25.97560010466668)->(9.182384570439602, 1.5756556020730843, 29.03972932497651)
state:field-1.0, action:SD, timestep:25, reward:-1.8977017672163559
==================================================

coord:(9.182384570439602, 1.5756556020730843, 29.03972932497651)->(9.182384570439602, 2.251231312624097, 29.03972932497651)
state:air-7.0, action:Wait, timestep:26, reward:0.027739944989376042
==================================================

coord:(9.182384570439602, 2.251231312624097, 29.03972932497651)->(9.182384570439602, 2.251231312624097, 29.03972932497651)
state:field-2.0, action:Wait, timestep:27, reward:4.2014806744816724e-07
==================================================

coord:(9.182384570439602, 2.251231312624097, 29.03972932497651)->(8.201863219940485, 3.107298164943507, 30.020250675475655)
state:field-2.0, action:SDj, timestep:28, reward:-0.8701218477472814
==================================================

coord:(8.201863219940485, 3.107298164943507, 30.020250675475655)->(7.466472207066139, 3.001835666825593, 30.755641688350014)
state:field-2.0, action:SD, timestep:29, reward:-0.6900195458435139
==================================================

coord:(7.466472207066139, 3.001835666825593, 30.755641688350014)->(7.466472207066139, 3.001835666825593, 30.755641688350014)
state:field-2.0, action:Wait, timestep:30, reward:6.170043143072235e-08
==================================================

coord:(7.466472207066139, 3.001835666825593, 30.755641688350014)->(7.466472207066139, 4.095916076090375, 31.015641678813267)
state:field-2.0, action:Dj, timestep:31, reward:-0.3313539917237307
==================================================

coord:(7.466472207066139, 4.095916076090375, 31.015641678813267)->(6.4058120832410665, 4.765582749432763, 29.95498155498821)
state:field-2.0, action:SAsj, timestep:32, reward:0.9643059069508286
==================================================

coord:(6.4058120832410665, 4.765582749432763, 29.95498155498821)->(6.4058120832410665, 2.0297010454992286, 29.95498155498821)
state:air-6.0, action:Wait, timestep:33, reward:0.1635690957060234
==================================================

coord:(6.4058120832410665, 2.0297010454992286, 29.95498155498821)->(10.392478603677683, 2.225468487488301, 29.95498155498821)
state:field-1.0, action:W, timestep:34, reward:-0.36326304362381556
==================================================

coord:(10.392478603677683, 2.225468487488301, 29.95498155498821)->(10.392478603677683, 1.0413018208216345, 25.95498155498815)
state:field-1.0, action:As, timestep:35, reward:3.7770304428506325
==================================================

coord:(10.392478603677683, 1.0413018208216345, 25.95498155498815)->(10.392478603677683, 0.4651597163380061, 25.95498155498815)
state:air-6.0, action:Wait, timestep:36, reward:-0.08660595373496527
==================================================

coord:(10.392478603677683, 0.4651597163380061, 25.95498155498815)->(10.453761188083877, 0.7121196179052162, 26.016264139394348)
state:field-1.0, action:WDj, timestep:37, reward:-0.035285617931856805
==================================================

coord:(10.453761188083877, 0.7121196179052162, 26.016264139394348)->(15.653761188083859, 0.4759917663608099, 26.016264139394348)
state:field-1.0, action:Wsj, timestep:38, reward:-2.471659760903565
==================================================

coord:(15.653761188083859, 0.4759917663608099, 26.016264139394348)->(17.737369057894533, 0.7543038227243063, 28.099872009205033)
state:field-1.0, action:WDj, timestep:39, reward:-2.8736469145278107
==================================================

coord:(17.737369057894533, 0.7543038227243063, 28.099872009205033)->(18.93736905789455, 0.6778348795001161, 28.099872009205033)
state:field-1.0, action:Ws, timestep:40, reward:-0.7887247214021151
==================================================

coord:(18.93736905789455, 0.6778348795001161, 28.099872009205033)->(21.020976927705235, 2.0159633174808635, 26.016264139394348)
state:field-0.0, action:WA, timestep:41, reward:-0.021291617679171537
==================================================

coord:(21.020976927705235, 2.0159633174808635, 26.016264139394348)->(21.020976927705235, 2.747638116270579, 26.016264139394348)
state:air-6.0, action:Wait, timestep:42, reward:0.004746691158185712
==================================================

coord:(21.020976927705235, 2.747638116270579, 26.016264139394348)->(18.970367354976787, 1.7186381162705795, 28.066873712122796)
state:field-1.0, action:SDs, timestep:43, reward:0.09470951167197939
==================================================

coord:(18.970367354976787, 1.7186381162705795, 28.066873712122796)->(18.970367354976787, 0.6778348795001161, 28.066873712122796)
state:air-5.0, action:Wait, timestep:44, reward:-0.07607274552204046
==================================================

coord:(18.970367354976787, 0.6778348795001161, 28.066873712122796)->(20.01217128988213, 1.0718888049348345, 29.108677647028138)
state:field-0.0, action:WD, timestep:45, reward:-1.4317227853905052
==================================================

coord:(20.01217128988213, 1.0718888049348345, 29.108677647028138)->(20.01217128988213, 0.6215418536877543, 31.362010897709666)
state:field-0.0, action:D, timestep:46, reward:-1.7434359692691537
==================================================

coord:(20.01217128988213, 0.6215418536877543, 31.362010897709666)->(20.01217128988213, 1.3562888280233438, 28.362010897709624)
state:field-0.0, action:Asj, timestep:47, reward:2.303427939340576
==================================================

coord:(20.01217128988213, 1.3562888280233438, 28.362010897709624)->(20.01217128988213, 1.6741581492352313, 27.962010897709618)
state:field-0.0, action:Asj, timestep:48, reward:0.30088450695783564
==================================================

coord:(20.01217128988213, 1.6741581492352313, 27.962010897709618)->(20.01217128988213, 3.308610751406032, 22.762011088444552)
state:field-0.0, action:A, timestep:49, reward:3.211888660564897
==================================================

coord:(20.01217128988213, 3.308610751406032, 22.762011088444552)->(21.052171251735142, 4.509439697457267, 22.762011088444552)
state:field-0.0, action:Wj, timestep:50, reward:-1.0058937690506227
==================================================

coord:(21.052171251735142, 4.509439697457267, 22.762011088444552)->(19.92550462639438, 5.227126358482947, 22.762011088444552)
state:field-0.0, action:Sj, timestep:51, reward:0.85685485916804
==================================================

coord:(19.92550462639438, 5.227126358482947, 22.762011088444552)->(19.92550462639438, 2.3681576868128444, 22.762011088444552)
state:air-5.0, action:Wait, timestep:52, reward:0.24454569561318884
==================================================

coord:(19.92550462639438, 2.3681576868128444, 22.762011088444552)->(20.02550462639438, 3.308610751406032, 22.762011088444552)
state:field-0.0, action:Wsj, timestep:53, reward:-0.10694133109203285
==================================================

coord:(20.02550462639438, 3.308610751406032, 22.762011088444552)->(17.974895053665932, 2.279610751406032, 20.711401515716105)
state:field-0.0, action:SAs, timestep:54, reward:2.810546233982599
==================================================

coord:(17.974895053665932, 2.279610751406032, 20.711401515716105)->(17.974895053665932, 1.2436513637765316, 20.711401515716105)
state:air-5.0, action:Wait, timestep:55, reward:-0.061454700572818766
==================================================

coord:(17.974895053665932, 1.2436513637765316, 20.711401515716105)->(17.974895053665932, 1.0327911462574286, 15.61140151571604)
state:field-0.0, action:Asj, timestep:56, reward:1.3463845320022951
==================================================

coord:(17.974895053665932, 1.0327911462574286, 15.61140151571604)->(17.974895053665932, 1.2436513637765316, 20.378068007542357)
state:field-0.0, action:D, timestep:57, reward:-1.1968588582934672
==================================================

coord:(17.974895053665932, 1.2436513637765316, 20.378068007542357)->(19.690807417039437, 2.614828605119289, 18.662155644168852)
state:field-0.0, action:WA, timestep:58, reward:-0.9232240519280097
==================================================

coord:(19.690807417039437, 2.614828605119289, 18.662155644168852)->(19.690807417039437, 2.614828605119289, 20.482155577411625)
state:field-0.0, action:D, timestep:59, reward:-0.6156203039639543
==================================================

coord:(19.690807417039437, 2.614828605119289, 20.482155577411625)->(17.362069209603966, 1.2436513637765316, 18.153417369976154)
state:field-0.0, action:SA, timestep:60, reward:2.9211670046878293
==================================================

coord:(17.362069209603966, 1.2436513637765316, 18.153417369976154)->(17.362069209603966, 1.1982885833176193, 17.546750725561896)
state:field-0.0, action:A, timestep:61, reward:0.15435744319255917
==================================================

coord:(17.362069209603966, 1.1982885833176193, 17.546750725561896)->(20.04873577772425, 2.5194514766035314, 17.546750725561896)
state:field-0.0, action:W, timestep:62, reward:-2.5457092260710255
==================================================

coord:(20.04873577772425, 2.5194514766035314, 17.546750725561896)->(20.04873577772425, 3.519986988009651, 17.546750725561896)
state:air-5.0, action:Wait, timestep:63, reward:-0.03924205154152105
==================================================

coord:(20.04873577772425, 3.519986988009651, 17.546750725561896)->(21.029257128223396, 4.509439697457267, 16.56622937506275)
state:field-0.0, action:WA, timestep:64, reward:-0.9248672010619359
==================================================

coord:(21.029257128223396, 4.509439697457267, 16.56622937506275)->(19.989257166370383, 4.256409160463923, 16.56622937506275)
state:field-0.0, action:S, timestep:65, reward:1.0580219630595806
==================================================

coord:(19.989257166370383, 4.256409160463923, 16.56622937506275)->(19.989257166370383, 2.3681576868128444, 16.56622937506275)
state:air-5.0, action:Wait, timestep:66, reward:0.11706413148186101
==================================================

coord:(19.989257166370383, 2.3681576868128444, 16.56622937506275)->(21.031061101275725, 3.211999091826755, 15.524425440157422)
state:field-0.0, action:WA, timestep:67, reward:-0.9750432195765377
==================================================

coord:(21.031061101275725, 3.211999091826755, 15.524425440157422)->(21.031061101275725, 4.134938453916275, 15.524425440157422)
state:air-5.0, action:Wait, timestep:68, reward:-0.07698833737487654
==================================================

coord:(21.031061101275725, 4.134938453916275, 15.524425440157422)->(23.024394361494, 5.497785660273409, 15.524425440157422)
state:field-0.0, action:W, timestep:69, reward:-2.1752685117703265
==================================================

coord:(23.024394361494, 5.497785660273409, 15.524425440157422)->(23.024394361494, 7.130966662261207, 15.524425440157422)
state:air-5.0, action:Wait, timestep:70, reward:-0.37779200639174704
==================================================

coord:(23.024394361494, 7.130966662261207, 15.524425440157422)->(22.47285110183823, 7.002151116155504, 14.972882180501669)
state:field-0.0, action:SA, timestep:71, reward:0.5738119857613881
==================================================

coord:(22.47285110183823, 7.002151116155504, 14.972882180501669)->(22.47285110183823, 4.917859506649682, 14.972882180501669)
state:air-5.0, action:Wait, timestep:72, reward:0.45422900290467005
==================================================

coord:(22.47285110183823, 4.917859506649682, 14.972882180501669)->(20.14411289440276, 3.519986988009651, 17.30162038793711)
state:field-0.0, action:SD, timestep:73, reward:2.2778114832086125
==================================================

coord:(20.14411289440276, 3.519986988009651, 17.30162038793711)->(20.14411289440276, 3.308610751406032, 16.001620435620843)
state:field-0.0, action:A, timestep:74, reward:0.17607133042148426
==================================================

coord:(20.14411289440276, 3.308610751406032, 16.001620435620843)->(17.977446307208982, 2.1446702812366447, 16.001620435620843)
state:field-0.0, action:S, timestep:75, reward:2.178458771109108
==================================================

coord:(17.977446307208982, 2.1446702812366447, 16.001620435620843)->(17.977446307208982, 1.126331007346584, 16.001620435620843)
state:air-5.0, action:Wait, timestep:76, reward:-0.07930855377673396
==================================================

coord:(17.977446307208982, 1.126331007346584, 16.001620435620843)->(17.977446307208982, 1.0327911462574286, 15.30828712771882)
state:field-0.0, action:A, timestep:77, reward:0.028977907126707336
==================================================

coord:(17.977446307208982, 1.0327911462574286, 15.30828712771882)->(17.11949012552223, 0.9238486312238533, 14.450330946032093)
state:field-0.0, action:SA, timestep:78, reward:0.8231654236446229
==================================================

coord:(17.11949012552223, 0.9238486312238533, 14.450330946032093)->(18.03872889161518, 1.1835383784864664, 13.53109217993917)
state:field-0.0, action:WA, timestep:79, reward:-0.9574269938272106
==================================================

coord:(18.03872889161518, 1.1835383784864664, 13.53109217993917)->(20.061054177019667, 2.171486246874829, 15.5534174653436)
state:field-0.0, action:WD, timestep:80, reward:-1.8635545194015215
==================================================

coord:(20.061054177019667, 2.171486246874829, 15.5534174653436)->(20.061054177019667, 3.0338362951707407, 15.5534174653436)
state:air-5.0, action:Wait, timestep:81, reward:-0.006932416228789151
==================================================

coord:(20.061054177019667, 3.0338362951707407, 15.5534174653436)->(22.054387437237942, 4.134938453916275, 15.5534174653436)
state:field-0.0, action:W, timestep:82, reward:-2.0695143380470977
==================================================

coord:(22.054387437237942, 4.134938453916275, 15.5534174653436)->(22.054387437237942, 5.497785660273409, 15.5534174653436)
state:air-5.0, action:Wait, timestep:83, reward:-0.20713658177356287
==================================================

coord:(22.054387437237942, 5.497785660273409, 15.5534174653436)->(22.054387437237942, 5.497785660273409, 15.5534174653436)
state:field-0.0, action:Wait, timestep:84, reward:-4.275987581792151e-07
==================================================

coord:(22.054387437237942, 5.497785660273409, 15.5534174653436)->(22.054387437237942, 5.497785660273409, 15.5534174653436)
state:field-0.0, action:Wait, timestep:85, reward:-4.275987581792151e-07
==================================================

coord:(22.054387437237942, 5.497785660273409, 15.5534174653436)->(22.054387437237942, 4.333845190104027, 12.953417560711014)
state:field-0.0, action:A, timestep:86, reward:0.05698248729843236
==================================================

coord:(22.054387437237942, 4.333845190104027, 12.953417560711014)->(22.054387437237942, 3.6532406959880954, 12.953417560711014)
state:air-5.0, action:Wait, timestep:87, reward:0.06668056338179618
==================================================

coord:(22.054387437237942, 3.6532406959880954, 12.953417560711014)->(23.034908787737088, 4.291471953364964, 13.93393891121013)
state:field-0.0, action:WD, timestep:88, reward:-0.9333720406756534
==================================================

coord:(23.034908787737088, 4.291471953364964, 13.93393891121013)->(23.034908787737088, 5.566303476071249, 13.93393891121013)
state:air-5.0, action:Wait, timestep:89, reward:-0.1905647835389992
==================================================

coord:(23.034908787737088, 5.566303476071249, 13.93393891121013)->(21.994908825884075, 5.313272939077905, 13.93393891121013)
state:field-0.0, action:S, timestep:90, reward:1.0665018371890689
==================================================

coord:(21.994908825884075, 5.313272939077905, 13.93393891121013)->(21.994908825884075, 3.2276580973492344, 13.93393891121013)
state:air-5.0, action:Wait, timestep:91, reward:0.24371472502333624
==================================================

coord:(21.994908825884075, 3.2276580973492344, 13.93393891121013)->(21.994908825884075, 2.2817779984468363, 11.160605679602039)
state:field-0.0, action:A, timestep:92, reward:-0.42966242189400283
==================================================

coord:(21.994908825884075, 2.2817779984468363, 11.160605679602039)->(21.994908825884075, 1.4609206979633587, 9.253939082871476)
state:field-0.0, action:A, timestep:93, reward:-0.6114402671978496
==================================================

coord:(21.994908825884075, 1.4609206979633587, 9.253939082871476)->(23.772103773663776, 3.187927586082057, 11.031134030651126)
state:field-0.0, action:WD, timestep:94, reward:-1.1575359978428885
==================================================

coord:(23.772103773663776, 3.187927586082057, 11.031134030651126)->(23.772103773663776, 3.935072557656734, 11.031134030651126)
state:air-5.0, action:Wait, timestep:95, reward:-0.046026067982118946
==================================================

coord:(23.772103773663776, 3.935072557656734, 11.031134030651126)->(20.99877054205574, 2.7711320874873473, 11.031134030651126)
state:field-0.0, action:S, timestep:96, reward:2.7420559288823316
==================================================

coord:(20.99877054205574, 2.7711320874873473, 11.031134030651126)->(20.99877054205574, 1.6741581492352313, 11.031134030651126)
state:air-5.0, action:Wait, timestep:97, reward:-0.020703261909529758
==================================================

coord:(20.99877054205574, 1.6741581492352313, 11.031134030651126)->(20.14081436036899, 1.3562888280233438, 10.173177848964398)
state:field-0.0, action:SA, timestep:98, reward:0.5280943261880537
==================================================

coord:(20.14081436036899, 1.3562888280233438, 10.173177848964398)->(18.67003233462027, 0.41301027985857514, 8.702395823215722)
state:field-0.0, action:SA, timestep:99, reward:0.622038775588317
==================================================

coord:(18.67003233462027, 0.41301027985857514, 8.702395823215722)->(18.67003233462027, 0.41301027985857514, 8.702395823215722)
state:field-0.0, action:Wait, timestep:100, reward:-6.565924159929182e-08
==================================================

coord:(18.67003233462027, 0.41301027985857514, 8.702395823215722)->(17.1966990553285, 0.28132575734978926, 8.702395823215722)
state:field-0.0, action:S, timestep:101, reward:1.2357975292337535
==================================================

coord:(17.1966990553285, 0.28132575734978926, 8.702395823215722)->(16.52259062686034, 0.18693902765369208, 8.02828739474758)
state:field-0.0, action:SA, timestep:102, reward:0.16192041466950968
==================================================

coord:(16.52259062686034, 0.18693902765369208, 8.02828739474758)->(15.603351860767402, 0.12118037987192398, 8.947526160840502)
state:field-0.0, action:SD, timestep:103, reward:1.2418298967492536
==================================================

coord:(15.603351860767402, 0.12118037987192398, 8.947526160840502)->(14.563351898914368, 0.0766313518809982, 8.947526160840502)
state:field-0.0, action:S, timestep:104, reward:0.7992531889458849
==================================================

coord:(14.563351898914368, 0.0766313518809982, 8.947526160840502)->(14.563351898914368, 0.0766313518809982, 8.947526160840502)
state:field-0.0, action:Wait, timestep:105, reward:-2.747992322582604e-07
==================================================

coord:(14.563351898914368, 0.0766313518809982, 8.947526160840502)->(14.563351898914368, 0.0766313518809982, 8.947526160840502)
state:field-0.0, action:Wait, timestep:106, reward:-2.747992322582604e-07
==================================================

coord:(14.563351898914368, 0.0766313518809982, 8.947526160840502)->(13.46026537960286, 0.0, 10.050612680152009)
state:field-0.0, action:SD, timestep:107, reward:1.4719841286887618
==================================================

coord:(13.46026537960286, 0.0, 10.050612680152009)->(8.260265570337689, 0.0, 10.050612680152009)
state:field-0.0, action:S, timestep:108, reward:2.8276081509252684
==================================================

coord:(8.260265570337689, 0.0, 10.050612680152009)->(4.583310505965949, 0.0, 13.727567744523698)
state:field-0.0, action:SD, timestep:109, reward:1.984319172036345
==================================================

coord:(4.583310505965949, 0.0, 13.727567744523698)->(4.583310505965949, 0.0, 13.727567744523698)
state:field-0.0, action:Wait, timestep:110, reward:-3.801614534282294e-08
==================================================

coord:(4.583310505965949, 0.0, 13.727567744523698)->(8.260265570337689, 0.0, 10.050612680152009)
state:field-0.0, action:WA, timestep:111, reward:-1.9843191676477296
==================================================

coord:(8.260265570337689, 0.0, 10.050612680152009)->(13.46026537960286, 0.0, 10.050612680152009)
state:field-0.0, action:W, timestep:112, reward:-2.8276078894386796
==================================================

coord:(13.46026537960286, 0.0, 10.050612680152009)->(14.808482236539147, 0.0766313518809982, 8.702395823215722)
state:field-0.0, action:WA, timestep:113, reward:-1.8066645632900045
==================================================

coord:(14.808482236539147, 0.0766313518809982, 8.702395823215722)->(13.335148957247348, 0.0, 8.702395823215722)
state:field-0.0, action:S, timestep:114, reward:1.0442222720400451
==================================================

coord:(13.335148957247348, 0.0, 8.702395823215722)->(13.335148957247348, 0.0, 8.702395823215722)
state:field-0.0, action:Wait, timestep:115, reward:3.9398828732828406e-07
==================================================

coord:(13.335148957247348, 0.0, 8.702395823215722)->(17.012104021619066, 0.6862826015985855, 12.379350887587412)
state:field-0.0, action:WD, timestep:116, reward:-1.231376187927406
==================================================

coord:(17.012104021619066, 0.6862826015985855, 12.379350887587412)->(16.154147839932314, 0.37871048348044306, 11.521394705900684)
state:field-0.0, action:SA, timestep:117, reward:0.4872899783780795
==================================================

coord:(16.154147839932314, 0.37871048348044306, 11.521394705900684)->(16.154147839932314, 0.7484391948789028, 16.72139451516584)
state:field-0.0, action:D, timestep:118, reward:0.5420146886683437
==================================================

coord:(16.154147839932314, 0.7484391948789028, 16.72139451516584)->(16.154147839932314, 0.6862826015985855, 15.421394562849562)
state:field-0.0, action:A, timestep:119, reward:0.13626604816867705
==================================================

coord:(16.154147839932314, 0.6862826015985855, 15.421394562849562)->(16.154147839932314, 0.8263977634849407, 20.274727718163636)
state:field-0.0, action:D, timestep:120, reward:-1.355317289705301
==================================================

coord:(16.154147839932314, 0.8263977634849407, 20.274727718163636)->(17.68621245008723, 1.2436513637765316, 18.74266310800872)
state:field-0.0, action:WA, timestep:121, reward:-0.6954376760372654
==================================================

coord:(17.68621245008723, 1.2436513637765316, 18.74266310800872)->(19.034429307023554, 2.614828605119289, 20.090879964945046)
state:field-0.0, action:WD, timestep:122, reward:-1.6755781168254078
==================================================

coord:(19.034429307023554, 2.614828605119289, 20.090879964945046)->(17.441082112462443, 1.2436513637765316, 18.497532770383934)
state:field-0.0, action:SA, timestep:123, reward:1.9849854924872705
==================================================

coord:(17.441082112462443, 1.2436513637765316, 18.497532770383934)->(19.034429307023554, 2.614828605119289, 20.090879964945046)
state:field-0.0, action:WD, timestep:124, reward:-1.9849853510173023
==================================================

coord:(19.034429307023554, 2.614828605119289, 20.090879964945046)->(17.379799528056246, 1.1982885833176193, 21.745509743912354)
state:field-0.0, action:SD, timestep:125, reward:0.6203605478336858
==================================================

coord:(17.379799528056246, 1.1982885833176193, 21.745509743912354)->(18.05390795652441, 1.653550279007014, 22.419618172380517)
state:field-0.0, action:WD, timestep:126, reward:-0.8927681387018414
==================================================

coord:(18.05390795652441, 1.653550279007014, 22.419618172380517)->(18.05390795652441, 1.5162257603767144, 23.806284788184534)
state:field-0.0, action:D, timestep:127, reward:-0.8270887779494114
==================================================

coord:(18.05390795652441, 1.5162257603767144, 23.806284788184534)->(18.05390795652441, 1.8257865992739646, 18.60628497891947)
state:field-0.0, action:A, timestep:128, reward:2.520258896124883
==================================================

coord:(18.05390795652441, 1.8257865992739646, 18.60628497891947)->(20.047241216742684, 2.614828605119289, 18.60628497891947)
state:field-0.0, action:W, timestep:129, reward:-1.8902807101584536
==================================================

coord:(20.047241216742684, 2.614828605119289, 18.60628497891947)->(20.047241216742684, 3.6532406959880954, 18.60628497891947)
state:air-5.0, action:Wait, timestep:130, reward:-0.04874021673417239
==================================================

coord:(20.047241216742684, 3.6532406959880954, 18.60628497891947)->(20.047241216742684, 3.519986988009651, 17.21961836311545)
state:field-0.0, action:A, timestep:131, reward:0.31157462538435077
==================================================

coord:(20.047241216742684, 3.519986988009651, 17.21961836311545)->(18.270046268962982, 1.8257865992739646, 18.996813310895153)
state:field-0.0, action:SD, timestep:132, reward:1.297505780381428
==================================================

coord:(18.270046268962982, 1.8257865992739646, 18.996813310895153)->(16.016713018281454, 0.8263977634849407, 18.996813310895153)
state:field-0.0, action:S, timestep:133, reward:1.973219751848303
==================================================

coord:(16.016713018281454, 0.8263977634849407, 18.996813310895153)->(15.220039421000921, 0.5356997742062224, 18.200139713614597)
state:field-0.0, action:SA, timestep:134, reward:0.9668948832574795
==================================================

coord:(15.220039421000921, 0.5356997742062224, 18.200139713614597)->(15.220039421000921, 0.5356997742062224, 20.280139637320623)
state:field-0.0, action:D, timestep:135, reward:-0.9283024739846795
==================================================

coord:(15.220039421000921, 0.5356997742062224, 20.280139637320623)->(14.093372795660134, 0.3387627431367656, 20.280139637320623)
state:field-0.0, action:S, timestep:136, reward:0.8622925892533324
==================================================

coord:(14.093372795660134, 0.3387627431367656, 20.280139637320623)->(14.093372795660134, 0.32640620947132826, 21.320139599173636)
state:field-0.0, action:D, timestep:137, reward:-0.6429224875702371
==================================================

coord:(14.093372795660134, 0.32640620947132826, 21.320139599173636)->(16.605958756314138, 0.8263977634849407, 18.807553638519575)
state:field-0.0, action:WA, timestep:138, reward:-0.7218580764899158
==================================================

coord:(16.605958756314138, 0.8263977634849407, 18.807553638519575)->(16.605958756314138, 0.8263977634849407, 20.280886917811344)
state:field-0.0, action:D, timestep:139, reward:-0.6211924439817462
==================================================

coord:(16.605958756314138, 0.8263977634849407, 20.280886917811344)->(16.605958756314138, 0.8263977634849407, 18.720886975031824)
state:field-0.0, action:A, timestep:140, reward:0.6524052631081947
==================================================

coord:(16.605958756314138, 0.8263977634849407, 18.720886975031824)->(15.19645931497164, 0.5161598678007704, 17.311387533689302)
state:field-0.0, action:SA, timestep:141, reward:1.692513267624598
==================================================

coord:(15.19645931497164, 0.5161598678007704, 17.311387533689302)->(15.19645931497164, 0.4851643184668676, 16.531387562299543)
state:field-0.0, action:A, timestep:142, reward:0.16589871785936516
==================================================

coord:(15.19645931497164, 0.4851643184668676, 16.531387562299543)->(14.399785717691108, 0.32640620947132826, 17.3280611595801)
state:field-0.0, action:SD, timestep:143, reward:0.5222255508750013
==================================================

coord:(14.399785717691108, 0.32640620947132826, 17.3280611595801)->(14.399785717691108, 0.32640620947132826, 17.3280611595801)
state:field-0.0, action:Wait, timestep:144, reward:1.709311536757241e-07
==================================================

coord:(14.399785717691108, 0.32640620947132826, 17.3280611595801)->(15.012611561753056, 0.4851643184668676, 16.715235315518132)
state:field-0.0, action:WA, timestep:145, reward:-0.3821677128815981
==================================================

coord:(15.012611561753056, 0.4851643184668676, 16.715235315518132)->(14.399785717691108, 0.32640620947132826, 17.3280611595801)
state:field-0.0, action:SD, timestep:146, reward:0.38216798709326305
==================================================

coord:(14.399785717691108, 0.32640620947132826, 17.3280611595801)->(13.174134029567211, 0.0, 18.55371284770403)
state:field-0.0, action:SD, timestep:147, reward:0.5065265439564488
==================================================

coord:(13.174134029567211, 0.0, 18.55371284770403)->(13.174134029567211, 0.0, 13.35371303843891)
state:field-0.0, action:A, timestep:148, reward:0.6883376750539245
==================================================

coord:(13.174134029567211, 0.0, 13.35371303843891)->(13.174134029567211, 0.0, 18.55371284770403)
state:field-0.0, action:D, timestep:149, reward:-0.6883377291148403
==================================================

coord:(13.174134029567211, 0.0, 18.55371284770403)->(9.497178965195522, 0.0, 14.876757783332268)
state:field-0.0, action:SA, timestep:150, reward:4.015006075589127
==================================================

coord:(9.497178965195522, 0.0, 14.876757783332268)->(9.497178965195522, 0.0, 14.876757783332268)
state:field-0.0, action:Wait, timestep:151, reward:1.0220474244704292e-08
==================================================

coord:(9.497178965195522, 0.0, 14.876757783332268)->(5.8202239008238, 0.0, 11.199802718960578)
state:field-0.0, action:SA, timestep:152, reward:-1.1640437997438067
==================================================

coord:(5.8202239008238, 0.0, 11.199802718960578)->(2.1432688364520707, 0.0, 14.876757783332268)
state:field-0.0, action:SD, timestep:153, reward:-0.7646833483723938
==================================================

coord:(2.1432688364520707, 0.0, 14.876757783332268)->(5.8202239008238, 0.0, 18.55371284770403)
state:field-0.0, action:WD, timestep:154, reward:0.9617316268777012
==================================================

coord:(5.8202239008238, 0.0, 18.55371284770403)->(2.1432688364520707, 0.0, 14.876757783332268)
state:field-0.0, action:SA, timestep:155, reward:-0.9617315356282532
==================================================

coord:(2.1432688364520707, 0.0, 14.876757783332268)->(7.343268645717199, 0.0, 14.876757783332268)
state:field-0.0, action:W, timestep:156, reward:2.938656961651511
==================================================

coord:(7.343268645717199, 0.0, 14.876757783332268)->(3.6663135813454586, 0.0, 18.55371284770403)
state:field-0.0, action:SD, timestep:157, reward:-2.9513937935034322
==================================================

coord:(3.6663135813454586, 0.0, 18.55371284770403)->(3.6663135813454586, 0.0, 18.55371284770403)
state:field-0.0, action:Wait, timestep:158, reward:4.919371132672268e-08
==================================================

coord:(3.6663135813454586, 0.0, 18.55371284770403)->(3.6663135813454586, 0.0, 13.35371303843891)
state:field-0.0, action:A, timestep:159, reward:0.9964086277819035
==================================================

coord:(3.6663135813454586, 0.0, 13.35371303843891)->(7.343268645717199, 0.0, 9.67675797406722)
state:field-0.0, action:WA, timestep:160, reward:-1.4110351691693728
==================================================

coord:(7.343268645717199, 0.0, 9.67675797406722)->(7.343268645717199, 0.0, 9.67675797406722)
state:field-0.0, action:Wait, timestep:161, reward:-1.082868044122165e-07
==================================================

coord:(7.343268645717199, 0.0, 9.67675797406722)->(3.6663135813454586, 0.0, 13.35371303843891)
state:field-0.0, action:SD, timestep:162, reward:1.4110352261400578
==================================================

coord:(3.6663135813454586, 0.0, 13.35371303843891)->(3.6663135813454586, 0.0, 18.55371284770403)
state:field-0.0, action:D, timestep:163, reward:-0.9964084133307027
==================================================

coord:(3.6663135813454586, 0.0, 18.55371284770403)->(7.343268645717199, 0.0, 14.876757783332268)
state:field-0.0, action:WA, timestep:164, reward:2.9513937589842745
==================================================

coord:(7.343268645717199, 0.0, 14.876757783332268)->(2.1432688364520702, 0.0, 14.876757783332268)
state:field-0.0, action:S, timestep:165, reward:-2.9386571471242267
==================================================

coord:(2.1432688364520702, 0.0, 14.876757783332268)->(5.8202239008238, 0.0, 18.55371284770403)
state:field-0.0, action:WD, timestep:166, reward:0.9617316268777012
==================================================

coord:(5.8202239008238, 0.0, 18.55371284770403)->(9.497178965195522, 0.0, 14.876757783332268)
state:field-0.0, action:WA, timestep:167, reward:0.966995726315445
==================================================

coord:(9.497178965195522, 0.0, 14.876757783332268)->(9.497178965195522, 0.0, 14.876757783332268)
state:field-0.0, action:Wait, timestep:168, reward:1.0220474244704292e-08
==================================================

coord:(9.497178965195522, 0.0, 14.876757783332268)->(9.497178965195522, 0.0, 20.076757592597357)
state:field-0.0, action:D, timestep:169, reward:-2.6504842023917714
==================================================

coord:(9.497178965195522, 0.0, 20.076757592597357)->(4.297179155930388, 0.0, 20.076757592597357)
state:field-0.0, action:S, timestep:170, reward:-0.08585847804857583
==================================================

coord:(4.297179155930388, 0.0, 20.076757592597357)->(4.297179155930388, 0.0, 14.876757783332268)
state:field-0.0, action:A, timestep:171, reward:2.588153328922554
==================================================

coord:(4.297179155930388, 0.0, 14.876757783332268)->(4.297179155930388, 0.0, 14.876757783332268)
state:field-0.0, action:Wait, timestep:172, reward:-3.335161613549076e-08
==================================================

coord:(4.297179155930388, 0.0, 14.876757783332268)->(9.497178965195522, 0.0, 14.876757783332268)
state:field-0.0, action:W, timestep:173, reward:0.14818907806105042
==================================================

coord:(9.497178965195522, 0.0, 14.876757783332268)->(4.297179155930388, 0.0, 14.876757783332268)
state:field-0.0, action:S, timestep:174, reward:-0.1481891011921923
==================================================

coord:(4.297179155930388, 0.0, 14.876757783332268)->(4.297179155930388, 0.0, 9.676757974067096)
state:field-0.0, action:A, timestep:175, reward:-2.7893381851340227
==================================================

coord:(4.297179155930388, 0.0, 9.676757974067096)->(9.497178965195522, 0.0, 9.676757974067096)
state:field-0.0, action:W, timestep:176, reward:0.08315380342965284
==================================================

coord:(9.497178965195522, 0.0, 9.676757974067096)->(5.8202239008238, 0.0, 13.353713038438785)
state:field-0.0, action:SD, timestep:177, reward:3.172763456490265
==================================================

coord:(5.8202239008238, 0.0, 13.353713038438785)->(2.1432688364520707, 0.0, 17.030668102810505)
state:field-0.0, action:SD, timestep:178, reward:-2.611041556219816
==================================================

coord:(2.1432688364520707, 0.0, 17.030668102810505)->(7.343268645717199, 0.0, 17.030668102810505)
state:field-0.0, action:W, timestep:179, reward:2.58945148883138
==================================================

coord:(7.343268645717199, 0.0, 17.030668102810505)->(2.1432688364520702, 0.0, 17.030668102810505)
state:field-0.0, action:S, timestep:180, reward:-2.589451561789275
==================================================

coord:(2.1432688364520702, 0.0, 17.030668102810505)->(5.8202239008238, 0.0, 20.7076231671823)
state:field-0.0, action:WD, timestep:181, reward:-0.5142735527524493
==================================================

coord:(5.8202239008238, 0.0, 20.7076231671823)->(2.1432688364520707, 0.0, 17.030668102810505)
state:field-0.0, action:SA, timestep:182, reward:0.5142736331417561
==================================================

coord:(2.1432688364520707, 0.0, 17.030668102810505)->(2.1432688364520707, 0.0, 11.830668293545353)
state:field-0.0, action:A, timestep:183, reward:-0.48769673400597213
==================================================

coord:(2.1432688364520707, 0.0, 11.830668293545353)->(7.343268645717199, 0.0, 11.830668293545353)
state:field-0.0, action:W, timestep:184, reward:2.264577801884248
==================================================

coord:(7.343268645717199, 0.0, 11.830668293545353)->(7.343268645717199, 0.0, 11.830668293545353)
state:field-0.0, action:Wait, timestep:185, reward:-6.37163379835215e-08
==================================================

coord:(7.343268645717199, 0.0, 11.830668293545353)->(3.6663135813454586, 0.0, 15.507623357917042)
state:field-0.0, action:SD, timestep:186, reward:-0.14657482528490906
==================================================

coord:(3.6663135813454586, 0.0, 15.507623357917042)->(3.6663135813454586, 0.0, 15.507623357917042)
state:field-0.0, action:Wait, timestep:187, reward:1.4877514953326454e-07
==================================================

coord:(3.6663135813454586, 0.0, 15.507623357917042)->(3.6663135813454586, 0.0, 15.507623357917042)
state:field-0.0, action:Wait, timestep:188, reward:1.4877514953326454e-07
==================================================

coord:(3.6663135813454586, 0.0, 15.507623357917042)->(3.6663135813454586, 0.0, 10.30762354865187)
state:field-0.0, action:A, timestep:189, reward:-2.0782342772685745
==================================================

coord:(3.6663135813454586, 0.0, 10.30762354865187)->(7.343268645717199, 0.0, 13.98457861302356)
state:field-0.0, action:WD, timestep:190, reward:3.5567031844615946
==================================================

coord:(7.343268645717199, 0.0, 13.98457861302356)->(7.343268645717199, 0.0, 13.98457861302356)
state:field-0.0, action:Wait, timestep:191, reward:9.379387000407746e-08
==================================================

coord:(7.343268645717199, 0.0, 13.98457861302356)->(11.020223710088898, 0.0, 17.661533677395298)
state:field-0.0, action:WD, timestep:192, reward:-2.712069886139095
==================================================

coord:(11.020223710088898, 0.0, 17.661533677395298)->(7.343268645717198, 0.0, 13.98457861302356)
state:field-0.0, action:SA, timestep:193, reward:2.7120700820446024
==================================================

coord:(7.343268645717198, 0.0, 13.98457861302356)->(2.1432688364520693, 0.0, 13.98457861302356)
state:field-0.0, action:S, timestep:194, reward:-2.837057799866744
==================================================

coord:(2.1432688364520693, 0.0, 13.98457861302356)->(5.820223900823799, 0.0, 10.30762354865187)
state:field-0.0, action:WA, timestep:195, reward:0.10987869105260017
==================================================

coord:(5.820223900823799, 0.0, 10.30762354865187)->(0.6202240915586658, 0.0, 10.30762354865187)
state:field-0.0, action:S, timestep:196, reward:-2.859084344275752
==================================================

coord:(0.6202240915586658, 0.0, 10.30762354865187)->(4.2971791559303885, 0.0, 13.98457861302356)
state:field-0.0, action:WD, timestep:197, reward:4.486493058572043
==================================================

coord:(4.2971791559303885, 0.0, 13.98457861302356)->(9.497178965195523, 0.0, 13.98457861302356)
state:field-0.0, action:W, timestep:198, reward:0.14272261604750058
==================================================

coord:(9.497178965195523, 0.0, 13.98457861302356)->(5.820223900823802, 0.0, 17.661533677395298)
state:field-0.0, action:SD, timestep:199, reward:-0.16092543154531125
==================================================

coord:(5.820223900823802, 0.0, 17.661533677395298)->(11.02022371008895, 0.0, 17.661533677395298)
state:field-0.0, action:W, timestep:200, reward:-1.5940965585024154
==================================================

coord:(11.02022371008895, 0.0, 17.661533677395298)->(5.820223900823802, 0.0, 17.661533677395298)
state:field-0.0, action:S, timestep:201, reward:1.594096617404884
==================================================

coord:(5.820223900823802, 0.0, 17.661533677395298)->(5.820223900823802, 0.0, 12.461533868130159)
state:field-0.0, action:A, timestep:202, reward:0.08434613228364407
==================================================

coord:(5.820223900823802, 0.0, 12.461533868130159)->(5.820223900823802, 0.0, 12.461533868130159)
state:field-0.0, action:Wait, timestep:203, reward:7.629914700046925e-08
==================================================

coord:(5.820223900823802, 0.0, 12.461533868130159)->(5.820223900823802, 0.0, 17.661533677395298)
state:field-0.0, action:D, timestep:204, reward:-0.08434609919362668
==================================================

coord:(5.820223900823802, 0.0, 17.661533677395298)->(2.1432688364520724, 0.0, 13.98457861302356)
state:field-0.0, action:SA, timestep:205, reward:-1.7190844722300227
==================================================

coord:(2.1432688364520724, 0.0, 13.98457861302356)->(2.1432688364520724, 0.0, 19.184578422288666)
state:field-0.0, action:D, timestep:206, reward:-1.3252632886533853
==================================================

coord:(2.1432688364520724, 0.0, 19.184578422288666)->(2.1432688364520724, 0.0, 19.184578422288666)
state:field-0.0, action:Wait, timestep:207, reward:2.1156023777280097e-07
==================================================

coord:(2.1432688364520724, 0.0, 19.184578422288666)->(2.1432688364520724, 0.0, 19.184578422288666)
state:field-0.0, action:Wait, timestep:208, reward:2.1156023777280097e-07
==================================================

coord:(2.1432688364520724, 0.0, 19.184578422288666)->(5.820223900823802, 0.0, 22.861533486660463)
state:field-0.0, action:WD, timestep:209, reward:-1.4525322630079298
==================================================

coord:(5.820223900823802, 0.0, 22.861533486660463)->(0.6202240915586684, 0.0, 22.861533486660463)
state:field-0.0, action:S, timestep:210, reward:-2.0953279308714006
==================================================

coord:(0.6202240915586684, 0.0, 22.861533486660463)->(4.297179155930391, 0.5402376271462271, 26.53848855103226)
state:field-0.0, action:WD, timestep:211, reward:-1.583382685569692
==================================================

coord:(4.297179155930391, 0.5402376271462271, 26.53848855103226)->(3.806918480680827, 0.7121196179052162, 27.028749226281832)
state:field-0.0, action:SD, timestep:212, reward:-0.56139199926284
==================================================

coord:(3.806918480680827, 0.7121196179052162, 27.028749226281832)->(6.8097651165844155, 2.0297010454992286, 30.031595862185466)
state:field-0.0, action:WD, timestep:213, reward:-2.467321653473519
==================================================

coord:(6.8097651165844155, 2.0297010454992286, 30.031595862185466)->(6.8097651165844155, 2.8339589482040806, 30.031595862185466)
state:air-5.0, action:Wait, timestep:214, reward:0.003511936708013863
==================================================

coord:(6.8097651165844155, 2.8339589482040806, 30.031595862185466)->(6.8097651165844155, 3.866853253564085, 32.02492912240374)
state:field-0.0, action:D, timestep:215, reward:-2.044405737655108
==================================================

coord:(6.8097651165844155, 3.866853253564085, 32.02492912240374)->(6.8097651165844155, 5.156137421258171, 32.02492912240374)
state:air-5.0, action:Wait, timestep:216, reward:-0.1513479175867083
==================================================

coord:(6.8097651165844155, 5.156137421258171, 32.02492912240374)->(7.790286467083547, 5.461574248983202, 33.00545047290283)
state:field-0.0, action:WD, timestep:217, reward:-1.0325816518386546
==================================================

coord:(7.790286467083547, 5.461574248983202, 33.00545047290283)->(7.790286467083547, 7.11684146246028, 33.00545047290283)
state:air-5.0, action:Wait, timestep:218, reward:-0.3404529013786508
==================================================

coord:(7.790286467083547, 7.11684146246028, 33.00545047290283)->(7.790286467083547, 7.11684146246028, 33.00545047290283)
state:field-0.0, action:Wait, timestep:219, reward:-7.071647836198736e-07
==================================================

coord:(7.790286467083547, 7.11684146246028, 33.00545047290283)->(6.74848253217822, 8.555906673791062, 34.04725440780811)
state:field-0.0, action:SD, timestep:220, reward:-1.383782166839243
==================================================

coord:(6.74848253217822, 8.555906673791062, 34.04725440780811)->(7.729003882677351, 9.062737423099616, 35.0277757583072)
state:field-0.0, action:WD, timestep:221, reward:-1.0998595169404268
==================================================

coord:(7.729003882677351, 9.062737423099616, 35.0277757583072)->(7.729003882677351, 11.278053740088016, 35.0277757583072)
state:air-5.0, action:Wait, timestep:222, reward:-0.7911672283081792
==================================================

coord:(7.729003882677351, 11.278053740088016, 35.0277757583072)->(4.955670651069288, 10.114113269918624, 35.0277757583072)
state:field-0.0, action:S, timestep:223, reward:0.3556633692301574
==================================================

coord:(4.955670651069288, 10.114113269918624, 35.0277757583072)->(4.955670651069288, 8.856498508798449, 35.0277757583072)
state:air-5.0, action:Wait, timestep:224, reward:0.41222483435953094
==================================================

coord:(4.955670651069288, 8.856498508798449, 35.0277757583072)->(5.997474585974615, 8.304431882631146, 33.98597182340192)
state:field-0.0, action:WA, timestep:225, reward:1.2328163939765275
==================================================

coord:(5.997474585974615, 8.304431882631146, 33.98597182340192)->(5.997474585974615, 6.198737291848565, 33.98597182340192)
state:air-5.0, action:Wait, timestep:226, reward:0.5101119738144604
==================================================

coord:(5.997474585974615, 6.198737291848565, 33.98597182340192)->(4.955670651069288, 7.893604027449937, 35.0277757583072)
state:field-0.0, action:SD, timestep:227, reward:-1.4731416140943097
==================================================

coord:(4.955670651069288, 7.893604027449937, 35.0277757583072)->(4.955670651069288, 8.856498508798449, 35.0277757583072)
state:air-5.0, action:Wait, timestep:228, reward:-0.2697896309725003
==================================================

coord:(4.955670651069288, 8.856498508798449, 35.0277757583072)->(4.955670651069288, 8.856498508798449, 35.0277757583072)
state:field-0.0, action:Wait, timestep:229, reward:-8.889070706175062e-07
==================================================

coord:(4.955670651069288, 8.856498508798449, 35.0277757583072)->(6.082337276410064, 9.823134696327509, 35.0277757583072)
state:field-0.0, action:W, timestep:230, reward:-0.2329604353138386
==================================================

coord:(6.082337276410064, 9.823134696327509, 35.0277757583072)->(6.082337276410064, 10.64733212023158, 35.0277757583072)
state:air-5.0, action:Wait, timestep:231, reward:-0.2967133096175587
==================================================

coord:(6.082337276410064, 10.64733212023158, 35.0277757583072)->(6.082337276410064, 10.64733212023158, 36.067775720160256)
state:field-0.0, action:D, timestep:232, reward:-0.9658674050003633
==================================================

coord:(6.082337276410064, 10.64733212023158, 36.067775720160256)->(6.082337276410064, 12.948463000498856, 36.067775720160256)
state:air-5.0, action:Wait, timestep:233, reward:-0.9276080175774908
==================================================

coord:(6.082337276410064, 12.948463000498856, 36.067775720160256)->(6.082337276410064, 12.948463000498856, 37.02110901852556)
state:field-0.0, action:D, timestep:234, reward:-0.8570797722342931
==================================================

coord:(6.082337276410064, 12.948463000498856, 37.02110901852556)->(6.082337276410064, 15.38857111051894, 37.02110901852556)
state:air-5.0, action:Wait, timestep:235, reward:-1.1408331656397905
==================================================

coord:(6.082337276410064, 15.38857111051894, 37.02110901852556)->(6.082337276410064, 15.38857111051894, 38.06110898037861)
state:field-0.0, action:D, timestep:236, reward:-0.9021850838219585
==================================================

coord:(6.082337276410064, 15.38857111051894, 38.06110898037861)->(6.082337276410064, 17.87232395652416, 38.06110898037861)
state:air-5.0, action:Wait, timestep:237, reward:-1.2960900137850508
==================================================

coord:(6.082337276410064, 17.87232395652416, 38.06110898037861)->(4.955670651069288, 17.56868731213214, 38.06110898037861)
state:field-0.0, action:S, timestep:238, reward:0.10671374237197284
==================================================

coord:(4.955670651069288, 17.56868731213214, 38.06110898037861)->(4.955670651069288, 14.86627905303627, 38.06110898037861)
state:air-5.0, action:Wait, timestep:239, reward:1.3764500475021713
==================================================

coord:(4.955670651069288, 14.86627905303627, 38.06110898037861)->(4.955670651069288, 14.86627905303627, 38.06110898037861)
state:field-0.0, action:Wait, timestep:240, reward:4.625412337588841e-07
==================================================

coord:(4.955670651069288, 14.86627905303627, 38.06110898037861)->(4.955670651069288, 14.86627905303627, 39.014442278743914)
state:field-0.0, action:D, timestep:241, reward:-0.8413969476737826
==================================================

coord:(4.955670651069288, 14.86627905303627, 39.014442278743914)->(4.955670651069288, 16.872819842051836, 39.014442278743914)
state:air-5.0, action:Wait, timestep:242, reward:-0.9729927922826889
==================================================

coord:(4.955670651069288, 16.872819842051836, 39.014442278743914)->(5.04233731455704, 16.872819842051836, 39.014442278743914)
state:field-0.0, action:W, timestep:243, reward:0.006179523544268761
==================================================

coord:(5.04233731455704, 16.872819842051836, 39.014442278743914)->(5.04233731455704, 18.714391680943095, 39.014442278743914)
state:air-5.0, action:Wait, timestep:244, reward:-0.9866516641329639
==================================================

coord:(5.04233731455704, 18.714391680943095, 39.014442278743914)->(4.981054730150844, 18.714391680943095, 39.07572486315011)
state:field-0.0, action:SD, timestep:245, reward:-0.05487897913880957
==================================================

coord:(4.981054730150844, 18.714391680943095, 39.07572486315011)->(4.981054730150844, 16.872819842051836, 39.07572486315011)
state:air-5.0, action:Wait, timestep:246, reward:0.98472454635478
==================================================

coord:(4.981054730150844, 16.872819842051836, 39.07572486315011)->(5.04233731455704, 16.872819842051836, 39.014442278743914)
state:field-0.0, action:WA, timestep:247, reward:0.05680627830501095
==================================================

coord:(5.04233731455704, 16.872819842051836, 39.014442278743914)->(5.04233731455704, 18.714391680943095, 39.014442278743914)
state:air-5.0, action:Wait, timestep:248, reward:-0.9866516641329639
==================================================

coord:(5.04233731455704, 18.714391680943095, 39.014442278743914)->(4.981054730150844, 18.714391680943095, 39.07572486315011)
state:field-0.0, action:SD, timestep:249, reward:-0.05487897913880957
==================================================

coord:(4.981054730150844, 18.714391680943095, 39.07572486315011)->(4.981054730150844, 16.872819842051836, 39.07572486315011)
state:air-5.0, action:Wait, timestep:250, reward:0.98472454635478
==================================================

coord:(4.981054730150844, 16.872819842051836, 39.07572486315011)->(4.981054730150844, 16.872819842051836, 39.07572486315011)
state:field-0.0, action:Wait, timestep:251, reward:5.015549753295545e-07
==================================================

coord:(4.981054730150844, 16.872819842051836, 39.07572486315011)->(3.94105476829782, 16.872819842051836, 39.07572486315011)
state:field-0.0, action:S, timestep:252, reward:-0.09376622862068373
==================================================

coord:(3.94105476829782, 16.872819842051836, 39.07572486315011)->(3.94105476829782, 14.86627905303627, 39.07572486315011)
state:air-5.0, action:Wait, timestep:253, reward:0.967834932105557
==================================================

coord:(3.94105476829782, 14.86627905303627, 39.07572486315011)->(1.980012067299571, 14.314212426868966, 41.036767564148285)
state:field-0.0, action:SD, timestep:254, reward:-1.7907359890728287
==================================================

coord:(1.980012067299571, 14.314212426868966, 41.036767564148285)->(1.980012067299571, 12.948463000498856, 41.036767564148285)
state:air-5.0, action:Wait, timestep:255, reward:0.528613779811181
==================================================

coord:(1.980012067299571, 12.948463000498856, 41.036767564148285)->(-0.0423132181048788, 12.32278749084258, 43.059092849552655)
state:field-0.0, action:SD, timestep:256, reward:-2.050790360964104
==================================================

