coord:(6.0, 20.0, 1.0)->(6.0, 20.0, 1.0)
state:field-4, action:Wait, timestep:1, reward:-0.0
==================================================

coord:(6.0, 20.0, 1.0)->(6.0, 15.342277777777783, 6.999999999999992)
state:field-4.0, action:Ds, timestep:2, reward:5.135757609635128
==================================================

coord:(6.0, 15.342277777777783, 6.999999999999992)->(6.0, 17.942277682410396, 7.049999999999992)
state:wall-14.0, action:Wj, timestep:3, reward:-1.2116605196562062
==================================================

coord:(6.0, 17.942277682410396, 7.049999999999992)->(6.0, 9.799294946442751, 7.049999999999992)
state:air-8.0, action:Wait, timestep:4, reward:3.3181384168095036
==================================================

coord:(6.0, 9.799294946442751, 7.049999999999992)->(6.0, 8.499294994126432, 7.049999999999992)
state:wall-13.0, action:S, timestep:5, reward:0.3694244274063294
==================================================

coord:(6.0, 8.499294994126432, 7.049999999999992)->(6.0, 0.3563122581587802, 7.049999999999992)
state:air-8.0, action:Wait, timestep:6, reward:1.1468739889094905
==================================================

coord:(6.0, 0.3563122581587802, 7.049999999999992)->(6.0, 2.9563121627913467, 8.049999999999988)
state:wall-13.0, action:Wj, timestep:7, reward:0.3304160689849951
==================================================

coord:(6.0, 2.9563121627913467, 8.049999999999988)->(6.0, 0.0, 8.049999999999988)
state:air-8.0, action:Wait, timestep:8, reward:0.1434515681520523
==================================================

coord:(6.0, 0.0, 8.049999999999988)->(3.6712617925645654, 0.0, 10.378738207435392)
state:field-3.0, action:SDj, timestep:9, reward:-1.1564150166540799
==================================================

coord:(3.6712617925645654, 0.0, 10.378738207435392)->(3.6712617925645654, 0.0, 15.578738016700564)
state:field-3.0, action:D, timestep:10, reward:1.5237960182597199
==================================================

coord:(3.6712617925645654, 0.0, 15.578738016700564)->(3.6712617925645654, 0.0, 18.872071229235114)
state:field-3.0, action:Dj, timestep:11, reward:0.5283845563800504
==================================================

coord:(3.6712617925645654, 0.0, 18.872071229235114)->(7.348216856936306, 0.0, 22.54902629360691)
state:field-3.0, action:WD, timestep:12, reward:3.8374058938904803
==================================================

coord:(7.348216856936306, 0.0, 22.54902629360691)->(7.348216856936306, 0.0, 22.54902629360691)
state:field-3.0, action:Wait, timestep:13, reward:-2.6455678536763116e-07
==================================================

coord:(7.348216856936306, 0.0, 22.54902629360691)->(7.348216856936306, 0.0, 22.54902629360691)
state:field-3.0, action:j, timestep:14, reward:-2.6455678536763116e-07
==================================================

coord:(7.348216856936306, 0.0, 22.54902629360691)->(5.0194786495008685, 0.0, 20.22028808617144)
state:field-3.0, action:SAj, timestep:15, reward:-2.3794062305072465
==================================================

coord:(5.0194786495008685, 0.0, 20.22028808617144)->(9.262119144801174, 0.0, 15.977647590871202)
state:field-3.0, action:WAs, timestep:16, reward:3.547153103995349
==================================================

coord:(9.262119144801174, 0.0, 15.977647590871202)->(14.462118954066346, 0.28132575734978926, 15.977647590871202)
state:field-2.0, action:W, timestep:17, reward:4.99629818759551
==================================================

coord:(14.462118954066346, 0.28132575734978926, 15.977647590871202)->(14.462118954066346, 0.18693902765369208, 12.59764771484884)
state:field-2.0, action:Aj, timestep:18, reward:-1.2932154716158664
==================================================

coord:(14.462118954066346, 0.18693902765369208, 12.59764771484884)->(13.047905455632899, 0.0, 11.183434216415392)
state:field-2.0, action:SAs, timestep:19, reward:-1.9086388046646583
==================================================

coord:(13.047905455632899, 0.0, 11.183434216415392)->(9.653793059392624, 0.0, 14.577546612655667)
state:field-2.0, action:SDsj, timestep:20, reward:-1.8022530262718277
==================================================

coord:(9.653793059392624, 0.0, 14.577546612655667)->(9.653793059392624, 0.0, 19.37754661265571)
state:field-2.0, action:Dsj, timestep:21, reward:1.0046849438979137
==================================================

coord:(9.653793059392624, 0.0, 19.37754661265571)->(10.053793059392623, 0.0, 19.37754661265571)
state:field-1.0, action:Ws, timestep:22, reward:0.39745741113463495
==================================================

coord:(10.053793059392623, 0.0, 19.37754661265571)->(10.053793059392623, 10.816394591160481, 19.37754661265571)
state:air-6.0, action:Wait, timestep:23, reward:-2.4073650742145603
==================================================

coord:(10.053793059392623, 10.816394591160481, 19.37754661265571)->(11.043742508296036, 12.35999674984333, 20.3674960615591)
state:field-1.0, action:WDs, timestep:24, reward:0.25394638942643155
==================================================

coord:(11.043742508296036, 12.35999674984333, 20.3674960615591)->(11.043742508296036, 13.687440043142715, 20.3674960615591)
state:air-6.0, action:Wait, timestep:25, reward:-0.6756696486857408
==================================================

coord:(11.043742508296036, 13.687440043142715, 20.3674960615591)->(9.917075882955249, 14.405126704168401, 20.3674960615591)
state:field-1.0, action:Sj, timestep:26, reward:-1.333253219777152
==================================================

coord:(9.917075882955249, 14.405126704168401, 20.3674960615591)->(9.917075882955249, 6.262143968200758, 20.3674960615591)
state:air-6.0, action:Wait, timestep:27, reward:3.284999131020932
==================================================

coord:(9.917075882955249, 6.262143968200758, 20.3674960615591)->(9.917075882955249, 8.862143872833327, 21.017496061559108)
state:wall-11.0, action:Wj, timestep:28, reward:-0.7722678216033501
==================================================

coord:(9.917075882955249, 8.862143872833327, 21.017496061559108)->(9.917075882955249, 8.862143872833327, 21.017496061559108)
state:air-6.0, action:j, timestep:29, reward:4.736847358799423e-07
==================================================

coord:(9.917075882955249, 8.862143872833327, 21.017496061559108)->(9.917075882955249, 4.9621440158844745, 15.817496252294037)
state:parachute-16.0, action:A, timestep:30, reward:0.3388850566543198
==================================================

coord:(9.917075882955249, 4.9621440158844745, 15.817496252294037)->(9.917075882955249, 4.9621440158844745, 15.817496252294037)
state:parachute-16.0, action:Sj, timestep:31, reward:7.030166244703651e-07
==================================================

coord:(9.917075882955249, 4.9621440158844745, 15.817496252294037)->(9.917075882955249, 3.662144063568201, 15.817496252294037)
state:wall-11.0, action:S, timestep:32, reward:0.23077781631543104
==================================================

coord:(9.917075882955249, 3.662144063568201, 15.817496252294037)->(9.917075882955249, 0.0, 15.817496252294037)
state:air-6.0, action:Wait, timestep:33, reward:0.2789832713793423
==================================================

coord:(9.917075882955249, 0.0, 15.817496252294037)->(15.117075692220421, 0.4448722527607861, 15.817496252294037)
state:field-1.0, action:W, timestep:34, reward:4.969834388196322
==================================================

coord:(15.117075692220421, 0.4448722527607861, 15.817496252294037)->(16.03631446620216, 0.6138910508839367, 14.898257478312296)
state:field-1.0, action:WAs, timestep:35, reward:0.5262107784692738
==================================================

coord:(16.03631446620216, 0.6138910508839367, 14.898257478312296)->(16.03631446620216, 0.24247143421879228, 9.598257478312314)
state:field-1.0, action:Asj, timestep:36, reward:-2.614466684929475
==================================================

coord:(16.03631446620216, 0.24247143421879228, 9.598257478312314)->(16.03631446620216, 0.18693902765369208, 8.298257478312319)
state:field-0.0, action:As, timestep:37, reward:-0.7919009349435697
==================================================

coord:(16.03631446620216, 0.18693902765369208, 8.298257478312319)->(20.036314466202217, 0.8263977634849407, 8.298257478312319)
state:field-0.0, action:Wsj, timestep:38, reward:2.9262434556452597
==================================================

coord:(20.036314466202217, 0.8263977634849407, 8.298257478312319)->(21.690944245169526, 1.4609206979633587, 9.95288725727958)
state:field-0.0, action:WDj, timestep:39, reward:2.2926145425259854
==================================================

coord:(21.690944245169526, 1.4609206979633587, 9.95288725727958)->(23.03916110210585, 3.0338362951707407, 11.301104114215866)
state:field-0.0, action:WD, timestep:40, reward:1.6585445787078097
==================================================

coord:(23.03916110210585, 3.0338362951707407, 11.301104114215866)->(23.03916110210585, 3.935072557656734, 11.301104114215866)
state:air-5.0, action:Wait, timestep:41, reward:-0.20888228374071183
==================================================

coord:(23.03916110210585, 3.935072557656734, 11.301104114215866)->(21.99735716720051, 3.3830059314894365, 10.259300179310554)
state:field-0.0, action:SA, timestep:42, reward:-1.3038847288289261
==================================================

coord:(21.99735716720051, 3.3830059314894365, 10.259300179310554)->(21.99735716720051, 1.8485410167113652, 10.259300179310554)
state:air-5.0, action:Wait, timestep:43, reward:0.24595641005080893
==================================================

coord:(21.99735716720051, 1.8485410167113652, 10.259300179310554)->(21.99735716720051, 3.2276580973492344, 14.07263337277168)
state:field-0.0, action:D, timestep:44, reward:2.2564363677136505
==================================================

coord:(21.99735716720051, 3.2276580973492344, 14.07263337277168)->(21.99735716720051, 3.6987703125538394, 14.07263337277168)
state:air-5.0, action:Wait, timestep:45, reward:-0.11655585027593496
==================================================

coord:(21.99735716720051, 3.6987703125538394, 14.07263337277168)->(20.15887963501461, 2.0159633174808635, 12.234155840585835)
state:field-0.0, action:SA, timestep:46, reward:-2.2018409816545663
==================================================

coord:(20.15887963501461, 2.0159633174808635, 12.234155840585835)->(20.15887963501461, 1.3562888280233438, 10.414155907343025)
state:field-0.0, action:A, timestep:47, reward:-1.0901282892201642
==================================================

coord:(20.15887963501461, 1.3562888280233438, 10.414155907343025)->(20.15887963501461, 1.3562888280233438, 10.414155907343025)
state:field-0.0, action:Wait, timestep:48, reward:-3.4427387518576325e-07
==================================================

coord:(20.15887963501461, 1.3562888280233438, 10.414155907343025)->(18.42554636525959, 0.6778348795001161, 10.414155907343025)
state:field-0.0, action:S, timestep:49, reward:-1.2824174622164435
==================================================

coord:(18.42554636525959, 0.6778348795001161, 10.414155907343025)->(17.50630759916664, 0.5699238672558504, 11.333394673435947)
state:field-0.0, action:SD, timestep:50, reward:-0.18824798317898583
==================================================

coord:(17.50630759916664, 0.5699238672558504, 11.333394673435947)->(17.50630759916664, 0.5699238672558504, 11.333394673435947)
state:field-0.0, action:Wait, timestep:51, reward:-3.025149233337743e-07
==================================================

coord:(17.50630759916664, 0.5699238672558504, 11.333394673435947)->(17.50630759916664, 0.5699238672558504, 11.333394673435947)
state:field-0.0, action:Wait, timestep:52, reward:-3.025149233337743e-07
==================================================

coord:(17.50630759916664, 0.5699238672558504, 11.333394673435947)->(22.012974100529696, 2.2817779984468363, 11.333394673435947)
state:field-0.0, action:W, timestep:53, reward:3.3368527410996336
==================================================

coord:(22.012974100529696, 2.2817779984468363, 11.333394673435947)->(22.012974100529696, 3.0338362951707407, 11.333394673435947)
state:air-5.0, action:Wait, timestep:54, reward:-0.12857141724360055
==================================================

coord:(22.012974100529696, 3.0338362951707407, 11.333394673435947)->(20.66475724359337, 2.0677196993779687, 9.985177816499661)
state:field-0.0, action:SA, timestep:55, reward:-1.7325423412406025
==================================================

coord:(20.66475724359337, 2.0677196993779687, 9.985177816499661)->(20.66475724359337, 1.0718888049348345, 9.985177816499661)
state:air-5.0, action:Wait, timestep:56, reward:0.09037239068818437
==================================================

coord:(20.66475724359337, 1.0718888049348345, 9.985177816499661)->(22.012974100529696, 2.2817779984468363, 11.333394673435947)
state:field-0.0, action:WD, timestep:57, reward:1.7707421301377195
==================================================

coord:(22.012974100529696, 2.2817779984468363, 11.333394673435947)->(22.012974100529696, 3.0338362951707407, 11.333394673435947)
state:air-5.0, action:Wait, timestep:58, reward:-0.12857141724360055
==================================================

coord:(22.012974100529696, 3.0338362951707407, 11.333394673435947)->(21.21630050324914, 2.747638116270579, 12.13006827071648)
state:field-0.0, action:SD, timestep:59, reward:-0.004011737136980997
==================================================

coord:(21.21630050324914, 2.747638116270579, 12.13006827071648)->(18.962967252567612, 1.5836976461011925, 12.13006827071648)
state:field-0.0, action:S, timestep:60, reward:-1.6178261026769185
==================================================

coord:(18.962967252567612, 1.5836976461011925, 12.13006827071648)->(18.962967252567612, 1.0075215722102642, 12.13006827071648)
state:air-5.0, action:Wait, timestep:61, reward:0.043373999995182544
==================================================

coord:(18.962967252567612, 1.0075215722102642, 12.13006827071648)->(21.04296717627364, 2.0159633174808635, 12.13006827071648)
state:field-0.0, action:W, timestep:62, reward:1.5543046116778303
==================================================

coord:(21.04296717627364, 2.0159633174808635, 12.13006827071648)->(21.04296717627364, 2.747638116270579, 12.13006827071648)
state:air-5.0, action:Wait, timestep:63, reward:-0.11106832134510469
==================================================

coord:(21.04296717627364, 2.747638116270579, 12.13006827071648)->(22.023488526772784, 3.0338362951707407, 11.149546920217363)
state:field-0.0, action:WA, timestep:64, reward:0.01637509176234353
==================================================

coord:(22.023488526772784, 3.0338362951707407, 11.149546920217363)->(22.023488526772784, 4.291471953364964, 14.009546815313207)
state:field-0.0, action:D, timestep:65, reward:1.490642655769971
==================================================

coord:(22.023488526772784, 4.291471953364964, 14.009546815313207)->(22.023488526772784, 4.917859506649682, 14.009546815313207)
state:air-5.0, action:Wait, timestep:66, reward:-0.20114356020802582
==================================================

coord:(22.023488526772784, 4.917859506649682, 14.009546815313207)->(20.98348856491977, 4.664828969656338, 14.009546815313207)
state:field-0.0, action:S, timestep:67, reward:-0.7258001411325345
==================================================

coord:(20.98348856491977, 4.664828969656338, 14.009546815313207)->(20.98348856491977, 2.713816359490867, 14.009546815313207)
state:air-5.0, action:Wait, timestep:68, reward:0.4822804995945571
==================================================

coord:(20.98348856491977, 2.713816359490867, 14.009546815313207)->(18.593467773078103, 1.653550279007014, 16.399567607154818)
state:field-0.0, action:SD, timestep:69, reward:-0.8613874907363375
==================================================

coord:(18.593467773078103, 1.653550279007014, 16.399567607154818)->(18.593467773078103, 1.8257865992739646, 20.38623412759137)
state:field-0.0, action:D, timestep:70, reward:0.9338497888445971
==================================================

coord:(18.593467773078103, 1.8257865992739646, 20.38623412759137)->(18.593467773078103, 1.8257865992739646, 18.652900857836347)
state:field-0.0, action:A, timestep:71, reward:-0.2913504313467783
==================================================

coord:(18.593467773078103, 1.8257865992739646, 18.652900857836347)->(20.002967214420625, 2.6474166970856783, 20.06240029917887)
state:field-0.0, action:WD, timestep:72, reward:1.497808270316547
==================================================

coord:(20.002967214420625, 2.6474166970856783, 20.06240029917887)->(20.002967214420625, 3.6532406959880954, 20.06240029917887)
state:air-5.0, action:Wait, timestep:73, reward:-0.23433734910399018
==================================================

coord:(20.002967214420625, 3.6532406959880954, 20.06240029917887)->(18.962967252567612, 3.4002101589947515, 20.06240029917887)
state:field-0.0, action:S, timestep:74, reward:-0.9333343315186298
==================================================

coord:(18.962967252567612, 3.4002101589947515, 20.06240029917887)->(18.962967252567612, 1.8257865992739646, 20.06240029917887)
state:air-5.0, action:Wait, timestep:75, reward:0.28510170660426404
==================================================

coord:(18.962967252567612, 1.8257865992739646, 20.06240029917887)->(20.002967214420625, 2.614828605119289, 20.06240029917887)
state:field-0.0, action:W, timestep:76, reward:0.888968115448721
==================================================

coord:(20.002967214420625, 2.614828605119289, 20.06240029917887)->(20.002967214420625, 3.6532406959880954, 20.06240029917887)
state:air-5.0, action:Wait, timestep:77, reward:-0.2407355500927597
==================================================

coord:(20.002967214420625, 3.6532406959880954, 20.06240029917887)->(20.002967214420625, 3.6532406959880954, 18.50240035639935)
state:field-0.0, action:A, timestep:78, reward:-0.30736857240367144
==================================================

coord:(20.002967214420625, 3.6532406959880954, 18.50240035639935)->(18.961163279515283, 3.1011740698207975, 17.460596421494007)
state:field-0.0, action:SA, timestep:79, reward:-1.1304776200296498
==================================================

coord:(18.961163279515283, 3.1011740698207975, 17.460596421494007)->(18.961163279515283, 1.7591901566695145, 17.460596421494007)
state:air-5.0, action:Wait, timestep:80, reward:0.21788364175825947
==================================================

coord:(18.961163279515283, 1.7591901566695145, 17.460596421494007)->(20.002967214420625, 3.308610751406032, 16.418792486588664)
state:field-0.0, action:WA, timestep:81, reward:0.33248405969643713
==================================================

coord:(20.002967214420625, 3.308610751406032, 16.418792486588664)->(18.961163279515283, 2.756544125238734, 15.376988551683342)
state:field-0.0, action:SA, timestep:82, reward:-1.2390091714962974
==================================================

coord:(18.961163279515283, 2.756544125238734, 15.376988551683342)->(18.961163279515283, 1.5162257603767144, 15.376988551683342)
state:air-5.0, action:Wait, timestep:83, reward:0.1689807786168025
==================================================

coord:(18.961163279515283, 1.5162257603767144, 15.376988551683342)->(20.002967214420625, 2.3681576868128444, 16.418792486588664)
state:field-0.0, action:WD, timestep:84, reward:1.2549635745823586
==================================================

coord:(20.002967214420625, 2.3681576868128444, 16.418792486588664)->(20.002967214420625, 3.308610751406032, 16.418792486588664)
state:air-5.0, action:Wait, timestep:85, reward:-0.18493575536703943
==================================================

coord:(20.002967214420625, 3.308610751406032, 16.418792486588664)->(22.025292499825113, 4.979149817443558, 18.441117771993152)
state:field-0.0, action:WD, timestep:86, reward:1.9606174930423315
==================================================

coord:(22.025292499825113, 4.979149817443558, 18.441117771993152)->(22.025292499825113, 6.620243268861104, 18.441117771993152)
state:air-5.0, action:Wait, timestep:87, reward:-0.7358864637496012
==================================================

coord:(22.025292499825113, 6.620243268861104, 18.441117771993152)->(23.00581385032426, 6.702750051930226, 19.421639122492298)
state:field-0.0, action:WD, timestep:88, reward:0.9949343957245969
==================================================

coord:(23.00581385032426, 6.702750051930226, 19.421639122492298)->(23.00581385032426, 8.69387970345265, 19.421639122492298)
state:air-5.0, action:Wait, timestep:89, reward:-1.1881577514251838
==================================================

coord:(23.00581385032426, 8.69387970345265, 19.421639122492298)->(22.919147186836508, 8.69387970345265, 19.421639122492298)
state:field-0.0, action:S, timestep:90, reward:-0.06430871747825506
==================================================

coord:(22.919147186836508, 8.69387970345265, 19.421639122492298)->(22.919147186836508, 6.702750051930226, 19.421639122492298)
state:air-5.0, action:Wait, timestep:91, reward:1.1819836063211024
==================================================

coord:(22.919147186836508, 6.702750051930226, 19.421639122492298)->(22.919147186836508, 6.702750051930226, 19.421639122492298)
state:field-0.0, action:Wait, timestep:92, reward:-3.4143280380760643e-07
==================================================

coord:(22.919147186836508, 6.702750051930226, 19.421639122492298)->(23.0417123556489, 6.702750051930226, 19.299073953679905)
state:field-0.0, action:WA, timestep:93, reward:0.07329558137538505
==================================================

coord:(23.0417123556489, 6.702750051930226, 19.299073953679905)->(23.0417123556489, 8.69387970345265, 19.299073953679905)
state:air-5.0, action:Wait, timestep:94, reward:-1.1884057120860358
==================================================

coord:(23.0417123556489, 8.69387970345265, 19.299073953679905)->(23.0417123556489, 8.586863323434834, 18.25907399182689)
state:field-0.0, action:A, timestep:95, reward:-0.17855599604719075
==================================================

coord:(23.0417123556489, 8.586863323434834, 18.25907399182689)->(22.980429771242704, 8.586863323434834, 18.320356576233088)
state:field-0.0, action:SD, timestep:96, reward:-0.028115732827791007
==================================================

coord:(22.980429771242704, 8.586863323434834, 18.320356576233088)->(22.980429771242704, 6.620243268861104, 18.320356576233088)
state:air-5.0, action:Wait, timestep:97, reward:1.1388934528333063
==================================================

coord:(22.980429771242704, 6.620243268861104, 18.320356576233088)->(22.980429771242704, 6.378766717846037, 17.020356623916822)
state:field-0.0, action:A, timestep:98, reward:-0.3191135591285388
==================================================

coord:(22.980429771242704, 6.378766717846037, 17.020356623916822)->(22.980429771242704, 6.620243268861104, 20.660356490402368)
state:field-0.0, action:D, timestep:99, reward:0.7957088702770232
==================================================

coord:(22.980429771242704, 6.620243268861104, 20.660356490402368)->(23.0417123556489, 6.620243268861104, 20.59907390599617)
state:field-0.0, action:WA, timestep:100, reward:0.043789343610109555
==================================================

coord:(23.0417123556489, 6.620243268861104, 20.59907390599617)->(23.0417123556489, 1.8730300810029368, 20.59907390599617)
state:air-5.0, action:Wait, timestep:101, reward:1.8105510144724377
==================================================

coord:(23.0417123556489, 1.8730300810029368, 20.59907390599617)->(23.0417123556489, 3.304674186060923, 24.065740445506215)
state:field-0.0, action:D, timestep:102, reward:-0.4644319190704387
==================================================

coord:(23.0417123556489, 3.304674186060923, 24.065740445506215)->(23.0417123556489, 3.89032683908715, 24.065740445506215)
state:air-5.0, action:Wait, timestep:103, reward:-0.1952387323543121
==================================================

coord:(23.0417123556489, 3.89032683908715, 24.065740445506215)->(23.0417123556489, 2.293020722061755, 21.639073867849184)
state:field-0.0, action:A, timestep:104, reward:0.6637105470760751
==================================================

coord:(23.0417123556489, 2.293020722061755, 21.639073867849184)->(27.02837887608545, 3.5972822727794975, 21.639073867849184)
state:field-0.0, action:W, timestep:105, reward:3.2444914816576267
==================================================

coord:(27.02837887608545, 3.5972822727794975, 21.639073867849184)->(27.02837887608545, 4.072172558143364, 21.639073867849184)
state:air-5.0, action:Wait, timestep:106, reward:-0.2561704794371087
==================================================

coord:(27.02837887608545, 4.072172558143364, 21.639073867849184)->(27.02837887608545, 4.920631073847381, 23.025740483653202)
state:field-0.0, action:D, timestep:107, reward:-0.5685205877686377
==================================================

coord:(27.02837887608545, 4.920631073847381, 23.025740483653202)->(27.02837887608545, 5.868766646810801, 23.025740483653202)
state:air-5.0, action:Wait, timestep:108, reward:-0.629884326249476
==================================================

coord:(27.02837887608545, 5.868766646810801, 23.025740483653202)->(27.02837887608545, 5.868766646810801, 23.025740483653202)
state:field-0.0, action:Wait, timestep:109, reward:3.935991568226882e-07
==================================================

coord:(27.02837887608545, 5.868766646810801, 23.025740483653202)->(28.008900226584597, 5.868766646810801, 24.006261834152347)
state:field-0.0, action:WD, timestep:110, reward:0.47426544451589603
==================================================

coord:(28.008900226584597, 5.868766646810801, 24.006261834152347)->(28.008900226584597, 7.719467496535955, 24.006261834152347)
state:air-5.0, action:Wait, timestep:111, reward:-1.4477770916186383
==================================================

coord:(28.008900226584597, 7.719467496535955, 24.006261834152347)->(31.042233448655885, 9.267181677720165, 24.006261834152347)
state:field-0.0, action:W, timestep:112, reward:-0.2730252811909999
==================================================

coord:(31.042233448655885, 9.267181677720165, 24.006261834152347)->(31.042233448655885, 9.956918478215421, 24.006261834152347)
state:air-5.0, action:Wait, timestep:113, reward:-0.6621220824184668
==================================================

coord:(31.042233448655885, 9.956918478215421, 24.006261834152347)->(31.042233448655885, 9.703887941222073, 22.966261872299334)
state:field-0.0, action:A, timestep:114, reward:0.39753698416508776
==================================================

coord:(31.042233448655885, 9.703887941222073, 22.966261872299334)->(31.042233448655885, 7.091554966084926, 22.966261872299334)
state:air-5.0, action:Wait, timestep:115, reward:2.5264362777989735
==================================================

coord:(31.042233448655885, 7.091554966084926, 22.966261872299334)->(33.06455873406031, 6.465879456428658, 20.943936586894846)
state:field-0.0, action:WA, timestep:116, reward:0.8681450932397388
==================================================

coord:(33.06455873406031, 6.465879456428658, 20.943936586894846)->(33.06455873406031, 5.321479294713132, 20.943936586894846)
state:air-5.0, action:Wait, timestep:117, reward:1.1262317868546745
==================================================

coord:(33.06455873406031, 5.321479294713132, 20.943936586894846)->(33.06455873406031, 6.514717739218547, 22.07060321223561)
state:field-0.0, action:D, timestep:118, reward:-1.0897791004372959
==================================================

coord:(33.06455873406031, 6.514717739218547, 22.07060321223561)->(33.06455873406031, 7.872093357350055, 22.07060321223561)
state:air-5.0, action:Wait, timestep:119, reward:-1.3572547106700856
==================================================

coord:(33.06455873406031, 7.872093357350055, 22.07060321223561)->(33.06455873406031, 7.872093357350055, 22.07060321223561)
state:field-0.0, action:Wait, timestep:120, reward:-2.0551261492585127e-07
==================================================

coord:(33.06455873406031, 7.872093357350055, 22.07060321223561)->(33.06455873406031, 7.872093357350055, 22.07060321223561)
state:field-0.0, action:Wait, timestep:121, reward:-2.0551261492585127e-07
==================================================

coord:(33.06455873406031, 7.872093357350055, 22.07060321223561)->(33.06455873406031, 7.568456712958042, 20.943936586894846)
state:field-0.0, action:A, timestep:122, reward:0.23062141782610546
==================================================

coord:(33.06455873406031, 7.568456712958042, 20.943936586894846)->(33.06455873406031, 5.321479294713132, 20.943936586894846)
state:air-5.0, action:Wait, timestep:123, reward:2.216412183888366
==================================================

coord:(33.06455873406031, 5.321479294713132, 20.943936586894846)->(34.16764525337179, 6.730806294554188, 22.047023106206385)
state:field-0.0, action:WD, timestep:124, reward:-1.4058565786404795
==================================================

coord:(34.16764525337179, 6.730806294554188, 22.047023106206385)->(34.16764525337179, 8.133205096822149, 22.047023106206385)
state:air-5.0, action:Wait, timestep:125, reward:-1.385231105494011
==================================================

coord:(34.16764525337179, 8.133205096822149, 22.047023106206385)->(35.14816660387088, 8.294011192532395, 23.02754445670553)
state:field-0.0, action:WD, timestep:126, reward:-0.41235474034425224
==================================================

coord:(35.14816660387088, 8.294011192532395, 23.02754445670553)->(35.14816660387088, 9.892149101304343, 23.02754445670553)
state:air-5.0, action:Wait, timestep:127, reward:-1.5456439408627958
==================================================

coord:(35.14816660387088, 9.892149101304343, 23.02754445670553)->(34.9643188506523, 9.88754854608628, 22.84369670348694)
state:field-0.0, action:SA, timestep:128, reward:0.05870109918138944
==================================================

coord:(34.9643188506523, 9.88754854608628, 22.84369670348694)->(34.9643188506523, 8.133205096822149, 22.84369670348694)
state:air-5.0, action:Wait, timestep:129, reward:1.7065433114966861
==================================================

coord:(34.9643188506523, 8.133205096822149, 22.84369670348694)->(34.9643188506523, 9.700357959691633, 24.057029992315456)
state:field-0.0, action:D, timestep:130, reward:-1.6992689691304435
==================================================

coord:(34.9643188506523, 9.700357959691633, 24.057029992315456)->(34.9643188506523, 11.419450388942312, 24.057029992315456)
state:air-5.0, action:Wait, timestep:131, reward:-1.6595852751573155
==================================================

coord:(34.9643188506523, 11.419450388942312, 24.057029992315456)->(36.06740536996377, 10.793774879286037, 22.953943473003918)
state:field-0.0, action:WA, timestep:132, reward:0.5066961616161887
==================================================

coord:(36.06740536996377, 10.793774879286037, 22.953943473003918)->(36.06740536996377, 8.34831667575272, 22.953943473003918)
state:air-5.0, action:Wait, timestep:133, reward:2.316621928784107
==================================================

coord:(36.06740536996377, 8.34831667575272, 22.953943473003918)->(35.57714469471423, 8.294011192532395, 22.463682797754345)
state:field-0.0, action:SA, timestep:134, reward:0.24747419601722775
==================================================

coord:(35.57714469471423, 8.294011192532395, 22.463682797754345)->(34.35149300659037, 9.700357959691633, 23.689334485878277)
state:field-0.0, action:SD, timestep:135, reward:-1.2411333765762471
==================================================

coord:(34.35149300659037, 9.700357959691633, 23.689334485878277)->(34.35149300659037, 11.419450388942312, 25.076001101682294)
state:field-0.0, action:D, timestep:136, reward:-1.9647729978484456
==================================================

coord:(34.35149300659037, 11.419450388942312, 25.076001101682294)->(34.35149300659037, 13.268873328369823, 25.076001101682294)
state:air-5.0, action:Wait, timestep:137, reward:-1.7841817520742662
==================================================

coord:(34.35149300659037, 13.268873328369823, 25.076001101682294)->(34.22892783777798, 13.268873328369823, 24.9534359328699)
state:field-0.0, action:SA, timestep:138, reward:0.038602528859687624
==================================================

coord:(34.22892783777798, 13.268873328369823, 24.9534359328699)->(34.22892783777798, 11.419450388942312, 24.9534359328699)
state:air-5.0, action:Wait, timestep:139, reward:1.7899879489495092
==================================================

coord:(34.22892783777798, 11.419450388942312, 24.9534359328699)->(34.290210422184174, 11.419450388942312, 25.014718517276098)
state:field-0.0, action:WD, timestep:140, reward:-0.02190877055338092
==================================================

coord:(34.290210422184174, 11.419450388942312, 25.014718517276098)->(34.290210422184174, 13.268873328369823, 25.014718517276098)
state:air-5.0, action:Wait, timestep:141, reward:-1.7871193093718176
==================================================

coord:(34.290210422184174, 13.268873328369823, 25.014718517276098)->(33.24840648727889, 14.729323834804282, 26.05652245218144)
state:field-0.0, action:SD, timestep:142, reward:-1.611656325435959
==================================================

coord:(33.24840648727889, 14.729323834804282, 26.05652245218144)->(33.309689071685085, 14.729323834804282, 25.995239867775243)
state:field-0.0, action:WA, timestep:143, reward:0.015034729971048932
==================================================

coord:(33.309689071685085, 14.729323834804282, 25.995239867775243)->(33.309689071685085, 12.842883997674194, 25.995239867775243)
state:air-5.0, action:Wait, timestep:144, reward:1.8111604914189297
==================================================

coord:(33.309689071685085, 12.842883997674194, 25.995239867775243)->(33.309689071685085, 12.842883997674194, 25.995239867775243)
state:field-0.0, action:Wait, timestep:145, reward:4.038334804334909e-07
==================================================

coord:(33.309689071685085, 12.842883997674194, 25.995239867775243)->(33.309689071685085, 12.842883997674194, 24.95523990592223)
state:field-0.0, action:A, timestep:146, reward:0.27138445764654406
==================================================

coord:(33.309689071685085, 12.842883997674194, 24.95523990592223)->(33.309689071685085, 11.052835687926466, 24.95523990592223)
state:air-5.0, action:Wait, timestep:147, reward:1.736863930531726
==================================================

coord:(33.309689071685085, 11.052835687926466, 24.95523990592223)->(32.329167721185996, 10.845810703113726, 23.974718555423085)
state:field-0.0, action:SA, timestep:148, reward:0.4007766971789213
==================================================

coord:(32.329167721185996, 10.845810703113726, 23.974718555423085)->(32.329167721185996, 8.969664290777729, 23.974718555423085)
state:air-5.0, action:Wait, timestep:149, reward:1.8355762087823653
==================================================

coord:(32.329167721185996, 8.969664290777729, 23.974718555423085)->(29.989167807016706, 7.805723820608337, 23.974718555423085)
state:field-0.0, action:S, timestep:150, reward:0.6127720461465707
==================================================

coord:(29.989167807016706, 7.805723820608337, 23.974718555423085)->(29.989167807016706, 7.231766021017783, 23.974718555423085)
state:air-5.0, action:Wait, timestep:151, reward:0.5176031914444472
==================================================

coord:(29.989167807016706, 7.231766021017783, 23.974718555423085)->(29.989167807016706, 7.231766021017783, 23.974718555423085)
state:field-0.0, action:Wait, timestep:152, reward:2.7091222065678267e-07
==================================================

coord:(29.989167807016706, 7.231766021017783, 23.974718555423085)->(32.685601520889314, 6.223798453549427, 21.278284841550434)
state:field-0.0, action:WA, timestep:153, reward:1.8051689083822602
==================================================

coord:(32.685601520889314, 6.223798453549427, 21.278284841550434)->(37.45226801271582, 6.863884788004712, 21.278284841550434)
state:field-0.0, action:W, timestep:154, reward:-1.9398022919186282
==================================================

coord:(37.45226801271582, 6.863884788004712, 21.278284841550434)->(38.838934628519894, 6.730806294554188, 21.278284841550434)
state:field-0.0, action:W, timestep:155, reward:-0.7264855748861017
==================================================

coord:(38.838934628519894, 6.730806294554188, 21.278284841550434)->(39.965601253860704, 6.514717739218547, 21.278284841550434)
state:field-0.0, action:W, timestep:156, reward:-0.6249490244187275
==================================================

coord:(39.965601253860704, 6.514717739218547, 21.278284841550434)->(39.965601253860704, 6.514717739218547, 21.278284841550434)
state:field-0.0, action:Wait, timestep:157, reward:4.3084250300751137e-07
==================================================

coord:(39.965601253860704, 6.514717739218547, 21.278284841550434)->(41.61226786012804, 5.868766646810801, 21.278284841550434)
state:field-0.0, action:W, timestep:158, reward:-0.8821197948230832
==================================================

coord:(41.61226786012804, 5.868766646810801, 21.278284841550434)->(41.61226786012804, 7.091554966084926, 23.011618111305456)
state:field-0.0, action:D, timestep:159, reward:-0.7552505329179002
==================================================

coord:(41.61226786012804, 7.091554966084926, 23.011618111305456)->(41.61226786012804, 8.457996674488252, 23.011618111305456)
state:air-5.0, action:Wait, timestep:160, reward:-0.9113133492707064
==================================================

coord:(41.61226786012804, 8.457996674488252, 23.011618111305456)->(42.041245950971394, 8.388988346217337, 22.58264002046208)
state:field-0.0, action:WA, timestep:161, reward:-0.23410972096378124
==================================================

coord:(42.041245950971394, 8.388988346217337, 22.58264002046208)->(42.041245950971394, 6.600307955923573, 22.58264002046208)
state:air-5.0, action:Wait, timestep:162, reward:1.1381510020324264
==================================================

coord:(42.041245950971394, 6.600307955923573, 22.58264002046208)->(43.51202797672003, 7.7432778112443525, 24.053422046210798)
state:field-0.0, action:WD, timestep:163, reward:-2.0072996670251104
==================================================

coord:(43.51202797672003, 7.7432778112443525, 24.053422046210798)->(43.51202797672003, 8.513375861448784, 24.053422046210798)
state:air-5.0, action:Wait, timestep:164, reward:-0.46542363942219467
==================================================

coord:(43.51202797672003, 8.513375861448784, 24.053422046210798)->(43.51202797672003, 9.892149101304343, 26.046755306429073)
state:field-0.0, action:D, timestep:165, reward:-1.309126850856444
==================================================

coord:(43.51202797672003, 9.892149101304343, 26.046755306429073)->(43.51202797672003, 11.345167297443975, 26.046755306429073)
state:air-5.0, action:Wait, timestep:166, reward:-0.9961215648218609
==================================================

coord:(43.51202797672003, 11.345167297443975, 26.046755306429073)->(43.51202797672003, 12.842883997674194, 28.04008856664735)
state:field-0.0, action:D, timestep:167, reward:-1.6741626782044214
==================================================

coord:(43.51202797672003, 12.842883997674194, 28.04008856664735)->(43.51202797672003, 14.34979245982817, 28.04008856664735)
state:air-5.0, action:Wait, timestep:168, reward:-1.1242847540536403
==================================================

coord:(43.51202797672003, 14.34979245982817, 28.04008856664735)->(43.51202797672003, 14.34979245982817, 28.04008856664735)
state:field-0.0, action:Wait, timestep:169, reward:-9.790944943688373e-09
==================================================

coord:(43.51202797672003, 14.34979245982817, 28.04008856664735)->(44.492549327219116, 14.34979245982817, 29.020609917146494)
state:field-0.0, action:WD, timestep:170, reward:-0.8938529417041323
==================================================

coord:(44.492549327219116, 14.34979245982817, 29.020609917146494)->(43.51202797672003, 15.825596363884099, 30.00113126764564)
state:field-0.0, action:SD, timestep:171, reward:-0.9352717903259524
==================================================

coord:(43.51202797672003, 15.825596363884099, 30.00113126764564)->(43.51202797672003, 17.22685325412422, 30.00113126764564)
state:air-5.0, action:Wait, timestep:172, reward:-1.0942975041942518
==================================================

coord:(43.51202797672003, 17.22685325412422, 30.00113126764564)->(43.51202797672003, 16.97382271713087, 28.961131305792627)
state:field-0.0, action:A, timestep:173, reward:0.5650590826995732
==================================================

coord:(43.51202797672003, 16.97382271713087, 28.961131305792627)->(43.51202797672003, 14.34979245982817, 28.961131305792627)
state:air-5.0, action:Wait, timestep:174, reward:2.0423027562655562
==================================================

coord:(43.51202797672003, 14.34979245982817, 28.961131305792627)->(42.96048471706429, 15.825596363884099, 29.512674565448396)
state:field-0.0, action:SD, timestep:175, reward:-1.050204971866819
==================================================

coord:(42.96048471706429, 15.825596363884099, 29.512674565448396)->(42.96048471706429, 17.22685325412422, 29.512674565448396)
state:air-5.0, action:Wait, timestep:176, reward:-1.118124130851971
==================================================

coord:(42.96048471706429, 17.22685325412422, 29.512674565448396)->(41.9799633665652, 18.752182617040727, 30.493195915947542)
state:field-0.0, action:SD, timestep:177, reward:-1.189189558323374
==================================================

coord:(41.9799633665652, 18.752182617040727, 30.493195915947542)->(41.9799633665652, 20.0, 30.493195915947542)
state:air-5.0, action:Wait, timestep:178, reward:-1.0518859741270212
==================================================

coord:(41.9799633665652, 20.0, 30.493195915947542)->(41.9799633665652, 20.0, 30.493195915947542)
state:field-0.0, action:Wait, timestep:179, reward:-3.692686227907416e-07
==================================================

coord:(41.9799633665652, 20.0, 30.493195915947542)->(38.30300830219362, 20.0, 34.170150980319214)
state:field-0.0, action:SD, timestep:180, reward:-0.49373588224476705
==================================================

coord:(38.30300830219362, 20.0, 34.170150980319214)->(43.5030081114589, 20.0, 34.170150980319214)
state:field-0.0, action:W, timestep:181, reward:-1.6549234297291058
==================================================

coord:(43.5030081114589, 20.0, 34.170150980319214)->(45.06300805423848, 19.696363355607982, 34.170150980319214)
state:field-0.0, action:W, timestep:182, reward:-0.44719315172561025
==================================================

coord:(45.06300805423848, 19.696363355607982, 34.170150980319214)->(45.06300805423848, 17.22685325412422, 34.170150980319214)
state:air-5.0, action:Wait, timestep:183, reward:1.808991970849938
==================================================

coord:(45.06300805423848, 17.22685325412422, 34.170150980319214)->(45.06300805423848, 17.567454896427755, 37.723484183317154)
state:field-0.0, action:D, timestep:184, reward:-2.18518651212106
==================================================

coord:(45.06300805423848, 17.567454896427755, 37.723484183317154)->(44.940442885426094, 17.567454896427755, 37.84604935212954)
state:field-0.0, action:SD, timestep:185, reward:-0.01750239263049025
==================================================

coord:(44.940442885426094, 17.567454896427755, 37.84604935212954)->(44.940442885426094, 19.628716716337465, 37.84604935212954)
state:air-5.0, action:Wait, timestep:186, reward:-1.4091224538575986
==================================================

coord:(44.940442885426094, 19.628716716337465, 37.84604935212954)->(44.940442885426094, 19.628716716337465, 37.84604935212954)
state:field-0.0, action:Wait, timestep:187, reward:1.3183417024720256e-08
==================================================

coord:(44.940442885426094, 19.628716716337465, 37.84604935212954)->(44.940442885426094, 19.628716716337465, 37.84604935212954)
state:field-0.0, action:Wait, timestep:188, reward:1.3183417024720256e-08
==================================================

coord:(44.940442885426094, 19.628716716337465, 37.84604935212954)->(41.26348782105451, 20.0, 34.16909428775796)
state:field-0.0, action:SA, timestep:189, reward:3.082976587663218
==================================================

coord:(41.26348782105451, 20.0, 34.16909428775796)->(45.076821014515716, 19.696363355607982, 34.16909428775796)
state:field-0.0, action:W, timestep:190, reward:-1.2860518410827488
==================================================

coord:(45.076821014515716, 19.696363355607982, 34.16909428775796)->(45.076821014515716, 17.22685325412422, 34.16909428775796)
state:air-5.0, action:Wait, timestep:191, reward:1.8085542268286652
==================================================

coord:(45.076821014515716, 17.22685325412422, 34.16909428775796)->(45.076821014515716, 15.957100013939426, 31.91576103707634)
state:field-0.0, action:A, timestep:192, reward:1.97048794931937
==================================================

coord:(45.076821014515716, 15.957100013939426, 31.91576103707634)->(45.076821014515716, 15.020545441800547, 31.91576103707634)
state:air-5.0, action:Wait, timestep:193, reward:0.6592430106673959
==================================================

coord:(45.076821014515716, 15.020545441800547, 31.91576103707634)->(44.95425584570333, 15.020545441800547, 31.793195868263947)
state:field-0.0, action:SA, timestep:194, reward:0.12402537770825006
==================================================

coord:(44.95425584570333, 15.020545441800547, 31.793195868263947)->(44.95425584570333, 16.782967888076367, 31.793195868263947)
state:air-5.0, action:Wait, timestep:195, reward:-1.263422510995781
==================================================

coord:(44.95425584570333, 16.782967888076367, 31.793195868263947)->(44.95425584570333, 17.79825572798018, 33.0065291570925)
state:field-0.0, action:D, timestep:196, reward:-1.286321488382196
==================================================

coord:(44.95425584570333, 17.79825572798018, 33.0065291570925)->(44.95425584570333, 18.63020038062031, 33.0065291570925)
state:air-5.0, action:Wait, timestep:197, reward:-0.6207613997264758
==================================================

coord:(44.95425584570333, 18.63020038062031, 33.0065291570925)->(45.01553843010952, 18.63020038062031, 33.067811741498694)
state:field-0.0, action:WD, timestep:198, reward:-0.05700458038943523
==================================================

coord:(45.01553843010952, 18.63020038062031, 33.067811741498694)->(45.01553843010952, 16.673795318751065, 33.067811741498694)
state:air-5.0, action:Wait, timestep:199, reward:1.435321827399612
==================================================

coord:(45.01553843010952, 16.673795318751065, 33.067811741498694)->(45.01553843010952, 15.509854848581673, 30.987811817792625)
state:field-0.0, action:A, timestep:200, reward:1.7624693974368952
==================================================

coord:(45.01553843010952, 15.509854848581673, 30.987811817792625)->(45.01553843010952, 13.98004049266512, 30.987811817792625)
state:air-5.0, action:Wait, timestep:201, reward:1.0718791372765324
==================================================

coord:(45.01553843010952, 13.98004049266512, 30.987811817792625)->(43.97553846825647, 15.620376208807022, 30.987811817792625)
state:field-0.0, action:S, timestep:202, reward:-0.5922709368448409
==================================================

coord:(43.97553846825647, 15.620376208807022, 30.987811817792625)->(43.97553846825647, 17.22685325412422, 30.987811817792625)
state:air-5.0, action:Wait, timestep:203, reward:-1.2153890916840204
==================================================

coord:(43.97553846825647, 17.22685325412422, 30.987811817792625)->(42.99501711775738, 18.509011634019505, 31.96833316829177)
state:field-0.0, action:SD, timestep:204, reward:-0.961619075873454
==================================================

coord:(42.99501711775738, 18.509011634019505, 31.96833316829177)->(42.99501711775738, 20.0, 31.96833316829177)
state:air-5.0, action:Wait, timestep:205, reward:-1.2022474223827508
==================================================

coord:(42.99501711775738, 20.0, 31.96833316829177)->(41.953213182852096, 20.0, 30.92652923338643)
state:field-0.0, action:SA, timestep:206, reward:0.8189512361440521
==================================================

coord:(41.953213182852096, 20.0, 30.92652923338643)->(38.27625811848051, 20.0, 34.60348429775807)
state:field-0.0, action:SD, timestep:207, reward:-0.5606155072498424
==================================================

coord:(38.27625811848051, 20.0, 34.60348429775807)->(43.47625792774579, 20.0, 34.60348429775807)
state:field-0.0, action:W, timestep:208, reward:-1.6356800319785094
==================================================

coord:(43.47625792774579, 20.0, 34.60348429775807)->(43.47625792774579, 20.0, 34.60348429775807)
state:field-0.0, action:Wait, timestep:209, reward:-7.869833922313774e-07
==================================================

coord:(43.47625792774579, 20.0, 34.60348429775807)->(38.27625811848051, 20.0, 34.60348429775807)
state:field-0.0, action:S, timestep:210, reward:1.635679277296056
==================================================

coord:(38.27625811848051, 20.0, 34.60348429775807)->(34.59930305410893, 20.0, 30.926529233386425)
state:field-0.0, action:SA, timestep:211, reward:2.2616373640078784
==================================================

coord:(34.59930305410893, 20.0, 30.926529233386425)->(38.27625811848051, 20.0, 34.60348429775807)
state:field-0.0, action:WD, timestep:212, reward:-2.2616367017078502
==================================================

coord:(38.27625811848051, 20.0, 34.60348429775807)->(34.59930305410893, 20.0, 30.926529233386425)
state:field-0.0, action:SA, timestep:213, reward:2.2616373640078784
==================================================

coord:(34.59930305410893, 20.0, 30.926529233386425)->(38.27625811848051, 20.0, 34.60348429775807)
state:field-0.0, action:WD, timestep:214, reward:-2.2616367017078502
==================================================

coord:(38.27625811848051, 20.0, 34.60348429775807)->(38.27625811848051, 20.0, 34.60348429775807)
state:field-0.0, action:Wait, timestep:215, reward:3.230093881256835e-08
==================================================

coord:(38.27625811848051, 20.0, 34.60348429775807)->(34.59930305410893, 20.0, 30.926529233386425)
state:field-0.0, action:SA, timestep:216, reward:2.2616373640078784
==================================================

coord:(34.59930305410893, 20.0, 30.926529233386425)->(30.922347989737283, 20.0, 34.60348429775807)
state:field-0.0, action:SD, timestep:217, reward:-1.7711062330013867
==================================================

coord:(30.922347989737283, 20.0, 34.60348429775807)->(27.975681431153745, 19.74696946300665, 34.60348429775807)
state:field-0.0, action:S, timestep:218, reward:-0.22792820075509823
==================================================

coord:(27.975681431153745, 19.74696946300665, 34.60348429775807)->(27.975681431153745, 17.22685325412422, 34.60348429775807)
state:air-5.0, action:Wait, timestep:219, reward:2.030584338518455
==================================================

coord:(27.975681431153745, 17.22685325412422, 34.60348429775807)->(28.036964015559942, 17.22685325412422, 34.54220171335188)
state:field-0.0, action:WA, timestep:220, reward:0.04914759275728642
==================================================

coord:(28.036964015559942, 17.22685325412422, 34.54220171335188)->(28.036964015559942, 19.24815088085866, 34.54220171335188)
state:air-5.0, action:Wait, timestep:221, reward:-1.6245426415897377
==================================================

coord:(28.036964015559942, 19.24815088085866, 34.54220171335188)->(27.975681431153745, 19.24815088085866, 34.480919128945686)
state:field-0.0, action:SA, timestep:222, reward:0.01960949023542824
==================================================

coord:(27.975681431153745, 19.24815088085866, 34.480919128945686)->(27.975681431153745, 17.22685325412422, 34.480919128945686)
state:air-5.0, action:Wait, timestep:223, reward:1.62600101669101
==================================================

coord:(27.975681431153745, 17.22685325412422, 34.480919128945686)->(26.935681469300732, 17.22685325412422, 34.480919128945686)
state:field-0.0, action:S, timestep:224, reward:-0.2622226063142534
==================================================

coord:(26.935681469300732, 17.22685325412422, 34.480919128945686)->(26.935681469300732, 15.217885033606958, 34.480919128945686)
state:air-5.0, action:Wait, timestep:225, reward:1.525940142375802
==================================================

coord:(26.935681469300732, 15.217885033606958, 34.480919128945686)->(26.935681469300732, 14.053944563437566, 31.967585887800805)
state:field-0.0, action:A, timestep:226, reward:2.3286255288985025
==================================================

coord:(26.935681469300732, 14.053944563437566, 31.967585887800805)->(26.935681469300732, 13.268873328369823, 31.967585887800805)
state:air-5.0, action:Wait, timestep:227, reward:0.5969248520312185
==================================================

coord:(26.935681469300732, 13.268873328369823, 31.967585887800805)->(24.942348209082457, 12.965236683977805, 31.967585887800805)
state:field-0.0, action:S, timestep:228, reward:-0.5622316527839928
==================================================

coord:(24.942348209082457, 12.965236683977805, 31.967585887800805)->(24.942348209082457, 9.956918478215421, 31.967585887800805)
state:air-5.0, action:Wait, timestep:229, reward:2.000998173902417
==================================================

coord:(24.942348209082457, 9.956918478215421, 31.967585887800805)->(24.942348209082457, 8.79297800804603, 28.934252665729517)
state:field-0.0, action:A, timestep:230, reward:2.434309087364211
==================================================

coord:(24.942348209082457, 8.79297800804603, 28.934252665729517)->(24.942348209082457, 7.719467496535955, 28.934252665729517)
state:air-5.0, action:Wait, timestep:231, reward:0.6581477747420461
==================================================

coord:(24.942348209082457, 7.719467496535955, 28.934252665729517)->(22.949014948864182, 7.415830852143943, 28.934252665729517)
state:field-0.0, action:S, timestep:232, reward:-1.1486579760558886
==================================================

coord:(22.949014948864182, 7.415830852143943, 28.934252665729517)->(22.949014948864182, 2.457807391178343, 28.934252665729517)
state:air-5.0, action:Wait, timestep:233, reward:1.8305807555826075
==================================================

coord:(22.949014948864182, 2.457807391178343, 28.934252665729517)->(21.35566775430307, 2.2817779984468363, 27.340905471168405)
state:field-0.0, action:SA, timestep:234, reward:-0.5565875305754382
==================================================

coord:(21.35566775430307, 2.2817779984468363, 27.340905471168405)->(20.25258123499153, 2.0159633174808635, 26.237818951856866)
state:field-0.0, action:SA, timestep:235, reward:-0.5714220879390766
==================================================

coord:(20.25258123499153, 2.0159633174808635, 26.237818951856866)->(20.25258123499153, 1.3562888280233438, 28.577818866026146)
state:field-0.0, action:D, timestep:236, reward:-0.8246566025699469
==================================================

coord:(20.25258123499153, 1.3562888280233438, 28.577818866026146)->(18.43258130174876, 0.6778348795001161, 28.577818866026146)
state:field-0.0, action:S, timestep:237, reward:-1.5895600606755007
==================================================

coord:(18.43258130174876, 0.6778348795001161, 28.577818866026146)->(21.006449846809016, 2.0159633174808635, 26.003950320965888)
state:field-0.0, action:WA, timestep:238, reward:3.1940832542702715
==================================================

coord:(21.006449846809016, 2.0159633174808635, 26.003950320965888)->(21.006449846809016, 2.747638116270579, 26.003950320965888)
state:air-5.0, action:Wait, timestep:239, reward:-0.13539091871151143
==================================================

coord:(21.006449846809016, 2.747638116270579, 26.003950320965888)->(18.92644992310299, 1.5836976461011925, 26.003950320965888)
state:field-0.0, action:S, timestep:240, reward:-1.778155683489972
==================================================

coord:(18.92644992310299, 1.5836976461011925, 26.003950320965888)->(18.92644992310299, 1.0075215722102642, 26.003950320965888)
state:air-5.0, action:Wait, timestep:241, reward:0.05080926091891769
==================================================

coord:(18.92644992310299, 1.0075215722102642, 26.003950320965888)->(18.92644992310299, 1.8257865992739646, 20.803950511700823)
state:field-0.0, action:A, timestep:242, reward:0.42488214590323636
==================================================

coord:(18.92644992310299, 1.8257865992739646, 20.803950511700823)->(16.066450028007203, 0.8263977634849407, 20.803950511700823)
state:field-0.0, action:S, timestep:243, reward:-2.7540407922571397
==================================================

coord:(16.066450028007203, 0.8263977634849407, 20.803950511700823)->(19.01311658659074, 1.8257865992739646, 20.803950511700823)
state:field-0.0, action:W, timestep:244, reward:2.8396775027525187
==================================================

coord:(19.01311658659074, 1.8257865992739646, 20.803950511700823)->(19.01311658659074, 2.614828605119289, 20.803950511700823)
state:air-5.0, action:Wait, timestep:245, reward:-0.12322044993729442
==================================================

coord:(19.01311658659074, 2.614828605119289, 20.803950511700823)->(17.41976939202963, 1.2591507448593033, 19.21060331713971)
state:field-0.0, action:SA, timestep:246, reward:-1.5985825370675535
==================================================

coord:(17.41976939202963, 1.2591507448593033, 19.21060331713971)->(16.071552535093304, 0.8263977634849407, 20.558820174076036)
state:field-0.0, action:SD, timestep:247, reward:-1.1318047523945864
==================================================

coord:(16.071552535093304, 0.8263977634849407, 20.558820174076036)->(16.071552535093304, 0.8263977634849407, 18.738820240833263)
state:field-0.0, action:A, timestep:248, reward:-0.2497369338117288
==================================================

coord:(16.071552535093304, 0.8263977634849407, 18.738820240833263)->(16.071552535093304, 0.8263977634849407, 18.738820240833263)
state:field-0.0, action:Wait, timestep:249, reward:-1.479230569145784e-07
==================================================

coord:(16.071552535093304, 0.8263977634849407, 18.738820240833263)->(16.071552535093304, 0.8263977634849407, 18.738820240833263)
state:field-0.0, action:Wait, timestep:250, reward:-1.479230569145784e-07
==================================================

coord:(16.071552535093304, 0.8263977634849407, 18.738820240833263)->(15.15231376900038, 0.5161598678007704, 17.819581474740314)
state:field-0.0, action:SA, timestep:251, reward:-1.0784932251632071
==================================================

coord:(15.15231376900038, 0.5161598678007704, 17.819581474740314)->(17.05207388559245, 1.0327911462574286, 15.919821358148223)
state:field-0.0, action:WA, timestep:252, reward:1.2391228539028951
==================================================

coord:(17.05207388559245, 1.0327911462574286, 15.919821358148223)->(17.05207388559245, 1.2436513637765316, 20.42648785951128)
state:field-0.0, action:D, timestep:253, reward:1.0253286043163001
==================================================

coord:(17.05207388559245, 1.2436513637765316, 20.42648785951128)->(16.071552535093304, 0.7962545083825889, 21.407009210010425)
state:field-0.0, action:SD, timestep:254, reward:-0.8839857180186144
==================================================

coord:(16.071552535093304, 0.7962545083825889, 21.407009210010425)->(16.071552535093304, 0.8263977634849407, 18.72034264189014)
state:field-0.0, action:A, timestep:255, reward:-0.3054724573151191
==================================================

coord:(16.071552535093304, 0.8263977634849407, 18.72034264189014)->(17.60361714524822, 1.2436513637765316, 20.252407252045057)
state:field-0.0, action:WD, timestep:256, reward:1.7179332018890285
==================================================

coord:(17.60361714524822, 1.2436513637765316, 20.252407252045057)->(17.60361714524822, 1.2436513637765316, 20.252407252045057)
state:death-0.0, action:WD, timestep:257, reward:-999999
==================================================

