coord:(2.0, 14.391348878186031, 2.0)->(2.0, 14.391348878186031, 2.0)
state:field, action:Wait, timestep:1, reward:-0.0
==================================================
coord:(2.0, 14.391348878186031, 2.0)->(6.242640687119277, 13.3950155448527, 6.242640687119277)
state:field, action:WDsj, timestep:2, reward:4.2079658084039675
==================================================
coord:(6.242640687119277, 13.3950155448527, 6.242640687119277)->(6.242640687119277, 13.3950155448527, 6.242640687119277)
state:air, action:Wait, timestep:3, reward:-0.0
==================================================
coord:(6.242640687119277, 13.3950155448527, 6.242640687119277)->(6.242640687119277, 13.3950155448527, 6.242640687119277)
state:air, action:Wait, timestep:4, reward:-0.0
==================================================
coord:(6.242640687119277, 13.3950155448527, 6.242640687119277)->(6.242640687119277, 13.3950155448527, 6.242640687119277)
state:air, action:Wait, timestep:5, reward:-0.0
==================================================
coord:(6.242640687119277, 13.3950155448527, 6.242640687119277)->(6.242640687119277, 13.3950155448527, 6.242640687119277)
state:air, action:j, timestep:6, reward:-0.0
==================================================
coord:(6.242640687119277, 13.3950155448527, 6.242640687119277)->(6.242640687119277, 13.3950155448527, 6.242640687119277)
state:parachute, action:SDj, timestep:7, reward:-0.0
==================================================
coord:(6.242640687119277, 13.3950155448527, 6.242640687119277)->(6.242640687119277, 13.3950155448527, 6.242640687119277)
state:air, action:Wait, timestep:8, reward:-0.0
==================================================
coord:(6.242640687119277, 13.3950155448527, 6.242640687119277)->(6.242640687119277, 13.3950155448527, 6.242640687119277)
state:air, action:Wait, timestep:9, reward:-0.0
==================================================
coord:(6.242640687119277, 13.3950155448527, 6.242640687119277)->(6.242640687119277, 13.3950155448527, 6.242640687119277)
state:air, action:Wait, timestep:10, reward:-0.0
==================================================
coord:(6.242640687119277, 13.3950155448527, 6.242640687119277)->(6.242640687119277, 13.3950155448527, 6.242640687119277)
state:air, action:j, timestep:11, reward:-0.0
==================================================
coord:(6.242640687119277, 13.3950155448527, 6.242640687119277)->(6.242640687119277, 13.3950155448527, 6.242640687119277)
state:parachute, action:Wait, timestep:12, reward:-0.0
==================================================
coord:(6.242640687119277, 13.3950155448527, 6.242640687119277)->(6.242640687119277, 13.3950155448527, 6.242640687119277)
state:parachute, action:Wj, timestep:13, reward:-0.0
==================================================
coord:(6.242640687119277, 13.3950155448527, 6.242640687119277)->(6.242640687119277, 13.3950155448527, 6.242640687119277)
state:air, action:j, timestep:14, reward:-0.0
==================================================
coord:(6.242640687119277, 13.3950155448527, 6.242640687119277)->(6.242640687119277, 13.3950155448527, 6.242640687119277)
state:parachute, action:Wj, timestep:15, reward:-0.0
==================================================
coord:(6.242640687119277, 13.3950155448527, 6.242640687119277)->(6.242640687119277, 13.3950155448527, 6.242640687119277)
state:air, action:Wait, timestep:16, reward:-0.0
==================================================
coord:(6.242640687119277, 13.3950155448527, 6.242640687119277)->(6.242640687119277, 13.3950155448527, 6.242640687119277)
state:air, action:j, timestep:17, reward:-0.0
==================================================
coord:(6.242640687119277, 13.3950155448527, 6.242640687119277)->(6.242640687119277, 13.3950155448527, 6.242640687119277)
state:parachute, action:Wait, timestep:18, reward:-0.0
==================================================
coord:(6.242640687119277, 13.3950155448527, 6.242640687119277)->(6.242640687119277, 13.3950155448527, 6.242640687119277)
state:parachute, action:Sj, timestep:19, reward:-0.0
==================================================
coord:(6.242640687119277, 13.3950155448527, 6.242640687119277)->(6.242640687119277, 13.3950155448527, 6.242640687119277)
state:air, action:j, timestep:20, reward:-0.0
==================================================
coord:(6.242640687119277, 13.3950155448527, 6.242640687119277)->(6.242640687119277, 9.49501554485273, 11.442640687119255)
state:parachute, action:D, timestep:21, reward:4.829655524928134
==================================================
coord:(6.242640687119277, 9.49501554485273, 11.442640687119255)->(6.242640687119277, 9.49501554485273, 11.442640687119255)
state:parachute, action:Sj, timestep:22, reward:-0.0
==================================================
coord:(6.242640687119277, 9.49501554485273, 11.442640687119255)->(6.242640687119277, 9.49501554485273, 11.442640687119255)
state:air, action:j, timestep:23, reward:-0.0
==================================================
coord:(6.242640687119277, 9.49501554485273, 11.442640687119255)->(6.242640687119277, 9.49501554485273, 11.442640687119255)
state:parachute, action:WDj, timestep:24, reward:-0.0
==================================================
coord:(6.242640687119277, 9.49501554485273, 11.442640687119255)->(6.242640687119277, 9.49501554485273, 11.442640687119255)
state:air, action:j, timestep:25, reward:-0.0
==================================================
coord:(6.242640687119277, 9.49501554485273, 11.442640687119255)->(6.242640687119277, 5.5950155448527275, 6.242640687119276)
state:parachute, action:A, timestep:26, reward:1.3626949572966982
==================================================
coord:(6.242640687119277, 5.5950155448527275, 6.242640687119276)->(9.91959594928933, 1.69501554485272, 9.919595949289329)
state:parachute, action:WD, timestep:27, reward:6.179221427159915
==================================================
coord:(9.91959594928933, 1.69501554485272, 9.919595949289329)->(9.91959594928933, 0.0, 12.259595949289311)
state:parachute, action:D, timestep:28, reward:2.412939234977968
==================================================
