coord:(2.0, 14.391348878186031, 2.0)->(2.0, 14.391348878186031, 2.0)
state:field, action:Wait, timestep:1, reward:-0.0
==================================================
coord:(2.0, 14.391348878186031, 2.0)->(6.242640687119277, 14.391348878186031, 6.242640687119277)
state:field, action:WDs, timestep:2, reward:3.3150746752050626
==================================================
coord:(6.242640687119277, 14.391348878186031, 6.242640687119277)->(12.242640687119255, 14.391348878186031, 6.242640687119277)
state:field, action:Ws, timestep:3, reward:0.2875063289878579
==================================================
coord:(12.242640687119255, 14.391348878186031, 6.242640687119277)->(17.442640687119216, 14.391348878186031, 6.242640687119277)
state:field, action:W, timestep:4, reward:-1.5328467329943436
==================================================
coord:(17.442640687119216, 14.391348878186031, 6.242640687119277)->(12.242640687119255, 11.216965544852696, 6.242640687119277)
state:field, action:Sj, timestep:5, reward:4.388376219814646
==================================================
coord:(12.242640687119255, 11.216965544852696, 6.242640687119277)->(12.242640687119255, 11.216965544852696, 6.242640687119277)
state:air, action:Wait, timestep:6, reward:-0.0
==================================================
coord:(12.242640687119255, 11.216965544852696, 6.242640687119277)->(12.242640687119255, 11.216965544852696, 6.242640687119277)
state:air, action:j, timestep:7, reward:-0.0
==================================================
coord:(12.242640687119255, 11.216965544852696, 6.242640687119277)->(12.242640687119255, 11.216965544852696, 6.242640687119277)
state:parachute, action:WAj, timestep:8, reward:-0.0
==================================================
coord:(12.242640687119255, 11.216965544852696, 6.242640687119277)->(12.242640687119255, 11.216965544852696, 6.242640687119277)
state:air, action:Wait, timestep:9, reward:-0.0
==================================================
coord:(12.242640687119255, 11.216965544852696, 6.242640687119277)->(12.242640687119255, 11.216965544852696, 6.242640687119277)
state:air, action:j, timestep:10, reward:-0.0
==================================================
coord:(12.242640687119255, 11.216965544852696, 6.242640687119277)->(12.242640687119255, 7.316965544852716, 11.442640687119255)
state:parachute, action:D, timestep:11, reward:5.13292421372915
==================================================
coord:(12.242640687119255, 7.316965544852716, 11.442640687119255)->(8.565685424949201, 3.416965544852697, 15.119595949289309)
state:parachute, action:SD, timestep:12, reward:2.829157833461873
==================================================
coord:(8.565685424949201, 3.416965544852697, 15.119595949289309)->(11.813662573199416, 0.0, 11.871618801039094)
state:parachute, action:WA, timestep:13, reward:3.0258462704152347
==================================================
coord:(11.813662573199416, 0.0, 11.871618801039094)->(15.207775122894837, 0.0, 8.477506251343673)
state:field, action:WAsj, timestep:14, reward:-4.468999341997168
==================================================
coord:(15.207775122894837, 0.0, 8.477506251343673)->(15.207775122894837, 0.0, 13.277506251343656)
state:field, action:Dsj, timestep:15, reward:0.9250228425753315
==================================================
coord:(15.207775122894837, 0.0, 13.277506251343656)->(15.207775122894837, 0.0, 7.277506251343677)
state:field, action:As, timestep:16, reward:-1.6679628714056633
==================================================
coord:(15.207775122894837, 0.0, 7.277506251343677)->(17.475230867899704, 0.0, 5.0100505063388105)
state:field, action:WAj, timestep:17, reward:-3.204041437687321
==================================================
coord:(17.475230867899704, 0.0, 5.0100505063388105)->(19.74268661290457, 0.0, 7.277506251343677)
state:field, action:WDj, timestep:18, reward:-0.592724345911968
==================================================
coord:(19.74268661290457, 0.0, 7.277506251343677)->(16.34857406320915, 0.0, 10.671618801039099)
state:field, action:SDsj, timestep:19, reward:4.340844670050709
==================================================
coord:(16.34857406320915, 0.0, 10.671618801039099)->(11.148574063209189, 0.0, 10.671618801039099)
state:field, action:S, timestep:20, reward:4.729980574606371
==================================================
coord:(11.148574063209189, 0.0, 10.671618801039099)->(5.9485740632092075, 0.0, 10.671618801039099)
state:field, action:S, timestep:21, reward:-2.5075620841464565
==================================================
coord:(5.9485740632092075, 0.0, 10.671618801039099)->(5.9485740632092075, 0.0, 15.871618801039059)
state:field, action:D, timestep:22, reward:-1.340238518552023
==================================================
coord:(5.9485740632092075, 0.0, 15.871618801039059)->(10.191214750328484, 0.0, 11.628978113919782)
state:field, action:WAs, timestep:23, reward:5.186484100455939
==================================================
