coord:(2.0, 14.391348878186031, 2.0)->(2.0, 14.391348878186031, 2.0)
state:field, action:Wait, timestep:1, reward:-0.0
==================================================
coord:(2.0, 14.391348878186031, 2.0)->(2.0, 14.391348878186031, 7.999999999999988)
state:field, action:Ds, timestep:2, reward:2.3198916696649263
==================================================
coord:(2.0, 14.391348878186031, 7.999999999999988)->(6.242640687119277, 14.391348878186031, 12.242640687119264)
state:field, action:WDs, timestep:3, reward:2.0686109813814184
==================================================
coord:(6.242640687119277, 14.391348878186031, 12.242640687119264)->(6.242640687119277, 11.216965544852696, 12.242640687119264)
state:field, action:j, timestep:4, reward:3.0437065859229513
==================================================
coord:(6.242640687119277, 11.216965544852696, 12.242640687119264)->(6.242640687119277, 11.216965544852696, 12.242640687119264)
state:air, action:Wait, timestep:5, reward:-0.0
==================================================
coord:(6.242640687119277, 11.216965544852696, 12.242640687119264)->(6.242640687119277, 11.216965544852696, 12.242640687119264)
state:air, action:Wait, timestep:6, reward:-0.0
==================================================
coord:(6.242640687119277, 11.216965544852696, 12.242640687119264)->(6.242640687119277, 11.216965544852696, 12.242640687119264)
state:air, action:j, timestep:7, reward:-0.0
==================================================
coord:(6.242640687119277, 11.216965544852696, 12.242640687119264)->(6.242640687119277, 11.216965544852696, 12.242640687119264)
state:parachute, action:Wj, timestep:8, reward:-0.0
==================================================
coord:(6.242640687119277, 11.216965544852696, 12.242640687119264)->(6.242640687119277, 11.216965544852696, 12.242640687119264)
state:air, action:j, timestep:9, reward:-0.0
==================================================
coord:(6.242640687119277, 11.216965544852696, 12.242640687119264)->(6.242640687119277, 11.216965544852696, 12.242640687119264)
state:parachute, action:SDj, timestep:10, reward:-0.0
==================================================
coord:(6.242640687119277, 11.216965544852696, 12.242640687119264)->(6.242640687119277, 11.216965544852696, 12.242640687119264)
state:air, action:Wait, timestep:11, reward:-0.0
==================================================
coord:(6.242640687119277, 11.216965544852696, 12.242640687119264)->(6.242640687119277, 11.216965544852696, 12.242640687119264)
state:air, action:Wait, timestep:12, reward:-0.0
==================================================
coord:(6.242640687119277, 11.216965544852696, 12.242640687119264)->(6.242640687119277, 11.216965544852696, 12.242640687119264)
state:air, action:Wait, timestep:13, reward:-0.0
==================================================
coord:(6.242640687119277, 11.216965544852696, 12.242640687119264)->(6.242640687119277, 11.216965544852696, 12.242640687119264)
state:air, action:j, timestep:14, reward:-0.0
==================================================
coord:(6.242640687119277, 11.216965544852696, 12.242640687119264)->(6.242640687119277, 11.216965544852696, 12.242640687119264)
state:parachute, action:Wait, timestep:15, reward:-0.0
==================================================
coord:(6.242640687119277, 11.216965544852696, 12.242640687119264)->(6.242640687119277, 11.216965544852696, 12.242640687119264)
state:parachute, action:j, timestep:16, reward:-0.0
==================================================
coord:(6.242640687119277, 11.216965544852696, 12.242640687119264)->(6.242640687119277, 11.216965544852696, 12.242640687119264)
state:air, action:Wait, timestep:17, reward:-0.0
==================================================
coord:(6.242640687119277, 11.216965544852696, 12.242640687119264)->(6.242640687119277, 11.216965544852696, 12.242640687119264)
state:air, action:Wait, timestep:18, reward:-0.0
==================================================
coord:(6.242640687119277, 11.216965544852696, 12.242640687119264)->(6.242640687119277, 11.216965544852696, 12.242640687119264)
state:air, action:Wait, timestep:19, reward:-0.0
==================================================
coord:(6.242640687119277, 11.216965544852696, 12.242640687119264)->(6.242640687119277, 11.216965544852696, 12.242640687119264)
state:air, action:Wait, timestep:20, reward:-0.0
==================================================
coord:(6.242640687119277, 11.216965544852696, 12.242640687119264)->(6.242640687119277, 11.216965544852696, 12.242640687119264)
state:air, action:Wait, timestep:21, reward:-0.0
==================================================
coord:(6.242640687119277, 11.216965544852696, 12.242640687119264)->(6.242640687119277, 11.216965544852696, 12.242640687119264)
state:air, action:Wait, timestep:22, reward:-0.0
==================================================
coord:(6.242640687119277, 11.216965544852696, 12.242640687119264)->(6.242640687119277, 11.216965544852696, 12.242640687119264)
state:air, action:Wait, timestep:23, reward:-0.0
==================================================
coord:(6.242640687119277, 11.216965544852696, 12.242640687119264)->(6.242640687119277, 11.216965544852696, 12.242640687119264)
state:air, action:Wait, timestep:24, reward:-0.0
==================================================
coord:(6.242640687119277, 11.216965544852696, 12.242640687119264)->(6.242640687119277, 11.216965544852696, 12.242640687119264)
state:air, action:Wait, timestep:25, reward:-0.0
==================================================
coord:(6.242640687119277, 11.216965544852696, 12.242640687119264)->(6.242640687119277, 11.216965544852696, 12.242640687119264)
state:air, action:j, timestep:26, reward:-0.0
==================================================
coord:(6.242640687119277, 11.216965544852696, 12.242640687119264)->(6.242640687119277, 11.216965544852696, 12.242640687119264)
state:parachute, action:Sj, timestep:27, reward:-0.0
==================================================
coord:(6.242640687119277, 11.216965544852696, 12.242640687119264)->(6.242640687119277, 11.216965544852696, 12.242640687119264)
state:air, action:Wait, timestep:28, reward:-0.0
==================================================
coord:(6.242640687119277, 11.216965544852696, 12.242640687119264)->(6.242640687119277, 11.216965544852696, 12.242640687119264)
state:air, action:j, timestep:29, reward:-0.0
==================================================
coord:(6.242640687119277, 11.216965544852696, 12.242640687119264)->(2.5656854249492227, 7.316965544852716, 15.919595949289318)
state:parachute, action:SD, timestep:30, reward:0.6888596658554196
==================================================
coord:(2.5656854249492227, 7.316965544852716, 15.919595949289318)->(2.5656854249492227, 7.316965544852716, 15.919595949289318)
state:parachute, action:Dj, timestep:31, reward:-0.0
==================================================
coord:(2.5656854249492227, 7.316965544852716, 15.919595949289318)->(2.5656854249492227, 7.316965544852716, 15.919595949289318)
state:air, action:Wait, timestep:32, reward:-0.0
==================================================
coord:(2.5656854249492227, 7.316965544852716, 15.919595949289318)->(2.5656854249492227, 7.316965544852716, 15.919595949289318)
state:air, action:Wait, timestep:33, reward:-0.0
==================================================
coord:(2.5656854249492227, 7.316965544852716, 15.919595949289318)->(2.5656854249492227, 7.316965544852716, 15.919595949289318)
state:air, action:Wait, timestep:34, reward:-0.0
==================================================
coord:(2.5656854249492227, 7.316965544852716, 15.919595949289318)->(2.5656854249492227, 7.316965544852716, 15.919595949289318)
state:air, action:j, timestep:35, reward:-0.0
==================================================
coord:(2.5656854249492227, 7.316965544852716, 15.919595949289318)->(6.242640687119277, 3.416965544852697, 12.242640687119264)
state:parachute, action:WA, timestep:36, reward:6.058657119720088
==================================================
coord:(6.242640687119277, 3.416965544852697, 12.242640687119264)->(10.835974020452593, 0.0, 12.242640687119264)
state:parachute, action:W, timestep:37, reward:4.214038256563818
==================================================
coord:(10.835974020452593, 0.0, 12.242640687119264)->(10.835974020452593, 0.0, 7.442640687119281)
state:field, action:Asj, timestep:38, reward:-3.762922744447492
==================================================
coord:(10.835974020452593, 0.0, 7.442640687119281)->(10.835974020452593, 0.0, 2.242640687119268)
state:field, action:A, timestep:39, reward:-5.159707457435153
==================================================
coord:(10.835974020452593, 0.0, 2.242640687119268)->(6.03597402045261, 0.0, 2.242640687119268)
state:field, action:Ssj, timestep:40, reward:-0.7387302796469708
==================================================
coord:(6.03597402045261, 0.0, 2.242640687119268)->(10.278614707571887, 0.0, 6.485281374238545)
state:field, action:WDs, timestep:41, reward:5.010083448162611
==================================================
coord:(10.278614707571887, 0.0, 6.485281374238545)->(15.478614707571847, 0.0, 6.485281374238545)
state:field, action:W, timestep:42, reward:-2.251750240156137
==================================================
coord:(15.478614707571847, 0.0, 6.485281374238545)->(19.721255394691124, 0.0, 10.727922061357821)
state:field, action:WDs, timestep:43, reward:-2.0306287383559836
==================================================
coord:(19.721255394691124, 0.0, 10.727922061357821)->(19.721255394691124, 0.0, 15.527922061357804)
state:field, action:Dsj, timestep:44, reward:-0.5374857126474222
==================================================
coord:(19.721255394691124, 0.0, 15.527922061357804)->(19.721255394691124, 0.0, 20.327922061357864)
state:field, action:Dsj, timestep:45, reward:-2.459050730912379
==================================================
coord:(19.721255394691124, 0.0, 20.327922061357864)->(14.921255394691075, 0.0, 20.327922061357864)
state:field, action:Ssj, timestep:46, reward:3.1273517499393435
==================================================
coord:(14.921255394691075, 0.0, 20.327922061357864)->(10.678614707571798, 0.0, 24.57056274847714)
state:field, action:SDs, timestep:47, reward:-2.9155508365447673
==================================================
coord:(10.678614707571798, 0.0, 24.57056274847714)->(7.001659445401744, 0.0, 28.247518010647195)
state:field, action:SD, timestep:48, reward:-3.9329941621502282
==================================================
coord:(7.001659445401744, 0.0, 28.247518010647195)->(13.001659445401723, 0.0, 28.247518010647195)
state:field, action:Ws, timestep:49, reward:-0.0006026252667474807
==================================================
coord:(13.001659445401723, 0.0, 28.247518010647195)->(10.734203700396856, 0.0, 25.980062265642328)
state:field, action:SAj, timestep:50, reward:2.523135111571909
==================================================
coord:(10.734203700396856, 0.0, 25.980062265642328)->(14.976844387516133, 0.0, 21.73742157852305)
state:field, action:WAs, timestep:51, reward:3.0637736009332404
==================================================
coord:(14.976844387516133, 0.0, 21.73742157852305)->(14.976844387516133, 0.0, 16.53742157852309)
state:field, action:A, timestep:52, reward:4.200781272144061
==================================================
coord:(14.976844387516133, 0.0, 16.53742157852309)->(18.653799649686185, 0.0, 12.860466316353037)
state:field, action:WA, timestep:53, reward:-1.9616999207593384
==================================================
coord:(18.653799649686185, 0.0, 12.860466316353037)->(20.921255394691052, 0.0, 15.127922061357904)
state:field, action:WDj, timestep:54, reward:-2.663883743648171
==================================================
coord:(20.921255394691052, 0.0, 15.127922061357904)->(20.921255394691052, 0.0, 15.127922061357904)
state:field, action:Wait, timestep:55, reward:-0.0
==================================================
coord:(20.921255394691052, 0.0, 15.127922061357904)->(14.921255394690986, 0.0, 15.127922061357904)
state:field, action:Ss, timestep:56, reward:5.529177985888395
==================================================
coord:(14.921255394690986, 0.0, 15.127922061357904)->(14.921255394690986, 0.0, 9.127922061357925)
state:field, action:As, timestep:57, reward:0.13314566805035266
==================================================
coord:(14.921255394690986, 0.0, 9.127922061357925)->(8.921255394691007, 0.0, 9.127922061357925)
state:field, action:Ss, timestep:58, reward:2.630050237700255
==================================================
coord:(8.921255394691007, 0.0, 9.127922061357925)->(12.315367944386429, 0.0, 12.522034611053346)
state:field, action:WDsj, timestep:59, reward:0.6944945616426312
==================================================
coord:(12.315367944386429, 0.0, 12.522034611053346)->(12.315367944386429, 0.0, 17.322034611053354)
state:field, action:Dsj, timestep:60, reward:-3.4303876359056145
==================================================
coord:(12.315367944386429, 0.0, 17.322034611053354)->(12.315367944386429, 0.0, 17.322034611053354)
state:field, action:Wait, timestep:61, reward:-0.0
==================================================
coord:(12.315367944386429, 0.0, 17.322034611053354)->(12.315367944386429, 0.0, 14.115367944386712)
state:field, action:Aj, timestep:62, reward:2.6676827934691056
==================================================
coord:(12.315367944386429, 0.0, 14.115367944386712)->(10.047912199381562, 0.0, 16.38282368939158)
state:field, action:SDj, timestep:63, reward:-1.2468919712794282
==================================================
coord:(10.047912199381562, 0.0, 16.38282368939158)->(10.047912199381562, 0.0, 11.58282368939159)
state:field, action:Asj, timestep:64, reward:3.963166938497527
==================================================
