coord:(2.0, 14.391348878186031, 2.0)->(2.0, 14.391348878186031, 2.0)
state:field, action:Wait, timestep:1, reward:-0.0
==================================================
coord:(2.0, 14.391348878186031, 2.0)->(2.0, 13.3950155448527, 7.999999999999988)
state:field, action:Dsj, timestep:2, reward:3.157519093102696
==================================================
coord:(2.0, 13.3950155448527, 7.999999999999988)->(2.0, 13.3950155448527, 7.999999999999988)
state:air, action:j, timestep:3, reward:-0.0
==================================================
coord:(2.0, 13.3950155448527, 7.999999999999988)->(2.0, 13.3950155448527, 7.999999999999988)
state:parachute, action:Wj, timestep:4, reward:-0.0
==================================================
coord:(2.0, 13.3950155448527, 7.999999999999988)->(2.0, 13.3950155448527, 7.999999999999988)
state:air, action:Wait, timestep:5, reward:-0.0
==================================================
coord:(2.0, 13.3950155448527, 7.999999999999988)->(2.0, 13.3950155448527, 7.999999999999988)
state:air, action:j, timestep:6, reward:-0.0
==================================================
coord:(2.0, 13.3950155448527, 7.999999999999988)->(5.676955262170054, 9.49501554485273, 4.3230447378299335)
state:parachute, action:WA, timestep:7, reward:3.1537408748218354
==================================================
coord:(5.676955262170054, 9.49501554485273, 4.3230447378299335)->(9.353910524340108, 5.5950155448527275, 0.6460894756598838)
state:parachute, action:WA, timestep:8, reward:0.2788754060643459
==================================================
coord:(9.353910524340108, 5.5950155448527275, 0.6460894756598838)->(9.353910524340108, 5.5950155448527275, 0.6460894756598838)
state:parachute, action:WAj, timestep:9, reward:-0.0
==================================================
coord:(9.353910524340108, 5.5950155448527275, 0.6460894756598838)->(9.353910524340108, 5.5950155448527275, 0.6460894756598838)
state:air, action:j, timestep:10, reward:-0.0
==================================================
coord:(9.353910524340108, 5.5950155448527275, 0.6460894756598838)->(9.353910524340108, 5.5950155448527275, 0.6460894756598838)
state:parachute, action:SDj, timestep:11, reward:-0.0
==================================================
coord:(9.353910524340108, 5.5950155448527275, 0.6460894756598838)->(9.353910524340108, 5.5950155448527275, 0.6460894756598838)
state:air, action:j, timestep:12, reward:-0.0
==================================================
coord:(9.353910524340108, 5.5950155448527275, 0.6460894756598838)->(9.353910524340108, 5.5950155448527275, 0.6460894756598838)
state:parachute, action:Sj, timestep:13, reward:-0.0
==================================================
coord:(9.353910524340108, 5.5950155448527275, 0.6460894756598838)->(9.353910524340108, 5.5950155448527275, 0.6460894756598838)
state:air, action:Wait, timestep:14, reward:-0.0
==================================================
coord:(9.353910524340108, 5.5950155448527275, 0.6460894756598838)->(9.353910524340108, 5.5950155448527275, 0.6460894756598838)
state:air, action:Wait, timestep:15, reward:-0.0
==================================================
coord:(9.353910524340108, 5.5950155448527275, 0.6460894756598838)->(9.353910524340108, 5.5950155448527275, 0.6460894756598838)
state:air, action:Wait, timestep:16, reward:-0.0
==================================================
coord:(9.353910524340108, 5.5950155448527275, 0.6460894756598838)->(9.353910524340108, 5.5950155448527275, 0.6460894756598838)
state:air, action:j, timestep:17, reward:-0.0
==================================================
coord:(9.353910524340108, 5.5950155448527275, 0.6460894756598838)->(9.353910524340108, 5.5950155448527275, 0.6460894756598838)
state:parachute, action:SDj, timestep:18, reward:-0.0
==================================================
coord:(9.353910524340108, 5.5950155448527275, 0.6460894756598838)->(9.353910524340108, 5.5950155448527275, 0.6460894756598838)
state:air, action:Wait, timestep:19, reward:-0.0
==================================================
coord:(9.353910524340108, 5.5950155448527275, 0.6460894756598838)->(9.353910524340108, 5.5950155448527275, 0.6460894756598838)
state:air, action:j, timestep:20, reward:-0.0
==================================================
coord:(9.353910524340108, 5.5950155448527275, 0.6460894756598838)->(9.353910524340108, 1.69501554485272, 5.846089475659894)
state:parachute, action:D, timestep:21, reward:6.258410525494611
==================================================
coord:(9.353910524340108, 1.69501554485272, 5.846089475659894)->(7.699280656363584, 0.0, 7.500719343636418)
state:parachute, action:SD, timestep:22, reward:1.3622951222739976
==================================================
coord:(7.699280656363584, 0.0, 7.500719343636418)->(4.492613989696909, 0.0, 7.500719343636418)
state:field, action:Sj, timestep:23, reward:-2.0581996159184666
==================================================
coord:(4.492613989696909, 0.0, 7.500719343636418)->(7.699280656363584, 0.0, 7.500719343636418)
state:field, action:Wj, timestep:24, reward:2.0581996159184666
==================================================
coord:(7.699280656363584, 0.0, 7.500719343636418)->(10.90594732303023, 0.0, 7.500719343636418)
state:field, action:Wj, timestep:25, reward:0.4638160124577473
==================================================
coord:(10.90594732303023, 0.0, 7.500719343636418)->(10.90594732303023, 0.0, 4.294052676969743)
state:field, action:Aj, timestep:26, reward:-3.1694358414505066
==================================================
coord:(10.90594732303023, 0.0, 4.294052676969743)->(14.300059872725651, 0.0, 7.6881652266651646)
state:field, action:WDsj, timestep:27, reward:1.6694834866392387
==================================================
coord:(14.300059872725651, 0.0, 7.6881652266651646)->(10.057419185606374, 0.0, 11.930805913784441)
state:field, action:SDs, timestep:28, reward:5.999619365775372
==================================================
