coord:(2.0, 14.391348878186031, 2.0)->(2.0, 14.391348878186031, 2.0)
state:field, action:Wait, timestep:1, reward:-0.0
==================================================
coord:(2.0, 14.391348878186031, 2.0)->(2.0, 14.391348878186031, 7.999999999999988)
state:field, action:Ds, timestep:2, reward:2.3198916696649263
==================================================
coord:(2.0, 14.391348878186031, 7.999999999999988)->(5.676955262170054, 14.391348878186031, 4.3230447378299335)
state:field, action:WA, timestep:3, reward:0.07024692704401048
==================================================
coord:(5.676955262170054, 14.391348878186031, 4.3230447378299335)->(10.876955262170037, 14.391348878186031, 4.3230447378299335)
state:field, action:W, timestep:4, reward:0.5396092982984335
==================================================
coord:(10.876955262170037, 14.391348878186031, 4.3230447378299335)->(10.876955262170037, 11.216965544852696, 4.3230447378299335)
state:field, action:j, timestep:5, reward:2.713735041706128
==================================================
coord:(10.876955262170037, 11.216965544852696, 4.3230447378299335)->(10.876955262170037, 11.216965544852696, 4.3230447378299335)
state:air, action:j, timestep:6, reward:-0.0
==================================================
coord:(10.876955262170037, 11.216965544852696, 4.3230447378299335)->(16.07695526217, 7.316965544852716, 4.3230447378299335)
state:parachute, action:W, timestep:7, reward:1.3977040492068689
==================================================
coord:(16.07695526217, 7.316965544852716, 4.3230447378299335)->(12.399999999999945, 3.416965544852697, 7.999999999999988)
state:parachute, action:SD, timestep:8, reward:6.4406953970575955
==================================================
coord:(12.399999999999945, 3.416965544852697, 7.999999999999988)->(12.399999999999945, 0.0, 12.593333333333286)
state:parachute, action:D, timestep:9, reward:3.310102160474864
==================================================
coord:(12.399999999999945, 0.0, 12.593333333333286)->(8.723044737829891, 0.0, 16.270288595503338)
state:field, action:SD, timestep:10, reward:-1.9848718822515092
==================================================
coord:(8.723044737829891, 0.0, 16.270288595503338)->(14.72304473782987, 0.0, 16.270288595503338)
state:field, action:Ws, timestep:11, reward:-1.9101737358750945
==================================================
coord:(14.72304473782987, 0.0, 16.270288595503338)->(18.11715728752529, 0.0, 12.876176045807917)
state:field, action:WAsj, timestep:12, reward:-1.797007559447147
==================================================
coord:(18.11715728752529, 0.0, 12.876176045807917)->(15.849701542520425, 0.0, 15.143631790812783)
state:field, action:SDj, timestep:13, reward:1.5234174325281842
==================================================
coord:(15.849701542520425, 0.0, 15.143631790812783)->(18.11715728752529, 0.0, 17.41108753581765)
state:field, action:WDj, timestep:14, reward:-3.114523756379983
==================================================
coord:(18.11715728752529, 0.0, 17.41108753581765)->(18.11715728752529, 0.0, 11.411087535817646)
state:field, action:As, timestep:15, reward:1.6169219234315761
==================================================
coord:(18.11715728752529, 0.0, 11.411087535817646)->(13.874516600406015, 0.0, 15.653728222936923)
state:field, action:SDs, timestep:16, reward:2.8129306782914156
==================================================
coord:(13.874516600406015, 0.0, 15.653728222936923)->(10.19756133823596, 0.0, 11.97677296076687)
state:field, action:SA, timestep:17, reward:5.1266397915273485
==================================================
