coord:(69.0, 12.491906707447338, 54.0)->(69.0, 12.491906707447338, 54.0)
state:field, action:Wait, timestep:1, reward:-0.0
==================================================
coord:(69.0, 12.491906707447338, 54.0)->(65.32304473782995, 9.317523374114003, 50.323044737829946)
state:field, action:SAj, timestep:2, reward:3.8939719093114036
==================================================
coord:(65.32304473782995, 9.317523374114003, 50.323044737829946)->(65.32304473782995, 9.317523374114003, 50.323044737829946)
state:air, action:j, timestep:3, reward:-0.0
==================================================
coord:(65.32304473782995, 9.317523374114003, 50.323044737829946)->(65.32304473782995, 9.317523374114003, 50.323044737829946)
state:parachute, action:Wj, timestep:4, reward:-0.0
==================================================
coord:(65.32304473782995, 9.317523374114003, 50.323044737829946)->(65.32304473782995, 9.317523374114003, 50.323044737829946)
state:air, action:Wait, timestep:5, reward:-0.0
==================================================
coord:(65.32304473782995, 9.317523374114003, 50.323044737829946)->(65.32304473782995, 9.317523374114003, 50.323044737829946)
state:air, action:Wait, timestep:6, reward:-0.0
==================================================
coord:(65.32304473782995, 9.317523374114003, 50.323044737829946)->(65.32304473782995, 9.317523374114003, 50.323044737829946)
state:air, action:j, timestep:7, reward:-0.0
==================================================
coord:(65.32304473782995, 9.317523374114003, 50.323044737829946)->(65.32304473782995, 9.317523374114003, 50.323044737829946)
state:parachute, action:SDj, timestep:8, reward:-0.0
==================================================
coord:(65.32304473782995, 9.317523374114003, 50.323044737829946)->(65.32304473782995, 9.317523374114003, 50.323044737829946)
state:air, action:j, timestep:9, reward:-0.0
==================================================
coord:(65.32304473782995, 9.317523374114003, 50.323044737829946)->(65.32304473782995, 5.417523374113998, 55.523044737829906)
state:parachute, action:D, timestep:10, reward:1.006629008519468
==================================================
coord:(65.32304473782995, 5.417523374113998, 55.523044737829906)->(65.32304473782995, 5.417523374113998, 55.523044737829906)
state:parachute, action:WAj, timestep:11, reward:-0.0
==================================================
coord:(65.32304473782995, 5.417523374113998, 55.523044737829906)->(65.32304473782995, 5.417523374113998, 55.523044737829906)
state:air, action:j, timestep:12, reward:-0.0
==================================================
coord:(65.32304473782995, 5.417523374113998, 55.523044737829906)->(67.77434824594332, 0.0, 57.974348245943276)
state:parachute, action:WD, timestep:13, reward:-2.1488957107388202
==================================================
coord:(67.77434824594332, 0.0, 57.974348245943276)->(67.77434824594332, 0.0, 57.874348245943274)
state:field, action:Asj, timestep:14, reward:0.0018201948347424945
==================================================
coord:(67.77434824594332, 0.0, 57.874348245943274)->(64.09739298377326, 0.0, 54.19739298377322)
state:field, action:SA, timestep:15, reward:3.6011589137623474
==================================================
coord:(64.09739298377326, 0.0, 54.19739298377322)->(58.097392983773176, 0.0, 54.19739298377322)
state:field, action:Ss, timestep:16, reward:5.9878407935230555
==================================================
coord:(58.097392983773176, 0.0, 54.19739298377322)->(58.097392983773176, 0.0, 54.19739298377322)
state:field, action:j, timestep:17, reward:-0.0
==================================================
coord:(58.097392983773176, 0.0, 54.19739298377322)->(58.03611039607034, 0.0, 54.136110396070386)
state:field, action:SAj, timestep:18, reward:0.0569190599300029
==================================================
coord:(58.03611039607034, 0.0, 54.136110396070386)->(52.83611039607038, 0.0, 54.136110396070386)
state:field, action:S, timestep:19, reward:5.185534304188003
==================================================
coord:(52.83611039607038, 0.0, 54.136110396070386)->(47.63611039607042, 0.0, 54.136110396070386)
state:field, action:S, timestep:20, reward:5.180651420842739
==================================================
coord:(47.63611039607042, 0.0, 54.136110396070386)->(43.95915513390037, 0.0, 50.45915513390033)
state:field, action:SA, timestep:21, reward:3.028371473675449
==================================================
coord:(43.95915513390037, 0.0, 50.45915513390033)->(40.565042584204775, 0.0, 47.06504258420474)
state:field, action:SAsj, timestep:22, reward:2.1675499525063664
==================================================
coord:(40.565042584204775, 0.0, 47.06504258420474)->(36.88808732203472, 0.0, 43.388087322034686)
state:field, action:SA, timestep:23, reward:1.4734807565247117
==================================================
coord:(36.88808732203472, 0.0, 43.388087322034686)->(39.15554306703959, 0.0, 45.65554306703955)
state:field, action:WDj, timestep:24, reward:-0.7908376284037537
==================================================
coord:(39.15554306703959, 0.0, 45.65554306703955)->(39.15554306703959, 0.0, 45.65554306703955)
state:field, action:Wait, timestep:25, reward:-0.0
==================================================
coord:(39.15554306703959, 0.0, 45.65554306703955)->(35.948876400372946, 0.0, 45.65554306703955)
state:field, action:Sj, timestep:26, reward:2.80580878353582
==================================================
coord:(35.948876400372946, 0.0, 45.65554306703955)->(39.15554306703959, 0.0, 45.65554306703955)
state:field, action:Wj, timestep:27, reward:-2.80580878353582
==================================================
coord:(39.15554306703959, 0.0, 45.65554306703955)->(35.478587804869534, 0.0, 41.9785878048695)
state:field, action:SA, timestep:28, reward:1.077162130963103
==================================================
coord:(35.478587804869534, 0.0, 41.9785878048695)->(33.21113205986467, 0.0, 39.71113205986463)
state:field, action:SAj, timestep:29, reward:0.11354928087484595
==================================================
coord:(33.21113205986467, 0.0, 39.71113205986463)->(33.21113205986467, 0.0, 33.711132059864546)
state:field, action:As, timestep:30, reward:-4.675173091857097
==================================================
coord:(33.21113205986467, 0.0, 33.711132059864546)->(28.4111320598646, 0.0, 33.711132059864546)
state:field, action:Ssj, timestep:31, reward:2.4412822110536823
==================================================
coord:(28.4111320598646, 0.0, 33.711132059864546)->(31.80524460956002, 0.0, 37.10524460956014)
state:field, action:WDsj, timestep:32, reward:1.135112680576615
==================================================
coord:(31.80524460956002, 0.0, 37.10524460956014)->(36.60524460956009, 0.0, 37.10524460956014)
state:field, action:Wsj, timestep:33, reward:-3.132311117276675
==================================================
coord:(36.60524460956009, 0.0, 37.10524460956014)->(36.60524460956009, 0.0, 33.898577942893496)
state:field, action:Aj, timestep:34, reward:-2.367708305279244
==================================================
coord:(36.60524460956009, 0.0, 33.898577942893496)->(38.872700354564955, 0.0, 31.63112219788863)
state:field, action:WAj, timestep:35, reward:-3.1969740703174487
==================================================
coord:(38.872700354564955, 0.0, 31.63112219788863)->(39.01412171080227, 0.0, 31.48970084165132)
state:field, action:WAsj, timestep:36, reward:-0.19945649787356956
==================================================
coord:(39.01412171080227, 0.0, 31.48970084165132)->(39.08483238892093, 0.0, 31.560411519769975)
state:field, action:WDsj, timestep:37, reward:0.007189099012300915
==================================================
coord:(39.08483238892093, 0.0, 31.560411519769975)->(35.87816572225429, 0.0, 31.560411519769975)
state:field, action:Sj, timestep:38, reward:2.009468068431641
==================================================
coord:(35.87816572225429, 0.0, 31.560411519769975)->(35.87816572225429, 0.0, 36.76041151976994)
state:field, action:D, timestep:39, reward:4.001771178321533
==================================================
coord:(35.87816572225429, 0.0, 36.76041151976994)->(35.87816572225429, 0.0, 41.9604115197699)
state:field, action:D, timestep:40, reward:3.540560523983906
==================================================
coord:(35.87816572225429, 0.0, 41.9604115197699)->(33.61070997724942, 0.0, 44.227867264774765)
state:field, action:SDj, timestep:41, reward:3.1831772688114484
==================================================
coord:(33.61070997724942, 0.0, 44.227867264774765)->(38.81070997724938, 0.0, 44.227867264774765)
state:field, action:W, timestep:42, reward:-4.321760932811699
==================================================
coord:(38.81070997724938, 0.0, 44.227867264774765)->(38.81070997724938, 0.0, 39.4278672647747)
state:field, action:Asj, timestep:43, reward:-2.7334911772556794
==================================================
coord:(38.81070997724938, 0.0, 39.4278672647747)->(38.81070997724938, 0.0, 34.22786726477474)
state:field, action:A, timestep:44, reward:-3.5234372229447573
==================================================
coord:(38.81070997724938, 0.0, 34.22786726477474)->(38.81070997724938, 0.0, 37.43453393144138)
state:field, action:Dj, timestep:45, reward:2.2317236188048106
==================================================
coord:(38.81070997724938, 0.0, 37.43453393144138)->(41.92197981447034, 0.0, 34.32326409422042)
state:field, action:WAsj, timestep:46, reward:-4.394347361841497
==================================================
coord:(41.92197981447034, 0.0, 34.32326409422042)->(45.598935076640394, 0.0, 38.000219356390474)
state:field, action:WD, timestep:47, reward:-0.6401762884463693
==================================================
coord:(45.598935076640394, 0.0, 38.000219356390474)->(45.53765248893756, 0.0, 38.06150194409331)
state:field, action:SDj, timestep:48, reward:0.08495148347387982
==================================================
coord:(45.53765248893756, 0.0, 38.06150194409331)->(45.53765248893756, 0.0, 38.06150194409331)
state:field, action:Wait, timestep:49, reward:-0.0
==================================================
coord:(45.53765248893756, 0.0, 38.06150194409331)->(45.60836316705622, 0.0, 38.132212622211966)
state:field, action:WDsj, timestep:50, reward:-0.019957921389256228
==================================================
coord:(45.60836316705622, 0.0, 38.132212622211966)->(45.60836316705622, 0.0, 43.33221262221193)
state:field, action:D, timestep:51, reward:2.5643393584493737
==================================================
coord:(45.60836316705622, 0.0, 43.33221262221193)->(45.67907384517488, 0.0, 43.26150194409327)
state:field, action:WAsj, timestep:52, reward:-0.09430209882086515
==================================================
coord:(45.67907384517488, 0.0, 43.26150194409327)->(45.749784523293535, 0.0, 43.19079126597461)
state:field, action:WAsj, timestep:53, reward:-0.09433681060231436
==================================================
coord:(45.749784523293535, 0.0, 43.19079126597461)->(45.8364511899602, 0.0, 43.19079126597461)
state:field, action:Wj, timestep:54, reward:-0.07814358844312963
==================================================
coord:(45.8364511899602, 0.0, 43.19079126597461)->(45.7364511899602, 0.0, 43.19079126597461)
state:field, action:Ssj, timestep:55, reward:0.09016176846441581
==================================================
coord:(45.7364511899602, 0.0, 43.19079126597461)->(45.7364511899602, 0.0, 43.19079126597461)
state:field, action:j, timestep:56, reward:-0.0
==================================================
coord:(45.7364511899602, 0.0, 43.19079126597461)->(45.7364511899602, 0.0, 43.277457932641276)
state:field, action:Dj, timestep:57, reward:0.037441992684630776
==================================================
coord:(45.7364511899602, 0.0, 43.277457932641276)->(45.7364511899602, 0.0, 43.277457932641276)
state:field, action:Wait, timestep:58, reward:-0.0
==================================================
coord:(45.7364511899602, 0.0, 43.277457932641276)->(40.53645118996024, 0.0, 43.277457932641276)
state:field, action:S, timestep:59, reward:4.6000874746396185
==================================================
coord:(40.53645118996024, 0.0, 43.277457932641276)->(38.26899544495537, 0.0, 41.01000218763641)
state:field, action:SAj, timestep:60, reward:0.6354629744470266
==================================================
coord:(38.26899544495537, 0.0, 41.01000218763641)->(36.001539699950506, 0.0, 43.277457932641276)
state:field, action:SDj, timestep:61, reward:3.170603493477234
==================================================
coord:(36.001539699950506, 0.0, 43.277457932641276)->(36.001539699950506, 0.0, 43.277457932641276)
state:field, action:j, timestep:62, reward:-0.0
==================================================
coord:(36.001539699950506, 0.0, 43.277457932641276)->(31.75889901283103, 0.0, 47.520098619760766)
state:field, action:SDs, timestep:63, reward:5.897270279213053
==================================================
coord:(31.75889901283103, 0.0, 47.520098619760766)->(36.001539699950506, 0.0, 43.277457932641276)
state:field, action:WAs, timestep:64, reward:-5.897270279213053
==================================================
coord:(36.001539699950506, 0.0, 43.277457932641276)->(30.801539699950546, 0.0, 43.277457932641276)
state:field, action:S, timestep:65, reward:3.975964120291618
==================================================
coord:(30.801539699950546, 0.0, 43.277457932641276)->(26.55889901283127, 0.0, 47.520098619760766)
state:field, action:SDs, timestep:66, reward:5.999798338363831
==================================================
coord:(26.55889901283127, 0.0, 47.520098619760766)->(26.55889901283127, 0.0, 47.520098619760766)
state:field, action:Wait, timestep:67, reward:-0.0
==================================================
coord:(26.55889901283127, 0.0, 47.520098619760766)->(26.55889901283127, 0.0, 47.520098619760766)
state:field, action:j, timestep:68, reward:-0.0
==================================================
coord:(26.55889901283127, 0.0, 47.520098619760766)->(22.881943750661215, 0.0, 51.19705388193082)
state:field, action:SD, timestep:69, reward:5.199588347513972
==================================================
coord:(22.881943750661215, 0.0, 51.19705388193082)->(22.94322633836405, 0.0, 51.135771294227986)
state:field, action:WAj, timestep:70, reward:-0.08665560462308264
==================================================
coord:(22.94322633836405, 0.0, 51.135771294227986)->(18.700585651244772, 0.0, 46.893130607108496)
state:field, action:SAs, timestep:71, reward:-1.8994621909305351
==================================================
coord:(18.700585651244772, 0.0, 46.893130607108496)->(15.023630389074718, 0.0, 50.57008586927855)
state:field, action:SD, timestep:72, reward:3.5217716996744475
==================================================
coord:(15.023630389074718, 0.0, 50.57008586927855)->(9.02363038907474, 0.0, 50.57008586927855)
state:field, action:Ss, timestep:73, reward:-3.5181351940888295
==================================================
coord:(9.02363038907474, 0.0, 50.57008586927855)->(12.700585651244793, 0.0, 46.893130607108496)
state:field, action:WA, timestep:74, reward:-0.7379884882952279
==================================================
coord:(12.700585651244793, 0.0, 46.893130607108496)->(12.700585651244793, 0.0, 52.89313060710858)
state:field, action:Ds, timestep:75, reward:5.037082492941469
==================================================
coord:(12.700585651244793, 0.0, 52.89313060710858)->(12.63930306354196, 0.0, 52.83184801940575)
state:field, action:SAj, timestep:76, reward:-0.08662676723971963
==================================================
coord:(12.63930306354196, 0.0, 52.83184801940575)->(12.63930306354196, 0.0, 52.83184801940575)
state:field, action:j, timestep:77, reward:-0.0
==================================================
coord:(12.63930306354196, 0.0, 52.83184801940575)->(12.63930306354196, 0.0, 58.03184801940571)
state:field, action:D, timestep:78, reward:1.5508132637725724
==================================================
coord:(12.63930306354196, 0.0, 58.03184801940571)->(12.63930306354196, 0.0, 52.83184801940575)
state:field, action:A, timestep:79, reward:-1.5508132637725724
==================================================
coord:(12.63930306354196, 0.0, 52.83184801940575)->(12.63930306354196, 0.0, 52.731848019405746)
state:field, action:Asj, timestep:80, reward:-0.06951125905880584
==================================================
coord:(12.63930306354196, 0.0, 52.731848019405746)->(12.710013741660614, 0.0, 52.66113734128709)
state:field, action:WAsj, timestep:81, reward:0.00025297958738956794
==================================================
coord:(12.710013741660614, 0.0, 52.66113734128709)->(16.95265442877989, 0.0, 56.90377802840658)
state:field, action:WDs, timestep:82, reward:5.941577925109582
==================================================
