coord:(2.0, 14.391348878186031, 2.0)->(2.0, 14.391348878186031, 2.0)
state:field, action:Wait, timestep:1, reward:-0.0
==================================================
coord:(2.0, 14.391348878186031, 2.0)->(5.676955262170054, 14.391348878186031, 5.676955262170054)
state:field, action:WD, timestep:2, reward:3.2612752958778657
==================================================
coord:(5.676955262170054, 14.391348878186031, 5.676955262170054)->(9.91959594928933, 14.391348878186031, 9.91959594928933)
state:field, action:WDs, timestep:3, reward:2.973152588893363
==================================================
coord:(9.91959594928933, 14.391348878186031, 9.91959594928933)->(3.9195959492893517, 14.391348878186031, 9.91959594928933)
state:field, action:Ss, timestep:4, reward:0.6773173507401076
==================================================
coord:(3.9195959492893517, 14.391348878186031, 9.91959594928933)->(8.162236636408629, 14.391348878186031, 5.676955262170054)
state:field, action:WAs, timestep:5, reward:-3.898125627890259
==================================================
coord:(8.162236636408629, 14.391348878186031, 5.676955262170054)->(8.162236636408629, 14.391348878186031, 11.676955262170033)
state:field, action:Ds, timestep:6, reward:4.9723801762895405
==================================================
coord:(8.162236636408629, 14.391348878186031, 11.676955262170033)->(4.485281374238575, 14.391348878186031, 15.353910524340087)
state:field, action:SD, timestep:7, reward:3.186522002528367
==================================================
coord:(4.485281374238575, 14.391348878186031, 15.353910524340087)->(0.24264068711929354, 13.3950155448527, 19.596551211459364)
state:field, action:SDsj, timestep:8, reward:3.275329249738842
==================================================
coord:(0.24264068711929354, 13.3950155448527, 19.596551211459364)->(0.24264068711929354, 13.3950155448527, 19.596551211459364)
state:air, action:Wait, timestep:9, reward:-0.0
==================================================
coord:(0.24264068711929354, 13.3950155448527, 19.596551211459364)->(0.24264068711929354, 13.3950155448527, 19.596551211459364)
state:air, action:Wait, timestep:10, reward:-0.0
==================================================
coord:(0.24264068711929354, 13.3950155448527, 19.596551211459364)->(0.24264068711929354, 13.3950155448527, 19.596551211459364)
state:air, action:j, timestep:11, reward:-0.0
==================================================
coord:(0.24264068711929354, 13.3950155448527, 19.596551211459364)->(0.24264068711929354, 13.3950155448527, 19.596551211459364)
state:parachute, action:SDj, timestep:12, reward:-0.0
==================================================
coord:(0.24264068711929354, 13.3950155448527, 19.596551211459364)->(0.24264068711929354, 13.3950155448527, 19.596551211459364)
state:air, action:j, timestep:13, reward:-0.0
==================================================
coord:(0.24264068711929354, 13.3950155448527, 19.596551211459364)->(3.919595949289346, 9.49501554485273, 23.273506473629418)
state:parachute, action:WD, timestep:14, reward:5.746656539694788
==================================================
coord:(3.919595949289346, 9.49501554485273, 23.273506473629418)->(3.919595949289346, 9.49501554485273, 23.273506473629418)
state:parachute, action:Wj, timestep:15, reward:-0.0
==================================================
coord:(3.919595949289346, 9.49501554485273, 23.273506473629418)->(3.919595949289346, 9.49501554485273, 23.273506473629418)
state:air, action:j, timestep:16, reward:-0.0
==================================================
coord:(3.919595949289346, 9.49501554485273, 23.273506473629418)->(3.919595949289346, 9.49501554485273, 23.273506473629418)
state:parachute, action:Sj, timestep:17, reward:-0.0
==================================================
coord:(3.919595949289346, 9.49501554485273, 23.273506473629418)->(3.919595949289346, 9.49501554485273, 23.273506473629418)
state:air, action:j, timestep:18, reward:-0.0
==================================================
coord:(3.919595949289346, 9.49501554485273, 23.273506473629418)->(3.919595949289346, 9.49501554485273, 23.273506473629418)
state:parachute, action:SAj, timestep:19, reward:-0.0
==================================================
coord:(3.919595949289346, 9.49501554485273, 23.273506473629418)->(3.919595949289346, 9.49501554485273, 23.273506473629418)
state:air, action:Wait, timestep:20, reward:-0.0
==================================================
coord:(3.919595949289346, 9.49501554485273, 23.273506473629418)->(3.919595949289346, 9.49501554485273, 23.273506473629418)
state:air, action:Wait, timestep:21, reward:-0.0
==================================================
coord:(3.919595949289346, 9.49501554485273, 23.273506473629418)->(3.919595949289346, 9.49501554485273, 23.273506473629418)
state:air, action:j, timestep:22, reward:-0.0
==================================================
coord:(3.919595949289346, 9.49501554485273, 23.273506473629418)->(3.919595949289346, 9.49501554485273, 23.273506473629418)
state:parachute, action:SDj, timestep:23, reward:-0.0
==================================================
coord:(3.919595949289346, 9.49501554485273, 23.273506473629418)->(3.919595949289346, 9.49501554485273, 23.273506473629418)
state:air, action:j, timestep:24, reward:-0.0
==================================================
coord:(3.919595949289346, 9.49501554485273, 23.273506473629418)->(3.919595949289346, 5.5950155448527275, 28.473506473629378)
state:parachute, action:D, timestep:25, reward:6.102221422775085
==================================================
coord:(3.919595949289346, 5.5950155448527275, 28.473506473629378)->(3.919595949289346, 5.5950155448527275, 28.473506473629378)
state:parachute, action:SAj, timestep:26, reward:-0.0
==================================================
coord:(3.919595949289346, 5.5950155448527275, 28.473506473629378)->(3.919595949289346, 5.5950155448527275, 28.473506473629378)
state:air, action:Wait, timestep:27, reward:-0.0
==================================================
coord:(3.919595949289346, 5.5950155448527275, 28.473506473629378)->(3.919595949289346, 5.5950155448527275, 28.473506473629378)
state:air, action:Wait, timestep:28, reward:-0.0
==================================================
coord:(3.919595949289346, 5.5950155448527275, 28.473506473629378)->(3.919595949289346, 5.5950155448527275, 28.473506473629378)
state:air, action:Wait, timestep:29, reward:-0.0
==================================================
coord:(3.919595949289346, 5.5950155448527275, 28.473506473629378)->(3.919595949289346, 5.5950155448527275, 28.473506473629378)
state:air, action:Wait, timestep:30, reward:-0.0
==================================================
coord:(3.919595949289346, 5.5950155448527275, 28.473506473629378)->(3.919595949289346, 5.5950155448527275, 28.473506473629378)
state:air, action:Wait, timestep:31, reward:-0.0
==================================================
coord:(3.919595949289346, 5.5950155448527275, 28.473506473629378)->(3.919595949289346, 5.5950155448527275, 28.473506473629378)
state:air, action:j, timestep:32, reward:-0.0
==================================================
coord:(3.919595949289346, 5.5950155448527275, 28.473506473629378)->(3.919595949289346, 1.69501554485272, 33.67350647362934)
state:parachute, action:D, timestep:33, reward:2.972958200520181
==================================================
coord:(3.919595949289346, 1.69501554485272, 33.67350647362934)->(3.919595949289346, 0.0, 31.333506473629356)
state:parachute, action:A, timestep:34, reward:2.8235104084468876
==================================================
