coord:(2.0, 14.391348878186031, 2.0)->(2.0, 14.391348878186031, 2.0)
state:field, action:Wait, timestep:1, reward:-0.0
==================================================
coord:(2.0, 14.391348878186031, 2.0)->(2.0, 14.391348878186031, 7.999999999999988)
state:field, action:Ds, timestep:2, reward:5.23127964169986
==================================================
coord:(2.0, 14.391348878186031, 7.999999999999988)->(7.999999999999988, 14.391348878186031, 7.999999999999988)
state:field, action:Ws, timestep:3, reward:-0.21966105354150045
==================================================
coord:(7.999999999999988, 14.391348878186031, 7.999999999999988)->(7.999999999999988, 14.391348878186031, 13.999999999999966)
state:field, action:Ds, timestep:4, reward:4.794772861235618
==================================================
coord:(7.999999999999988, 14.391348878186031, 13.999999999999966)->(11.676955262170042, 11.216965544852696, 17.67695526217002)
state:field, action:WDj, timestep:5, reward:3.596752598707795
==================================================
coord:(11.676955262170042, 11.216965544852696, 17.67695526217002)->(11.676955262170042, 11.216965544852696, 17.67695526217002)
state:air, action:Wait, timestep:6, reward:-0.0
==================================================
coord:(11.676955262170042, 11.216965544852696, 17.67695526217002)->(11.676955262170042, 11.216965544852696, 17.67695526217002)
state:air, action:j, timestep:7, reward:-0.0
==================================================
coord:(11.676955262170042, 11.216965544852696, 17.67695526217002)->(11.676955262170042, 11.216965544852696, 17.67695526217002)
state:parachute, action:SDj, timestep:8, reward:-0.0
==================================================
coord:(11.676955262170042, 11.216965544852696, 17.67695526217002)->(11.676955262170042, 11.216965544852696, 17.67695526217002)
state:air, action:Wait, timestep:9, reward:-0.0
==================================================
coord:(11.676955262170042, 11.216965544852696, 17.67695526217002)->(11.676955262170042, 11.216965544852696, 17.67695526217002)
state:air, action:Wait, timestep:10, reward:-0.0
==================================================
coord:(11.676955262170042, 11.216965544852696, 17.67695526217002)->(11.676955262170042, 11.216965544852696, 17.67695526217002)
state:air, action:j, timestep:11, reward:-0.0
==================================================
coord:(11.676955262170042, 11.216965544852696, 17.67695526217002)->(7.999999999999988, 7.316965544852716, 21.353910524340073)
state:parachute, action:SD, timestep:12, reward:6.282231951913909
==================================================
coord:(7.999999999999988, 7.316965544852716, 21.353910524340073)->(7.999999999999988, 3.416965544852697, 16.153910524340112)
state:parachute, action:A, timestep:13, reward:-2.9997364894055956
==================================================
coord:(7.999999999999988, 3.416965544852697, 16.153910524340112)->(3.4066666666666423, 0.0, 16.153910524340112)
state:parachute, action:S, timestep:14, reward:0.8926786533651647
==================================================
coord:(3.4066666666666423, 0.0, 16.153910524340112)->(0.19999999999997198, 0.0, 16.153910524340112)
state:field, action:Sj, timestep:15, reward:-0.4667569126457529
==================================================
coord:(0.19999999999997198, 0.0, 16.153910524340112)->(3.4066666666666423, 0.0, 16.153910524340112)
state:field, action:Wj, timestep:16, reward:0.4667569126457529
==================================================
coord:(3.4066666666666423, 0.0, 16.153910524340112)->(8.60666666666665, 0.0, 16.153910524340112)
state:field, action:W, timestep:17, reward:-0.6864388138406401
==================================================
coord:(8.60666666666665, 0.0, 16.153910524340112)->(8.60666666666665, 0.0, 22.153910524340198)
state:field, action:Ds, timestep:18, reward:5.570680776363954
==================================================
coord:(8.60666666666665, 0.0, 22.153910524340198)->(4.364025979547373, 0.0, 26.396551211459474)
state:field, action:SDs, timestep:19, reward:5.355879890729141
==================================================
coord:(4.364025979547373, 0.0, 26.396551211459474)->(7.758138529242794, 0.0, 23.002438661764053)
state:field, action:WAsj, timestep:20, reward:-4.218729317159707
==================================================
coord:(7.758138529242794, 0.0, 23.002438661764053)->(4.364025979547373, 0.0, 26.396551211459474)
state:field, action:SDsj, timestep:21, reward:4.218729317159707
==================================================
coord:(4.364025979547373, 0.0, 26.396551211459474)->(8.040981241717427, 0.0, 22.71959594928942)
state:field, action:WA, timestep:22, reward:-4.596008324367413
==================================================
coord:(8.040981241717427, 0.0, 22.71959594928942)->(5.77352549671256, 0.0, 24.987051694294287)
state:field, action:SDj, timestep:23, reward:2.9447815060248095
==================================================
coord:(5.77352549671256, 0.0, 24.987051694294287)->(9.450480758882614, 0.0, 28.66400695646434)
state:field, action:WD, timestep:24, reward:0.33907113829857405
==================================================
coord:(9.450480758882614, 0.0, 28.66400695646434)->(12.657147425549256, 0.0, 28.66400695646434)
state:field, action:Wj, timestep:25, reward:-3.036800579237344
==================================================
coord:(12.657147425549256, 0.0, 28.66400695646434)->(8.980192163379202, 0.0, 24.987051694294287)
state:field, action:SA, timestep:26, reward:1.159224064797752
==================================================
coord:(8.980192163379202, 0.0, 24.987051694294287)->(3.7801921633791986, 0.0, 24.987051694294287)
state:field, action:S, timestep:27, reward:1.7905869721644079
==================================================
coord:(3.7801921633791986, 0.0, 24.987051694294287)->(7.457147425549253, 0.0, 21.310096432124233)
state:field, action:WA, timestep:28, reward:-4.271188771423516
==================================================
coord:(7.457147425549253, 0.0, 21.310096432124233)->(4.063034875853831, 0.0, 24.704208981819654)
state:field, action:SDsj, timestep:29, reward:3.992046786056239
==================================================
coord:(4.063034875853831, 0.0, 24.704208981819654)->(4.063034875853831, 0.0, 24.704208981819654)
state:field, action:j, timestep:30, reward:-0.0
==================================================
coord:(4.063034875853831, 0.0, 24.704208981819654)->(4.063034875853831, 0.0, 30.70420898181974)
state:field, action:Ds, timestep:31, reward:5.993673565782626
==================================================
