coord:(2.0, 14.391348878186031, 2.0)->(2.0, 14.391348878186031, 2.0)
state:field, action:Wait, timestep:1, reward:-0.0
==================================================
coord:(2.0, 14.391348878186031, 2.0)->(6.242640687119277, 14.391348878186031, 6.242640687119277)
state:field, action:WDs, timestep:2, reward:3.712276369952992
==================================================
coord:(6.242640687119277, 14.391348878186031, 6.242640687119277)->(12.242640687119255, 14.391348878186031, 6.242640687119277)
state:field, action:Ws, timestep:3, reward:-1.0749916066741676
==================================================
coord:(12.242640687119255, 14.391348878186031, 6.242640687119277)->(8.565685424949201, 11.216965544852696, 9.91959594928933)
state:field, action:SDj, timestep:4, reward:5.487470459225328
==================================================
coord:(8.565685424949201, 11.216965544852696, 9.91959594928933)->(8.565685424949201, 11.216965544852696, 9.91959594928933)
state:air, action:Wait, timestep:5, reward:-0.0
==================================================
coord:(8.565685424949201, 11.216965544852696, 9.91959594928933)->(8.565685424949201, 11.216965544852696, 9.91959594928933)
state:air, action:j, timestep:6, reward:-0.0
==================================================
coord:(8.565685424949201, 11.216965544852696, 9.91959594928933)->(8.565685424949201, 11.216965544852696, 9.91959594928933)
state:parachute, action:WDj, timestep:7, reward:-0.0
==================================================
coord:(8.565685424949201, 11.216965544852696, 9.91959594928933)->(8.565685424949201, 11.216965544852696, 9.91959594928933)
state:air, action:Wait, timestep:8, reward:-0.0
==================================================
coord:(8.565685424949201, 11.216965544852696, 9.91959594928933)->(8.565685424949201, 11.216965544852696, 9.91959594928933)
state:air, action:j, timestep:9, reward:-0.0
==================================================
coord:(8.565685424949201, 11.216965544852696, 9.91959594928933)->(8.565685424949201, 11.216965544852696, 9.91959594928933)
state:parachute, action:Dj, timestep:10, reward:-0.0
==================================================
coord:(8.565685424949201, 11.216965544852696, 9.91959594928933)->(8.565685424949201, 11.216965544852696, 9.91959594928933)
state:air, action:j, timestep:11, reward:-0.0
==================================================
coord:(8.565685424949201, 11.216965544852696, 9.91959594928933)->(8.565685424949201, 11.216965544852696, 9.91959594928933)
state:parachute, action:WAj, timestep:12, reward:-0.0
==================================================
coord:(8.565685424949201, 11.216965544852696, 9.91959594928933)->(8.565685424949201, 11.216965544852696, 9.91959594928933)
state:air, action:Wait, timestep:13, reward:-0.0
==================================================
coord:(8.565685424949201, 11.216965544852696, 9.91959594928933)->(8.565685424949201, 11.216965544852696, 9.91959594928933)
state:air, action:j, timestep:14, reward:-0.0
==================================================
coord:(8.565685424949201, 11.216965544852696, 9.91959594928933)->(8.565685424949201, 11.216965544852696, 9.91959594928933)
state:parachute, action:WAj, timestep:15, reward:-0.0
==================================================
coord:(8.565685424949201, 11.216965544852696, 9.91959594928933)->(8.565685424949201, 11.216965544852696, 9.91959594928933)
state:air, action:Wait, timestep:16, reward:-0.0
==================================================
coord:(8.565685424949201, 11.216965544852696, 9.91959594928933)->(8.565685424949201, 11.216965544852696, 9.91959594928933)
state:air, action:Wait, timestep:17, reward:-0.0
==================================================
coord:(8.565685424949201, 11.216965544852696, 9.91959594928933)->(8.565685424949201, 11.216965544852696, 9.91959594928933)
state:air, action:j, timestep:18, reward:-0.0
==================================================
coord:(8.565685424949201, 11.216965544852696, 9.91959594928933)->(4.888730162779147, 7.316965544852716, 13.596551211459385)
state:parachute, action:SD, timestep:19, reward:5.411560881354433
==================================================
coord:(4.888730162779147, 7.316965544852716, 13.596551211459385)->(4.888730162779147, 7.316965544852716, 13.596551211459385)
state:parachute, action:Wait, timestep:20, reward:-0.0
==================================================
coord:(4.888730162779147, 7.316965544852716, 13.596551211459385)->(4.888730162779147, 7.316965544852716, 13.596551211459385)
state:parachute, action:Wait, timestep:21, reward:-0.0
==================================================
coord:(4.888730162779147, 7.316965544852716, 13.596551211459385)->(4.888730162779147, 7.316965544852716, 13.596551211459385)
state:parachute, action:Wj, timestep:22, reward:-0.0
==================================================
coord:(4.888730162779147, 7.316965544852716, 13.596551211459385)->(4.888730162779147, 7.316965544852716, 13.596551211459385)
state:air, action:Wait, timestep:23, reward:-0.0
==================================================
coord:(4.888730162779147, 7.316965544852716, 13.596551211459385)->(4.888730162779147, 7.316965544852716, 13.596551211459385)
state:air, action:Wait, timestep:24, reward:-0.0
==================================================
coord:(4.888730162779147, 7.316965544852716, 13.596551211459385)->(4.888730162779147, 7.316965544852716, 13.596551211459385)
state:air, action:j, timestep:25, reward:-0.0
==================================================
coord:(4.888730162779147, 7.316965544852716, 13.596551211459385)->(4.888730162779147, 3.416965544852697, 18.796551211459345)
state:parachute, action:D, timestep:26, reward:6.196020370818351
==================================================
coord:(4.888730162779147, 3.416965544852697, 18.796551211459345)->(4.888730162779147, 0.0, 14.203217878126047)
state:parachute, action:A, timestep:27, reward:-4.116354469590702
==================================================
coord:(4.888730162779147, 0.0, 14.203217878126047)->(10.888730162779126, 0.0, 14.203217878126047)
state:field, action:Ws, timestep:28, reward:-1.334239774372847
==================================================
coord:(10.888730162779126, 0.0, 14.203217878126047)->(14.56568542494918, 0.0, 17.8801731402961)
state:field, action:WD, timestep:29, reward:1.309233971354729
==================================================
coord:(14.56568542494918, 0.0, 17.8801731402961)->(14.56568542494918, 0.0, 17.8801731402961)
state:field, action:j, timestep:30, reward:-0.0
==================================================
coord:(14.56568542494918, 0.0, 17.8801731402961)->(14.56568542494918, 0.0, 12.68017314029614)
state:field, action:A, timestep:31, reward:-4.302997241289155
==================================================
coord:(14.56568542494918, 0.0, 12.68017314029614)->(14.56568542494918, 0.0, 17.48017314029615)
state:field, action:Dsj, timestep:32, reward:3.9896258439696553
==================================================
coord:(14.56568542494918, 0.0, 17.48017314029615)->(11.359018758282538, 0.0, 17.48017314029615)
state:field, action:Sj, timestep:33, reward:1.7657706538813862
==================================================
coord:(11.359018758282538, 0.0, 17.48017314029615)->(11.359018758282538, 0.0, 23.480173140296234)
state:field, action:Ds, timestep:34, reward:4.871336834778038
==================================================
coord:(11.359018758282538, 0.0, 23.480173140296234)->(7.9649062085871165, 0.0, 26.874285689991655)
state:field, action:SDsj, timestep:35, reward:4.799484537430439
==================================================
coord:(7.9649062085871165, 0.0, 26.874285689991655)->(3.7222655214678397, 0.0, 31.116926377110932)
state:field, action:SDs, timestep:36, reward:5.420718528918645
==================================================
