coord:(2.0, 14.391348878186031, 2.0)->(2.0, 14.391348878186031, 2.0)
state:field, action:Wait, timestep:1, reward:-0.0
==================================================
coord:(2.0, 14.391348878186031, 2.0)->(2.0, 14.391348878186031, 7.2000000000000135)
state:field, action:D, timestep:2, reward:4.551659283136306
==================================================
coord:(2.0, 14.391348878186031, 7.2000000000000135)->(5.676955262170054, 14.391348878186031, 3.5230447378299594)
state:field, action:WA, timestep:3, reward:-3.178338785280989
==================================================
coord:(5.676955262170054, 14.391348878186031, 3.5230447378299594)->(5.676955262170054, 11.216965544852696, 8.723044737829966)
state:field, action:Dj, timestep:4, reward:6.065034354687423
==================================================
coord:(5.676955262170054, 11.216965544852696, 8.723044737829966)->(5.676955262170054, 11.216965544852696, 8.723044737829966)
state:air, action:j, timestep:5, reward:-0.0
==================================================
coord:(5.676955262170054, 11.216965544852696, 8.723044737829966)->(9.353910524340108, 7.316965544852716, 5.046089475659912)
state:parachute, action:WA, timestep:6, reward:-2.4940545555291465
==================================================
coord:(9.353910524340108, 7.316965544852716, 5.046089475659912)->(9.353910524340108, 7.316965544852716, 5.046089475659912)
state:parachute, action:Aj, timestep:7, reward:-0.0
==================================================
coord:(9.353910524340108, 7.316965544852716, 5.046089475659912)->(9.353910524340108, 7.316965544852716, 5.046089475659912)
state:air, action:Wait, timestep:8, reward:-0.0
==================================================
coord:(9.353910524340108, 7.316965544852716, 5.046089475659912)->(9.353910524340108, 7.316965544852716, 5.046089475659912)
state:air, action:j, timestep:9, reward:-0.0
==================================================
coord:(9.353910524340108, 7.316965544852716, 5.046089475659912)->(9.353910524340108, 7.316965544852716, 5.046089475659912)
state:parachute, action:Wj, timestep:10, reward:-0.0
==================================================
coord:(9.353910524340108, 7.316965544852716, 5.046089475659912)->(9.353910524340108, 7.316965544852716, 5.046089475659912)
state:air, action:Wait, timestep:11, reward:-0.0
==================================================
coord:(9.353910524340108, 7.316965544852716, 5.046089475659912)->(9.353910524340108, 7.316965544852716, 5.046089475659912)
state:air, action:j, timestep:12, reward:-0.0
==================================================
coord:(9.353910524340108, 7.316965544852716, 5.046089475659912)->(9.353910524340108, 3.416965544852697, 10.246089475659902)
state:parachute, action:D, timestep:13, reward:5.787931495653048
==================================================
coord:(9.353910524340108, 3.416965544852697, 10.246089475659902)->(12.601887672590323, 0.0, 13.494066623910117)
state:parachute, action:WD, timestep:14, reward:2.1988955724049184
==================================================
coord:(12.601887672590323, 0.0, 13.494066623910117)->(12.601887672590323, 0.0, 19.494066623910157)
state:field, action:Ds, timestep:15, reward:5.139235788048522
==================================================
coord:(12.601887672590323, 0.0, 19.494066623910157)->(14.86934341759519, 0.0, 17.22661087890529)
state:field, action:WAj, timestep:16, reward:-3.1797264246119727
==================================================
coord:(14.86934341759519, 0.0, 17.22661087890529)->(14.86934341759519, 0.0, 11.22661087890529)
state:field, action:As, timestep:17, reward:-5.018276472701668
==================================================
coord:(14.86934341759519, 0.0, 11.22661087890529)->(12.601887672590323, 0.0, 13.494066623910157)
state:field, action:SDj, timestep:18, reward:3.0587671092651583
==================================================
coord:(12.601887672590323, 0.0, 13.494066623910157)->(12.601887672590323, 0.0, 19.494066623910197)
state:field, action:Ds, timestep:19, reward:5.139235788048515
==================================================
coord:(12.601887672590323, 0.0, 19.494066623910197)->(8.359246985471046, 0.0, 23.736707311029473)
state:field, action:SDs, timestep:20, reward:5.894859987162691
==================================================
coord:(8.359246985471046, 0.0, 23.736707311029473)->(4.116606298351769, 0.0, 27.97934799814875)
state:field, action:SDs, timestep:21, reward:5.448134397417965
==================================================
coord:(4.116606298351769, 0.0, 27.97934799814875)->(4.116606298351769, 0.0, 31.186014664815392)
state:field, action:Dj, timestep:22, reward:2.8033603096343356
==================================================
