coord:(2.0, 14.391348878186031, 2.0)->(2.0, 14.391348878186031, 2.0)
state:field, action:Wait, timestep:1, reward:-0.0
==================================================
coord:(2.0, 14.391348878186031, 2.0)->(2.0, 14.391348878186031, 7.2000000000000135)
state:field, action:D, timestep:2, reward:4.551659283136306
==================================================
coord:(2.0, 14.391348878186031, 7.2000000000000135)->(2.0, 14.391348878186031, 13.199999999999992)
state:field, action:Ds, timestep:3, reward:4.907417446307445
==================================================
coord:(2.0, 14.391348878186031, 13.199999999999992)->(2.0, 14.391348878186031, 18.399999999999952)
state:field, action:D, timestep:4, reward:3.7451540900216855
==================================================
coord:(2.0, 14.391348878186031, 18.399999999999952)->(6.242640687119277, 14.391348878186031, 14.157359312880676)
state:field, action:WAs, timestep:5, reward:-3.0348730003748727
==================================================
coord:(6.242640687119277, 14.391348878186031, 14.157359312880676)->(1.042640687119266, 14.391348878186031, 14.157359312880676)
state:field, action:S, timestep:6, reward:-0.08329848242966875
==================================================
coord:(1.042640687119266, 14.391348878186031, 14.157359312880676)->(1.042640687119266, 14.391348878186031, 20.15735931288073)
state:field, action:Ds, timestep:7, reward:4.090414893242613
==================================================
coord:(1.042640687119266, 14.391348878186031, 20.15735931288073)->(6.242640687119277, 11.216965544852696, 20.15735931288073)
state:field, action:Wj, timestep:8, reward:2.4986744540849006
==================================================
coord:(6.242640687119277, 11.216965544852696, 20.15735931288073)->(6.242640687119277, 11.216965544852696, 20.15735931288073)
state:air, action:Wait, timestep:9, reward:-0.0
==================================================
coord:(6.242640687119277, 11.216965544852696, 20.15735931288073)->(6.242640687119277, 11.216965544852696, 20.15735931288073)
state:air, action:j, timestep:10, reward:-0.0
==================================================
coord:(6.242640687119277, 11.216965544852696, 20.15735931288073)->(1.042640687119266, 7.316965544852716, 20.15735931288073)
state:parachute, action:S, timestep:11, reward:2.3504128777155344
==================================================
coord:(1.042640687119266, 7.316965544852716, 20.15735931288073)->(4.71959594928932, 3.416965544852697, 23.834314575050783)
state:parachute, action:WD, timestep:12, reward:5.439467080048884
==================================================
coord:(4.71959594928932, 3.416965544852697, 23.834314575050783)->(7.9675730975395345, 0.0, 27.082291723300997)
state:parachute, action:WD, timestep:13, reward:2.3953833200242496
==================================================
coord:(7.9675730975395345, 0.0, 27.082291723300997)->(3.7249324104202577, 0.0, 31.324932410420274)
state:field, action:SDs, timestep:14, reward:5.1501206859033575
==================================================
