coord:(2.0, 0.0, 2.0)->(2.0, 0.0, 2.0)
state:field, action:Wait, timestep:1, reward:-0.0==================================================
coord:(2.0, 0.0, 2.0)->(2.0, 0.0, 7.2000000000000135)
state:field, action:D, timestep:2, reward:3.571750604374344==================================================
coord:(2.0, 0.0, 7.2000000000000135)->(5.676955262170054, 0.0, 10.876955262170068)
state:field, action:WD, timestep:3, reward:5.190740124786764==================================================
coord:(5.676955262170054, 0.0, 10.876955262170068)->(2.0, 0.0, 7.2000000000000135)
state:field, action:SA, timestep:4, reward:-5.190740124786764==================================================
coord:(2.0, 0.0, 7.2000000000000135)->(4.267455745004867, 0.0, 4.932544254995147)
state:field, action:WAj, timestep:5, reward:0.1034786158030272==================================================
coord:(4.267455745004867, 0.0, 4.932544254995147)->(4.267455745004867, 0.0, 9.73254425499513)
state:field, action:Dsj, timestep:6, reward:3.2731683606304145==================================================
coord:(4.267455745004867, 0.0, 9.73254425499513)->(0.5905004828348134, 0.0, 13.409499517165184)
state:field, action:SD, timestep:7, reward:-0.5491864669857947==================================================
coord:(0.5905004828348134, 0.0, 13.409499517165184)->(0.5905004828348134, 0.0, 18.609499517165144)
state:field, action:D, timestep:8, reward:2.945330943967825==================================================
coord:(0.5905004828348134, 0.0, 18.609499517165144)->(2.8579562278396793, 0.0, 16.342043772160277)
state:field, action:WAj, timestep:9, reward:0.6133479824215442==================================================
coord:(2.8579562278396793, 0.0, 16.342043772160277)->(6.064622894506354, 0.0, 16.342043772160277)
state:field, action:Wj, timestep:10, reward:2.5783855390360344==================================================
coord:(6.064622894506354, 0.0, 16.342043772160277)->(12.064622894506334, 0.0, 16.342043772160277)
state:field, action:Ws, timestep:11, reward:4.631548805649132==================================================
coord:(12.064622894506334, 0.0, 16.342043772160277)->(8.38766763233628, 0.0, 20.01899903433033)
state:field, action:SD, timestep:12, reward:-0.573474135478456==================================================
coord:(8.38766763233628, 0.0, 20.01899903433033)->(12.064622894506334, 0.0, 23.695954296500386)
state:field, action:WD, timestep:13, reward:5.125161918994529==================================================
coord:(12.064622894506334, 0.0, 23.695954296500386)->(18.06462289450635, 0.0, 23.695954296500386)
state:field, action:Ws, timestep:14, reward:4.789141594131088==================================================
coord:(18.06462289450635, 0.0, 23.695954296500386)->(18.06462289450635, 0.0, 28.895954296500346)
state:field, action:D, timestep:15, reward:3.094975633284996==================================================
coord:(18.06462289450635, 0.0, 28.895954296500346)->(23.26462289450631, 0.0, 28.895954296500346)
state:field, action:W, timestep:16, reward:4.217419430181174==================================================
coord:(23.26462289450631, 0.0, 28.895954296500346)->(23.26462289450631, 0.0, 28.895954296500346)
state:field, action:j, timestep:17, reward:-0.0==================================================
coord:(23.26462289450631, 0.0, 28.895954296500346)->(23.26462289450631, 0.0, 25.689287629833704)
state:field, action:Aj, timestep:18, reward:-2.074586416616313==================================================
coord:(23.26462289450631, 0.0, 25.689287629833704)->(23.26462289450631, 0.0, 20.489287629833743)
state:field, action:A, timestep:19, reward:-3.6846351999307245==================================================
coord:(23.26462289450631, 0.0, 20.489287629833743)->(19.87051034481089, 0.0, 23.883400179529165)
state:field, action:SDsj, timestep:20, reward:-0.05270680592494159==================================================
coord:(19.87051034481089, 0.0, 23.883400179529165)->(22.137966089815755, 0.0, 21.615944434524298)
state:field, action:WAj, timestep:21, reward:0.09938087052201183==================================================
coord:(22.137966089815755, 0.0, 21.615944434524298)->(22.137966089815755, 0.0, 16.415944434524338)
state:field, action:A, timestep:22, reward:-3.8632167963932247==================================================
coord:(22.137966089815755, 0.0, 16.415944434524338)->(18.743853540120334, 0.0, 13.021831884828917)
state:field, action:SAsj, timestep:23, reward:-4.781357673291723==================================================
coord:(18.743853540120334, 0.0, 13.021831884828917)->(14.501212853001057, 0.0, 8.77919119770964)
state:field, action:SAs, timestep:24, reward:-5.981314641589002==================================================
coord:(14.501212853001057, 0.0, 8.77919119770964)->(14.501212853001057, 0.0, 13.579191197709623)
state:field, action:Dsj, timestep:25, reward:3.540604267020626==================================================
coord:(14.501212853001057, 0.0, 13.579191197709623)->(11.294546186334415, 0.0, 13.579191197709623)
state:field, action:Sj, timestep:26, reward:-2.2878314576552228==================================================
coord:(11.294546186334415, 0.0, 13.579191197709623)->(11.294546186334415, 0.0, 19.579191197709665)
state:field, action:Ds, timestep:27, reward:3.9174016004441157==================================================
coord:(11.294546186334415, 0.0, 19.579191197709665)->(15.537186873453692, 0.0, 15.336550510590389)
state:field, action:WAs, timestep:28, reward:0.3495844269941131==================================================
coord:(15.537186873453692, 0.0, 15.336550510590389)->(19.77982756057297, 0.0, 11.093909823471112)
state:field, action:WAs, timestep:29, reward:-0.3841542978431036==================================================
coord:(19.77982756057297, 0.0, 11.093909823471112)->(23.456782822743023, 0.0, 14.770865085641166)
state:field, action:WD, timestep:30, reward:5.154654462611255==================================================
coord:(23.456782822743023, 0.0, 14.770865085641166)->(27.133738084913077, 0.0, 18.44782034781122)
state:field, action:WD, timestep:31, reward:5.142602934321694==================================================
coord:(27.133738084913077, 0.0, 18.44782034781122)->(27.133738084913077, 0.0, 23.247820347811288)
state:field, action:Dsj, timestep:32, reward:3.773748276925943==================================================
coord:(27.133738084913077, 0.0, 23.247820347811288)->(31.933738084913145, 0.0, 23.247820347811288)
state:field, action:Wsj, timestep:33, reward:2.911865004742637==================================================
coord:(31.933738084913145, 0.0, 23.247820347811288)->(31.933738084913145, 0.0, 18.44782034781122)
state:field, action:Asj, timestep:34, reward:-4.077245639354402==================================================
coord:(31.933738084913145, 0.0, 18.44782034781122)->(36.73373808491321, 0.0, 18.44782034781122)
state:field, action:Wsj, timestep:35, reward:2.1306707410966013==================================================
coord:(36.73373808491321, 0.0, 18.44782034781122)->(39.940404751579855, 0.0, 18.44782034781122)
state:field, action:Wj, timestep:36, reward:1.1106737543976593==================================================
coord:(39.940404751579855, 0.0, 18.44782034781122)->(39.940404751579855, 0.0, 21.654487014477862)
state:field, action:Dj, timestep:37, reward:3.0393581379091295==================================================
coord:(39.940404751579855, 0.0, 21.654487014477862)->(45.140404751579815, 0.0, 21.654487014477862)
state:field, action:W, timestep:38, reward:1.3185547743956718==================================================
coord:(45.140404751579815, 0.0, 21.654487014477862)->(42.87294900657495, 0.0, 23.92194275948273)
state:field, action:SDj, timestep:39, reward:1.724633354027759==================================================
coord:(42.87294900657495, 0.0, 23.92194275948273)->(42.87294900657495, 0.0, 29.921942759482814)
state:field, action:Ds, timestep:40, reward:5.728903232663271==================================================
coord:(42.87294900657495, 0.0, 29.921942759482814)->(39.66628233990831, 0.0, 29.921942759482814)
state:field, action:Sj, timestep:41, reward:-1.275791737655883==================================================
coord:(39.66628233990831, 0.0, 29.921942759482814)->(39.66628233990831, 0.0, 26.715276092816172)
state:field, action:Aj, timestep:42, reward:-2.8934738450875592==================================================
coord:(39.66628233990831, 0.0, 26.715276092816172)->(39.66628233990831, 0.0, 26.715276092816172)
state:field, action:j, timestep:43, reward:-0.0==================================================
coord:(39.66628233990831, 0.0, 26.715276092816172)->(34.466282339908346, 0.0, 26.715276092816172)
state:field, action:S, timestep:44, reward:-2.5158299979449374==================================================
coord:(34.466282339908346, 0.0, 26.715276092816172)->(38.708923027027836, 0.0, 30.95791677993545)
state:field, action:WDs, timestep:45, reward:5.852615880484091==================================================
coord:(38.708923027027836, 0.0, 30.95791677993545)->(40.9763787720327, 0.0, 28.690461034930582)
state:field, action:WAj, timestep:46, reward:-1.0033820356024599==================================================
coord:(40.9763787720327, 0.0, 28.690461034930582)->(44.370491321728295, 0.0, 32.08457358462601)
state:field, action:WDsj, timestep:47, reward:4.362227798833402==================================================
coord:(44.370491321728295, 0.0, 32.08457358462601)->(48.613132008847785, 0.0, 36.3272142717455)
state:field, action:WDs, timestep:48, reward:5.03605268887539==================================================
coord:(48.613132008847785, 0.0, 36.3272142717455)->(44.370491321728295, 0.0, 32.08457358462601)
state:field, action:SAs, timestep:49, reward:-5.03605268887539==================================================
coord:(44.370491321728295, 0.0, 32.08457358462601)->(48.613132008847785, 0.0, 36.3272142717455)
state:field, action:WDs, timestep:50, reward:5.03605268887539==================================================
coord:(48.613132008847785, 0.0, 36.3272142717455)->(51.81979867551443, 0.0, 36.3272142717455)
state:field, action:Wj, timestep:51, reward:-0.050414627391010214==================================================
coord:(51.81979867551443, 0.0, 36.3272142717455)->(49.55234293050956, 0.0, 38.594670016750364)
state:field, action:SDj, timestep:52, reward:2.379180493377124==================================================
coord:(49.55234293050956, 0.0, 38.594670016750364)->(49.55234293050956, 0.0, 38.594670016750364)
state:field, action:j, timestep:53, reward:-0.0==================================================
coord:(49.55234293050956, 0.0, 38.594670016750364)->(53.229298192679614, 0.0, 42.27162527892042)
state:field, action:WD, timestep:54, reward:3.0380464456494956==================================================
coord:(53.229298192679614, 0.0, 42.27162527892042)->(49.55234293050956, 0.0, 45.94858054109047)
state:field, action:SD, timestep:55, reward:4.299299434734764==================================================
coord:(49.55234293050956, 0.0, 45.94858054109047)->(46.15823038081397, 0.0, 49.342693090786064)
state:field, action:SDsj, timestep:56, reward:0.1784320653167457==================================================
coord:(46.15823038081397, 0.0, 49.342693090786064)->(46.15823038081397, 0.0, 46.13602642411942)
state:field, action:Aj, timestep:57, reward:-1.5508915399941863==================================================
coord:(46.15823038081397, 0.0, 46.13602642411942)->(49.83518564298402, 0.0, 49.812981686289476)
state:field, action:WD, timestep:58, reward:5.18335923334182==================================================
