coord:(69.0, 12.491906707447338, 54.0)->(69.0, 12.491906707447338, 54.0)
state:field, action:Wait, timestep:1, reward:-0.0
==================================================
coord:(69.0, 12.491906707447338, 54.0)->(69.0, 9.317523374114003, 54.0)
state:field, action:j, timestep:2, reward:1.0581590364529347
==================================================
coord:(69.0, 9.317523374114003, 54.0)->(69.0, 9.317523374114003, 54.0)
state:air, action:j, timestep:3, reward:-0.0
==================================================
coord:(69.0, 9.317523374114003, 54.0)->(74.20000000000039, 5.417523374113998, 54.0)
state:parachute, action:W, timestep:4, reward:-0.6516977141453708
==================================================
coord:(74.20000000000039, 5.417523374113998, 54.0)->(77.87695526217044, 1.5175233741139915, 50.323044737829946)
state:parachute, action:WA, timestep:5, reward:2.057829642599028
==================================================
coord:(77.87695526217044, 1.5175233741139915, 50.323044737829946)->(76.14362192883698, 0.0, 50.323044737829946)
state:parachute, action:S, timestep:6, reward:0.8957865435513561
==================================================
coord:(76.14362192883698, 0.0, 50.323044737829946)->(76.14362192883698, 0.0, 45.123044737829986)
state:field, action:A, timestep:7, reward:4.461223628427362
==================================================
coord:(76.14362192883698, 0.0, 45.123044737829986)->(81.34362192883736, 0.0, 45.123044737829986)
state:field, action:W, timestep:8, reward:-3.2209480023414443
==================================================
coord:(81.34362192883736, 0.0, 45.123044737829986)->(84.73773447853296, 0.0, 41.728932188134394)
state:field, action:WAsj, timestep:9, reward:-0.1907084683051643
==================================================
coord:(84.73773447853296, 0.0, 41.728932188134394)->(81.53106781186605, 0.0, 41.728932188134394)
state:field, action:Sj, timestep:10, reward:2.455016143917426
==================================================
coord:(81.53106781186605, 0.0, 41.728932188134394)->(76.33106781186567, 0.0, 41.728932188134394)
state:field, action:S, timestep:11, reward:3.5807875442695476
==================================================
coord:(76.33106781186567, 0.0, 41.728932188134394)->(79.72518036156126, 0.0, 45.123044737829986)
state:field, action:WDsj, timestep:12, reward:-4.7779074765933345
==================================================
coord:(79.72518036156126, 0.0, 45.123044737829986)->(76.47248916810298, 0.0, 48.37573593128826)
state:field, action:SDsj, timestep:13, reward:-0.7736414027261205
==================================================
coord:(76.47248916810298, 0.0, 48.37573593128826)->(76.55915583476965, 0.0, 48.37573593128826)
state:field, action:Wj, timestep:14, reward:-0.044343124200686646
==================================================
coord:(76.55915583476965, 0.0, 48.37573593128826)->(76.62986651288831, 0.0, 48.3050252531696)
state:field, action:WAsj, timestep:15, reward:0.024282009017596806
==================================================
coord:(76.62986651288831, 0.0, 48.3050252531696)->(71.42986651288793, 0.0, 48.3050252531696)
state:field, action:S, timestep:16, reward:2.298194818168948
==================================================
coord:(71.42986651288793, 0.0, 48.3050252531696)->(75.67250720000742, 0.0, 44.06238456605011)
state:field, action:WAs, timestep:17, reward:1.791907010680525
==================================================
coord:(75.67250720000742, 0.0, 44.06238456605011)->(75.67250720000742, 0.0, 44.06238456605011)
state:field, action:j, timestep:18, reward:-0.0
==================================================
coord:(75.67250720000742, 0.0, 44.06238456605011)->(79.34946246217747, 0.0, 40.38542930388006)
state:field, action:WA, timestep:19, reward:0.4144092978647329
==================================================
coord:(79.34946246217747, 0.0, 40.38542930388006)->(77.0820067171726, 0.0, 42.652885048884926)
state:field, action:SDj, timestep:20, reward:-0.12352643784794992
==================================================
coord:(77.0820067171726, 0.0, 42.652885048884926)->(77.0820067171726, 0.0, 48.65288504888501)
state:field, action:Ds, timestep:21, reward:-4.912939678259349
==================================================
coord:(77.0820067171726, 0.0, 48.65288504888501)->(80.75896197934266, 0.0, 44.97592978671496)
state:field, action:WA, timestep:22, reward:0.7598651954817619
==================================================
coord:(80.75896197934266, 0.0, 44.97592978671496)->(84.43591724151271, 0.0, 41.2989745245449)
state:field, action:WA, timestep:23, reward:-0.19012571986400317
==================================================
coord:(84.43591724151271, 0.0, 41.2989745245449)->(79.63591724151298, 0.0, 41.2989745245449)
state:field, action:Ssj, timestep:24, reward:3.6267875896575106
==================================================
coord:(79.63591724151298, 0.0, 41.2989745245449)->(76.42925057484608, 0.0, 41.2989745245449)
state:field, action:Sj, timestep:25, reward:2.1770239811568324
==================================================
coord:(76.42925057484608, 0.0, 41.2989745245449)->(72.18660988772659, 0.0, 45.54161521166439)
state:field, action:SDs, timestep:26, reward:-1.3019026792809818
==================================================
coord:(72.18660988772659, 0.0, 45.54161521166439)->(68.50965462555654, 0.0, 41.86465994949434)
state:field, action:SA, timestep:27, reward:4.8150030824394925
==================================================
coord:(68.50965462555654, 0.0, 41.86465994949434)->(72.75229531267603, 0.0, 37.62201926237485)
state:field, action:WAs, timestep:28, reward:1.6594368277232086
==================================================
coord:(72.75229531267603, 0.0, 37.62201926237485)->(69.07534005050597, 0.0, 33.945064000204795)
state:field, action:SA, timestep:29, reward:5.149175585246402
==================================================
coord:(69.07534005050597, 0.0, 33.945064000204795)->(65.39838478833592, 0.0, 37.62201926237485)
state:field, action:SD, timestep:30, reward:-1.8344198908972498
==================================================
coord:(65.39838478833592, 0.0, 37.62201926237485)->(67.66584053334078, 0.0, 39.889475007379716)
state:field, action:WDj, timestep:31, reward:-2.829884172397602
==================================================
coord:(67.66584053334078, 0.0, 39.889475007379716)->(63.423199846221294, 0.0, 35.646834320260226)
state:field, action:SAs, timestep:32, reward:5.135948089701559
==================================================
coord:(63.423199846221294, 0.0, 35.646834320260226)->(66.81731239591689, 0.0, 32.252721770564634)
state:field, action:WAsj, timestep:33, reward:2.177635501345364
==================================================
coord:(66.81731239591689, 0.0, 32.252721770564634)->(66.81731239591689, 0.0, 37.452721770564594)
state:field, action:D, timestep:34, reward:-4.733402987049786
==================================================
coord:(66.81731239591689, 0.0, 37.452721770564594)->(66.81731239591689, 0.0, 32.252721770564634)
state:field, action:A, timestep:35, reward:4.733402987049786
==================================================
coord:(66.81731239591689, 0.0, 32.252721770564634)->(70.49426765808694, 0.0, 35.92967703273469)
state:field, action:WD, timestep:36, reward:-5.0889552049706595
==================================================
coord:(70.49426765808694, 0.0, 35.92967703273469)->(70.49426765808694, 0.0, 35.92967703273469)
state:field, action:j, timestep:37, reward:-0.0
==================================================
coord:(70.49426765808694, 0.0, 35.92967703273469)->(66.25162697096745, 0.0, 31.687036345615216)
state:field, action:SAs, timestep:38, reward:5.860319733782722
==================================================
coord:(66.25162697096745, 0.0, 31.687036345615216)->(69.9285822331375, 0.0, 35.363991607785266)
state:field, action:WD, timestep:39, reward:-5.072037708745809
==================================================
coord:(69.9285822331375, 0.0, 35.363991607785266)->(63.92858223313784, 0.0, 35.363991607785266)
state:field, action:Ss, timestep:40, reward:2.3300249453934505
==================================================
coord:(63.92858223313784, 0.0, 35.363991607785266)->(67.32269478283342, 0.0, 31.969879058089678)
state:field, action:WAsj, timestep:41, reward:1.942636441430487
==================================================
coord:(67.32269478283342, 0.0, 31.969879058089678)->(67.32269478283342, 0.0, 25.969879058089592)
state:field, action:As, timestep:42, reward:3.908325392397354
==================================================
coord:(67.32269478283342, 0.0, 25.969879058089592)->(63.92858223313783, 0.0, 22.57576650839417)
state:field, action:SAsj, timestep:43, reward:3.27804620173181
==================================================
coord:(63.92858223313783, 0.0, 22.57576650839417)->(59.68594154601834, 0.0, 18.333125821274894)
state:field, action:SAs, timestep:44, reward:-3.7236662415662187
==================================================
coord:(59.68594154601834, 0.0, 18.333125821274894)->(56.29182899632275, 0.0, 14.939013271579473)
state:field, action:SAsj, timestep:45, reward:-4.58795618790019
==================================================
coord:(56.29182899632275, 0.0, 14.939013271579473)->(51.49182899632268, 0.0, 14.939013271579473)
state:field, action:Ssj, timestep:46, reward:-3.1661766361666217
==================================================
coord:(51.49182899632268, 0.0, 14.939013271579473)->(53.75928474132755, 0.0, 17.20646901658434)
state:field, action:WDj, timestep:47, reward:3.195315167875835
==================================================
coord:(53.75928474132755, 0.0, 17.20646901658434)->(56.96595140799419, 0.0, 17.20646901658434)
state:field, action:Wj, timestep:48, reward:2.2245603530304674
==================================================
coord:(56.96595140799419, 0.0, 17.20646901658434)->(60.36006395768978, 0.0, 20.60058156627976)
state:field, action:WDsj, timestep:49, reward:4.681082586483446
==================================================
coord:(60.36006395768978, 0.0, 20.60058156627976)->(56.96595140799419, 0.0, 23.994694115975182)
state:field, action:SDsj, timestep:50, reward:-1.2597387474198127
==================================================
coord:(56.96595140799419, 0.0, 23.994694115975182)->(52.7233107208747, 0.0, 19.752053428855906)
state:field, action:SAs, timestep:51, reward:-5.168988063485305
==================================================
coord:(52.7233107208747, 0.0, 19.752053428855906)->(56.96595140799419, 0.0, 23.994694115975182)
state:field, action:WDs, timestep:52, reward:5.168988063485305
==================================================
coord:(56.96595140799419, 0.0, 23.994694115975182)->(62.16595140799415, 0.0, 23.994694115975182)
state:field, action:W, timestep:53, reward:4.868015180645383
==================================================
