coord:(69.0, 12.491906707447338, 54.0)->(69.0, 12.491906707447338, 54.0)
state:field, action:Wait, timestep:1, reward:-0.0
==================================================
coord:(69.0, 12.491906707447338, 54.0)->(74.99999999999966, 11.495573374114008, 54.0)
state:field, action:Wsj, timestep:2, reward:-1.4153268878540075
==================================================
coord:(74.99999999999966, 11.495573374114008, 54.0)->(74.99999999999966, 11.495573374114008, 54.0)
state:air, action:Wait, timestep:3, reward:-0.0
==================================================
coord:(74.99999999999966, 11.495573374114008, 54.0)->(74.99999999999966, 11.495573374114008, 54.0)
state:air, action:j, timestep:4, reward:-0.0
==================================================
coord:(74.99999999999966, 11.495573374114008, 54.0)->(71.3230447378296, 7.595573374114031, 50.323044737829946)
state:parachute, action:SA, timestep:5, reward:5.7177409320037995
==================================================
coord:(71.3230447378296, 7.595573374114031, 50.323044737829946)->(66.12304473782922, 3.69557337411401, 50.323044737829946)
state:parachute, action:S, timestep:6, reward:2.0407839054509402
==================================================
coord:(66.12304473782922, 3.69557337411401, 50.323044737829946)->(69.37102188607943, 0.0, 47.07506758957973)
state:parachute, action:WA, timestep:7, reward:2.6752970052400222
==================================================
coord:(69.37102188607943, 0.0, 47.07506758957973)->(69.37102188607943, 0.0, 53.07506758957982)
state:field, action:Ds, timestep:8, reward:-5.7710949195326435
==================================================
coord:(69.37102188607943, 0.0, 53.07506758957982)->(65.12838119895994, 0.0, 48.83242690246033)
state:field, action:SAs, timestep:9, reward:4.966150795565717
==================================================
coord:(65.12838119895994, 0.0, 48.83242690246033)->(65.1990918770786, 0.0, 48.76171622434167)
state:field, action:WAsj, timestep:10, reward:0.06119293545538085
==================================================
coord:(65.1990918770786, 0.0, 48.76171622434167)->(65.1990918770786, 0.0, 43.56171622434171)
state:field, action:A, timestep:11, reward:5.145937081719314
==================================================
coord:(65.1990918770786, 0.0, 43.56171622434171)->(65.26980255519726, 0.0, 43.63242690246037)
state:field, action:WDsj, timestep:12, reward:-0.08128156487094174
==================================================
coord:(65.26980255519726, 0.0, 43.63242690246037)->(65.34051323331592, 0.0, 43.703137580579025)
state:field, action:WDsj, timestep:13, reward:-0.08145136415712173
==================================================
coord:(65.34051323331592, 0.0, 43.703137580579025)->(65.34051323331592, 0.0, 43.703137580579025)
state:field, action:j, timestep:14, reward:-0.0
==================================================
coord:(65.34051323331592, 0.0, 43.703137580579025)->(65.34051323331592, 0.0, 43.61647091391236)
state:field, action:Aj, timestep:15, reward:0.08544202142276092
==================================================
coord:(65.34051323331592, 0.0, 43.61647091391236)->(65.27923064561308, 0.0, 43.67775350161519)
state:field, action:SDj, timestep:16, reward:-0.05025038578348173
==================================================
coord:(65.27923064561308, 0.0, 43.67775350161519)->(65.20851996749442, 0.0, 43.607042823496535)
state:field, action:SAsj, timestep:17, reward:0.08128718592170614
==================================================
coord:(65.20851996749442, 0.0, 43.607042823496535)->(65.20851996749442, 0.0, 37.60704282349645)
state:field, action:As, timestep:18, reward:5.887623537475649
==================================================
coord:(65.20851996749442, 0.0, 37.60704282349645)->(68.60263251719002, 0.0, 41.00115537319204)
state:field, action:WDsj, timestep:19, reward:-4.258049630817203
==================================================
coord:(68.60263251719002, 0.0, 41.00115537319204)->(73.40263251718974, 0.0, 41.00115537319204)
state:field, action:Wsj, timestep:20, reward:-2.2326806408731876
==================================================
coord:(73.40263251718974, 0.0, 41.00115537319204)->(70.19596585052284, 0.0, 41.00115537319204)
state:field, action:Sj, timestep:21, reward:1.5973286138451748
==================================================
coord:(70.19596585052284, 0.0, 41.00115537319204)->(73.8729211126929, 0.0, 44.678110635362096)
state:field, action:WD, timestep:22, reward:-4.970687706544208
==================================================
coord:(73.8729211126929, 0.0, 44.678110635362096)->(73.8729211126929, 0.0, 38.67811063536201)
state:field, action:As, timestep:23, reward:4.9653887931062926
==================================================
coord:(73.8729211126929, 0.0, 38.67811063536201)->(73.8729211126929, 0.0, 35.47144396869537)
state:field, action:Aj, timestep:24, reward:2.369508715856238
==================================================
coord:(73.8729211126929, 0.0, 35.47144396869537)->(67.87292111269323, 0.0, 35.47144396869537)
state:field, action:Ss, timestep:25, reward:3.6219939880590264
==================================================
coord:(67.87292111269323, 0.0, 35.47144396869537)->(67.87292111269323, 0.0, 38.67811063536201)
state:field, action:Dj, timestep:26, reward:-2.9220259783359825
==================================================
coord:(67.87292111269323, 0.0, 38.67811063536201)->(73.07292111269362, 0.0, 38.67811063536201)
state:field, action:W, timestep:27, reward:-2.5768814070779413
==================================================
coord:(73.07292111269362, 0.0, 38.67811063536201)->(76.46703366238921, 0.0, 42.0722231850576)
state:field, action:WDsj, timestep:28, reward:-4.763207593175181
==================================================
coord:(76.46703366238921, 0.0, 42.0722231850576)->(76.46703366238921, 0.0, 38.86555651839096)
state:field, action:Aj, timestep:29, reward:2.4063331693636734
==================================================
coord:(76.46703366238921, 0.0, 38.86555651839096)->(74.19957791738435, 0.0, 41.13301226339583)
state:field, action:SDj, timestep:30, reward:-0.2894016075551562
==================================================
coord:(74.19957791738435, 0.0, 41.13301226339583)->(74.19957791738435, 0.0, 37.926345596729185)
state:field, action:Aj, timestep:31, reward:2.5184648304231665
==================================================
coord:(74.19957791738435, 0.0, 37.926345596729185)->(74.19957791738435, 0.0, 43.126345596729145)
state:field, action:D, timestep:32, reward:-4.171703694587968
==================================================
coord:(74.19957791738435, 0.0, 43.126345596729145)->(79.39957791738473, 0.0, 43.126345596729145)
state:field, action:W, timestep:33, reward:-3.170745664336998
==================================================
coord:(79.39957791738473, 0.0, 43.126345596729145)->(82.60624458405164, 0.0, 43.126345596729145)
state:field, action:Wj, timestep:34, reward:-2.2580916421552644
==================================================
coord:(82.60624458405164, 0.0, 43.126345596729145)->(79.21213203435605, 0.0, 46.52045814642474)
state:field, action:SDsj, timestep:35, reward:-0.23014934792024988
==================================================
coord:(79.21213203435605, 0.0, 46.52045814642474)->(74.01213203435566, 0.0, 46.52045814642474)
state:field, action:S, timestep:36, reward:2.8210542480263747
==================================================
coord:(74.01213203435566, 0.0, 46.52045814642474)->(74.01213203435566, 0.0, 43.313791479758095)
state:field, action:Aj, timestep:37, reward:2.779225851494953
==================================================
coord:(74.01213203435566, 0.0, 43.313791479758095)->(74.01213203435566, 0.0, 38.113791479758135)
state:field, action:A, timestep:38, reward:4.211039965504561
==================================================
coord:(74.01213203435566, 0.0, 38.113791479758135)->(76.27958777936053, 0.0, 35.84633573475327)
state:field, action:WAj, timestep:39, reward:-0.02027303970268335
==================================================
coord:(76.27958777936053, 0.0, 35.84633573475327)->(72.60263251719047, 0.0, 39.52329099692332)
state:field, action:SD, timestep:40, reward:-0.24485932499652208
==================================================
coord:(72.60263251719047, 0.0, 39.52329099692332)->(72.60263251719047, 0.0, 39.52329099692332)
state:field, action:j, timestep:41, reward:-0.0
==================================================
coord:(72.60263251719047, 0.0, 39.52329099692332)->(72.60263251719047, 0.0, 34.723290996923254)
state:field, action:Asj, timestep:42, reward:3.7186805801368408
==================================================
coord:(72.60263251719047, 0.0, 34.723290996923254)->(67.40263251719009, 0.0, 34.723290996923254)
state:field, action:S, timestep:43, reward:3.072556767253257
==================================================
coord:(67.40263251719009, 0.0, 34.723290996923254)->(71.07958777936014, 0.0, 38.40024625909331)
state:field, action:WD, timestep:44, reward:-5.016299848348929
==================================================
coord:(71.07958777936014, 0.0, 38.40024625909331)->(77.0795877793598, 0.0, 38.40024625909331)
state:field, action:Ws, timestep:45, reward:-3.8272351080641975
==================================================
coord:(77.0795877793598, 0.0, 38.40024625909331)->(71.07958777936014, 0.0, 38.40024625909331)
state:field, action:Ss, timestep:46, reward:3.8272351080641975
==================================================
coord:(71.07958777936014, 0.0, 38.40024625909331)->(67.40263251719009, 0.0, 34.723290996923254)
state:field, action:SA, timestep:47, reward:5.016299848348929
==================================================
coord:(67.40263251719009, 0.0, 34.723290996923254)->(61.40263251719024, 0.0, 34.723290996923254)
state:field, action:Ss, timestep:48, reward:1.2674726958738542
==================================================
coord:(61.40263251719024, 0.0, 34.723290996923254)->(65.0795877793603, 0.0, 31.0463357347532)
state:field, action:WA, timestep:49, reward:3.050007521615089
==================================================
coord:(65.0795877793603, 0.0, 31.0463357347532)->(71.07958777935995, 0.0, 31.0463357347532)
state:field, action:Ws, timestep:50, reward:-3.8031214945246186
==================================================
coord:(71.07958777935995, 0.0, 31.0463357347532)->(68.81213203435509, 0.0, 28.778879989748333)
state:field, action:SAj, timestep:51, reward:3.1718029153545846
==================================================
coord:(68.81213203435509, 0.0, 28.778879989748333)->(68.81213203435509, 0.0, 22.778879989748248)
state:field, action:As, timestep:52, reward:1.4005144686081756
==================================================
coord:(68.81213203435509, 0.0, 22.778879989748248)->(71.07958777935995, 0.0, 25.046335734753114)
state:field, action:WDj, timestep:53, reward:-2.218965412372155
==================================================
coord:(71.07958777935995, 0.0, 25.046335734753114)->(68.81213203435509, 0.0, 27.31379147975798)
state:field, action:SDj, timestep:54, reward:1.564300697976643
==================================================
coord:(68.81213203435509, 0.0, 27.31379147975798)->(68.81213203435509, 0.0, 27.31379147975798)
state:field, action:Wait, timestep:55, reward:-0.0
==================================================
coord:(68.81213203435509, 0.0, 27.31379147975798)->(64.5694913472356, 0.0, 23.071150792638704)
state:field, action:SAs, timestep:56, reward:4.843154576358076
==================================================
coord:(64.5694913472356, 0.0, 23.071150792638704)->(67.7761580139025, 0.0, 23.071150792638704)
state:field, action:Wj, timestep:57, reward:-3.118140531200161
==================================================
coord:(67.7761580139025, 0.0, 23.071150792638704)->(72.01879870102199, 0.0, 27.31379147975798)
state:field, action:WDs, timestep:58, reward:-4.702243990260062
==================================================
coord:(72.01879870102199, 0.0, 27.31379147975798)->(67.7761580139025, 0.0, 23.071150792638704)
state:field, action:SAs, timestep:59, reward:4.702243990260062
==================================================
coord:(67.7761580139025, 0.0, 23.071150792638704)->(67.7761580139025, 0.0, 29.07115079263879)
state:field, action:Ds, timestep:60, reward:-1.8360244498852065
==================================================
coord:(67.7761580139025, 0.0, 29.07115079263879)->(61.77615801390268, 0.0, 29.07115079263879)
state:field, action:Ss, timestep:61, reward:2.610300121595264
==================================================
coord:(61.77615801390268, 0.0, 29.07115079263879)->(61.77615801390268, 0.0, 29.07115079263879)
state:field, action:j, timestep:62, reward:-0.0
==================================================
coord:(61.77615801390268, 0.0, 29.07115079263879)->(61.77615801390268, 0.0, 24.27115079263872)
state:field, action:Asj, timestep:63, reward:4.7244808943370895
==================================================
