coord:(69.0, 12.491906707447338, 54.0)->(69.0, 12.491906707447338, 54.0)
state:field, action:Wait, timestep:1, reward:-0.0
==================================================
coord:(69.0, 12.491906707447338, 54.0)->(69.0, 9.317523374114003, 54.0)
state:field, action:j, timestep:2, reward:0.6892458870076439
==================================================
coord:(69.0, 9.317523374114003, 54.0)->(69.0, 9.317523374114003, 54.0)
state:air, action:j, timestep:3, reward:-0.0
==================================================
coord:(69.0, 9.317523374114003, 54.0)->(65.32304473782995, 5.417523374113998, 57.676955262170054)
state:parachute, action:SD, timestep:4, reward:-3.2042920581266046
==================================================
coord:(65.32304473782995, 5.417523374113998, 57.676955262170054)->(69.0, 1.5175233741139915, 54.0)
state:parachute, action:WA, timestep:5, reward:4.058812554664165
==================================================
coord:(69.0, 1.5175233741139915, 54.0)->(70.47078210486802, 0.0, 55.47078210486802)
state:parachute, action:WD, timestep:6, reward:-1.4687146628611316
==================================================
coord:(70.47078210486802, 0.0, 55.47078210486802)->(67.21809091140975, 0.0, 58.7234732983263)
state:field, action:SDsj, timestep:7, reward:-3.2608087257917333
==================================================
coord:(67.21809091140975, 0.0, 58.7234732983263)->(67.15680832370691, 0.0, 58.66219071062346)
state:field, action:SAj, timestep:8, reward:0.05918010295533804
==================================================
coord:(67.15680832370691, 0.0, 58.66219071062346)->(72.3568083237073, 0.0, 58.66219071062346)
state:field, action:W, timestep:9, reward:-0.0732434343784405
==================================================
coord:(72.3568083237073, 0.0, 58.66219071062346)->(72.3568083237073, 0.0, 52.66219071062338)
state:field, action:As, timestep:10, reward:5.986826743832559
==================================================
coord:(72.3568083237073, 0.0, 52.66219071062338)->(72.3568083237073, 0.0, 46.66219071062329)
state:field, action:As, timestep:11, reward:5.9830486759344765
==================================================
coord:(72.3568083237073, 0.0, 46.66219071062329)->(73.06391510489388, 0.0, 45.95508392943671)
state:field, action:WAsj, timestep:12, reward:0.6409861044438969
==================================================
coord:(73.06391510489388, 0.0, 45.95508392943671)->(76.74087036706393, 0.0, 42.27812866726666)
state:field, action:WA, timestep:13, reward:3.0828686949299424
==================================================
coord:(76.74087036706393, 0.0, 42.27812866726666)->(72.49822967994444, 0.0, 46.52076935438615)
state:field, action:SDs, timestep:14, reward:-3.5945264839865985
==================================================
coord:(72.49822967994444, 0.0, 46.52076935438615)->(72.49822967994444, 0.0, 40.52076935438606)
state:field, action:As, timestep:15, reward:5.975262488347674
==================================================
coord:(72.49822967994444, 0.0, 40.52076935438606)->(72.49822967994444, 0.0, 40.52076935438606)
state:field, action:j, timestep:16, reward:-0.0
==================================================
coord:(72.49822967994444, 0.0, 40.52076935438606)->(72.49822967994444, 0.0, 34.520769354385976)
state:field, action:As, timestep:17, reward:5.965295633461437
==================================================
coord:(72.49822967994444, 0.0, 34.520769354385976)->(69.17482780836751, 0.0, 31.197367482809085)
state:field, action:SAsj, timestep:18, reward:3.529367146132522
==================================================
coord:(69.17482780836751, 0.0, 31.197367482809085)->(69.17482780836751, 0.0, 31.197367482809085)
state:field, action:j, timestep:19, reward:-0.0
==================================================
coord:(69.17482780836751, 0.0, 31.197367482809085)->(69.17482780836751, 0.0, 25.197367482809)
state:field, action:As, timestep:20, reward:5.999826711149858
==================================================
coord:(69.17482780836751, 0.0, 25.197367482809)->(69.17482780836751, 0.0, 19.99736748280904)
state:field, action:A, timestep:21, reward:5.1997376683257155
==================================================
coord:(69.17482780836751, 0.0, 19.99736748280904)->(72.5689403580631, 0.0, 16.603254933113618)
state:field, action:WAsj, timestep:22, reward:2.8586640370786824
==================================================
coord:(72.5689403580631, 0.0, 16.603254933113618)->(77.36894035806283, 0.0, 16.603254933113618)
state:field, action:Wsj, timestep:23, reward:-2.166733741192253
==================================================
coord:(77.36894035806283, 0.0, 16.603254933113618)->(73.12629967094334, 0.0, 12.360614245994341)
state:field, action:SAs, timestep:24, reward:5.868151169613643
==================================================
coord:(73.12629967094334, 0.0, 12.360614245994341)->(68.88365898382385, 0.0, 8.117973558875065)
state:field, action:SAs, timestep:25, reward:5.318161665578762
==================================================
coord:(68.88365898382385, 0.0, 8.117973558875065)->(68.88365898382385, 0.0, 4.9113068922083905)
state:field, action:Aj, timestep:26, reward:2.973850124622254
==================================================
