coord:(69.0, 12.491906707447338, 54.0)->(69.0, 12.491906707447338, 54.0)
state:field, action:Wait, timestep:1, reward:-0.0
==================================================
coord:(69.0, 12.491906707447338, 54.0)->(72.67695526217005, 12.491906707447338, 50.323044737829946)
state:field, action:WA, timestep:2, reward:0.5822395611363707
==================================================
coord:(72.67695526217005, 12.491906707447338, 50.323044737829946)->(69.0, 12.491906707447338, 54.0)
state:field, action:SD, timestep:3, reward:-0.5822395611363707
==================================================
coord:(69.0, 12.491906707447338, 54.0)->(74.99999999999966, 11.495573374114008, 54.0)
state:field, action:Wsj, timestep:4, reward:3.1308878295924956
==================================================
coord:(74.99999999999966, 11.495573374114008, 54.0)->(74.99999999999966, 11.495573374114008, 54.0)
state:air, action:Wait, timestep:5, reward:-0.0
==================================================
coord:(74.99999999999966, 11.495573374114008, 54.0)->(74.99999999999966, 11.495573374114008, 54.0)
state:air, action:Wait, timestep:6, reward:-0.0
==================================================
coord:(74.99999999999966, 11.495573374114008, 54.0)->(74.99999999999966, 11.495573374114008, 54.0)
state:air, action:j, timestep:7, reward:-0.0
==================================================
coord:(74.99999999999966, 11.495573374114008, 54.0)->(71.3230447378296, 7.595573374114031, 50.323044737829946)
state:parachute, action:SA, timestep:8, reward:0.7840896714315146
==================================================
coord:(71.3230447378296, 7.595573374114031, 50.323044737829946)->(71.3230447378296, 3.69557337411401, 55.523044737829906)
state:parachute, action:D, timestep:9, reward:4.260314118936518
==================================================
coord:(71.3230447378296, 3.69557337411401, 55.523044737829906)->(76.26304473782997, 0.0, 55.523044737829906)
state:parachute, action:W, timestep:10, reward:5.9084361327744235
==================================================
coord:(76.26304473782997, 0.0, 55.523044737829906)->(72.93964286625304, 0.0, 58.84644660940684)
state:field, action:SDsj, timestep:11, reward:-4.080843532108201
==================================================
coord:(72.93964286625304, 0.0, 58.84644660940684)->(77.73964286625277, 0.0, 58.84644660940684)
state:field, action:Wsj, timestep:12, reward:2.0177266395351086
==================================================
coord:(77.73964286625277, 0.0, 58.84644660940684)->(80.00709861125763, 0.0, 61.11390235441171)
state:field, action:WDj, timestep:13, reward:-2.9915272887160014
==================================================
coord:(80.00709861125763, 0.0, 61.11390235441171)->(76.80043194459073, 0.0, 61.11390235441171)
state:field, action:Sj, timestep:14, reward:0.8147112512366981
==================================================
coord:(76.80043194459073, 0.0, 61.11390235441171)->(76.80043194459073, 0.0, 55.913902354411746)
state:field, action:A, timestep:15, reward:4.900307843579643
==================================================
