coord:(10.0, 0.0, 26.0)->(10.0, 0.0, 26.0)
state:field-4, action:Wait, timestep:1, reward:-0.0
==================================================

coord:(10.0, 0.0, 26.0)->(12.328738207435403, 0.0, 23.67126179256453)
state:field-4, action:WAj, timestep:2, reward:2.2422333115985964
==================================================

coord:(12.328738207435403, 0.0, 23.67126179256453)->(8.651783143063714, 0.0, 19.994306728192733)
state:field-4, action:SA, timestep:3, reward:3.019614765531962
==================================================

coord:(8.651783143063714, 0.0, 19.994306728192733)->(13.451783143063697, 0.0, 19.994306728192733)
state:field-4, action:Wsj, timestep:4, reward:0.24950543969043792
==================================================

coord:(13.451783143063697, 0.0, 19.994306728192733)->(15.7805213504991, 0.0, 22.323044935628204)
state:field-4, action:WDj, timestep:5, reward:-2.3848540214489375
==================================================

coord:(15.7805213504991, 0.0, 22.323044935628204)->(17.864129220309778, 0.25237065965861394, 24.40665280543889)
state:field-4, action:WDj, timestep:6, reward:-2.2346876106863434
==================================================

coord:(17.864129220309778, 0.25237065965861394, 24.40665280543889)->(17.864129220309778, 0.25237065965861394, 24.40665280543889)
state:field-4, action:Wait, timestep:7, reward:-0.0
==================================================

coord:(17.864129220309778, 0.25237065965861394, 24.40665280543889)->(14.18717412438286, 0.0, 28.08360790136576)
state:field-4, action:SDsj, timestep:8, reward:-2.8584306432963658
==================================================

coord:(14.18717412438286, 0.0, 28.08360790136576)->(16.393347163005885, 0.06018858665292558, 30.289780939988837)
state:field-4, action:WD, timestep:9, reward:-2.328971287369722
==================================================

coord:(16.393347163005885, 0.06018858665292558, 30.289780939988837)->(14.06460895557047, 0.0, 27.961042732553366)
state:field-4, action:SAj, timestep:10, reward:2.454493056671744
==================================================

coord:(14.06460895557047, 0.0, 27.961042732553366)->(8.064608955570492, 0.0, 27.961042732553366)
state:field-4, action:Ss, timestep:11, reward:-0.21941009021470137
==================================================

coord:(8.064608955570492, 0.0, 27.961042732553366)->(4.38765389119875, 0.0, 24.28408766818157)
state:field-3, action:SA, timestep:12, reward:2.4576059308972766
==================================================

coord:(4.38765389119875, 0.0, 24.28408766818157)->(0.9935414949585182, 0.0, 20.88997527194138)
state:field-3, action:SAsj, timestep:13, reward:1.397500198081648
==================================================

coord:(0.9935414949585182, 0.0, 20.88997527194138)->(-0.04826243994680372, 0.7820944485425934, 19.84817133703604)
state:field-3, action:SAj, timestep:14, reward:0.5236377454890118
==================================================

