coord:(10.0, 0.0, 26.0)->(10.0, 0.0, 26.0)
state:field-4, action:Wait, timestep:1, reward:-0.0
==================================================

coord:(10.0, 0.0, 26.0)->(5.200000000000017, 0.0, 26.0)
state:field-4, action:Ssj, timestep:2, reward:-0.8775420681063544
==================================================

coord:(5.200000000000017, 0.0, 26.0)->(10.0, 0.0, 26.0)
state:field-4, action:Wsj, timestep:3, reward:0.8775420681063544
==================================================

coord:(10.0, 0.0, 26.0)->(10.0, 0.0, 22.70666678746546)
state:field-4, action:Aj, timestep:4, reward:3.031289050916506
==================================================

coord:(10.0, 0.0, 22.70666678746546)->(10.0, 0.0, 22.70666678746546)
state:field-4, action:Wait, timestep:5, reward:-0.0
==================================================

coord:(10.0, 0.0, 22.70666678746546)->(15.999999999999979, 0.0, 22.70666678746546)
state:field-4, action:Ws, timestep:6, reward:-0.2892709733463832
==================================================

coord:(15.999999999999979, 0.0, 22.70666678746546)->(16.565685399373344, 0.16268803591680953, 23.272352186838823)
state:field-3, action:WDs, timestep:7, reward:-0.5581705090197921
==================================================

coord:(16.565685399373344, 0.16268803591680953, 23.272352186838823)->(14.17566460753173, 0.0, 20.882331394997156)
state:field-3, action:SAj, timestep:8, reward:2.4696112411024167
==================================================

coord:(14.17566460753173, 0.0, 20.882331394997156)->(14.17566460753173, 0.23462843906561007, 17.93566483641362)
state:field-3, action:Aj, timestep:9, reward:2.685104868578609
==================================================

coord:(14.17566460753173, 0.23462843906561007, 17.93566483641362)->(14.17566460753173, 1.534628391381893, 17.93566483641362)
state:wall-8, action:W, timestep:10, reward:0.6099586159351844
==================================================

coord:(14.17566460753173, 1.534628391381893, 17.93566483641362)->(14.17566460753173, 0.23462843906560996, 16.985664836413605)
state:wall-8, action:S, timestep:11, reward:0.19493060643095284
==================================================

coord:(14.17566460753173, 0.23462843906560996, 16.985664836413605)->(14.17566460753173, -1.0653715132506747, 15.98566483641359)
state:wall-8, action:S, timestep:12, reward:0.06766690147462207
==================================================

coord:(14.17566460753173, -1.0653715132506747, 15.98566483641359)->(14.17566460753173, 1.5346283913818939, 15.98566483641359)
state:wall-8, action:Wj, timestep:13, reward:1.441867980371395
==================================================

coord:(14.17566460753173, 1.5346283913818939, 15.98566483641359)->(14.17566460753173, 0.23462843906561087, 14.985664836413576)
state:wall-7, action:S, timestep:14, reward:0.12474094224923427
==================================================

coord:(14.17566460753173, 0.23462843906561087, 14.985664836413576)->(14.17566460753173, 2.834628343698178, 14.985664836413576)
state:wall-7, action:Wj, timestep:15, reward:1.3518432100120474
==================================================

coord:(14.17566460753173, 2.834628343698178, 14.985664836413576)->(14.17566460753173, 5.434628248330752, 14.985664836413576)
state:wall-7, action:Wj, timestep:16, reward:0.9177976374769834
==================================================

coord:(14.17566460753173, 5.434628248330752, 14.985664836413576)->(14.17566460753173, 6.734628200647019, 14.985664836413576)
state:wall-6, action:W, timestep:17, reward:0.26113526412469135
==================================================

coord:(14.17566460753173, 6.734628200647019, 14.985664836413576)->(14.175664607531731, 5.434628248330752, 13.985664836413564)
state:wall-6, action:S, timestep:18, reward:0.6827417470767312
==================================================

coord:(14.175664607531731, 5.434628248330752, 13.985664836413564)->(14.175664607531731, 4.134628296014486, 12.98566483641355)
state:wall-6, action:S, timestep:19, reward:0.46179021851880186
==================================================

coord:(14.175664607531731, 4.134628296014486, 12.98566483641355)->(14.175664607531731, 6.734628200647072, 12.98566483641355)
state:wall-6, action:Wj, timestep:20, reward:0.7840073442752207
==================================================

coord:(14.175664607531731, 6.734628200647072, 12.98566483641355)->(14.175664607531731, 5.434628248330806, 11.985664836413536)
state:wall-5, action:S, timestep:21, reward:0.6046293267698442
==================================================

coord:(14.175664607531731, 5.434628248330806, 11.985664836413536)->(14.175664607531731, 6.734628200647072, 11.985664836413536)
state:wall-5, action:W, timestep:22, reward:0.34715706989856443
==================================================

coord:(14.175664607531731, 6.734628200647072, 11.985664836413536)->(14.175664607531731, 9.33462810527963, 11.985664836413536)
state:wall-5, action:Wj, timestep:23, reward:0.10855445404344977
==================================================

coord:(14.175664607531731, 9.33462810527963, 11.985664836413536)->(14.175664607531731, 8.034628152963311, 10.985664836413521)
state:wall-5, action:S, timestep:24, reward:1.0060678430146943
==================================================

coord:(14.175664607531731, 8.034628152963311, 10.985664836413521)->(14.175664607531731, 9.33462810527963, 10.985664836413521)
state:wall-5, action:W, timestep:25, reward:-0.05303216754249451
==================================================

coord:(14.175664607531731, 9.33462810527963, 10.985664836413521)->(14.175664607531731, 8.034628152963311, 9.985664836413507)
state:wall-5, action:S, timestep:26, reward:0.9996082022384503
==================================================

coord:(14.175664607531731, 8.034628152963311, 9.985664836413507)->(14.175664607531731, 6.734628200647045, 8.985664836413493)
state:wall-5, action:S, timestep:27, reward:0.693951550676446
==================================================

coord:(14.175664607531731, 6.734628200647045, 8.985664836413493)->(14.175664607531731, 5.434628248330778, 7.98566483641348)
state:wall-5, action:S, timestep:28, reward:0.26947822237531316
==================================================

coord:(14.175664607531731, 5.434628248330778, 7.98566483641348)->(14.175664607531731, 6.604628205415442, 7.98566483641348)
state:wall-5, action:Wj, timestep:29, reward:0.537718213343271
==================================================

coord:(14.175664607531731, 6.604628205415442, 7.98566483641348)->(14.175664607531731, 12.61176329392331, 7.98566483641348)
state:air-10, action:Wait, timestep:30, reward:-1.3265023747094924
==================================================

coord:(14.175664607531731, 12.61176329392331, 7.98566483641348)->(14.175664607531731, 12.61176329392331, 7.98566483641348)
state:field-0, action:Wait, timestep:31, reward:-0.0
==================================================

coord:(14.175664607531731, 12.61176329392331, 7.98566483641348)->(14.175664607531731, 12.61176329392331, 7.98566483641348)
state:field-0, action:Wait, timestep:32, reward:-0.0
==================================================

coord:(14.175664607531731, 12.61176329392331, 7.98566483641348)->(14.175664607531731, 12.61176329392331, 7.98566483641348)
state:field-0, action:Wait, timestep:33, reward:-0.0
==================================================

coord:(14.175664607531731, 12.61176329392331, 7.98566483641348)->(14.66592528278129, 12.521764109554587, 8.47592551166304)
state:field-0, action:WD, timestep:34, reward:-0.44875006036227383
==================================================

coord:(14.66592528278129, 12.521764109554587, 8.47592551166304)->(14.66592528278129, 12.521764109554587, 6.309258924469235)
state:field-0, action:A, timestep:35, reward:1.216086748715333
==================================================

coord:(14.66592528278129, 12.521764109554587, 6.309258924469235)->(14.66592528278129, 11.824510593833809, 4.402592327738692)
state:field-0, action:A, timestep:36, reward:1.0659338541749372
==================================================

coord:(14.66592528278129, 11.824510593833809, 4.402592327738692)->(14.66592528278129, 11.824510593833809, 4.402592327738692)
state:field-0, action:Wait, timestep:37, reward:-0.0
==================================================

coord:(14.66592528278129, 11.824510593833809, 4.402592327738692)->(14.66592528278129, 12.521764109554587, 8.649258838638545)
state:field-0, action:D, timestep:38, reward:-2.399856524800952
==================================================

coord:(14.66592528278129, 12.521764109554587, 8.649258838638545)->(14.66592528278129, 11.824510593833809, 10.642592098856861)
state:field-0, action:D, timestep:39, reward:-1.1708760726708913
==================================================

coord:(14.66592528278129, 11.824510593833809, 10.642592098856861)->(14.66592528278129, 12.521764109554587, 6.309258924469235)
state:field-0, action:A, timestep:40, reward:2.504798743296906
==================================================

coord:(14.66592528278129, 12.521764109554587, 6.309258924469235)->(14.66592528278129, 11.824510593833809, 4.402592327738692)
state:field-0, action:A, timestep:41, reward:1.0659338541749372
==================================================

coord:(14.66592528278129, 11.824510593833809, 4.402592327738692)->(14.66592528278129, 11.824510593833809, 4.402592327738692)
state:field-0, action:Wait, timestep:42, reward:-0.0
==================================================

coord:(14.66592528278129, 11.824510593833809, 4.402592327738692)->(14.66592528278129, 12.521764109554587, 8.649258838638545)
state:field-0, action:D, timestep:43, reward:-2.399856524800952
==================================================

coord:(14.66592528278129, 12.521764109554587, 8.649258838638545)->(14.66592528278129, 12.521764109554587, 6.309258924469235)
state:field-0, action:A, timestep:44, reward:1.3339226706260146
==================================================

coord:(14.66592528278129, 12.521764109554587, 6.309258924469235)->(14.66592528278129, 11.824510593833809, 4.402592327738692)
state:field-0, action:A, timestep:45, reward:1.0659338541749372
==================================================

coord:(14.66592528278129, 11.824510593833809, 4.402592327738692)->(14.66592528278129, 11.824510593833809, 4.402592327738692)
state:field-0, action:Wait, timestep:46, reward:-0.0
==================================================

coord:(14.66592528278129, 11.824510593833809, 4.402592327738692)->(14.66592528278129, 12.521764109554587, 8.649258838638545)
state:field-0, action:D, timestep:47, reward:-2.399856524800952
==================================================

coord:(14.66592528278129, 12.521764109554587, 8.649258838638545)->(14.66592528278129, 11.824510593833809, 10.642592098856861)
state:field-0, action:D, timestep:48, reward:-1.1708760726708913
==================================================

coord:(14.66592528278129, 11.824510593833809, 10.642592098856861)->(14.66592528278129, 12.521764109554587, 6.309258924469235)
state:field-0, action:A, timestep:49, reward:2.504798743296906
==================================================

coord:(14.66592528278129, 12.521764109554587, 6.309258924469235)->(14.66592528278129, 12.521764109554587, 8.649258838638545)
state:field-0, action:D, timestep:50, reward:-1.3339226706260146
==================================================

coord:(14.66592528278129, 12.521764109554587, 8.649258838638545)->(14.66592528278129, 11.824510593833809, 10.642592098856861)
state:field-0, action:D, timestep:51, reward:-1.1708760726708913
==================================================

coord:(14.66592528278129, 11.824510593833809, 10.642592098856861)->(14.66592528278129, 12.521764109554587, 6.309258924469235)
state:field-0, action:A, timestep:52, reward:2.504798743296906
==================================================

coord:(14.66592528278129, 12.521764109554587, 6.309258924469235)->(14.66592528278129, 12.521764109554587, 6.309258924469235)
state:field-0, action:Wait, timestep:53, reward:-0.0
==================================================

coord:(14.66592528278129, 12.521764109554587, 6.309258924469235)->(14.66592528278129, 12.521764109554587, 6.309258924469235)
state:field-0, action:Wait, timestep:54, reward:-0.0
==================================================

coord:(14.66592528278129, 12.521764109554587, 6.309258924469235)->(14.66592528278129, 12.521764109554587, 8.649258838638545)
state:field-0, action:D, timestep:55, reward:-1.3339226706260146
==================================================

coord:(14.66592528278129, 12.521764109554587, 8.649258838638545)->(14.66592528278129, 11.824510593833809, 10.642592098856861)
state:field-0, action:D, timestep:56, reward:-1.1708760726708913
==================================================

coord:(14.66592528278129, 11.824510593833809, 10.642592098856861)->(14.66592528278129, 12.521764109554587, 6.309258924469235)
state:field-0, action:A, timestep:57, reward:2.504798743296906
==================================================

coord:(14.66592528278129, 12.521764109554587, 6.309258924469235)->(14.66592528278129, 12.521764109554587, 8.649258838638545)
state:field-0, action:D, timestep:58, reward:-1.3339226706260146
==================================================

coord:(14.66592528278129, 12.521764109554587, 8.649258838638545)->(14.66592528278129, 12.521764109554587, 6.309258924469235)
state:field-0, action:A, timestep:59, reward:1.3339226706260146
==================================================

coord:(14.66592528278129, 12.521764109554587, 6.309258924469235)->(14.66592528278129, 11.824510593833809, 4.402592327738692)
state:field-0, action:A, timestep:60, reward:1.0659338541749372
==================================================

coord:(14.66592528278129, 11.824510593833809, 4.402592327738692)->(14.66592528278129, 12.521764109554587, 8.649258838638545)
state:field-0, action:D, timestep:61, reward:-2.399856524800952
==================================================

coord:(14.66592528278129, 12.521764109554587, 8.649258838638545)->(14.66592528278129, 12.521764109554587, 8.649258838638545)
state:field-0, action:Wait, timestep:62, reward:-0.0
==================================================

coord:(14.66592528278129, 12.521764109554587, 8.649258838638545)->(14.66592528278129, 12.521764109554587, 6.309258924469235)
state:field-0, action:A, timestep:63, reward:1.3339226706260146
==================================================

coord:(14.66592528278129, 12.521764109554587, 6.309258924469235)->(14.66592528278129, 11.824510593833809, 4.402592327738692)
state:field-0, action:A, timestep:64, reward:1.0659338541749372
==================================================

coord:(14.66592528278129, 11.824510593833809, 4.402592327738692)->(14.66592528278129, 11.824510593833809, 4.402592327738692)
state:field-0, action:Wait, timestep:65, reward:-0.0
==================================================

coord:(14.66592528278129, 11.824510593833809, 4.402592327738692)->(14.66592528278129, 12.521764109554587, 8.649258838638545)
state:field-0, action:D, timestep:66, reward:-2.399856524800952
==================================================

coord:(14.66592528278129, 12.521764109554587, 8.649258838638545)->(14.66592528278129, 11.824510593833809, 10.642592098856861)
state:field-0, action:D, timestep:67, reward:-1.1708760726708913
==================================================

coord:(14.66592528278129, 11.824510593833809, 10.642592098856861)->(14.66592528278129, 11.824510593833809, 10.642592098856861)
state:field-0, action:Wait, timestep:68, reward:-0.0
==================================================

coord:(14.66592528278129, 11.824510593833809, 10.642592098856861)->(14.66592528278129, 12.521764109554587, 6.309258924469235)
state:field-0, action:A, timestep:69, reward:2.504798743296906
==================================================

coord:(14.66592528278129, 12.521764109554587, 6.309258924469235)->(14.66592528278129, 12.521764109554587, 8.649258838638545)
state:field-0, action:D, timestep:70, reward:-1.3339226706260146
==================================================

coord:(14.66592528278129, 12.521764109554587, 8.649258838638545)->(14.66592528278129, 12.521764109554587, 8.649258838638545)
state:field-0, action:Wait, timestep:71, reward:-0.0
==================================================

coord:(14.66592528278129, 12.521764109554587, 8.649258838638545)->(14.66592528278129, 11.824510593833809, 10.642592098856861)
state:field-0, action:D, timestep:72, reward:-1.1708760726708913
==================================================

coord:(14.66592528278129, 11.824510593833809, 10.642592098856861)->(14.66592528278129, 11.824510593833809, 10.642592098856861)
state:field-0, action:Wait, timestep:73, reward:-0.0
==================================================

coord:(14.66592528278129, 11.824510593833809, 10.642592098856861)->(14.66592528278129, 11.824510593833809, 10.642592098856861)
state:field-0, action:Wait, timestep:74, reward:-0.0
==================================================

coord:(14.66592528278129, 11.824510593833809, 10.642592098856861)->(14.66592528278129, 11.824510593833809, 10.642592098856861)
state:field-0, action:Wait, timestep:75, reward:-0.0
==================================================

coord:(14.66592528278129, 11.824510593833809, 10.642592098856861)->(14.66592528278129, 11.824510593833809, 10.642592098856861)
state:field-0, action:Wait, timestep:76, reward:-0.0
==================================================

coord:(14.66592528278129, 11.824510593833809, 10.642592098856861)->(14.66592528278129, 11.824510593833809, 10.642592098856861)
state:field-0, action:Wait, timestep:77, reward:-0.0
==================================================

coord:(14.66592528278129, 11.824510593833809, 10.642592098856861)->(14.66592528278129, 11.824510593833809, 10.642592098856861)
state:field-0, action:Wait, timestep:78, reward:-0.0
==================================================

coord:(14.66592528278129, 11.824510593833809, 10.642592098856861)->(14.66592528278129, 12.521764109554587, 6.309258924469235)
state:field-0, action:A, timestep:79, reward:2.504798743296906
==================================================

coord:(14.66592528278129, 12.521764109554587, 6.309258924469235)->(14.66592528278129, 12.521764109554587, 8.649258838638545)
state:field-0, action:D, timestep:80, reward:-1.3339226706260146
==================================================

coord:(14.66592528278129, 12.521764109554587, 8.649258838638545)->(14.66592528278129, 12.521764109554587, 8.649258838638545)
state:field-0, action:Wait, timestep:81, reward:-0.0
==================================================

coord:(14.66592528278129, 12.521764109554587, 8.649258838638545)->(14.66592528278129, 12.521764109554587, 6.309258924469235)
state:field-0, action:A, timestep:82, reward:1.3339226706260146
==================================================

coord:(14.66592528278129, 12.521764109554587, 6.309258924469235)->(14.66592528278129, 12.521764109554587, 8.649258838638545)
state:field-0, action:D, timestep:83, reward:-1.3339226706260146
==================================================

coord:(14.66592528278129, 12.521764109554587, 8.649258838638545)->(14.66592528278129, 12.521764109554587, 8.649258838638545)
state:field-0, action:Wait, timestep:84, reward:-0.0
==================================================

coord:(14.66592528278129, 12.521764109554587, 8.649258838638545)->(14.66592528278129, 12.521764109554587, 6.309258924469235)
state:field-0, action:A, timestep:85, reward:1.3339226706260146
==================================================

coord:(14.66592528278129, 12.521764109554587, 6.309258924469235)->(14.66592528278129, 12.521764109554587, 6.309258924469235)
state:field-0, action:Wait, timestep:86, reward:-0.0
==================================================

coord:(14.66592528278129, 12.521764109554587, 6.309258924469235)->(14.66592528278129, 12.521764109554587, 8.649258838638545)
state:field-0, action:D, timestep:87, reward:-1.3339226706260146
==================================================

coord:(14.66592528278129, 12.521764109554587, 8.649258838638545)->(14.66592528278129, 11.824510593833809, 10.642592098856861)
state:field-0, action:D, timestep:88, reward:-1.1708760726708913
==================================================

coord:(14.66592528278129, 11.824510593833809, 10.642592098856861)->(14.66592528278129, 11.824510593833809, 10.642592098856861)
state:field-0, action:Wait, timestep:89, reward:-0.0
==================================================

coord:(14.66592528278129, 11.824510593833809, 10.642592098856861)->(14.66592528278129, 11.824510593833809, 10.642592098856861)
state:field-0, action:Wait, timestep:90, reward:-0.0
==================================================

coord:(14.66592528278129, 11.824510593833809, 10.642592098856861)->(14.66592528278129, 11.824510593833809, 10.642592098856861)
state:field-0, action:Wait, timestep:91, reward:-0.0
==================================================

coord:(14.66592528278129, 11.824510593833809, 10.642592098856861)->(14.66592528278129, 11.824510593833809, 10.642592098856861)
state:field-0, action:Wait, timestep:92, reward:-0.0
==================================================

coord:(14.66592528278129, 11.824510593833809, 10.642592098856861)->(14.66592528278129, 11.824510593833809, 10.642592098856861)
state:field-0, action:Wait, timestep:93, reward:-0.0
==================================================

coord:(14.66592528278129, 11.824510593833809, 10.642592098856861)->(14.66592528278129, 11.824510593833809, 10.642592098856861)
state:field-0, action:Wait, timestep:94, reward:-0.0
==================================================

coord:(14.66592528278129, 11.824510593833809, 10.642592098856861)->(14.66592528278129, 12.521764109554587, 6.309258924469235)
state:field-0, action:A, timestep:95, reward:2.504798743296906
==================================================

coord:(14.66592528278129, 12.521764109554587, 6.309258924469235)->(14.66592528278129, 12.521764109554587, 8.649258838638545)
state:field-0, action:D, timestep:96, reward:-1.3339226706260146
==================================================

coord:(14.66592528278129, 12.521764109554587, 8.649258838638545)->(14.66592528278129, 12.521764109554587, 8.649258838638545)
state:field-0, action:Wait, timestep:97, reward:-0.0
==================================================

coord:(14.66592528278129, 12.521764109554587, 8.649258838638545)->(14.66592528278129, 12.521764109554587, 6.309258924469235)
state:field-0, action:A, timestep:98, reward:1.3339226706260146
==================================================

coord:(14.66592528278129, 12.521764109554587, 6.309258924469235)->(14.66592528278129, 11.824510593833809, 4.402592327738692)
state:field-0, action:A, timestep:99, reward:1.0659338541749372
==================================================

coord:(14.66592528278129, 11.824510593833809, 4.402592327738692)->(14.66592528278129, 12.521764109554587, 8.649258838638545)
state:field-0, action:D, timestep:100, reward:-2.399856524800952
==================================================

coord:(14.66592528278129, 12.521764109554587, 8.649258838638545)->(14.66592528278129, 12.521764109554587, 8.649258838638545)
state:field-0, action:Wait, timestep:101, reward:-0.0
==================================================

coord:(14.66592528278129, 12.521764109554587, 8.649258838638545)->(14.66592528278129, 12.521764109554587, 6.309258924469235)
state:field-0, action:A, timestep:102, reward:1.3339226706260146
==================================================

coord:(14.66592528278129, 12.521764109554587, 6.309258924469235)->(14.66592528278129, 11.824510593833809, 4.402592327738692)
state:field-0, action:A, timestep:103, reward:1.0659338541749372
==================================================

coord:(14.66592528278129, 11.824510593833809, 4.402592327738692)->(14.66592528278129, 12.521764109554587, 8.649258838638545)
state:field-0, action:D, timestep:104, reward:-2.399856524800952
==================================================

coord:(14.66592528278129, 12.521764109554587, 8.649258838638545)->(14.66592528278129, 12.521764109554587, 8.649258838638545)
state:field-0, action:Wait, timestep:105, reward:-0.0
==================================================

coord:(14.66592528278129, 12.521764109554587, 8.649258838638545)->(14.66592528278129, 11.824510593833809, 10.642592098856861)
state:field-0, action:D, timestep:106, reward:-1.1708760726708913
==================================================

coord:(14.66592528278129, 11.824510593833809, 10.642592098856861)->(14.66592528278129, 12.521764109554587, 6.309258924469235)
state:field-0, action:A, timestep:107, reward:2.504798743296906
==================================================

coord:(14.66592528278129, 12.521764109554587, 6.309258924469235)->(14.66592528278129, 11.824510593833809, 4.402592327738692)
state:field-0, action:A, timestep:108, reward:1.0659338541749372
==================================================

coord:(14.66592528278129, 11.824510593833809, 4.402592327738692)->(14.66592528278129, 11.824510593833809, 4.402592327738692)
state:field-0, action:Wait, timestep:109, reward:-0.0
==================================================

coord:(14.66592528278129, 11.824510593833809, 4.402592327738692)->(14.66592528278129, 12.521764109554587, 8.649258838638545)
state:field-0, action:D, timestep:110, reward:-2.399856524800952
==================================================

coord:(14.66592528278129, 12.521764109554587, 8.649258838638545)->(14.66592528278129, 11.824510593833809, 10.642592098856861)
state:field-0, action:D, timestep:111, reward:-1.1708760726708913
==================================================

coord:(14.66592528278129, 11.824510593833809, 10.642592098856861)->(14.66592528278129, 11.824510593833809, 10.642592098856861)
state:field-0, action:Wait, timestep:112, reward:-0.0
==================================================

coord:(14.66592528278129, 11.824510593833809, 10.642592098856861)->(14.66592528278129, 11.824510593833809, 10.642592098856861)
state:field-0, action:Wait, timestep:113, reward:-0.0
==================================================

coord:(14.66592528278129, 11.824510593833809, 10.642592098856861)->(14.66592528278129, 12.521764109554587, 6.309258924469235)
state:field-0, action:A, timestep:114, reward:2.504798743296906
==================================================

coord:(14.66592528278129, 12.521764109554587, 6.309258924469235)->(14.66592528278129, 12.521764109554587, 8.649258838638545)
state:field-0, action:D, timestep:115, reward:-1.3339226706260146
==================================================

coord:(14.66592528278129, 12.521764109554587, 8.649258838638545)->(14.66592528278129, 12.521764109554587, 8.649258838638545)
state:field-0, action:Wait, timestep:116, reward:-0.0
==================================================

coord:(14.66592528278129, 12.521764109554587, 8.649258838638545)->(14.66592528278129, 12.521764109554587, 6.309258924469235)
state:field-0, action:A, timestep:117, reward:1.3339226706260146
==================================================

coord:(14.66592528278129, 12.521764109554587, 6.309258924469235)->(14.66592528278129, 12.521764109554587, 6.309258924469235)
state:field-0, action:Wait, timestep:118, reward:-0.0
==================================================

coord:(14.66592528278129, 12.521764109554587, 6.309258924469235)->(14.66592528278129, 11.824510593833809, 4.402592327738692)
state:field-0, action:A, timestep:119, reward:1.0659338541749372
==================================================

coord:(14.66592528278129, 11.824510593833809, 4.402592327738692)->(14.66592528278129, 11.824510593833809, 4.402592327738692)
state:field-0, action:Wait, timestep:120, reward:-0.0
==================================================

coord:(14.66592528278129, 11.824510593833809, 4.402592327738692)->(14.66592528278129, 12.521764109554587, 8.649258838638545)
state:field-0, action:D, timestep:121, reward:-2.399856524800952
==================================================

coord:(14.66592528278129, 12.521764109554587, 8.649258838638545)->(14.66592528278129, 11.824510593833809, 10.642592098856861)
state:field-0, action:D, timestep:122, reward:-1.1708760726708913
==================================================

coord:(14.66592528278129, 11.824510593833809, 10.642592098856861)->(14.66592528278129, 11.824510593833809, 10.642592098856861)
state:field-0, action:Wait, timestep:123, reward:-0.0
==================================================

coord:(14.66592528278129, 11.824510593833809, 10.642592098856861)->(14.66592528278129, 12.521764109554587, 6.309258924469235)
state:field-0, action:A, timestep:124, reward:2.504798743296906
==================================================

coord:(14.66592528278129, 12.521764109554587, 6.309258924469235)->(14.66592528278129, 11.824510593833809, 4.402592327738692)
state:field-0, action:A, timestep:125, reward:1.0659338541749372
==================================================

coord:(14.66592528278129, 11.824510593833809, 4.402592327738692)->(14.66592528278129, 11.824510593833809, 4.402592327738692)
state:field-0, action:Wait, timestep:126, reward:-0.0
==================================================

coord:(14.66592528278129, 11.824510593833809, 4.402592327738692)->(14.66592528278129, 11.824510593833809, 4.402592327738692)
state:field-0, action:Wait, timestep:127, reward:-0.0
==================================================

coord:(14.66592528278129, 11.824510593833809, 4.402592327738692)->(14.66592528278129, 12.521764109554587, 8.649258838638545)
state:field-0, action:D, timestep:128, reward:-2.399856524800952
==================================================

coord:(14.66592528278129, 12.521764109554587, 8.649258838638545)->(14.66592528278129, 12.521764109554587, 6.309258924469235)
state:field-0, action:A, timestep:129, reward:1.3339226706260146
==================================================

coord:(14.66592528278129, 12.521764109554587, 6.309258924469235)->(14.66592528278129, 11.824510593833809, 4.402592327738692)
state:field-0, action:A, timestep:130, reward:1.0659338541749372
==================================================

coord:(14.66592528278129, 11.824510593833809, 4.402592327738692)->(14.66592528278129, 12.521764109554587, 8.649258838638545)
state:field-0, action:D, timestep:131, reward:-2.399856524800952
==================================================

coord:(14.66592528278129, 12.521764109554587, 8.649258838638545)->(14.66592528278129, 11.824510593833809, 10.642592098856861)
state:field-0, action:D, timestep:132, reward:-1.1708760726708913
==================================================

coord:(14.66592528278129, 11.824510593833809, 10.642592098856861)->(14.66592528278129, 12.521764109554587, 6.309258924469235)
state:field-0, action:A, timestep:133, reward:2.504798743296906
==================================================

coord:(14.66592528278129, 12.521764109554587, 6.309258924469235)->(14.66592528278129, 12.521764109554587, 6.309258924469235)
state:field-0, action:Wait, timestep:134, reward:-0.0
==================================================

coord:(14.66592528278129, 12.521764109554587, 6.309258924469235)->(14.66592528278129, 12.521764109554587, 6.309258924469235)
state:field-0, action:Wait, timestep:135, reward:-0.0
==================================================

coord:(14.66592528278129, 12.521764109554587, 6.309258924469235)->(14.66592528278129, 12.521764109554587, 8.649258838638545)
state:field-0, action:D, timestep:136, reward:-1.3339226706260146
==================================================

coord:(14.66592528278129, 12.521764109554587, 8.649258838638545)->(14.66592528278129, 11.824510593833809, 10.642592098856861)
state:field-0, action:D, timestep:137, reward:-1.1708760726708913
==================================================

coord:(14.66592528278129, 11.824510593833809, 10.642592098856861)->(14.66592528278129, 11.824510593833809, 10.642592098856861)
state:field-0, action:Wait, timestep:138, reward:-0.0
==================================================

coord:(14.66592528278129, 11.824510593833809, 10.642592098856861)->(14.66592528278129, 12.521764109554587, 6.309258924469235)
state:field-0, action:A, timestep:139, reward:2.504798743296906
==================================================

coord:(14.66592528278129, 12.521764109554587, 6.309258924469235)->(14.66592528278129, 12.521764109554587, 8.649258838638545)
state:field-0, action:D, timestep:140, reward:-1.3339226706260146
==================================================

coord:(14.66592528278129, 12.521764109554587, 8.649258838638545)->(14.66592528278129, 12.521764109554587, 8.649258838638545)
state:field-0, action:Wait, timestep:141, reward:-0.0
==================================================

coord:(14.66592528278129, 12.521764109554587, 8.649258838638545)->(14.66592528278129, 12.521764109554587, 6.309258924469235)
state:field-0, action:A, timestep:142, reward:1.3339226706260146
==================================================

coord:(14.66592528278129, 12.521764109554587, 6.309258924469235)->(14.66592528278129, 12.521764109554587, 8.649258838638545)
state:field-0, action:D, timestep:143, reward:-1.3339226706260146
==================================================

coord:(14.66592528278129, 12.521764109554587, 8.649258838638545)->(14.66592528278129, 12.521764109554587, 6.309258924469235)
state:field-0, action:A, timestep:144, reward:1.3339226706260146
==================================================

coord:(14.66592528278129, 12.521764109554587, 6.309258924469235)->(14.66592528278129, 12.521764109554587, 6.309258924469235)
state:field-0, action:Wait, timestep:145, reward:-0.0
==================================================

coord:(14.66592528278129, 12.521764109554587, 6.309258924469235)->(14.66592528278129, 11.824510593833809, 4.402592327738692)
state:field-0, action:A, timestep:146, reward:1.0659338541749372
==================================================

coord:(14.66592528278129, 11.824510593833809, 4.402592327738692)->(14.66592528278129, 12.521764109554587, 8.649258838638545)
state:field-0, action:D, timestep:147, reward:-2.399856524800952
==================================================

coord:(14.66592528278129, 12.521764109554587, 8.649258838638545)->(14.66592528278129, 12.521764109554587, 8.649258838638545)
state:field-0, action:Wait, timestep:148, reward:-0.0
==================================================

coord:(14.66592528278129, 12.521764109554587, 8.649258838638545)->(14.66592528278129, 11.824510593833809, 10.642592098856861)
state:field-0, action:D, timestep:149, reward:-1.1708760726708913
==================================================

coord:(14.66592528278129, 11.824510593833809, 10.642592098856861)->(14.66592528278129, 11.824510593833809, 10.642592098856861)
state:field-0, action:Wait, timestep:150, reward:-0.0
==================================================

coord:(14.66592528278129, 11.824510593833809, 10.642592098856861)->(14.66592528278129, 11.824510593833809, 10.642592098856861)
state:field-0, action:Wait, timestep:151, reward:-0.0
==================================================

coord:(14.66592528278129, 11.824510593833809, 10.642592098856861)->(14.66592528278129, 12.521764109554587, 6.309258924469235)
state:field-0, action:A, timestep:152, reward:2.504798743296906
==================================================

coord:(14.66592528278129, 12.521764109554587, 6.309258924469235)->(14.66592528278129, 12.521764109554587, 6.309258924469235)
state:field-0, action:Wait, timestep:153, reward:-0.0
==================================================

coord:(14.66592528278129, 12.521764109554587, 6.309258924469235)->(14.66592528278129, 12.521764109554587, 6.309258924469235)
state:field-0, action:Wait, timestep:154, reward:-0.0
==================================================

coord:(14.66592528278129, 12.521764109554587, 6.309258924469235)->(14.66592528278129, 11.824510593833809, 4.402592327738692)
state:field-0, action:A, timestep:155, reward:1.0659338541749372
==================================================

coord:(14.66592528278129, 11.824510593833809, 4.402592327738692)->(14.66592528278129, 12.521764109554587, 8.649258838638545)
state:field-0, action:D, timestep:156, reward:-2.399856524800952
==================================================

coord:(14.66592528278129, 12.521764109554587, 8.649258838638545)->(14.66592528278129, 12.521764109554587, 6.309258924469235)
state:field-0, action:A, timestep:157, reward:1.3339226706260146
==================================================

coord:(14.66592528278129, 12.521764109554587, 6.309258924469235)->(14.66592528278129, 12.521764109554587, 6.309258924469235)
state:field-0, action:Wait, timestep:158, reward:-0.0
==================================================

coord:(14.66592528278129, 12.521764109554587, 6.309258924469235)->(14.66592528278129, 12.521764109554587, 6.309258924469235)
state:field-0, action:Wait, timestep:159, reward:-0.0
==================================================

coord:(14.66592528278129, 12.521764109554587, 6.309258924469235)->(14.66592528278129, 12.521764109554587, 8.649258838638545)
state:field-0, action:D, timestep:160, reward:-1.3339226706260146
==================================================

coord:(14.66592528278129, 12.521764109554587, 8.649258838638545)->(14.66592528278129, 11.824510593833809, 10.642592098856861)
state:field-0, action:D, timestep:161, reward:-1.1708760726708913
==================================================

coord:(14.66592528278129, 11.824510593833809, 10.642592098856861)->(14.66592528278129, 11.824510593833809, 10.642592098856861)
state:field-0, action:Wait, timestep:162, reward:-0.0
==================================================

coord:(14.66592528278129, 11.824510593833809, 10.642592098856861)->(14.66592528278129, 11.824510593833809, 10.642592098856861)
state:field-0, action:Wait, timestep:163, reward:-0.0
==================================================

coord:(14.66592528278129, 11.824510593833809, 10.642592098856861)->(14.66592528278129, 12.521764109554587, 6.309258924469235)
state:field-0, action:A, timestep:164, reward:2.504798743296906
==================================================

coord:(14.66592528278129, 12.521764109554587, 6.309258924469235)->(14.66592528278129, 11.824510593833809, 4.402592327738692)
state:field-0, action:A, timestep:165, reward:1.0659338541749372
==================================================

coord:(14.66592528278129, 11.824510593833809, 4.402592327738692)->(14.66592528278129, 11.824510593833809, 4.402592327738692)
state:field-0, action:Wait, timestep:166, reward:-0.0
==================================================

coord:(14.66592528278129, 11.824510593833809, 4.402592327738692)->(14.66592528278129, 11.824510593833809, 4.402592327738692)
state:field-0, action:Wait, timestep:167, reward:-0.0
==================================================

coord:(14.66592528278129, 11.824510593833809, 4.402592327738692)->(14.66592528278129, 12.521764109554587, 8.649258838638545)
state:field-0, action:D, timestep:168, reward:-2.399856524800952
==================================================

coord:(14.66592528278129, 12.521764109554587, 8.649258838638545)->(14.66592528278129, 12.521764109554587, 6.309258924469235)
state:field-0, action:A, timestep:169, reward:1.3339226706260146
==================================================

coord:(14.66592528278129, 12.521764109554587, 6.309258924469235)->(14.66592528278129, 11.824510593833809, 4.402592327738692)
state:field-0, action:A, timestep:170, reward:1.0659338541749372
==================================================

coord:(14.66592528278129, 11.824510593833809, 4.402592327738692)->(14.66592528278129, 12.521764109554587, 8.649258838638545)
state:field-0, action:D, timestep:171, reward:-2.399856524800952
==================================================

coord:(14.66592528278129, 12.521764109554587, 8.649258838638545)->(14.66592528278129, 12.521764109554587, 8.649258838638545)
state:field-0, action:Wait, timestep:172, reward:-0.0
==================================================

coord:(14.66592528278129, 12.521764109554587, 8.649258838638545)->(14.66592528278129, 11.824510593833809, 10.642592098856861)
state:field-0, action:D, timestep:173, reward:-1.1708760726708913
==================================================

coord:(14.66592528278129, 11.824510593833809, 10.642592098856861)->(14.66592528278129, 12.521764109554587, 6.309258924469235)
state:field-0, action:A, timestep:174, reward:2.504798743296906
==================================================

coord:(14.66592528278129, 12.521764109554587, 6.309258924469235)->(14.66592528278129, 11.824510593833809, 4.402592327738692)
state:field-0, action:A, timestep:175, reward:1.0659338541749372
==================================================

coord:(14.66592528278129, 11.824510593833809, 4.402592327738692)->(14.66592528278129, 11.824510593833809, 4.402592327738692)
state:field-0, action:Wait, timestep:176, reward:-0.0
==================================================

coord:(14.66592528278129, 11.824510593833809, 4.402592327738692)->(14.66592528278129, 11.824510593833809, 4.402592327738692)
state:field-0, action:Wait, timestep:177, reward:-0.0
==================================================

coord:(14.66592528278129, 11.824510593833809, 4.402592327738692)->(14.66592528278129, 12.521764109554587, 8.649258838638545)
state:field-0, action:D, timestep:178, reward:-2.399856524800952
==================================================

coord:(14.66592528278129, 12.521764109554587, 8.649258838638545)->(14.66592528278129, 12.521764109554587, 6.309258924469235)
state:field-0, action:A, timestep:179, reward:1.3339226706260146
==================================================

coord:(14.66592528278129, 12.521764109554587, 6.309258924469235)->(14.66592528278129, 12.521764109554587, 8.649258838638545)
state:field-0, action:D, timestep:180, reward:-1.3339226706260146
==================================================

coord:(14.66592528278129, 12.521764109554587, 8.649258838638545)->(14.66592528278129, 12.521764109554587, 8.649258838638545)
state:field-0, action:Wait, timestep:181, reward:-0.0
==================================================

coord:(14.66592528278129, 12.521764109554587, 8.649258838638545)->(14.66592528278129, 11.824510593833809, 10.642592098856861)
state:field-0, action:D, timestep:182, reward:-1.1708760726708913
==================================================

coord:(14.66592528278129, 11.824510593833809, 10.642592098856861)->(14.66592528278129, 12.521764109554587, 6.309258924469235)
state:field-0, action:A, timestep:183, reward:2.504798743296906
==================================================

coord:(14.66592528278129, 12.521764109554587, 6.309258924469235)->(14.66592528278129, 12.521764109554587, 6.309258924469235)
state:field-0, action:Wait, timestep:184, reward:-0.0
==================================================

coord:(14.66592528278129, 12.521764109554587, 6.309258924469235)->(14.66592528278129, 12.521764109554587, 6.309258924469235)
state:field-0, action:Wait, timestep:185, reward:-0.0
==================================================

coord:(14.66592528278129, 12.521764109554587, 6.309258924469235)->(14.66592528278129, 11.824510593833809, 4.402592327738692)
state:field-0, action:A, timestep:186, reward:1.0659338541749372
==================================================

coord:(14.66592528278129, 11.824510593833809, 4.402592327738692)->(14.66592528278129, 11.824510593833809, 4.402592327738692)
state:field-0, action:Wait, timestep:187, reward:-0.0
==================================================

coord:(14.66592528278129, 11.824510593833809, 4.402592327738692)->(14.66592528278129, 12.521764109554587, 8.649258838638545)
state:field-0, action:D, timestep:188, reward:-2.399856524800952
==================================================

coord:(14.66592528278129, 12.521764109554587, 8.649258838638545)->(14.66592528278129, 12.521764109554587, 6.309258924469235)
state:field-0, action:A, timestep:189, reward:1.3339226706260146
==================================================

coord:(14.66592528278129, 12.521764109554587, 6.309258924469235)->(14.66592528278129, 12.521764109554587, 6.309258924469235)
state:field-0, action:Wait, timestep:190, reward:-0.0
==================================================

coord:(14.66592528278129, 12.521764109554587, 6.309258924469235)->(14.66592528278129, 11.824510593833809, 4.402592327738692)
state:field-0, action:A, timestep:191, reward:1.0659338541749372
==================================================

coord:(14.66592528278129, 11.824510593833809, 4.402592327738692)->(14.66592528278129, 11.824510593833809, 4.402592327738692)
state:field-0, action:Wait, timestep:192, reward:-0.0
==================================================

coord:(14.66592528278129, 11.824510593833809, 4.402592327738692)->(14.66592528278129, 12.521764109554587, 8.649258838638545)
state:field-0, action:D, timestep:193, reward:-2.399856524800952
==================================================

coord:(14.66592528278129, 12.521764109554587, 8.649258838638545)->(14.66592528278129, 11.824510593833809, 10.642592098856861)
state:field-0, action:D, timestep:194, reward:-1.1708760726708913
==================================================

coord:(14.66592528278129, 11.824510593833809, 10.642592098856861)->(14.66592528278129, 11.824510593833809, 10.642592098856861)
state:field-0, action:Wait, timestep:195, reward:-0.0
==================================================

coord:(14.66592528278129, 11.824510593833809, 10.642592098856861)->(14.66592528278129, 12.521764109554587, 6.309258924469235)
state:field-0, action:A, timestep:196, reward:2.504798743296906
==================================================

coord:(14.66592528278129, 12.521764109554587, 6.309258924469235)->(14.66592528278129, 11.824510593833809, 4.402592327738692)
state:field-0, action:A, timestep:197, reward:1.0659338541749372
==================================================

coord:(14.66592528278129, 11.824510593833809, 4.402592327738692)->(14.66592528278129, 12.521764109554587, 8.649258838638545)
state:field-0, action:D, timestep:198, reward:-2.399856524800952
==================================================

coord:(14.66592528278129, 12.521764109554587, 8.649258838638545)->(14.66592528278129, 12.521764109554587, 6.309258924469235)
state:field-0, action:A, timestep:199, reward:1.3339226706260146
==================================================

coord:(14.66592528278129, 12.521764109554587, 6.309258924469235)->(14.66592528278129, 12.521764109554587, 6.309258924469235)
state:field-0, action:Wait, timestep:200, reward:-0.0
==================================================

coord:(14.66592528278129, 12.521764109554587, 6.309258924469235)->(14.66592528278129, 11.824510593833809, 4.402592327738692)
state:field-0, action:A, timestep:201, reward:1.0659338541749372
==================================================

coord:(14.66592528278129, 11.824510593833809, 4.402592327738692)->(14.66592528278129, 11.824510593833809, 4.402592327738692)
state:field-0, action:Wait, timestep:202, reward:-0.0
==================================================

coord:(14.66592528278129, 11.824510593833809, 4.402592327738692)->(14.66592528278129, 11.824510593833809, 4.402592327738692)
state:field-0, action:Wait, timestep:203, reward:-0.0
==================================================

coord:(14.66592528278129, 11.824510593833809, 4.402592327738692)->(14.66592528278129, 12.521764109554587, 8.649258838638545)
state:field-0, action:D, timestep:204, reward:-2.399856524800952
==================================================

coord:(14.66592528278129, 12.521764109554587, 8.649258838638545)->(14.66592528278129, 12.521764109554587, 8.649258838638545)
state:field-0, action:Wait, timestep:205, reward:-0.0
==================================================

coord:(14.66592528278129, 12.521764109554587, 8.649258838638545)->(14.66592528278129, 11.824510593833809, 10.642592098856861)
state:field-0, action:D, timestep:206, reward:-1.1708760726708913
==================================================

coord:(14.66592528278129, 11.824510593833809, 10.642592098856861)->(14.66592528278129, 12.521764109554587, 6.309258924469235)
state:field-0, action:A, timestep:207, reward:2.504798743296906
==================================================

coord:(14.66592528278129, 12.521764109554587, 6.309258924469235)->(14.66592528278129, 12.521764109554587, 6.309258924469235)
state:field-0, action:Wait, timestep:208, reward:-0.0
==================================================

coord:(14.66592528278129, 12.521764109554587, 6.309258924469235)->(14.66592528278129, 12.521764109554587, 6.309258924469235)
state:field-0, action:Wait, timestep:209, reward:-0.0
==================================================

coord:(14.66592528278129, 12.521764109554587, 6.309258924469235)->(14.66592528278129, 12.521764109554587, 6.309258924469235)
state:field-0, action:Wait, timestep:210, reward:-0.0
==================================================

coord:(14.66592528278129, 12.521764109554587, 6.309258924469235)->(14.66592528278129, 12.521764109554587, 6.309258924469235)
state:field-0, action:Wait, timestep:211, reward:-0.0
==================================================

coord:(14.66592528278129, 12.521764109554587, 6.309258924469235)->(14.66592528278129, 12.521764109554587, 8.649258838638545)
state:field-0, action:D, timestep:212, reward:-1.3339226706260146
==================================================

coord:(14.66592528278129, 12.521764109554587, 8.649258838638545)->(14.66592528278129, 12.521764109554587, 6.309258924469235)
state:field-0, action:A, timestep:213, reward:1.3339226706260146
==================================================

coord:(14.66592528278129, 12.521764109554587, 6.309258924469235)->(14.66592528278129, 12.521764109554587, 6.309258924469235)
state:field-0, action:Wait, timestep:214, reward:-0.0
==================================================

coord:(14.66592528278129, 12.521764109554587, 6.309258924469235)->(14.66592528278129, 12.521764109554587, 6.309258924469235)
state:field-0, action:Wait, timestep:215, reward:-0.0
==================================================

coord:(14.66592528278129, 12.521764109554587, 6.309258924469235)->(14.66592528278129, 12.521764109554587, 6.309258924469235)
state:field-0, action:Wait, timestep:216, reward:-0.0
==================================================

coord:(14.66592528278129, 12.521764109554587, 6.309258924469235)->(14.66592528278129, 12.521764109554587, 8.649258838638545)
state:field-0, action:D, timestep:217, reward:-1.3339226706260146
==================================================

coord:(14.66592528278129, 12.521764109554587, 8.649258838638545)->(14.66592528278129, 12.521764109554587, 6.309258924469235)
state:field-0, action:A, timestep:218, reward:1.3339226706260146
==================================================

coord:(14.66592528278129, 12.521764109554587, 6.309258924469235)->(14.66592528278129, 11.824510593833809, 4.402592327738692)
state:field-0, action:A, timestep:219, reward:1.0659338541749372
==================================================

coord:(14.66592528278129, 11.824510593833809, 4.402592327738692)->(14.66592528278129, 12.521764109554587, 8.649258838638545)
state:field-0, action:D, timestep:220, reward:-2.399856524800952
==================================================

coord:(14.66592528278129, 12.521764109554587, 8.649258838638545)->(14.66592528278129, 12.521764109554587, 6.309258924469235)
state:field-0, action:A, timestep:221, reward:1.3339226706260146
==================================================

coord:(14.66592528278129, 12.521764109554587, 6.309258924469235)->(14.66592528278129, 12.521764109554587, 6.309258924469235)
state:field-0, action:Wait, timestep:222, reward:-0.0
==================================================

coord:(14.66592528278129, 12.521764109554587, 6.309258924469235)->(14.66592528278129, 12.521764109554587, 8.649258838638545)
state:field-0, action:D, timestep:223, reward:-1.3339226706260146
==================================================

coord:(14.66592528278129, 12.521764109554587, 8.649258838638545)->(14.66592528278129, 11.824510593833809, 10.642592098856861)
state:field-0, action:D, timestep:224, reward:-1.1708760726708913
==================================================

coord:(14.66592528278129, 11.824510593833809, 10.642592098856861)->(14.66592528278129, 11.824510593833809, 10.642592098856861)
state:field-0, action:Wait, timestep:225, reward:-0.0
==================================================

coord:(14.66592528278129, 11.824510593833809, 10.642592098856861)->(14.66592528278129, 12.521764109554587, 6.309258924469235)
state:field-0, action:A, timestep:226, reward:2.504798743296906
==================================================

coord:(14.66592528278129, 12.521764109554587, 6.309258924469235)->(14.66592528278129, 12.521764109554587, 8.649258838638545)
state:field-0, action:D, timestep:227, reward:-1.3339226706260146
==================================================

coord:(14.66592528278129, 12.521764109554587, 8.649258838638545)->(14.66592528278129, 11.824510593833809, 10.642592098856861)
state:field-0, action:D, timestep:228, reward:-1.1708760726708913
==================================================

coord:(14.66592528278129, 11.824510593833809, 10.642592098856861)->(14.66592528278129, 12.521764109554587, 6.309258924469235)
state:field-0, action:A, timestep:229, reward:2.504798743296906
==================================================

coord:(14.66592528278129, 12.521764109554587, 6.309258924469235)->(14.66592528278129, 12.521764109554587, 8.649258838638545)
state:field-0, action:D, timestep:230, reward:-1.3339226706260146
==================================================

coord:(14.66592528278129, 12.521764109554587, 8.649258838638545)->(14.66592528278129, 12.521764109554587, 6.309258924469235)
state:field-0, action:A, timestep:231, reward:1.3339226706260146
==================================================

coord:(14.66592528278129, 12.521764109554587, 6.309258924469235)->(14.66592528278129, 11.824510593833809, 4.402592327738692)
state:field-0, action:A, timestep:232, reward:1.0659338541749372
==================================================

coord:(14.66592528278129, 11.824510593833809, 4.402592327738692)->(14.66592528278129, 12.521764109554587, 8.649258838638545)
state:field-0, action:D, timestep:233, reward:-2.399856524800952
==================================================

coord:(14.66592528278129, 12.521764109554587, 8.649258838638545)->(14.66592528278129, 11.824510593833809, 10.642592098856861)
state:field-0, action:D, timestep:234, reward:-1.1708760726708913
==================================================

coord:(14.66592528278129, 11.824510593833809, 10.642592098856861)->(14.66592528278129, 12.521764109554587, 6.309258924469235)
state:field-0, action:A, timestep:235, reward:2.504798743296906
==================================================

coord:(14.66592528278129, 12.521764109554587, 6.309258924469235)->(14.66592528278129, 12.521764109554587, 6.309258924469235)
state:field-0, action:Wait, timestep:236, reward:-0.0
==================================================

coord:(14.66592528278129, 12.521764109554587, 6.309258924469235)->(14.66592528278129, 11.824510593833809, 4.402592327738692)
state:field-0, action:A, timestep:237, reward:1.0659338541749372
==================================================

coord:(14.66592528278129, 11.824510593833809, 4.402592327738692)->(14.66592528278129, 11.824510593833809, 4.402592327738692)
state:field-0, action:Wait, timestep:238, reward:-0.0
==================================================

coord:(14.66592528278129, 11.824510593833809, 4.402592327738692)->(14.66592528278129, 11.824510593833809, 4.402592327738692)
state:field-0, action:Wait, timestep:239, reward:-0.0
==================================================

coord:(14.66592528278129, 11.824510593833809, 4.402592327738692)->(14.66592528278129, 12.521764109554587, 8.649258838638545)
state:field-0, action:D, timestep:240, reward:-2.399856524800952
==================================================

coord:(14.66592528278129, 12.521764109554587, 8.649258838638545)->(14.66592528278129, 12.521764109554587, 8.649258838638545)
state:field-0, action:Wait, timestep:241, reward:-0.0
==================================================

coord:(14.66592528278129, 12.521764109554587, 8.649258838638545)->(14.66592528278129, 12.521764109554587, 6.309258924469235)
state:field-0, action:A, timestep:242, reward:1.3339226706260146
==================================================

coord:(14.66592528278129, 12.521764109554587, 6.309258924469235)->(14.66592528278129, 12.521764109554587, 8.649258838638545)
state:field-0, action:D, timestep:243, reward:-1.3339226706260146
==================================================

coord:(14.66592528278129, 12.521764109554587, 8.649258838638545)->(14.66592528278129, 11.824510593833809, 10.642592098856861)
state:field-0, action:D, timestep:244, reward:-1.1708760726708913
==================================================

coord:(14.66592528278129, 11.824510593833809, 10.642592098856861)->(14.66592528278129, 12.521764109554587, 6.309258924469235)
state:field-0, action:A, timestep:245, reward:2.504798743296906
==================================================

coord:(14.66592528278129, 12.521764109554587, 6.309258924469235)->(14.66592528278129, 12.521764109554587, 6.309258924469235)
state:field-0, action:Wait, timestep:246, reward:-0.0
==================================================

coord:(14.66592528278129, 12.521764109554587, 6.309258924469235)->(14.66592528278129, 11.824510593833809, 4.402592327738692)
state:field-0, action:A, timestep:247, reward:1.0659338541749372
==================================================

coord:(14.66592528278129, 11.824510593833809, 4.402592327738692)->(14.66592528278129, 11.824510593833809, 4.402592327738692)
state:field-0, action:Wait, timestep:248, reward:-0.0
==================================================

coord:(14.66592528278129, 11.824510593833809, 4.402592327738692)->(14.66592528278129, 11.824510593833809, 4.402592327738692)
state:field-0, action:Wait, timestep:249, reward:-0.0
==================================================

coord:(14.66592528278129, 11.824510593833809, 4.402592327738692)->(14.66592528278129, 12.521764109554587, 8.649258838638545)
state:field-0, action:D, timestep:250, reward:-2.399856524800952
==================================================

coord:(14.66592528278129, 12.521764109554587, 8.649258838638545)->(14.66592528278129, 11.824510593833809, 10.642592098856861)
state:field-0, action:D, timestep:251, reward:-1.1708760726708913
==================================================

coord:(14.66592528278129, 11.824510593833809, 10.642592098856861)->(14.66592528278129, 12.521764109554587, 6.309258924469235)
state:field-0, action:A, timestep:252, reward:2.504798743296906
==================================================

coord:(14.66592528278129, 12.521764109554587, 6.309258924469235)->(14.66592528278129, 11.824510593833809, 4.402592327738692)
state:field-0, action:A, timestep:253, reward:1.0659338541749372
==================================================

coord:(14.66592528278129, 11.824510593833809, 4.402592327738692)->(14.66592528278129, 11.824510593833809, 4.402592327738692)
state:field-0, action:Wait, timestep:254, reward:-0.0
==================================================

coord:(14.66592528278129, 11.824510593833809, 4.402592327738692)->(14.66592528278129, 12.521764109554587, 8.649258838638545)
state:field-0, action:D, timestep:255, reward:-2.399856524800952
==================================================

coord:(14.66592528278129, 12.521764109554587, 8.649258838638545)->(14.66592528278129, 12.521764109554587, 8.649258838638545)
state:field-0, action:Wait, timestep:256, reward:-0.0
==================================================

coord:(14.66592528278129, 12.521764109554587, 8.649258838638545)->(14.66592528278129, 12.521764109554587, 8.649258838638545)
state:timeout-0, action:D, timestep:257, reward:-999999
==================================================

