coord:(10.0, 0.0, 26.0)->(10.0, 0.0, 26.0)
state:field-4, action:Wait, timestep:1, reward:-0.0
==================================================

coord:(10.0, 0.0, 26.0)->(12.328738207435403, 0.0, 23.67126179256453)
state:field-4, action:WAj, timestep:2, reward:2.2422333115985964
==================================================

coord:(12.328738207435403, 0.0, 23.67126179256453)->(8.651783143063714, 0.0, 19.994306728192733)
state:field-4, action:SA, timestep:3, reward:3.019614765531962
==================================================

coord:(8.651783143063714, 0.0, 19.994306728192733)->(13.451783143063697, 0.0, 19.994306728192733)
state:field-4, action:Wsj, timestep:4, reward:0.24950543969043792
==================================================

coord:(13.451783143063697, 0.0, 19.994306728192733)->(15.7805213504991, 0.0, 22.323044935628204)
state:field-4, action:WDj, timestep:5, reward:-2.3848540214489375
==================================================

coord:(15.7805213504991, 0.0, 22.323044935628204)->(17.864129220309778, 0.25237065965861394, 24.40665280543889)
state:field-4, action:WDj, timestep:6, reward:-2.2346876106863434
==================================================

coord:(17.864129220309778, 0.25237065965861394, 24.40665280543889)->(17.864129220309778, 0.25237065965861394, 24.40665280543889)
state:field-4, action:Wait, timestep:7, reward:-0.0
==================================================

coord:(17.864129220309778, 0.25237065965861394, 24.40665280543889)->(14.18717412438286, 0.0, 28.08360790136576)
state:field-4, action:SDsj, timestep:8, reward:-2.8584306432963658
==================================================

coord:(14.18717412438286, 0.0, 28.08360790136576)->(16.393347163005885, 0.06018858665292558, 30.289780939988837)
state:field-4, action:WD, timestep:9, reward:-2.328971287369722
==================================================

coord:(16.393347163005885, 0.06018858665292558, 30.289780939988837)->(14.06460895557047, 0.0, 27.961042732553366)
state:field-4, action:SAj, timestep:10, reward:2.454493056671744
==================================================

coord:(14.06460895557047, 0.0, 27.961042732553366)->(8.064608955570492, 0.0, 27.961042732553366)
state:field-4, action:Ss, timestep:11, reward:-0.21941009021470137
==================================================

coord:(8.064608955570492, 0.0, 27.961042732553366)->(4.38765389119875, 0.0, 24.28408766818157)
state:field-3, action:SA, timestep:12, reward:2.4576059308972766
==================================================

coord:(4.38765389119875, 0.0, 24.28408766818157)->(0.9935414949585182, 0.0, 20.88997527194138)
state:field-3, action:SAsj, timestep:13, reward:1.397500198081648
==================================================

coord:(0.9935414949585182, 0.0, 20.88997527194138)->(5.236181990258808, 0.0, 16.647334776641145)
state:field-3, action:WAs, timestep:14, reward:5.220363126072687
==================================================

coord:(5.236181990258808, 0.0, 16.647334776641145)->(7.564920197694245, 0.0, 18.976072984076616)
state:field-2, action:WDj, timestep:15, reward:-1.1137894286126375
==================================================

coord:(7.564920197694245, 0.0, 18.976072984076616)->(10.85825341022885, 0.0, 18.976072984076616)
state:field-2, action:Wj, timestep:16, reward:0.5258234620621316
==================================================

coord:(10.85825341022885, 0.0, 18.976072984076616)->(10.85825341022885, 0.0, 18.976072984076616)
state:field-2, action:Wait, timestep:17, reward:-0.0
==================================================

coord:(10.85825341022885, 0.0, 18.976072984076616)->(16.05825321949402, 0.15251549272774378, 18.976072984076616)
state:field-2, action:W, timestep:18, reward:-0.3633264205304627
==================================================

coord:(16.05825321949402, 0.15251549272774378, 18.976072984076616)->(13.668232427652422, 0.0, 21.366093775918284)
state:field-2, action:SDj, timestep:19, reward:-1.7915591217666815
==================================================

coord:(13.668232427652422, 0.0, 21.366093775918284)->(15.996970635087825, 0.0, 19.037355568482813)
state:field-2, action:WAj, timestep:20, reward:1.6814560010244897
==================================================

coord:(15.996970635087825, 0.0, 19.037355568482813)->(21.99697063508791, 1.5588829394055848, 19.037355568482813)
state:field-2, action:Ws, timestep:21, reward:-1.6293554097053615
==================================================

coord:(21.99697063508791, 1.5588829394055848, 19.037355568482813)->(17.79697063508785, 0.26920338523366794, 19.037355568482813)
state:field-2, action:Ss, timestep:22, reward:1.2601630129468937
==================================================

coord:(17.79697063508785, 0.26920338523366794, 19.037355568482813)->(17.79697063508785, 0.27983724028621026, 22.33735556848286)
state:field-1, action:Ds, timestep:23, reward:-2.8258242014502706
==================================================

coord:(17.79697063508785, 0.27983724028621026, 22.33735556848286)->(22.09697063508791, 1.6204606762796254, 22.33735556848286)
state:field-1, action:Ws, timestep:24, reward:-1.1292527569386692
==================================================

coord:(22.09697063508791, 1.6204606762796254, 22.33735556848286)->(22.09697063508791, 2.9204606285959147, 23.03735556848287)
state:wall-6, action:W, timestep:25, reward:-0.2320846793097715
==================================================

coord:(22.09697063508791, 2.9204606285959147, 23.03735556848287)->(22.09697063508791, 1.9415792747968696, 25.93735556848291)
state:field-1, action:Ds, timestep:26, reward:-2.762972424128435
==================================================

coord:(22.09697063508791, 1.9415792747968696, 25.93735556848291)->(23.01620940118086, 2.751566788169682, 25.01811680238996)
state:field-1, action:WAj, timestep:27, reward:0.6046509961098074
==================================================

coord:(23.01620940118086, 2.751566788169682, 25.01811680238996)->(21.484144791025944, 1.5588829394055848, 23.486052192235046)
state:field-0, action:SA, timestep:28, reward:1.6684810676878854
==================================================

coord:(21.484144791025944, 1.5588829394055848, 23.486052192235046)->(21.484144791025944, 1.5588829394055848, 23.486052192235046)
state:field-1, action:Wait, timestep:29, reward:-0.0
==================================================

coord:(21.484144791025944, 1.5588829394055848, 23.486052192235046)->(21.484144791025944, 1.5588829394055848, 23.486052192235046)
state:field-1, action:Wait, timestep:30, reward:-0.0
==================================================

coord:(21.484144791025944, 1.5588829394055848, 23.486052192235046)->(22.04983019039931, 2.125266727189622, 24.05173759160841)
state:field-1, action:WDsj, timestep:31, reward:-0.5652293695362687
==================================================

coord:(22.04983019039931, 2.125266727189622, 24.05173759160841)->(23.00316348876457, 3.011884921952953, 24.05173759160841)
state:field-0, action:Wj, timestep:32, reward:-0.20856894600987275
==================================================

coord:(23.00316348876457, 3.011884921952953, 24.05173759160841)->(20.923163565058545, 3.7295716227547997, 24.05173759160841)
state:field-0, action:Sj, timestep:33, reward:1.0590680895273294
==================================================

coord:(20.923163565058545, 3.7295716227547997, 24.05173759160841)->(20.923163565058545, 5.029571575071071, 25.00173759160843)
state:wall-5, action:W, timestep:34, reward:-0.6282954396683138
==================================================

coord:(20.923163565058545, 5.029571575071071, 25.00173759160843)->(20.923163565058545, 3.7295716227547993, 25.00173759160843)
state:wall-5, action:S, timestep:35, reward:-0.22465522233550317
==================================================

coord:(20.923163565058545, 3.7295716227547993, 25.00173759160843)->(20.923163565058545, 2.429571670438506, 25.00173759160843)
state:wall-5, action:S, timestep:36, reward:-0.29427956774011577
==================================================

coord:(20.923163565058545, 2.429571670438506, 25.00173759160843)->(14.923163565058479, 1.4332383638080566, 25.00173759160843)
state:field-0, action:Ssj, timestep:37, reward:1.2684452726144713
==================================================

coord:(14.923163565058479, 1.4332383638080566, 25.00173759160843)->(14.923163565058479, 0.0, 25.00173759160843)
state:air-10, action:Wait, timestep:38, reward:-0.48719470680703125
==================================================

coord:(14.923163565058479, 0.0, 25.00173759160843)->(11.529051168818205, 0.0, 21.60762519536824)
state:field-0, action:SAsj, timestep:39, reward:3.2939964204610703
==================================================

coord:(11.529051168818205, 0.0, 21.60762519536824)->(7.852096104446512, 0.0, 17.930670130996443)
state:field-0, action:SA, timestep:40, reward:2.727673697355069
==================================================

coord:(7.852096104446512, 0.0, 17.930670130996443)->(2.6520962951813862, 0.0, 17.930670130996443)
state:field-0, action:S, timestep:41, reward:-1.974896107105831
==================================================

coord:(2.6520962951813862, 0.0, 17.930670130996443)->(7.852096104446512, 0.0, 17.930670130996443)
state:field-0, action:W, timestep:42, reward:1.974896107105831
==================================================

coord:(7.852096104446512, 0.0, 17.930670130996443)->(7.852096104446512, 0.0, 17.930670130996443)
state:field-0, action:Wait, timestep:43, reward:-0.0
==================================================

coord:(7.852096104446512, 0.0, 17.930670130996443)->(11.529051168818205, 0.0, 21.60762519536824)
state:field-0, action:WD, timestep:44, reward:-2.727673697355069
==================================================

coord:(11.529051168818205, 0.0, 21.60762519536824)->(7.852096104446512, 0.0, 17.930670130996443)
state:field-0, action:SA, timestep:45, reward:2.727673697355069
==================================================

coord:(7.852096104446512, 0.0, 17.930670130996443)->(11.529051168818205, 0.0, 21.60762519536824)
state:field-0, action:WD, timestep:46, reward:-2.727673697355069
==================================================

coord:(11.529051168818205, 0.0, 21.60762519536824)->(16.72905097808336, 0.17131245517054772, 21.60762519536824)
state:field-0, action:W, timestep:47, reward:-0.4885228862383961
==================================================

coord:(16.72905097808336, 0.17131245517054772, 21.60762519536824)->(17.28059423773913, 0.27983724028621026, 22.15916845502401)
state:field-0, action:WD, timestep:48, reward:-0.5786542167437538
==================================================

coord:(17.28059423773913, 0.27983724028621026, 22.15916845502401)->(18.38368075705067, 0.4340989706470473, 23.262254974335548)
state:field-0, action:WD, timestep:49, reward:-1.2194882588274822
==================================================

coord:(18.38368075705067, 0.4340989706470473, 23.262254974335548)->(17.341876822145327, 0.25237065965861394, 24.30405890924089)
state:field-0, action:SD, timestep:50, reward:-0.7205535297981704
==================================================

coord:(17.341876822145327, 0.25237065965861394, 24.30405890924089)->(18.38368075705067, 0.37178236569616185, 25.345862844146232)
state:field-0, action:WD, timestep:51, reward:-1.1620784576615044
==================================================

coord:(18.38368075705067, 0.37178236569616185, 25.345862844146232)->(17.341876822145327, 0.20526058875883976, 26.387666779051575)
state:field-0, action:SD, timestep:52, reward:-0.7492689732946829
==================================================

coord:(17.341876822145327, 0.20526058875883976, 26.387666779051575)->(17.341876822145327, 0.20526058875883976, 26.387666779051575)
state:field-0, action:Wait, timestep:53, reward:-0.0
==================================================

coord:(17.341876822145327, 0.20526058875883976, 26.387666779051575)->(17.341876822145327, 0.17807950163765474, 27.427666740904588)
state:field-0, action:D, timestep:54, reward:-0.9653788723671006
==================================================

coord:(17.341876822145327, 0.17807950163765474, 27.427666740904588)->(21.018831886517123, 1.5588829394055848, 23.75071167653279)
state:field-0, action:WA, timestep:55, reward:2.631637954655801
==================================================

coord:(21.018831886517123, 1.5588829394055848, 23.75071167653279)->(19.6093324451746, 0.5842253052526155, 25.160211117875313)
state:field-0, action:SD, timestep:56, reward:-1.0412523522583896
==================================================

coord:(19.6093324451746, 0.5842253052526155, 25.160211117875313)->(18.38368075705067, 0.4340989706470473, 23.93455942975138)
state:field-0, action:SA, timestep:57, reward:1.4104926508189557
==================================================

coord:(18.38368075705067, 0.4340989706470473, 23.93455942975138)->(18.38368075705067, 0.4512463981517635, 20.72789288070459)
state:field-0, action:A, timestep:58, reward:2.8073471168960538
==================================================

coord:(18.38368075705067, 0.4512463981517635, 20.72789288070459)->(19.364202107549815, 0.6821507070708698, 19.747371530205445)
state:field-0, action:WA, timestep:59, reward:0.5692828409463146
==================================================

coord:(19.364202107549815, 0.6821507070708698, 19.747371530205445)->(21.876788068203876, 1.6204606762796254, 22.259957490859506)
state:field-0, action:WD, timestep:60, reward:-2.819971695728988
==================================================

coord:(21.876788068203876, 1.6204606762796254, 22.259957490859506)->(21.876788068203876, 1.6204606762796254, 22.259957490859506)
state:field-0, action:Wait, timestep:61, reward:-0.0
==================================================

coord:(21.876788068203876, 1.6204606762796254, 22.259957490859506)->(21.876788068203876, 1.5588829394055848, 23.559957443175772)
state:field-0, action:D, timestep:62, reward:-1.1165085613017744
==================================================

coord:(21.876788068203876, 1.5588829394055848, 23.559957443175772)->(21.876788068203876, 1.5588829394055848, 23.559957443175772)
state:field-0, action:Wait, timestep:63, reward:-0.0
==================================================

coord:(21.876788068203876, 1.5588829394055848, 23.559957443175772)->(22.918592003109218, 2.125266727189622, 24.601761378081115)
state:field-0, action:WD, timestep:64, reward:-1.1911442669617358
==================================================

coord:(22.918592003109218, 2.125266727189622, 24.601761378081115)->(22.918592003109218, 2.125266727189622, 24.601761378081115)
state:field-0, action:Wait, timestep:65, reward:-0.0
==================================================

coord:(22.918592003109218, 2.125266727189622, 24.601761378081115)->(20.52857121126755, 1.0858760188822227, 22.211740586239447)
state:field-0, action:SA, timestep:66, reward:2.7484600817419427
==================================================

coord:(20.52857121126755, 1.0858760188822227, 22.211740586239447)->(18.361904624073773, 0.4512463981517635, 22.211740586239447)
state:field-0, action:S, timestep:67, reward:0.5347865768488695
==================================================

coord:(18.361904624073773, 0.4512463981517635, 22.211740586239447)->(18.361904624073773, 0.4512463981517635, 22.211740586239447)
state:field-0, action:Wait, timestep:68, reward:-0.0
==================================================

coord:(18.361904624073773, 0.4512463981517635, 22.211740586239447)->(18.361904624073773, 0.4512463981517635, 20.73840730694768)
state:field-0, action:A, timestep:69, reward:1.273197362260131
==================================================

coord:(18.361904624073773, 0.4512463981517635, 20.73840730694768)->(18.361904624073773, 0.4512463981517635, 20.73840730694768)
state:field-0, action:Wait, timestep:70, reward:-0.0
==================================================

coord:(18.361904624073773, 0.4512463981517635, 20.73840730694768)->(18.361904624073773, 0.4512463981517635, 22.298407249727198)
state:field-0, action:D, timestep:71, reward:-1.348909043194645
==================================================

coord:(18.361904624073773, 0.4512463981517635, 22.298407249727198)->(19.34242597457292, 0.6821507070708698, 23.278928600226344)
state:field-0, action:WD, timestep:72, reward:-1.0865358050321632
==================================================

coord:(19.34242597457292, 0.6821507070708698, 23.278928600226344)->(19.34242597457292, 0.7090964742523798, 20.67892869559381)
state:field-0, action:A, timestep:73, reward:2.246800015011697
==================================================

coord:(19.34242597457292, 0.7090964742523798, 20.67892869559381)->(20.38422990947826, 1.0446125752532938, 19.63712476068847)
state:field-0, action:WA, timestep:74, reward:0.5726924296778826
==================================================

coord:(20.38422990947826, 1.0446125752532938, 19.63712476068847)->(19.097295636948132, 0.7090964742523798, 20.924059033218597)
state:field-0, action:SD, timestep:75, reward:-0.6911171417724944
==================================================

coord:(19.097295636948132, 0.7090964742523798, 20.924059033218597)->(17.623962357656364, 0.27983724028621026, 20.924059033218597)
state:field-0, action:S, timestep:76, reward:0.3031450285845523
==================================================

coord:(17.623962357656364, 0.27983724028621026, 20.924059033218597)->(17.623962357656364, 0.26920338523366794, 19.710725744390082)
state:field-0, action:A, timestep:77, reward:1.0335364608942648
==================================================

coord:(17.623962357656364, 0.26920338523366794, 19.710725744390082)->(17.623962357656364, 0.25237065965861394, 18.584059119049318)
state:field-0, action:A, timestep:78, reward:0.9359508792060822
==================================================

coord:(17.623962357656364, 0.25237065965861394, 18.584059119049318)->(16.45959325393863, 0.16268803591680953, 19.748428222767053)
state:field-0, action:SD, timestep:79, reward:-0.696892458655288
==================================================

coord:(16.45959325393863, 0.16268803591680953, 19.748428222767053)->(21.659593063203694, 1.5588829394055848, 19.748428222767053)
state:field-0, action:W, timestep:80, reward:-1.3787656784233633
==================================================

coord:(21.659593063203694, 1.5588829394055848, 19.748428222767053)->(19.146259822058912, 0.6821507070708698, 19.748428222767053)
state:field-0, action:S, timestep:81, reward:0.7637393768987586
==================================================

coord:(19.146259822058912, 0.6821507070708698, 19.748428222767053)->(19.146259822058912, 0.7090964742523798, 22.261761463911835)
state:field-0, action:D, timestep:82, reward:-2.127111629462174
==================================================

coord:(19.146259822058912, 0.7090964742523798, 22.261761463911835)->(18.227021055965963, 0.4340989706470473, 23.181000230004784)
state:field-0, action:SD, timestep:83, reward:-0.6182788059796316
==================================================

coord:(18.227021055965963, 0.4340989706470473, 23.181000230004784)->(18.227021055965963, 0.4512463981517635, 20.667666988860002)
state:field-0, action:A, timestep:84, reward:2.195701362052418
==================================================

coord:(18.227021055965963, 0.4512463981517635, 20.667666988860002)->(17.36906487427921, 0.28347439690147097, 21.525623170546755)
state:field-0, action:SD, timestep:85, reward:-0.5586218599426473
==================================================

coord:(17.36906487427921, 0.28347439690147097, 21.525623170546755)->(16.44982610818626, 0.16911440752881768, 20.606384404453806)
state:field-0, action:SA, timestep:86, reward:0.9856992001043565
==================================================

coord:(16.44982610818626, 0.16911440752881768, 20.606384404453806)->(16.44982610818626, 0.16911440752881768, 22.253051010721077)
state:field-0, action:D, timestep:87, reward:-1.4510161777276167
==================================================

coord:(16.44982610818626, 0.16911440752881768, 22.253051010721077)->(17.430347458685407, 0.26920338523366794, 23.233572361220222)
state:field-0, action:WD, timestep:88, reward:-1.0649739118456303
==================================================

coord:(17.430347458685407, 0.26920338523366794, 23.233572361220222)->(18.47215139359075, 0.4069556684223269, 24.275376296125565)
state:field-0, action:WD, timestep:89, reward:-1.1590080496238322
==================================================

coord:(18.47215139359075, 0.4069556684223269, 24.275376296125565)->(17.430347458685407, 0.26920338523366794, 23.233572361220222)
state:field-0, action:SA, timestep:90, reward:1.1590080496238322
==================================================

coord:(17.430347458685407, 0.26920338523366794, 23.233572361220222)->(16.303680833344643, 0.16268803591680953, 23.233572361220222)
state:field-0, action:S, timestep:91, reward:0.21494778252669988
==================================================

coord:(16.303680833344643, 0.16268803591680953, 23.233572361220222)->(18.754984209592507, 0.4512463981517635, 20.782268984972358)
state:field-0, action:WA, timestep:92, reward:1.6015712575607566
==================================================

coord:(18.754984209592507, 0.4512463981517635, 20.782268984972358)->(18.754984209592507, 0.4512463981517635, 22.342268927751878)
state:field-0, action:D, timestep:93, reward:-1.3413833625638496
==================================================

coord:(18.754984209592507, 0.4512463981517635, 22.342268927751878)->(20.34833140415362, 1.0858760188822227, 20.748921733190766)
state:field-0, action:WA, timestep:94, reward:1.0080645768658272
==================================================

coord:(20.34833140415362, 1.0858760188822227, 20.748921733190766)->(18.354998143935344, 0.4512463981517635, 20.748921733190766)
state:field-0, action:S, timestep:95, reward:0.4950120371689515
==================================================

coord:(18.354998143935344, 0.4512463981517635, 20.748921733190766)->(17.374476793436198, 0.28347439690147097, 21.72944308368991)
state:field-0, action:SD, timestep:96, reward:-0.6278472201945391
==================================================

coord:(17.374476793436198, 0.28347439690147097, 21.72944308368991)->(16.247810168095434, 0.17131245517054772, 21.72944308368991)
state:field-0, action:S, timestep:97, reward:0.22407098568554673
==================================================

coord:(16.247810168095434, 0.17131245517054772, 21.72944308368991)->(17.04448376537599, 0.27983724028621026, 20.932769486409356)
state:field-0, action:WA, timestep:98, reward:0.5574441337871825
==================================================

coord:(17.04448376537599, 0.27983724028621026, 20.932769486409356)->(16.49294050572022, 0.16911440752881768, 20.381226226753586)
state:field-0, action:SA, timestep:99, reward:0.5697981585602214
==================================================

coord:(16.49294050572022, 0.16911440752881768, 20.381226226753586)->(16.49294050572022, 0.16911440752881768, 20.381226226753586)
state:field-0, action:Wait, timestep:100, reward:-0.0
==================================================

coord:(16.49294050572022, 0.16911440752881768, 20.381226226753586)->(16.49294050572022, 0.16911440752881768, 20.381226226753586)
state:field-0, action:Wait, timestep:101, reward:-0.0
==================================================

coord:(16.49294050572022, 0.16911440752881768, 20.381226226753586)->(16.49294050572022, 0.16911440752881768, 20.381226226753586)
state:field-0, action:Wait, timestep:102, reward:-0.0
==================================================

coord:(16.49294050572022, 0.16911440752881768, 20.381226226753586)->(16.49294050572022, 0.16268803591680953, 19.687892918851578)
state:field-0, action:A, timestep:103, reward:0.5958000381850503
==================================================

coord:(16.49294050572022, 0.16268803591680953, 19.687892918851578)->(17.473461856219366, 0.25237065965861394, 18.707371568352432)
state:field-0, action:WA, timestep:104, reward:0.5980246005516641
==================================================

coord:(17.473461856219366, 0.25237065965861394, 18.707371568352432)->(17.473461856219366, 0.27983724028621026, 22.174038107862476)
state:field-0, action:D, timestep:105, reward:-2.9635398680537293
==================================================

coord:(17.473461856219366, 0.27983724028621026, 22.174038107862476)->(17.473461856219366, 0.27983724028621026, 20.78737149205846)
state:field-0, action:A, timestep:106, reward:1.2099737629903515
==================================================

coord:(17.473461856219366, 0.27983724028621026, 20.78737149205846)->(18.882961297561888, 0.4512463981517635, 22.19687093340098)
state:field-0, action:WD, timestep:107, reward:-1.582077053621564
==================================================

coord:(18.882961297561888, 0.4512463981517635, 22.19687093340098)->(19.986047816873427, 0.6821507070708698, 23.29995745271252)
state:field-0, action:WD, timestep:108, reward:-1.2514564605493668
==================================================

coord:(19.986047816873427, 0.6821507070708698, 23.29995745271252)->(19.986047816873427, 0.6821507070708698, 23.29995745271252)
state:field-0, action:Wait, timestep:109, reward:-0.0
==================================================

coord:(19.986047816873427, 0.6821507070708698, 23.29995745271252)->(19.986047816873427, 0.7090964742523798, 20.699957548079986)
state:field-0, action:A, timestep:110, reward:2.222480744448358
==================================================

coord:(19.986047816873427, 0.7090964742523798, 20.699957548079986)->(19.00552646637428, 0.6821507070708698, 19.71943619758084)
state:field-0, action:SA, timestep:111, reward:1.1845687437269916
==================================================

coord:(19.00552646637428, 0.6821507070708698, 19.71943619758084)->(19.00552646637428, 0.6394972477059871, 18.506102908752325)
state:field-0, action:A, timestep:112, reward:0.9805459424857368
==================================================

coord:(19.00552646637428, 0.6394972477059871, 18.506102908752325)->(19.00552646637428, 0.6394972477059871, 18.506102908752325)
state:field-0, action:Wait, timestep:113, reward:-0.0
==================================================

coord:(19.00552646637428, 0.6394972477059871, 18.506102908752325)->(18.33141803790612, 0.4340989706470473, 19.180211337220488)
state:field-0, action:SD, timestep:114, reward:-0.3941344642281237
==================================================

coord:(18.33141803790612, 0.4340989706470473, 19.180211337220488)->(18.33141803790612, 0.4340989706470473, 19.180211337220488)
state:field-0, action:Wait, timestep:115, reward:-0.0
==================================================

coord:(18.33141803790612, 0.4340989706470473, 19.180211337220488)->(18.33141803790612, 0.4069556684223269, 18.57354469280623)
state:field-0, action:A, timestep:116, reward:0.48874089762452044
==================================================

coord:(18.33141803790612, 0.4069556684223269, 18.57354469280623)->(17.41217927181317, 0.26920338523366794, 19.49278345889918)
state:field-0, action:SD, timestep:117, reward:-0.5281540452937463
==================================================

coord:(17.41217927181317, 0.26920338523366794, 19.49278345889918)->(20.047330401279623, 1.0858760188822227, 22.127934588365633)
state:field-0, action:WD, timestep:118, reward:-2.826293163244518
==================================================

coord:(20.047330401279623, 1.0858760188822227, 22.127934588365633)->(20.047330401279623, 1.0858760188822227, 22.127934588365633)
state:field-0, action:Wait, timestep:119, reward:-0.0
==================================================

coord:(20.047330401279623, 1.0858760188822227, 22.127934588365633)->(19.128091635186674, 0.6821507070708698, 23.047173354458582)
state:field-0, action:SD, timestep:120, reward:-0.6128416555089231
==================================================

coord:(19.128091635186674, 0.6821507070708698, 23.047173354458582)->(21.456829842622145, 1.6204606762796254, 20.71843514702311)
state:field-0, action:WA, timestep:121, reward:1.383037646043558
==================================================

coord:(21.456829842622145, 1.6204606762796254, 20.71843514702311)->(23.050177037183257, 3.3396812678584844, 22.311782341584223)
state:field-0, action:WD, timestep:122, reward:-1.6105240616860428
==================================================

coord:(23.050177037183257, 3.3396812678584844, 22.311782341584223)->(21.272982089403556, 1.6204606762796254, 20.53458739380452)
state:field-0, action:SA, timestep:123, reward:1.846544155000995
==================================================

coord:(21.272982089403556, 1.6204606762796254, 20.53458739380452)->(19.618352310436247, 0.6394972477059871, 18.879957614837213)
state:field-0, action:SA, timestep:124, reward:1.7040669882001502
==================================================

coord:(19.618352310436247, 0.6394972477059871, 18.879957614837213)->(18.270135453499922, 0.4512463981517635, 20.22817447177354)
state:field-0, action:SD, timestep:125, reward:-0.69696297257682
==================================================

coord:(18.270135453499922, 0.4512463981517635, 20.22817447177354)->(17.41217927181317, 0.26920338523366794, 19.370218290086786)
state:field-0, action:SA, timestep:126, reward:0.9165747579694212
==================================================

coord:(17.41217927181317, 0.26920338523366794, 19.370218290086786)->(18.025005115875135, 0.4069556684223269, 18.75739244602482)
state:field-0, action:WA, timestep:127, reward:0.3794385898120467
==================================================

coord:(18.025005115875135, 0.4069556684223269, 18.75739244602482)->(17.41217927181317, 0.25237065965861394, 18.144566601962854)
state:field-0, action:SA, timestep:128, reward:0.6348870414707264
==================================================

coord:(17.41217927181317, 0.25237065965861394, 18.144566601962854)->(17.41217927181317, 0.23055818645781684, 17.624566621036347)
state:field-0, action:A, timestep:129, reward:0.41467908457004654
==================================================

coord:(17.41217927181317, 0.23055818645781684, 17.624566621036347)->(17.41217927181317, 0.20526058875883976, 16.584566659183334)
state:field-0, action:A, timestep:130, reward:0.8201625539286717
==================================================

coord:(17.41217927181317, 0.20526058875883976, 16.584566659183334)->(22.612179081078235, 1.7285428515446872, 16.584566659183334)
state:field-0, action:W, timestep:131, reward:-1.801386442769843
==================================================

coord:(22.612179081078235, 1.7285428515446872, 16.584566659183334)->(21.08011447092332, 1.4614092441923114, 18.11663126933825)
state:field-0, action:SD, timestep:132, reward:-0.4000113028941854
==================================================

coord:(21.08011447092332, 1.4614092441923114, 18.11663126933825)->(20.099593120424174, 1.0446125752532938, 19.097152619837395)
state:field-0, action:SD, timestep:133, reward:-0.4822518726576419
==================================================

coord:(20.099593120424174, 1.0446125752532938, 19.097152619837395)->(20.099593120424174, 1.0446125752532938, 19.097152619837395)
state:field-0, action:Wait, timestep:134, reward:-0.0
==================================================

coord:(20.099593120424174, 1.0446125752532938, 19.097152619837395)->(19.180354354331225, 0.7090964742523798, 20.016391385930344)
state:field-0, action:SD, timestep:135, reward:-0.5183853561782534
==================================================

coord:(19.180354354331225, 0.7090964742523798, 20.016391385930344)->(17.620354411551705, 0.27983724028621026, 20.016391385930344)
state:field-0, action:S, timestep:136, reward:0.3475447163736689
==================================================

coord:(17.620354411551705, 0.27983724028621026, 20.016391385930344)->(16.45598530783397, 0.17131245517054772, 21.18076048964808)
state:field-0, action:SD, timestep:137, reward:-0.7478307165939562
==================================================

coord:(16.45598530783397, 0.17131245517054772, 21.18076048964808)->(16.45598530783397, 0.17131245517054772, 21.18076048964808)
state:field-0, action:Wait, timestep:138, reward:-0.0
==================================================

coord:(16.45598530783397, 0.17131245517054772, 21.18076048964808)->(16.45598530783397, 0.16911440752881768, 20.747427172209324)
state:field-0, action:A, timestep:139, reward:0.37861369027641345
==================================================

coord:(16.45598530783397, 0.16911440752881768, 20.747427172209324)->(17.865484749176492, 0.27983724028621026, 22.156926613551846)
state:field-0, action:WD, timestep:140, reward:-1.5519722892516299
==================================================

coord:(17.865484749176492, 0.27983724028621026, 22.156926613551846)->(17.865484749176492, 0.27983724028621026, 20.77025999774783)
state:field-0, action:A, timestep:141, reward:1.203030793629761
==================================================

coord:(17.865484749176492, 0.27983724028621026, 20.77025999774783)->(16.45598530783397, 0.16911440752881768, 22.17975943909035)
state:field-0, action:SD, timestep:142, reward:-0.9137253648782213
==================================================

coord:(16.45598530783397, 0.16911440752881768, 22.17975943909035)->(16.45598530783397, 0.16911440752881768, 20.793092823286333)
state:field-0, action:A, timestep:143, reward:1.2227776557014138
==================================================

coord:(16.45598530783397, 0.16911440752881768, 20.793092823286333)->(21.655985117099036, 1.6204606762796254, 20.793092823286333)
state:field-0, action:W, timestep:144, reward:-1.2995737318559932
==================================================

coord:(21.655985117099036, 1.6204606762796254, 20.793092823286333)->(19.142651875954254, 0.7090964742523798, 20.793092823286333)
state:field-0, action:S, timestep:145, reward:0.7208229037233842
==================================================

coord:(19.142651875954254, 0.7090964742523798, 20.793092823286333)->(18.2846956942675, 0.45711142819734146, 21.651049004973085)
state:field-0, action:SD, timestep:146, reward:-0.5471377937894815
==================================================

coord:(18.2846956942675, 0.45711142819734146, 21.651049004973085)->(19.02008670714186, 0.7090964742523798, 20.915657992098726)
state:field-0, action:WA, timestep:147, reward:0.48672584005360164
==================================================

coord:(19.02008670714186, 0.7090964742523798, 20.915657992098726)->(18.223413109861305, 0.4512463981517635, 20.11898439481817)
state:field-0, action:SA, timestep:148, reward:0.8449454104460514
==================================================

coord:(18.223413109861305, 0.4512463981517635, 20.11898439481817)->(18.223413109861305, 0.4512463981517635, 20.11898439481817)
state:field-0, action:Wait, timestep:149, reward:-0.0
==================================================

coord:(18.223413109861305, 0.4512463981517635, 20.11898439481817)->(18.223413109861305, 0.4340989706470473, 19.598984413891664)
state:field-0, action:A, timestep:150, reward:0.43147250020546934
==================================================

coord:(18.223413109861305, 0.4340989706470473, 19.598984413891664)->(19.02008670714186, 0.6394972477059871, 18.802310816611108)
state:field-0, action:WA, timestep:151, reward:0.4602675421779452
==================================================

coord:(19.02008670714186, 0.6394972477059871, 18.802310816611108)->(20.000608057641006, 0.8946543547079732, 17.821789466111962)
state:field-0, action:WA, timestep:152, reward:0.4816965229114274
==================================================

coord:(20.000608057641006, 0.8946543547079732, 17.821789466111962)->(19.081369291548057, 0.5201221954697544, 16.902550700019013)
state:field-0, action:SA, timestep:153, reward:0.951994404893604
==================================================

coord:(19.081369291548057, 0.5201221954697544, 16.902550700019013)->(18.407260863079895, 0.37178236569616185, 17.576659128487176)
state:field-0, action:SD, timestep:154, reward:-0.32969628786636207
==================================================

coord:(18.407260863079895, 0.37178236569616185, 17.576659128487176)->(17.365456928174552, 0.20526058875883976, 16.534855193581834)
state:field-0, action:SA, timestep:155, reward:1.11708667733277
==================================================

coord:(17.365456928174552, 0.20526058875883976, 16.534855193581834)->(16.32545696632154, 0.12404540161082356, 16.534855193581834)
state:field-0, action:S, timestep:156, reward:0.277365206852199
==================================================

coord:(16.32545696632154, 0.12404540161082356, 16.534855193581834)->(16.32545696632154, 0.10761901947602627, 15.581521895216563)
state:field-0, action:A, timestep:157, reward:0.744878331350165
==================================================

coord:(16.32545696632154, 0.10761901947602627, 15.581521895216563)->(21.525456775586605, 1.0312095322271972, 15.581521895216563)
state:field-0, action:W, timestep:158, reward:-1.8236078955576023
==================================================

coord:(21.525456775586605, 1.0312095322271972, 15.581521895216563)->(21.525456775586605, 0.8718436697992934, 14.194855279412517)
state:field-0, action:A, timestep:159, reward:0.8549630774427222
==================================================

coord:(21.525456775586605, 0.8718436697992934, 14.194855279412517)->(19.53212351536833, 0.38150958020980397, 14.194855279412517)
state:field-0, action:S, timestep:160, reward:0.8558940247460178
==================================================

coord:(19.53212351536833, 0.38150958020980397, 14.194855279412517)->(18.145456899564312, 0.24278053858831114, 14.194855279412517)
state:field-0, action:S, timestep:161, reward:0.5686825788224539
==================================================

coord:(18.145456899564312, 0.24278053858831114, 14.194855279412517)->(18.69700015922008, 0.20002713229634225, 13.643312019756763)
state:field-0, action:WA, timestep:162, reward:0.1099889792314368
==================================================

coord:(18.69700015922008, 0.20002713229634225, 13.643312019756763)->(17.532631055502346, 0.15055862205664292, 14.807681123474465)
state:field-0, action:SD, timestep:163, reward:-0.3583196464732268
==================================================

coord:(17.532631055502346, 0.15055862205664292, 14.807681123474465)->(16.5521097050032, 0.10761901947602627, 15.788202473973582)
state:field-0, action:SD, timestep:164, reward:-0.4357960130207186
==================================================

coord:(16.5521097050032, 0.10761901947602627, 15.788202473973582)->(16.5521097050032, 0.09098729011700822, 14.574869185145042)
state:field-0, action:A, timestep:165, reward:0.9168088233973464
==================================================

coord:(16.5521097050032, 0.09098729011700822, 14.574869185145042)->(21.752109514268266, 0.8718436697992934, 14.574869185145042)
state:field-0, action:W, timestep:166, reward:-2.03954884269325
==================================================

coord:(21.752109514268266, 0.8718436697992934, 14.574869185145042)->(21.752109514268266, 0.7183128849400615, 13.188202569340996)
state:field-0, action:A, timestep:167, reward:0.7918411705865225
==================================================

coord:(21.752109514268266, 0.7183128849400615, 13.188202569340996)->(21.752109514268266, 0.5767293234037119, 12.148202607487962)
state:field-0, action:A, timestep:168, reward:0.521839208418756
==================================================

coord:(21.752109514268266, 0.5767293234037119, 12.148202607487962)->(20.105442908000995, 0.3864682129208264, 12.148202607487962)
state:field-0, action:S, timestep:169, reward:0.9128793474590147
==================================================

coord:(20.105442908000995, 0.3864682129208264, 12.148202607487962)->(19.431334479532833, 0.25237065965861394, 12.822311035956105)
state:field-0, action:SD, timestep:170, reward:-0.11130982465454053
==================================================

coord:(19.431334479532833, 0.25237065965861394, 12.822311035956105)->(24.6313342887979, 1.6415224522693843, 12.822311035956105)
state:field-0, action:W, timestep:171, reward:-2.7047012425117583
==================================================

coord:(24.6313342887979, 1.6415224522693843, 12.822311035956105)->(24.6313342887979, 0.9792951321006875, 10.395644458299024)
state:field-0, action:A, timestep:172, reward:0.8403182664845996
==================================================

coord:(24.6313342887979, 0.9792951321006875, 10.395644458299024)->(24.6313342887979, 0.9792951321006875, 10.395644458299024)
state:field-0, action:Wait, timestep:173, reward:-0.0
==================================================

coord:(24.6313342887979, 0.9792951321006875, 10.395644458299024)->(24.6313342887979, 0.7276490850062669, 9.008977842494978)
state:field-0, action:A, timestep:174, reward:0.3808056753613034
==================================================

coord:(24.6313342887979, 0.7276490850062669, 9.008977842494978)->(23.07133434601838, 0.5268824318202202, 9.008977842494978)
state:field-0, action:S, timestep:175, reward:1.1261504927158121
==================================================

coord:(23.07133434601838, 0.5268824318202202, 9.008977842494978)->(23.07133434601838, 1.7968223574635274, 14.20897765176015)
state:field-0, action:D, timestep:176, reward:-1.9666984740917393
==================================================

coord:(23.07133434601838, 1.7968223574635274, 14.20897765176015)->(24.051855696517524, 2.0445062883652163, 13.228456301261033)
state:field-0, action:WA, timestep:177, reward:-0.01252349265988073
==================================================

coord:(24.051855696517524, 2.0445062883652163, 13.228456301261033)->(22.397225917550216, 0.6562288828863485, 11.573826522293773)
state:field-0, action:SA, timestep:178, reward:1.4437352093702085
==================================================

coord:(22.397225917550216, 0.6562288828863485, 11.573826522293773)->(22.397225917550216, 0.6562288828863485, 11.573826522293773)
state:field-0, action:Wait, timestep:179, reward:-0.0
==================================================

coord:(22.397225917550216, 0.6562288828863485, 11.573826522293773)->(21.09722596523395, 0.4512463981517635, 11.573826522293773)
state:field-0, action:S, timestep:180, reward:0.7564936470172725
==================================================

coord:(21.09722596523395, 0.4512463981517635, 11.573826522293773)->(21.09722596523395, 0.34406365759308727, 10.27382656997748)
state:field-0, action:A, timestep:181, reward:0.5835188656755417
==================================================

coord:(21.09722596523395, 0.34406365759308727, 10.27382656997748)->(20.36183495235959, 0.17131245517054772, 9.538435557103142)
state:field-0, action:SA, timestep:182, reward:0.7028877500277968
==================================================

coord:(20.36183495235959, 0.17131245517054772, 9.538435557103142)->(19.565161355079034, 0.08100386729232652, 8.74176195982261)
state:field-0, action:SA, timestep:183, reward:0.7706521365760963
==================================================

coord:(19.565161355079034, 0.08100386729232652, 8.74176195982261)->(19.565161355079034, 0.08100386729232652, 8.74176195982261)
state:field-0, action:Wait, timestep:184, reward:-0.0
==================================================

coord:(19.565161355079034, 0.08100386729232652, 8.74176195982261)->(18.645922588986085, 0.07119056596702476, 9.661000725915532)
state:field-0, action:SD, timestep:185, reward:0.1376465448878026
==================================================

coord:(18.645922588986085, 0.07119056596702476, 9.661000725915532)->(18.645922588986085, 0.07119056596702476, 9.661000725915532)
state:field-0, action:Wait, timestep:186, reward:-0.0
==================================================

coord:(18.645922588986085, 0.07119056596702476, 9.661000725915532)->(17.66540123848694, 0.059416328845868775, 10.641522076414649)
state:field-0, action:SD, timestep:187, reward:-0.007765048888114023
==================================================

coord:(17.66540123848694, 0.059416328845868775, 10.641522076414649)->(17.66540123848694, 0.044148322504561036, 9.601522114561615)
state:field-0, action:A, timestep:188, reward:0.5288020125211457
==================================================

coord:(17.66540123848694, 0.044148322504561036, 9.601522114561615)->(17.66540123848694, 0.031967298525203434, 8.734855479684086)
state:field-0, action:A, timestep:189, reward:0.38597306647295504
==================================================

coord:(17.66540123848694, 0.031967298525203434, 8.734855479684086)->(17.66540123848694, 0.031967298525203434, 8.734855479684086)
state:field-0, action:Wait, timestep:190, reward:-0.0
==================================================

coord:(17.66540123848694, 0.031967298525203434, 8.734855479684086)->(16.74616247239399, 0.02668021381326466, 9.654094245777008)
state:field-0, action:SD, timestep:191, reward:-0.0030298224933389406
==================================================

coord:(16.74616247239399, 0.02668021381326466, 9.654094245777008)->(17.604118654080743, 0.031967298525203434, 8.79613806409028)
state:field-0, action:WA, timestep:192, reward:0.007809222193282395
==================================================

coord:(17.604118654080743, 0.031967298525203434, 8.79613806409028)->(17.604118654080743, 0.12404540161082356, 13.996137873355453)
state:field-0, action:D, timestep:193, reward:-2.983341457496124
==================================================

coord:(17.604118654080743, 0.12404540161082356, 13.996137873355453)->(17.604118654080743, 0.12404540161082356, 13.996137873355453)
state:field-0, action:Wait, timestep:194, reward:-0.0
==================================================

coord:(17.604118654080743, 0.12404540161082356, 13.996137873355453)->(18.95233551101707, 0.16060064505355542, 12.647921016419167)
state:field-0, action:WA, timestep:195, reward:0.31533770000853956
==================================================

coord:(18.95233551101707, 0.16060064505355542, 12.647921016419167)->(18.95233551101707, 0.1256576693440246, 11.52125439107838)
state:field-0, action:A, timestep:196, reward:0.6541352264101654
==================================================

coord:(18.95233551101707, 0.1256576693440246, 11.52125439107838)->(19.871574277110017, 0.15055862205664292, 10.602015624985457)
state:field-0, action:WA, timestep:197, reward:-0.008864957319616451
==================================================

coord:(19.871574277110017, 0.15055862205664292, 10.602015624985457)->(18.523357420173692, 0.1256576693440246, 11.950232481921743)
state:field-0, action:SD, timestep:198, reward:-0.023629971955653417
==================================================

coord:(18.523357420173692, 0.1256576693440246, 11.950232481921743)->(18.523357420173692, 0.1256576693440246, 11.950232481921743)
state:field-0, action:Wait, timestep:199, reward:-0.0
==================================================

coord:(18.523357420173692, 0.1256576693440246, 11.950232481921743)->(19.871574277110017, 0.15055862205664292, 10.602015624985457)
state:field-0, action:WA, timestep:200, reward:0.023629971955653417
==================================================

coord:(19.871574277110017, 0.15055862205664292, 10.602015624985457)->(20.852095627609163, 0.17131245517054772, 9.62149427448634)
state:field-0, action:WA, timestep:201, reward:-0.15370850243496115
==================================================

coord:(20.852095627609163, 0.17131245517054772, 9.62149427448634)->(19.749009108297624, 0.08100386729232652, 8.518407755174833)
state:field-0, action:SA, timestep:202, reward:1.0964046442166264
==================================================

coord:(19.749009108297624, 0.08100386729232652, 8.518407755174833)->(19.749009108297624, 0.3143261305732291, 13.718407564440005)
state:field-0, action:D, timestep:203, reward:-2.596240590914011
==================================================

coord:(19.749009108297624, 0.3143261305732291, 13.718407564440005)->(18.462074835767496, 0.16060064505355542, 12.431473291909914)
state:field-0, action:SA, timestep:204, reward:1.3853338783719575
==================================================

coord:(18.462074835767496, 0.16060064505355542, 12.431473291909914)->(18.462074835767496, 0.16060064505355542, 12.431473291909914)
state:field-0, action:Wait, timestep:205, reward:-0.0
==================================================

coord:(18.462074835767496, 0.16060064505355542, 12.431473291909914)->(23.66207464503256, 1.1886077497530767, 12.431473291909914)
state:field-0, action:W, timestep:206, reward:-2.6552326317831003
==================================================

coord:(23.66207464503256, 1.1886077497530767, 12.431473291909914)->(23.66207464503256, 0.7090964742523798, 10.698140022154856)
state:field-0, action:A, timestep:207, reward:0.6047092331517341
==================================================

coord:(23.66207464503256, 0.7090964742523798, 10.698140022154856)->(22.313857788096236, 0.8387134859694361, 12.046356879091142)
state:field-0, action:SD, timestep:208, reward:0.38325583096766813
==================================================

coord:(22.313857788096236, 0.8387134859694361, 12.046356879091142)->(21.33333643759709, 0.7183128849400615, 13.02687822959026)
state:field-0, action:SD, timestep:209, reward:0.022936517470677487
==================================================

coord:(21.33333643759709, 0.7183128849400615, 13.02687822959026)->(21.33333643759709, 0.5767293234037119, 12.160211594712731)
state:field-0, action:A, timestep:210, reward:0.4273277210205304
==================================================

coord:(21.33333643759709, 0.5767293234037119, 12.160211594712731)->(20.120003148768575, 0.3864682129208264, 12.160211594712731)
state:field-0, action:S, timestep:211, reward:0.6337614732105425
==================================================

coord:(20.120003148768575, 0.3864682129208264, 12.160211594712731)->(19.445894720300412, 0.25237065965861394, 12.834320023180874)
state:field-0, action:SD, timestep:212, reward:-0.11106661199686485
==================================================

coord:(19.445894720300412, 0.25237065965861394, 12.834320023180874)->(19.445894720300412, 0.19746065710346547, 11.447653407376828)
state:field-0, action:A, timestep:213, reward:0.789333482144869
==================================================

coord:(19.445894720300412, 0.19746065710346547, 11.447653407376828)->(19.445894720300412, 0.15055862205664292, 10.407653445523794)
state:field-0, action:A, timestep:214, reward:0.5214321561924695
==================================================

coord:(19.445894720300412, 0.15055862205664292, 10.407653445523794)->(18.58793853861366, 0.07119056596702476, 9.549697263837066)
state:field-0, action:SA, timestep:215, reward:0.8465683433605893
==================================================

coord:(18.58793853861366, 0.07119056596702476, 9.549697263837066)->(17.66869977252071, 0.059416328845868775, 10.468936029929989)
state:field-0, action:SD, timestep:216, reward:0.0009553805960589301
==================================================

coord:(17.66869977252071, 0.059416328845868775, 10.468936029929989)->(17.66869977252071, 0.044148322504561036, 9.60226939505246)
state:field-0, action:A, timestep:217, reward:0.4342272873955313
==================================================

coord:(17.66869977252071, 0.044148322504561036, 9.60226939505246)->(18.526655954207463, 0.051548279647793065, 8.744313213365732)
state:field-0, action:WA, timestep:218, reward:-0.06322611679729562
==================================================

coord:(18.526655954207463, 0.051548279647793065, 8.744313213365732)->(18.526655954207463, 0.20002713229634225, 13.944313022630904)
state:field-0, action:D, timestep:219, reward:-2.8392283017187854
==================================================

coord:(18.526655954207463, 0.20002713229634225, 13.944313022630904)->(18.526655954207463, 0.16060064505355542, 12.557646406826859)
state:field-0, action:A, timestep:220, reward:0.8937029348038585
==================================================

coord:(18.526655954207463, 0.16060064505355542, 12.557646406826859)->(17.546134603708317, 0.07792570877918163, 11.577125056327741)
state:field-0, action:SA, timestep:221, reward:1.0080310606708647
==================================================

coord:(17.546134603708317, 0.07792570877918163, 11.577125056327741)->(16.688178422021565, 0.06018858665292558, 12.435081238014469)
state:field-0, action:SD, timestep:222, reward:-0.2077462060426285
==================================================

coord:(16.688178422021565, 0.06018858665292558, 12.435081238014469)->(16.688178422021565, 0.04709294609243576, 11.655081266624693)
state:field-0, action:A, timestep:223, reward:0.4933628163894799
==================================================

coord:(16.688178422021565, 0.04709294609243576, 11.655081266624693)->(21.88817823128663, 0.4512463981517635, 11.655081266624693)
state:field-0, action:W, timestep:224, reward:-2.5579922231018735
==================================================

coord:(21.88817823128663, 0.4512463981517635, 11.655081266624693)->(21.88817823128663, 1.1886077497530767, 16.85508107588985)
state:field-0, action:D, timestep:225, reward:-2.9336420540764596
==================================================

coord:(21.88817823128663, 1.1886077497530767, 16.85508107588985)->(21.88817823128663, 1.1886077497530767, 16.85508107588985)
state:field-0, action:Wait, timestep:226, reward:-0.0
==================================================

coord:(21.88817823128663, 1.1886077497530767, 16.85508107588985)->(20.049700699100732, 0.6910168928376036, 15.016603543703981)
state:field-0, action:SA, timestep:227, reward:2.079122067035698
==================================================

coord:(20.049700699100732, 0.6910168928376036, 15.016603543703981)->(20.601243958756502, 0.5842253052526155, 14.465060284048228)
state:field-0, action:WA, timestep:228, reward:0.03226341932293231
==================================================

coord:(20.601243958756502, 0.5842253052526155, 14.465060284048228)->(20.601243958756502, 0.48134382230199957, 13.251726995219688)
state:field-0, action:A, timestep:229, reward:0.7306095343928583
==================================================

coord:(20.601243958756502, 0.48134382230199957, 13.251726995219688)->(19.127910679464733, 0.3143261305732291, 13.251726995219688)
state:field-0, action:S, timestep:230, reward:0.7047540343060419
==================================================

coord:(19.127910679464733, 0.3143261305732291, 13.251726995219688)->(19.127910679464733, 0.3143261305732291, 13.251726995219688)
state:field-0, action:Wait, timestep:231, reward:-0.0
==================================================

coord:(19.127910679464733, 0.3143261305732291, 13.251726995219688)->(19.802019107932896, 0.25237065965861394, 12.577618566751545)
state:field-0, action:WA, timestep:232, reward:0.033522786666608795
==================================================

coord:(19.802019107932896, 0.25237065965861394, 12.577618566751545)->(18.45380225099657, 0.20002713229634225, 13.92583542368783)
state:field-0, action:SD, timestep:233, reward:-0.23045426861922458
==================================================

coord:(18.45380225099657, 0.20002713229634225, 13.92583542368783)->(18.45380225099657, 0.16060064505355542, 12.539168807883785)
state:field-0, action:A, timestep:234, reward:0.8948194339194036
==================================================

coord:(18.45380225099657, 0.16060064505355542, 12.539168807883785)->(17.657128653716015, 0.12404540161082356, 13.335842405164318)
state:field-0, action:SD, timestep:235, reward:-0.19106752508581337
==================================================

coord:(17.657128653716015, 0.12404540161082356, 13.335842405164318)->(16.4437953648875, 0.07496452072866736, 13.335842405164318)
state:field-0, action:S, timestep:236, reward:0.424514518590394
==================================================

coord:(16.4437953648875, 0.07496452072866736, 13.335842405164318)->(16.4437953648875, 0.07496452072866736, 13.335842405164318)
state:field-0, action:Wait, timestep:237, reward:-0.0
==================================================

coord:(16.4437953648875, 0.07496452072866736, 13.335842405164318)->(16.4437953648875, 0.07496452072866736, 13.335842405164318)
state:field-0, action:Wait, timestep:238, reward:-0.0
==================================================

coord:(16.4437953648875, 0.07496452072866736, 13.335842405164318)->(16.4437953648875, 0.06018858665292558, 12.642509097262295)
state:field-0, action:A, timestep:239, reward:0.46887067850779474
==================================================

coord:(16.4437953648875, 0.06018858665292558, 12.642509097262295)->(17.36303413098045, 0.07792570877918163, 11.723270331169372)
state:field-0, action:WA, timestep:240, reward:0.2495504747165338
==================================================

coord:(17.36303413098045, 0.07792570877918163, 11.723270331169372)->(17.36303413098045, 0.059416328845868775, 10.596603705828585)
state:field-0, action:A, timestep:241, reward:0.6473926138204629
==================================================

coord:(17.36303413098045, 0.059416328845868775, 10.596603705828585)->(18.03714255944861, 0.07119056596702476, 9.922495277360442)
state:field-0, action:WA, timestep:242, reward:0.039994018668229714
==================================================

coord:(18.03714255944861, 0.07119056596702476, 9.922495277360442)->(17.792012221823825, 0.059416328845868775, 10.167625614985221)
state:field-0, action:SD, timestep:243, reward:-0.010951962025925965
==================================================

coord:(17.792012221823825, 0.059416328845868775, 10.167625614985221)->(17.792012221823825, 0.044148322504561036, 9.647625634058704)
state:field-0, action:A, timestep:244, reward:0.25072958115473476
==================================================

coord:(17.792012221823825, 0.044148322504561036, 9.647625634058704)->(17.792012221823825, 0.044148322504561036, 9.647625634058704)
state:field-0, action:Wait, timestep:245, reward:-0.0
==================================================

coord:(17.792012221823825, 0.044148322504561036, 9.647625634058704)->(17.792012221823825, 0.044148322504561036, 9.647625634058704)
state:field-0, action:Wait, timestep:246, reward:-0.0
==================================================

coord:(17.792012221823825, 0.044148322504561036, 9.647625634058704)->(17.792012221823825, 0.044148322504561036, 9.647625634058704)
state:field-0, action:Wait, timestep:247, reward:-0.0
==================================================

coord:(17.792012221823825, 0.044148322504561036, 9.647625634058704)->(18.711250987916774, 0.051548279647793065, 8.728386867965781)
state:field-0, action:WA, timestep:248, reward:-0.07857146851929464
==================================================

coord:(18.711250987916774, 0.051548279647793065, 8.728386867965781)->(18.711250987916774, 0.051548279647793065, 8.728386867965781)
state:field-0, action:Wait, timestep:249, reward:-0.0
==================================================

coord:(18.711250987916774, 0.051548279647793065, 8.728386867965781)->(17.58458436257601, 0.031967298525203434, 8.728386867965781)
state:field-0, action:S, timestep:250, reward:0.5932044267270093
==================================================

coord:(17.58458436257601, 0.031967298525203434, 8.728386867965781)->(16.726628180889257, 0.02668021381326466, 9.586343049652509)
state:field-0, action:SD, timestep:251, reward:-0.0041132358617819165
==================================================

coord:(16.726628180889257, 0.02668021381326466, 9.586343049652509)->(16.726628180889257, 0.019318839568519815, 8.71967641477498)
state:field-0, action:A, timestep:252, reward:0.4038172791474519
==================================================

coord:(16.726628180889257, 0.019318839568519815, 8.71967641477498)->(16.726628180889257, 0.019318839568519815, 8.71967641477498)
state:field-0, action:Wait, timestep:253, reward:-0.0
==================================================

coord:(16.726628180889257, 0.019318839568519815, 8.71967641477498)->(16.726628180889257, 0.019318839568519815, 8.71967641477498)
state:field-0, action:Wait, timestep:254, reward:-0.0
==================================================

coord:(16.726628180889257, 0.019318839568519815, 8.71967641477498)->(16.726628180889257, 0.019318839568519815, 8.71967641477498)
state:field-0, action:Wait, timestep:255, reward:-0.0
==================================================

coord:(16.726628180889257, 0.019318839568519815, 8.71967641477498)->(16.726628180889257, 0.019318839568519815, 8.71967641477498)
state:field-0, action:Wait, timestep:256, reward:-0.0
==================================================

coord:(16.726628180889257, 0.019318839568519815, 8.71967641477498)->(16.726628180889257, 0.019318839568519815, 8.71967641477498)
state:timeout-0, action:Wait, timestep:257, reward:-999999
==================================================

