coord:(20.0, 0.0, 41.0)->(20.0, 0.0, 41.0)
state:field-4, action:Wait, timestep:1, reward:-0.0
==================================================

coord:(20.0, 0.0, 41.0)->(22.32873820743547, 0.0, 38.671261792564664)
state:field-4.0, action:WAj, timestep:2, reward:2.4045207362033025
==================================================

coord:(22.32873820743547, 0.0, 38.671261792564664)->(19.03540499490093, 0.0, 38.671261792564664)
state:field-4.0, action:Sj, timestep:3, reward:-0.7288840207297298
==================================================

coord:(19.03540499490093, 0.0, 38.671261792564664)->(19.03540499490093, 0.0, 36.93792852280957)
state:field-4.0, action:A, timestep:4, reward:1.386724720296165
==================================================

coord:(19.03540499490093, 0.0, 36.93792852280957)->(19.03540499490093, 17.59454003445045, 36.93792852280957)
state:air-9.0, action:Wait, timestep:5, reward:5.860975898128611
==================================================

coord:(19.03540499490093, 17.59454003445045, 36.93792852280957)->(20.015926345400075, 17.59454003445045, 35.95740717231048)
state:field-4.0, action:WA, timestep:6, reward:1.2360725756653927
==================================================

coord:(20.015926345400075, 17.59454003445045, 35.95740717231048)->(20.015926345400075, 17.59454003445045, 35.95740717231048)
state:air-9.0, action:j, timestep:7, reward:3.538218962262363e-08
==================================================

coord:(20.015926345400075, 17.59454003445045, 35.95740717231048)->(17.993601059995587, 15.449540113128581, 33.93508188690611)
state:parachute-19.0, action:SA, timestep:8, reward:0.9247902101207188
==================================================

coord:(17.993601059995587, 15.449540113128581, 33.93508188690611)->(17.993601059995587, 15.449540113128581, 33.93508188690611)
state:air-9.0, action:j, timestep:9, reward:7.814097813252374e-07
==================================================

coord:(17.993601059995587, 15.449540113128581, 33.93508188690611)->(17.993601059995587, 11.549540256179728, 33.93508188690611)
state:parachute-19.0, action:Wait, timestep:10, reward:-0.8749085323201982
==================================================

coord:(17.993601059995587, 11.549540256179728, 33.93508188690611)->(17.993601059995587, 11.549540256179728, 33.93508188690611)
state:parachute-19.0, action:Sj, timestep:11, reward:-8.505457316232423e-08
==================================================

coord:(17.993601059995587, 11.549540256179728, 33.93508188690611)->(17.993601059995587, 10.249540303863409, 33.93508188690611)
state:wall-14.0, action:S, timestep:12, reward:-0.399497741391162
==================================================

coord:(17.993601059995587, 10.249540303863409, 33.93508188690611)->(17.993601059995587, 10.249540303863409, 33.93508188690611)
state:air-9.0, action:j, timestep:13, reward:2.444486817410052e-07
==================================================

coord:(17.993601059995587, 10.249540303863409, 33.93508188690611)->(17.993601059995587, 10.249540303863409, 33.93508188690611)
state:parachute-19.0, action:j, timestep:14, reward:2.444486817410052e-07
==================================================

coord:(17.993601059995587, 10.249540303863409, 33.93508188690611)->(17.993601059995587, 8.949540351547089, 33.93508188690611)
state:wall-14.0, action:S, timestep:15, reward:-0.4501088796580355
==================================================

coord:(17.993601059995587, 8.949540351547089, 33.93508188690611)->(17.993601059995587, 3.5675247030676926, 33.93508188690611)
state:air-9.0, action:Wait, timestep:16, reward:-2.352336388549922
==================================================

coord:(17.993601059995587, 3.5675247030676926, 33.93508188690611)->(18.064311734917258, 3.6312247035127405, 33.86437121198444)
state:field-4.0, action:WAsj, timestep:17, reward:0.11215956815053119
==================================================

coord:(18.064311734917258, 3.6312247035127405, 33.86437121198444)->(18.064311734917258, 0.16312861176298013, 33.86437121198444)
state:air-9.0, action:Wait, timestep:18, reward:-1.8773283926519326
==================================================

coord:(18.064311734917258, 0.16312861176298013, 33.86437121198444)->(22.064311734917315, 0.5914990801290658, 33.86437121198444)
state:field-4.0, action:Wsj, timestep:19, reward:1.309013127270731
==================================================

coord:(22.064311734917315, 0.5914990801290658, 33.86437121198444)->(20.650098236483903, 0.1552436464705215, 35.27858471041785)
state:field-4.0, action:SDs, timestep:20, reward:-1.6793180955547058
==================================================

coord:(20.650098236483903, 0.1552436464705215, 35.27858471041785)->(17.96343166836362, 0.5830953938466412, 35.27858471041785)
state:field-4.0, action:Sj, timestep:21, reward:-0.5040493087976969
==================================================

coord:(17.96343166836362, 0.5830953938466412, 35.27858471041785)->(17.96343166836362, 5.653453927914237, 35.27858471041785)
state:air-9.0, action:Wait, timestep:22, reward:2.5178023019590725
==================================================

coord:(17.96343166836362, 5.653453927914237, 35.27858471041785)->(18.03414234328529, 5.717153928359285, 35.34929538533952)
state:field-4.0, action:WDsj, timestep:23, reward:-0.00738110635102629
==================================================

coord:(18.03414234328529, 5.717153928359285, 35.34929538533952)->(18.03414234328529, 5.717153928359285, 35.34929538533952)
state:air-9.0, action:j, timestep:24, reward:3.32857958085242e-07
==================================================

coord:(18.03414234328529, 5.717153928359285, 35.34929538533952)->(18.03414234328529, 5.717153928359285, 35.34929538533952)
state:parachute-19.0, action:SDj, timestep:25, reward:3.32857958085242e-07
==================================================

coord:(18.03414234328529, 5.717153928359285, 35.34929538533952)->(18.03414234328529, 7.017153880675552, 36.049295385339484)
state:wall-14.0, action:W, timestep:26, reward:-0.05086285252169631
==================================================

coord:(18.03414234328529, 7.017153880675552, 36.049295385339484)->(18.03414234328529, 18.01365697838211, 36.049295385339484)
state:air-9.0, action:Wait, timestep:27, reward:2.613751091258049
==================================================

coord:(18.03414234328529, 18.01365697838211, 36.049295385339484)->(18.03414234328529, 18.01365697838211, 37.0492953853395)
state:field-4.0, action:Ds, timestep:28, reward:-0.9315261171252693
==================================================

coord:(18.03414234328529, 18.01365697838211, 37.0492953853395)->(18.03414234328529, 9.870674242414465, 37.0492953853395)
state:air-9.0, action:Wait, timestep:29, reward:-1.5469837375117734
==================================================

coord:(18.03414234328529, 9.870674242414465, 37.0492953853395)->(18.03414234328529, 11.170674194730784, 38.04929538533944)
state:wall-14.0, action:W, timestep:30, reward:-0.5232365916487467
==================================================

coord:(18.03414234328529, 11.170674194730784, 38.04929538533944)->(18.03414234328529, 11.170674194730784, 38.04929538533944)
state:air-9.0, action:j, timestep:31, reward:-1.270603824821137e-06
==================================================

coord:(18.03414234328529, 11.170674194730784, 38.04929538533944)->(17.947475679797538, 11.10567419711497, 38.04929538533944)
state:parachute-19.0, action:S, timestep:32, reward:-0.04608053376953336
==================================================

coord:(17.947475679797538, 11.10567419711497, 38.04929538533944)->(17.947475679797538, 9.489734980744604, 38.04929538533944)
state:air-9.0, action:Wait, timestep:33, reward:-0.46850957695558293
==================================================

coord:(17.947475679797538, 9.489734980744604, 38.04929538533944)->(18.01818635471921, 9.553434981189652, 37.97858471041777)
state:field-4.0, action:WAsj, timestep:34, reward:0.10607145191934819
==================================================

coord:(18.01818635471921, 9.553434981189652, 37.97858471041777)->(18.01818635471921, 9.553434981189652, 37.97858471041777)
state:air-9.0, action:j, timestep:35, reward:-2.024862055804988e-08
==================================================

coord:(18.01818635471921, 9.553434981189652, 37.97858471041777)->(17.931519691231458, 9.488434983573837, 37.97858471041777)
state:parachute-19.0, action:S, timestep:36, reward:-0.04868569968770231
==================================================

coord:(17.931519691231458, 9.488434983573837, 37.97858471041777)->(17.931519691231458, 8.170927402972628, 37.97858471041777)
state:air-9.0, action:Wait, timestep:37, reward:-0.4346616282347995
==================================================

coord:(17.931519691231458, 8.170927402972628, 37.97858471041777)->(17.87023710682526, 9.489734980744604, 38.039867294823964)
state:field-4.0, action:SDj, timestep:38, reward:0.3602661033191197
==================================================

coord:(17.87023710682526, 9.489734980744604, 38.039867294823964)->(16.950998332843543, 9.489734980744604, 38.95910606880568)
state:field-4.0, action:SDs, timestep:39, reward:-1.1286476071492189
==================================================

coord:(16.950998332843543, 9.489734980744604, 38.95910606880568)->(16.950998332843543, 11.278053740088016, 38.95910606880568)
state:air-9.0, action:Wait, timestep:40, reward:0.49707656133315226
==================================================

coord:(16.950998332843543, 11.278053740088016, 38.95910606880568)->(14.009434281346165, 10.770589473511771, 36.017542017308415)
state:field-4.0, action:SA, timestep:41, reward:1.258010487670738
==================================================

coord:(14.009434281346165, 10.770589473511771, 36.017542017308415)->(13.938723606424492, 11.94613774868768, 36.088252692230085)
state:field-4.0, action:SDsj, timestep:42, reward:0.21565384045623404
==================================================

coord:(13.938723606424492, 11.94613774868768, 36.088252692230085)->(14.857962380406233, 12.80028231991373, 37.0074914662118)
state:field-4.0, action:WDs, timestep:43, reward:-0.19125483324364012
==================================================

coord:(14.857962380406233, 12.80028231991373, 37.0074914662118)->(14.857962380406233, 12.80028231991373, 38.00749146621182)
state:field-3.0, action:Ds, timestep:44, reward:-0.8806918224942137
==================================================

coord:(14.857962380406233, 12.80028231991373, 38.00749146621182)->(14.857962380406233, 14.86627905303627, 38.00749146621182)
state:air-8.0, action:Wait, timestep:45, reward:0.3774201100134249
==================================================

coord:(14.857962380406233, 14.86627905303627, 38.00749146621182)->(15.057962380406233, 14.86627905303627, 38.00749146621182)
state:field-3.0, action:Ws, timestep:46, reward:0.08376967468490903
==================================================

coord:(15.057962380406233, 14.86627905303627, 38.00749146621182)->(15.057962380406233, 13.098359074037816, 38.00749146621182)
state:air-8.0, action:Wait, timestep:47, reward:-0.3162340434109012
==================================================

coord:(15.057962380406233, 13.098359074037816, 38.00749146621182)->(15.057962380406233, 13.612859078488297, 39.00749146621183)
state:field-3.0, action:Dsj, timestep:48, reward:-0.7921571620069656
==================================================

coord:(15.057962380406233, 13.612859078488297, 39.00749146621183)->(15.057962380406233, 14.86627905303627, 39.00749146621183)
state:air-8.0, action:Wait, timestep:49, reward:0.2093553014277063
==================================================

coord:(15.057962380406233, 14.86627905303627, 39.00749146621183)->(15.057962380406233, 16.488848434411317, 41.00082472643019)
state:field-3.0, action:D, timestep:50, reward:-1.613571863149609
==================================================

coord:(15.057962380406233, 16.488848434411317, 41.00082472643019)->(15.057962380406233, 17.87232395652416, 41.00082472643019)
state:air-8.0, action:Wait, timestep:51, reward:0.10852252110896643
==================================================

coord:(15.057962380406233, 17.87232395652416, 41.00082472643019)->(14.97129571691848, 17.87232395652416, 41.00082472643019)
state:field-3.0, action:S, timestep:52, reward:-0.033759307945850026
==================================================

coord:(14.97129571691848, 17.87232395652416, 41.00082472643019)->(14.97129571691848, 20.0, 41.00082472643019)
state:air-8.0, action:Wait, timestep:53, reward:0.06306782485502538
==================================================

coord:(14.97129571691848, 20.0, 41.00082472643019)->(15.032578301324675, 20.0, 41.06210731083638)
state:field-3.0, action:WD, timestep:54, reward:-0.03251378653427395
==================================================

coord:(15.032578301324675, 20.0, 41.06210731083638)->(15.032578301324675, 17.87232395652416, 41.06210731083638)
state:air-8.0, action:Wait, timestep:55, reward:-0.0630111528397137
==================================================

coord:(15.032578301324675, 17.87232395652416, 41.06210731083638)->(14.97129571691848, 17.87232395652416, 41.123389895242575)
state:field-3.0, action:SD, timestep:56, reward:-0.0801746690891818
==================================================

coord:(14.97129571691848, 17.87232395652416, 41.123389895242575)->(14.97129571691848, 20.0, 41.123389895242575)
state:air-8.0, action:Wait, timestep:57, reward:0.06286841574483759
==================================================

coord:(14.97129571691848, 20.0, 41.123389895242575)->(15.057962380406233, 20.08280999754111, 41.123389895242575)
state:field-3.0, action:Wj, timestep:58, reward:0.0336137473371636
==================================================

coord:(15.057962380406233, 20.08280999754111, 41.123389895242575)->(15.057962380406233, 17.87232395652416, 41.123389895242575)
state:air-8.0, action:Wait, timestep:59, reward:-0.06283442043410759
==================================================

coord:(15.057962380406233, 17.87232395652416, 41.123389895242575)->(16.05796238040623, 18.386823960974642, 41.123389895242575)
state:field-3.0, action:Wsj, timestep:60, reward:0.40236092689360703
==================================================

coord:(16.05796238040623, 18.386823960974642, 41.123389895242575)->(16.05796238040623, 15.38857111051894, 41.123389895242575)
state:air-8.0, action:Wait, timestep:61, reward:-0.2611743604400587
==================================================

coord:(16.05796238040623, 15.38857111051894, 41.123389895242575)->(16.05796238040623, 15.266071110518942, 39.92338989524256)
state:field-3.0, action:As, timestep:62, reward:1.088923368358138
==================================================

coord:(16.05796238040623, 15.266071110518942, 39.92338989524256)->(16.05796238040623, 12.80028231991373, 39.92338989524256)
state:air-8.0, action:Wait, timestep:63, reward:-0.42059737437317324
==================================================

coord:(16.05796238040623, 12.80028231991373, 39.92338989524256)->(15.971295716918478, 12.88309231745484, 39.92338989524256)
state:field-3.0, action:Sj, timestep:64, reward:-0.015131958996519757
==================================================

coord:(15.971295716918478, 12.88309231745484, 39.92338989524256)->(15.971295716918478, 14.86627905303627, 39.92338989524256)
state:air-8.0, action:Wait, timestep:65, reward:0.34674786866268903
==================================================

coord:(15.971295716918478, 14.86627905303627, 39.92338989524256)->(15.848730548106088, 16.488848434411317, 40.045955064054944)
state:field-3.0, action:SDj, timestep:66, reward:0.04273593688904498
==================================================

coord:(15.848730548106088, 16.488848434411317, 40.045955064054944)->(16.060862572871105, 16.486126212189095, 39.83382303928993)
state:field-3.0, action:WAs, timestep:67, reward:0.2748939062887814
==================================================

coord:(16.060862572871105, 16.486126212189095, 39.83382303928993)->(16.060862572871105, 12.80028231991373, 39.83382303928993)
state:air-8.0, action:Wait, timestep:68, reward:-0.5669484895054566
==================================================

coord:(16.060862572871105, 12.80028231991373, 39.83382303928993)->(17.050812021774494, 12.797560097691509, 38.84387359038654)
state:field-3.0, action:WAs, timestep:69, reward:1.2564452702297686
==================================================

coord:(17.050812021774494, 12.797560097691509, 38.84387359038654)->(17.050812021774494, 9.489734980744604, 38.84387359038654)
state:air-8.0, action:Wait, timestep:70, reward:-0.854590302207491
==================================================

coord:(17.050812021774494, 9.489734980744604, 38.84387359038654)->(17.050812021774494, 10.24882667127697, 36.93720699365594)
state:field-3.0, action:Aj, timestep:71, reward:1.9165461480571153
==================================================

coord:(17.050812021774494, 10.24882667127697, 36.93720699365594)->(17.050812021774494, 6.875294034598995, 36.93720699365594)
state:air-8.0, action:Wait, timestep:72, reward:-1.1563543370986054
==================================================

coord:(17.050812021774494, 6.875294034598995, 36.93720699365594)->(16.989529437368297, 8.170927402972628, 36.87592440924975)
state:field-3.0, action:SAj, timestep:73, reward:0.5105919331847417
==================================================

coord:(16.989529437368297, 8.170927402972628, 36.87592440924975)->(15.08976932077623, 8.598779150348747, 34.976164292657764)
state:field-3.0, action:SAj, timestep:74, reward:1.0143164678926055
==================================================

coord:(15.08976932077623, 8.598779150348747, 34.976164292657764)->(15.08976932077623, 6.270496108390099, 34.976164292657764)
state:air-8.0, action:Wait, timestep:75, reward:-0.890118871625539
==================================================

coord:(15.08976932077623, 6.270496108390099, 34.976164292657764)->(15.019058645854557, 7.80327055566939, 35.046874967579434)
state:field-3.0, action:SDsj, timestep:76, reward:0.5134811094911029
==================================================

coord:(15.019058645854557, 7.80327055566939, 35.046874967579434)->(15.019058645854557, 9.489734980744604, 37.04020822779779)
state:field-3.0, action:D, timestep:77, reward:-1.1020410513101666
==================================================

coord:(15.019058645854557, 9.489734980744604, 37.04020822779779)->(15.019058645854557, 11.278053740088016, 37.04020822779779)
state:air-8.0, action:Wait, timestep:78, reward:0.5111150851117898
==================================================

coord:(15.019058645854557, 11.278053740088016, 37.04020822779779)->(17.012391906072853, 12.018743213364152, 37.04020822779779)
state:field-3.0, action:Wj, timestep:79, reward:0.9746373360457383
==================================================

coord:(17.012391906072853, 12.018743213364152, 37.04020822779779)->(17.012391906072853, 8.170927402972628, 37.04020822779779)
state:air-8.0, action:Wait, timestep:80, reward:-1.1552021512070425
==================================================

coord:(17.012391906072853, 8.170927402972628, 37.04020822779779)->(13.971832884440966, 7.141927402972629, 33.999649206165955)
state:field-3.0, action:SAs, timestep:81, reward:0.9028961814127427
==================================================

coord:(13.971832884440966, 7.141927402972629, 33.999649206165955)->(13.971832884440966, 6.198737291848565, 33.999649206165955)
state:air-7.0, action:Wait, timestep:82, reward:-0.3826212880801947
==================================================

coord:(13.971832884440966, 6.198737291848565, 33.999649206165955)->(13.971832884440966, 5.895100647456553, 31.919649282459847)
state:field-2.0, action:A, timestep:83, reward:1.4755853170139481
==================================================

coord:(13.971832884440966, 5.895100647456553, 31.919649282459847)->(13.971832884440966, 3.5675247030676926, 31.919649282459847)
state:air-7.0, action:Wait, timestep:84, reward:-1.1061875675187238
==================================================

coord:(13.971832884440966, 3.5675247030676926, 31.919649282459847)->(14.094398053253355, 4.2888981828379045, 32.04221445127224)
state:field-2.0, action:WDj, timestep:85, reward:0.3225435630087148
==================================================

coord:(14.094398053253355, 4.2888981828379045, 32.04221445127224)->(8.894398243988183, 5.718900347747627, 32.04221445127224)
state:field-2.0, action:S, timestep:86, reward:-2.0833894683411813
==================================================

coord:(8.894398243988183, 5.718900347747627, 32.04221445127224)->(8.894398243988183, 7.018900300063892, 33.04221445127218)
state:wall-12.0, action:W, timestep:87, reward:-0.1975029890916602
==================================================

coord:(8.894398243988183, 7.018900300063892, 33.04221445127218)->(9.99748476329969, 7.8055953074405595, 31.9391279319607)
state:field-2.0, action:WAj, timestep:88, reward:1.731790210151992
==================================================

coord:(9.99748476329969, 7.8055953074405595, 31.9391279319607)->(9.99748476329969, 4.2888981828379045, 31.9391279319607)
state:air-7.0, action:Wait, timestep:89, reward:-1.4587576547178216
==================================================

coord:(9.99748476329969, 4.2888981828379045, 31.9391279319607)->(8.297484763299696, 4.239816538810444, 31.9391279319607)
state:field-2.0, action:Ss, timestep:90, reward:-0.9902614055572556
==================================================

coord:(8.297484763299696, 4.239816538810444, 31.9391279319607)->(8.236202178893501, 5.653453927914237, 32.0004105163669)
state:field-2.0, action:SDj, timestep:91, reward:0.5283390008934958
==================================================

coord:(8.236202178893501, 5.653453927914237, 32.0004105163669)->(7.175542055068426, 7.11684146246028, 33.06107064019196)
state:field-2.0, action:SDs, timestep:92, reward:-0.8139904622781273
==================================================

coord:(7.175542055068426, 7.11684146246028, 33.06107064019196)->(7.175542055068426, 7.11684146246028, 34.06107064019197)
state:field-2.0, action:Ds, timestep:93, reward:-0.7100902945541279
==================================================

coord:(7.175542055068426, 7.11684146246028, 34.06107064019197)->(7.175542055068426, 9.062737423099616, 34.06107064019197)
state:air-7.0, action:Wait, timestep:94, reward:0.6432375412718656
==================================================

coord:(7.175542055068426, 9.062737423099616, 34.06107064019197)->(6.1855926061650255, 10.64733212023158, 35.05102008909536)
state:field-2.0, action:SDsj, timestep:95, reward:-0.8936020112263989
==================================================

coord:(6.1855926061650255, 10.64733212023158, 35.05102008909536)->(6.1855926061650255, 10.64733212023158, 36.051020089095374)
state:field-2.0, action:Ds, timestep:96, reward:-0.7451302109845415
==================================================

coord:(6.1855926061650255, 10.64733212023158, 36.051020089095374)->(6.1855926061650255, 12.948463000498856, 36.051020089095374)
state:air-7.0, action:Wait, timestep:97, reward:0.5088306108151244
==================================================

coord:(6.1855926061650255, 12.948463000498856, 36.051020089095374)->(6.1855926061650255, 12.948463000498856, 35.95102008909537)
state:field-2.0, action:As, timestep:98, reward:0.07608820444114883
==================================================

coord:(6.1855926061650255, 12.948463000498856, 35.95102008909537)->(6.1855926061650255, 10.64733212023158, 35.95102008909537)
state:air-7.0, action:Wait, timestep:99, reward:-0.5098706930510133
==================================================

coord:(6.1855926061650255, 10.64733212023158, 35.95102008909537)->(4.972259317336498, 10.394301583238232, 35.95102008909537)
state:field-2.0, action:S, timestep:100, reward:-0.8178075511989604
==================================================

coord:(4.972259317336498, 10.394301583238232, 35.95102008909537)->(4.972259317336498, 8.856498508798449, 35.95102008909537)
state:air-7.0, action:Wait, timestep:101, reward:-0.4165739823076251
==================================================

coord:(4.972259317336498, 8.856498508798449, 35.95102008909537)->(6.072259317336494, 9.823134696327509, 35.95102008909537)
state:field-2.0, action:Ws, timestep:102, reward:0.9499952677085233
==================================================

coord:(6.072259317336494, 9.823134696327509, 35.95102008909537)->(6.072259317336494, 10.64733212023158, 35.95102008909537)
state:air-7.0, action:Wait, timestep:103, reward:0.21490477575309086
==================================================

coord:(6.072259317336494, 10.64733212023158, 35.95102008909537)->(6.072259317336494, 10.64733212023158, 35.95102008909537)
state:field-2.0, action:j, timestep:104, reward:-9.403159140219941e-09
==================================================

coord:(6.072259317336494, 10.64733212023158, 35.95102008909537)->(8.033302018334757, 10.095265494064277, 33.989977388097195)
state:field-2.0, action:WA, timestep:105, reward:2.511035676488717
==================================================

coord:(8.033302018334757, 10.095265494064277, 33.989977388097195)->(8.033302018334757, 7.3668750960914995, 33.989977388097195)
state:air-7.0, action:Wait, timestep:106, reward:-0.8718149324272559
==================================================

coord:(8.033302018334757, 7.3668750960914995, 33.989977388097195)->(8.033302018334757, 7.449685093632609, 34.07664405158495)
state:field-2.0, action:Dj, timestep:107, reward:-0.03397313852331507
==================================================

coord:(8.033302018334757, 7.449685093632609, 34.07664405158495)->(8.033302018334757, 9.381135574933658, 34.07664405158495)
state:air-7.0, action:Wait, timestep:108, reward:0.6316942007313173
==================================================

coord:(8.033302018334757, 9.381135574933658, 34.07664405158495)->(7.910736849522365, 9.381135574933658, 33.95407888277256)
state:field-2.0, action:SA, timestep:109, reward:0.01741665777826995
==================================================

coord:(7.910736849522365, 9.381135574933658, 33.95407888277256)->(7.910736849522365, 7.11684146246028, 33.95407888277256)
state:air-7.0, action:Wait, timestep:110, reward:-0.7503049344796366
==================================================

coord:(7.910736849522365, 7.11684146246028, 33.95407888277256)->(7.840026174600694, 7.11684146246028, 34.024789557694234)
state:field-2.0, action:SDs, timestep:111, reward:-0.09283910887651814
==================================================

coord:(7.840026174600694, 7.11684146246028, 34.024789557694234)->(7.840026174600694, 9.062737423099616, 34.024789557694234)
state:air-7.0, action:Wait, timestep:112, reward:0.6509167827989373
==================================================

coord:(7.840026174600694, 9.062737423099616, 34.024789557694234)->(7.840026174600694, 9.062737423099616, 33.92478955769423)
state:field-2.0, action:As, timestep:113, reward:0.07370200866704124
==================================================

coord:(7.840026174600694, 9.062737423099616, 33.92478955769423)->(7.840026174600694, 7.11684146246028, 33.92478955769423)
state:air-7.0, action:Wait, timestep:114, reward:-0.6522572681255454
==================================================

coord:(7.840026174600694, 7.11684146246028, 33.92478955769423)->(3.9400261746007073, 5.932674795793613, 33.92478955769423)
state:field-2.0, action:Ss, timestep:115, reward:-2.845571261811749
==================================================

coord:(3.9400261746007073, 5.932674795793613, 33.92478955769423)->(3.9400261746007073, 4.924133251465601, 33.92478955769423)
state:air-6.0, action:Wait, timestep:116, reward:-0.3778626931393063
==================================================

coord:(3.9400261746007073, 4.924133251465601, 33.92478955769423)->(3.8174610057883167, 6.270496108390099, 34.04735472650662)
state:field-1.0, action:SDj, timestep:117, reward:0.3373471797599592
==================================================

coord:(3.8174610057883167, 6.270496108390099, 34.04735472650662)->(4.077460996251574, 7.11684146246028, 34.04735472650662)
state:field-1.0, action:Wj, timestep:118, reward:0.4615344881429948
==================================================

coord:(4.077460996251574, 7.11684146246028, 34.04735472650662)->(4.077460996251574, 6.813204818068267, 32.92068810116581)
state:field-1.0, action:A, timestep:119, reward:0.652168268754366
==================================================

coord:(4.077460996251574, 6.813204818068267, 32.92068810116581)->(4.077460996251574, 4.2888981828379045, 32.92068810116581)
state:air-6.0, action:Wait, timestep:120, reward:-0.9570810603269706
==================================================

coord:(4.077460996251574, 4.2888981828379045, 32.92068810116581)->(4.218882346094917, 5.588756469176262, 33.06210945100915)
state:field-1.0, action:WDsj, timestep:121, reward:0.5102089096896876
==================================================

coord:(4.218882346094917, 5.588756469176262, 33.06210945100915)->(4.218882346094917, 6.306443130201942, 31.935442825668343)
state:field-1.0, action:Aj, timestep:122, reward:1.0029584786879013
==================================================

coord:(4.218882346094917, 6.306443130201942, 31.935442825668343)->(4.218882346094917, 3.216465842073111, 31.935442825668343)
state:air-6.0, action:Wait, timestep:123, reward:-1.2490183841814186
==================================================

coord:(4.218882346094917, 3.216465842073111, 31.935442825668343)->(4.218882346094917, 3.216465842073111, 31.935442825668343)
state:field-1.0, action:Wait, timestep:124, reward:1.2386213157355996e-06
==================================================

coord:(4.218882346094917, 3.216465842073111, 31.935442825668343)->(7.018882346094907, 4.095916076090375, 31.935442825668343)
state:field-1.0, action:Wsj, timestep:125, reward:2.1432639232899646
==================================================

coord:(7.018882346094907, 4.095916076090375, 31.935442825668343)->(7.0895930210165785, 5.461574248983202, 32.00615350059002)
state:field-1.0, action:WDsj, timestep:126, reward:0.5751528826232786
==================================================

coord:(7.0895930210165785, 5.461574248983202, 32.00615350059002)->(10.556259560526684, 5.653453927914237, 32.00615350059002)
state:field-1.0, action:W, timestep:127, reward:2.104553689177635
==================================================

coord:(10.556259560526684, 5.653453927914237, 32.00615350059002)->(11.598063495431996, 5.101387301746941, 30.964349565684675)
state:field-1.0, action:WA, timestep:128, reward:1.063626824027807
==================================================

coord:(11.598063495431996, 5.101387301746941, 30.964349565684675)->(11.598063495431996, 3.001835666825593, 30.964349565684675)
state:air-6.0, action:Wait, timestep:129, reward:-1.0163682725410368
==================================================

coord:(11.598063495431996, 3.001835666825593, 30.964349565684675)->(15.584730015868628, 2.0769661514057955, 30.964349565684675)
state:field-1.0, action:Wj, timestep:130, reward:1.3820824472847448
==================================================

coord:(15.584730015868628, 2.0769661514057955, 30.964349565684675)->(18.58757665177225, 0.8366969954363354, 27.96150292978104)
state:field-1.0, action:WAj, timestep:131, reward:2.5058714228651624
==================================================

coord:(18.58757665177225, 0.8366969954363354, 27.96150292978104)->(16.5369670790438, 1.7883259833918579, 30.01211250250949)
state:field-1.0, action:SDsj, timestep:132, reward:-1.6039099739303175
==================================================

coord:(16.5369670790438, 1.7883259833918579, 30.01211250250949)->(11.33696726977864, 3.001835666825593, 30.01211250250949)
state:field-1.0, action:S, timestep:133, reward:-1.7769180203050752
==================================================

coord:(11.33696726977864, 3.001835666825593, 30.01211250250949)->(12.378771204683952, 3.866853253564085, 31.05391643741483)
state:field-1.0, action:WD, timestep:134, reward:0.26554210462757055
==================================================

coord:(12.378771204683952, 3.866853253564085, 31.05391643741483)->(12.378771204683952, 5.156137421258171, 32.00724973578009)
state:field-1.0, action:Dj, timestep:135, reward:-0.07529025372014075
==================================================

coord:(12.378771204683952, 5.156137421258171, 32.00724973578009)->(11.33696726977864, 5.938231869800762, 30.96544580087475)
state:field-1.0, action:SAj, timestep:136, reward:0.5515021588657589
==================================================

coord:(11.33696726977864, 5.938231869800762, 30.96544580087475)->(11.33696726977864, 3.001835666825593, 30.96544580087475)
state:air-6.0, action:Wait, timestep:137, reward:-1.3861859379654575
==================================================

coord:(11.33696726977864, 3.001835666825593, 30.96544580087475)->(11.33696726977864, 4.095916076090375, 31.065445800874752)
state:field-1.0, action:Dsj, timestep:138, reward:0.47060716571961336
==================================================

coord:(11.33696726977864, 4.095916076090375, 31.065445800874752)->(12.317488620277757, 5.156137421258171, 32.045967151373894)
state:field-1.0, action:WD, timestep:139, reward:0.3045761235115165
==================================================

coord:(12.317488620277757, 5.156137421258171, 32.045967151373894)->(16.017488620277746, 5.700037437724948, 32.045967151373894)
state:field-1.0, action:Wsj, timestep:140, reward:1.9732391982012771
==================================================

coord:(16.017488620277746, 5.700037437724948, 32.045967151373894)->(16.017488620277746, 3.2537008096812636, 32.045967151373894)
state:air-5.0, action:Wait, timestep:141, reward:-1.2076187805544478
==================================================

coord:(16.017488620277746, 3.2537008096812636, 32.045967151373894)->(18.01082188049602, 3.0006702726879197, 32.045967151373894)
state:field-0.0, action:W, timestep:142, reward:0.6182099885533852
==================================================

coord:(18.01082188049602, 3.0006702726879197, 32.045967151373894)->(18.01082188049602, 0.2279109544716696, 32.045967151373894)
state:air-5.0, action:Wait, timestep:143, reward:-1.5820887778740556
==================================================

coord:(18.01082188049602, 0.2279109544716696, 32.045967151373894)->(17.94011120557435, 0.2279109544716696, 31.975256476452223)
state:field-0.0, action:SAs, timestep:144, reward:0.027825740488033546
==================================================

coord:(17.94011120557435, 0.2279109544716696, 31.975256476452223)->(17.94011120557435, 2.053197596183779, 31.975256476452223)
state:air-5.0, action:Wait, timestep:145, reward:1.0606478685016185
==================================================

coord:(17.94011120557435, 2.053197596183779, 31.975256476452223)->(15.940111205574324, 2.8339589482040806, 31.975256476452223)
state:field-0.0, action:Ssj, timestep:146, reward:-0.3245003222453988
==================================================

coord:(15.940111205574324, 2.8339589482040806, 31.975256476452223)->(16.010821880495996, 3.2537008096812636, 32.045967151373894)
state:field-0.0, action:WDsj, timestep:147, reward:0.19720423585567204
==================================================

coord:(16.010821880495996, 3.2537008096812636, 32.045967151373894)->(17.990720778302773, 4.542961903094994, 34.02586604918067)
state:field-0.0, action:WDsj, timestep:148, reward:-0.15723303681733825
==================================================

coord:(17.990720778302773, 4.542961903094994, 34.02586604918067)->(18.05200336270897, 4.542961903094994, 33.96458346477448)
state:field-0.0, action:WA, timestep:149, reward:0.0704249076998309
==================================================

coord:(18.05200336270897, 4.542961903094994, 33.96458346477448)->(18.05200336270897, 0.16312861176298013, 33.96458346477448)
state:air-5.0, action:Wait, timestep:150, reward:-2.3210490705644773
==================================================

coord:(18.05200336270897, 0.16312861176298013, 33.96458346477448)->(20.102612935437417, 0.9052064024471512, 36.015193037502925)
state:field-0.0, action:WDsj, timestep:151, reward:-0.591349903415356
==================================================

coord:(20.102612935437417, 0.9052064024471512, 36.015193037502925)->(20.102612935437417, 16.917569391489224, 36.015193037502925)
state:air-5.0, action:Wait, timestep:152, reward:5.496455141718872
==================================================

coord:(20.102612935437417, 16.917569391489224, 36.015193037502925)->(21.092562384340805, 17.561647175497676, 37.005142486406314)
state:field-0.0, action:WDsj, timestep:153, reward:-0.6071138493872752
==================================================

coord:(21.092562384340805, 17.561647175497676, 37.005142486406314)->(21.092562384340805, 17.561647175497676, 37.005142486406314)
state:air-5.0, action:j, timestep:154, reward:9.42482841992387e-07
==================================================

coord:(21.092562384340805, 17.561647175497676, 37.005142486406314)->(21.153844968747002, 17.49664717788186, 36.94385990200012)
state:parachute-15.0, action:WA, timestep:155, reward:0.0696293595875197
==================================================

coord:(21.153844968747002, 17.49664717788186, 36.94385990200012)->(21.153844968747002, 16.013344054499413, 36.94385990200012)
state:air-5.0, action:Wait, timestep:156, reward:-0.1595269246491533
==================================================

coord:(21.153844968747002, 16.013344054499413, 36.94385990200012)->(21.153844968747002, 16.013344054499413, 36.94385990200012)
state:field-0.0, action:Wait, timestep:157, reward:-9.969798142606123e-08
==================================================

coord:(21.153844968747002, 16.013344054499413, 36.94385990200012)->(18.987178381553225, 17.59454003445045, 36.94385990200012)
state:field-0.0, action:S, timestep:158, reward:-0.4688475497651865
==================================================

coord:(18.987178381553225, 17.59454003445045, 36.94385990200012)->(18.987178381553225, 18.01365697838211, 36.94385990200012)
state:air-5.0, action:Wait, timestep:159, reward:0.029972180650506886
==================================================

coord:(18.987178381553225, 18.01365697838211, 36.94385990200012)->(21.06717830525925, 16.849716508212715, 36.94385990200012)
state:field-0.0, action:W, timestep:160, reward:0.5150250893295372
==================================================

coord:(21.06717830525925, 16.849716508212715, 36.94385990200012)->(21.06717830525925, 16.013344054499413, 36.94385990200012)
state:air-5.0, action:Wait, timestep:161, reward:-0.09874241168127895
==================================================

coord:(21.06717830525925, 16.013344054499413, 36.94385990200012)->(21.06717830525925, 16.013344054499413, 36.94385990200012)
state:field-0.0, action:Wait, timestep:162, reward:-8.803092086395736e-07
==================================================

coord:(21.06717830525925, 16.013344054499413, 36.94385990200012)->(21.06717830525925, 16.013344054499413, 36.94385990200012)
state:field-0.0, action:Wait, timestep:163, reward:-8.803092086395736e-07
==================================================

coord:(21.06717830525925, 16.013344054499413, 36.94385990200012)->(18.987178381553225, 17.59454003445045, 36.94385990200012)
state:field-0.0, action:S, timestep:164, reward:-0.44625500520952244
==================================================

coord:(18.987178381553225, 17.59454003445045, 36.94385990200012)->(18.987178381553225, 18.01365697838211, 36.94385990200012)
state:air-5.0, action:Wait, timestep:165, reward:0.029972180650506886
==================================================

coord:(18.987178381553225, 18.01365697838211, 36.94385990200012)->(21.06717830525925, 16.849716508212715, 36.94385990200012)
state:field-0.0, action:W, timestep:166, reward:0.5150250893295372
==================================================

coord:(21.06717830525925, 16.849716508212715, 36.94385990200012)->(21.06717830525925, 16.013344054499413, 36.94385990200012)
state:air-5.0, action:Wait, timestep:167, reward:-0.09874241168127895
==================================================

coord:(21.06717830525925, 16.013344054499413, 36.94385990200012)->(23.060511565477526, 15.709707410107395, 36.94385990200012)
state:field-0.0, action:W, timestep:168, reward:0.4180636344544624
==================================================

coord:(23.060511565477526, 15.709707410107395, 36.94385990200012)->(23.060511565477526, 9.956918478215421, 36.94385990200012)
state:air-5.0, action:Wait, timestep:169, reward:-1.3503352792373207
==================================================

coord:(23.060511565477526, 9.956918478215421, 36.94385990200012)->(22.973844901989775, 9.956918478215421, 36.94385990200012)
state:field-0.0, action:S, timestep:170, reward:-0.016609909245911325
==================================================

coord:(22.973844901989775, 9.956918478215421, 36.94385990200012)->(22.973844901989775, 14.921418890494142, 36.94385990200012)
state:air-5.0, action:Wait, timestep:171, reward:1.226230024751839
==================================================

coord:(22.973844901989775, 14.921418890494142, 36.94385990200012)->(23.03512748639597, 14.921418890494142, 36.88257731759393)
state:field-0.0, action:WA, timestep:172, reward:0.07140009159390104
==================================================

coord:(23.03512748639597, 14.921418890494142, 36.88257731759393)->(23.03512748639597, 9.956918478215421, 36.88257731759393)
state:air-5.0, action:Wait, timestep:173, reward:-1.2290407101802145
==================================================

coord:(23.03512748639597, 9.956918478215421, 36.88257731759393)->(24.015648836895117, 11.645230657648455, 35.90205596709484)
state:field-0.0, action:WA, timestep:174, reward:1.60573789723869
==================================================

coord:(24.015648836895117, 11.645230657648455, 35.90205596709484)->(25.05564879874813, 11.645230657648455, 35.90205596709484)
state:field-0.0, action:W, timestep:175, reward:0.15754403440496745
==================================================

coord:(25.05564879874813, 11.645230657648455, 35.90205596709484)->(25.05564879874813, 13.531219560760134, 35.90205596709484)
state:air-5.0, action:Wait, timestep:176, reward:0.47950296052065156
==================================================

coord:(25.05564879874813, 13.531219560760134, 35.90205596709484)->(25.05564879874813, 13.531219560760134, 35.90205596709484)
state:field-0.0, action:Wait, timestep:177, reward:-6.710711453195017e-07
==================================================

coord:(25.05564879874813, 13.531219560760134, 35.90205596709484)->(24.994366214341934, 13.531219560760134, 35.96333855150103)
state:field-0.0, action:SD, timestep:178, reward:-0.06755310520072655
==================================================

coord:(24.994366214341934, 13.531219560760134, 35.96333855150103)->(24.994366214341934, 11.645230657648455, 35.96333855150103)
state:air-5.0, action:Wait, timestep:179, reward:-0.47840309786979063
==================================================

coord:(24.994366214341934, 11.645230657648455, 35.96333855150103)->(24.994366214341934, 11.052835687926466, 33.45000531035615)
state:field-0.0, action:A, timestep:180, reward:2.185680177333289
==================================================

coord:(24.994366214341934, 11.052835687926466, 33.45000531035615)->(25.05564879874813, 11.052835687926466, 33.388722725949954)
state:field-0.0, action:WA, timestep:181, reward:0.06612999856427493
==================================================

coord:(25.05564879874813, 11.052835687926466, 33.388722725949954)->(25.05564879874813, 12.842883997674194, 33.388722725949954)
state:air-5.0, action:Wait, timestep:182, reward:0.5350499128411599
==================================================

coord:(25.05564879874813, 12.842883997674194, 33.388722725949954)->(25.05564879874813, 12.842883997674194, 33.388722725949954)
state:field-0.0, action:Wait, timestep:183, reward:4.743645973803723e-07
==================================================

coord:(25.05564879874813, 12.842883997674194, 33.388722725949954)->(25.05564879874813, 12.842883997674194, 33.388722725949954)
state:field-0.0, action:Wait, timestep:184, reward:4.743645973803723e-07
==================================================

coord:(25.05564879874813, 12.842883997674194, 33.388722725949954)->(24.96898213526038, 12.842883997674194, 33.388722725949954)
state:field-0.0, action:S, timestep:185, reward:-0.012954000332658921
==================================================

coord:(24.96898213526038, 12.842883997674194, 33.388722725949954)->(24.96898213526038, 11.052835687926466, 33.388722725949954)
state:air-5.0, action:Wait, timestep:186, reward:-0.5347942419345806
==================================================

coord:(24.96898213526038, 11.052835687926466, 33.388722725949954)->(23.988460784761234, 10.887215700076274, 32.408201375450865)
state:field-0.0, action:SA, timestep:187, reward:0.6877938410537681
==================================================

coord:(23.988460784761234, 10.887215700076274, 32.408201375450865)->(23.988460784761234, 8.969664290777729, 32.408201375450865)
state:air-5.0, action:Wait, timestep:188, reward:-0.7181973216212363
==================================================

coord:(23.988460784761234, 8.969664290777729, 32.408201375450865)->(23.988460784761234, 7.805723820608337, 29.98153479779382)
state:field-0.0, action:A, timestep:189, reward:1.617577643818521
==================================================

coord:(23.988460784761234, 7.805723820608337, 29.98153479779382)->(23.988460784761234, 7.231766021017783, 29.98153479779382)
state:air-5.0, action:Wait, timestep:190, reward:-0.27797585845064887
==================================================

coord:(23.988460784761234, 7.231766021017783, 29.98153479779382)->(25.028460746614247, 8.513375861448784, 29.98153479779382)
state:field-0.0, action:W, timestep:191, reward:0.7922658753442526
==================================================

coord:(25.028460746614247, 8.513375861448784, 29.98153479779382)->(25.028460746614247, 9.892149101304343, 29.98153479779382)
state:air-5.0, action:Wait, timestep:192, reward:0.5998486519422315
==================================================

coord:(25.028460746614247, 9.892149101304343, 29.98153479779382)->(25.028460746614247, 11.569478874068835, 32.06153472149985)
state:field-0.0, action:D, timestep:193, reward:-1.28523696440935
==================================================

coord:(25.028460746614247, 11.569478874068835, 32.06153472149985)->(25.028460746614247, 12.26937601343067, 32.06153472149985)
state:air-5.0, action:Wait, timestep:194, reward:0.22011936828040746
==================================================

coord:(25.028460746614247, 12.26937601343067, 32.06153472149985)->(23.986656811708905, 11.717309387263366, 33.10333865640513)
state:field-0.0, action:SD, timestep:195, reward:-1.3225902841855977
==================================================

coord:(23.986656811708905, 11.717309387263366, 33.10333865640513)->(23.986656811708905, 9.38893370440675, 33.10333865640513)
state:air-5.0, action:Wait, timestep:196, reward:-0.8054629926479535
==================================================

coord:(23.986656811708905, 9.38893370440675, 33.10333865640513)->(24.905895577801854, 11.052835687926466, 34.022577422498024)
state:field-0.0, action:WD, timestep:197, reward:-0.10952259722620994
==================================================

coord:(24.905895577801854, 11.052835687926466, 34.022577422498024)->(24.905895577801854, 11.419450388942312, 34.022577422498024)
state:air-5.0, action:Wait, timestep:198, reward:0.1157282911667572
==================================================

coord:(24.905895577801854, 11.419450388942312, 34.022577422498024)->(23.986656811708905, 11.000799864098774, 33.10333865640513)
state:field-0.0, action:SA, timestep:199, reward:0.5701203453255594
==================================================

coord:(23.986656811708905, 11.000799864098774, 33.10333865640513)->(23.986656811708905, 9.38893370440675, 33.10333865640513)
state:air-5.0, action:Wait, timestep:200, reward:-0.5763255719936566
==================================================

coord:(23.986656811708905, 9.38893370440675, 33.10333865640513)->(25.026656773561918, 11.052835687926466, 33.10333865640513)
state:field-0.0, action:W, timestep:201, reward:0.7664175473119705
==================================================

coord:(25.026656773561918, 11.052835687926466, 33.10333865640513)->(25.026656773561918, 12.842883997674194, 33.10333865640513)
state:air-5.0, action:Wait, timestep:202, reward:0.5403544190735907
==================================================

coord:(25.026656773561918, 12.842883997674194, 33.10333865640513)->(25.026656773561918, 11.678943527504803, 30.93667206921131)
state:field-0.0, action:A, timestep:203, reward:1.683536262382269
==================================================

coord:(25.026656773561918, 11.678943527504803, 30.93667206921131)->(25.026656773561918, 10.76803660460999, 30.93667206921131)
state:air-5.0, action:Wait, timestep:204, reward:-0.3213070999320138
==================================================

coord:(25.026656773561918, 10.76803660460999, 30.93667206921131)->(25.026656773561918, 10.76803660460999, 30.93667206921131)
state:field-0.0, action:Wait, timestep:205, reward:-8.712943184718824e-07
==================================================

coord:(25.026656773561918, 10.76803660460999, 30.93667206921131)->(25.026656773561918, 12.26937601343067, 33.016671992917374)
state:field-0.0, action:D, timestep:206, reward:-1.4415388364647121
==================================================

coord:(25.026656773561918, 12.26937601343067, 33.016671992917374)->(25.026656773561918, 12.842883997674194, 33.016671992917374)
state:air-5.0, action:Wait, timestep:207, reward:0.16169278322387015
==================================================

coord:(25.026656773561918, 12.842883997674194, 33.016671992917374)->(24.939990110074167, 12.842883997674194, 33.016671992917374)
state:field-0.0, action:S, timestep:208, reward:-0.013222621689646274
==================================================

coord:(24.939990110074167, 12.842883997674194, 33.016671992917374)->(24.939990110074167, 11.052835687926466, 33.016671992917374)
state:air-5.0, action:Wait, timestep:209, reward:-0.541746710785965
==================================================

coord:(24.939990110074167, 11.052835687926466, 33.016671992917374)->(25.026656773561918, 11.052835687926466, 33.016671992917374)
state:field-0.0, action:W, timestep:210, reward:0.012954624456444463
==================================================

coord:(25.026656773561918, 11.052835687926466, 33.016671992917374)->(25.026656773561918, 12.842883997674194, 33.016671992917374)
state:air-5.0, action:Wait, timestep:211, reward:0.5420123785607842
==================================================

coord:(25.026656773561918, 12.842883997674194, 33.016671992917374)->(24.96537418915572, 12.842883997674194, 32.95538940851118)
state:field-0.0, action:SA, timestep:212, reward:0.048894860393545514
==================================================

coord:(24.96537418915572, 12.842883997674194, 32.95538940851118)->(24.96537418915572, 10.559263565285978, 32.95538940851118)
state:air-5.0, action:Wait, timestep:213, reward:-0.7116925455494574
==================================================

coord:(24.96537418915572, 10.559263565285978, 32.95538940851118)->(23.984852838656575, 10.559263565285978, 31.97486805801209)
state:field-0.0, action:SA, timestep:214, reward:0.734548780221381
==================================================

coord:(23.984852838656575, 10.559263565285978, 31.97486805801209)->(23.984852838656575, 8.457996674488252, 31.97486805801209)
state:air-5.0, action:Wait, timestep:215, reward:-0.8267885521619114
==================================================

coord:(23.984852838656575, 8.457996674488252, 31.97486805801209)->(24.046135423062772, 8.457996674488252, 32.036150642418285)
state:field-0.0, action:WD, timestep:216, reward:-0.043016120578684536
==================================================

coord:(24.046135423062772, 8.457996674488252, 32.036150642418285)->(24.046135423062772, 10.559263565285978, 32.036150642418285)
state:air-5.0, action:Wait, timestep:217, reward:0.8254364914333401
==================================================

coord:(24.046135423062772, 10.559263565285978, 32.036150642418285)->(25.026656773561918, 10.559263565285978, 33.016671992917374)
state:field-0.0, action:WD, timestep:218, reward:-0.7377879447151869
==================================================

coord:(25.026656773561918, 10.559263565285978, 33.016671992917374)->(25.026656773561918, 12.842883997674194, 33.016671992917374)
state:air-5.0, action:Wait, timestep:219, reward:0.7104045599572686
==================================================

coord:(25.026656773561918, 12.842883997674194, 33.016671992917374)->(24.96537418915572, 12.842883997674194, 32.95538940851118)
state:field-0.0, action:SA, timestep:220, reward:0.048894860393545514
==================================================

coord:(24.96537418915572, 12.842883997674194, 32.95538940851118)->(24.96537418915572, 10.559263565285978, 32.95538940851118)
state:air-5.0, action:Wait, timestep:221, reward:-0.7116925455494574
==================================================

coord:(24.96537418915572, 10.559263565285978, 32.95538940851118)->(25.026656773561918, 10.559263565285978, 33.016671992917374)
state:field-0.0, action:WD, timestep:222, reward:-0.047608119886085376
==================================================

coord:(25.026656773561918, 10.559263565285978, 33.016671992917374)->(25.026656773561918, 12.842883997674194, 33.016671992917374)
state:air-5.0, action:Wait, timestep:223, reward:0.7104045599572686
==================================================

coord:(25.026656773561918, 12.842883997674194, 33.016671992917374)->(24.96537418915572, 12.842883997674194, 33.07795457732357)
state:field-0.0, action:SD, timestep:224, reward:-0.06755111667770919
==================================================

coord:(24.96537418915572, 12.842883997674194, 33.07795457732357)->(24.96537418915572, 11.052835687926466, 33.07795457732357)
state:air-5.0, action:Wait, timestep:225, reward:-0.5406533998825545
==================================================

coord:(24.96537418915572, 11.052835687926466, 33.07795457732357)->(25.026656773561918, 11.052835687926466, 33.016671992917374)
state:field-0.0, action:WA, timestep:226, reward:0.06619063214687415
==================================================

coord:(25.026656773561918, 11.052835687926466, 33.016671992917374)->(25.026656773561918, 12.842883997674194, 33.016671992917374)
state:air-5.0, action:Wait, timestep:227, reward:0.5420123785607842
==================================================

coord:(25.026656773561918, 12.842883997674194, 33.016671992917374)->(24.939990110074167, 12.842883997674194, 33.016671992917374)
state:field-0.0, action:S, timestep:228, reward:-0.013222621689646274
==================================================

coord:(24.939990110074167, 12.842883997674194, 33.016671992917374)->(24.939990110074167, 11.052835687926466, 33.016671992917374)
state:air-5.0, action:Wait, timestep:229, reward:-0.541746710785965
==================================================

coord:(24.939990110074167, 11.052835687926466, 33.016671992917374)->(26.043076629385705, 12.26937601343067, 31.91358547360589)
state:field-0.0, action:WA, timestep:230, reward:1.5714839894673247
==================================================

coord:(26.043076629385705, 12.26937601343067, 31.91358547360589)->(26.043076629385705, 13.268873328369823, 31.91358547360589)
state:air-5.0, action:Wait, timestep:231, reward:0.28723070655763294
==================================================

coord:(26.043076629385705, 13.268873328369823, 31.91358547360589)->(26.043076629385705, 13.268873328369823, 31.91358547360589)
state:field-0.0, action:Wait, timestep:232, reward:-7.387548670578781e-07
==================================================

coord:(26.043076629385705, 13.268873328369823, 31.91358547360589)->(24.91641000404494, 12.965236683977805, 31.91358547360589)
state:field-0.0, action:S, timestep:233, reward:-0.24090730584643438
==================================================

coord:(24.91641000404494, 12.965236683977805, 31.91358547360589)->(24.91641000404494, 9.956918478215421, 31.91358547360589)
state:air-5.0, action:Wait, timestep:234, reward:-0.9972833045020302
==================================================

coord:(24.91641000404494, 9.956918478215421, 31.91358547360589)->(23.997171237951992, 9.956918478215421, 30.994346707512943)
state:field-0.0, action:SA, timestep:235, reward:0.6706322172621526
==================================================

coord:(23.997171237951992, 9.956918478215421, 30.994346707512943)->(23.997171237951992, 7.872093357350055, 30.994346707512943)
state:air-5.0, action:Wait, timestep:236, reward:-0.8878812789288446
==================================================

coord:(23.997171237951992, 7.872093357350055, 30.994346707512943)->(25.037171199805005, 9.267181677720165, 30.994346707512943)
state:field-0.0, action:W, timestep:237, reward:0.7902470538848405
==================================================

coord:(25.037171199805005, 9.267181677720165, 30.994346707512943)->(25.037171199805005, 10.76803660460999, 30.994346707512943)
state:air-5.0, action:Wait, timestep:238, reward:0.5901180709090745
==================================================

coord:(25.037171199805005, 10.76803660460999, 30.994346707512943)->(23.997171237951992, 10.51500606761664, 30.994346707512943)
state:field-0.0, action:S, timestep:239, reward:-0.27861308426804854
==================================================

coord:(23.997171237951992, 10.51500606761664, 30.994346707512943)->(23.997171237951992, 7.872093357350055, 30.994346707512943)
state:air-5.0, action:Wait, timestep:240, reward:-1.101754188474743
==================================================

coord:(23.997171237951992, 7.872093357350055, 30.994346707512943)->(23.997171237951992, 7.872093357350055, 30.994346707512943)
state:field-0.0, action:Wait, timestep:241, reward:-9.536114617958447e-07
==================================================

coord:(23.997171237951992, 7.872093357350055, 30.994346707512943)->(23.997171237951992, 9.38893370440675, 34.027679929584316)
state:field-0.0, action:D, timestep:242, reward:-2.075656987640752
==================================================

coord:(23.997171237951992, 9.38893370440675, 34.027679929584316)->(23.997171237951992, 9.700357959691633, 34.027679929584316)
state:air-5.0, action:Wait, timestep:243, reward:0.1142786937570257
==================================================

coord:(23.997171237951992, 9.700357959691633, 34.027679929584316)->(25.037171199805005, 11.419450388942312, 34.027679929584316)
state:field-0.0, action:W, timestep:244, reward:0.7444203728046936
==================================================

coord:(25.037171199805005, 11.419450388942312, 34.027679929584316)->(25.037171199805005, 13.268873328369823, 34.027679929584316)
state:air-5.0, action:Wait, timestep:245, reward:0.516133873429574
==================================================

coord:(25.037171199805005, 13.268873328369823, 34.027679929584316)->(26.07717116165802, 13.268873328369823, 34.027679929584316)
state:field-0.0, action:W, timestep:246, reward:0.13208181085887816
==================================================

coord:(26.07717116165802, 13.268873328369823, 34.027679929584316)->(26.07717116165802, 15.217885033606958, 34.027679929584316)
state:air-5.0, action:Wait, timestep:247, reward:0.4181261131436962
==================================================

coord:(26.07717116165802, 15.217885033606958, 34.027679929584316)->(25.990504498170267, 15.217885033606958, 34.027679929584316)
state:field-0.0, action:S, timestep:248, reward:-0.00965457472774034
==================================================

coord:(25.990504498170267, 15.217885033606958, 34.027679929584316)->(25.990504498170267, 13.268873328369823, 34.027679929584316)
state:air-5.0, action:Wait, timestep:249, reward:-0.41797665331521117
==================================================

coord:(25.990504498170267, 13.268873328369823, 34.027679929584316)->(25.00998314767112, 12.842883997674194, 33.04715857908523)
state:field-0.0, action:SA, timestep:250, reward:0.6984419375610535
==================================================

coord:(25.00998314767112, 12.842883997674194, 33.04715857908523)->(24.92331648418337, 12.842883997674194, 33.04715857908523)
state:field-0.0, action:S, timestep:251, reward:-0.013261365384327206
==================================================

coord:(24.92331648418337, 12.842883997674194, 33.04715857908523)->(24.92331648418337, 11.052835687926466, 33.04715857908523)
state:air-5.0, action:Wait, timestep:252, reward:-0.5411105053685787
==================================================

coord:(24.92331648418337, 11.052835687926466, 33.04715857908523)->(24.92331648418337, 9.888895217757074, 30.96715865537916)
state:field-0.0, action:A, timestep:253, reward:1.4845296344065062
==================================================

coord:(24.92331648418337, 9.888895217757074, 30.96715865537916)->(24.92331648418337, 9.267181677720165, 30.96715865537916)
state:air-5.0, action:Wait, timestep:254, reward:-0.2535986667430272
==================================================

coord:(24.92331648418337, 9.267181677720165, 30.96715865537916)->(24.92331648418337, 9.267181677720165, 30.96715865537916)
state:field-0.0, action:Wait, timestep:255, reward:5.001270899640531e-07
==================================================

coord:(24.92331648418337, 9.267181677720165, 30.96715865537916)->(24.92331648418337, 9.267181677720165, 30.96715865537916)
state:field-0.0, action:Wait, timestep:256, reward:5.001270899640531e-07
==================================================

coord:(24.92331648418337, 9.267181677720165, 30.96715865537916)->(24.92331648418337, 9.267181677720165, 30.96715865537916)
state:death-0.0, action:WD, timestep:257, reward:-999999
==================================================

