coord:(10.0, 20.0, 30.0)->(10.0, 20.0, 30.0)
state:field-4, action:Wait, timestep:1, reward:-0.0
==================================================

coord:(10.0, 20.0, 30.0)->(15.999999999999979, 15.342277777777783, 30.0)
state:field-4.0, action:Ws, timestep:2, reward:2.3840858321327403
==================================================

coord:(15.999999999999979, 15.342277777777783, 30.0)->(15.999999999999979, 16.64227773009405, 31.000000000000014)
state:wall-14.0, action:W, timestep:3, reward:-1.3380604898714559
==================================================

coord:(15.999999999999979, 16.64227773009405, 31.000000000000014)->(15.999999999999979, 16.64227773009405, 31.000000000000014)
state:air-9.0, action:j, timestep:4, reward:-1.1084313555898007e-07
==================================================

coord:(15.999999999999979, 16.64227773009405, 31.000000000000014)->(15.999999999999979, 15.08227778731451, 33.07999992370608)
state:parachute-19.0, action:D, timestep:5, reward:0.632725430629911
==================================================

coord:(15.999999999999979, 15.08227778731451, 33.07999992370608)->(15.999999999999979, 6.939295051346868, 33.07999992370608)
state:air-9.0, action:Wait, timestep:6, reward:5.547220933675119
==================================================

coord:(15.999999999999979, 6.939295051346868, 33.07999992370608)->(15.999999999999979, 9.539294955979422, 34.02999992370603)
state:wall-14.0, action:Wj, timestep:7, reward:-1.9883193132944665
==================================================

coord:(15.999999999999979, 9.539294955979422, 34.02999992370603)->(15.999999999999979, 6.270496108390099, 34.02999992370603)
state:air-8.0, action:Wait, timestep:8, reward:1.7837582099847697
==================================================

coord:(15.999999999999979, 6.270496108390099, 34.02999992370603)->(15.999999999999979, 6.017465571396755, 32.98999996185297)
state:field-3.0, action:A, timestep:9, reward:0.7073025322191597
==================================================

coord:(15.999999999999979, 6.017465571396755, 32.98999996185297)->(15.999999999999979, 3.77885604261717, 32.98999996185297)
state:air-8.0, action:Wait, timestep:10, reward:0.8809892995262079
==================================================

coord:(15.999999999999979, 3.77885604261717, 32.98999996185297)->(14.958196065094667, 4.924133251465601, 34.031803896758255)
state:field-3.0, action:SD, timestep:11, reward:-0.3266452370829711
==================================================

coord:(14.958196065094667, 4.924133251465601, 34.031803896758255)->(14.958196065094667, 7.11684146246028, 34.031803896758255)
state:air-8.0, action:Wait, timestep:12, reward:-1.0276260686723742
==================================================

coord:(14.958196065094667, 7.11684146246028, 34.031803896758255)->(13.968246616191253, 7.11684146246028, 35.021753345661644)
state:field-3.0, action:SDs, timestep:13, reward:-0.07857587264823884
==================================================

coord:(13.968246616191253, 7.11684146246028, 35.021753345661644)->(13.968246616191253, 9.823134696327509, 35.021753345661644)
state:air-8.0, action:Wait, timestep:14, reward:-1.6093324828562707
==================================================

coord:(13.968246616191253, 9.823134696327509, 35.021753345661644)->(13.897535941269581, 9.823134696327509, 34.95104267073997)
state:field-3.0, action:SAs, timestep:15, reward:0.07499130534336373
==================================================

coord:(13.897535941269581, 9.823134696327509, 34.95104267073997)->(13.897535941269581, 7.893604027449937, 34.95104267073997)
state:air-8.0, action:Wait, timestep:16, reward:1.1887419893470348
==================================================

coord:(13.897535941269581, 7.893604027449937, 34.95104267073997)->(11.936493240271346, 8.00384004762376, 32.989999969741795)
state:field-3.0, action:SA, timestep:17, reward:2.06716843076906
==================================================

coord:(11.936493240271346, 8.00384004762376, 32.989999969741795)->(11.936493240271346, 5.461574248983202, 32.989999969741795)
state:air-8.0, action:Wait, timestep:18, reward:1.5653623161557615
==================================================

coord:(11.936493240271346, 5.461574248983202, 32.989999969741795)->(13.669826510026404, 4.757006903687358, 32.989999969741795)
state:field-3.0, action:W, timestep:19, reward:-0.6174641142358297
==================================================

coord:(13.669826510026404, 4.757006903687358, 32.989999969741795)->(13.669826510026404, 4.757006903687358, 32.989999969741795)
state:field-3.0, action:Wait, timestep:20, reward:-4.868407188496349e-08
==================================================

coord:(13.669826510026404, 4.757006903687358, 32.989999969741795)->(13.669826510026404, 6.198737291848565, 34.02999993159485)
state:field-3.0, action:D, timestep:21, reward:-1.371297591120106
==================================================

coord:(13.669826510026404, 6.198737291848565, 34.02999993159485)->(13.669826510026404, 7.893604027449937, 34.02999993159485)
state:air-8.0, action:Wait, timestep:22, reward:-0.946759738856473
==================================================

coord:(13.669826510026404, 7.893604027449937, 34.02999993159485)->(12.99571808155826, 8.555906673791062, 34.704108360062975)
state:field-3.0, action:SDj, timestep:23, reward:-0.5110327686977953
==================================================

coord:(12.99571808155826, 8.555906673791062, 34.704108360062975)->(12.689305159527287, 8.923951109316004, 35.01052128209394)
state:field-3.0, action:SDj, timestep:24, reward:-0.3011485667403022
==================================================

coord:(12.689305159527287, 8.923951109316004, 35.01052128209394)->(12.689305159527287, 10.64733212023158, 35.01052128209394)
state:air-8.0, action:Wait, timestep:25, reward:-1.164530311017316
==================================================

coord:(12.689305159527287, 10.64733212023158, 35.01052128209394)->(12.689305159527287, 10.64733212023158, 34.923854618606185)
state:field-3.0, action:A, timestep:26, reward:0.05167947054039246
==================================================

coord:(12.689305159527287, 10.64733212023158, 34.923854618606185)->(12.689305159527287, 8.555906673791062, 34.923854618606185)
state:air-8.0, action:Wait, timestep:27, reward:1.4032220033574294
==================================================

coord:(12.689305159527287, 8.555906673791062, 34.923854618606185)->(12.830726509370631, 8.555906673791062, 35.06527596844953)
state:field-3.0, action:WDs, timestep:28, reward:-0.15247106993785664
==================================================

coord:(12.830726509370631, 8.555906673791062, 35.06527596844953)->(12.830726509370631, 10.64733212023158, 35.06527596844953)
state:air-8.0, action:Wait, timestep:29, reward:-1.3891066988317675
==================================================

coord:(12.830726509370631, 10.64733212023158, 35.06527596844953)->(13.811247859869749, 11.94613774868768, 36.045797318948615)
state:field-3.0, action:WDj, timestep:30, reward:-1.8793602764074677
==================================================

coord:(13.811247859869749, 11.94613774868768, 36.045797318948615)->(13.881958534791421, 11.94613774868768, 35.975086644026945)
state:field-3.0, action:WAs, timestep:31, reward:0.013142588226127572
==================================================

coord:(13.881958534791421, 11.94613774868768, 35.975086644026945)->(13.881958534791421, 9.823134696327509, 35.975086644026945)
state:air-8.0, action:Wait, timestep:32, reward:1.4169447907371229
==================================================

coord:(13.881958534791421, 9.823134696327509, 35.975086644026945)->(13.881958534791421, 9.886834696772556, 36.075086644026946)
state:field-3.0, action:Dsj, timestep:33, reward:-0.10415705637653438
==================================================

coord:(13.881958534791421, 9.886834696772556, 36.075086644026946)->(13.881958534791421, 11.94613774868768, 36.075086644026946)
state:air-8.0, action:Wait, timestep:34, reward:-1.371599011312476
==================================================

coord:(13.881958534791421, 11.94613774868768, 36.075086644026946)->(15.008625160132208, 12.663824409713365, 36.075086644026946)
state:field-3.0, action:Wj, timestep:35, reward:-0.9802839903550229
==================================================

coord:(15.008625160132208, 12.663824409713365, 36.075086644026946)->(15.008625160132208, 9.489734980744604, 36.075086644026946)
state:air-8.0, action:Wait, timestep:36, reward:2.0653269796405844
==================================================

coord:(15.008625160132208, 9.489734980744604, 36.075086644026946)->(14.921958496644455, 10.770589473511771, 36.075086644026946)
state:field-3.0, action:Sj, timestep:37, reward:-0.7506394415342896
==================================================

coord:(14.921958496644455, 10.770589473511771, 36.075086644026946)->(14.921958496644455, 10.770589473511771, 37.07508664402696)
state:field-3.0, action:Ds, timestep:38, reward:-0.6201902214097892
==================================================

coord:(14.921958496644455, 10.770589473511771, 37.07508664402696)->(14.921958496644455, 12.80028231991373, 37.07508664402696)
state:air-8.0, action:Wait, timestep:39, reward:-1.3270905835801727
==================================================

coord:(14.921958496644455, 12.80028231991373, 37.07508664402696)->(13.921958496644459, 14.19735996732991, 37.07508664402696)
state:field-3.0, action:Ssj, timestep:40, reward:-0.6022704250512412
==================================================

coord:(13.921958496644459, 14.19735996732991, 37.07508664402696)->(12.932009047741046, 14.19735996732991, 38.06503609293035)
state:field-3.0, action:SDs, timestep:41, reward:-0.2621469589399439
==================================================

coord:(12.932009047741046, 14.19735996732991, 38.06503609293035)->(12.932009047741046, 17.87232395652416, 38.06503609293035)
state:air-8.0, action:Wait, timestep:42, reward:-2.8115889111595287
==================================================

coord:(12.932009047741046, 17.87232395652416, 38.06503609293035)->(12.932009047741046, 17.87232395652416, 37.96503609293035)
state:field-3.0, action:As, timestep:43, reward:0.05378759732503724
==================================================

coord:(12.932009047741046, 17.87232395652416, 37.96503609293035)->(12.932009047741046, 15.38857111051894, 37.96503609293035)
state:air-8.0, action:Wait, timestep:44, reward:1.9353281999124832
==================================================

coord:(12.932009047741046, 15.38857111051894, 37.96503609293035)->(12.932009047741046, 15.47138110806005, 38.0517027564181)
state:field-3.0, action:Dj, timestep:45, reward:-0.11347136155485416
==================================================

coord:(12.932009047741046, 15.47138110806005, 38.0517027564181)->(12.932009047741046, 17.87232395652416, 38.0517027564181)
state:air-8.0, action:Wait, timestep:46, reward:-1.8684532697212042
==================================================

coord:(12.932009047741046, 17.87232395652416, 38.0517027564181)->(12.99329163214724, 17.955133954065268, 37.99042017201191)
state:field-3.0, action:WAj, timestep:47, reward:-0.0496887648825286
==================================================

coord:(12.99329163214724, 17.955133954065268, 37.99042017201191)->(12.99329163214724, 15.38857111051894, 37.99042017201191)
state:air-8.0, action:Wait, timestep:48, reward:1.9987856933749377
==================================================

coord:(12.99329163214724, 15.38857111051894, 37.99042017201191)->(12.99329163214724, 15.38857111051894, 37.99042017201191)
state:field-3.0, action:j, timestep:49, reward:6.744540392844556e-07
==================================================

coord:(12.99329163214724, 15.38857111051894, 37.99042017201191)->(10.942682059418742, 16.13064890120311, 35.93981059928346)
state:field-3.0, action:SAsj, timestep:50, reward:1.055181203280327
==================================================

coord:(10.942682059418742, 16.13064890120311, 35.93981059928346)->(10.942682059418742, 11.674281866258406, 35.93981059928346)
state:air-7.0, action:Wait, timestep:51, reward:3.5216913557716687
==================================================

coord:(10.942682059418742, 11.674281866258406, 35.93981059928346)->(11.013392734340414, 11.737981866703453, 36.01052127420513)
state:field-2.0, action:WDsj, timestep:52, reward:-0.10904746935780274
==================================================

coord:(11.013392734340414, 11.737981866703453, 36.01052127420513)->(11.013392734340414, 13.71549792212091, 36.01052127420513)
state:air-7.0, action:Wait, timestep:53, reward:-1.5075465678925752
==================================================

coord:(11.013392734340414, 13.71549792212091, 36.01052127420513)->(11.084103409262086, 13.71549792212091, 35.93981059928346)
state:field-2.0, action:WAs, timestep:54, reward:0.024035072724295503
==================================================

coord:(11.084103409262086, 13.71549792212091, 35.93981059928346)->(11.084103409262086, 11.278053740088016, 35.93981059928346)
state:air-7.0, action:Wait, timestep:55, reward:1.845962624915824
==================================================

coord:(11.084103409262086, 11.278053740088016, 35.93981059928346)->(11.084103409262086, 11.278053740088016, 34.98647730091816)
state:field-2.0, action:A, timestep:56, reward:0.5903041761016201
==================================================

coord:(11.084103409262086, 11.278053740088016, 34.98647730091816)->(11.084103409262086, 9.062737423099616, 34.98647730091816)
state:air-7.0, action:Wait, timestep:57, reward:1.587331641390378
==================================================

coord:(11.084103409262086, 9.062737423099616, 34.98647730091816)->(11.084103409262086, 9.062737423099616, 33.946477339065105)
state:field-2.0, action:A, timestep:58, reward:0.6740333044547366
==================================================

coord:(11.084103409262086, 9.062737423099616, 33.946477339065105)->(11.084103409262086, 7.11684146246028, 33.946477339065105)
state:air-7.0, action:Wait, timestep:59, reward:1.3037335820142175
==================================================

coord:(11.084103409262086, 7.11684146246028, 33.946477339065105)->(15.084103409262072, 7.541508146928869, 33.946477339065105)
state:field-2.0, action:Wsj, timestep:60, reward:-2.1925947791833256
==================================================

coord:(15.084103409262072, 7.541508146928869, 33.946477339065105)->(15.084103409262072, 4.924133251465601, 33.946477339065105)
state:air-7.0, action:Wait, timestep:61, reward:1.2561380798468331
==================================================

coord:(15.084103409262072, 4.924133251465601, 33.946477339065105)->(15.084103409262072, 6.270496108390099, 35.04647733906512)
state:field-2.0, action:Ds, timestep:62, reward:-1.2978300511079155
==================================================

coord:(15.084103409262072, 6.270496108390099, 35.04647733906512)->(15.084103409262072, 7.80327055566939, 35.04647733906512)
state:air-7.0, action:Wait, timestep:63, reward:-0.7681773831669787
==================================================

coord:(15.084103409262072, 7.80327055566939, 35.04647733906512)->(15.084103409262072, 8.354248338342696, 33.946477339065105)
state:field-2.0, action:Asj, timestep:64, reward:0.34342112623592236
==================================================

coord:(15.084103409262072, 8.354248338342696, 33.946477339065105)->(15.084103409262072, 4.924133251465601, 33.946477339065105)
state:air-7.0, action:Wait, timestep:65, reward:1.7225859100470284
==================================================

coord:(15.084103409262072, 4.924133251465601, 33.946477339065105)->(17.045146110260337, 4.298457741809332, 31.985434638066923)
state:field-2.0, action:WA, timestep:66, reward:-0.09915686689660497
==================================================

coord:(17.045146110260337, 4.298457741809332, 31.985434638066923)->(17.045146110260337, 2.053197596183779, 31.985434638066923)
state:air-7.0, action:Wait, timestep:67, reward:0.5861472942227017
==================================================

coord:(17.045146110260337, 2.053197596183779, 31.985434638066923)->(14.287429788315139, 1.6883144133931263, 29.22771831612177)
state:field-2.0, action:SAs, timestep:68, reward:3.724970516558045
==================================================

coord:(14.287429788315139, 1.6883144133931263, 29.22771831612177)->(12.448952240351657, 2.8339589482040806, 31.066195864085206)
state:field-2.0, action:SDs, timestep:69, reward:0.18539272172830312
==================================================

coord:(12.448952240351657, 2.8339589482040806, 31.066195864085206)->(12.448952240351657, 3.866853253564085, 31.066195864085206)
state:air-6.0, action:Wait, timestep:70, reward:-0.42339962945463583
==================================================

coord:(12.448952240351657, 3.866853253564085, 31.066195864085206)->(13.429473590850774, 4.757006903687358, 32.04671721458435)
state:field-1.0, action:WDj, timestep:71, reward:-1.6413625168336186
==================================================

coord:(13.429473590850774, 4.757006903687358, 32.04671721458435)->(13.429473590850774, 4.757006903687358, 32.04671721458435)
state:field-1.0, action:Wait, timestep:72, reward:-3.2658703652543863e-07
==================================================

coord:(13.429473590850774, 4.757006903687358, 32.04671721458435)->(14.419423039754188, 5.588756469176262, 33.036666663487736)
state:field-1.0, action:WDs, timestep:73, reward:-1.6267183816583763
==================================================

coord:(14.419423039754188, 5.588756469176262, 33.036666663487736)->(14.419423039754188, 7.11684146246028, 35.036666663487765)
state:field-1.0, action:Ds, timestep:74, reward:-2.03471542418875
==================================================

coord:(14.419423039754188, 7.11684146246028, 35.036666663487765)->(14.419423039754188, 8.856498508798449, 35.036666663487765)
state:air-6.0, action:Wait, timestep:75, reward:-0.979980982971302
==================================================

coord:(14.419423039754188, 8.856498508798449, 35.036666663487765)->(14.348712364832515, 8.856498508798449, 34.965955988566094)
state:field-1.0, action:SAs, timestep:76, reward:0.07920464223685464
==================================================

coord:(14.348712364832515, 8.856498508798449, 34.965955988566094)->(14.348712364832515, 7.11684146246028, 34.965955988566094)
state:air-6.0, action:Wait, timestep:77, reward:0.9856860951420003
==================================================

coord:(14.348712364832515, 7.11684146246028, 34.965955988566094)->(14.348712364832515, 6.994341462460279, 32.965955988566066)
state:field-1.0, action:As, timestep:78, reward:1.2965322816550398
==================================================

coord:(14.348712364832515, 6.994341462460279, 32.965955988566066)->(14.348712364832515, 4.2888981828379045, 32.965955988566066)
state:air-6.0, action:Wait, timestep:79, reward:1.3099697664213856
==================================================

coord:(14.348712364832515, 4.2888981828379045, 32.965955988566066)->(11.378864018122275, 3.7280069036873584, 29.9961076418559)
state:field-1.0, action:SAs, timestep:80, reward:3.99353477662817
==================================================

coord:(11.378864018122275, 3.7280069036873584, 29.9961076418559)->(11.378864018122275, 2.149935515203526, 29.9961076418559)
state:air-5.0, action:Wait, timestep:81, reward:0.6969608969347565
==================================================

coord:(11.378864018122275, 2.149935515203526, 29.9961076418559)->(11.378864018122275, 2.000213315233706, 24.99610764185583)
state:field-0.0, action:Asj, timestep:82, reward:1.3883612046950011
==================================================

coord:(11.378864018122275, 2.000213315233706, 24.99610764185583)->(11.378864018122275, 0.286852002051616, 24.99610764185583)
state:air-5.0, action:Wait, timestep:83, reward:0.41601750073443355
==================================================

coord:(11.378864018122275, 0.286852002051616, 24.99610764185583)->(12.41886397997531, 0.2708098937621368, 24.99610764185583)
state:field-0.0, action:W, timestep:84, reward:-1.01610458667672
==================================================

coord:(12.41886397997531, 0.2708098937621368, 24.99610764185583)->(8.600487534205001, 1.5576239855426923, 28.81448408762604)
state:field-0.0, action:SDs, timestep:85, reward:1.9247993549983966
==================================================

coord:(8.600487534205001, 1.5576239855426923, 28.81448408762604)->(8.600487534205001, 1.5576239855426923, 28.81448408762604)
state:field-0.0, action:Wait, timestep:86, reward:-8.729286316011553e-08
==================================================

coord:(8.600487534205001, 1.5576239855426923, 28.81448408762604)->(10.684095404015626, 0.7121196179052162, 26.730876217815357)
state:field-0.0, action:WA, timestep:87, reward:-0.22988717121839697
==================================================

coord:(10.684095404015626, 0.7121196179052162, 26.730876217815357)->(9.274595962673144, 0.4705445728298447, 25.321376776472835)
state:field-0.0, action:SA, timestep:88, reward:1.4029458238643477
==================================================

coord:(9.274595962673144, 0.4705445728298447, 25.321376776472835)->(8.667929318258874, 0.4651597163380061, 25.321376776472835)
state:field-0.0, action:S, timestep:89, reward:0.5600518501167746
==================================================

coord:(8.667929318258874, 0.4651597163380061, 25.321376776472835)->(9.587168084351797, 0.3003672456875418, 24.402138010379886)
state:field-0.0, action:WA, timestep:90, reward:-1.195811878327802
==================================================

coord:(9.587168084351797, 0.3003672456875418, 24.402138010379886)->(7.932538305384535, 0.6879500950990832, 26.056767789347195)
state:field-0.0, action:SD, timestep:91, reward:1.8953948532696945
==================================================

coord:(7.932538305384535, 0.6879500950990832, 26.056767789347195)->(7.197147292510186, 0.44937207604577917, 25.321376776472835)
state:field-0.0, action:SA, timestep:92, reward:0.3227710341027258
==================================================

