coord:(10.0, 20.0, 30.0)->(10.0, 20.0, 30.0)
state:field-4, action:Wait, timestep:1, reward:-0.0
==================================================

coord:(10.0, 20.0, 30.0)->(15.999999999999979, 15.342277777777783, 30.0)
state:field-4.0, action:Ws, timestep:2, reward:2.3840858321327403
==================================================

coord:(15.999999999999979, 15.342277777777783, 30.0)->(15.999999999999979, 16.64227773009405, 31.000000000000014)
state:wall-14.0, action:W, timestep:3, reward:-1.3380604898714559
==================================================

coord:(15.999999999999979, 16.64227773009405, 31.000000000000014)->(15.999999999999979, 16.64227773009405, 31.000000000000014)
state:air-9.0, action:j, timestep:4, reward:-1.1084313555898007e-07
==================================================

coord:(15.999999999999979, 16.64227773009405, 31.000000000000014)->(15.999999999999979, 15.08227778731451, 33.07999992370608)
state:parachute-19.0, action:D, timestep:5, reward:0.632725430629911
==================================================

coord:(15.999999999999979, 15.08227778731451, 33.07999992370608)->(15.999999999999979, 6.939295051346868, 33.07999992370608)
state:air-9.0, action:Wait, timestep:6, reward:5.547220933675119
==================================================

coord:(15.999999999999979, 6.939295051346868, 33.07999992370608)->(15.999999999999979, 9.539294955979422, 34.02999992370603)
state:wall-14.0, action:Wj, timestep:7, reward:-1.9883193132944665
==================================================

coord:(15.999999999999979, 9.539294955979422, 34.02999992370603)->(15.999999999999979, 6.270496108390099, 34.02999992370603)
state:air-8.0, action:Wait, timestep:8, reward:1.7837582099847697
==================================================

coord:(15.999999999999979, 6.270496108390099, 34.02999992370603)->(15.999999999999979, 6.017465571396755, 32.98999996185297)
state:field-3.0, action:A, timestep:9, reward:0.7073025322191597
==================================================

coord:(15.999999999999979, 6.017465571396755, 32.98999996185297)->(15.999999999999979, 3.77885604261717, 32.98999996185297)
state:air-8.0, action:Wait, timestep:10, reward:0.8809892995262079
==================================================

coord:(15.999999999999979, 3.77885604261717, 32.98999996185297)->(14.958196065094667, 4.924133251465601, 34.031803896758255)
state:field-3.0, action:SD, timestep:11, reward:-0.3266452370829711
==================================================

coord:(14.958196065094667, 4.924133251465601, 34.031803896758255)->(14.958196065094667, 7.11684146246028, 34.031803896758255)
state:air-8.0, action:Wait, timestep:12, reward:-1.0276260686723742
==================================================

coord:(14.958196065094667, 7.11684146246028, 34.031803896758255)->(13.968246616191253, 7.11684146246028, 35.021753345661644)
state:field-3.0, action:SDs, timestep:13, reward:-0.07857587264823884
==================================================

coord:(13.968246616191253, 7.11684146246028, 35.021753345661644)->(13.968246616191253, 9.823134696327509, 35.021753345661644)
state:air-8.0, action:Wait, timestep:14, reward:-1.6093324828562707
==================================================

coord:(13.968246616191253, 9.823134696327509, 35.021753345661644)->(13.897535941269581, 9.823134696327509, 34.95104267073997)
state:field-3.0, action:SAs, timestep:15, reward:0.07499130534336373
==================================================

coord:(13.897535941269581, 9.823134696327509, 34.95104267073997)->(13.897535941269581, 7.893604027449937, 34.95104267073997)
state:air-8.0, action:Wait, timestep:16, reward:1.1887419893470348
==================================================

coord:(13.897535941269581, 7.893604027449937, 34.95104267073997)->(11.936493240271346, 8.00384004762376, 32.989999969741795)
state:field-3.0, action:SA, timestep:17, reward:2.06716843076906
==================================================

coord:(11.936493240271346, 8.00384004762376, 32.989999969741795)->(11.936493240271346, 5.461574248983202, 32.989999969741795)
state:air-8.0, action:Wait, timestep:18, reward:1.5653623161557615
==================================================

coord:(11.936493240271346, 5.461574248983202, 32.989999969741795)->(13.669826510026404, 4.757006903687358, 32.989999969741795)
state:field-3.0, action:W, timestep:19, reward:-0.6174641142358297
==================================================

coord:(13.669826510026404, 4.757006903687358, 32.989999969741795)->(13.669826510026404, 4.757006903687358, 32.989999969741795)
state:field-3.0, action:Wait, timestep:20, reward:-4.868407188496349e-08
==================================================

coord:(13.669826510026404, 4.757006903687358, 32.989999969741795)->(13.669826510026404, 6.198737291848565, 34.02999993159485)
state:field-3.0, action:D, timestep:21, reward:-1.371297591120106
==================================================

coord:(13.669826510026404, 6.198737291848565, 34.02999993159485)->(13.669826510026404, 7.893604027449937, 34.02999993159485)
state:air-8.0, action:Wait, timestep:22, reward:-0.946759738856473
==================================================

coord:(13.669826510026404, 7.893604027449937, 34.02999993159485)->(12.99571808155826, 8.555906673791062, 34.704108360062975)
state:field-3.0, action:SDj, timestep:23, reward:-0.5110327686977953
==================================================

coord:(12.99571808155826, 8.555906673791062, 34.704108360062975)->(12.689305159527287, 8.923951109316004, 35.01052128209394)
state:field-3.0, action:SDj, timestep:24, reward:-0.3011485667403022
==================================================

coord:(12.689305159527287, 8.923951109316004, 35.01052128209394)->(12.689305159527287, 10.64733212023158, 35.01052128209394)
state:air-8.0, action:Wait, timestep:25, reward:-1.164530311017316
==================================================

coord:(12.689305159527287, 10.64733212023158, 35.01052128209394)->(12.689305159527287, 10.64733212023158, 34.923854618606185)
state:field-3.0, action:A, timestep:26, reward:0.05167947054039246
==================================================

coord:(12.689305159527287, 10.64733212023158, 34.923854618606185)->(12.689305159527287, 8.555906673791062, 34.923854618606185)
state:air-8.0, action:Wait, timestep:27, reward:1.4032220033574294
==================================================

coord:(12.689305159527287, 8.555906673791062, 34.923854618606185)->(12.830726509370631, 8.555906673791062, 35.06527596844953)
state:field-3.0, action:WDs, timestep:28, reward:-0.15247106993785664
==================================================

coord:(12.830726509370631, 8.555906673791062, 35.06527596844953)->(12.830726509370631, 10.64733212023158, 35.06527596844953)
state:air-8.0, action:Wait, timestep:29, reward:-1.3891066988317675
==================================================

coord:(12.830726509370631, 10.64733212023158, 35.06527596844953)->(13.811247859869749, 11.94613774868768, 36.045797318948615)
state:field-3.0, action:WDj, timestep:30, reward:-1.8793602764074677
==================================================

coord:(13.811247859869749, 11.94613774868768, 36.045797318948615)->(13.881958534791421, 11.94613774868768, 35.975086644026945)
state:field-3.0, action:WAs, timestep:31, reward:0.013142588226127572
==================================================

coord:(13.881958534791421, 11.94613774868768, 35.975086644026945)->(13.881958534791421, 9.823134696327509, 35.975086644026945)
state:air-8.0, action:Wait, timestep:32, reward:1.4169447907371229
==================================================

coord:(13.881958534791421, 9.823134696327509, 35.975086644026945)->(13.881958534791421, 9.886834696772556, 36.075086644026946)
state:field-3.0, action:Dsj, timestep:33, reward:-0.10415705637653438
==================================================

coord:(13.881958534791421, 9.886834696772556, 36.075086644026946)->(13.881958534791421, 11.94613774868768, 36.075086644026946)
state:air-8.0, action:Wait, timestep:34, reward:-1.371599011312476
==================================================

coord:(13.881958534791421, 11.94613774868768, 36.075086644026946)->(15.008625160132208, 12.663824409713365, 36.075086644026946)
state:field-3.0, action:Wj, timestep:35, reward:-0.9802839903550229
==================================================

coord:(15.008625160132208, 12.663824409713365, 36.075086644026946)->(15.008625160132208, 9.489734980744604, 36.075086644026946)
state:air-8.0, action:Wait, timestep:36, reward:2.0653269796405844
==================================================

coord:(15.008625160132208, 9.489734980744604, 36.075086644026946)->(14.921958496644455, 10.770589473511771, 36.075086644026946)
state:field-3.0, action:Sj, timestep:37, reward:-0.7506394415342896
==================================================

coord:(14.921958496644455, 10.770589473511771, 36.075086644026946)->(14.921958496644455, 10.770589473511771, 37.07508664402696)
state:field-3.0, action:Ds, timestep:38, reward:-0.6201902214097892
==================================================

coord:(14.921958496644455, 10.770589473511771, 37.07508664402696)->(14.921958496644455, 12.80028231991373, 37.07508664402696)
state:air-8.0, action:Wait, timestep:39, reward:-1.3270905835801727
==================================================

coord:(14.921958496644455, 12.80028231991373, 37.07508664402696)->(13.921958496644459, 14.19735996732991, 37.07508664402696)
state:field-3.0, action:Ssj, timestep:40, reward:-0.6022704250512412
==================================================

coord:(13.921958496644459, 14.19735996732991, 37.07508664402696)->(12.932009047741046, 14.19735996732991, 38.06503609293035)
state:field-3.0, action:SDs, timestep:41, reward:-0.2621469589399439
==================================================

coord:(12.932009047741046, 14.19735996732991, 38.06503609293035)->(12.932009047741046, 17.87232395652416, 38.06503609293035)
state:air-8.0, action:Wait, timestep:42, reward:-2.8115889111595287
==================================================

coord:(12.932009047741046, 17.87232395652416, 38.06503609293035)->(12.932009047741046, 17.87232395652416, 37.96503609293035)
state:field-3.0, action:As, timestep:43, reward:0.05378759732503724
==================================================

coord:(12.932009047741046, 17.87232395652416, 37.96503609293035)->(12.932009047741046, 15.38857111051894, 37.96503609293035)
state:air-8.0, action:Wait, timestep:44, reward:1.9353281999124832
==================================================

coord:(12.932009047741046, 15.38857111051894, 37.96503609293035)->(12.932009047741046, 15.47138110806005, 38.0517027564181)
state:field-3.0, action:Dj, timestep:45, reward:-0.11347136155485416
==================================================

coord:(12.932009047741046, 15.47138110806005, 38.0517027564181)->(12.932009047741046, 17.87232395652416, 38.0517027564181)
state:air-8.0, action:Wait, timestep:46, reward:-1.8684532697212042
==================================================

coord:(12.932009047741046, 17.87232395652416, 38.0517027564181)->(12.99329163214724, 17.955133954065268, 37.99042017201191)
state:field-3.0, action:WAj, timestep:47, reward:-0.0496887648825286
==================================================

coord:(12.99329163214724, 17.955133954065268, 37.99042017201191)->(12.99329163214724, 15.38857111051894, 37.99042017201191)
state:air-8.0, action:Wait, timestep:48, reward:1.9987856933749377
==================================================

coord:(12.99329163214724, 15.38857111051894, 37.99042017201191)->(12.99329163214724, 15.38857111051894, 37.99042017201191)
state:field-3.0, action:j, timestep:49, reward:6.744540392844556e-07
==================================================

coord:(12.99329163214724, 15.38857111051894, 37.99042017201191)->(10.942682059418742, 16.13064890120311, 35.93981059928346)
state:field-3.0, action:SAsj, timestep:50, reward:1.055181203280327
==================================================

coord:(10.942682059418742, 16.13064890120311, 35.93981059928346)->(10.942682059418742, 11.674281866258406, 35.93981059928346)
state:air-7.0, action:Wait, timestep:51, reward:3.5216913557716687
==================================================

coord:(10.942682059418742, 11.674281866258406, 35.93981059928346)->(11.013392734340414, 11.737981866703453, 36.01052127420513)
state:field-2.0, action:WDsj, timestep:52, reward:-0.10904746935780274
==================================================

coord:(11.013392734340414, 11.737981866703453, 36.01052127420513)->(11.013392734340414, 13.71549792212091, 36.01052127420513)
state:air-7.0, action:Wait, timestep:53, reward:-1.5075465678925752
==================================================

coord:(11.013392734340414, 13.71549792212091, 36.01052127420513)->(11.084103409262086, 13.71549792212091, 35.93981059928346)
state:field-2.0, action:WAs, timestep:54, reward:0.024035072724295503
==================================================

coord:(11.084103409262086, 13.71549792212091, 35.93981059928346)->(11.084103409262086, 11.278053740088016, 35.93981059928346)
state:air-7.0, action:Wait, timestep:55, reward:1.845962624915824
==================================================

coord:(11.084103409262086, 11.278053740088016, 35.93981059928346)->(11.084103409262086, 11.278053740088016, 34.98647730091816)
state:field-2.0, action:A, timestep:56, reward:0.5903041761016201
==================================================

coord:(11.084103409262086, 11.278053740088016, 34.98647730091816)->(11.084103409262086, 9.062737423099616, 34.98647730091816)
state:air-7.0, action:Wait, timestep:57, reward:1.587331641390378
==================================================

coord:(11.084103409262086, 9.062737423099616, 34.98647730091816)->(11.084103409262086, 9.062737423099616, 33.946477339065105)
state:field-2.0, action:A, timestep:58, reward:0.6740333044547366
==================================================

coord:(11.084103409262086, 9.062737423099616, 33.946477339065105)->(11.084103409262086, 7.11684146246028, 33.946477339065105)
state:air-7.0, action:Wait, timestep:59, reward:1.3037335820142175
==================================================

coord:(11.084103409262086, 7.11684146246028, 33.946477339065105)->(15.084103409262072, 7.541508146928869, 33.946477339065105)
state:field-2.0, action:Wsj, timestep:60, reward:-2.1925947791833256
==================================================

coord:(15.084103409262072, 7.541508146928869, 33.946477339065105)->(15.084103409262072, 4.924133251465601, 33.946477339065105)
state:air-7.0, action:Wait, timestep:61, reward:1.2561380798468331
==================================================

coord:(15.084103409262072, 4.924133251465601, 33.946477339065105)->(15.084103409262072, 6.270496108390099, 35.04647733906512)
state:field-2.0, action:Ds, timestep:62, reward:-1.2978300511079155
==================================================

coord:(15.084103409262072, 6.270496108390099, 35.04647733906512)->(15.084103409262072, 7.80327055566939, 35.04647733906512)
state:air-7.0, action:Wait, timestep:63, reward:-0.7681773831669787
==================================================

coord:(15.084103409262072, 7.80327055566939, 35.04647733906512)->(15.084103409262072, 8.354248338342696, 33.946477339065105)
state:field-2.0, action:Asj, timestep:64, reward:0.34342112623592236
==================================================

coord:(15.084103409262072, 8.354248338342696, 33.946477339065105)->(15.084103409262072, 4.924133251465601, 33.946477339065105)
state:air-7.0, action:Wait, timestep:65, reward:1.7225859100470284
==================================================

coord:(15.084103409262072, 4.924133251465601, 33.946477339065105)->(17.045146110260337, 4.298457741809332, 31.985434638066923)
state:field-2.0, action:WA, timestep:66, reward:-0.09915686689660497
==================================================

coord:(17.045146110260337, 4.298457741809332, 31.985434638066923)->(17.045146110260337, 2.053197596183779, 31.985434638066923)
state:air-7.0, action:Wait, timestep:67, reward:0.5861472942227017
==================================================

coord:(17.045146110260337, 2.053197596183779, 31.985434638066923)->(14.287429788315139, 1.6883144133931263, 29.22771831612177)
state:field-2.0, action:SAs, timestep:68, reward:3.724970516558045
==================================================

coord:(14.287429788315139, 1.6883144133931263, 29.22771831612177)->(12.448952240351657, 2.8339589482040806, 31.066195864085206)
state:field-2.0, action:SDs, timestep:69, reward:0.18539272172830312
==================================================

coord:(12.448952240351657, 2.8339589482040806, 31.066195864085206)->(12.448952240351657, 3.866853253564085, 31.066195864085206)
state:air-6.0, action:Wait, timestep:70, reward:-0.42339962945463583
==================================================

coord:(12.448952240351657, 3.866853253564085, 31.066195864085206)->(13.429473590850774, 4.757006903687358, 32.04671721458435)
state:field-1.0, action:WDj, timestep:71, reward:-1.6413625168336186
==================================================

coord:(13.429473590850774, 4.757006903687358, 32.04671721458435)->(13.429473590850774, 4.757006903687358, 32.04671721458435)
state:field-1.0, action:Wait, timestep:72, reward:-3.2658703652543863e-07
==================================================

coord:(13.429473590850774, 4.757006903687358, 32.04671721458435)->(14.419423039754188, 5.588756469176262, 33.036666663487736)
state:field-1.0, action:WDs, timestep:73, reward:-1.6267183816583763
==================================================

coord:(14.419423039754188, 5.588756469176262, 33.036666663487736)->(14.419423039754188, 7.11684146246028, 35.036666663487765)
state:field-1.0, action:Ds, timestep:74, reward:-2.03471542418875
==================================================

coord:(14.419423039754188, 7.11684146246028, 35.036666663487765)->(14.419423039754188, 8.856498508798449, 35.036666663487765)
state:air-6.0, action:Wait, timestep:75, reward:-0.979980982971302
==================================================

coord:(14.419423039754188, 8.856498508798449, 35.036666663487765)->(14.348712364832515, 8.856498508798449, 34.965955988566094)
state:field-1.0, action:SAs, timestep:76, reward:0.07920464223685464
==================================================

coord:(14.348712364832515, 8.856498508798449, 34.965955988566094)->(14.348712364832515, 7.11684146246028, 34.965955988566094)
state:air-6.0, action:Wait, timestep:77, reward:0.9856860951420003
==================================================

coord:(14.348712364832515, 7.11684146246028, 34.965955988566094)->(14.348712364832515, 6.994341462460279, 32.965955988566066)
state:field-1.0, action:As, timestep:78, reward:1.2965322816550398
==================================================

coord:(14.348712364832515, 6.994341462460279, 32.965955988566066)->(14.348712364832515, 4.2888981828379045, 32.965955988566066)
state:air-6.0, action:Wait, timestep:79, reward:1.3099697664213856
==================================================

coord:(14.348712364832515, 4.2888981828379045, 32.965955988566066)->(11.378864018122275, 3.7280069036873584, 29.9961076418559)
state:field-1.0, action:SAs, timestep:80, reward:3.99353477662817
==================================================

coord:(11.378864018122275, 3.7280069036873584, 29.9961076418559)->(11.378864018122275, 2.149935515203526, 29.9961076418559)
state:air-5.0, action:Wait, timestep:81, reward:0.6969608969347565
==================================================

coord:(11.378864018122275, 2.149935515203526, 29.9961076418559)->(11.378864018122275, 2.000213315233706, 24.99610764185583)
state:field-0.0, action:Asj, timestep:82, reward:1.3883612046950011
==================================================

coord:(11.378864018122275, 2.000213315233706, 24.99610764185583)->(11.378864018122275, 0.286852002051616, 24.99610764185583)
state:air-5.0, action:Wait, timestep:83, reward:0.41601750073443355
==================================================

coord:(11.378864018122275, 0.286852002051616, 24.99610764185583)->(12.41886397997531, 0.2708098937621368, 24.99610764185583)
state:field-0.0, action:W, timestep:84, reward:-1.01610458667672
==================================================

coord:(12.41886397997531, 0.2708098937621368, 24.99610764185583)->(8.600487534205001, 1.5576239855426923, 28.81448408762604)
state:field-0.0, action:SDs, timestep:85, reward:1.9247993549983966
==================================================

coord:(8.600487534205001, 1.5576239855426923, 28.81448408762604)->(8.600487534205001, 1.5576239855426923, 28.81448408762604)
state:field-0.0, action:Wait, timestep:86, reward:-8.729286316011553e-08
==================================================

coord:(8.600487534205001, 1.5576239855426923, 28.81448408762604)->(10.684095404015626, 0.7121196179052162, 26.730876217815357)
state:field-0.0, action:WA, timestep:87, reward:-0.22988717121839697
==================================================

coord:(10.684095404015626, 0.7121196179052162, 26.730876217815357)->(9.274595962673144, 0.4705445728298447, 25.321376776472835)
state:field-0.0, action:SA, timestep:88, reward:1.4029458238643477
==================================================

coord:(9.274595962673144, 0.4705445728298447, 25.321376776472835)->(8.667929318258874, 0.4651597163380061, 25.321376776472835)
state:field-0.0, action:S, timestep:89, reward:0.5600518501167746
==================================================

coord:(8.667929318258874, 0.4651597163380061, 25.321376776472835)->(9.587168084351797, 0.3003672456875418, 24.402138010379886)
state:field-0.0, action:WA, timestep:90, reward:-1.195811878327802
==================================================

coord:(9.587168084351797, 0.3003672456875418, 24.402138010379886)->(7.932538305384535, 0.6879500950990832, 26.056767789347195)
state:field-0.0, action:SD, timestep:91, reward:1.8953948532696945
==================================================

coord:(7.932538305384535, 0.6879500950990832, 26.056767789347195)->(7.932538305384535, 0.6879500950990832, 26.056767789347195)
state:field-0.0, action:Wait, timestep:92, reward:5.1176188620161156e-08
==================================================

coord:(7.932538305384535, 0.6879500950990832, 26.056767789347195)->(4.9296916694809445, 1.6883144133931263, 29.059614425250828)
state:field-0.0, action:SD, timestep:93, reward:-2.9015245872693542
==================================================

coord:(4.9296916694809445, 1.6883144133931263, 29.059614425250828)->(6.8907343704792074, 2.8339589482040806, 31.02065712624912)
state:field-0.0, action:WD, timestep:94, reward:-1.7045525005300162
==================================================

coord:(6.8907343704792074, 2.8339589482040806, 31.02065712624912)->(6.8907343704792074, 3.866853253564085, 31.02065712624912)
state:air-5.0, action:Wait, timestep:95, reward:-0.5717943612984957
==================================================

coord:(6.8907343704792074, 3.866853253564085, 31.02065712624912)->(6.8907343704792074, 3.6138227165707413, 29.980657164396106)
state:field-0.0, action:A, timestep:96, reward:0.9606190918185122
==================================================

coord:(6.8907343704792074, 3.6138227165707413, 29.980657164396106)->(6.8907343704792074, 2.0297010454992286, 29.980657164396106)
state:air-5.0, action:Wait, timestep:97, reward:0.9078870916716832
==================================================

coord:(6.8907343704792074, 2.0297010454992286, 29.980657164396106)->(9.342037746727017, 1.0777179878107976, 27.529353788148242)
state:field-0.0, action:WA, timestep:98, reward:1.4720035604586155
==================================================

coord:(9.342037746727017, 1.0777179878107976, 27.529353788148242)->(10.751537188069499, 0.7121196179052162, 26.11985434680572)
state:field-0.0, action:WA, timestep:99, reward:-0.8228180251066943
==================================================

coord:(10.751537188069499, 0.7121196179052162, 26.11985434680572)->(8.851777071477459, 1.5576239855426923, 28.019614463397815)
state:field-0.0, action:SD, timestep:100, reward:0.668564297027002
==================================================

coord:(8.851777071477459, 1.5576239855426923, 28.019614463397815)->(8.851777071477459, 1.5576239855426923, 28.019614463397815)
state:field-0.0, action:Wait, timestep:101, reward:-2.2583593661806844e-08
==================================================

coord:(8.851777071477459, 1.5576239855426923, 28.019614463397815)->(7.871255720978339, 2.149935515203526, 29.00013581389696)
state:field-0.0, action:SD, timestep:102, reward:-0.6405342785218946
==================================================

coord:(7.871255720978339, 2.149935515203526, 29.00013581389696)->(10.384588962123171, 2.225468487488301, 29.00013581389696)
state:field-0.0, action:W, timestep:103, reward:-1.2483538381513686
==================================================

coord:(10.384588962123171, 2.225468487488301, 29.00013581389696)->(10.384588962123171, 2.225468487488301, 29.00013581389696)
state:field-0.0, action:Wait, timestep:104, reward:1.1997851423473094e-07
==================================================

coord:(10.384588962123171, 2.225468487488301, 29.00013581389696)->(8.651255692368114, 2.225468487488301, 29.00013581389696)
state:field-0.0, action:S, timestep:105, reward:0.9565945387209815
==================================================

coord:(8.651255692368114, 2.225468487488301, 29.00013581389696)->(10.384588962123171, 2.225468487488301, 29.00013581389696)
state:field-0.0, action:W, timestep:106, reward:-0.9565943471845717
==================================================

coord:(10.384588962123171, 2.225468487488301, 29.00013581389696)->(10.384588962123171, 0.7121196179052162, 26.57346923623993)
state:field-0.0, action:A, timestep:107, reward:1.5348182678170597
==================================================

coord:(10.384588962123171, 0.7121196179052162, 26.57346923623993)->(8.737922355855867, 0.7121196179052162, 26.57346923623993)
state:field-0.0, action:S, timestep:108, reward:1.5421522479821526
==================================================

coord:(8.737922355855867, 0.7121196179052162, 26.57346923623993)->(7.389705498919572, 0.44937207604577917, 25.225252379303605)
state:field-0.0, action:SA, timestep:109, reward:0.9870110317139895
==================================================

coord:(7.389705498919572, 0.44937207604577917, 25.225252379303605)->(7.389705498919572, 0.44937207604577917, 25.225252379303605)
state:field-0.0, action:Wait, timestep:110, reward:1.6298797866909354e-08
==================================================

coord:(7.389705498919572, 0.44937207604577917, 25.225252379303605)->(10.336372057503162, 0.4651597163380061, 25.225252379303605)
state:field-0.0, action:W, timestep:111, reward:-2.4798363999040025
==================================================

coord:(10.336372057503162, 0.4651597163380061, 25.225252379303605)->(11.19432823918989, 0.286852002051616, 24.367296197616852)
state:field-0.0, action:WA, timestep:112, reward:-1.053446838122217
==================================================

coord:(11.19432823918989, 0.286852002051616, 24.367296197616852)->(11.19432823918989, 0.286852002051616, 24.367296197616852)
state:field-0.0, action:Wait, timestep:113, reward:-6.840786159756362e-08
==================================================

coord:(11.19432823918989, 0.286852002051616, 24.367296197616852)->(8.76766166153281, 0.29692987841933827, 24.367296197616852)
state:field-0.0, action:S, timestep:114, reward:2.085467371398684
==================================================

coord:(8.76766166153281, 0.29692987841933827, 24.367296197616852)->(10.240994940824608, 0.29692987841933827, 24.367296197616852)
state:field-0.0, action:W, timestep:115, reward:-1.2165797334249504
==================================================

coord:(10.240994940824608, 0.29692987841933827, 24.367296197616852)->(9.137908421513101, 0.0, 23.264209678305313)
state:field-0.0, action:SA, timestep:116, reward:0.16908492475641612
==================================================

coord:(9.137908421513101, 0.0, 23.264209678305313)->(9.137908421513101, 1.5756556020730843, 28.46420948757038)
state:field-0.0, action:D, timestep:117, reward:-0.150876881369844
==================================================

coord:(9.137908421513101, 1.5756556020730843, 28.46420948757038)->(8.708930330669737, 1.5576239855426923, 28.035231396727003)
state:field-0.0, action:SA, timestep:118, reward:0.5425470222185398
==================================================

coord:(8.708930330669737, 1.5576239855426923, 28.035231396727003)->(7.408930378353451, 1.5047578272521835, 28.035231396727003)
state:field-0.0, action:S, timestep:119, reward:0.5164697337403226
==================================================

coord:(7.408930378353451, 1.5047578272521835, 28.035231396727003)->(6.1219961058233405, 0.6494767016961985, 26.748297124196874)
state:field-0.0, action:SA, timestep:120, reward:1.2400398229117169
==================================================

coord:(6.1219961058233405, 0.6494767016961985, 26.748297124196874)->(5.815583183792362, 0.8964506454922149, 27.054710046227857)
state:field-0.0, action:SD, timestep:121, reward:-0.49789898069342486
==================================================

coord:(5.815583183792362, 0.8964506454922149, 27.054710046227857)->(10.322249685155489, 1.0653847105016305, 27.054710046227857)
state:field-0.0, action:W, timestep:122, reward:-1.8230527017497682
==================================================

coord:(10.322249685155489, 1.0653847105016305, 27.054710046227857)->(11.241488451248411, 0.6879500950990832, 26.135471280134908)
state:field-0.0, action:WA, timestep:123, reward:-0.65422032916437
==================================================

coord:(11.241488451248411, 0.6879500950990832, 26.135471280134908)->(11.241488451248411, 0.44937207604577917, 25.008804654794144)
state:field-0.0, action:A, timestep:124, reward:-0.0798320666025294
==================================================

coord:(11.241488451248411, 0.44937207604577917, 25.008804654794144)->(11.85431429531036, 0.286852002051616, 24.395978810732178)
state:field-0.0, action:WA, timestep:125, reward:-0.741617156470368
==================================================

coord:(11.85431429531036, 0.286852002051616, 24.395978810732178)->(12.374314276236877, 0.2708098937621368, 24.395978810732178)
state:field-0.0, action:W, timestep:126, reward:-0.4946098710234672
==================================================

coord:(12.374314276236877, 0.2708098937621368, 24.395978810732178)->(13.414314238089911, 0.2498468192298442, 24.395978810732178)
state:field-0.0, action:W, timestep:127, reward:-1.00143869819391
==================================================

coord:(13.414314238089911, 0.2498468192298442, 24.395978810732178)->(15.068944017057172, 0.4759917663608099, 26.050608589699486)
state:field-0.0, action:WD, timestep:128, reward:-1.4665798051612633
==================================================

coord:(15.068944017057172, 0.4759917663608099, 26.050608589699486)->(14.517400757401418, 0.352885631964017, 25.499065330043717)
state:field-0.0, action:SA, timestep:129, reward:0.5407974875788959
==================================================

coord:(14.517400757401418, 0.352885631964017, 25.499065330043717)->(14.517400757401418, 0.22526088161698715, 24.2857320412152)
state:field-0.0, action:A, timestep:130, reward:-0.17134213021209277
==================================================

coord:(14.517400757401418, 0.22526088161698715, 24.2857320412152)->(15.252791770275756, 0.3109199486329711, 25.02112305408956)
state:field-0.0, action:WD, timestep:131, reward:-0.6027821054986546
==================================================

coord:(15.252791770275756, 0.3109199486329711, 25.02112305408956)->(16.466125059104286, 0.26771077733686593, 25.02112305408956)
state:field-0.0, action:W, timestep:132, reward:-1.2039114191907618
==================================================

coord:(16.466125059104286, 0.26771077733686593, 25.02112305408956)->(16.466125059104286, 0.17089039694146702, 24.2411230826998)
state:field-0.0, action:A, timestep:133, reward:-0.1092935955791905
==================================================

coord:(16.466125059104286, 0.17089039694146702, 24.2411230826998)->(11.266125249839122, 0.286852002051616, 24.2411230826998)
state:field-0.0, action:S, timestep:134, reward:5.006269220162769
==================================================

coord:(11.266125249839122, 0.286852002051616, 24.2411230826998)->(12.39279187517991, 0.2708098937621368, 24.2411230826998)
state:field-0.0, action:W, timestep:135, reward:-1.0554449429009836
==================================================

coord:(12.39279187517991, 0.2708098937621368, 24.2411230826998)->(13.432791837032944, 0.2498468192298442, 24.2411230826998)
state:field-0.0, action:W, timestep:136, reward:-0.994759079392626
==================================================

coord:(13.432791837032944, 0.2498468192298442, 24.2411230826998)->(14.229465434313477, 0.352885631964017, 25.037796679980357)
state:field-0.0, action:WD, timestep:137, reward:-0.6281527869092205
==================================================

coord:(14.229465434313477, 0.352885631964017, 25.037796679980357)->(14.78100869396923, 0.22526088161698715, 24.486253420324587)
state:field-0.0, action:WA, timestep:138, reward:-0.6283374681157543
==================================================

coord:(14.78100869396923, 0.22526088161698715, 24.486253420324587)->(14.78100869396923, 0.34298467623269174, 19.28625361105952)
state:field-0.0, action:A, timestep:139, reward:-2.3527211344664725
==================================================

coord:(14.78100869396923, 0.34298467623269174, 19.28625361105952)->(14.78100869396923, 0.3387627431367656, 20.239586909424784)
state:field-0.0, action:D, timestep:140, reward:0.5956397834324605
==================================================

coord:(14.78100869396923, 0.3387627431367656, 20.239586909424784)->(14.78100869396923, 0.3387627431367656, 18.766253630133015)
state:field-0.0, action:A, timestep:141, reward:-0.9423174405065726
==================================================

coord:(14.78100869396923, 0.3387627431367656, 18.766253630133015)->(14.78100869396923, 0.3387627431367656, 20.239586909424784)
state:field-0.0, action:D, timestep:142, reward:0.9423166099095113
==================================================

coord:(14.78100869396923, 0.3387627431367656, 20.239586909424784)->(15.822812628874543, 0.5161598678007704, 21.281390844330126)
state:field-0.0, action:WD, timestep:143, reward:-0.3315012097869836
==================================================

coord:(15.822812628874543, 0.5161598678007704, 21.281390844330126)->(14.413313187532061, 0.3068054221965108, 22.690890285672648)
state:field-0.0, action:SD, timestep:144, reward:1.8945344310770942
==================================================

coord:(14.413313187532061, 0.3068054221965108, 22.690890285672648)->(15.02613903159401, 0.4448722527607861, 23.303716129734614)
state:field-0.0, action:WD, timestep:145, reward:-0.3544722949214165
==================================================

coord:(15.02613903159401, 0.4448722527607861, 23.303716129734614)->(15.02613903159401, 0.3109199486329711, 25.037049399489636)
state:field-0.0, action:D, timestep:146, reward:0.38893053043932824
==================================================

coord:(15.02613903159401, 0.3109199486329711, 25.037049399489636)->(15.02613903159401, 0.3109199486329711, 25.037049399489636)
state:field-0.0, action:Wait, timestep:147, reward:2.0969958214323015e-07
==================================================

coord:(15.02613903159401, 0.3109199486329711, 25.037049399489636)->(15.02613903159401, 0.3109199486329711, 25.037049399489636)
state:field-0.0, action:Wait, timestep:148, reward:2.0969958214323015e-07
==================================================

coord:(15.02613903159401, 0.3109199486329711, 25.037049399489636)->(16.4994723108858, 0.26771077733686593, 25.037049399489636)
state:field-0.0, action:W, timestep:149, reward:-1.4622305610778596
==================================================

coord:(16.4994723108858, 0.26771077733686593, 25.037049399489636)->(16.4994723108858, 0.17089039694146702, 24.257049428099876)
state:field-0.0, action:A, timestep:150, reward:-0.10765108581209049
==================================================

coord:(16.4994723108858, 0.17089039694146702, 24.257049428099876)->(17.296145908166356, 0.22526088161698715, 25.05372302538043)
state:field-0.0, action:WD, timestep:151, reward:-0.6824348804291418
==================================================

coord:(17.296145908166356, 0.22526088161698715, 25.05372302538043)->(13.619190843794629, 1.3106373815111794, 28.730678089752228)
state:field-0.0, action:SD, timestep:152, reward:3.0627025363449283
==================================================

coord:(13.619190843794629, 1.3106373815111794, 28.730678089752228)->(14.832524132623169, 1.1816653617982986, 28.730678089752228)
state:field-0.0, action:W, timestep:153, reward:-1.0993360685359335
==================================================

coord:(14.832524132623169, 1.1816653617982986, 28.730678089752228)->(9.632524323357996, 1.5756556020730843, 28.730678089752228)
state:field-0.0, action:S, timestep:154, reward:4.271378894066577
==================================================

coord:(9.632524323357996, 1.5756556020730843, 28.730678089752228)->(9.632524323357996, 1.5756556020730843, 28.730678089752228)
state:field-0.0, action:Wait, timestep:155, reward:-9.992146043913408e-08
==================================================

coord:(9.632524323357996, 1.5756556020730843, 28.730678089752228)->(9.632524323357996, 1.5756556020730843, 28.730678089752228)
state:field-0.0, action:Wait, timestep:156, reward:-9.992146043913408e-08
==================================================

coord:(9.632524323357996, 1.5756556020730843, 28.730678089752228)->(7.977894544390735, 1.0292252796836443, 27.07604831078492)
state:field-0.0, action:SA, timestep:157, reward:2.3258254255069595
==================================================

coord:(7.977894544390735, 1.0292252796836443, 27.07604831078492)->(7.977894544390735, 0.44937207604577917, 25.5160483680054)
state:field-0.0, action:A, timestep:158, reward:0.6014120226614552
==================================================

coord:(7.977894544390735, 0.44937207604577917, 25.5160483680054)->(6.690960271860625, 0.6494767016961985, 26.80298264053553)
state:field-0.0, action:SD, timestep:159, reward:0.10199885464321001
==================================================

coord:(6.690960271860625, 0.6494767016961985, 26.80298264053553)->(6.690960271860625, 0.6494767016961985, 26.80298264053553)
state:field-0.0, action:Wait, timestep:160, reward:4.864345415356297e-08
==================================================

coord:(6.690960271860625, 0.6494767016961985, 26.80298264053553)->(5.220178246111928, 0.39140108156033376, 25.33220061478681)
state:field-0.0, action:SA, timestep:161, reward:-0.8628439695086425
==================================================

coord:(5.220178246111928, 0.39140108156033376, 25.33220061478681)->(5.220178246111928, 1.8725842810266387, 30.01220044312537)
state:field-0.0, action:D, timestep:162, reward:-2.8311565319891363
==================================================

coord:(5.220178246111928, 1.8725842810266387, 30.01220044312537)->(5.220178246111928, 2.6145855278783046, 30.01220044312537)
state:air-5.0, action:Wait, timestep:163, reward:-0.336958807347167
==================================================

coord:(5.220178246111928, 2.6145855278783046, 30.01220044312537)->(4.2396568956127965, 2.3572997362478776, 30.992721793624515)
state:field-0.0, action:SD, timestep:164, reward:-1.0638433755069485
==================================================

coord:(4.2396568956127965, 2.3572997362478776, 30.992721793624515)->(2.506323625857749, 1.7883259833918579, 30.992721793624515)
state:field-0.0, action:S, timestep:165, reward:-0.7783381499999038
==================================================

coord:(2.506323625857749, 1.7883259833918579, 30.992721793624515)->(4.406083742449805, 1.6883144133931263, 29.09296167703242)
state:field-0.0, action:WA, timestep:166, reward:2.575626368760137
==================================================

coord:(4.406083742449805, 1.6883144133931263, 29.09296167703242)->(4.406083742449805, 0.8082362759396398, 27.099628416814145)
state:field-0.0, action:A, timestep:167, reward:1.444513212679745
==================================================

coord:(4.406083742449805, 0.8082362759396398, 27.099628416814145)->(7.3476477939472, 2.149935515203526, 30.041192468311582)
state:field-0.0, action:WD, timestep:168, reward:-1.6596656451444654
==================================================

coord:(7.3476477939472, 2.149935515203526, 30.041192468311582)->(7.3476477939472, 3.001835666825593, 30.041192468311582)
state:air-5.0, action:Wait, timestep:169, reward:-0.45542152139050884
==================================================

coord:(7.3476477939472, 3.001835666825593, 30.041192468311582)->(10.467647679506296, 3.107298164943507, 30.041192468311582)
state:field-0.0, action:W, timestep:170, reward:-1.1192170882379981
==================================================

coord:(10.467647679506296, 3.107298164943507, 30.041192468311582)->(11.448169030005413, 4.095916076090375, 31.021713818810728)
state:field-0.0, action:WD, timestep:171, reward:-1.6947318209086806
==================================================

coord:(11.448169030005413, 4.095916076090375, 31.021713818810728)->(11.448169030005413, 3.842885539097031, 29.981713856957715)
state:field-0.0, action:A, timestep:172, reward:0.7601866217036175
==================================================

coord:(11.448169030005413, 3.842885539097031, 29.981713856957715)->(11.448169030005413, 2.149935515203526, 29.981713856957715)
state:air-5.0, action:Wait, timestep:173, reward:0.7545887529905713
==================================================

coord:(11.448169030005413, 2.149935515203526, 29.981713856957715)->(8.99686565375762, 1.0653847105016305, 27.53041048070985)
state:field-0.0, action:SA, timestep:174, reward:3.6131166403734283
==================================================

coord:(8.99686565375762, 1.0653847105016305, 27.53041048070985)->(10.283799926287712, 1.5576239855426923, 28.81734475323998)
state:field-0.0, action:WD, timestep:175, reward:-1.8664277081707112
==================================================

coord:(10.283799926287712, 1.5576239855426923, 28.81734475323998)->(11.583799878604005, 1.5047578272521835, 28.81734475323998)
state:field-0.0, action:W, timestep:176, reward:-0.9882717887088575
==================================================

coord:(11.583799878604005, 1.5047578272521835, 28.81734475323998)->(8.637133320020407, 1.5576239855426923, 28.81734475323998)
state:field-0.0, action:S, timestep:177, reward:1.9752307230020554
==================================================

coord:(8.637133320020407, 1.5576239855426923, 28.81734475323998)->(7.423800031191873, 1.5047578272521835, 28.81734475323998)
state:field-0.0, action:S, timestep:178, reward:0.3896164749436064
==================================================

coord:(7.423800031191873, 1.5047578272521835, 28.81734475323998)->(6.504561265098937, 2.0297010454992286, 29.736583519332928)
state:field-0.0, action:SD, timestep:179, reward:-1.059020427733639
==================================================

coord:(6.504561265098937, 2.0297010454992286, 29.736583519332928)->(5.278909576975023, 2.6145855278783046, 30.96223520745686)
state:field-0.0, action:SD, timestep:180, reward:-1.5859972091059191
==================================================

coord:(5.278909576975023, 2.6145855278783046, 30.96223520745686)->(5.278909576975023, 3.5675247030676926, 32.00223516930988)
state:field-0.0, action:D, timestep:181, reward:-1.3243730824392586
==================================================

coord:(5.278909576975023, 3.5675247030676926, 32.00223516930988)->(5.278909576975023, 4.757006903687358, 32.00223516930988)
state:air-5.0, action:Wait, timestep:182, reward:-0.6583207344834667
==================================================

coord:(5.278909576975023, 4.757006903687358, 32.00223516930988)->(6.32071351188035, 5.156137421258171, 33.04403910421516)
state:field-0.0, action:WD, timestep:183, reward:-0.9061739275465932
==================================================

coord:(6.32071351188035, 5.156137421258171, 33.04403910421516)->(6.32071351188035, 6.7188343347313975, 33.04403910421516)
state:air-5.0, action:Wait, timestep:184, reward:-1.0023157520577968
==================================================

coord:(6.32071351188035, 6.7188343347313975, 33.04403910421516)->(6.32071351188035, 6.415197690339385, 31.917372478874352)
state:field-0.0, action:A, timestep:185, reward:1.0042679108680534
==================================================

coord:(6.32071351188035, 6.415197690339385, 31.917372478874352)->(6.32071351188035, 3.866853253564085, 31.917372478874352)
state:air-5.0, action:Wait, timestep:186, reward:1.65258382975854
==================================================

coord:(6.32071351188035, 3.866853253564085, 31.917372478874352)->(6.32071351188035, 5.156137421258171, 33.04403910421516)
state:field-0.0, action:D, timestep:187, reward:-1.6545355150710073
==================================================

coord:(6.32071351188035, 5.156137421258171, 33.04403910421516)->(6.32071351188035, 6.7188343347313975, 33.04403910421516)
state:air-5.0, action:Wait, timestep:188, reward:-1.0023157520577968
==================================================

coord:(6.32071351188035, 6.7188343347313975, 33.04403910421516)->(10.654046686267977, 7.3668750960914995, 33.04403910421516)
state:field-0.0, action:W, timestep:189, reward:-1.0695972330236376
==================================================

coord:(10.654046686267977, 7.3668750960914995, 33.04403910421516)->(11.634568036767094, 9.062737423099616, 34.02456045471425)
state:field-0.0, action:WD, timestep:190, reward:-2.133906414754607
==================================================

coord:(11.634568036767094, 9.062737423099616, 34.02456045471425)->(12.615089387266211, 10.64733212023158, 35.00508180521334)
state:field-0.0, action:WD, timestep:191, reward:-2.0711314852664113
==================================================

coord:(12.615089387266211, 10.64733212023158, 35.00508180521334)->(12.615089387266211, 10.64733212023158, 35.00508180521334)
state:field-0.0, action:Wait, timestep:192, reward:2.2097138163701402e-07
==================================================

coord:(12.615089387266211, 10.64733212023158, 35.00508180521334)->(11.5732854523609, 11.278053740088016, 36.04688574011862)
state:field-0.0, action:SD, timestep:193, reward:-0.7484529021932467
==================================================

coord:(11.5732854523609, 11.278053740088016, 36.04688574011862)->(11.5732854523609, 13.71549792212091, 36.04688574011862)
state:air-5.0, action:Wait, timestep:194, reward:-1.8246597215341893
==================================================

coord:(11.5732854523609, 13.71549792212091, 36.04688574011862)->(10.592764101861782, 14.19735996732991, 37.02740709061771)
state:field-0.0, action:SD, timestep:195, reward:-0.7264375498126263
==================================================

coord:(10.592764101861782, 14.19735996732991, 37.02740709061771)->(10.592764101861782, 16.872819842051836, 37.02740709061771)
state:air-5.0, action:Wait, timestep:196, reward:-2.1420711930704748
==================================================

coord:(10.592764101861782, 16.872819842051836, 37.02740709061771)->(8.079430860716949, 16.872819842051836, 37.02740709061771)
state:field-0.0, action:S, timestep:197, reward:0.28880298201997334
==================================================

coord:(8.079430860716949, 16.872819842051836, 37.02740709061771)->(10.939430755812793, 16.872819842051836, 37.02740709061771)
state:field-0.0, action:W, timestep:198, reward:-0.3524708105532106
==================================================

coord:(10.939430755812793, 16.872819842051836, 37.02740709061771)->(13.019430679518862, 15.708879371882443, 37.02740709061771)
state:field-0.0, action:W, timestep:199, reward:0.42330772835609665
==================================================

coord:(13.019430679518862, 15.708879371882443, 37.02740709061771)->(13.019430679518862, 14.19735996732991, 37.02740709061771)
state:air-5.0, action:Wait, timestep:200, reward:1.156916106383452
==================================================

coord:(13.019430679518862, 14.19735996732991, 37.02740709061771)->(13.99995203001798, 14.19735996732991, 38.007928441116796)
state:field-0.0, action:WD, timestep:201, reward:-0.9105262327849992
==================================================

coord:(13.99995203001798, 14.19735996732991, 38.007928441116796)->(13.99995203001798, 16.488848434411317, 38.007928441116796)
state:air-5.0, action:Wait, timestep:202, reward:-1.6970884255185332
==================================================

coord:(13.99995203001798, 16.488848434411317, 38.007928441116796)->(15.039951991871014, 16.235817897417967, 38.007928441116796)
state:field-0.0, action:W, timestep:203, reward:-0.1699997648451621
==================================================

coord:(15.039951991871014, 16.235817897417967, 38.007928441116796)->(15.039951991871014, 13.098359074037816, 38.007928441116796)
state:air-5.0, action:Wait, timestep:204, reward:2.231724006519297
==================================================

coord:(15.039951991871014, 13.098359074037816, 38.007928441116796)->(16.07995195372405, 13.098359074037816, 38.007928441116796)
state:field-0.0, action:W, timestep:205, reward:-0.4512220689372448
==================================================

coord:(16.07995195372405, 13.098359074037816, 38.007928441116796)->(16.07995195372405, 11.278053740088016, 38.007928441116796)
state:air-5.0, action:Wait, timestep:206, reward:1.1446416129575496
==================================================

coord:(16.07995195372405, 11.278053740088016, 38.007928441116796)->(15.957386784911657, 11.278053740088016, 37.88536327230441)
state:field-0.0, action:SA, timestep:207, reward:0.13710576695914511
==================================================

coord:(15.957386784911657, 11.278053740088016, 37.88536327230441)->(16.07995195372405, 11.278053740088016, 38.007928441116796)
state:field-0.0, action:WD, timestep:208, reward:-0.13710620503561444
==================================================

coord:(16.07995195372405, 11.278053740088016, 38.007928441116796)->(17.03328525208931, 11.278053740088016, 38.007928441116796)
state:field-0.0, action:W, timestep:209, reward:-0.4782615293003225
==================================================

coord:(17.03328525208931, 11.278053740088016, 38.007928441116796)->(17.03328525208931, 9.489734980744604, 38.007928441116796)
state:air-5.0, action:Wait, timestep:210, reward:0.9880336526543161
==================================================

coord:(17.03328525208931, 9.489734980744604, 38.007928441116796)->(17.03328525208931, 9.489734980744604, 38.007928441116796)
state:field-0.0, action:Wait, timestep:211, reward:3.5797658171077273e-07
==================================================

coord:(17.03328525208931, 9.489734980744604, 38.007928441116796)->(16.972002667683114, 9.489734980744604, 38.06921102552299)
state:field-0.0, action:SD, timestep:212, reward:-0.006816003877261778
==================================================

coord:(16.972002667683114, 9.489734980744604, 38.06921102552299)->(16.972002667683114, 11.278053740088016, 38.06921102552299)
state:air-5.0, action:Wait, timestep:213, reward:-0.9876833359132569
==================================================

coord:(16.972002667683114, 11.278053740088016, 38.06921102552299)->(17.058669331170865, 11.278053740088016, 38.06921102552299)
state:field-0.0, action:W, timestep:214, reward:-0.04493204390038841
==================================================

coord:(17.058669331170865, 11.278053740088016, 38.06921102552299)->(17.058669331170865, 9.489734980744604, 38.06921102552299)
state:air-5.0, action:Wait, timestep:215, reward:0.9852655284444296
==================================================

coord:(17.058669331170865, 9.489734980744604, 38.06921102552299)->(17.058669331170865, 9.489734980744604, 38.06921102552299)
state:field-0.0, action:Wait, timestep:216, reward:-2.0336709383173002e-07
==================================================

coord:(17.058669331170865, 9.489734980744604, 38.06921102552299)->(16.99738674676467, 9.489734980744604, 38.13049360992918)
state:field-0.0, action:SD, timestep:217, reward:-0.006916269212531745
==================================================

coord:(16.99738674676467, 9.489734980744604, 38.13049360992918)->(16.99738674676467, 11.278053740088016, 38.13049360992918)
state:air-5.0, action:Wait, timestep:218, reward:-0.9849141718120293
==================================================

coord:(16.99738674676467, 11.278053740088016, 38.13049360992918)->(16.99738674676467, 11.278053740088016, 38.13049360992918)
state:field-0.0, action:Wait, timestep:219, reward:6.07851056599884e-07
==================================================

coord:(16.99738674676467, 11.278053740088016, 38.13049360992918)->(17.058669331170865, 11.278053740088016, 38.06921102552299)
state:field-0.0, action:WA, timestep:220, reward:0.00656446183691628
==================================================

coord:(17.058669331170865, 11.278053740088016, 38.06921102552299)->(17.058669331170865, 9.489734980744604, 38.06921102552299)
state:air-5.0, action:Wait, timestep:221, reward:0.9852655284444296
==================================================

coord:(17.058669331170865, 9.489734980744604, 38.06921102552299)->(16.99738674676467, 9.489734980744604, 38.13049360992918)
state:field-0.0, action:SD, timestep:222, reward:-0.006916269212531745
==================================================

coord:(16.99738674676467, 9.489734980744604, 38.13049360992918)->(16.99738674676467, 11.278053740088016, 38.13049360992918)
state:air-5.0, action:Wait, timestep:223, reward:-0.9849141718120293
==================================================

coord:(16.99738674676467, 11.278053740088016, 38.13049360992918)->(16.99738674676467, 11.278053740088016, 38.13049360992918)
state:field-0.0, action:Wait, timestep:224, reward:6.07851056599884e-07
==================================================

coord:(16.99738674676467, 11.278053740088016, 38.13049360992918)->(16.99738674676467, 11.278053740088016, 38.13049360992918)
state:field-0.0, action:Wait, timestep:225, reward:6.07851056599884e-07
==================================================

coord:(16.99738674676467, 11.278053740088016, 38.13049360992918)->(17.058669331170865, 11.278053740088016, 38.06921102552299)
state:field-0.0, action:WA, timestep:226, reward:0.00656446183691628
==================================================

coord:(17.058669331170865, 11.278053740088016, 38.06921102552299)->(17.058669331170865, 9.489734980744604, 38.06921102552299)
state:air-5.0, action:Wait, timestep:227, reward:0.9852655284444296
==================================================

coord:(17.058669331170865, 9.489734980744604, 38.06921102552299)->(17.058669331170865, 10.770589473511771, 40.062544285741346)
state:field-0.0, action:D, timestep:228, reward:-2.015242169696638
==================================================

coord:(17.058669331170865, 10.770589473511771, 40.062544285741346)->(17.058669331170865, 11.94613774868768, 40.062544285741346)
state:air-5.0, action:Wait, timestep:229, reward:-0.6452685208661109
==================================================

coord:(17.058669331170865, 11.94613774868768, 40.062544285741346)->(16.972002667683114, 11.94613774868768, 40.062544285741346)
state:field-0.0, action:S, timestep:230, reward:0.04134461037948256
==================================================

coord:(16.972002667683114, 11.94613774868768, 40.062544285741346)->(16.972002667683114, 14.19735996732991, 40.062544285741346)
state:air-5.0, action:Wait, timestep:231, reward:-1.3590163314616603
==================================================

coord:(16.972002667683114, 14.19735996732991, 40.062544285741346)->(16.972002667683114, 15.38857111051894, 42.0558775459597)
state:field-0.0, action:D, timestep:232, reward:-2.039980907824802
==================================================

coord:(16.972002667683114, 15.38857111051894, 42.0558775459597)->(16.972002667683114, 16.30015200125304, 42.0558775459597)
state:air-5.0, action:Wait, timestep:233, reward:-0.5855654254161102
==================================================

coord:(16.972002667683114, 16.30015200125304, 42.0558775459597)->(15.99148131718397, 16.30015200125304, 43.03639889645879)
state:field-0.0, action:SD, timestep:234, reward:-0.27600603310920846
==================================================

coord:(15.99148131718397, 16.30015200125304, 43.03639889645879)->(15.99148131718397, 19.596134047240334, 43.03639889645879)
state:air-5.0, action:Wait, timestep:235, reward:-2.2444631473229997
==================================================

coord:(15.99148131718397, 19.596134047240334, 43.03639889645879)->(16.052763901590165, 19.596134047240334, 43.097681480864985)
state:field-0.0, action:WD, timestep:236, reward:-0.058121789120097134
==================================================

coord:(16.052763901590165, 19.596134047240334, 43.097681480864985)->(16.052763901590165, 16.872819842051836, 43.097681480864985)
state:air-5.0, action:Wait, timestep:237, reward:1.866583800852574
==================================================

coord:(16.052763901590165, 16.872819842051836, 43.097681480864985)->(17.006097199955427, 16.872819842051836, 43.097681480864985)
state:field-0.0, action:W, timestep:238, reward:-0.3514899088009038
==================================================

coord:(17.006097199955427, 16.872819842051836, 43.097681480864985)->(17.006097199955427, 14.19735996732991, 43.097681480864985)
state:air-5.0, action:Wait, timestep:239, reward:1.6495262733490392
==================================================

coord:(17.006097199955427, 14.19735996732991, 43.097681480864985)->(17.006097199955427, 14.19735996732991, 45.78434804898538)
state:field-0.0, action:D, timestep:240, reward:-1.954455231911151
==================================================

coord:(17.006097199955427, 14.19735996732991, 45.78434804898538)->(16.94481461554923, 14.19735996732991, 45.84563063339157)
state:field-0.0, action:SD, timestep:241, reward:-0.02289485355826315
==================================================

coord:(16.94481461554923, 14.19735996732991, 45.84563063339157)->(16.94481461554923, 16.872819842051836, 45.84563063339157)
state:air-5.0, action:Wait, timestep:242, reward:-1.5327921890101557
==================================================

coord:(16.94481461554923, 16.872819842051836, 45.84563063339157)->(16.94481461554923, 16.872819842051836, 45.84563063339157)
state:field-0.0, action:Wait, timestep:243, reward:8.560337896312831e-07
==================================================

coord:(16.94481461554923, 16.872819842051836, 45.84563063339157)->(17.006097199955427, 16.872819842051836, 45.906913217797765)
state:field-0.0, action:WD, timestep:244, reward:-0.06553257592791084
==================================================

coord:(17.006097199955427, 16.872819842051836, 45.906913217797765)->(17.006097199955427, 14.19735996732991, 45.906913217797765)
state:air-5.0, action:Wait, timestep:245, reward:1.5289889467649687
==================================================

coord:(17.006097199955427, 14.19735996732991, 45.906913217797765)->(16.94481461554923, 14.19735996732991, 45.84563063339157)
state:field-0.0, action:SA, timestep:246, reward:0.06933498958138529
==================================================

coord:(16.94481461554923, 14.19735996732991, 45.84563063339157)->(16.94481461554923, 16.872819842051836, 45.84563063339157)
state:air-5.0, action:Wait, timestep:247, reward:-1.5327921890101557
==================================================

coord:(16.94481461554923, 16.872819842051836, 45.84563063339157)->(17.006097199955427, 16.872819842051836, 45.906913217797765)
state:field-0.0, action:WD, timestep:248, reward:-0.06553257592791084
==================================================

coord:(17.006097199955427, 16.872819842051836, 45.906913217797765)->(17.006097199955427, 14.19735996732991, 45.906913217797765)
state:air-5.0, action:Wait, timestep:249, reward:1.5289889467649687
==================================================

coord:(17.006097199955427, 14.19735996732991, 45.906913217797765)->(17.006097199955427, 14.19735996732991, 45.906913217797765)
state:field-0.0, action:Wait, timestep:250, reward:-8.451051485280914e-07
==================================================

coord:(17.006097199955427, 14.19735996732991, 45.906913217797765)->(17.006097199955427, 14.19735996732991, 45.906913217797765)
state:field-0.0, action:Wait, timestep:251, reward:-8.451051485280914e-07
==================================================

coord:(17.006097199955427, 14.19735996732991, 45.906913217797765)->(17.006097199955427, 14.19735996732991, 45.906913217797765)
state:field-0.0, action:Wait, timestep:252, reward:-8.451051485280914e-07
==================================================

coord:(17.006097199955427, 14.19735996732991, 45.906913217797765)->(17.006097199955427, 13.033419497160518, 48.07357980499163)
state:field-0.0, action:D, timestep:253, reward:-1.0987392477508031
==================================================

coord:(17.006097199955427, 13.033419497160518, 48.07357980499163)->(17.006097199955427, 11.94613774868768, 48.07357980499163)
state:air-5.0, action:Wait, timestep:254, reward:0.49800019655955197
==================================================

coord:(17.006097199955427, 11.94613774868768, 48.07357980499163)->(16.94481461554923, 11.94613774868768, 48.01229722058544)
state:field-0.0, action:SA, timestep:255, reward:0.07271638044291606
==================================================

coord:(16.94481461554923, 11.94613774868768, 48.01229722058544)->(16.94481461554923, 14.19735996732991, 48.01229722058544)
state:air-5.0, action:Wait, timestep:256, reward:-1.070765813227279
==================================================

coord:(16.94481461554923, 14.19735996732991, 48.01229722058544)->(16.94481461554923, 14.19735996732991, 48.01229722058544)
state:death-0.0, action:WD, timestep:257, reward:-999999
==================================================

