Using pre-set license

 COMMAND LINE ARGUMENTS:
/Applications/Unity/Hub/Editor/2020.3.3f1/Unity.app/Contents/MacOS/Unity
-adb2
-batchMode
-noUpm
-name
AssetImportWorker0
-projectPath
/Users/donghoonjeong/MyFirstGame
-logFile
Logs/AssetImportWorker0.log
-srvPort
52158
Successfully changed project path to: /Users/donghoonjeong/MyFirstGame
/Users/donghoonjeong/MyFirstGame
Using Asset Import Pipeline V2.
Refreshing native plugins compatible for Editor in 41.81 ms, found 1 plugins.
Preloading 0 native plugins for Editor in 0.00 ms.
Initialize engine version: 2020.3.3f1 (76626098c1c4)
[Subsystems] Discovering subsystems at path /Applications/Unity/Hub/Editor/2020.3.3f1/Unity.app/Contents/Resources/UnitySubsystems
[Subsystems] Discovering subsystems at path /Users/donghoonjeong/MyFirstGame/Assets
GfxDevice: creating device client; threaded=0
2021-05-28 16:09:42.502 Unity[3705:156289] Color LCD preferred device: Intel(R) Iris(TM) Graphics 6100 (low power)
2021-05-28 16:09:42.502 Unity[3705:156289] Metal devices available: 1
2021-05-28 16:09:42.502 Unity[3705:156289] 0: Intel(R) Iris(TM) Graphics 6100 (low power)
2021-05-28 16:09:42.502 Unity[3705:156289] Using device Intel(R) Iris(TM) Graphics 6100 (low power)
Initializing Metal device caps: Intel(R) Iris(TM) Graphics 6100
Initialize mono
Mono path[0] = '/Applications/Unity/Hub/Editor/2020.3.3f1/Unity.app/Contents/Managed'
Mono path[1] = '/Applications/Unity/Hub/Editor/2020.3.3f1/Unity.app/Contents/MonoBleedingEdge/lib/mono/unityjit'
Mono config path = '/Applications/Unity/Hub/Editor/2020.3.3f1/Unity.app/Contents/MonoBleedingEdge/etc'
Using monoOptions --debugger-agent=transport=dt_socket,embedding=1,server=y,suspend=n,address=127.0.0.1:56705
Begin MonoManager ReloadAssembly
Registering precompiled unity dll's ...
Register platform support module: /Applications/Unity/Hub/Editor/2020.3.3f1/PlaybackEngines/WebGLSupport/UnityEditor.WebGL.Extensions.dll
Register platform support module: /Applications/Unity/Hub/Editor/2020.3.3f1/Unity.app/Contents/PlaybackEngines/MacStandaloneSupport/UnityEditor.OSXStandalone.Extensions.dll
Registered in 0.003476 seconds.
Native extension for OSXStandalone target not found
Native extension for WebGL target not found
Refreshing native plugins compatible for Editor in 36.76 ms, found 1 plugins.
Preloading 0 native plugins for Editor in 0.00 ms.
Invoked RoslynAnalysisRunner static constructor.
RoslynAnalysisRunner will not be running.
RoslynAnalysisRunner has terminated.
Mono: successfully reloaded assembly
- Completed reload, in  5.819 seconds
Platform modules already initialized, skipping
Registering precompiled user dll's ...
Registered in 0.001948 seconds.
Begin MonoManager ReloadAssembly
Native extension for OSXStandalone target not found
Native extension for WebGL target not found
Refreshing native plugins compatible for Editor in 0.30 ms, found 1 plugins.
Preloading 0 native plugins for Editor in 0.00 ms.
Invoked RoslynAnalysisRunner static constructor.
RoslynAnalysisRunner will not be running.
RoslynAnalysisRunner has terminated.
Mono: successfully reloaded assembly
- Completed reload, in  1.274 seconds
Platform modules already initialized, skipping
========================================================================
Worker process is ready to serve import requests
Launching external process: /Applications/Unity/Hub/Editor/2020.3.3f1/Unity.app/Contents/Tools/UnityShaderCompiler
Launched and connected shader compiler UnityShaderCompiler after 0.01 seconds
Refreshing native plugins compatible for Editor in 0.33 ms, found 1 plugins.
Preloading 0 native plugins for Editor in 0.00 ms.
Unloading 1243 Unused Serialized files (Serialized files now loaded: 0)
System memory in use before: 124.0 MB.
System memory in use after: 123.5 MB.

Unloading 11 unused Assets to reduce memory usage. Loaded Objects now: 1690.
Total: 4.103084 ms (FindLiveObjects: 0.350998 ms CreateObjectMapping: 0.087095 ms MarkObjects: 2.966390 ms  DeleteObjects: 0.696422 ms)

========================================================================
Received Import Request.
  path: Assets/Scenes/PlayerController.controller
  artifactKey: Guid(11e3d73bfc2444728a436b7813cf80a4) Importer(815301076,1909f56bfc062723c751e8b465ee728b)
Start importing Assets/Scenes/PlayerController.controller using Guid(11e3d73bfc2444728a436b7813cf80a4) Importer(815301076,1909f56bfc062723c751e8b465ee728b)  -> (artifact id: 'd8ee94c2399251df059e41d1bf347696') in 1.517414 seconds
  Import took 1.522170 seconds .

========================================================================
Received Import Request.
  Time since last request: 0.000409 seconds.
  path: Assets/Scenes/Stamina.cs
  artifactKey: Guid(0c6046a08369c4f25a17ed565fd61ee0) Importer(815301076,1909f56bfc062723c751e8b465ee728b)
Start importing Assets/Scenes/Stamina.cs using Guid(0c6046a08369c4f25a17ed565fd61ee0) Importer(815301076,1909f56bfc062723c751e8b465ee728b)  -> (artifact id: '92e7900c585898dfdf3573833fca1a8d') in 0.470203 seconds
  Import took 0.473936 seconds .

========================================================================
Received Import Request.
  Time since last request: 41.581300 seconds.
  path: Assets/Pathfinder.unity
  artifactKey: Guid(72d506656ca31407f8519cf07c7d8e74) Importer(815301076,1909f56bfc062723c751e8b465ee728b)
Start importing Assets/Pathfinder.unity using Guid(72d506656ca31407f8519cf07c7d8e74) Importer(815301076,1909f56bfc062723c751e8b465ee728b)  -> (artifact id: '4878477e8c0abb9173169225933a06e6') in 0.002403 seconds
  Import took 0.011885 seconds .

========================================================================
Received Import Request.
  Time since last request: 0.881622 seconds.
  path: Assets/SampleScenes
  artifactKey: Guid(3d8829ac873af27488b1412b8db301ab) Importer(815301076,1909f56bfc062723c751e8b465ee728b)
Start importing Assets/SampleScenes using Guid(3d8829ac873af27488b1412b8db301ab) Importer(815301076,1909f56bfc062723c751e8b465ee728b)  -> (artifact id: 'd1e075fab07d1ac1bbba3d35c679a83d') in 0.002776 seconds
  Import took 0.010491 seconds .

========================================================================
Received Import Request.
  Time since last request: 4.417350 seconds.
  path: Assets/Standard Assets/2D
  artifactKey: Guid(27dbec7630294d64c9ab91261656cbd4) Importer(815301076,1909f56bfc062723c751e8b465ee728b)
Start importing Assets/Standard Assets/2D using Guid(27dbec7630294d64c9ab91261656cbd4) Importer(815301076,1909f56bfc062723c751e8b465ee728b)  -> (artifact id: '0652fdc681e48c2c0205bdc021f9ab50') in 0.003366 seconds
  Import took 0.013830 seconds .

