coord:(23.0, 0.0, 28.0)->(23.0, 0.0, 28.0)
state:field-4, action:Wait, timestep:1, reward:-0.0
==================================================

coord:(23.0, 0.0, 28.0)->(24.06066012382506, 6.557373203102033, 29.06066012382506)
state:field-4.0, action:WDs, timestep:2, reward:6.176818617544274
==================================================

coord:(24.06066012382506, 6.557373203102033, 29.06066012382506)->(24.06066012382506, 8.513375861448784, 29.06066012382506)
state:air-9.0, action:Wait, timestep:3, reward:1.4470776587172942
==================================================

coord:(24.06066012382506, 8.513375861448784, 29.06066012382506)->(24.06066012382506, 9.267181677720165, 30.01399342219032)
state:field-4.0, action:Dj, timestep:4, reward:0.928161641838706
==================================================

coord:(24.06066012382506, 9.267181677720165, 30.01399342219032)->(24.06066012382506, 10.559263565285978, 33.01399342219036)
state:field-4.0, action:Ds, timestep:5, reward:1.8566290194964221
==================================================

coord:(24.06066012382506, 10.559263565285978, 33.01399342219036)->(24.06066012382506, 11.052835687926466, 33.01399342219036)
state:air-9.0, action:Wait, timestep:6, reward:0.344621885993309
==================================================

coord:(24.06066012382506, 11.052835687926466, 33.01399342219036)->(23.98994944890339, 11.052835687926466, 32.94328274726869)
state:field-4.0, action:SAs, timestep:7, reward:-0.06510982954852906
==================================================

coord:(23.98994944890339, 11.052835687926466, 32.94328274726869)->(23.98994944890339, 8.969664290777729, 32.94328274726869)
state:air-9.0, action:Wait, timestep:8, reward:-1.5063544886079079
==================================================

coord:(23.98994944890339, 8.969664290777729, 32.94328274726869)->(24.08994944890339, 10.559263565285978, 32.94328274726869)
state:field-4.0, action:Wsj, timestep:9, reward:1.2304229011981764
==================================================

coord:(24.08994944890339, 10.559263565285978, 32.94328274726869)->(24.08994944890339, 11.645230657648455, 37.94328274726876)
state:field-4.0, action:Ds, timestep:10, reward:0.9684133405319031
==================================================

coord:(24.08994944890339, 11.645230657648455, 37.94328274726876)->(25.00918821499634, 12.404322322868717, 37.024043981175865)
state:field-4.0, action:WAj, timestep:11, reward:1.295693407297815
==================================================

coord:(25.00918821499634, 12.404322322868717, 37.024043981175865)->(25.00918821499634, 13.531219560760134, 37.024043981175865)
state:air-9.0, action:Wait, timestep:12, reward:0.7404732717677565
==================================================

coord:(25.00918821499634, 13.531219560760134, 37.024043981175865)->(24.947905630590142, 13.531219560760134, 36.96276139676967)
state:field-4.0, action:SA, timestep:13, reward:-0.04160311536340977
==================================================

coord:(24.947905630590142, 13.531219560760134, 36.96276139676967)->(24.947905630590142, 11.72147843009481, 36.96276139676967)
state:air-9.0, action:Wait, timestep:14, reward:-1.2152207301707652
==================================================

coord:(24.947905630590142, 11.72147843009481, 36.96276139676967)->(24.947905630590142, 11.645230657648455, 35.31609479050233)
state:field-4.0, action:A, timestep:15, reward:-0.03485561490929001
==================================================

coord:(24.947905630590142, 11.645230657648455, 35.31609479050233)->(24.947905630590142, 10.648897351018006, 41.31609479050242)
state:field-4.0, action:Dsj, timestep:16, reward:-1.8130090747049419
==================================================

coord:(24.947905630590142, 10.648897351018006, 41.31609479050242)->(24.947905630590146, 13.248897255650538, 42.01609479050238)
state:wall-13.0, action:Wj, timestep:17, reward:1.3283872333570645
==================================================

coord:(24.947905630590146, 13.248897255650538, 42.01609479050238)->(24.947905630590146, 9.267181677720165, 42.01609479050238)
state:air-7.0, action:Wait, timestep:18, reward:-2.596385348915195
==================================================

coord:(24.947905630590146, 9.267181677720165, 42.01609479050238)->(25.018616305511816, 9.267181677720165, 41.94538411558071)
state:field-2.0, action:WAs, timestep:19, reward:0.06746507957435455
==================================================

coord:(25.018616305511816, 9.267181677720165, 41.94538411558071)->(25.018616305511816, 11.569478874068835, 41.94538411558071)
state:air-7.0, action:Wait, timestep:20, reward:1.5939081625002416
==================================================

coord:(25.018616305511816, 11.569478874068835, 41.94538411558071)->(23.957956181686757, 12.239145547411223, 40.88472399175565)
state:field-2.0, action:SAsj, timestep:21, reward:0.16487573446101145
==================================================

coord:(23.957956181686757, 12.239145547411223, 40.88472399175565)->(23.957956181686757, 8.969664290777729, 40.88472399175565)
state:air-7.0, action:Wait, timestep:22, reward:-2.197779589507901
==================================================

coord:(23.957956181686757, 8.969664290777729, 40.88472399175565)->(24.019238766092954, 10.559263565285978, 40.94600657616184)
state:field-2.0, action:WDj, timestep:23, reward:1.1388889930477202
==================================================

coord:(24.019238766092954, 10.559263565285978, 40.94600657616184)->(24.019238766092954, 11.645230657648455, 35.04600657616176)
state:field-2.0, action:As, timestep:24, reward:1.6340611794994278
==================================================

coord:(24.019238766092954, 11.645230657648455, 35.04600657616176)->(24.019238766092954, 11.645230657648455, 35.04600657616176)
state:field-2.0, action:j, timestep:25, reward:3.198192519704435e-07
==================================================

coord:(24.019238766092954, 11.645230657648455, 35.04600657616176)->(23.919238766092953, 11.708930658093502, 35.04600657616176)
state:field-2.0, action:Ssj, timestep:26, reward:-0.03027236310296999
==================================================

coord:(23.919238766092953, 11.708930658093502, 35.04600657616176)->(23.919238766092953, 9.892149101304343, 35.04600657616176)
state:air-7.0, action:Wait, timestep:27, reward:-1.2878933870938365
==================================================

coord:(23.919238766092953, 9.892149101304343, 35.04600657616176)->(23.919238766092953, 9.700357959691633, 38.512673115671944)
state:field-2.0, action:Dj, timestep:28, reward:-0.3378273396759113
==================================================

coord:(23.919238766092953, 9.700357959691633, 38.512673115671944)->(25.045905391433717, 11.419450388942312, 38.512673115671944)
state:field-2.0, action:W, timestep:29, reward:1.9921850740121005
==================================================

coord:(25.045905391433717, 11.419450388942312, 38.512673115671944)->(25.045905391433717, 13.268873328369823, 38.512673115671944)
state:air-7.0, action:Wait, timestep:30, reward:1.248273666776397
==================================================

coord:(25.045905391433717, 13.268873328369823, 38.512673115671944)->(25.045905391433717, 13.531219560760134, 35.39267323011278)
state:field-2.0, action:A, timestep:31, reward:0.4482154873072677
==================================================

coord:(25.045905391433717, 13.531219560760134, 35.39267323011278)->(26.026426741932863, 14.304112895250594, 36.373194580611866)
state:field-2.0, action:WDj, timestep:32, reward:1.2585902644539502
==================================================

coord:(26.026426741932863, 14.304112895250594, 36.373194580611866)->(26.026426741932863, 15.620376208807022, 36.373194580611866)
state:air-7.0, action:Wait, timestep:33, reward:0.7685863514890166
==================================================

coord:(26.026426741932863, 15.620376208807022, 36.373194580611866)->(26.026426741932863, 15.217885033606958, 38.8731945806119)
state:field-2.0, action:Ds, timestep:34, reward:-0.6872967177495095
==================================================

coord:(26.026426741932863, 15.217885033606958, 38.8731945806119)->(25.955716067011192, 15.217885033606958, 38.94390525553357)
state:field-2.0, action:SDs, timestep:35, reward:-0.0781827039691727
==================================================

coord:(25.955716067011192, 15.217885033606958, 38.94390525553357)->(25.955716067011192, 13.268873328369823, 38.94390525553357)
state:air-6.0, action:Wait, timestep:36, reward:-1.1695144230286925
==================================================

coord:(25.955716067011192, 13.268873328369823, 38.94390525553357)->(26.01699865141739, 13.351683325910933, 38.88262267112738)
state:field-1.0, action:WAj, timestep:37, reward:0.1148449328401604
==================================================

coord:(26.01699865141739, 13.351683325910933, 38.88262267112738)->(26.01699865141739, 15.217885033606958, 38.88262267112738)
state:air-6.0, action:Wait, timestep:38, reward:1.1224534441017422
==================================================

coord:(26.01699865141739, 15.217885033606958, 38.88262267112738)->(27.016998651417403, 15.732385038057439, 38.88262267112738)
state:field-1.0, action:Wsj, timestep:39, reward:1.0467441905432384
==================================================

coord:(27.016998651417403, 15.732385038057439, 38.88262267112738)->(27.016998651417403, 17.22685325412422, 38.88262267112738)
state:air-6.0, action:Wait, timestep:40, reward:0.697242449860008
==================================================

coord:(27.016998651417403, 17.22685325412422, 38.88262267112738)->(27.016998651417403, 17.22685325412422, 34.08262267112731)
state:field-1.0, action:As, timestep:41, reward:0.3294240732048799
==================================================

coord:(27.016998651417403, 17.22685325412422, 34.08262267112731)->(26.946287976495732, 17.22685325412422, 34.01191199620564)
state:field-1.0, action:SAs, timestep:42, reward:-0.08158850427709297
==================================================

coord:(26.946287976495732, 17.22685325412422, 34.01191199620564)->(26.946287976495732, 15.217885033606958, 34.01191199620564)
state:air-6.0, action:Wait, timestep:43, reward:-1.017595359007582
==================================================

coord:(26.946287976495732, 15.217885033606958, 34.01191199620564)->(26.946287976495732, 14.700662811384737, 31.91191199620561)
state:field-1.0, action:As, timestep:44, reward:-1.0578553484264912
==================================================

coord:(26.946287976495732, 14.700662811384737, 31.91191199620561)->(26.946287976495732, 13.268873328369823, 31.91191199620561)
state:air-6.0, action:Wait, timestep:45, reward:-0.9086042066783762
==================================================

coord:(26.946287976495732, 13.268873328369823, 31.91191199620561)->(27.046287976495734, 13.268873328369823, 31.91191199620561)
state:field-1.0, action:Ws, timestep:46, reward:0.06062644667364836
==================================================

coord:(27.046287976495734, 13.268873328369823, 31.91191199620561)->(27.046287976495734, 15.020545441800547, 31.91191199620561)
state:air-6.0, action:Wait, timestep:47, reward:1.1001994240544324
==================================================

coord:(27.046287976495734, 15.020545441800547, 31.91191199620561)->(27.046287976495734, 15.020545441800547, 31.91191199620561)
state:field-1.0, action:Wait, timestep:48, reward:-2.753474230843267e-07
==================================================

coord:(27.046287976495734, 15.020545441800547, 31.91191199620561)->(26.959621313007982, 15.103355439341657, 31.91191199620561)
state:field-1.0, action:Sj, timestep:49, reward:-0.012624527527515639
==================================================

coord:(26.959621313007982, 15.103355439341657, 31.91191199620561)->(26.959621313007982, 13.268873328369823, 31.91191199620561)
state:air-6.0, action:Wait, timestep:50, reward:-1.140080283437193
==================================================

coord:(26.959621313007982, 13.268873328369823, 31.91191199620561)->(25.969671864104594, 13.912951112378272, 30.921962547302222)
state:field-1.0, action:SAsj, timestep:51, reward:-0.6704228920994986
==================================================

coord:(25.969671864104594, 13.912951112378272, 30.921962547302222)->(25.969671864104594, 10.76803660460999, 30.921962547302222)
state:air-6.0, action:Wait, timestep:52, reward:-2.0710585785948012
==================================================

coord:(25.969671864104594, 10.76803660460999, 30.921962547302222)->(25.969671864104594, 10.64553660460999, 28.921962547302194)
state:field-1.0, action:As, timestep:53, reward:-1.0093599604945194
==================================================

coord:(25.969671864104594, 10.64553660460999, 28.921962547302194)->(25.969671864104594, 8.969664290777729, 28.921962547302194)
state:air-5.0, action:Wait, timestep:54, reward:-1.1966438951211096
==================================================

coord:(25.969671864104594, 8.969664290777729, 28.921962547302194)->(26.111093213947935, 10.28718238460078, 29.063383897145535)
state:field-0.0, action:WDs, timestep:55, reward:1.0916648856367583
==================================================

coord:(26.111093213947935, 10.28718238460078, 29.063383897145535)->(26.111093213947935, 11.345167297443975, 29.063383897145535)
state:air-5.0, action:Wait, timestep:56, reward:0.7240825799931176
==================================================

coord:(26.111093213947935, 11.345167297443975, 29.063383897145535)->(27.09161456444708, 12.842883997674194, 30.04390524764468)
state:field-0.0, action:WD, timestep:57, reward:2.029171769810967
==================================================

coord:(27.09161456444708, 12.842883997674194, 30.04390524764468)->(27.09161456444708, 13.98004049266512, 30.04390524764468)
state:air-5.0, action:Wait, timestep:58, reward:0.7017297816020438
==================================================

coord:(27.09161456444708, 13.98004049266512, 30.04390524764468)->(29.084947824665356, 15.620376208807022, 30.04390524764468)
state:field-0.0, action:W, timestep:59, reward:1.960257346680148
==================================================

coord:(29.084947824665356, 15.620376208807022, 30.04390524764468)->(29.084947824665356, 17.22685325412422, 30.04390524764468)
state:air-5.0, action:Wait, timestep:60, reward:0.7175577172800223
==================================================

coord:(29.084947824665356, 17.22685325412422, 30.04390524764468)->(29.084947824665356, 18.509011634019505, 32.03723850786296)
state:field-0.0, action:D, timestep:61, reward:1.881432277500859
==================================================

coord:(29.084947824665356, 18.509011634019505, 32.03723850786296)->(29.084947824665356, 19.628716716337465, 32.03723850786296)
state:air-5.0, action:Wait, timestep:62, reward:0.1837249837701096
==================================================

coord:(29.084947824665356, 19.628716716337465, 32.03723850786296)->(29.084947824665356, 20.0, 36.23723850786302)
state:field-0.0, action:Dsj, timestep:63, reward:1.6606837113131752
==================================================

coord:(29.084947824665356, 20.0, 36.23723850786302)->(33.884947824665424, 20.0, 36.23723850786302)
state:field-0.0, action:Wsj, timestep:64, reward:3.0060377716894537
==================================================

coord:(33.884947824665424, 20.0, 36.23723850786302)->(33.884947824665424, 20.0, 36.23723850786302)
state:field-0.0, action:j, timestep:65, reward:-1.2359002710127243e-11
==================================================

coord:(33.884947824665424, 20.0, 36.23723850786302)->(31.55620961723006, 20.0, 38.565976715298355)
state:field-0.0, action:SDj, timestep:66, reward:-2.0280812105549044
==================================================

coord:(31.55620961723006, 20.0, 38.565976715298355)->(31.55620961723006, 20.0, 35.27264350276368)
state:field-0.0, action:Aj, timestep:67, reward:1.3276205776600312
==================================================

coord:(31.55620961723006, 20.0, 35.27264350276368)->(36.35620961723013, 20.0, 35.27264350276368)
state:field-0.0, action:Wsj, timestep:68, reward:-1.8174650762343845
==================================================

coord:(36.35620961723013, 20.0, 35.27264350276368)->(32.679254552858545, 20.0, 38.94959856713526)
state:field-0.0, action:SD, timestep:69, reward:0.4671350315638936
==================================================

coord:(32.679254552858545, 20.0, 38.94959856713526)->(32.679254552858545, 20.0, 33.74959875786998)
state:field-0.0, action:A, timestep:70, reward:0.6938427116834047
==================================================

coord:(32.679254552858545, 20.0, 33.74959875786998)->(32.679254552858545, 20.0, 38.94959856713526)
state:field-0.0, action:D, timestep:71, reward:-0.6938425704411113
==================================================

coord:(32.679254552858545, 20.0, 38.94959856713526)->(29.002299488486788, 20.0, 35.27264350276368)
state:field-0.0, action:SA, timestep:72, reward:-1.0963441024159621
==================================================

coord:(29.002299488486788, 20.0, 35.27264350276368)->(27.962299526633775, 19.74696946300665, 35.27264350276368)
state:field-0.0, action:S, timestep:73, reward:-1.0328932444848178
==================================================

coord:(27.962299526633775, 19.74696946300665, 35.27264350276368)->(27.962299526633775, 17.567454896427755, 35.27264350276368)
state:air-5.0, action:Wait, timestep:74, reward:-0.5451190244152944
==================================================

coord:(27.962299526633775, 17.567454896427755, 35.27264350276368)->(26.92229956478076, 17.567454896427755, 35.27264350276368)
state:field-0.0, action:S, timestep:75, reward:-0.9453686589915087
==================================================

coord:(26.92229956478076, 17.567454896427755, 35.27264350276368)->(26.92229956478076, 15.518766254243811, 35.27264350276368)
state:air-5.0, action:Wait, timestep:76, reward:-0.9993907504240562
==================================================

coord:(26.92229956478076, 15.518766254243811, 35.27264350276368)->(25.941778214281616, 15.620376208807022, 36.25316485326277)
state:field-0.0, action:SD, timestep:77, reward:-0.7243547639276748
==================================================

coord:(25.941778214281616, 15.620376208807022, 36.25316485326277)->(25.941778214281616, 13.619815946724621, 36.25316485326277)
state:air-5.0, action:Wait, timestep:78, reward:-1.2073857914166428
==================================================

coord:(25.941778214281616, 13.619815946724621, 36.25316485326277)->(26.003060798687812, 13.619815946724621, 36.191882268856574)
state:field-0.0, action:WA, timestep:79, reward:0.04679654899139507
==================================================

coord:(26.003060798687812, 13.619815946724621, 36.191882268856574)->(26.003060798687812, 15.620376208807022, 36.191882268856574)
state:air-5.0, action:Wait, timestep:80, reward:1.214226143039486
==================================================

coord:(26.003060798687812, 15.620376208807022, 36.191882268856574)->(25.941778214281616, 15.620376208807022, 36.25316485326277)
state:field-0.0, action:SD, timestep:81, reward:-0.05363609403631742
==================================================

coord:(25.941778214281616, 15.620376208807022, 36.25316485326277)->(25.941778214281616, 13.619815946724621, 36.25316485326277)
state:air-5.0, action:Wait, timestep:82, reward:-1.2073857914166428
==================================================

coord:(25.941778214281616, 13.619815946724621, 36.25316485326277)->(24.988444915916354, 13.619815946724621, 36.25316485326277)
state:field-0.0, action:S, timestep:83, reward:-0.7269532796748326
==================================================

coord:(24.988444915916354, 13.619815946724621, 36.25316485326277)->(24.988444915916354, 11.72147843009481, 36.25316485326277)
state:air-5.0, action:Wait, timestep:84, reward:-1.278355016079498
==================================================

coord:(24.988444915916354, 11.72147843009481, 36.25316485326277)->(23.94664098101101, 11.693875098786444, 37.29496878816805)
state:field-0.0, action:SD, timestep:85, reward:-0.8312795711254406
==================================================

coord:(23.94664098101101, 11.693875098786444, 37.29496878816805)->(23.94664098101101, 9.892149101304343, 37.29496878816805)
state:air-5.0, action:Wait, timestep:86, reward:-1.2767428058779444
==================================================

coord:(23.94664098101101, 9.892149101304343, 37.29496878816805)->(23.94664098101101, 9.700357959691633, 38.94163539443539)
state:field-0.0, action:D, timestep:87, reward:-0.3937734873862251
==================================================

coord:(23.94664098101101, 9.700357959691633, 38.94163539443539)->(25.073307606351776, 11.419450388942312, 38.94163539443539)
state:field-0.0, action:W, timestep:88, reward:1.97872357873133
==================================================

coord:(25.073307606351776, 11.419450388942312, 38.94163539443539)->(25.073307606351776, 13.268873328369823, 38.94163539443539)
state:air-5.0, action:Wait, timestep:89, reward:1.2391085135059932
==================================================

coord:(25.073307606351776, 13.268873328369823, 38.94163539443539)->(24.950742437539382, 13.268873328369823, 39.06420056324777)
state:field-0.0, action:SD, timestep:90, reward:-0.12393831332997607
==================================================

coord:(24.950742437539382, 13.268873328369823, 39.06420056324777)->(24.950742437539382, 11.052835687926466, 39.06420056324777)
state:air-5.0, action:Wait, timestep:91, reward:-1.487948325556257
==================================================

coord:(24.950742437539382, 11.052835687926466, 39.06420056324777)->(25.01202502194558, 11.052835687926466, 39.00291797884158)
state:field-0.0, action:WA, timestep:92, reward:0.054658237165705614
==================================================

coord:(25.01202502194558, 11.052835687926466, 39.00291797884158)->(25.01202502194558, 12.842883997674194, 39.00291797884158)
state:air-5.0, action:Wait, timestep:93, reward:1.2265903300268768
==================================================

coord:(25.01202502194558, 12.842883997674194, 39.00291797884158)->(26.05382895685092, 13.268873328369823, 37.9611140439363)
state:field-0.0, action:WA, timestep:94, reward:1.268442066918169
==================================================

coord:(26.05382895685092, 13.268873328369823, 37.9611140439363)->(26.05382895685092, 15.518766254243811, 37.9611140439363)
state:air-5.0, action:Wait, timestep:95, reward:1.3736241836915095
==================================================

coord:(26.05382895685092, 15.518766254243811, 37.9611140439363)->(26.05382895685092, 15.518766254243811, 35.274447475815904)
state:field-0.0, action:A, timestep:96, reward:0.19766611317822402
==================================================

coord:(26.05382895685092, 15.518766254243811, 35.274447475815904)->(27.034350307350067, 15.620376208807022, 36.25496882631499)
state:field-0.0, action:WD, timestep:97, reward:0.8929503657448388
==================================================

coord:(27.034350307350067, 15.620376208807022, 36.25496882631499)->(27.034350307350067, 17.6824787497788, 36.25496882631499)
state:air-5.0, action:Wait, timestep:98, reward:1.000004202324094
==================================================

coord:(27.034350307350067, 17.6824787497788, 36.25496882631499)->(27.831023904630623, 17.567454896427755, 35.45829522903448)
state:field-0.0, action:WA, timestep:99, reward:0.666684952735709
==================================================

coord:(27.831023904630623, 17.567454896427755, 35.45829522903448)->(28.014871657849213, 17.567454896427755, 35.64214298225306)
state:field-0.0, action:WD, timestep:100, reward:0.17988956591211025
==================================================

coord:(28.014871657849213, 17.567454896427755, 35.64214298225306)->(28.014871657849213, 19.628716716337465, 35.64214298225306)
state:air-5.0, action:Wait, timestep:101, reward:0.5467646641530424
==================================================

coord:(28.014871657849213, 19.628716716337465, 35.64214298225306)->(29.056675592754555, 20.0, 34.60033904734778)
state:field-0.0, action:WA, timestep:102, reward:0.827369058178693
==================================================

coord:(29.056675592754555, 20.0, 34.60033904734778)->(29.056675592754555, 20.0, 39.80033885661306)
state:field-0.0, action:D, timestep:103, reward:-1.2921715825965716
==================================================

coord:(29.056675592754555, 20.0, 39.80033885661306)->(27.953589073443016, 19.374324490343724, 38.697252337301585)
state:field-0.0, action:SA, timestep:104, reward:-0.27958869143394427
==================================================

coord:(27.953589073443016, 19.374324490343724, 38.697252337301585)->(27.953589073443016, 17.22685325412422, 38.697252337301585)
state:air-5.0, action:Wait, timestep:105, reward:-0.6024798357290573
==================================================

coord:(27.953589073443016, 17.22685325412422, 38.697252337301585)->(27.953589073443016, 16.062912783954825, 41.03725225147096)
state:field-0.0, action:D, timestep:106, reward:-1.7863892731664137
==================================================

coord:(27.953589073443016, 16.062912783954825, 41.03725225147096)->(27.953589073443016, 15.020545441800547, 41.03725225147096)
state:air-5.0, action:Wait, timestep:107, reward:-0.5518585628765216
==================================================

coord:(27.953589073443016, 15.020545441800547, 41.03725225147096)->(26.97306772294387, 15.020545441800547, 42.01777360197005)
state:field-0.0, action:SD, timestep:108, reward:-1.1688754897241118
==================================================

coord:(26.97306772294387, 15.020545441800547, 42.01777360197005)->(26.97306772294387, 12.349710411076664, 42.01777360197005)
state:air-5.0, action:Wait, timestep:109, reward:-1.5826153275438628
==================================================

coord:(26.97306772294387, 12.349710411076664, 42.01777360197005)->(25.931263788038528, 12.349710411076664, 43.05957753687533)
state:field-0.0, action:SD, timestep:110, reward:-1.1346508591073299
==================================================

coord:(25.931263788038528, 12.349710411076664, 43.05957753687533)->(25.931263788038528, 9.892149101304343, 43.05957753687533)
state:air-5.0, action:Wait, timestep:111, reward:-1.628742908597495
==================================================

coord:(25.931263788038528, 9.892149101304343, 43.05957753687533)->(25.931263788038528, 9.588512456912325, 45.05291079709369)
state:field-0.0, action:D, timestep:112, reward:-1.2905678668855227
==================================================

coord:(25.931263788038528, 9.588512456912325, 45.05291079709369)->(25.931263788038528, 8.027736868461885, 45.05291079709369)
state:air-5.0, action:Wait, timestep:113, reward:-1.0885810182346596
==================================================

coord:(25.931263788038528, 8.027736868461885, 45.05291079709369)->(26.05382895685092, 8.969664290777729, 44.9303456282813)
state:field-0.0, action:WA, timestep:114, reward:0.7899721543512292
==================================================

coord:(26.05382895685092, 8.969664290777729, 44.9303456282813)->(26.05382895685092, 10.28718238460078, 44.9303456282813)
state:air-5.0, action:Wait, timestep:115, reward:0.8898645413057586
==================================================

coord:(26.05382895685092, 10.28718238460078, 44.9303456282813)->(28.047162217069197, 11.645230657648455, 44.9303456282813)
state:field-0.0, action:W, timestep:116, reward:1.7169584669842166
==================================================

coord:(28.047162217069197, 11.645230657648455, 44.9303456282813)->(28.047162217069197, 13.011613521880761, 44.9303456282813)
state:air-5.0, action:Wait, timestep:117, reward:0.8199490174124175
==================================================

coord:(28.047162217069197, 13.011613521880761, 44.9303456282813)->(28.047162217069197, 14.34979245982817, 42.937012368062945)
state:field-0.0, action:A, timestep:118, reward:2.147816620938757
==================================================

coord:(28.047162217069197, 14.34979245982817, 42.937012368062945)->(28.047162217069197, 15.620376208807022, 42.937012368062945)
state:air-5.0, action:Wait, timestep:119, reward:0.6433205376561233
==================================================

coord:(28.047162217069197, 15.620376208807022, 42.937012368062945)->(29.027683567568342, 15.620376208807022, 41.956491017563856)
state:field-0.0, action:WA, timestep:120, reward:1.1901329942174605
==================================================

coord:(29.027683567568342, 15.620376208807022, 41.956491017563856)->(29.027683567568342, 18.509011634019505, 41.956491017563856)
state:air-5.0, action:Wait, timestep:121, reward:1.0797174736427513
==================================================

coord:(29.027683567568342, 18.509011634019505, 41.956491017563856)->(28.966400983162146, 18.509011634019505, 42.01777360197005)
state:field-0.0, action:SD, timestep:122, reward:-0.08324119970174415
==================================================

coord:(28.966400983162146, 18.509011634019505, 42.01777360197005)->(28.966400983162146, 15.620376208807022, 42.01777360197005)
state:air-5.0, action:Wait, timestep:123, reward:-1.0691075980013878
==================================================

coord:(28.966400983162146, 15.620376208807022, 42.01777360197005)->(30.00640094501516, 17.22685325412422, 42.01777360197005)
state:field-0.0, action:W, timestep:124, reward:1.1946242241243255
==================================================

coord:(30.00640094501516, 17.22685325412422, 42.01777360197005)->(30.00640094501516, 18.752182617040727, 42.01777360197005)
state:air-5.0, action:Wait, timestep:125, reward:0.43477021755022527
==================================================

coord:(30.00640094501516, 18.752182617040727, 42.01777360197005)->(30.00640094501516, 18.499152080047377, 44.011106862188406)
state:field-0.0, action:D, timestep:126, reward:-1.8467558858400324
==================================================

coord:(30.00640094501516, 18.499152080047377, 44.011106862188406)->(30.00640094501516, 15.620376208807022, 44.011106862188406)
state:air-5.0, action:Wait, timestep:127, reward:-0.9255020245887238
==================================================

coord:(30.00640094501516, 15.620376208807022, 44.011106862188406)->(31.0482048799205, 17.22685325412422, 42.969302927283124)
state:field-0.0, action:WA, timestep:128, reward:1.8578090107687757
==================================================

coord:(31.0482048799205, 17.22685325412422, 42.969302927283124)->(31.0482048799205, 20.0, 42.969302927283124)
state:air-5.0, action:Wait, timestep:129, reward:0.5130999260019786
==================================================

coord:(31.0482048799205, 20.0, 42.969302927283124)->(31.0482048799205, 19.74696946300665, 44.00930288913618)
state:field-0.0, action:D, timestep:130, reward:-1.0101229391858073
==================================================

coord:(31.0482048799205, 19.74696946300665, 44.00930288913618)->(31.0482048799205, 16.782967888076367, 44.00930288913618)
state:air-5.0, action:Wait, timestep:131, reward:-0.6015927437164308
==================================================

coord:(31.0482048799205, 16.782967888076367, 44.00930288913618)->(33.070530165324925, 17.246189101812877, 46.03162817454055)
state:field-0.0, action:WD, timestep:132, reward:-1.553815040928468
==================================================

coord:(33.070530165324925, 17.246189101812877, 46.03162817454055)->(33.070530165324925, 14.729323834804282, 46.03162817454055)
state:air-5.0, action:Wait, timestep:133, reward:-0.9292107565398382
==================================================

coord:(33.070530165324925, 14.729323834804282, 46.03162817454055)->(37.750529993663676, 15.518766254243811, 46.03162817454055)
state:field-0.0, action:W, timestep:134, reward:-0.6378776610464758
==================================================

coord:(37.750529993663676, 15.518766254243811, 46.03162817454055)->(36.77000864316459, 15.620376208807022, 47.01214952503964)
state:field-0.0, action:SD, timestep:135, reward:-0.4662290257608497
==================================================

coord:(36.77000864316459, 15.620376208807022, 47.01214952503964)->(36.77000864316459, 13.619815946724621, 47.01214952503964)
state:air-5.0, action:Wait, timestep:136, reward:-0.8372524313283201
==================================================

coord:(36.77000864316459, 13.619815946724621, 47.01214952503964)->(36.83129122757078, 13.619815946724621, 46.950866940633446)
state:field-0.0, action:WA, timestep:137, reward:0.033194958209207925
==================================================

coord:(36.83129122757078, 13.619815946724621, 46.950866940633446)->(36.83129122757078, 15.620376208807022, 46.950866940633446)
state:air-5.0, action:Wait, timestep:138, reward:0.8394942263253498
==================================================

coord:(36.83129122757078, 15.620376208807022, 46.950866940633446)->(35.85076987707169, 15.61577565358896, 45.97034559013436)
state:field-0.0, action:SA, timestep:139, reward:1.1422613952951295
==================================================

coord:(35.85076987707169, 15.61577565358896, 45.97034559013436)->(35.85076987707169, 17.567454896427755, 45.97034559013436)
state:air-5.0, action:Wait, timestep:140, reward:0.607218378918752
==================================================

coord:(35.85076987707169, 17.567454896427755, 45.97034559013436)->(35.85076987707169, 17.567454896427755, 46.05701225362211)
state:field-0.0, action:D, timestep:141, reward:-0.08116897648259602
==================================================

coord:(35.85076987707169, 17.567454896427755, 46.05701225362211)->(35.85076987707169, 15.518766254243811, 46.05701225362211)
state:air-5.0, action:Wait, timestep:142, reward:-0.6407434731508541
==================================================

coord:(35.85076987707169, 15.518766254243811, 46.05701225362211)->(34.8702485265726, 15.51416569902575, 47.0375336041212)
state:field-0.0, action:SD, timestep:143, reward:-0.6868746124778173
==================================================

coord:(34.8702485265726, 15.51416569902575, 47.0375336041212)->(34.8702485265726, 13.268873328369823, 47.0375336041212)
state:air-5.0, action:Wait, timestep:144, reward:-1.0024891573575072
==================================================

coord:(34.8702485265726, 13.268873328369823, 47.0375336041212)->(34.8702485265726, 13.268873328369823, 48.07753356597426)
state:field-0.0, action:D, timestep:145, reward:-0.8898580529964715
==================================================

coord:(34.8702485265726, 13.268873328369823, 48.07753356597426)->(34.8702485265726, 11.419450388942312, 48.07753356597426)
state:air-5.0, action:Wait, timestep:146, reward:-0.9803491509763873
==================================================

coord:(34.8702485265726, 11.419450388942312, 48.07753356597426)->(36.83129122757078, 11.093164031481152, 50.038576266972434)
state:field-0.0, action:WD, timestep:147, reward:-2.1285565594299634
==================================================

