coord:(8.0, 20.0, 1.0)->(8.0, 20.0, 1.0)
state:field-4, action:Wait, timestep:1, reward:-0.0
==================================================

coord:(8.0, 20.0, 1.0)->(8.0, 19.00366669336955, 6.999999999999992)
state:field-4.0, action:Dsj, timestep:2, reward:5.853525020017699
==================================================

coord:(8.0, 19.00366669336955, 6.999999999999992)->(8.0, 20.303666645685762, 7.049999999999992)
state:wall-14.0, action:W, timestep:3, reward:-0.2539420703711386
==================================================

coord:(8.0, 20.303666645685762, 7.049999999999992)->(8.0, 20.303666645685762, 7.049999999999992)
state:air-9.0, action:j, timestep:4, reward:-1.4880957479590506e-06
==================================================

coord:(8.0, 20.303666645685762, 7.049999999999992)->(11.67695506437169, 16.40366678873691, 3.3730449356282537)
state:parachute-19.0, action:WA, timestep:5, reward:-1.8987793562302215
==================================================

coord:(11.67695506437169, 16.40366678873691, 3.3730449356282537)->(11.67695506437169, 16.40366678873691, 3.3730449356282537)
state:parachute-19.0, action:SAj, timestep:6, reward:1.4665236847122287e-06
==================================================

coord:(11.67695506437169, 16.40366678873691, 3.3730449356282537)->(11.67695506437169, 17.703666741053123, 4.023044935628252)
state:wall-14.0, action:W, timestep:7, reward:0.4275106780869322
==================================================

coord:(11.67695506437169, 17.703666741053123, 4.023044935628252)->(11.67695506437169, 17.703666741053123, 4.023044935628252)
state:air-9.0, action:j, timestep:8, reward:1.3702256040915017e-06
==================================================

coord:(11.67695506437169, 17.703666741053123, 4.023044935628252)->(11.67695506437169, 17.703666741053123, 4.023044935628252)
state:parachute-19.0, action:j, timestep:9, reward:1.3702256040915017e-06
==================================================

coord:(11.67695506437169, 17.703666741053123, 4.023044935628252)->(11.67695506437169, 16.40366678873691, 4.023044935628252)
state:wall-14.0, action:S, timestep:10, reward:0.20512266400938728
==================================================

coord:(11.67695506437169, 16.40366678873691, 4.023044935628252)->(11.67695506437169, 16.40366678873691, 4.023044935628252)
state:air-9.0, action:j, timestep:11, reward:-1.2373578002211616e-06
==================================================

coord:(11.67695506437169, 16.40366678873691, 4.023044935628252)->(7.999999999999999, 12.503666931788057, 7.699999999999995)
state:parachute-19.0, action:SD, timestep:12, reward:3.0473342496246474
==================================================

coord:(7.999999999999999, 12.503666931788057, 7.699999999999995)->(4.323044935628256, 8.603667074839205, 11.376955064371689)
state:parachute-19.0, action:SD, timestep:13, reward:2.0904375554040016
==================================================

coord:(4.323044935628256, 8.603667074839205, 11.376955064371689)->(4.323044935628256, 8.603667074839205, 11.376955064371689)
state:parachute-19.0, action:WDj, timestep:14, reward:-1.2873694359427645e-06
==================================================

coord:(4.323044935628256, 8.603667074839205, 11.376955064371689)->(4.323044935628256, 7.303667122522914, 11.376955064371689)
state:wall-14.0, action:S, timestep:15, reward:-0.1026603285541583
==================================================

coord:(4.323044935628256, 7.303667122522914, 11.376955064371689)->(4.323044935628256, 0.0, 11.376955064371689)
state:air-9.0, action:Wait, timestep:16, reward:-1.4431191593496564
==================================================

coord:(4.323044935628256, 0.0, 11.376955064371689)->(0.646089871256533, 0.0, 15.053910128743379)
state:field-4.0, action:SD, timestep:17, reward:1.3631872434218408
==================================================

coord:(0.646089871256533, 0.0, 15.053910128743379)->(0.646089871256533, 0.0, 15.053910128743379)
state:field-4.0, action:j, timestep:18, reward:1.3608534814579798e-06
==================================================

coord:(0.646089871256533, 0.0, 15.053910128743379)->(4.040202267496765, 0.0, 11.659797732503105)
state:field-4.0, action:WAsj, timestep:19, reward:-1.2337342816826649
==================================================

coord:(4.040202267496765, 0.0, 11.659797732503105)->(4.040202267496765, 0.0, 16.85979754176826)
state:field-4.0, action:D, timestep:20, reward:4.375548999888043
==================================================

coord:(4.040202267496765, 0.0, 16.85979754176826)->(0.3632472031250437, 0.0, 20.536752606140055)
state:field-4.0, action:SD, timestep:21, reward:0.8750287715858356
==================================================

coord:(0.3632472031250437, 0.0, 20.536752606140055)->(6.363247203125038, 0.0, 20.536752606140055)
state:field-4.0, action:Ws, timestep:22, reward:3.1800703293099915
==================================================

coord:(6.363247203125038, 0.0, 20.536752606140055)->(2.1206067078247486, 0.17089039694146702, 24.77939310144029)
state:field-3.0, action:SDs, timestep:23, reward:0.9292816580979668
==================================================

coord:(2.1206067078247486, 0.17089039694146702, 24.77939310144029)->(4.595480330083251, 0.8082362759396398, 27.254266723698763)
state:field-3.0, action:WDsj, timestep:24, reward:3.4550778872501198
==================================================

coord:(4.595480330083251, 0.8082362759396398, 27.254266723698763)->(4.595480330083251, 2.3572997362478776, 31.054266723698817)
state:field-2.0, action:Ds, timestep:25, reward:3.032991736241094
==================================================

coord:(4.595480330083251, 2.3572997362478776, 31.054266723698817)->(4.595480330083251, 3.216465842073111, 31.054266723698817)
state:air-7.0, action:Wait, timestep:26, reward:0.33512413148686093
==================================================

coord:(4.595480330083251, 3.216465842073111, 31.054266723698817)->(5.576001680582382, 4.757006903687358, 32.03478807419796)
state:field-2.0, action:WDj, timestep:27, reward:1.831276919940322
==================================================

coord:(5.576001680582382, 4.757006903687358, 32.03478807419796)->(5.576001680582382, 4.757006903687358, 32.03478807419796)
state:field-2.0, action:Wait, timestep:28, reward:-9.273497170170231e-07
==================================================

coord:(5.576001680582382, 4.757006903687358, 32.03478807419796)->(6.565951129485783, 5.156137421258171, 33.02473752310135)
state:field-2.0, action:WDs, timestep:29, reward:1.4462776625533742
==================================================

coord:(6.565951129485783, 5.156137421258171, 33.02473752310135)->(6.565951129485783, 6.7188343347313975, 33.02473752310135)
state:air-7.0, action:Wait, timestep:30, reward:0.44824858851468363
==================================================

coord:(6.565951129485783, 6.7188343347313975, 33.02473752310135)->(7.60775506439111, 7.500928783273989, 31.982933588196065)
state:field-2.0, action:WAj, timestep:31, reward:0.26354347538604017
==================================================

coord:(7.60775506439111, 7.500928783273989, 31.982933588196065)->(7.60775506439111, 4.095916076090375, 31.982933588196065)
state:air-7.0, action:Wait, timestep:32, reward:-1.0042573475578216
==================================================

coord:(7.60775506439111, 4.095916076090375, 31.982933588196065)->(4.307755064391122, 3.216465842073111, 31.982933588196065)
state:field-2.0, action:Ss, timestep:33, reward:-2.6612393457131596
==================================================

coord:(4.307755064391122, 3.216465842073111, 31.982933588196065)->(4.307755064391122, 3.377485401265763, 28.949600366124777)
state:field-2.0, action:Aj, timestep:34, reward:-1.7768353020211833
==================================================

coord:(4.307755064391122, 3.377485401265763, 28.949600366124777)->(4.307755064391122, 1.1816653617982986, 28.949600366124777)
state:air-7.0, action:Wait, timestep:35, reward:-0.8407449769411635
==================================================

coord:(4.307755064391122, 1.1816653617982986, 28.949600366124777)->(4.2370443894694505, 1.6883144133931263, 29.020311041046448)
state:field-2.0, action:SDsj, timestep:36, reward:0.20813487265425934
==================================================

coord:(4.2370443894694505, 1.6883144133931263, 29.020311041046448)->(5.217565739968582, 2.6145855278783046, 30.000832391545593)
state:field-2.0, action:WDj, timestep:37, reward:1.6407804481597665
==================================================

coord:(5.217565739968582, 2.6145855278783046, 30.000832391545593)->(3.501653376595106, 1.041139962391984, 28.28492002817209)
state:field-1.0, action:SA, timestep:38, reward:-2.8542032022204005
==================================================

coord:(3.501653376595106, 1.041139962391984, 28.28492002817209)->(1.6018932600030509, 1.5047578272521835, 30.184680144764183)
state:field-2.0, action:SDj, timestep:39, reward:-0.030638892128816764
==================================================

coord:(1.6018932600030509, 1.5047578272521835, 30.184680144764183)->(5.844533755303341, 0.508424520621734, 25.942039649463947)
state:field-2.0, action:WAsj, timestep:40, reward:-0.34781193948186484
==================================================

coord:(5.844533755303341, 0.508424520621734, 25.942039649463947)->(5.844533755303341, 3.1084244252543, 26.042039649463945)
state:wall-11.0, action:Wj, timestep:41, reward:1.0667639622928249
==================================================

coord:(5.844533755303341, 3.1084244252543, 26.042039649463945)->(5.844533755303341, 0.5992014760923523, 26.042039649463945)
state:air-5.0, action:Wait, timestep:42, reward:-0.9564612111338278
==================================================

coord:(5.844533755303341, 0.5992014760923523, 26.042039649463945)->(4.85458430639994, 0.8082362759396398, 27.031989098367333)
state:field-0.0, action:SDs, timestep:43, reward:0.20644838665760545
==================================================

coord:(4.85458430639994, 0.8082362759396398, 27.031989098367333)->(4.85458430639994, 0.352885631964017, 25.645322482563316)
state:field-0.0, action:A, timestep:44, reward:-1.1503477403308082
==================================================

coord:(4.85458430639994, 0.352885631964017, 25.645322482563316)->(1.474584430377601, 0.22526088161698715, 25.645322482563316)
state:field-0.0, action:Sj, timestep:45, reward:-2.1313530671921015
==================================================

coord:(1.474584430377601, 0.22526088161698715, 25.645322482563316)->(3.878747377714432, 1.041139962391984, 28.049485429900116)
state:field-0.0, action:WDsj, timestep:46, reward:3.440840492314287
==================================================

coord:(3.878747377714432, 1.041139962391984, 28.049485429900116)->(6.000067625364577, 2.6145855278783046, 30.170805677550234)
state:field-0.0, action:WDs, timestep:47, reward:3.381311136769483
==================================================

coord:(6.000067625364577, 2.6145855278783046, 30.170805677550234)->(6.000067625364577, 2.8339589482040806, 30.170805677550234)
state:air-5.0, action:Wait, timestep:48, reward:0.0879361299845165
==================================================

coord:(6.000067625364577, 2.8339589482040806, 30.170805677550234)->(8.946734183948154, 3.107298164943507, 30.170805677550234)
state:field-0.0, action:Wj, timestep:49, reward:1.9050808798496135
==================================================

coord:(8.946734183948154, 3.107298164943507, 30.170805677550234)->(11.152907222571168, 3.1901082890451398, 27.964632638927156)
state:field-0.0, action:WAj, timestep:50, reward:-0.5672771379906116
==================================================

coord:(11.152907222571168, 3.1901082890451398, 27.964632638927156)->(11.152907222571168, 1.0292252796836443, 27.964632638927156)
state:air-5.0, action:Wait, timestep:51, reward:-0.9765779452809511
==================================================

coord:(11.152907222571168, 1.0292252796836443, 27.964632638927156)->(13.84934093644374, 0.39140108156033376, 25.268198925054506)
state:field-0.0, action:WAj, timestep:52, reward:-1.6238958111679693
==================================================

coord:(13.84934093644374, 0.39140108156033376, 25.268198925054506)->(14.339601611693299, 0.352885631964017, 25.75845960030408)
state:field-0.0, action:WD, timestep:53, reward:0.5061516870535385
==================================================

coord:(14.339601611693299, 0.352885631964017, 25.75845960030408)->(15.895236459970091, 0.19847252309924898, 24.202824752027325)
state:field-0.0, action:WAs, timestep:54, reward:-1.1130934769086842
==================================================

coord:(15.895236459970091, 0.19847252309924898, 24.202824752027325)->(14.424454434221415, 0.3068054221965108, 22.732042726278607)
state:field-0.0, action:SA, timestep:55, reward:-1.4773991873730736
==================================================

coord:(14.424454434221415, 0.3068054221965108, 22.732042726278607)->(13.99112111678265, 0.3068054221965108, 22.732042726278607)
state:field-0.0, action:S, timestep:56, reward:-0.08918583311329442
==================================================

coord:(13.99112111678265, 0.3068054221965108, 22.732042726278607)->(13.99112111678265, 19.948294068319218, 22.732042726278607)
state:air-5.0, action:Wait, timestep:57, reward:0.5006888225292805
==================================================

coord:(13.99112111678265, 19.948294068319218, 22.732042726278607)->(11.997787856564335, 19.695263531325867, 22.732042726278607)
state:field-0.0, action:S, timestep:58, reward:-0.41961347880653577
==================================================

coord:(11.997787856564335, 19.695263531325867, 22.732042726278607)->(11.997787856564335, 17.050846974488127, 22.732042726278607)
state:air-5.0, action:Wait, timestep:59, reward:0.8879656929375344
==================================================

coord:(11.997787856564335, 17.050846974488127, 22.732042726278607)->(10.955983921659023, 17.004841422307518, 21.690238791373265)
state:field-0.0, action:SA, timestep:60, reward:-1.2700830763680884
==================================================

coord:(10.955983921659023, 17.004841422307518, 21.690238791373265)->(10.955983921659023, 13.903950414594123, 21.690238791373265)
state:air-5.0, action:Wait, timestep:61, reward:0.6302362153191403
==================================================

coord:(10.955983921659023, 13.903950414594123, 21.690238791373265)->(10.955983921659023, 13.600313770202105, 19.956905521618243)
state:field-0.0, action:A, timestep:62, reward:-1.5771446259812834
==================================================

coord:(10.955983921659023, 13.600313770202105, 19.956905521618243)->(10.955983921659023, 10.816394591160481, 19.956905521618243)
state:air-5.0, action:Wait, timestep:63, reward:0.16964921273003242
==================================================

coord:(10.955983921659023, 10.816394591160481, 19.956905521618243)->(11.017266506065218, 10.816394591160481, 20.01818810602444)
state:field-0.0, action:WD, timestep:64, reward:0.07802642533372861
==================================================

coord:(11.017266506065218, 10.816394591160481, 20.01818810602444)->(11.017266506065218, 13.687440043142715, 20.01818810602444)
state:air-5.0, action:Wait, timestep:65, reward:-0.18059965634033404
==================================================

coord:(11.017266506065218, 13.687440043142715, 20.01818810602444)->(11.017266506065218, 15.39721178850623, 22.011521366242714)
state:field-0.0, action:D, timestep:66, reward:1.5714719150740883
==================================================

coord:(11.017266506065218, 15.39721178850623, 22.011521366242714)->(11.017266506065218, 17.050846974488127, 22.011521366242714)
state:air-5.0, action:Wait, timestep:67, reward:-0.3937131239316862
==================================================

coord:(11.017266506065218, 17.050846974488127, 22.011521366242714)->(12.05907044097053, 16.498780348320825, 20.969717431337372)
state:field-0.0, action:WA, timestep:68, reward:-0.47896615433619516
==================================================

coord:(12.05907044097053, 16.498780348320825, 20.969717431337372)->(12.05907044097053, 14.921418890494142, 20.969717431337372)
state:air-5.0, action:Wait, timestep:69, reward:0.3331785596923318
==================================================

coord:(12.05907044097053, 14.921418890494142, 20.969717431337372)->(12.05907044097053, 14.921418890494142, 21.056384094825123)
state:field-0.0, action:D, timestep:70, reward:0.08130392736308423
==================================================

coord:(12.05907044097053, 14.921418890494142, 21.056384094825123)->(12.05907044097053, 16.785333569885317, 21.056384094825123)
state:air-5.0, action:Wait, timestep:71, reward:-0.40577409663574215
==================================================

coord:(12.05907044097053, 16.785333569885317, 21.056384094825123)->(13.039591791469647, 16.785333569885317, 22.03690544532427)
state:field-0.0, action:WD, timestep:72, reward:1.1786851753436771
==================================================

coord:(13.039591791469647, 16.785333569885317, 22.03690544532427)->(13.039591791469647, 19.948294068319218, 22.03690544532427)
state:air-5.0, action:Wait, timestep:73, reward:-1.0455177352270013
==================================================

coord:(13.039591791469647, 19.948294068319218, 22.03690544532427)->(12.978309207063452, 19.948294068319218, 21.975622860918072)
state:field-0.0, action:SA, timestep:74, reward:-0.06976595458235835
==================================================

coord:(12.978309207063452, 19.948294068319218, 21.975622860918072)->(12.978309207063452, 16.785333569885317, 21.975622860918072)
state:air-5.0, action:Wait, timestep:75, reward:1.0423038151866457
==================================================

coord:(12.978309207063452, 16.785333569885317, 21.975622860918072)->(11.997787856564335, 16.785333569885317, 20.995101510418927)
state:field-0.0, action:SA, timestep:76, reward:-1.1801160453973978
==================================================

coord:(11.997787856564335, 16.785333569885317, 20.995101510418927)->(11.997787856564335, 13.687440043142715, 20.995101510418927)
state:air-5.0, action:Wait, timestep:77, reward:0.59391250672995
==================================================

coord:(11.997787856564335, 13.687440043142715, 20.995101510418927)->(10.955983921659023, 13.687440043142715, 19.953297575513584)
state:field-0.0, action:SA, timestep:78, reward:-1.3078400828528238
==================================================

coord:(10.955983921659023, 13.687440043142715, 19.953297575513584)->(10.955983921659023, 10.816394591160481, 19.953297575513584)
state:air-5.0, action:Wait, timestep:79, reward:0.18000246572182022
==================================================

coord:(10.955983921659023, 10.816394591160481, 19.953297575513584)->(10.955983921659023, 10.816394591160481, 19.953297575513584)
state:field-0.0, action:Wait, timestep:80, reward:2.5319740615259434e-07
==================================================

coord:(10.955983921659023, 10.816394591160481, 19.953297575513584)->(11.017266506065218, 10.816394591160481, 20.01458015991978)
state:field-0.0, action:WD, timestep:81, reward:0.07802475364553274
==================================================

coord:(11.017266506065218, 10.816394591160481, 20.01458015991978)->(11.017266506065218, 13.687440043142715, 20.01458015991978)
state:air-5.0, action:Wait, timestep:82, reward:-0.1805743106358122
==================================================

coord:(11.017266506065218, 13.687440043142715, 20.01458015991978)->(10.955983921659023, 13.687440043142715, 19.953297575513584)
state:field-0.0, action:SA, timestep:83, reward:-0.07745144149540195
==================================================

coord:(10.955983921659023, 13.687440043142715, 19.953297575513584)->(10.955983921659023, 10.816394591160481, 19.953297575513584)
state:air-5.0, action:Wait, timestep:84, reward:0.18000246572182022
==================================================

coord:(10.955983921659023, 10.816394591160481, 19.953297575513584)->(11.017266506065218, 10.816394591160481, 20.01458015991978)
state:field-0.0, action:WD, timestep:85, reward:0.07802475364553274
==================================================

coord:(11.017266506065218, 10.816394591160481, 20.01458015991978)->(11.017266506065218, 13.687440043142715, 20.01458015991978)
state:air-5.0, action:Wait, timestep:86, reward:-0.1805743106358122
==================================================

coord:(11.017266506065218, 13.687440043142715, 20.01458015991978)->(13.010599766283534, 14.921418890494142, 20.01458015991978)
state:field-0.0, action:W, timestep:87, reward:0.3905528009491448
==================================================

coord:(13.010599766283534, 14.921418890494142, 20.01458015991978)->(13.010599766283534, 16.013344054499413, 20.01458015991978)
state:air-5.0, action:Wait, timestep:88, reward:-0.2141324744789337
==================================================

coord:(13.010599766283534, 16.013344054499413, 20.01458015991978)->(11.907513246972027, 15.39721178850623, 21.11766667923132)
state:field-0.0, action:SD, timestep:89, reward:0.8619519455649041
==================================================

coord:(11.907513246972027, 15.39721178850623, 21.11766667923132)->(11.907513246972027, 15.39721178850623, 21.11766667923132)
state:field-0.0, action:Wait, timestep:90, reward:1.1756197437762239e-07
==================================================

coord:(11.907513246972027, 15.39721178850623, 21.11766667923132)->(11.907513246972027, 17.050846974488127, 23.024333275961844)
state:field-0.0, action:D, timestep:91, reward:1.350754748441215
==================================================

coord:(11.907513246972027, 17.050846974488127, 23.024333275961844)->(11.907513246972027, 18.58805074886999, 23.024333275961844)
state:air-5.0, action:Wait, timestep:92, reward:-0.4881863023453157
==================================================

coord:(11.907513246972027, 18.58805074886999, 23.024333275961844)->(11.907513246972027, 18.33502021187664, 21.98433331410883)
state:field-0.0, action:A, timestep:93, reward:-0.8403724001601596
==================================================

coord:(11.907513246972027, 18.33502021187664, 21.98433331410883)->(11.907513246972027, 15.39721178850623, 21.98433331410883)
state:air-5.0, action:Wait, timestep:94, reward:0.7835136271806569
==================================================

coord:(11.907513246972027, 15.39721178850623, 21.98433331410883)->(11.907513246972027, 15.39721178850623, 21.98433331410883)
state:field-0.0, action:Wait, timestep:95, reward:-3.9564649156886844e-07
==================================================

coord:(11.907513246972027, 15.39721178850623, 21.98433331410883)->(10.865709312066715, 15.392611233288168, 20.94252937920349)
state:field-0.0, action:SA, timestep:96, reward:-1.3013566411089563
==================================================

coord:(10.865709312066715, 15.392611233288168, 20.94252937920349)->(10.865709312066715, 12.35999674984333, 20.94252937920349)
state:air-5.0, action:Wait, timestep:97, reward:0.40324053900639
==================================================

coord:(10.865709312066715, 12.35999674984333, 20.94252937920349)->(10.865709312066715, 12.35999674984333, 20.94252937920349)
state:field-0.0, action:Wait, timestep:98, reward:3.3514896813358064e-07
==================================================

coord:(10.865709312066715, 12.35999674984333, 20.94252937920349)->(10.865709312066715, 12.35999674984333, 20.94252937920349)
state:field-0.0, action:Wait, timestep:99, reward:3.3514896813358064e-07
==================================================

coord:(10.865709312066715, 12.35999674984333, 20.94252937920349)->(10.865709312066715, 12.35999674984333, 20.94252937920349)
state:field-0.0, action:Wait, timestep:100, reward:3.3514896813358064e-07
==================================================

coord:(10.865709312066715, 12.35999674984333, 20.94252937920349)->(10.865709312066715, 12.35999674984333, 20.94252937920349)
state:field-0.0, action:Wait, timestep:101, reward:3.3514896813358064e-07
==================================================

coord:(10.865709312066715, 12.35999674984333, 20.94252937920349)->(10.865709312066715, 12.35999674984333, 20.94252937920349)
state:field-0.0, action:Wait, timestep:102, reward:3.3514896813358064e-07
==================================================

coord:(10.865709312066715, 12.35999674984333, 20.94252937920349)->(10.865709312066715, 12.35999674984333, 20.94252937920349)
state:field-0.0, action:Wait, timestep:103, reward:3.3514896813358064e-07
==================================================

coord:(10.865709312066715, 12.35999674984333, 20.94252937920349)->(11.049557065285299, 13.903950414594123, 21.12637713242208)
state:field-0.0, action:WD, timestep:104, reward:0.07592801038804708
==================================================

coord:(11.049557065285299, 13.903950414594123, 21.12637713242208)->(11.049557065285299, 15.39721178850623, 21.12637713242208)
state:air-5.0, action:Wait, timestep:105, reward:-0.24880237007495865
==================================================

coord:(11.049557065285299, 15.39721178850623, 21.12637713242208)->(12.152643584596806, 14.921418890494142, 20.02329061311054)
state:field-0.0, action:WA, timestep:106, reward:-0.6015283746151674
==================================================

coord:(12.152643584596806, 14.921418890494142, 20.02329061311054)->(12.091361000190611, 14.921418890494142, 19.962008028704343)
state:field-0.0, action:SA, timestep:107, reward:-0.07512455541660401
==================================================

coord:(12.091361000190611, 14.921418890494142, 19.962008028704343)->(12.091361000190611, 13.057928561480121, 19.962008028704343)
state:air-5.0, action:Wait, timestep:108, reward:0.25115337498669277
==================================================

coord:(12.091361000190611, 13.057928561480121, 19.962008028704343)->(12.152643584596806, 13.057928561480121, 20.02329061311054)
state:field-0.0, action:WD, timestep:109, reward:0.07590700120140426
==================================================

coord:(12.152643584596806, 13.057928561480121, 20.02329061311054)->(12.152643584596806, 14.921418890494142, 20.02329061311054)
state:air-5.0, action:Wait, timestep:110, reward:-0.2519361657528627
==================================================

coord:(12.152643584596806, 14.921418890494142, 20.02329061311054)->(13.133164935095923, 16.013344054499413, 21.003811963609685)
state:field-0.0, action:WD, timestep:111, reward:0.9679766412079154
==================================================

coord:(13.133164935095923, 16.013344054499413, 21.003811963609685)->(13.133164935095923, 18.01365697838211, 21.003811963609685)
state:air-5.0, action:Wait, timestep:112, reward:-0.5328842410815788
==================================================

coord:(13.133164935095923, 18.01365697838211, 21.003811963609685)->(13.071882350689728, 18.01365697838211, 20.94252937920349)
state:field-0.0, action:SA, timestep:113, reward:-0.07147540152748633
==================================================

coord:(13.071882350689728, 18.01365697838211, 20.94252937920349)->(13.071882350689728, 16.013344054499413, 20.94252937920349)
state:air-5.0, action:Wait, timestep:114, reward:0.5312594083482018
==================================================

coord:(13.071882350689728, 16.013344054499413, 20.94252937920349)->(13.071882350689728, 16.013344054499413, 21.02919604269124)
state:field-0.0, action:D, timestep:115, reward:0.08151372786444
==================================================

coord:(13.071882350689728, 16.013344054499413, 21.02919604269124)->(13.071882350689728, 18.01365697838211, 21.02919604269124)
state:air-5.0, action:Wait, timestep:116, reward:-0.5330715972202071
==================================================

coord:(13.071882350689728, 18.01365697838211, 21.02919604269124)->(13.071882350689728, 18.01365697838211, 21.02919604269124)
state:field-0.0, action:Wait, timestep:117, reward:-7.927587120093449e-08
==================================================

coord:(13.071882350689728, 18.01365697838211, 21.02919604269124)->(12.091361000190611, 18.58805074886999, 22.009717393190385)
state:field-0.0, action:SD, timestep:118, reward:0.4397293282003929
==================================================

coord:(12.091361000190611, 18.58805074886999, 22.009717393190385)->(12.091361000190611, 18.58805074886999, 21.923050729702634)
state:field-0.0, action:A, timestep:119, reward:-0.07758067866161156
==================================================

coord:(12.091361000190611, 18.58805074886999, 21.923050729702634)->(12.091361000190611, 16.785333569885317, 21.923050729702634)
state:air-5.0, action:Wait, timestep:120, reward:0.5401256500994549
==================================================

coord:(12.091361000190611, 16.785333569885317, 21.923050729702634)->(12.213926169003, 16.785333569885317, 22.045615898515027)
state:field-0.0, action:WD, timestep:121, reward:0.14899051259820695
==================================================

coord:(12.213926169003, 16.785333569885317, 22.045615898515027)->(12.213926169003, 18.58805074886999, 22.045615898515027)
state:air-5.0, action:Wait, timestep:122, reward:-0.543565733699964
==================================================

coord:(12.213926169003, 18.58805074886999, 22.045615898515027)->(10.913926216686708, 18.28441410447797, 22.045615898515027)
state:field-0.0, action:S, timestep:123, reward:-0.3109976257344442
==================================================

coord:(10.913926216686708, 18.28441410447797, 22.045615898515027)->(10.913926216686708, 15.39721178850623, 22.045615898515027)
state:air-5.0, action:Wait, timestep:124, reward:0.7582465153951077
==================================================

coord:(10.913926216686708, 15.39721178850623, 22.045615898515027)->(10.913926216686708, 15.39721178850623, 22.045615898515027)
state:field-0.0, action:Wait, timestep:125, reward:-8.600931735713857e-07
==================================================

coord:(10.913926216686708, 15.39721178850623, 22.045615898515027)->(11.036491385499097, 15.39721178850623, 21.923050729702634)
state:field-0.0, action:WA, timestep:126, reward:-0.06929523625519352
==================================================

coord:(11.036491385499097, 15.39721178850623, 21.923050729702634)->(11.036491385499097, 15.39721178850623, 21.923050729702634)
state:field-0.0, action:Wait, timestep:127, reward:6.469235174222376e-07
==================================================

coord:(11.036491385499097, 15.39721178850623, 21.923050729702634)->(10.913926216686708, 15.39721178850623, 22.045615898515027)
state:field-0.0, action:SD, timestep:128, reward:0.06929502308553737
==================================================

coord:(10.913926216686708, 15.39721178850623, 22.045615898515027)->(11.036491385499097, 15.39721178850623, 21.923050729702634)
state:field-0.0, action:WA, timestep:129, reward:-0.06929523625519352
==================================================

coord:(11.036491385499097, 15.39721178850623, 21.923050729702634)->(11.036491385499097, 15.093575144114212, 19.92971746948436)
state:field-0.0, action:A, timestep:130, reward:-1.7831642373384504
==================================================

coord:(11.036491385499097, 15.093575144114212, 19.92971746948436)->(11.036491385499097, 11.978057555019896, 19.92971746948436)
state:air-5.0, action:Wait, timestep:131, reward:0.35689304010707446
==================================================

coord:(11.036491385499097, 11.978057555019896, 19.92971746948436)->(12.017012735998215, 13.687440043142715, 20.910238819983505)
state:field-0.0, action:WD, timestep:132, reward:1.08165707251678
==================================================

coord:(12.017012735998215, 13.687440043142715, 20.910238819983505)->(12.017012735998215, 14.921418890494142, 20.910238819983505)
state:air-5.0, action:Wait, timestep:133, reward:-0.18882608499923137
==================================================

coord:(12.017012735998215, 14.921418890494142, 20.910238819983505)->(12.017012735998215, 14.921418890494142, 20.910238819983505)
state:field-0.0, action:Wait, timestep:134, reward:-4.776994266819656e-07
==================================================

coord:(12.017012735998215, 14.921418890494142, 20.910238819983505)->(10.97701277414518, 14.668388353500793, 20.910238819983505)
state:field-0.0, action:S, timestep:135, reward:-0.2858315155456097
==================================================

coord:(10.97701277414518, 14.668388353500793, 20.910238819983505)->(10.97701277414518, 12.35999674984333, 20.910238819983505)
state:air-5.0, action:Wait, timestep:136, reward:0.2726133525239831
==================================================

coord:(10.97701277414518, 12.35999674984333, 20.910238819983505)->(10.97701277414518, 12.35999674984333, 20.910238819983505)
state:field-0.0, action:Wait, timestep:137, reward:-1.7286664188986833e-07
==================================================

coord:(10.97701277414518, 12.35999674984333, 20.910238819983505)->(12.017012735998215, 13.687440043142715, 20.910238819983505)
state:field-0.0, action:W, timestep:138, reward:0.20204319617400657
==================================================

coord:(12.017012735998215, 13.687440043142715, 20.910238819983505)->(12.017012735998215, 14.921418890494142, 20.910238819983505)
state:air-5.0, action:Wait, timestep:139, reward:-0.18882608499923137
==================================================

coord:(12.017012735998215, 14.921418890494142, 20.910238819983505)->(12.017012735998215, 14.921418890494142, 20.910238819983505)
state:field-0.0, action:Wait, timestep:140, reward:-4.776994266819656e-07
==================================================

coord:(12.017012735998215, 14.921418890494142, 20.910238819983505)->(11.894447567185825, 15.39721178850623, 21.032803988795898)
state:field-0.0, action:SD, timestep:141, reward:-0.011788478578704797
==================================================

coord:(11.894447567185825, 15.39721178850623, 21.032803988795898)->(13.021114192526612, 16.785333569885317, 21.032803988795898)
state:field-0.0, action:W, timestep:142, reward:-0.0038550570041735455
==================================================

coord:(13.021114192526612, 16.785333569885317, 21.032803988795898)->(13.021114192526612, 18.01365697838211, 21.032803988795898)
state:air-5.0, action:Wait, timestep:143, reward:-0.34589778293774387
==================================================

coord:(13.021114192526612, 18.01365697838211, 21.032803988795898)->(13.021114192526612, 18.01365697838211, 20.946137325308147)
state:field-0.0, action:A, timestep:144, reward:-0.07965779255143346
==================================================

coord:(13.021114192526612, 18.01365697838211, 20.946137325308147)->(13.021114192526612, 16.013344054499413, 20.946137325308147)
state:air-5.0, action:Wait, timestep:145, reward:0.5310492480673403
==================================================

coord:(13.021114192526612, 16.013344054499413, 20.946137325308147)->(12.040592842027495, 15.530285756603023, 19.965615974809)
state:field-0.0, action:SA, timestep:146, reward:-1.083673852504841
==================================================

coord:(12.040592842027495, 15.530285756603023, 19.965615974809)->(12.040592842027495, 13.057928561480121, 19.965615974809)
state:air-5.0, action:Wait, timestep:147, reward:0.3631948771301161
==================================================

coord:(12.040592842027495, 13.057928561480121, 19.965615974809)->(12.10187542643369, 13.057928561480121, 20.026898559215198)
state:field-0.0, action:WD, timestep:148, reward:0.07599190727659177
==================================================

coord:(12.10187542643369, 13.057928561480121, 20.026898559215198)->(12.10187542643369, 14.921418890494142, 20.026898559215198)
state:air-5.0, action:Wait, timestep:149, reward:-0.25182286962287037
==================================================

coord:(12.10187542643369, 14.921418890494142, 20.026898559215198)->(12.10187542643369, 14.921418890494142, 20.026898559215198)
state:field-0.0, action:Wait, timestep:150, reward:5.556700983788687e-07
==================================================

coord:(12.10187542643369, 14.921418890494142, 20.026898559215198)->(12.040592842027495, 14.921418890494142, 19.965615974809)
state:field-0.0, action:SA, timestep:151, reward:-0.07520850317399308
==================================================

coord:(12.040592842027495, 14.921418890494142, 19.965615974809)->(12.040592842027495, 13.057928561480121, 19.965615974809)
state:air-5.0, action:Wait, timestep:152, reward:0.2510389628234755
==================================================

coord:(12.040592842027495, 13.057928561480121, 19.965615974809)->(12.040592842027495, 13.057928561480121, 19.965615974809)
state:field-0.0, action:Wait, timestep:153, reward:-5.421814073258702e-07
==================================================

coord:(12.040592842027495, 13.057928561480121, 19.965615974809)->(12.040592842027495, 13.057928561480121, 20.052282638296752)
state:field-0.0, action:D, timestep:154, reward:0.08255765876353394
==================================================

coord:(12.040592842027495, 13.057928561480121, 20.052282638296752)->(12.040592842027495, 14.921418890494142, 20.052282638296752)
state:air-5.0, action:Wait, timestep:155, reward:-0.2518901254600223
==================================================

coord:(12.040592842027495, 14.921418890494142, 20.052282638296752)->(12.040592842027495, 14.921418890494142, 20.052282638296752)
state:field-0.0, action:Wait, timestep:156, reward:5.703509486920666e-08
==================================================

coord:(12.040592842027495, 14.921418890494142, 20.052282638296752)->(12.040592842027495, 14.921418890494142, 20.052282638296752)
state:field-0.0, action:Wait, timestep:157, reward:5.703509486920666e-08
==================================================

coord:(12.040592842027495, 14.921418890494142, 20.052282638296752)->(12.040592842027495, 14.921418890494142, 20.052282638296752)
state:field-0.0, action:Wait, timestep:158, reward:5.703509486920666e-08
==================================================

coord:(12.040592842027495, 14.921418890494142, 20.052282638296752)->(12.10187542643369, 14.921418890494142, 19.991000053890556)
state:field-0.0, action:WA, timestep:159, reward:-0.0403660790298801
==================================================

coord:(12.10187542643369, 14.921418890494142, 19.991000053890556)->(12.10187542643369, 13.057928561480121, 19.991000053890556)
state:air-5.0, action:Wait, timestep:160, reward:0.2514679472592718
==================================================

coord:(12.10187542643369, 13.057928561480121, 19.991000053890556)->(12.10187542643369, 13.057928561480121, 20.077666717378307)
state:field-0.0, action:D, timestep:161, reward:0.08260940061940758
==================================================

coord:(12.10187542643369, 13.057928561480121, 20.077666717378307)->(12.10187542643369, 14.921418890494142, 20.077666717378307)
state:air-5.0, action:Wait, timestep:162, reward:-0.25232333474469115
==================================================

coord:(12.10187542643369, 14.921418890494142, 20.077666717378307)->(12.10187542643369, 14.921418890494142, 20.077666717378307)
state:field-0.0, action:Wait, timestep:163, reward:-1.8410992552730931e-07
==================================================

coord:(12.10187542643369, 14.921418890494142, 20.077666717378307)->(12.10187542643369, 14.921418890494142, 19.991000053890556)
state:field-0.0, action:A, timestep:164, reward:-0.08175554436191135
==================================================

coord:(12.10187542643369, 14.921418890494142, 19.991000053890556)->(12.10187542643369, 13.057928561480121, 19.991000053890556)
state:air-5.0, action:Wait, timestep:165, reward:0.2514679472592718
==================================================

coord:(12.10187542643369, 13.057928561480121, 19.991000053890556)->(12.10187542643369, 13.057928561480121, 20.077666717378307)
state:field-0.0, action:D, timestep:166, reward:0.08260940061940758
==================================================

coord:(12.10187542643369, 13.057928561480121, 20.077666717378307)->(12.10187542643369, 14.921418890494142, 20.077666717378307)
state:air-5.0, action:Wait, timestep:167, reward:-0.25232333474469115
==================================================

coord:(12.10187542643369, 14.921418890494142, 20.077666717378307)->(12.10187542643369, 14.921418890494142, 19.991000053890556)
state:field-0.0, action:A, timestep:168, reward:-0.08175554436191135
==================================================

coord:(12.10187542643369, 14.921418890494142, 19.991000053890556)->(12.10187542643369, 13.057928561480121, 19.991000053890556)
state:air-5.0, action:Wait, timestep:169, reward:0.2514679472592718
==================================================

coord:(12.10187542643369, 13.057928561480121, 19.991000053890556)->(10.975208801092903, 12.804898024486773, 19.991000053890556)
state:field-0.0, action:S, timestep:170, reward:-0.32293115524699445
==================================================

coord:(10.975208801092903, 12.804898024486773, 19.991000053890556)->(10.975208801092903, 10.816394591160481, 19.991000053890556)
state:air-5.0, action:Wait, timestep:171, reward:0.08917415967972175
==================================================

coord:(10.975208801092903, 10.816394591160481, 19.991000053890556)->(12.015208762945937, 11.978057555019896, 19.991000053890556)
state:field-0.0, action:W, timestep:172, reward:0.28952853812539203
==================================================

coord:(12.015208762945937, 11.978057555019896, 19.991000053890556)->(12.015208762945937, 13.057928561480121, 19.991000053890556)
state:air-5.0, action:Wait, timestep:173, reward:-0.08068520575266902
==================================================

coord:(12.015208762945937, 13.057928561480121, 19.991000053890556)->(12.076491347352132, 13.057928561480121, 20.052282638296752)
state:field-0.0, action:WD, timestep:174, reward:0.07604509596950848
==================================================

coord:(12.076491347352132, 13.057928561480121, 20.052282638296752)->(12.076491347352132, 14.921418890494142, 20.052282638296752)
state:air-5.0, action:Wait, timestep:175, reward:-0.2519980739537715
==================================================

coord:(12.076491347352132, 14.921418890494142, 20.052282638296752)->(12.137773931758327, 14.921418890494142, 19.991000053890556)
state:field-0.0, action:WA, timestep:176, reward:-0.04047251262255713
==================================================

coord:(12.137773931758327, 14.921418890494142, 19.991000053890556)->(12.137773931758327, 13.057928561480121, 19.991000053890556)
state:air-5.0, action:Wait, timestep:177, reward:0.25157392135823997
==================================================

coord:(12.137773931758327, 13.057928561480121, 19.991000053890556)->(10.924440642929786, 12.754291917088104, 19.991000053890556)
state:field-0.0, action:S, timestep:178, reward:-0.34560288851442067
==================================================

coord:(10.924440642929786, 12.754291917088104, 19.991000053890556)->(10.924440642929786, 10.816394591160481, 19.991000053890556)
state:air-5.0, action:Wait, timestep:179, reward:0.08484446016945313
==================================================

coord:(10.924440642929786, 10.816394591160481, 19.991000053890556)->(12.051107268270574, 11.978057555019896, 19.991000053890556)
state:field-0.0, action:W, timestep:180, reward:0.3166830180656568
==================================================

coord:(12.051107268270574, 11.978057555019896, 19.991000053890556)->(12.051107268270574, 13.057928561480121, 19.991000053890556)
state:air-5.0, action:Wait, timestep:181, reward:-0.08072035896097418
==================================================

coord:(12.051107268270574, 13.057928561480121, 19.991000053890556)->(12.112389852676769, 13.057928561480121, 20.052282638296752)
state:field-0.0, action:WD, timestep:182, reward:0.07598750464184434
==================================================

coord:(12.112389852676769, 13.057928561480121, 20.052282638296752)->(12.112389852676769, 14.921418890494142, 20.052282638296752)
state:air-5.0, action:Wait, timestep:183, reward:-0.2521031932693276
==================================================

coord:(12.112389852676769, 14.921418890494142, 20.052282638296752)->(11.131868502177651, 15.39721178850623, 21.032803988795898)
state:field-0.0, action:SD, timestep:184, reward:0.5266257743502756
==================================================

coord:(11.131868502177651, 15.39721178850623, 21.032803988795898)->(10.151347151678534, 15.39721178850623, 22.013325339295044)
state:field-0.0, action:SD, timestep:185, reward:0.5467713171818005
==================================================

coord:(10.151347151678534, 15.39721178850623, 22.013325339295044)->(12.058013748409097, 17.050846974488127, 22.013325339295044)
state:field-0.0, action:W, timestep:186, reward:0.2571074903484387
==================================================

coord:(12.058013748409097, 17.050846974488127, 22.013325339295044)->(12.058013748409097, 18.58805074886999, 22.013325339295044)
state:air-5.0, action:Wait, timestep:187, reward:-0.47006934438253367
==================================================

coord:(12.058013748409097, 18.58805074886999, 22.013325339295044)->(12.119296332815292, 18.58805074886999, 21.952042754888847)
state:field-0.0, action:WA, timestep:188, reward:-0.036810673982898834
==================================================

coord:(12.119296332815292, 18.58805074886999, 21.952042754888847)->(12.119296332815292, 16.785333569885317, 21.952042754888847)
state:air-5.0, action:Wait, timestep:189, reward:0.5409275731912402
==================================================

coord:(12.119296332815292, 16.785333569885317, 21.952042754888847)->(12.180578917221487, 16.785333569885317, 22.013325339295044)
state:field-0.0, action:WD, timestep:190, reward:0.07449877006863304
==================================================

coord:(12.180578917221487, 16.785333569885317, 22.013325339295044)->(12.180578917221487, 18.58805074886999, 22.013325339295044)
state:air-5.0, action:Wait, timestep:191, reward:-0.5426487850087476
==================================================

coord:(12.180578917221487, 18.58805074886999, 22.013325339295044)->(10.967245628392947, 18.33502021187664, 22.013325339295044)
state:field-0.0, action:S, timestep:192, reward:-0.29901993761065526
==================================================

coord:(10.967245628392947, 18.33502021187664, 22.013325339295044)->(10.967245628392947, 15.39721178850623, 22.013325339295044)
state:air-5.0, action:Wait, timestep:193, reward:0.7741046173815889
==================================================

coord:(10.967245628392947, 15.39721178850623, 22.013325339295044)->(12.009049563298259, 17.050846974488127, 23.055129274200386)
state:field-0.0, action:WD, timestep:194, reward:0.8902611106236904
==================================================

coord:(12.009049563298259, 17.050846974488127, 23.055129274200386)->(12.009049563298259, 20.0, 23.055129274200386)
state:air-5.0, action:Wait, timestep:195, reward:-1.0202827238402747
==================================================

coord:(12.009049563298259, 20.0, 23.055129274200386)->(12.009049563298259, 19.696363355607982, 21.92846264885962)
state:field-0.0, action:A, timestep:196, reward:-0.8646369840803771
==================================================

coord:(12.009049563298259, 19.696363355607982, 21.92846264885962)->(12.009049563298259, 16.785333569885317, 21.92846264885962)
state:air-5.0, action:Wait, timestep:197, reward:0.9328592879866804
==================================================

coord:(12.009049563298259, 16.785333569885317, 21.92846264885962)->(12.131614732110648, 16.785333569885317, 22.051027817672015)
state:field-0.0, action:WD, timestep:198, reward:0.1492720935882268
==================================================

coord:(12.131614732110648, 16.785333569885317, 22.051027817672015)->(12.131614732110648, 18.58805074886999, 22.051027817672015)
state:air-5.0, action:Wait, timestep:199, reward:-0.5431107454886863
==================================================

coord:(12.131614732110648, 18.58805074886999, 22.051027817672015)->(10.918281443282108, 18.28441410447797, 22.051027817672015)
state:field-0.0, action:S, timestep:200, reward:-0.2855584267284961
==================================================

coord:(10.918281443282108, 18.28441410447797, 22.051027817672015)->(10.918281443282108, 15.39721178850623, 22.051027817672015)
state:air-5.0, action:Wait, timestep:201, reward:0.7584546920576507
==================================================

coord:(10.918281443282108, 15.39721178850623, 22.051027817672015)->(12.044948068622896, 17.050846974488127, 22.051027817672015)
state:field-0.0, action:W, timestep:202, reward:-0.02779114371976732
==================================================

coord:(12.044948068622896, 17.050846974488127, 22.051027817672015)->(12.044948068622896, 18.58805074886999, 22.051027817672015)
state:air-5.0, action:Wait, timestep:203, reward:-0.47068002507489837
==================================================

coord:(12.044948068622896, 18.58805074886999, 22.051027817672015)->(12.044948068622896, 18.58805074886999, 21.964361154184264)
state:field-0.0, action:A, timestep:204, reward:-0.077504465403063
==================================================

coord:(12.044948068622896, 18.58805074886999, 21.964361154184264)->(12.044948068622896, 16.785333569885317, 21.964361154184264)
state:air-5.0, action:Wait, timestep:205, reward:0.5406734036705423
==================================================

coord:(12.044948068622896, 16.785333569885317, 21.964361154184264)->(12.044948068622896, 16.785333569885317, 21.964361154184264)
state:field-0.0, action:Wait, timestep:206, reward:-8.059241842772735e-07
==================================================

coord:(12.044948068622896, 16.785333569885317, 21.964361154184264)->(10.918281443282108, 16.4816969254933, 21.964361154184264)
state:field-0.0, action:S, timestep:207, reward:-0.2887104231758606
==================================================

coord:(10.918281443282108, 16.4816969254933, 21.964361154184264)->(10.918281443282108, 13.903950414594123, 21.964361154184264)
state:air-5.0, action:Wait, timestep:208, reward:0.5015452633192865
==================================================

coord:(10.918281443282108, 13.903950414594123, 21.964361154184264)->(12.818041559874148, 14.921418890494142, 20.06460103759217)
state:field-0.0, action:WA, timestep:209, reward:-1.3642564638380357
==================================================

coord:(12.818041559874148, 14.921418890494142, 20.06460103759217)->(10.998041626631338, 14.668388353500793, 20.06460103759217)
state:field-0.0, action:S, timestep:210, reward:-0.48734931131282977
==================================================

coord:(10.998041626631338, 14.668388353500793, 20.06460103759217)->(10.998041626631338, 12.35999674984333, 20.06460103759217)
state:air-5.0, action:Wait, timestep:211, reward:0.26388824470744154
==================================================

coord:(10.998041626631338, 12.35999674984333, 20.06460103759217)->(10.998041626631338, 12.35999674984333, 20.06460103759217)
state:field-0.0, action:Wait, timestep:212, reward:8.393119337313237e-07
==================================================

coord:(10.998041626631338, 12.35999674984333, 20.06460103759217)->(11.978562977130455, 13.687440043142715, 21.045122388091315)
state:field-0.0, action:WD, timestep:213, reward:1.1057340152680624
==================================================

coord:(11.978562977130455, 13.687440043142715, 21.045122388091315)->(11.978562977130455, 15.39721178850623, 21.045122388091315)
state:air-5.0, action:Wait, timestep:214, reward:-0.2798171117742534
==================================================

coord:(11.978562977130455, 15.39721178850623, 21.045122388091315)->(10.998041626631338, 14.91415349060984, 20.06460103759217)
state:field-0.0, action:SA, timestep:215, reward:-1.1304684722527014
==================================================

coord:(10.998041626631338, 14.91415349060984, 20.06460103759217)->(10.998041626631338, 12.35999674984333, 20.06460103759217)
state:air-5.0, action:Wait, timestep:216, reward:0.30455291755900404
==================================================

coord:(10.998041626631338, 12.35999674984333, 20.06460103759217)->(10.998041626631338, 12.35999674984333, 20.06460103759217)
state:field-0.0, action:Wait, timestep:217, reward:8.393119337313237e-07
==================================================

coord:(10.998041626631338, 12.35999674984333, 20.06460103759217)->(10.998041626631338, 12.35999674984333, 20.06460103759217)
state:field-0.0, action:Wait, timestep:218, reward:8.393119337313237e-07
==================================================

coord:(10.998041626631338, 12.35999674984333, 20.06460103759217)->(12.038041588484372, 13.687440043142715, 20.06460103759217)
state:field-0.0, action:W, timestep:219, reward:0.19454766883731622
==================================================

coord:(12.038041588484372, 13.687440043142715, 20.06460103759217)->(12.038041588484372, 14.921418890494142, 20.06460103759217)
state:air-5.0, action:Wait, timestep:220, reward:-0.18265580935659997
==================================================

coord:(12.038041588484372, 14.921418890494142, 20.06460103759217)->(12.160606757296762, 14.921418890494142, 19.942035868779776)
state:field-0.0, action:WA, timestep:221, reward:-0.08093497806557792
==================================================

coord:(12.160606757296762, 14.921418890494142, 19.942035868779776)->(12.160606757296762, 13.057928561480121, 19.942035868779776)
state:air-5.0, action:Wait, timestep:222, reward:0.25115941026386324
==================================================

coord:(12.160606757296762, 13.057928561480121, 19.942035868779776)->(12.221889341702957, 13.057928561480121, 20.003318453185972)
state:field-0.0, action:WD, timestep:223, reward:0.07578400576028699
==================================================

coord:(12.221889341702957, 13.057928561480121, 20.003318453185972)->(12.221889341702957, 14.921418890494142, 20.003318453185972)
state:air-5.0, action:Wait, timestep:224, reward:-0.2519425300251754
==================================================

coord:(12.221889341702957, 14.921418890494142, 20.003318453185972)->(13.263693276608269, 16.013344054499413, 21.045122388091315)
state:field-0.0, action:WD, timestep:225, reward:1.0388034390154992
==================================================

coord:(13.263693276608269, 16.013344054499413, 21.045122388091315)->(13.263693276608269, 18.01365697838211, 21.045122388091315)
state:air-5.0, action:Wait, timestep:226, reward:-0.534478100354292
==================================================

coord:(13.263693276608269, 18.01365697838211, 21.045122388091315)->(12.283171926109151, 18.58805074886999, 22.02564373859046)
state:field-0.0, action:SD, timestep:227, reward:0.448257485165513
==================================================

coord:(12.283171926109151, 18.58805074886999, 22.02564373859046)->(11.302650575610034, 18.58805074886999, 23.006165089089606)
state:field-0.0, action:SD, timestep:228, reward:0.5634065945258939
==================================================

coord:(11.302650575610034, 18.58805074886999, 23.006165089089606)->(10.99623765357906, 18.560447417561623, 22.699752167058623)
state:field-0.0, action:SA, timestep:229, reward:-0.3634564941944163
==================================================

coord:(10.99623765357906, 18.560447417561623, 22.699752167058623)->(10.99623765357906, 15.39721178850623, 22.699752167058623)
state:air-5.0, action:Wait, timestep:230, reward:0.8707126442750557
==================================================

coord:(10.99623765357906, 15.39721178850623, 22.699752167058623)->(12.467019679327736, 16.785333569885317, 21.228970141309905)
state:field-0.0, action:WA, timestep:231, reward:-1.2088963253174256
==================================================

coord:(12.467019679327736, 16.785333569885317, 21.228970141309905)->(12.221889341702957, 16.785333569885317, 20.983839803685118)
state:field-0.0, action:SA, timestep:232, reward:-0.29560545016592243
==================================================

coord:(12.221889341702957, 16.785333569885317, 20.983839803685118)->(12.221889341702957, 14.921418890494142, 20.983839803685118)
state:air-5.0, action:Wait, timestep:233, reward:0.40542512976295697
==================================================

coord:(12.221889341702957, 14.921418890494142, 20.983839803685118)->(12.221889341702957, 14.921418890494142, 21.07050646717287)
state:field-0.0, action:D, timestep:234, reward:0.08146367609325722
==================================================

coord:(12.221889341702957, 14.921418890494142, 21.07050646717287)->(12.221889341702957, 16.785333569885317, 21.07050646717287)
state:air-5.0, action:Wait, timestep:235, reward:-0.40681621167119886
==================================================

coord:(12.221889341702957, 16.785333569885317, 21.07050646717287)->(10.921889389386664, 16.4816969254933, 21.07050646717287)
state:field-0.0, action:S, timestep:236, reward:-0.32877014759338863
==================================================

coord:(10.921889389386664, 16.4816969254933, 21.07050646717287)->(10.921889389386664, 13.903950414594123, 21.07050646717287)
state:air-5.0, action:Wait, timestep:237, reward:0.48431183605515926
==================================================

coord:(10.921889389386664, 13.903950414594123, 21.07050646717287)->(10.921889389386664, 13.600313770202105, 19.943839841832105)
state:field-0.0, action:A, timestep:238, reward:-1.0135608224208852
==================================================

coord:(10.921889389386664, 13.600313770202105, 19.943839841832105)->(10.921889389386664, 10.816394591160481, 19.943839841832105)
state:air-5.0, action:Wait, timestep:239, reward:0.16948697094147036
==================================================

coord:(10.921889389386664, 10.816394591160481, 19.943839841832105)->(11.044454558199053, 12.35999674984333, 20.066405010644498)
state:field-0.0, action:WD, timestep:240, reward:0.10067163140129409
==================================================

coord:(11.044454558199053, 12.35999674984333, 20.066405010644498)->(11.044454558199053, 13.687440043142715, 20.066405010644498)
state:air-5.0, action:Wait, timestep:241, reward:-0.12559375756682556
==================================================

coord:(11.044454558199053, 13.687440043142715, 20.066405010644498)->(10.063933207699936, 13.903950414594123, 21.046926361143644)
state:field-0.0, action:SD, timestep:242, reward:0.5399113514974268
==================================================

coord:(10.063933207699936, 13.903950414594123, 21.046926361143644)->(10.063933207699936, 13.903950414594123, 21.046926361143644)
state:field-0.0, action:Wait, timestep:243, reward:8.135582518775664e-08
==================================================

coord:(10.063933207699936, 13.903950414594123, 21.046926361143644)->(10.063933207699936, 13.903950414594123, 21.046926361143644)
state:field-0.0, action:Wait, timestep:244, reward:8.135582518775664e-08
==================================================

coord:(10.063933207699936, 13.903950414594123, 21.046926361143644)->(11.044454558199053, 13.687440043142715, 20.066405010644498)
state:field-0.0, action:WA, timestep:245, reward:-0.5399118422836224
==================================================

coord:(11.044454558199053, 13.687440043142715, 20.066405010644498)->(12.02497590869817, 13.687440043142715, 21.046926361143644)
state:field-0.0, action:WD, timestep:246, reward:1.2300959049482145
==================================================

coord:(12.02497590869817, 13.687440043142715, 21.046926361143644)->(12.02497590869817, 16.785333569885317, 21.046926361143644)
state:air-5.0, action:Wait, timestep:247, reward:-0.5953378572104526
==================================================

coord:(12.02497590869817, 16.785333569885317, 21.046926361143644)->(12.02497590869817, 16.785333569885317, 21.046926361143644)
state:field-0.0, action:Wait, timestep:248, reward:-9.431479526256226e-07
==================================================

coord:(12.02497590869817, 16.785333569885317, 21.046926361143644)->(12.086258493104365, 16.785333569885317, 20.985643776737447)
state:field-0.0, action:WA, timestep:249, reward:-0.03866062981678553
==================================================

coord:(12.086258493104365, 16.785333569885317, 20.985643776737447)->(12.086258493104365, 14.921418890494142, 20.985643776737447)
state:air-5.0, action:Wait, timestep:250, reward:0.40478086431767224
==================================================

coord:(12.086258493104365, 14.921418890494142, 20.985643776737447)->(12.086258493104365, 14.921418890494142, 20.985643776737447)
state:field-0.0, action:Wait, timestep:251, reward:-4.772350621351507e-07
==================================================

coord:(12.086258493104365, 14.921418890494142, 20.985643776737447)->(11.044454558199053, 14.438360592597752, 19.943839841832105)
state:field-0.0, action:SA, timestep:252, reward:-1.2179367192804982
==================================================

coord:(11.044454558199053, 14.438360592597752, 19.943839841832105)->(11.044454558199053, 11.978057555019896, 19.943839841832105)
state:air-5.0, action:Wait, timestep:253, reward:0.24979915676507147
==================================================

coord:(11.044454558199053, 11.978057555019896, 19.943839841832105)->(11.044454558199053, 13.687440043142715, 21.07050646717287)
state:field-0.0, action:D, timestep:254, reward:0.9062859356028063
==================================================

coord:(11.044454558199053, 13.687440043142715, 21.07050646717287)->(11.044454558199053, 15.39721178850623, 21.07050646717287)
state:air-5.0, action:Wait, timestep:255, reward:-0.2765791640153026
==================================================

coord:(11.044454558199053, 15.39721178850623, 21.07050646717287)->(11.044454558199053, 15.39721178850623, 21.07050646717287)
state:field-0.0, action:Wait, timestep:256, reward:-2.608170603934923e-07
==================================================

coord:(11.044454558199053, 15.39721178850623, 21.07050646717287)->(11.044454558199053, 15.39721178850623, 21.07050646717287)
state:death-0.0, action:WD, timestep:257, reward:-999999
==================================================

