coord:(36.0, 0.0, 34.0)->(36.0, 0.0, 34.0)
state:field-4, action:Wait, timestep:1, reward:-0.0
==================================================

coord:(36.0, 0.0, 34.0)->(29.999999999999915, 20.0, 34.0)
state:field-4.0, action:Ss, timestep:2, reward:-0.8079082037350602
==================================================

coord:(29.999999999999915, 20.0, 34.0)->(29.999999999999915, 20.161019559192653, 30.96666677792863)
state:field-4.0, action:Aj, timestep:3, reward:1.6579949251049229
==================================================

coord:(29.999999999999915, 20.161019559192653, 30.96666677792863)->(29.999999999999915, 17.22685325412422, 30.96666677792863)
state:air-9.0, action:Wait, timestep:4, reward:1.4578155848873564
==================================================

coord:(29.999999999999915, 17.22685325412422, 30.96666677792863)->(29.999999999999915, 18.509011634019505, 32.066666777928646)
state:field-4.0, action:Ds, timestep:5, reward:-1.241500271802714
==================================================

coord:(29.999999999999915, 18.509011634019505, 32.066666777928646)->(29.999999999999915, 19.628716716337465, 32.066666777928646)
state:air-9.0, action:Wait, timestep:6, reward:-0.5557953617246554
==================================================

coord:(29.999999999999915, 19.628716716337465, 32.066666777928646)->(30.099999999999916, 20.0, 32.066666777928646)
state:field-4.0, action:Wsj, timestep:7, reward:-0.2540326771420425
==================================================

coord:(30.099999999999916, 20.0, 32.066666777928646)->(30.099999999999916, 20.71768670080185, 29.98666685422262)
state:field-4.0, action:Aj, timestep:8, reward:0.7550899536311775
==================================================

coord:(30.099999999999916, 20.71768670080185, 29.98666685422262)->(30.099999999999916, 17.22685325412422, 29.98666685422262)
state:air-9.0, action:Wait, timestep:9, reward:1.7753281348309855
==================================================

coord:(30.099999999999916, 17.22685325412422, 29.98666685422262)->(29.110050551096528, 17.047186587457553, 28.99671740531923)
state:field-4.0, action:SAs, timestep:10, reward:1.3066795085910385
==================================================

coord:(29.110050551096528, 17.047186587457553, 28.99671740531923)->(29.110050551096528, 14.34979245982817, 28.99671740531923)
state:air-9.0, action:Wait, timestep:11, reward:1.2274931495418002
==================================================

coord:(29.110050551096528, 14.34979245982817, 28.99671740531923)->(27.983383925755763, 14.09676192283482, 28.99671740531923)
state:field-4.0, action:S, timestep:12, reward:0.9011563199044232
==================================================

coord:(27.983383925755763, 14.09676192283482, 28.99671740531923)->(27.983383925755763, 11.645230657648455, 28.99671740531923)
state:air-9.0, action:Wait, timestep:13, reward:0.9709767459943208
==================================================

coord:(27.983383925755763, 11.645230657648455, 28.99671740531923)->(28.070050589243515, 13.011613521880761, 28.99671740531923)
state:field-4.0, action:Wj, timestep:14, reward:-0.5832608244704716
==================================================

coord:(28.070050589243515, 13.011613521880761, 28.99671740531923)->(28.070050589243515, 13.729300222682609, 26.916717481613205)
state:field-4.0, action:Aj, timestep:15, reward:0.8629187420182021
==================================================

coord:(28.070050589243515, 13.729300222682609, 26.916717481613205)->(28.070050589243515, 10.28718238460078, 26.916717481613205)
state:air-9.0, action:Wait, timestep:16, reward:1.3304987357182334
==================================================

coord:(28.070050589243515, 10.28718238460078, 26.916717481613205)->(25.496182044183257, 9.892149101304343, 29.490586026673462)
state:field-4.0, action:SDj, timestep:17, reward:0.4372999766270915
==================================================

coord:(25.496182044183257, 9.892149101304343, 29.490586026673462)->(26.096182044183266, 11.345167297443975, 29.490586026673462)
state:field-4.0, action:Wsj, timestep:18, reward:-0.9173085925241864
==================================================

coord:(26.096182044183266, 11.345167297443975, 29.490586026673462)->(24.964811245436536, 11.097445075221753, 30.62195682542019)
state:field-4.0, action:SDs, timestep:19, reward:0.10757649122658819
==================================================

coord:(24.964811245436536, 11.097445075221753, 30.62195682542019)->(24.964811245436536, 9.267181677720165, 30.62195682542019)
state:air-8.0, action:Wait, timestep:20, reward:0.6116741424283454
==================================================

coord:(24.964811245436536, 9.267181677720165, 30.62195682542019)->(22.97147798521826, 9.014151140726817, 30.62195682542019)
state:field-3.0, action:S, timestep:21, reward:1.3609498553676183
==================================================

coord:(22.97147798521826, 9.014151140726817, 30.62195682542019)->(22.97147798521826, 1.4975619419550217, 30.62195682542019)
state:air-8.0, action:Wait, timestep:22, reward:1.4060144723219707
==================================================

coord:(22.97147798521826, 1.4975619419550217, 30.62195682542019)->(23.032760569624458, 1.5803719394961313, 30.560674241013995)
state:field-3.0, action:WAj, timestep:23, reward:0.0011391209908708788
==================================================

coord:(23.032760569624458, 1.5803719394961313, 30.560674241013995)->(23.032760569624458, 7.872093357350055, 30.560674241013995)
state:air-8.0, action:Wait, timestep:24, reward:-1.06481149144199
==================================================

coord:(23.032760569624458, 7.872093357350055, 30.560674241013995)->(24.013281920123603, 8.513375861448784, 29.58015289051485)
state:field-3.0, action:WA, timestep:25, reward:-0.13099802567638008
==================================================

coord:(24.013281920123603, 8.513375861448784, 29.58015289051485)->(22.952621796298544, 8.265653639226562, 30.64081301433991)
state:field-3.0, action:SDs, timestep:26, reward:0.01231582699703182
==================================================

coord:(22.952621796298544, 8.265653639226562, 30.64081301433991)->(22.952621796298544, 8.265653639226562, 30.64081301433991)
state:air-8.0, action:j, timestep:27, reward:7.687496150765583e-08
==================================================

coord:(22.952621796298544, 8.265653639226562, 30.64081301433991)->(22.952621796298544, 8.265653639226562, 30.64081301433991)
state:parachute-18.0, action:Dj, timestep:28, reward:7.687496150765583e-08
==================================================

coord:(22.952621796298544, 8.265653639226562, 30.64081301433991)->(22.952621796298544, 10.865653543859095, 31.040813014339914)
state:wall-13.0, action:Wj, timestep:29, reward:-1.1392975168034276
==================================================

coord:(22.952621796298544, 10.865653543859095, 31.040813014339914)->(22.952621796298544, 10.865653543859095, 31.040813014339914)
state:air-8.0, action:j, timestep:30, reward:-3.145186511233078e-08
==================================================

coord:(22.952621796298544, 10.865653543859095, 31.040813014339914)->(22.952621796298544, 10.865653543859095, 31.040813014339914)
state:parachute-18.0, action:Dj, timestep:31, reward:-3.145186511233078e-08
==================================================

coord:(22.952621796298544, 10.865653543859095, 31.040813014339914)->(22.952621796298544, 12.165653496175414, 32.040813014339925)
state:wall-13.0, action:W, timestep:32, reward:-1.2042457229851706
==================================================

coord:(22.952621796298544, 12.165653496175414, 32.040813014339925)->(22.952621796298544, 12.165653496175414, 32.040813014339925)
state:air-8.0, action:j, timestep:33, reward:7.980109231198185e-07
==================================================

coord:(22.952621796298544, 12.165653496175414, 32.040813014339925)->(22.952621796298544, 12.165653496175414, 32.040813014339925)
state:parachute-18.0, action:Wj, timestep:34, reward:7.980109231198185e-07
==================================================

coord:(22.952621796298544, 12.165653496175414, 32.040813014339925)->(22.952621796298544, 13.465653448491736, 33.04081301433987)
state:wall-13.0, action:W, timestep:35, reward:-1.2428144126182517
==================================================

coord:(22.952621796298544, 13.465653448491736, 33.04081301433987)->(22.952621796298544, 5.322670712524093, 33.04081301433987)
state:air-8.0, action:Wait, timestep:36, reward:2.4734598210013665
==================================================

coord:(22.952621796298544, 5.322670712524093, 33.04081301433987)->(22.952621796298544, 4.022670760207826, 33.04081301433987)
state:wall-13.0, action:S, timestep:37, reward:0.20530575829355513
==================================================

coord:(22.952621796298544, 4.022670760207826, 33.04081301433987)->(22.952621796298544, 0.5914990801290658, 33.04081301433987)
state:air-8.0, action:Wait, timestep:38, reward:0.2697110636661044
==================================================

coord:(22.952621796298544, 0.5914990801290658, 33.04081301433987)->(20.378753251238287, 0.1552436464705215, 35.614681559399976)
state:field-3.0, action:SDj, timestep:39, reward:-0.6619556814078535
==================================================

coord:(20.378753251238287, 0.1552436464705215, 35.614681559399976)->(19.27875325123827, 0.11111655686961296, 35.614681559399976)
state:field-3.0, action:Ss, timestep:40, reward:0.5512384053103929
==================================================

coord:(19.27875325123827, 0.11111655686961296, 35.614681559399976)->(19.27875325123827, 0.11111655686961296, 35.614681559399976)
state:field-3.0, action:Wait, timestep:41, reward:-6.083614820795447e-07
==================================================

coord:(19.27875325123827, 0.11111655686961296, 35.614681559399976)->(19.27875325123827, 0.7672107429791609, 29.61468155939989)
state:field-3.0, action:As, timestep:42, reward:5.052286896711895
==================================================

coord:(19.27875325123827, 0.7672107429791609, 29.61468155939989)->(19.27875325123827, 1.9424300877930798, 24.414681750134825)
state:field-2.0, action:A, timestep:43, reward:3.8912722851140877
==================================================

coord:(19.27875325123827, 1.9424300877930798, 24.414681750134825)->(15.03611275593801, 0.9460967811626304, 20.17204125483459)
state:field-2.0, action:SAsj, timestep:44, reward:6.0613869048248645
==================================================

coord:(15.03611275593801, 0.9460967811626304, 20.17204125483459)->(15.03611275593801, 2.246096733478913, 21.0220412548346)
state:wall-12.0, action:W, timestep:45, reward:-0.7540114577753148
==================================================

coord:(15.03611275593801, 2.246096733478913, 21.0220412548346)->(15.03611275593801, 0.5161598678007704, 21.0220412548346)
state:air-7.0, action:Wait, timestep:46, reward:0.1593341975166549
==================================================

coord:(15.03611275593801, 0.5161598678007704, 21.0220412548346)->(14.046163307034597, 0.3068054221965108, 22.01199070373799)
state:field-2.0, action:SDs, timestep:47, reward:-0.12484108227341117
==================================================

coord:(14.046163307034597, 0.3068054221965108, 22.01199070373799)->(14.046163307034597, 0.3068054221965108, 22.01199070373799)
state:field-2.0, action:Wait, timestep:48, reward:-3.458842510184468e-07
==================================================

coord:(14.046163307034597, 0.3068054221965108, 22.01199070373799)->(14.046163307034597, 0.3387627431367656, 18.61199070373794)
state:field-2.0, action:As, timestep:49, reward:2.5458817367814834
==================================================

coord:(14.046163307034597, 0.3387627431367656, 18.61199070373794)->(16.64616321166717, 0.8263977634849407, 18.61199070373794)
state:field-1.0, action:Wj, timestep:50, reward:-2.013444904526189
==================================================

coord:(16.64616321166717, 0.8263977634849407, 18.61199070373794)->(16.64616321166717, 0.7962545083825889, 17.485324078397177)
state:field-1.0, action:A, timestep:51, reward:0.6408856230748547
==================================================

coord:(16.64616321166717, 0.7962545083825889, 17.485324078397177)->(17.565401977760118, 1.126331007346584, 16.566085312304228)
state:field-1.0, action:WA, timestep:52, reward:-0.3550884682298765
==================================================

coord:(17.565401977760118, 1.126331007346584, 16.566085312304228)->(14.746403095075111, 0.21959779300776486, 13.74708642961925)
state:field-1.0, action:SAj, timestep:53, reward:3.778018546253188
==================================================

coord:(14.746403095075111, 0.21959779300776486, 13.74708642961925)->(14.746403095075111, 0.0766313518809982, 8.747086429619268)
state:field-1.0, action:Asj, timestep:54, reward:0.6172929124384083
==================================================

coord:(14.746403095075111, 0.0766313518809982, 8.747086429619268)->(12.417664887639708, 0.0, 11.075824637054671)
state:field-1.0, action:SDj, timestep:55, reward:2.3316280957520075
==================================================

coord:(12.417664887639708, 0.0, 11.075824637054671)->(15.364331446223305, 0.24549330776800876, 11.075824637054671)
state:field-1.0, action:Wj, timestep:56, reward:-2.9276339755027294
==================================================

coord:(15.364331446223305, 0.24549330776800876, 11.075824637054671)->(15.364331446223305, 0.4448722527607861, 15.575824637054655)
state:field-1.0, action:Dsj, timestep:57, reward:-1.354488978500692
==================================================

coord:(15.364331446223305, 0.4448722527607861, 15.575824637054655)->(15.364331446223305, 0.5356997742062224, 20.342491128880972)
state:field-0.0, action:D, timestep:58, reward:-2.874341149991137
==================================================

coord:(15.364331446223305, 0.5356997742062224, 20.342491128880972)->(19.064331446223346, 1.8257865992739646, 20.342491128880972)
state:field-0.0, action:Ws, timestep:59, reward:-2.901210446079393
==================================================

coord:(19.064331446223346, 1.8257865992739646, 20.342491128880972)->(19.064331446223346, 2.614828605119289, 20.342491128880972)
state:air-5.0, action:Wait, timestep:60, reward:-0.0995250036465265
==================================================

coord:(19.064331446223346, 2.614828605119289, 20.342491128880972)->(16.943011198573227, 1.5096063828970672, 22.46381137653109)
state:field-0.0, action:SDs, timestep:61, reward:0.3244338650036873
==================================================

coord:(16.943011198573227, 1.5096063828970672, 22.46381137653109)->(16.943011198573227, 0.7484391948789028, 22.46381137653109)
state:air-5.0, action:Wait, timestep:62, reward:0.049665234370397826
==================================================

coord:(16.943011198573227, 0.7484391948789028, 22.46381137653109)->(19.026619068383912, 1.8257865992739646, 20.380203506720406)
state:field-0.0, action:WA, timestep:63, reward:-0.2666568347919416
==================================================

coord:(19.026619068383912, 1.8257865992739646, 20.380203506720406)->(19.026619068383912, 2.614828605119289, 20.380203506720406)
state:air-5.0, action:Wait, timestep:64, reward:-0.0995699585864287
==================================================

coord:(19.026619068383912, 2.614828605119289, 20.380203506720406)->(20.007140418883058, 3.519986988009651, 21.36072485721955)
state:field-0.0, action:WD, timestep:65, reward:-1.5040441153275061
==================================================

coord:(20.007140418883058, 3.519986988009651, 21.36072485721955)->(20.007140418883058, 3.519986988009651, 21.36072485721955)
state:field-0.0, action:j, timestep:66, reward:-5.362259436481054e-07
==================================================

coord:(20.007140418883058, 3.519986988009651, 21.36072485721955)->(22.057749991611505, 5.041203977264056, 19.310115284491104)
state:field-0.0, action:WAs, timestep:67, reward:-0.9276794351641335
==================================================

coord:(22.057749991611505, 5.041203977264056, 19.310115284491104)->(22.057749991611505, 6.702750051930226, 19.310115284491104)
state:air-5.0, action:Wait, timestep:68, reward:-0.4802302009018433
==================================================

coord:(22.057749991611505, 6.702750051930226, 19.310115284491104)->(22.057749991611505, 5.497785660273409, 15.150115437079034)
state:field-0.0, action:Aj, timestep:69, reward:1.909405656765859
==================================================

coord:(22.057749991611505, 5.497785660273409, 15.150115437079034)->(22.057749991611505, 6.1878690333829045, 12.983448849885212)
state:field-0.0, action:Aj, timestep:70, reward:0.2580901128983797
==================================================

coord:(22.057749991611505, 6.1878690333829045, 12.983448849885212)->(22.057749991611505, 3.6532406959880954, 12.983448849885212)
state:air-5.0, action:Wait, timestep:71, reward:0.6912069541846968
==================================================

coord:(22.057749991611505, 3.6532406959880954, 12.983448849885212)->(22.057749991611505, 4.0779073804566845, 8.983448849885226)
state:field-0.0, action:Asj, timestep:72, reward:0.12999588732111178
==================================================

coord:(22.057749991611505, 4.0779073804566845, 8.983448849885226)->(22.057749991611505, 1.4975619419550217, 8.983448849885226)
state:air-5.0, action:Wait, timestep:73, reward:0.4143459087938126
==================================================

coord:(22.057749991611505, 1.4975619419550217, 8.983448849885226)->(22.057749991611505, 1.4975619419550217, 8.983448849885226)
state:field-0.0, action:Wait, timestep:74, reward:-7.861524764507521e-07
==================================================

coord:(22.057749991611505, 1.4975619419550217, 8.983448849885226)->(24.018792692609797, 3.187927586082057, 10.94449155088346)
state:field-0.0, action:WD, timestep:75, reward:-2.153728416618385
==================================================

coord:(24.018792692609797, 3.187927586082057, 10.94449155088346)->(24.018792692609797, 4.033767821479751, 10.94449155088346)
state:air-5.0, action:Wait, timestep:76, reward:-0.15754654043608696
==================================================

coord:(24.018792692609797, 4.033767821479751, 10.94449155088346)->(25.06059662751514, 4.979149817443558, 11.986295485788773)
state:field-0.0, action:WD, timestep:77, reward:-1.2997245151141108
==================================================

coord:(25.06059662751514, 4.979149817443558, 11.986295485788773)->(25.06059662751514, 6.146098139940421, 11.986295485788773)
state:air-5.0, action:Wait, timestep:78, reward:-0.3102963533204601
==================================================

coord:(25.06059662751514, 6.146098139940421, 11.986295485788773)->(27.053929887733414, 7.40091872528127, 11.986295485788773)
state:field-0.0, action:W, timestep:79, reward:-2.2724589632567707
==================================================

coord:(27.053929887733414, 7.40091872528127, 11.986295485788773)->(27.053929887733414, 8.69387970345265, 11.986295485788773)
state:air-5.0, action:Wait, timestep:80, reward:-0.4414870892010896
==================================================

coord:(27.053929887733414, 8.69387970345265, 11.986295485788773)->(27.053929887733414, 8.440849166459302, 9.992962225570457)
state:field-0.0, action:A, timestep:81, reward:0.17469206819507477
==================================================

coord:(27.053929887733414, 8.440849166459302, 9.992962225570457)->(27.053929887733414, 5.566303476071249, 9.992962225570457)
state:air-5.0, action:Wait, timestep:82, reward:0.8685190631237703
==================================================

coord:(27.053929887733414, 5.566303476071249, 9.992962225570457)->(24.973929964027388, 4.402363005901867, 9.992962225570457)
state:field-0.0, action:S, timestep:83, reward:2.292210137679657
==================================================

coord:(24.973929964027388, 4.402363005901867, 9.992962225570457)->(24.973929964027388, 3.187927586082057, 9.992962225570457)
state:air-5.0, action:Wait, timestep:84, reward:0.2265959622083642
==================================================

coord:(24.973929964027388, 3.187927586082057, 9.992962225570457)->(25.035212548433584, 3.187927586082057, 10.054244809976652)
state:field-0.0, action:WD, timestep:85, reward:-0.060591109698656
==================================================

coord:(25.035212548433584, 3.187927586082057, 10.054244809976652)->(25.035212548433584, 4.979149817443558, 10.054244809976652)
state:air-5.0, action:Wait, timestep:86, reward:-0.357398809512091
==================================================

coord:(25.035212548433584, 4.979149817443558, 10.054244809976652)->(26.01573389893273, 4.738478220522606, 9.073723459477534)
state:field-0.0, action:WA, timestep:87, reward:-0.9184909744687886
==================================================

coord:(26.01573389893273, 4.738478220522606, 9.073723459477534)->(26.01573389893273, 4.738478220522606, 9.073723459477534)
state:field-0.0, action:Wait, timestep:88, reward:3.8905660204591186e-07
==================================================

coord:(26.01573389893273, 4.738478220522606, 9.073723459477534)->(23.935733975226704, 3.574537750353222, 9.073723459477534)
state:field-0.0, action:S, timestep:89, reward:2.270798881970709
==================================================

coord:(23.935733975226704, 3.574537750353222, 9.073723459477534)->(23.935733975226704, 2.5194514766035314, 9.073723459477534)
state:air-5.0, action:Wait, timestep:90, reward:0.16736280451092966
==================================================

coord:(23.935733975226704, 2.5194514766035314, 9.073723459477534)->(24.425994650476277, 2.457807391178343, 8.583462784227976)
state:field-0.0, action:WA, timestep:91, reward:-0.5069781502472246
==================================================

coord:(24.425994650476277, 2.457807391178343, 8.583462784227976)->(24.425994650476277, 4.033767821479751, 11.010129361885056)
state:field-0.0, action:D, timestep:92, reward:-0.234042012118163
==================================================

coord:(24.425994650476277, 4.033767821479751, 11.010129361885056)->(24.425994650476277, 4.979149817443558, 11.010129361885056)
state:air-5.0, action:Wait, timestep:93, reward:-0.21330791575771357
==================================================

coord:(24.425994650476277, 4.979149817443558, 11.010129361885056)->(25.038820494538243, 4.979149817443558, 10.397303517823108)
state:field-0.0, action:WA, timestep:94, reward:-0.5725939869810119
==================================================

coord:(25.038820494538243, 4.979149817443558, 10.397303517823108)->(27.032153754756518, 5.995719931712003, 10.397303517823108)
state:field-0.0, action:W, timestep:95, reward:-2.1848872583162553
==================================================

coord:(27.032153754756518, 5.995719931712003, 10.397303517823108)->(27.032153754756518, 7.043188792742277, 10.397303517823108)
state:air-5.0, action:Wait, timestep:96, reward:-0.29709856514291744
==================================================

coord:(27.032153754756518, 7.043188792742277, 10.397303517823108)->(25.992153792903505, 6.790158255748933, 10.397303517823108)
state:field-0.0, action:S, timestep:97, reward:1.0673656061814505
==================================================

coord:(25.992153792903505, 6.790158255748933, 10.397303517823108)->(25.992153792903505, 4.979149817443558, 10.397303517823108)
state:air-5.0, action:Wait, timestep:98, reward:0.4883582669053119
==================================================

coord:(25.992153792903505, 4.979149817443558, 10.397303517823108)->(23.99882053268523, 4.726119280450214, 10.397303517823108)
state:field-0.0, action:S, timestep:99, reward:1.9963776839151208
==================================================

coord:(23.99882053268523, 4.726119280450214, 10.397303517823108)->(23.99882053268523, 3.187927586082057, 10.397303517823108)
state:air-5.0, action:Wait, timestep:100, reward:0.31333826464596726
==================================================

coord:(23.99882053268523, 3.187927586082057, 10.397303517823108)->(25.038820494538243, 4.033767821479751, 10.397303517823108)
state:field-0.0, action:W, timestep:101, reward:-1.1761215282881174
==================================================

coord:(25.038820494538243, 4.033767821479751, 10.397303517823108)->(25.038820494538243, 4.979149817443558, 10.397303517823108)
state:air-5.0, action:Wait, timestep:102, reward:-0.20733290910015256
==================================================

coord:(25.038820494538243, 4.979149817443558, 10.397303517823108)->(26.14190701384978, 4.738478220522606, 9.294216998511601)
state:field-0.0, action:WA, timestep:103, reward:-1.0259287336492129
==================================================

coord:(26.14190701384978, 4.738478220522606, 9.294216998511601)->(24.977537910132046, 4.18641159435531, 8.1298478947939)
state:field-0.0, action:SA, timestep:104, reward:1.1809401615349309
==================================================

coord:(24.977537910132046, 4.18641159435531, 8.1298478947939)->(24.977537910132046, 2.457807391178343, 8.1298478947939)
state:air-5.0, action:Wait, timestep:105, reward:0.28210987747731053
==================================================

coord:(24.977537910132046, 2.457807391178343, 8.1298478947939)->(24.977537910132046, 0.9707717392434059, 5.703181317136843)
state:field-0.0, action:A, timestep:106, reward:-0.24259204530840606
==================================================

coord:(24.977537910132046, 0.9707717392434059, 5.703181317136843)->(26.32575476706837, 1.0075215722102642, 4.354964460200537)
state:field-0.0, action:WA, timestep:107, reward:-1.6257915372555942
==================================================

coord:(26.32575476706837, 1.0075215722102642, 4.354964460200537)->(26.32575476706837, 1.0075215722102642, 4.354964460200537)
state:field-0.0, action:Wait, timestep:108, reward:1.2427022966221557e-08
==================================================

coord:(26.32575476706837, 1.0075215722102642, 4.354964460200537)->(27.306276117567517, 0.8061780709048216, 3.3744431097014105)
state:field-0.0, action:WA, timestep:109, reward:-1.200188341980219
==================================================

coord:(27.306276117567517, 0.8061780709048216, 3.3744431097014105)->(27.306276117567517, 0.8061780709048216, 3.3744431097014105)
state:field-0.0, action:Wait, timestep:110, reward:-6.588747503144532e-07
==================================================

coord:(27.306276117567517, 0.8061780709048216, 3.3744431097014105)->(29.94142724703397, 2.171486246874829, 6.009594239167821)
state:field-0.0, action:WD, timestep:111, reward:-2.0683701108297896
==================================================

coord:(29.94142724703397, 2.171486246874829, 6.009594239167821)->(29.94142724703397, 3.0338362951707407, 6.009594239167821)
state:air-5.0, action:Wait, timestep:112, reward:-0.08837567398310497
==================================================

coord:(29.94142724703397, 3.0338362951707407, 6.009594239167821)->(31.534774441595083, 1.7591901566695145, 4.416247044606733)
state:field-0.0, action:WA, timestep:113, reward:-1.7327445673452608
==================================================

coord:(31.534774441595083, 1.7591901566695145, 4.416247044606733)->(32.94427388293755, 1.2436513637765316, 3.006747603264239)
state:field-0.0, action:WA, timestep:114, reward:-1.6599606662939266
==================================================

coord:(32.94427388293755, 1.2436513637765316, 3.006747603264239)->(33.86351264903045, 0.8366969954363354, 2.0875088371713098)
state:field-0.0, action:WA, timestep:115, reward:-1.1072315919100113
==================================================

coord:(33.86351264903045, 0.8366969954363354, 2.0875088371713098)->(34.29684596646922, 0.8263977634849407, 2.0875088371713098)
state:field-0.0, action:W, timestep:116, reward:-0.4176881780427699
==================================================

coord:(34.29684596646922, 0.8263977634849407, 2.0875088371713098)->(32.7034987719082, 1.2436513637765316, 3.680856031732387)
state:field-0.0, action:SD, timestep:117, reward:1.9155348714742324
==================================================

coord:(32.7034987719082, 1.2436513637765316, 3.680856031732387)->(31.490165483079657, 1.1982885833176193, 3.680856031732387)
state:field-0.0, action:S, timestep:118, reward:1.1824653040443387
==================================================

coord:(31.490165483079657, 1.1982885833176193, 3.680856031732387)->(31.490165483079657, 1.1982885833176193, 3.680856031732387)
state:field-0.0, action:Wait, timestep:119, reward:7.044349636942115e-07
==================================================

coord:(31.490165483079657, 1.1982885833176193, 3.680856031732387)->(30.363498857738893, 1.126331007346584, 3.680856031732387)
state:field-0.0, action:S, timestep:120, reward:1.0967042736762984
==================================================

coord:(30.363498857738893, 1.126331007346584, 3.680856031732387)->(31.956846052300005, 0.7962545083825889, 2.0875088371713098)
state:field-0.0, action:WA, timestep:121, reward:-1.942302732722137
==================================================

coord:(31.956846052300005, 0.7962545083825889, 2.0875088371713098)->(33.305062909236256, 0.0, 0.7392919802350096)
state:field-0.0, action:WA, timestep:122, reward:-1.6761001076695408
==================================================

coord:(33.305062909236256, 0.0, 0.7392919802350096)->(33.305062909236256, 1.2591507448593033, 4.032625192769599)
state:field-0.0, action:D, timestep:123, reward:0.8268447827535113
==================================================

coord:(33.305062909236256, 1.2591507448593033, 4.032625192769599)->(33.305062909236256, 1.8485410167113652, 4.032625192769599)
state:air-5.0, action:Wait, timestep:124, reward:-0.031612650977699275
==================================================

coord:(33.305062909236256, 1.8485410167113652, 4.032625192769599)->(31.89556346789381, 0.7962545083825889, 2.6231257514271076)
state:field-0.0, action:SA, timestep:125, reward:1.0860152110366066
==================================================

coord:(31.89556346789381, 0.7962545083825889, 2.6231257514271076)->(34.285584259735344, 1.8209376854030004, 5.01314654326873)
state:field-0.0, action:WD, timestep:126, reward:-1.862652048999756
==================================================

coord:(34.285584259735344, 1.8209376854030004, 5.01314654326873)->(34.285584259735344, 2.614828605119289, 5.01314654326873)
state:air-5.0, action:Wait, timestep:127, reward:-0.059101020197591225
==================================================

coord:(34.285584259735344, 2.614828605119289, 5.01314654326873)->(35.327388194640626, 3.519986988009651, 6.0549504781740575)
state:field-0.0, action:WD, timestep:128, reward:-0.9628079854416498
==================================================

coord:(35.327388194640626, 3.519986988009651, 6.0549504781740575)->(35.327388194640626, 3.519986988009651, 6.0549504781740575)
state:field-0.0, action:Wait, timestep:129, reward:6.23567139257375e-07
==================================================

coord:(35.327388194640626, 3.519986988009651, 6.0549504781740575)->(36.307909545139715, 4.509439697457267, 7.035471828673189)
state:field-0.0, action:WD, timestep:130, reward:-0.9848134242899462
==================================================

coord:(36.307909545139715, 4.509439697457267, 7.035471828673189)->(32.407909688190756, 4.979149817443558, 7.035471828673189)
state:field-0.0, action:S, timestep:131, reward:3.755803224040246
==================================================

coord:(32.407909688190756, 4.979149817443558, 7.035471828673189)->(32.407909688190756, 4.979149817443558, 7.035471828673189)
state:field-0.0, action:Wait, timestep:132, reward:-8.378494023020266e-07
==================================================

coord:(32.407909688190756, 4.979149817443558, 7.035471828673189)->(34.43023497359513, 6.60613839235095, 9.057797114077632)
state:field-0.0, action:WD, timestep:133, reward:-2.1634536934303448
==================================================

coord:(34.43023497359513, 6.60613839235095, 9.057797114077632)->(34.43023497359513, 8.586863323434834, 9.057797114077632)
state:air-5.0, action:Wait, timestep:134, reward:-0.4945535693040881
==================================================

coord:(34.43023497359513, 8.586863323434834, 9.057797114077632)->(34.43023497359513, 8.586863323434834, 9.057797114077632)
state:field-0.0, action:Wait, timestep:135, reward:9.503492321982776e-07
==================================================

coord:(34.43023497359513, 8.586863323434834, 9.057797114077632)->(34.368952389188934, 8.586863323434834, 8.996514529671437)
state:field-0.0, action:SA, timestep:136, reward:0.05685054287017621
==================================================

coord:(34.368952389188934, 8.586863323434834, 8.996514529671437)->(34.368952389188934, 6.620243268861104, 8.996514529671437)
state:air-5.0, action:Wait, timestep:137, reward:0.49239070107449834
==================================================

coord:(34.368952389188934, 6.620243268861104, 8.996514529671437)->(34.368952389188934, 6.620243268861104, 8.996514529671437)
state:field-0.0, action:Wait, timestep:138, reward:-8.852292125993699e-07
==================================================

coord:(34.368952389188934, 6.620243268861104, 8.996514529671437)->(32.37561912897058, 6.620243268861104, 8.996514529671437)
state:field-0.0, action:S, timestep:139, reward:1.9399782181731489
==================================================

coord:(32.37561912897058, 6.620243268861104, 8.996514529671437)->(32.37561912897058, 6.620243268861104, 8.996514529671437)
state:field-0.0, action:Wait, timestep:140, reward:5.722991254231147e-07
==================================================

coord:(32.37561912897058, 6.620243268861104, 8.996514529671437)->(32.37561912897058, 6.620243268861104, 9.08318119315919)
state:field-0.0, action:D, timestep:141, reward:0.002953370556319612
==================================================

coord:(32.37561912897058, 6.620243268861104, 9.08318119315919)->(32.37561912897058, 8.586863323434834, 9.08318119315919)
state:air-5.0, action:Wait, timestep:142, reward:-0.5257367557158297
==================================================

coord:(32.37561912897058, 8.586863323434834, 9.08318119315919)->(32.49818429778296, 8.586863323434834, 8.9606160243468)
state:field-0.0, action:WA, timestep:143, reward:-0.12107087816046302
==================================================

coord:(32.49818429778296, 8.586863323434834, 8.9606160243468)->(32.49818429778296, 6.620243268861104, 8.9606160243468)
state:air-5.0, action:Wait, timestep:144, reward:0.523488527737463
==================================================

coord:(32.49818429778296, 6.620243268861104, 8.9606160243468)->(32.559466882189156, 6.620243268861104, 9.021898608752995)
state:field-0.0, action:WD, timestep:145, reward:-0.057364554081789976
==================================================

coord:(32.559466882189156, 6.620243268861104, 9.021898608752995)->(32.559466882189156, 8.586863323434834, 9.021898608752995)
state:air-5.0, action:Wait, timestep:146, reward:-0.5224479989920354
==================================================

coord:(32.559466882189156, 8.586863323434834, 9.021898608752995)->(34.72613346938302, 8.586863323434834, 9.021898608752995)
state:field-0.0, action:W, timestep:147, reward:-2.0741867824052633
==================================================

coord:(34.72613346938302, 8.586863323434834, 9.021898608752995)->(35.70665481988211, 8.333832786441485, 10.002419959252112)
state:field-0.0, action:WD, timestep:148, reward:-0.8605021292941508
==================================================

coord:(35.70665481988211, 8.333832786441485, 10.002419959252112)->(35.70665481988211, 10.468869130887198, 10.002419959252112)
state:air-5.0, action:Wait, timestep:149, reward:-0.6247223001817659
==================================================

coord:(35.70665481988211, 10.468869130887198, 10.002419959252112)->(35.767937404288304, 10.468869130887198, 9.941137374845917)
state:field-0.0, action:WA, timestep:150, reward:-0.05806419523728579
==================================================

coord:(35.767937404288304, 10.468869130887198, 9.941137374845917)->(35.767937404288304, 8.273653361931782, 9.941137374845917)
state:air-5.0, action:Wait, timestep:151, reward:0.6392641237429473
==================================================

coord:(35.767937404288304, 8.273653361931782, 9.941137374845917)->(35.70665481988211, 8.273653361931782, 10.002419959252112)
state:field-0.0, action:SD, timestep:152, reward:0.05922962906801388
==================================================

coord:(35.70665481988211, 8.273653361931782, 10.002419959252112)->(35.70665481988211, 10.468869130887198, 10.002419959252112)
state:air-5.0, action:Wait, timestep:153, reward:-0.6404312235216096
==================================================

coord:(35.70665481988211, 10.468869130887198, 10.002419959252112)->(34.66485088497683, 10.865181854423884, 11.044223894157424)
state:field-0.0, action:SD, timestep:154, reward:0.8329219453046228
==================================================

coord:(34.66485088497683, 10.865181854423884, 11.044223894157424)->(34.66485088497683, 13.411621749488766, 11.044223894157424)
state:air-5.0, action:Wait, timestep:155, reward:-0.963193420470283
==================================================

coord:(34.66485088497683, 13.411621749488766, 11.044223894157424)->(34.603568300570636, 13.411621749488766, 10.98294130975123)
state:field-0.0, action:SA, timestep:156, reward:0.05771306454171565
==================================================

coord:(34.603568300570636, 13.411621749488766, 10.98294130975123)->(34.603568300570636, 10.865181854423884, 10.98294130975123)
state:air-5.0, action:Wait, timestep:157, reward:0.9649557697791806
==================================================

coord:(34.603568300570636, 10.865181854423884, 10.98294130975123)->(35.64537223547592, 10.658156869611144, 9.941137374845917)
state:field-0.0, action:WA, timestep:158, reward:-0.8961385253875065
==================================================

coord:(35.64537223547592, 10.658156869611144, 9.941137374845917)->(35.64537223547592, 8.273653361931782, 9.941137374845917)
state:air-5.0, action:Wait, timestep:159, reward:0.7032872067153626
==================================================

coord:(35.64537223547592, 8.273653361931782, 9.941137374845917)->(35.584089651069725, 8.273653361931782, 10.002419959252112)
state:field-0.0, action:SD, timestep:160, reward:0.05921481917014759
==================================================

coord:(35.584089651069725, 8.273653361931782, 10.002419959252112)->(35.584089651069725, 10.468869130887198, 10.002419959252112)
state:air-5.0, action:Wait, timestep:161, reward:-0.6427770375827393
==================================================

coord:(35.584089651069725, 10.468869130887198, 10.002419959252112)->(35.52280706666353, 10.468869130887198, 9.941137374845917)
state:field-0.0, action:SA, timestep:162, reward:0.057921611878015256
==================================================

coord:(35.52280706666353, 10.468869130887198, 9.941137374845917)->(35.52280706666353, 8.273653361931782, 9.941137374845917)
state:air-5.0, action:Wait, timestep:163, reward:0.6439527883607674
==================================================

coord:(35.52280706666353, 8.273653361931782, 9.941137374845917)->(35.46152448225734, 8.273653361931782, 10.002419959252112)
state:field-0.0, action:SD, timestep:164, reward:0.05919819443951013
==================================================

coord:(35.46152448225734, 8.273653361931782, 10.002419959252112)->(35.46152448225734, 10.468869130887198, 10.002419959252112)
state:air-5.0, action:Wait, timestep:165, reward:-0.645137258165903
==================================================

coord:(35.46152448225734, 10.468869130887198, 10.002419959252112)->(36.50332841716262, 12.146430965493133, 11.044223894157424)
state:field-0.0, action:WD, timestep:166, reward:-1.5696891066262566
==================================================

coord:(36.50332841716262, 12.146430965493133, 11.044223894157424)->(36.50332841716262, 12.146430965493133, 12.084223856010459)
state:field-0.0, action:D, timestep:167, reward:-0.04812263518078197
==================================================

coord:(36.50332841716262, 12.146430965493133, 12.084223856010459)->(36.50332841716262, 14.626311902452928, 12.084223856010459)
state:air-5.0, action:Wait, timestep:168, reward:-0.9674974977118396
==================================================

coord:(36.50332841716262, 14.626311902452928, 12.084223856010459)->(37.42256718325552, 15.754669176404608, 13.003462622103381)
state:field-0.0, action:WD, timestep:169, reward:-1.376962678971779
==================================================

coord:(37.42256718325552, 15.754669176404608, 13.003462622103381)->(37.42256718325552, 15.754669176404608, 12.916795958615628)
state:field-0.0, action:A, timestep:170, reward:0.007094829267479952
==================================================

coord:(37.42256718325552, 15.754669176404608, 12.916795958615628)->(37.42256718325552, 13.411621749488766, 12.916795958615628)
state:air-5.0, action:Wait, timestep:171, reward:0.9574705517317312
==================================================

coord:(37.42256718325552, 13.411621749488766, 12.916795958615628)->(38.34180594934841, 13.365616197308157, 11.997557192522706)
state:field-0.0, action:WA, timestep:172, reward:-0.768478979674363
==================================================

coord:(38.34180594934841, 13.365616197308157, 11.997557192522706)->(38.34180594934841, 9.962847110248203, 11.997557192522706)
state:air-5.0, action:Wait, timestep:173, reward:1.1206950543026437
==================================================

coord:(38.34180594934841, 9.962847110248203, 11.997557192522706)->(38.34180594934841, 9.962847110248203, 12.084223856010459)
state:field-0.0, action:D, timestep:174, reward:-0.00507232836589111
==================================================

coord:(38.34180594934841, 9.962847110248203, 12.084223856010459)->(38.34180594934841, 11.996915775911294, 12.084223856010459)
state:air-5.0, action:Wait, timestep:175, reward:-0.6348744097969359
==================================================

coord:(38.34180594934841, 11.996915775911294, 12.084223856010459)->(37.42256718325552, 13.411621749488766, 13.003462622103381)
state:field-0.0, action:SD, timestep:176, reward:0.2804498066792718
==================================================

coord:(37.42256718325552, 13.411621749488766, 13.003462622103381)->(37.42256718325552, 15.754669176404608, 13.003462622103381)
state:air-5.0, action:Wait, timestep:177, reward:-0.9572773152022478
==================================================

coord:(37.42256718325552, 15.754669176404608, 13.003462622103381)->(37.42256718325552, 15.754669176404608, 14.043462583956416)
state:field-0.0, action:D, timestep:178, reward:-0.10116002070665076
==================================================

coord:(37.42256718325552, 15.754669176404608, 14.043462583956416)->(37.42256718325552, 18.054236500963327, 14.043462583956416)
state:air-5.0, action:Wait, timestep:179, reward:-1.0562783703049234
==================================================

coord:(37.42256718325552, 18.054236500963327, 14.043462583956416)->(36.44204583275643, 19.68940812350348, 15.023983934455533)
state:field-0.0, action:SD, timestep:180, reward:-0.10683291038684928
==================================================

coord:(36.44204583275643, 19.68940812350348, 15.023983934455533)->(36.44204583275643, 20.0, 15.023983934455533)
state:air-5.0, action:Wait, timestep:181, reward:-0.16427821178604773
==================================================

coord:(36.44204583275643, 20.0, 15.023983934455533)->(36.44204583275643, 19.74696946300665, 13.983983972602498)
state:field-0.0, action:A, timestep:182, reward:0.2592051821798904
==================================================

coord:(36.44204583275643, 19.74696946300665, 13.983983972602498)->(36.44204583275643, 17.181569059896788, 13.983983972602498)
state:air-5.0, action:Wait, timestep:183, reward:1.2908116101512803
==================================================

coord:(36.44204583275643, 17.181569059896788, 13.983983972602498)->(36.44204583275643, 17.181569059896788, 14.070650636090251)
state:field-0.0, action:D, timestep:184, reward:-0.00968219098670886
==================================================

coord:(36.44204583275643, 17.181569059896788, 14.070650636090251)->(36.44204583275643, 19.68940812350348, 14.070650636090251)
state:air-5.0, action:Wait, timestep:185, reward:-1.2600775186527287
==================================================

coord:(36.44204583275643, 19.68940812350348, 14.070650636090251)->(36.564611001568814, 19.68940812350348, 13.948085467277862)
state:field-0.0, action:WA, timestep:186, reward:-0.0901828884520981
==================================================

coord:(36.564611001568814, 19.68940812350348, 13.948085467277862)->(36.564611001568814, 17.181569059896788, 13.948085467277862)
state:air-5.0, action:Wait, timestep:187, reward:1.2569340901389694
==================================================

coord:(36.564611001568814, 17.181569059896788, 13.948085467277862)->(36.564611001568814, 17.181569059896788, 12.99475216891258)
state:field-0.0, action:A, timestep:188, reward:0.09165164613273902
==================================================

coord:(36.564611001568814, 17.181569059896788, 12.99475216891258)->(36.564611001568814, 14.626311902452928, 12.99475216891258)
state:air-5.0, action:Wait, timestep:189, reward:1.145076405489391
==================================================

coord:(36.564611001568814, 14.626311902452928, 12.99475216891258)->(37.606414936474096, 14.460691914602736, 11.952948234007268)
state:field-0.0, action:WA, timestep:190, reward:-0.805234451487614
==================================================

coord:(37.606414936474096, 14.460691914602736, 11.952948234007268)->(37.606414936474096, 11.137690677042896, 11.952948234007268)
state:air-5.0, action:Wait, timestep:191, reward:1.2111412403772235
==================================================

coord:(37.606414936474096, 11.137690677042896, 11.952948234007268)->(37.606414936474096, 11.137690677042896, 12.03961489749502)
state:field-0.0, action:D, timestep:192, reward:-0.005011223574015844
==================================================

coord:(37.606414936474096, 11.137690677042896, 12.03961489749502)->(37.606414936474096, 13.411621749488766, 12.03961489749502)
state:air-5.0, action:Wait, timestep:193, reward:-0.7993913056134261
==================================================

coord:(37.606414936474096, 13.411621749488766, 12.03961489749502)->(39.079748215765925, 13.107985105096748, 12.03961489749502)
state:field-0.0, action:W, timestep:194, reward:-1.2547359230175132
==================================================

coord:(39.079748215765925, 13.107985105096748, 12.03961489749502)->(39.079748215765925, 10.468869130887198, 12.03961489749502)
state:air-5.0, action:Wait, timestep:195, reward:0.8608413824041818
==================================================

coord:(39.079748215765925, 10.468869130887198, 12.03961489749502)->(39.14103080017212, 10.468869130887198, 11.978332313088826)
state:field-0.0, action:WA, timestep:196, reward:-0.055046239983290945
==================================================

coord:(39.14103080017212, 10.468869130887198, 11.978332313088826)->(39.14103080017212, 8.69387970345265, 11.978332313088826)
state:air-5.0, action:Wait, timestep:197, reward:0.4787226496711412
==================================================

coord:(39.14103080017212, 8.69387970345265, 11.978332313088826)->(39.14103080017212, 8.69387970345265, 12.064998976576579)
state:field-0.0, action:D, timestep:198, reward:-0.004964062811744441
==================================================

coord:(39.14103080017212, 8.69387970345265, 12.064998976576579)->(39.14103080017212, 10.468869130887198, 12.064998976576579)
state:air-5.0, action:Wait, timestep:199, reward:-0.4786574996436457
==================================================

coord:(39.14103080017212, 10.468869130887198, 12.064998976576579)->(39.01846563135973, 10.468869130887198, 11.94243380776419)
state:field-0.0, action:SA, timestep:200, reward:0.1238539827089511
==================================================

coord:(39.01846563135973, 10.468869130887198, 11.94243380776419)->(39.01846563135973, 8.69387970345265, 11.94243380776419)
state:air-5.0, action:Wait, timestep:201, reward:0.4803405618141383
==================================================

coord:(39.01846563135973, 8.69387970345265, 11.94243380776419)->(39.01846563135973, 8.69387970345265, 11.94243380776419)
state:field-0.0, action:Wait, timestep:202, reward:1.5115211695615471e-06
==================================================

coord:(39.01846563135973, 8.69387970345265, 11.94243380776419)->(39.01846563135973, 8.390243059060632, 9.949100547545873)
state:field-0.0, action:A, timestep:203, reward:0.12759964868078555
==================================================

coord:(39.01846563135973, 8.390243059060632, 9.949100547545873)->(39.01846563135973, 5.566303476071249, 9.949100547545873)
state:air-5.0, action:Wait, timestep:204, reward:0.5670156072734116
==================================================

coord:(39.01846563135973, 5.566303476071249, 9.949100547545873)->(36.93846570765362, 7.130966662261207, 9.949100547545873)
state:field-0.0, action:S, timestep:205, reward:1.7459932836557215
==================================================

coord:(36.93846570765362, 7.130966662261207, 9.949100547545873)->(36.93846570765362, 7.776818084822732, 9.949100547545873)
state:air-5.0, action:Wait, timestep:206, reward:-0.14678050732216974
==================================================

coord:(36.93846570765362, 7.776818084822732, 9.949100547545873)->(36.87718312324743, 7.776818084822732, 10.010383131952068)
state:field-0.0, action:SD, timestep:207, reward:0.05957884941317815
==================================================

coord:(36.87718312324743, 7.776818084822732, 10.010383131952068)->(36.87718312324743, 9.840210512000088, 10.010383131952068)
state:air-5.0, action:Wait, timestep:208, reward:-0.5493251920937752
==================================================

coord:(36.87718312324743, 9.840210512000088, 10.010383131952068)->(37.91898705815271, 11.137690677042896, 11.05218706685738)
state:field-0.0, action:WD, timestep:209, reward:-1.4065928469567197
==================================================

coord:(37.91898705815271, 11.137690677042896, 11.05218706685738)->(37.91898705815271, 11.137690677042896, 10.965520403369627)
state:field-0.0, action:A, timestep:210, reward:0.002515348909575721
==================================================

coord:(37.91898705815271, 11.137690677042896, 10.965520403369627)->(37.91898705815271, 9.02299788234077, 10.965520403369627)
state:air-5.0, action:Wait, timestep:211, reward:0.6186666286643145
==================================================

coord:(37.91898705815271, 9.02299788234077, 10.965520403369627)->(37.857704473746516, 9.02299788234077, 11.026802987775822)
state:field-0.0, action:SD, timestep:212, reward:0.05728328485118084
==================================================

coord:(37.857704473746516, 9.02299788234077, 11.026802987775822)->(37.857704473746516, 11.137690677042896, 11.026802987775822)
state:air-5.0, action:Wait, timestep:213, reward:-0.6196844369003216
==================================================

coord:(37.857704473746516, 11.137690677042896, 11.026802987775822)->(38.838225824245605, 11.996915775911294, 12.00732433827494)
state:field-0.0, action:WD, timestep:214, reward:-1.2488031748307549
==================================================

coord:(38.838225824245605, 11.996915775911294, 12.00732433827494)->(40.05155911307417, 11.693279131519276, 12.00732433827494)
state:field-0.0, action:W, timestep:215, reward:-1.0470105386621498
==================================================

coord:(40.05155911307417, 11.693279131519276, 12.00732433827494)->(40.05155911307417, 8.911930257389267, 12.00732433827494)
state:air-5.0, action:Wait, timestep:216, reward:0.7826353364293013
==================================================

coord:(40.05155911307417, 8.911930257389267, 12.00732433827494)->(39.31616810019985, 8.69387970345265, 11.271933325400601)
state:field-0.0, action:SA, timestep:217, reward:0.799252859401669
==================================================

coord:(39.31616810019985, 8.69387970345265, 11.271933325400601)->(38.58077708732554, 9.962847110248203, 12.00732433827494)
state:field-0.0, action:SD, timestep:218, reward:0.3381818872373472
==================================================

coord:(38.58077708732554, 9.962847110248203, 12.00732433827494)->(38.58077708732554, 11.996915775911294, 12.00732433827494)
state:air-5.0, action:Wait, timestep:219, reward:-0.6308901861823273
==================================================

coord:(38.58077708732554, 11.996915775911294, 12.00732433827494)->(38.58077708732554, 11.996915775911294, 11.920657674787186)
state:field-0.0, action:A, timestep:220, reward:0.004765763277603696
==================================================

coord:(38.58077708732554, 11.996915775911294, 11.920657674787186)->(38.58077708732554, 9.962847110248203, 11.920657674787186)
state:air-5.0, action:Wait, timestep:221, reward:0.630978451894471
==================================================

coord:(38.58077708732554, 9.962847110248203, 11.920657674787186)->(36.61973438632736, 10.585624050875593, 9.959614973788952)
state:field-0.0, action:SA, timestep:222, reward:1.7355005422599703
==================================================

coord:(36.61973438632736, 10.585624050875593, 9.959614973788952)->(36.61973438632736, 7.776818084822732, 9.959614973788952)
state:air-5.0, action:Wait, timestep:223, reward:0.782569148757041
==================================================

coord:(36.61973438632736, 7.776818084822732, 9.959614973788952)->(36.68101697073355, 7.776818084822732, 10.020897558195147)
state:field-0.0, action:WD, timestep:224, reward:-0.059494809560590056
==================================================

coord:(36.68101697073355, 7.776818084822732, 10.020897558195147)->(36.68101697073355, 9.840210512000088, 10.020897558195147)
state:air-5.0, action:Wait, timestep:225, reward:-0.5524821532291497
==================================================

coord:(36.68101697073355, 9.840210512000088, 10.020897558195147)->(35.70049562023446, 10.468869130887198, 11.001418908694264)
state:field-0.0, action:SD, timestep:226, reward:0.7222237398309304
==================================================

coord:(35.70049562023446, 10.468869130887198, 11.001418908694264)->(35.70049562023446, 12.922426408462826, 11.001418908694264)
state:air-5.0, action:Wait, timestep:227, reward:-0.8725345292307765
==================================================

coord:(35.70049562023446, 12.922426408462826, 11.001418908694264)->(35.761778204640656, 12.922426408462826, 10.94013632428807)
state:field-0.0, action:WA, timestep:228, reward:-0.05468245653825221
==================================================

coord:(35.761778204640656, 12.922426408462826, 10.94013632428807)->(35.761778204640656, 10.468869130887198, 10.94013632428807)
state:air-5.0, action:Wait, timestep:229, reward:0.8710665345098718
==================================================

coord:(35.761778204640656, 10.468869130887198, 10.94013632428807)->(36.742299555139745, 10.16523248649518, 9.959614973788952)
state:field-0.0, action:WA, timestep:230, reward:-0.8223050762299806
==================================================

coord:(36.742299555139745, 10.16523248649518, 9.959614973788952)->(36.742299555139745, 7.776818084822732, 9.959614973788952)
state:air-5.0, action:Wait, timestep:231, reward:0.6491755154535284
==================================================

coord:(36.742299555139745, 7.776818084822732, 9.959614973788952)->(36.742299555139745, 7.776818084822732, 9.959614973788952)
state:field-0.0, action:Wait, timestep:232, reward:1.7788812627372863e-06
==================================================

coord:(36.742299555139745, 7.776818084822732, 9.959614973788952)->(39.08229946930912, 6.50706484463795, 9.959614973788952)
state:field-0.0, action:W, timestep:233, reward:-2.0168355964812577
==================================================

coord:(39.08229946930912, 6.50706484463795, 9.959614973788952)->(39.08229946930912, 5.566303476071249, 9.959614973788952)
state:air-5.0, action:Wait, timestep:234, reward:0.16405848748832597
==================================================

coord:(39.08229946930912, 5.566303476071249, 9.959614973788952)->(39.08229946930912, 7.043188792742277, 11.08628159912974)
state:field-0.0, action:D, timestep:235, reward:-0.28551165746129925
==================================================

coord:(39.08229946930912, 7.043188792742277, 11.08628159912974)->(39.08229946930912, 8.69387970345265, 11.08628159912974)
state:air-5.0, action:Wait, timestep:236, reward:-0.3710490968615616
==================================================

coord:(39.08229946930912, 8.69387970345265, 11.08628159912974)->(37.30510452152952, 7.130966662261207, 9.30908665135009)
state:field-0.0, action:SA, timestep:237, reward:2.1004376584294633
==================================================

coord:(37.30510452152952, 7.130966662261207, 9.30908665135009)->(36.569713508655205, 7.776818084822732, 10.044477664224427)
state:field-0.0, action:SD, timestep:238, reward:0.576496237076995
==================================================

coord:(36.569713508655205, 7.776818084822732, 10.044477664224427)->(36.569713508655205, 9.840210512000088, 10.044477664224427)
state:air-5.0, action:Wait, timestep:239, reward:-0.5542867126539903
==================================================

coord:(36.569713508655205, 9.840210512000088, 10.044477664224427)->(36.569713508655205, 9.840210512000088, 9.957811000736674)
state:field-0.0, action:A, timestep:240, reward:3.243290052523662e-06
==================================================

coord:(36.569713508655205, 9.840210512000088, 9.957811000736674)->(36.569713508655205, 7.776818084822732, 9.957811000736674)
state:air-5.0, action:Wait, timestep:241, reward:0.5542863051855278
==================================================

coord:(36.569713508655205, 7.776818084822732, 9.957811000736674)->(37.550234859154294, 7.64800253871703, 8.977289650237557)
state:field-0.0, action:WA, timestep:242, reward:-0.9387930395840556
==================================================

coord:(37.550234859154294, 7.64800253871703, 8.977289650237557)->(37.550234859154294, 5.497785660273409, 8.977289650237557)
state:air-5.0, action:Wait, timestep:243, reward:0.42518899690113443
==================================================

coord:(37.550234859154294, 5.497785660273409, 8.977289650237557)->(38.53075620965338, 5.368970114167706, 7.996768299738439)
state:field-0.0, action:WA, timestep:244, reward:-0.9898136739164087
==================================================

coord:(38.53075620965338, 5.368970114167706, 7.996768299738439)->(38.53075620965338, 3.6987703125538394, 7.996768299738439)
state:air-5.0, action:Wait, timestep:245, reward:0.22334321780807187
==================================================

coord:(38.53075620965338, 3.6987703125538394, 7.996768299738439)->(38.53075620965338, 3.3951336681618267, 5.916768376032391)
state:field-0.0, action:A, timestep:246, reward:-0.1550857194038926
==================================================

coord:(38.53075620965338, 3.3951336681618267, 5.916768376032391)->(38.53075620965338, 1.9424300877930798, 5.916768376032391)
state:air-5.0, action:Wait, timestep:247, reward:0.11439389033552771
==================================================

coord:(38.53075620965338, 1.9424300877930798, 5.916768376032391)->(36.6309960930614, 1.653550279007014, 4.017008259440324)
state:field-0.0, action:SA, timestep:248, reward:1.599959186551125
==================================================

coord:(36.6309960930614, 1.653550279007014, 4.017008259440324)->(38.04049553440384, 0.6138910508839367, 2.6075088180978327)
state:field-0.0, action:WA, timestep:249, reward:-1.628658561466132
==================================================

coord:(38.04049553440384, 0.6138910508839367, 2.6075088180978327)->(35.589192158156116, 1.7591901566695145, 5.058812194345651)
state:field-0.0, action:SD, timestep:250, reward:2.8273560391945445
==================================================

coord:(35.589192158156116, 1.7591901566695145, 5.058812194345651)->(35.589192158156116, 2.5194514766035314, 5.058812194345651)
state:air-5.0, action:Wait, timestep:251, reward:-0.0523618374236392
==================================================

coord:(35.589192158156116, 2.5194514766035314, 5.058812194345651)->(33.9958449635951, 1.2591507448593033, 3.4654649997845666)
state:field-0.0, action:SA, timestep:252, reward:1.33826719911346
==================================================

coord:(33.9958449635951, 1.2591507448593033, 3.4654649997845666)->(33.9958449635951, 1.2591507448593033, 3.4654649997845666)
state:field-0.0, action:Wait, timestep:253, reward:8.264327959750517e-07
==================================================

coord:(33.9958449635951, 1.2591507448593033, 3.4654649997845666)->(33.9958449635951, 0.0, 0.8654650951519967)
state:field-0.0, action:A, timestep:254, reward:-0.6509368332497765
==================================================

coord:(33.9958449635951, 0.0, 0.8654650951519967)->(33.9958449635951, 0.0, 0.8654650951519967)
state:field-0.0, action:Wait, timestep:255, reward:-7.065407920947564e-07
==================================================

coord:(33.9958449635951, 0.0, 0.8654650951519967)->(33.9958449635951, 0.0, -0.0012015397255261961)
state:field-0.0, action:A, timestep:256, reward:-0.27155036008697664
==================================================

