coord:(5.0, 0.0, 30.0)->(5.0, 0.0, 30.0)
state:field-4, action:Wait, timestep:1, reward:-0.0
==================================================

coord:(5.0, 0.0, 30.0)->(5.0, 0.0, 30.0)
state:field-4, action:j, timestep:2, reward:-0.0
==================================================

coord:(5.0, 0.0, 30.0)->(2.6712617925645725, 0.0, 32.32873820743545)
state:field-4, action:SDj, timestep:3, reward:-1.474335965026924
==================================================

coord:(2.6712617925645725, 0.0, 32.32873820743545)->(6.348216856936306, 0.0, 36.00569327180703)
state:field-4, action:WD, timestep:4, reward:3.0320278750028393
==================================================

coord:(6.348216856936306, 0.0, 36.00569327180703)->(9.742329253176559, 0.0, 32.611580875566844)
state:field-4, action:WAsj, timestep:5, reward:2.333011420743013
==================================================

coord:(9.742329253176559, 0.0, 32.611580875566844)->(9.742329253176559, 0.0, 29.318247663032277)
state:field-4, action:Aj, timestep:6, reward:-0.6671888948098861
==================================================

coord:(9.742329253176559, 0.0, 29.318247663032277)->(10.6615680271583, 0.11504668768559077, 28.39900888905056)
state:field-4, action:WAs, timestep:7, reward:0.38626905862385286
==================================================

coord:(10.6615680271583, 0.11504668768559077, 28.39900888905056)->(10.6615680271583, 0.11504668768559077, 28.39900888905056)
state:field-4, action:j, timestep:8, reward:-0.0
==================================================

coord:(10.6615680271583, 0.11504668768559077, 28.39900888905056)->(10.6615680271583, 0.07394321331904903, 27.53234225417305)
state:field-4, action:A, timestep:9, reward:-0.33331257021002614
==================================================

coord:(10.6615680271583, 0.07394321331904903, 27.53234225417305)->(9.497198923440598, 0.0, 28.696711357890784)
state:field-4, action:SD, timestep:10, reward:-0.3959295487392893
==================================================

coord:(9.497198923440598, 0.0, 28.696711357890784)->(9.497198923440598, 0.0, 28.696711357890784)
state:field-4, action:Wait, timestep:11, reward:-0.0
==================================================

coord:(9.497198923440598, 0.0, 28.696711357890784)->(9.497198923440598, 0.0, 33.49671135789085)
state:field-4, action:Dsj, timestep:12, reward:0.9307906745672732
==================================================

coord:(9.497198923440598, 0.0, 33.49671135789085)->(11.335676455626443, 0.5282744857418322, 31.65823382570504)
state:field-4, action:WAj, timestep:13, reward:1.3727445554041573
==================================================

coord:(11.335676455626443, 0.5282744857418322, 31.65823382570504)->(14.035676455626433, 1.3800998584527797, 31.65823382570504)
state:field-4, action:Wsj, timestep:14, reward:2.2825544746527697
==================================================

coord:(14.035676455626433, 1.3800998584527797, 31.65823382570504)->(17.712631551553354, 1.3292617066007457, 27.981278729778168)
state:field-3, action:WAsj, timestep:15, reward:0.4113324929864035
==================================================

coord:(17.712631551553354, 1.3292617066007457, 27.981278729778168)->(14.072631685067767, 0.8675110100816354, 27.981278729778168)
state:field-3, action:Sj, timestep:16, reward:-1.927891517454352
==================================================

coord:(14.072631685067767, 0.8675110100816354, 27.981278729778168)->(13.030827750162455, 0.4970272674620075, 29.02308266468351)
state:field-3, action:SD, timestep:17, reward:-0.45556669638885694
==================================================

coord:(13.030827750162455, 0.4970272674620075, 29.02308266468351)->(13.030827750162455, 1.422820853135569, 32.02308266468355)
state:field-3, action:Dsj, timestep:18, reward:1.4913116539620894
==================================================

coord:(13.030827750162455, 1.422820853135569, 32.02308266468355)->(15.024161010380771, 2.4630033787995353, 32.02308266468355)
state:field-3, action:Wj, timestep:19, reward:1.9774095399156373
==================================================

coord:(15.024161010380771, 2.4630033787995353, 32.02308266468355)->(18.024161010380798, 3.7741656030236754, 32.02308266468355)
state:field-2, action:Ws, timestep:20, reward:2.568694774737036
==================================================

coord:(18.024161010380798, 3.7741656030236754, 32.02308266468355)->(18.024161010380798, 2.4741656507073824, 31.97308266468355)
state:wall-7, action:S, timestep:21, reward:-1.1631798324615055
==================================================

coord:(18.024161010380798, 2.4741656507073824, 31.97308266468355)->(23.224160819645864, 4.743717083786217, 31.97308266468355)
state:field-2, action:W, timestep:22, reward:3.160304797395977
==================================================

coord:(23.224160819645864, 4.743717083786217, 31.97308266468355)->(23.153450144724193, 4.743717083786217, 32.04379333960522)
state:field-2, action:SDs, timestep:23, reward:0.022636945443757384
==================================================

coord:(23.153450144724193, 4.743717083786217, 32.04379333960522)->(23.153450144724193, 6.043717036102484, 32.04379333960522)
state:wall-7, action:W, timestep:24, reward:1.2321526610527584
==================================================

coord:(23.153450144724193, 6.043717036102484, 32.04379333960522)->(23.253450144724194, 6.533347196810152, 32.04379333960522)
state:field-2, action:Wsj, timestep:25, reward:0.45619327412356014
==================================================

coord:(23.253450144724194, 6.533347196810152, 32.04379333960522)->(23.253450144724194, 6.533347196810152, 33.08379330145828)
state:field-2, action:D, timestep:26, reward:0.31364974303066706
==================================================

coord:(23.253450144724194, 6.533347196810152, 33.08379330145828)->(23.253450144724194, 5.233347244493886, 32.983793301458284)
state:wall-7, action:S, timestep:27, reward:-1.2875567918640813
==================================================

coord:(23.253450144724194, 5.233347244493886, 32.983793301458284)->(23.253450144724194, 6.533347196810152, 31.943793339605232)
state:field-2, action:A, timestep:28, reward:0.9374814827516289
==================================================

coord:(23.253450144724194, 6.533347196810152, 31.943793339605232)->(23.253450144724194, 5.233347244493886, 31.943793339605232)
state:wall-7, action:S, timestep:29, reward:-1.2195907927065726
==================================================

coord:(23.253450144724194, 5.233347244493886, 31.943793339605232)->(23.253450144724194, 5.233347244493886, 32.04379333960523)
state:field-2, action:Ds, timestep:30, reward:0.031727933875130176
==================================================

coord:(23.253450144724194, 5.233347244493886, 32.04379333960523)->(23.253450144724194, 6.533347196810152, 32.04379333960523)
state:wall-7, action:W, timestep:31, reward:1.2242884249132295
==================================================

coord:(23.253450144724194, 6.533347196810152, 32.04379333960523)->(23.253450144724194, 7.047847201260632, 33.043793339605244)
state:field-2, action:Dsj, timestep:32, reward:0.8011093134319767
==================================================

coord:(23.253450144724194, 7.047847201260632, 33.043793339605244)->(23.253450144724194, 8.347847153576913, 33.043793339605244)
state:wall-7, action:W, timestep:33, reward:1.2437767815468455
==================================================

coord:(23.253450144724194, 8.347847153576913, 33.043793339605244)->(23.31473272913039, 8.430657151118023, 32.98251075519905)
state:field-2, action:WAj, timestep:34, reward:0.055706226928874614
==================================================

coord:(23.31473272913039, 8.430657151118023, 32.98251075519905)->(23.31473272913039, 11.030657055750556, 33.03251075519905)
state:wall-7, action:Wj, timestep:35, reward:2.377823781877412
==================================================

coord:(23.31473272913039, 11.030657055750556, 33.03251075519905)->(23.31473272913039, 9.730657103434236, 33.03251075519905)
state:wall-6, action:S, timestep:36, reward:-1.1507372125418849
==================================================

coord:(23.31473272913039, 9.730657103434236, 33.03251075519905)->(23.31473272913039, 9.477626566440888, 34.072510717052104)
state:field-1, action:D, timestep:37, reward:0.06951214288679353
==================================================

coord:(23.31473272913039, 9.477626566440888, 34.072510717052104)->(23.31473272913039, 12.07762647107342, 35.02251071705205)
state:wall-6, action:Wj, timestep:38, reward:2.677021835155041
==================================================

coord:(23.31473272913039, 12.07762647107342, 35.02251071705205)->(23.31473272913039, 13.37762642338974, 35.02251071705205)
state:wall-6, action:W, timestep:39, reward:1.2656908777843725
==================================================

coord:(23.31473272913039, 13.37762642338974, 35.02251071705205)->(23.22806606564264, 14.215048690906148, 35.02251071705205)
state:field-1, action:Sj, timestep:40, reward:0.6657220437060837
==================================================

