coord:(5.0, 0.0, 30.0)->(5.0, 0.0, 30.0)
state:field-4, action:Wait, timestep:1, reward:-0.0
==================================================

coord:(5.0, 0.0, 30.0)->(5.0, 0.0, 30.0)
state:field-4, action:j, timestep:2, reward:-0.0
==================================================

coord:(5.0, 0.0, 30.0)->(2.6712617925645725, 0.0, 32.32873820743545)
state:field-4, action:SDj, timestep:3, reward:-1.474335965026924
==================================================

coord:(2.6712617925645725, 0.0, 32.32873820743545)->(6.348216856936306, 0.0, 36.00569327180703)
state:field-4, action:WD, timestep:4, reward:3.0320278750028393
==================================================

coord:(6.348216856936306, 0.0, 36.00569327180703)->(9.742329253176559, 0.0, 32.611580875566844)
state:field-4, action:WAsj, timestep:5, reward:2.333011420743013
==================================================

coord:(9.742329253176559, 0.0, 32.611580875566844)->(9.742329253176559, 0.0, 29.318247663032277)
state:field-4, action:Aj, timestep:6, reward:-0.6671888948098861
==================================================

coord:(9.742329253176559, 0.0, 29.318247663032277)->(10.6615680271583, 0.11504668768559077, 28.39900888905056)
state:field-4, action:WAs, timestep:7, reward:0.38626905862385286
==================================================

coord:(10.6615680271583, 0.11504668768559077, 28.39900888905056)->(10.6615680271583, 0.11504668768559077, 28.39900888905056)
state:field-4, action:j, timestep:8, reward:-0.0
==================================================

coord:(10.6615680271583, 0.11504668768559077, 28.39900888905056)->(10.6615680271583, 0.07394321331904903, 27.53234225417305)
state:field-4, action:A, timestep:9, reward:-0.33331257021002614
==================================================

coord:(10.6615680271583, 0.07394321331904903, 27.53234225417305)->(9.497198923440598, 0.0, 28.696711357890784)
state:field-4, action:SD, timestep:10, reward:-0.3959295487392893
==================================================

coord:(9.497198923440598, 0.0, 28.696711357890784)->(9.497198923440598, 0.0, 28.696711357890784)
state:field-4, action:Wait, timestep:11, reward:-0.0
==================================================

coord:(9.497198923440598, 0.0, 28.696711357890784)->(9.497198923440598, 0.0, 33.49671135789085)
state:field-4, action:Dsj, timestep:12, reward:0.9307906745672732
==================================================

coord:(9.497198923440598, 0.0, 33.49671135789085)->(11.335676455626443, 0.5282744857418322, 31.65823382570504)
state:field-4, action:WAj, timestep:13, reward:1.3727445554041573
==================================================

coord:(11.335676455626443, 0.5282744857418322, 31.65823382570504)->(14.035676455626433, 1.3800998584527797, 31.65823382570504)
state:field-4, action:Wsj, timestep:14, reward:2.2825544746527697
==================================================

coord:(14.035676455626433, 1.3800998584527797, 31.65823382570504)->(17.712631551553354, 1.3292617066007457, 27.981278729778168)
state:field-3, action:WAsj, timestep:15, reward:0.4113324929864035
==================================================

coord:(17.712631551553354, 1.3292617066007457, 27.981278729778168)->(14.072631685067767, 0.8675110100816354, 27.981278729778168)
state:field-3, action:Sj, timestep:16, reward:-1.927891517454352
==================================================

coord:(14.072631685067767, 0.8675110100816354, 27.981278729778168)->(13.030827750162455, 0.4970272674620075, 29.02308266468351)
state:field-3, action:SD, timestep:17, reward:-0.45556669638885694
==================================================

coord:(13.030827750162455, 0.4970272674620075, 29.02308266468351)->(13.030827750162455, 1.422820853135569, 32.02308266468355)
state:field-3, action:Dsj, timestep:18, reward:1.4913116539620894
==================================================

coord:(13.030827750162455, 1.422820853135569, 32.02308266468355)->(15.024161010380771, 2.4630033787995353, 32.02308266468355)
state:field-3, action:Wj, timestep:19, reward:1.9774095399156373
==================================================

coord:(15.024161010380771, 2.4630033787995353, 32.02308266468355)->(18.024161010380798, 3.7741656030236754, 32.02308266468355)
state:field-2, action:Ws, timestep:20, reward:2.568694774737036
==================================================

coord:(18.024161010380798, 3.7741656030236754, 32.02308266468355)->(18.024161010380798, 2.4741656507073824, 31.97308266468355)
state:wall-7, action:S, timestep:21, reward:-1.1631798324615055
==================================================

coord:(18.024161010380798, 2.4741656507073824, 31.97308266468355)->(23.224160819645864, 4.743717083786217, 31.97308266468355)
state:field-2, action:W, timestep:22, reward:3.160304797395977
==================================================

coord:(23.224160819645864, 4.743717083786217, 31.97308266468355)->(23.153450144724193, 4.743717083786217, 32.04379333960522)
state:field-2, action:SDs, timestep:23, reward:0.022636945443757384
==================================================

coord:(23.153450144724193, 4.743717083786217, 32.04379333960522)->(23.153450144724193, 6.043717036102484, 32.04379333960522)
state:wall-7, action:W, timestep:24, reward:1.2321526610527584
==================================================

coord:(23.153450144724193, 6.043717036102484, 32.04379333960522)->(23.253450144724194, 6.533347196810152, 32.04379333960522)
state:field-2, action:Wsj, timestep:25, reward:0.45619327412356014
==================================================

coord:(23.253450144724194, 6.533347196810152, 32.04379333960522)->(23.253450144724194, 6.533347196810152, 33.08379330145828)
state:field-2, action:D, timestep:26, reward:0.31364974303066706
==================================================

coord:(23.253450144724194, 6.533347196810152, 33.08379330145828)->(23.253450144724194, 5.233347244493886, 32.983793301458284)
state:wall-7, action:S, timestep:27, reward:-1.2875567918640813
==================================================

coord:(23.253450144724194, 5.233347244493886, 32.983793301458284)->(23.253450144724194, 6.533347196810152, 31.943793339605232)
state:field-2, action:A, timestep:28, reward:0.9374814827516289
==================================================

coord:(23.253450144724194, 6.533347196810152, 31.943793339605232)->(23.253450144724194, 5.233347244493886, 31.943793339605232)
state:wall-7, action:S, timestep:29, reward:-1.2195907927065726
==================================================

coord:(23.253450144724194, 5.233347244493886, 31.943793339605232)->(23.253450144724194, 5.233347244493886, 32.04379333960523)
state:field-2, action:Ds, timestep:30, reward:0.031727933875130176
==================================================

coord:(23.253450144724194, 5.233347244493886, 32.04379333960523)->(23.253450144724194, 6.533347196810152, 32.04379333960523)
state:wall-7, action:W, timestep:31, reward:1.2242884249132295
==================================================

coord:(23.253450144724194, 6.533347196810152, 32.04379333960523)->(23.253450144724194, 7.047847201260632, 33.043793339605244)
state:field-2, action:Dsj, timestep:32, reward:0.8011093134319767
==================================================

coord:(23.253450144724194, 7.047847201260632, 33.043793339605244)->(23.253450144724194, 8.347847153576913, 33.043793339605244)
state:wall-7, action:W, timestep:33, reward:1.2437767815468455
==================================================

coord:(23.253450144724194, 8.347847153576913, 33.043793339605244)->(23.31473272913039, 8.430657151118023, 32.98251075519905)
state:field-2, action:WAj, timestep:34, reward:0.055706226928874614
==================================================

coord:(23.31473272913039, 8.430657151118023, 32.98251075519905)->(23.31473272913039, 11.030657055750556, 33.03251075519905)
state:wall-7, action:Wj, timestep:35, reward:2.377823781877412
==================================================

coord:(23.31473272913039, 11.030657055750556, 33.03251075519905)->(23.31473272913039, 9.730657103434236, 33.03251075519905)
state:wall-6, action:S, timestep:36, reward:-1.1507372125418849
==================================================

coord:(23.31473272913039, 9.730657103434236, 33.03251075519905)->(23.31473272913039, 9.477626566440888, 34.072510717052104)
state:field-1, action:D, timestep:37, reward:0.06951214288679353
==================================================

coord:(23.31473272913039, 9.477626566440888, 34.072510717052104)->(23.31473272913039, 12.07762647107342, 35.02251071705205)
state:wall-6, action:Wj, timestep:38, reward:2.677021835155041
==================================================

coord:(23.31473272913039, 12.07762647107342, 35.02251071705205)->(23.31473272913039, 13.37762642338974, 35.02251071705205)
state:wall-6, action:W, timestep:39, reward:1.2656908777843725
==================================================

coord:(23.31473272913039, 13.37762642338974, 35.02251071705205)->(24.295254079629537, 14.187445359597781, 36.00303206755114)
state:field-1, action:WD, timestep:40, reward:-0.743553650191559
==================================================

coord:(24.295254079629537, 14.187445359597781, 36.00303206755114)->(24.295254079629537, 12.887445407281463, 35.95303206755114)
state:wall-6, action:S, timestep:41, reward:-0.4468518319506958
==================================================

coord:(24.295254079629537, 12.887445407281463, 35.95303206755114)->(19.995254079629476, 13.030882024239483, 35.95303206755114)
state:field-1, action:Ss, timestep:42, reward:-1.2820441349353553
==================================================

coord:(19.995254079629476, 13.030882024239483, 35.95303206755114)->(19.995254079629476, 15.630881928872016, 36.00303206755114)
state:wall-5, action:Wj, timestep:43, reward:-0.10240260191509121
==================================================

coord:(19.995254079629476, 15.630881928872016, 36.00303206755114)->(21.055914203454535, 16.300548602214402, 34.94237194372608)
state:field-0, action:WAsj, timestep:44, reward:0.6180647756725803
==================================================

coord:(21.055914203454535, 16.300548602214402, 34.94237194372608)->(21.055914203454535, 16.950548578372562, 34.94237194372608)
state:wall-5, action:Wj, timestep:45, reward:-0.5047652546045569
==================================================

coord:(21.055914203454535, 16.950548578372562, 34.94237194372608)->(21.055914203454535, 10.640722160206527, 34.94237194372608)
state:air-10, action:Wait, timestep:46, reward:-0.7127770117829235
==================================================

coord:(21.055914203454535, 10.640722160206527, 34.94237194372608)->(21.055914203454535, 10.640722160206527, 34.94237194372608)
state:field-0, action:Wait, timestep:47, reward:-0.0
==================================================

coord:(21.055914203454535, 10.640722160206527, 34.94237194372608)->(24.869247396915583, 11.138601558537118, 34.94237194372608)
state:field-0, action:W, timestep:48, reward:0.46895748892324196
==================================================

coord:(24.869247396915583, 11.138601558537118, 34.94237194372608)->(22.095914165307548, 11.138601558537118, 34.94237194372608)
state:field-0, action:S, timestep:49, reward:0.3932108620085111
==================================================

coord:(22.095914165307548, 11.138601558537118, 34.94237194372608)->(22.095914165307548, 11.138601558537118, 34.94237194372608)
state:field-0, action:Wait, timestep:50, reward:-0.0
==================================================

coord:(22.095914165307548, 11.138601558537118, 34.94237194372608)->(24.869247396915583, 11.138601558537118, 34.94237194372608)
state:field-0, action:W, timestep:51, reward:-0.3932108620085111
==================================================

coord:(24.869247396915583, 11.138601558537118, 34.94237194372608)->(22.095914165307548, 11.138601558537118, 34.94237194372608)
state:field-0, action:S, timestep:52, reward:0.3932108620085111
==================================================

coord:(22.095914165307548, 11.138601558537118, 34.94237194372608)->(22.095914165307548, 11.138601558537118, 34.94237194372608)
state:field-0, action:Wait, timestep:53, reward:-0.0
==================================================

coord:(22.095914165307548, 11.138601558537118, 34.94237194372608)->(24.869247396915583, 11.138601558537118, 34.94237194372608)
state:field-0, action:W, timestep:54, reward:-0.3932108620085111
==================================================

coord:(24.869247396915583, 11.138601558537118, 34.94237194372608)->(22.095914165307548, 11.138601558537118, 34.94237194372608)
state:field-0, action:S, timestep:55, reward:0.3932108620085111
==================================================

coord:(22.095914165307548, 11.138601558537118, 34.94237194372608)->(22.095914165307548, 11.138601558537118, 34.94237194372608)
state:field-0, action:Wait, timestep:56, reward:-0.0
==================================================

coord:(22.095914165307548, 11.138601558537118, 34.94237194372608)->(22.095914165307548, 11.138601558537118, 34.94237194372608)
state:field-0, action:Wait, timestep:57, reward:-0.0
==================================================

coord:(22.095914165307548, 11.138601558537118, 34.94237194372608)->(22.095914165307548, 11.138601558537118, 34.94237194372608)
state:field-0, action:Wait, timestep:58, reward:-0.0
==================================================

coord:(22.095914165307548, 11.138601558537118, 34.94237194372608)->(24.869247396915583, 11.138601558537118, 34.94237194372608)
state:field-0, action:W, timestep:59, reward:-0.3932108620085111
==================================================

coord:(24.869247396915583, 11.138601558537118, 34.94237194372608)->(22.095914165307548, 11.138601558537118, 34.94237194372608)
state:field-0, action:S, timestep:60, reward:0.3932108620085111
==================================================

coord:(22.095914165307548, 11.138601558537118, 34.94237194372608)->(22.095914165307548, 11.138601558537118, 34.94237194372608)
state:field-0, action:Wait, timestep:61, reward:-0.0
==================================================

coord:(22.095914165307548, 11.138601558537118, 34.94237194372608)->(24.869247396915583, 11.138601558537118, 34.94237194372608)
state:field-0, action:W, timestep:62, reward:-0.3932108620085111
==================================================

coord:(24.869247396915583, 11.138601558537118, 34.94237194372608)->(22.095914165307548, 11.138601558537118, 34.94237194372608)
state:field-0, action:S, timestep:63, reward:0.3932108620085111
==================================================

coord:(22.095914165307548, 11.138601558537118, 34.94237194372608)->(22.095914165307548, 11.138601558537118, 34.94237194372608)
state:field-0, action:Wait, timestep:64, reward:-0.0
==================================================

coord:(22.095914165307548, 11.138601558537118, 34.94237194372608)->(22.095914165307548, 11.138601558537118, 34.94237194372608)
state:field-0, action:Wait, timestep:65, reward:-0.0
==================================================

coord:(22.095914165307548, 11.138601558537118, 34.94237194372608)->(22.095914165307548, 11.138601558537118, 34.94237194372608)
state:field-0, action:Wait, timestep:66, reward:-0.0
==================================================

coord:(22.095914165307548, 11.138601558537118, 34.94237194372608)->(24.869247396915583, 11.138601558537118, 34.94237194372608)
state:field-0, action:W, timestep:67, reward:-0.3932108620085111
==================================================

coord:(24.869247396915583, 11.138601558537118, 34.94237194372608)->(24.869247396915583, 11.138601558537118, 34.94237194372608)
state:field-0, action:Wait, timestep:68, reward:-0.0
==================================================

coord:(24.869247396915583, 11.138601558537118, 34.94237194372608)->(24.869247396915583, 11.138601558537118, 34.94237194372608)
state:field-0, action:Wait, timestep:69, reward:-0.0
==================================================

coord:(24.869247396915583, 11.138601558537118, 34.94237194372608)->(22.095914165307548, 11.138601558537118, 34.94237194372608)
state:field-0, action:S, timestep:70, reward:0.3932108620085111
==================================================

coord:(22.095914165307548, 11.138601558537118, 34.94237194372608)->(22.095914165307548, 11.138601558537118, 34.94237194372608)
state:field-0, action:Wait, timestep:71, reward:-0.0
==================================================

coord:(22.095914165307548, 11.138601558537118, 34.94237194372608)->(22.095914165307548, 11.138601558537118, 34.94237194372608)
state:field-0, action:Wait, timestep:72, reward:-0.0
==================================================

coord:(22.095914165307548, 11.138601558537118, 34.94237194372608)->(22.095914165307548, 11.138601558537118, 34.94237194372608)
state:field-0, action:Wait, timestep:73, reward:-0.0
==================================================

coord:(22.095914165307548, 11.138601558537118, 34.94237194372608)->(24.869247396915583, 11.138601558537118, 34.94237194372608)
state:field-0, action:W, timestep:74, reward:-0.3932108620085111
==================================================

coord:(24.869247396915583, 11.138601558537118, 34.94237194372608)->(24.869247396915583, 11.138601558537118, 34.94237194372608)
state:field-0, action:Wait, timestep:75, reward:-0.0
==================================================

coord:(24.869247396915583, 11.138601558537118, 34.94237194372608)->(22.095914165307548, 11.138601558537118, 34.94237194372608)
state:field-0, action:S, timestep:76, reward:0.3932108620085111
==================================================

coord:(22.095914165307548, 11.138601558537118, 34.94237194372608)->(24.869247396915583, 11.138601558537118, 34.94237194372608)
state:field-0, action:W, timestep:77, reward:-0.3932108620085111
==================================================

coord:(24.869247396915583, 11.138601558537118, 34.94237194372608)->(22.095914165307548, 11.138601558537118, 34.94237194372608)
state:field-0, action:S, timestep:78, reward:0.3932108620085111
==================================================

coord:(22.095914165307548, 11.138601558537118, 34.94237194372608)->(24.869247396915583, 11.138601558537118, 34.94237194372608)
state:field-0, action:W, timestep:79, reward:-0.3932108620085111
==================================================

coord:(24.869247396915583, 11.138601558537118, 34.94237194372608)->(22.095914165307548, 11.138601558537118, 34.94237194372608)
state:field-0, action:S, timestep:80, reward:0.3932108620085111
==================================================

coord:(22.095914165307548, 11.138601558537118, 34.94237194372608)->(24.869247396915583, 11.138601558537118, 34.94237194372608)
state:field-0, action:W, timestep:81, reward:-0.3932108620085111
==================================================

coord:(24.869247396915583, 11.138601558537118, 34.94237194372608)->(22.095914165307548, 11.138601558537118, 34.94237194372608)
state:field-0, action:S, timestep:82, reward:0.3932108620085111
==================================================

coord:(22.095914165307548, 11.138601558537118, 34.94237194372608)->(22.095914165307548, 11.138601558537118, 34.94237194372608)
state:field-0, action:Wait, timestep:83, reward:-0.0
==================================================

coord:(22.095914165307548, 11.138601558537118, 34.94237194372608)->(24.869247396915583, 11.138601558537118, 34.94237194372608)
state:field-0, action:W, timestep:84, reward:-0.3932108620085111
==================================================

coord:(24.869247396915583, 11.138601558537118, 34.94237194372608)->(24.869247396915583, 11.138601558537118, 34.94237194372608)
state:field-0, action:Wait, timestep:85, reward:-0.0
==================================================

coord:(24.869247396915583, 11.138601558537118, 34.94237194372608)->(22.095914165307548, 11.138601558537118, 34.94237194372608)
state:field-0, action:S, timestep:86, reward:0.3932108620085111
==================================================

coord:(22.095914165307548, 11.138601558537118, 34.94237194372608)->(22.095914165307548, 11.138601558537118, 34.94237194372608)
state:field-0, action:Wait, timestep:87, reward:-0.0
==================================================

coord:(22.095914165307548, 11.138601558537118, 34.94237194372608)->(24.869247396915583, 11.138601558537118, 34.94237194372608)
state:field-0, action:W, timestep:88, reward:-0.3932108620085111
==================================================

coord:(24.869247396915583, 11.138601558537118, 34.94237194372608)->(22.095914165307548, 11.138601558537118, 34.94237194372608)
state:field-0, action:S, timestep:89, reward:0.3932108620085111
==================================================

coord:(22.095914165307548, 11.138601558537118, 34.94237194372608)->(24.869247396915583, 11.138601558537118, 34.94237194372608)
state:field-0, action:W, timestep:90, reward:-0.3932108620085111
==================================================

coord:(24.869247396915583, 11.138601558537118, 34.94237194372608)->(24.869247396915583, 11.138601558537118, 34.94237194372608)
state:field-0, action:Wait, timestep:91, reward:-0.0
==================================================

coord:(24.869247396915583, 11.138601558537118, 34.94237194372608)->(24.869247396915583, 11.138601558537118, 34.94237194372608)
state:field-0, action:Wait, timestep:92, reward:-0.0
==================================================

coord:(24.869247396915583, 11.138601558537118, 34.94237194372608)->(24.869247396915583, 11.138601558537118, 34.94237194372608)
state:field-0, action:Wait, timestep:93, reward:-0.0
==================================================

coord:(24.869247396915583, 11.138601558537118, 34.94237194372608)->(24.869247396915583, 11.138601558537118, 34.94237194372608)
state:field-0, action:Wait, timestep:94, reward:-0.0
==================================================

coord:(24.869247396915583, 11.138601558537118, 34.94237194372608)->(24.869247396915583, 11.138601558537118, 34.94237194372608)
state:field-0, action:Wait, timestep:95, reward:-0.0
==================================================

coord:(24.869247396915583, 11.138601558537118, 34.94237194372608)->(24.869247396915583, 11.138601558537118, 34.94237194372608)
state:field-0, action:Wait, timestep:96, reward:-0.0
==================================================

coord:(24.869247396915583, 11.138601558537118, 34.94237194372608)->(22.095914165307548, 11.138601558537118, 34.94237194372608)
state:field-0, action:S, timestep:97, reward:0.3932108620085111
==================================================

coord:(22.095914165307548, 11.138601558537118, 34.94237194372608)->(24.869247396915583, 11.138601558537118, 34.94237194372608)
state:field-0, action:W, timestep:98, reward:-0.3932108620085111
==================================================

coord:(24.869247396915583, 11.138601558537118, 34.94237194372608)->(24.869247396915583, 11.138601558537118, 34.94237194372608)
state:field-0, action:Wait, timestep:99, reward:-0.0
==================================================

coord:(24.869247396915583, 11.138601558537118, 34.94237194372608)->(22.095914165307548, 11.138601558537118, 34.94237194372608)
state:field-0, action:S, timestep:100, reward:0.3932108620085111
==================================================

coord:(22.095914165307548, 11.138601558537118, 34.94237194372608)->(22.095914165307548, 11.138601558537118, 34.94237194372608)
state:field-0, action:Wait, timestep:101, reward:-0.0
==================================================

coord:(22.095914165307548, 11.138601558537118, 34.94237194372608)->(24.869247396915583, 11.138601558537118, 34.94237194372608)
state:field-0, action:W, timestep:102, reward:-0.3932108620085111
==================================================

coord:(24.869247396915583, 11.138601558537118, 34.94237194372608)->(22.095914165307548, 11.138601558537118, 34.94237194372608)
state:field-0, action:S, timestep:103, reward:0.3932108620085111
==================================================

coord:(22.095914165307548, 11.138601558537118, 34.94237194372608)->(22.095914165307548, 11.138601558537118, 34.94237194372608)
state:field-0, action:Wait, timestep:104, reward:-0.0
==================================================

coord:(22.095914165307548, 11.138601558537118, 34.94237194372608)->(24.869247396915583, 11.138601558537118, 34.94237194372608)
state:field-0, action:W, timestep:105, reward:-0.3932108620085111
==================================================

coord:(24.869247396915583, 11.138601558537118, 34.94237194372608)->(22.095914165307548, 11.138601558537118, 34.94237194372608)
state:field-0, action:S, timestep:106, reward:0.3932108620085111
==================================================

coord:(22.095914165307548, 11.138601558537118, 34.94237194372608)->(22.095914165307548, 11.138601558537118, 34.94237194372608)
state:field-0, action:Wait, timestep:107, reward:-0.0
==================================================

coord:(22.095914165307548, 11.138601558537118, 34.94237194372608)->(22.095914165307548, 11.138601558537118, 34.94237194372608)
state:field-0, action:Wait, timestep:108, reward:-0.0
==================================================

coord:(22.095914165307548, 11.138601558537118, 34.94237194372608)->(24.869247396915583, 11.138601558537118, 34.94237194372608)
state:field-0, action:W, timestep:109, reward:-0.3932108620085111
==================================================

coord:(24.869247396915583, 11.138601558537118, 34.94237194372608)->(22.095914165307548, 11.138601558537118, 34.94237194372608)
state:field-0, action:S, timestep:110, reward:0.3932108620085111
==================================================

coord:(22.095914165307548, 11.138601558537118, 34.94237194372608)->(24.869247396915583, 11.138601558537118, 34.94237194372608)
state:field-0, action:W, timestep:111, reward:-0.3932108620085111
==================================================

coord:(24.869247396915583, 11.138601558537118, 34.94237194372608)->(22.095914165307548, 11.138601558537118, 34.94237194372608)
state:field-0, action:S, timestep:112, reward:0.3932108620085111
==================================================

coord:(22.095914165307548, 11.138601558537118, 34.94237194372608)->(24.869247396915583, 11.138601558537118, 34.94237194372608)
state:field-0, action:W, timestep:113, reward:-0.3932108620085111
==================================================

coord:(24.869247396915583, 11.138601558537118, 34.94237194372608)->(24.869247396915583, 11.138601558537118, 34.94237194372608)
state:field-0, action:Wait, timestep:114, reward:-0.0
==================================================

coord:(24.869247396915583, 11.138601558537118, 34.94237194372608)->(24.869247396915583, 11.138601558537118, 34.94237194372608)
state:field-0, action:Wait, timestep:115, reward:-0.0
==================================================

coord:(24.869247396915583, 11.138601558537118, 34.94237194372608)->(22.095914165307548, 11.138601558537118, 34.94237194372608)
state:field-0, action:S, timestep:116, reward:0.3932108620085111
==================================================

coord:(22.095914165307548, 11.138601558537118, 34.94237194372608)->(22.095914165307548, 11.138601558537118, 34.94237194372608)
state:field-0, action:Wait, timestep:117, reward:-0.0
==================================================

coord:(22.095914165307548, 11.138601558537118, 34.94237194372608)->(22.095914165307548, 11.138601558537118, 34.94237194372608)
state:field-0, action:Wait, timestep:118, reward:-0.0
==================================================

coord:(22.095914165307548, 11.138601558537118, 34.94237194372608)->(22.095914165307548, 11.138601558537118, 34.94237194372608)
state:field-0, action:Wait, timestep:119, reward:-0.0
==================================================

coord:(22.095914165307548, 11.138601558537118, 34.94237194372608)->(22.095914165307548, 11.138601558537118, 34.94237194372608)
state:field-0, action:Wait, timestep:120, reward:-0.0
==================================================

coord:(22.095914165307548, 11.138601558537118, 34.94237194372608)->(24.869247396915583, 11.138601558537118, 34.94237194372608)
state:field-0, action:W, timestep:121, reward:-0.3932108620085111
==================================================

coord:(24.869247396915583, 11.138601558537118, 34.94237194372608)->(24.869247396915583, 11.138601558537118, 34.94237194372608)
state:field-0, action:Wait, timestep:122, reward:-0.0
==================================================

coord:(24.869247396915583, 11.138601558537118, 34.94237194372608)->(24.869247396915583, 11.138601558537118, 34.94237194372608)
state:field-0, action:Wait, timestep:123, reward:-0.0
==================================================

coord:(24.869247396915583, 11.138601558537118, 34.94237194372608)->(22.095914165307548, 11.138601558537118, 34.94237194372608)
state:field-0, action:S, timestep:124, reward:0.3932108620085111
==================================================

coord:(22.095914165307548, 11.138601558537118, 34.94237194372608)->(22.095914165307548, 11.138601558537118, 34.94237194372608)
state:field-0, action:Wait, timestep:125, reward:-0.0
==================================================

coord:(22.095914165307548, 11.138601558537118, 34.94237194372608)->(24.869247396915583, 11.138601558537118, 34.94237194372608)
state:field-0, action:W, timestep:126, reward:-0.3932108620085111
==================================================

coord:(24.869247396915583, 11.138601558537118, 34.94237194372608)->(22.095914165307548, 11.138601558537118, 34.94237194372608)
state:field-0, action:S, timestep:127, reward:0.3932108620085111
==================================================

coord:(22.095914165307548, 11.138601558537118, 34.94237194372608)->(24.869247396915583, 11.138601558537118, 34.94237194372608)
state:field-0, action:W, timestep:128, reward:-0.3932108620085111
==================================================

coord:(24.869247396915583, 11.138601558537118, 34.94237194372608)->(24.869247396915583, 11.138601558537118, 34.94237194372608)
state:field-0, action:Wait, timestep:129, reward:-0.0
==================================================

coord:(24.869247396915583, 11.138601558537118, 34.94237194372608)->(22.095914165307548, 11.138601558537118, 34.94237194372608)
state:field-0, action:S, timestep:130, reward:0.3932108620085111
==================================================

coord:(22.095914165307548, 11.138601558537118, 34.94237194372608)->(24.869247396915583, 11.138601558537118, 34.94237194372608)
state:field-0, action:W, timestep:131, reward:-0.3932108620085111
==================================================

coord:(24.869247396915583, 11.138601558537118, 34.94237194372608)->(24.869247396915583, 11.138601558537118, 34.94237194372608)
state:field-0, action:Wait, timestep:132, reward:-0.0
==================================================

coord:(24.869247396915583, 11.138601558537118, 34.94237194372608)->(22.095914165307548, 11.138601558537118, 34.94237194372608)
state:field-0, action:S, timestep:133, reward:0.3932108620085111
==================================================

coord:(22.095914165307548, 11.138601558537118, 34.94237194372608)->(24.869247396915583, 11.138601558537118, 34.94237194372608)
state:field-0, action:W, timestep:134, reward:-0.3932108620085111
==================================================

coord:(24.869247396915583, 11.138601558537118, 34.94237194372608)->(22.095914165307548, 11.138601558537118, 34.94237194372608)
state:field-0, action:S, timestep:135, reward:0.3932108620085111
==================================================

coord:(22.095914165307548, 11.138601558537118, 34.94237194372608)->(24.869247396915583, 11.138601558537118, 34.94237194372608)
state:field-0, action:W, timestep:136, reward:-0.3932108620085111
==================================================

coord:(24.869247396915583, 11.138601558537118, 34.94237194372608)->(24.869247396915583, 11.138601558537118, 34.94237194372608)
state:field-0, action:Wait, timestep:137, reward:-0.0
==================================================

coord:(24.869247396915583, 11.138601558537118, 34.94237194372608)->(24.869247396915583, 11.138601558537118, 34.94237194372608)
state:field-0, action:Wait, timestep:138, reward:-0.0
==================================================

coord:(24.869247396915583, 11.138601558537118, 34.94237194372608)->(22.095914165307548, 11.138601558537118, 34.94237194372608)
state:field-0, action:S, timestep:139, reward:0.3932108620085111
==================================================

coord:(22.095914165307548, 11.138601558537118, 34.94237194372608)->(22.095914165307548, 11.138601558537118, 34.94237194372608)
state:field-0, action:Wait, timestep:140, reward:-0.0
==================================================

coord:(22.095914165307548, 11.138601558537118, 34.94237194372608)->(22.095914165307548, 11.138601558537118, 34.94237194372608)
state:field-0, action:Wait, timestep:141, reward:-0.0
==================================================

coord:(22.095914165307548, 11.138601558537118, 34.94237194372608)->(22.095914165307548, 11.138601558537118, 34.94237194372608)
state:field-0, action:Wait, timestep:142, reward:-0.0
==================================================

coord:(22.095914165307548, 11.138601558537118, 34.94237194372608)->(22.095914165307548, 11.138601558537118, 34.94237194372608)
state:field-0, action:Wait, timestep:143, reward:-0.0
==================================================

coord:(22.095914165307548, 11.138601558537118, 34.94237194372608)->(24.869247396915583, 11.138601558537118, 34.94237194372608)
state:field-0, action:W, timestep:144, reward:-0.3932108620085111
==================================================

coord:(24.869247396915583, 11.138601558537118, 34.94237194372608)->(22.095914165307548, 11.138601558537118, 34.94237194372608)
state:field-0, action:S, timestep:145, reward:0.3932108620085111
==================================================

coord:(22.095914165307548, 11.138601558537118, 34.94237194372608)->(22.095914165307548, 11.138601558537118, 34.94237194372608)
state:field-0, action:Wait, timestep:146, reward:-0.0
==================================================

coord:(22.095914165307548, 11.138601558537118, 34.94237194372608)->(22.095914165307548, 11.138601558537118, 34.94237194372608)
state:field-0, action:Wait, timestep:147, reward:-0.0
==================================================

coord:(22.095914165307548, 11.138601558537118, 34.94237194372608)->(22.095914165307548, 11.138601558537118, 34.94237194372608)
state:field-0, action:Wait, timestep:148, reward:-0.0
==================================================

coord:(22.095914165307548, 11.138601558537118, 34.94237194372608)->(22.095914165307548, 11.138601558537118, 34.94237194372608)
state:field-0, action:Wait, timestep:149, reward:-0.0
==================================================

coord:(22.095914165307548, 11.138601558537118, 34.94237194372608)->(22.095914165307548, 11.138601558537118, 34.94237194372608)
state:field-0, action:Wait, timestep:150, reward:-0.0
==================================================

coord:(22.095914165307548, 11.138601558537118, 34.94237194372608)->(22.095914165307548, 11.138601558537118, 34.94237194372608)
state:field-0, action:Wait, timestep:151, reward:-0.0
==================================================

coord:(22.095914165307548, 11.138601558537118, 34.94237194372608)->(22.095914165307548, 11.138601558537118, 34.94237194372608)
state:field-0, action:Wait, timestep:152, reward:-0.0
==================================================

coord:(22.095914165307548, 11.138601558537118, 34.94237194372608)->(24.869247396915583, 11.138601558537118, 34.94237194372608)
state:field-0, action:W, timestep:153, reward:-0.3932108620085111
==================================================

coord:(24.869247396915583, 11.138601558537118, 34.94237194372608)->(24.869247396915583, 11.138601558537118, 34.94237194372608)
state:field-0, action:Wait, timestep:154, reward:-0.0
==================================================

coord:(24.869247396915583, 11.138601558537118, 34.94237194372608)->(22.095914165307548, 11.138601558537118, 34.94237194372608)
state:field-0, action:S, timestep:155, reward:0.3932108620085111
==================================================

coord:(22.095914165307548, 11.138601558537118, 34.94237194372608)->(22.095914165307548, 11.138601558537118, 34.94237194372608)
state:field-0, action:Wait, timestep:156, reward:-0.0
==================================================

coord:(22.095914165307548, 11.138601558537118, 34.94237194372608)->(24.869247396915583, 11.138601558537118, 34.94237194372608)
state:field-0, action:W, timestep:157, reward:-0.3932108620085111
==================================================

coord:(24.869247396915583, 11.138601558537118, 34.94237194372608)->(24.869247396915583, 11.138601558537118, 34.94237194372608)
state:field-0, action:Wait, timestep:158, reward:-0.0
==================================================

coord:(24.869247396915583, 11.138601558537118, 34.94237194372608)->(24.869247396915583, 11.138601558537118, 34.94237194372608)
state:field-0, action:Wait, timestep:159, reward:-0.0
==================================================

coord:(24.869247396915583, 11.138601558537118, 34.94237194372608)->(22.095914165307548, 11.138601558537118, 34.94237194372608)
state:field-0, action:S, timestep:160, reward:0.3932108620085111
==================================================

coord:(22.095914165307548, 11.138601558537118, 34.94237194372608)->(22.095914165307548, 11.138601558537118, 34.94237194372608)
state:field-0, action:Wait, timestep:161, reward:-0.0
==================================================

coord:(22.095914165307548, 11.138601558537118, 34.94237194372608)->(24.869247396915583, 11.138601558537118, 34.94237194372608)
state:field-0, action:W, timestep:162, reward:-0.3932108620085111
==================================================

coord:(24.869247396915583, 11.138601558537118, 34.94237194372608)->(24.869247396915583, 11.138601558537118, 34.94237194372608)
state:field-0, action:Wait, timestep:163, reward:-0.0
==================================================

coord:(24.869247396915583, 11.138601558537118, 34.94237194372608)->(24.869247396915583, 11.138601558537118, 34.94237194372608)
state:field-0, action:Wait, timestep:164, reward:-0.0
==================================================

coord:(24.869247396915583, 11.138601558537118, 34.94237194372608)->(22.095914165307548, 11.138601558537118, 34.94237194372608)
state:field-0, action:S, timestep:165, reward:0.3932108620085111
==================================================

coord:(22.095914165307548, 11.138601558537118, 34.94237194372608)->(22.095914165307548, 11.138601558537118, 34.94237194372608)
state:field-0, action:Wait, timestep:166, reward:-0.0
==================================================

coord:(22.095914165307548, 11.138601558537118, 34.94237194372608)->(24.869247396915583, 11.138601558537118, 34.94237194372608)
state:field-0, action:W, timestep:167, reward:-0.3932108620085111
==================================================

coord:(24.869247396915583, 11.138601558537118, 34.94237194372608)->(24.869247396915583, 11.138601558537118, 34.94237194372608)
state:field-0, action:Wait, timestep:168, reward:-0.0
==================================================

coord:(24.869247396915583, 11.138601558537118, 34.94237194372608)->(22.095914165307548, 11.138601558537118, 34.94237194372608)
state:field-0, action:S, timestep:169, reward:0.3932108620085111
==================================================

coord:(22.095914165307548, 11.138601558537118, 34.94237194372608)->(22.095914165307548, 11.138601558537118, 34.94237194372608)
state:field-0, action:Wait, timestep:170, reward:-0.0
==================================================

coord:(22.095914165307548, 11.138601558537118, 34.94237194372608)->(24.869247396915583, 11.138601558537118, 34.94237194372608)
state:field-0, action:W, timestep:171, reward:-0.3932108620085111
==================================================

coord:(24.869247396915583, 11.138601558537118, 34.94237194372608)->(24.869247396915583, 11.138601558537118, 34.94237194372608)
state:field-0, action:Wait, timestep:172, reward:-0.0
==================================================

coord:(24.869247396915583, 11.138601558537118, 34.94237194372608)->(24.869247396915583, 11.138601558537118, 34.94237194372608)
state:field-0, action:Wait, timestep:173, reward:-0.0
==================================================

coord:(24.869247396915583, 11.138601558537118, 34.94237194372608)->(24.869247396915583, 11.138601558537118, 34.94237194372608)
state:field-0, action:Wait, timestep:174, reward:-0.0
==================================================

coord:(24.869247396915583, 11.138601558537118, 34.94237194372608)->(24.869247396915583, 11.138601558537118, 34.94237194372608)
state:field-0, action:Wait, timestep:175, reward:-0.0
==================================================

coord:(24.869247396915583, 11.138601558537118, 34.94237194372608)->(22.095914165307548, 11.138601558537118, 34.94237194372608)
state:field-0, action:S, timestep:176, reward:0.3932108620085111
==================================================

coord:(22.095914165307548, 11.138601558537118, 34.94237194372608)->(24.869247396915583, 11.138601558537118, 34.94237194372608)
state:field-0, action:W, timestep:177, reward:-0.3932108620085111
==================================================

coord:(24.869247396915583, 11.138601558537118, 34.94237194372608)->(22.095914165307548, 11.138601558537118, 34.94237194372608)
state:field-0, action:S, timestep:178, reward:0.3932108620085111
==================================================

coord:(22.095914165307548, 11.138601558537118, 34.94237194372608)->(24.869247396915583, 11.138601558537118, 34.94237194372608)
state:field-0, action:W, timestep:179, reward:-0.3932108620085111
==================================================

coord:(24.869247396915583, 11.138601558537118, 34.94237194372608)->(22.095914165307548, 11.138601558537118, 34.94237194372608)
state:field-0, action:S, timestep:180, reward:0.3932108620085111
==================================================

coord:(22.095914165307548, 11.138601558537118, 34.94237194372608)->(24.869247396915583, 11.138601558537118, 34.94237194372608)
state:field-0, action:W, timestep:181, reward:-0.3932108620085111
==================================================

coord:(24.869247396915583, 11.138601558537118, 34.94237194372608)->(24.869247396915583, 11.138601558537118, 34.94237194372608)
state:field-0, action:Wait, timestep:182, reward:-0.0
==================================================

coord:(24.869247396915583, 11.138601558537118, 34.94237194372608)->(22.095914165307548, 11.138601558537118, 34.94237194372608)
state:field-0, action:S, timestep:183, reward:0.3932108620085111
==================================================

coord:(22.095914165307548, 11.138601558537118, 34.94237194372608)->(22.095914165307548, 11.138601558537118, 34.94237194372608)
state:field-0, action:Wait, timestep:184, reward:-0.0
==================================================

coord:(22.095914165307548, 11.138601558537118, 34.94237194372608)->(24.869247396915583, 11.138601558537118, 34.94237194372608)
state:field-0, action:W, timestep:185, reward:-0.3932108620085111
==================================================

coord:(24.869247396915583, 11.138601558537118, 34.94237194372608)->(22.095914165307548, 11.138601558537118, 34.94237194372608)
state:field-0, action:S, timestep:186, reward:0.3932108620085111
==================================================

coord:(22.095914165307548, 11.138601558537118, 34.94237194372608)->(22.095914165307548, 11.138601558537118, 34.94237194372608)
state:field-0, action:Wait, timestep:187, reward:-0.0
==================================================

coord:(22.095914165307548, 11.138601558537118, 34.94237194372608)->(24.869247396915583, 11.138601558537118, 34.94237194372608)
state:field-0, action:W, timestep:188, reward:-0.3932108620085111
==================================================

coord:(24.869247396915583, 11.138601558537118, 34.94237194372608)->(24.869247396915583, 11.138601558537118, 34.94237194372608)
state:field-0, action:Wait, timestep:189, reward:-0.0
==================================================

coord:(24.869247396915583, 11.138601558537118, 34.94237194372608)->(24.869247396915583, 11.138601558537118, 34.94237194372608)
state:field-0, action:Wait, timestep:190, reward:-0.0
==================================================

coord:(24.869247396915583, 11.138601558537118, 34.94237194372608)->(22.095914165307548, 11.138601558537118, 34.94237194372608)
state:field-0, action:S, timestep:191, reward:0.3932108620085111
==================================================

coord:(22.095914165307548, 11.138601558537118, 34.94237194372608)->(24.869247396915583, 11.138601558537118, 34.94237194372608)
state:field-0, action:W, timestep:192, reward:-0.3932108620085111
==================================================

coord:(24.869247396915583, 11.138601558537118, 34.94237194372608)->(22.095914165307548, 11.138601558537118, 34.94237194372608)
state:field-0, action:S, timestep:193, reward:0.3932108620085111
==================================================

coord:(22.095914165307548, 11.138601558537118, 34.94237194372608)->(22.095914165307548, 11.138601558537118, 34.94237194372608)
state:field-0, action:Wait, timestep:194, reward:-0.0
==================================================

coord:(22.095914165307548, 11.138601558537118, 34.94237194372608)->(24.869247396915583, 11.138601558537118, 34.94237194372608)
state:field-0, action:W, timestep:195, reward:-0.3932108620085111
==================================================

coord:(24.869247396915583, 11.138601558537118, 34.94237194372608)->(22.095914165307548, 11.138601558537118, 34.94237194372608)
state:field-0, action:S, timestep:196, reward:0.3932108620085111
==================================================

coord:(22.095914165307548, 11.138601558537118, 34.94237194372608)->(22.095914165307548, 11.138601558537118, 34.94237194372608)
state:field-0, action:Wait, timestep:197, reward:-0.0
==================================================

coord:(22.095914165307548, 11.138601558537118, 34.94237194372608)->(24.869247396915583, 11.138601558537118, 34.94237194372608)
state:field-0, action:W, timestep:198, reward:-0.3932108620085111
==================================================

coord:(24.869247396915583, 11.138601558537118, 34.94237194372608)->(24.869247396915583, 11.138601558537118, 34.94237194372608)
state:field-0, action:Wait, timestep:199, reward:-0.0
==================================================

coord:(24.869247396915583, 11.138601558537118, 34.94237194372608)->(22.095914165307548, 11.138601558537118, 34.94237194372608)
state:field-0, action:S, timestep:200, reward:0.3932108620085111
==================================================

coord:(22.095914165307548, 11.138601558537118, 34.94237194372608)->(22.095914165307548, 11.138601558537118, 34.94237194372608)
state:field-0, action:Wait, timestep:201, reward:-0.0
==================================================

coord:(22.095914165307548, 11.138601558537118, 34.94237194372608)->(22.095914165307548, 11.138601558537118, 34.94237194372608)
state:field-0, action:Wait, timestep:202, reward:-0.0
==================================================

coord:(22.095914165307548, 11.138601558537118, 34.94237194372608)->(22.095914165307548, 11.138601558537118, 34.94237194372608)
state:field-0, action:Wait, timestep:203, reward:-0.0
==================================================

coord:(22.095914165307548, 11.138601558537118, 34.94237194372608)->(24.869247396915583, 11.138601558537118, 34.94237194372608)
state:field-0, action:W, timestep:204, reward:-0.3932108620085111
==================================================

coord:(24.869247396915583, 11.138601558537118, 34.94237194372608)->(22.095914165307548, 11.138601558537118, 34.94237194372608)
state:field-0, action:S, timestep:205, reward:0.3932108620085111
==================================================

coord:(22.095914165307548, 11.138601558537118, 34.94237194372608)->(22.095914165307548, 11.138601558537118, 34.94237194372608)
state:field-0, action:Wait, timestep:206, reward:-0.0
==================================================

coord:(22.095914165307548, 11.138601558537118, 34.94237194372608)->(24.869247396915583, 11.138601558537118, 34.94237194372608)
state:field-0, action:W, timestep:207, reward:-0.3932108620085111
==================================================

coord:(24.869247396915583, 11.138601558537118, 34.94237194372608)->(22.095914165307548, 11.138601558537118, 34.94237194372608)
state:field-0, action:S, timestep:208, reward:0.3932108620085111
==================================================

coord:(22.095914165307548, 11.138601558537118, 34.94237194372608)->(22.095914165307548, 11.138601558537118, 34.94237194372608)
state:field-0, action:Wait, timestep:209, reward:-0.0
==================================================

coord:(22.095914165307548, 11.138601558537118, 34.94237194372608)->(24.869247396915583, 11.138601558537118, 34.94237194372608)
state:field-0, action:W, timestep:210, reward:-0.3932108620085111
==================================================

coord:(24.869247396915583, 11.138601558537118, 34.94237194372608)->(24.869247396915583, 11.138601558537118, 34.94237194372608)
state:field-0, action:Wait, timestep:211, reward:-0.0
==================================================

coord:(24.869247396915583, 11.138601558537118, 34.94237194372608)->(24.869247396915583, 11.138601558537118, 34.94237194372608)
state:field-0, action:Wait, timestep:212, reward:-0.0
==================================================

coord:(24.869247396915583, 11.138601558537118, 34.94237194372608)->(24.869247396915583, 11.138601558537118, 34.94237194372608)
state:field-0, action:Wait, timestep:213, reward:-0.0
==================================================

coord:(24.869247396915583, 11.138601558537118, 34.94237194372608)->(24.869247396915583, 11.138601558537118, 34.94237194372608)
state:field-0, action:Wait, timestep:214, reward:-0.0
==================================================

coord:(24.869247396915583, 11.138601558537118, 34.94237194372608)->(22.095914165307548, 11.138601558537118, 34.94237194372608)
state:field-0, action:S, timestep:215, reward:0.3932108620085111
==================================================

coord:(22.095914165307548, 11.138601558537118, 34.94237194372608)->(22.095914165307548, 11.138601558537118, 34.94237194372608)
state:field-0, action:Wait, timestep:216, reward:-0.0
==================================================

coord:(22.095914165307548, 11.138601558537118, 34.94237194372608)->(24.869247396915583, 11.138601558537118, 34.94237194372608)
state:field-0, action:W, timestep:217, reward:-0.3932108620085111
==================================================

coord:(24.869247396915583, 11.138601558537118, 34.94237194372608)->(22.095914165307548, 11.138601558537118, 34.94237194372608)
state:field-0, action:S, timestep:218, reward:0.3932108620085111
==================================================

coord:(22.095914165307548, 11.138601558537118, 34.94237194372608)->(24.869247396915583, 11.138601558537118, 34.94237194372608)
state:field-0, action:W, timestep:219, reward:-0.3932108620085111
==================================================

coord:(24.869247396915583, 11.138601558537118, 34.94237194372608)->(24.869247396915583, 11.138601558537118, 34.94237194372608)
state:field-0, action:Wait, timestep:220, reward:-0.0
==================================================

coord:(24.869247396915583, 11.138601558537118, 34.94237194372608)->(24.869247396915583, 11.138601558537118, 34.94237194372608)
state:field-0, action:Wait, timestep:221, reward:-0.0
==================================================

coord:(24.869247396915583, 11.138601558537118, 34.94237194372608)->(22.095914165307548, 11.138601558537118, 34.94237194372608)
state:field-0, action:S, timestep:222, reward:0.3932108620085111
==================================================

coord:(22.095914165307548, 11.138601558537118, 34.94237194372608)->(24.869247396915583, 11.138601558537118, 34.94237194372608)
state:field-0, action:W, timestep:223, reward:-0.3932108620085111
==================================================

coord:(24.869247396915583, 11.138601558537118, 34.94237194372608)->(22.095914165307548, 11.138601558537118, 34.94237194372608)
state:field-0, action:S, timestep:224, reward:0.3932108620085111
==================================================

coord:(22.095914165307548, 11.138601558537118, 34.94237194372608)->(24.869247396915583, 11.138601558537118, 34.94237194372608)
state:field-0, action:W, timestep:225, reward:-0.3932108620085111
==================================================

coord:(24.869247396915583, 11.138601558537118, 34.94237194372608)->(22.095914165307548, 11.138601558537118, 34.94237194372608)
state:field-0, action:S, timestep:226, reward:0.3932108620085111
==================================================

coord:(22.095914165307548, 11.138601558537118, 34.94237194372608)->(24.869247396915583, 11.138601558537118, 34.94237194372608)
state:field-0, action:W, timestep:227, reward:-0.3932108620085111
==================================================

coord:(24.869247396915583, 11.138601558537118, 34.94237194372608)->(24.869247396915583, 11.138601558537118, 34.94237194372608)
state:field-0, action:Wait, timestep:228, reward:-0.0
==================================================

coord:(24.869247396915583, 11.138601558537118, 34.94237194372608)->(22.095914165307548, 11.138601558537118, 34.94237194372608)
state:field-0, action:S, timestep:229, reward:0.3932108620085111
==================================================

coord:(22.095914165307548, 11.138601558537118, 34.94237194372608)->(22.095914165307548, 11.138601558537118, 34.94237194372608)
state:field-0, action:Wait, timestep:230, reward:-0.0
==================================================

coord:(22.095914165307548, 11.138601558537118, 34.94237194372608)->(24.869247396915583, 11.138601558537118, 34.94237194372608)
state:field-0, action:W, timestep:231, reward:-0.3932108620085111
==================================================

coord:(24.869247396915583, 11.138601558537118, 34.94237194372608)->(24.869247396915583, 11.138601558537118, 34.94237194372608)
state:field-0, action:Wait, timestep:232, reward:-0.0
==================================================

coord:(24.869247396915583, 11.138601558537118, 34.94237194372608)->(22.095914165307548, 11.138601558537118, 34.94237194372608)
state:field-0, action:S, timestep:233, reward:0.3932108620085111
==================================================

coord:(22.095914165307548, 11.138601558537118, 34.94237194372608)->(24.869247396915583, 11.138601558537118, 34.94237194372608)
state:field-0, action:W, timestep:234, reward:-0.3932108620085111
==================================================

coord:(24.869247396915583, 11.138601558537118, 34.94237194372608)->(24.869247396915583, 11.138601558537118, 34.94237194372608)
state:field-0, action:Wait, timestep:235, reward:-0.0
==================================================

coord:(24.869247396915583, 11.138601558537118, 34.94237194372608)->(22.095914165307548, 11.138601558537118, 34.94237194372608)
state:field-0, action:S, timestep:236, reward:0.3932108620085111
==================================================

coord:(22.095914165307548, 11.138601558537118, 34.94237194372608)->(22.095914165307548, 11.138601558537118, 34.94237194372608)
state:field-0, action:Wait, timestep:237, reward:-0.0
==================================================

coord:(22.095914165307548, 11.138601558537118, 34.94237194372608)->(24.869247396915583, 11.138601558537118, 34.94237194372608)
state:field-0, action:W, timestep:238, reward:-0.3932108620085111
==================================================

coord:(24.869247396915583, 11.138601558537118, 34.94237194372608)->(22.095914165307548, 11.138601558537118, 34.94237194372608)
state:field-0, action:S, timestep:239, reward:0.3932108620085111
==================================================

coord:(22.095914165307548, 11.138601558537118, 34.94237194372608)->(22.095914165307548, 11.138601558537118, 34.94237194372608)
state:field-0, action:Wait, timestep:240, reward:-0.0
==================================================

coord:(22.095914165307548, 11.138601558537118, 34.94237194372608)->(24.869247396915583, 11.138601558537118, 34.94237194372608)
state:field-0, action:W, timestep:241, reward:-0.3932108620085111
==================================================

coord:(24.869247396915583, 11.138601558537118, 34.94237194372608)->(22.095914165307548, 11.138601558537118, 34.94237194372608)
state:field-0, action:S, timestep:242, reward:0.3932108620085111
==================================================

coord:(22.095914165307548, 11.138601558537118, 34.94237194372608)->(22.095914165307548, 11.138601558537118, 34.94237194372608)
state:field-0, action:Wait, timestep:243, reward:-0.0
==================================================

coord:(22.095914165307548, 11.138601558537118, 34.94237194372608)->(22.095914165307548, 11.138601558537118, 34.94237194372608)
state:field-0, action:Wait, timestep:244, reward:-0.0
==================================================

coord:(22.095914165307548, 11.138601558537118, 34.94237194372608)->(24.869247396915583, 11.138601558537118, 34.94237194372608)
state:field-0, action:W, timestep:245, reward:-0.3932108620085111
==================================================

coord:(24.869247396915583, 11.138601558537118, 34.94237194372608)->(22.095914165307548, 11.138601558537118, 34.94237194372608)
state:field-0, action:S, timestep:246, reward:0.3932108620085111
==================================================

coord:(22.095914165307548, 11.138601558537118, 34.94237194372608)->(24.869247396915583, 11.138601558537118, 34.94237194372608)
state:field-0, action:W, timestep:247, reward:-0.3932108620085111
==================================================

coord:(24.869247396915583, 11.138601558537118, 34.94237194372608)->(22.095914165307548, 11.138601558537118, 34.94237194372608)
state:field-0, action:S, timestep:248, reward:0.3932108620085111
==================================================

coord:(22.095914165307548, 11.138601558537118, 34.94237194372608)->(24.869247396915583, 11.138601558537118, 34.94237194372608)
state:field-0, action:W, timestep:249, reward:-0.3932108620085111
==================================================

coord:(24.869247396915583, 11.138601558537118, 34.94237194372608)->(24.869247396915583, 11.138601558537118, 34.94237194372608)
state:field-0, action:Wait, timestep:250, reward:-0.0
==================================================

coord:(24.869247396915583, 11.138601558537118, 34.94237194372608)->(22.095914165307548, 11.138601558537118, 34.94237194372608)
state:field-0, action:S, timestep:251, reward:0.3932108620085111
==================================================

coord:(22.095914165307548, 11.138601558537118, 34.94237194372608)->(24.869247396915583, 11.138601558537118, 34.94237194372608)
state:field-0, action:W, timestep:252, reward:-0.3932108620085111
==================================================

coord:(24.869247396915583, 11.138601558537118, 34.94237194372608)->(24.869247396915583, 11.138601558537118, 34.94237194372608)
state:field-0, action:Wait, timestep:253, reward:-0.0
==================================================

coord:(24.869247396915583, 11.138601558537118, 34.94237194372608)->(24.869247396915583, 11.138601558537118, 34.94237194372608)
state:field-0, action:Wait, timestep:254, reward:-0.0
==================================================

coord:(24.869247396915583, 11.138601558537118, 34.94237194372608)->(22.095914165307548, 11.138601558537118, 34.94237194372608)
state:field-0, action:S, timestep:255, reward:0.3932108620085111
==================================================

coord:(22.095914165307548, 11.138601558537118, 34.94237194372608)->(22.157196749713744, 11.138601558537118, 35.00365452813227)
state:field-0, action:WD, timestep:256, reward:0.017252443195019396
==================================================

coord:(22.157196749713744, 11.138601558537118, 35.00365452813227)->(22.157196749713744, 11.138601558537118, 35.00365452813227)
state:timeout-5, action:Wait, timestep:257, reward:-999999
==================================================

