coord:(5.0, 0.0, 30.0)->(5.0, 0.0, 30.0)
state:field-4, action:Wait, timestep:1, reward:-0.0
==================================================

coord:(5.0, 0.0, 30.0)->(5.0, 0.0, 30.0)
state:field-4, action:j, timestep:2, reward:-0.0
==================================================

coord:(5.0, 0.0, 30.0)->(5.0, 0.0, 34.80000000000007)
state:field-4, action:Dsj, timestep:3, reward:0.5377935143423542
==================================================

coord:(5.0, 0.0, 34.80000000000007)->(8.394112396240237, 0.0, 38.19411239624026)
state:field-4, action:WDsj, timestep:4, reward:2.3069141866347422
==================================================

coord:(8.394112396240237, 0.0, 38.19411239624026)->(8.394112396240237, 0.0, 38.19411239624026)
state:field-4, action:j, timestep:5, reward:-0.0
==================================================

coord:(8.394112396240237, 0.0, 38.19411239624026)->(10.040779002507541, 0.0, 38.19411239624026)
state:field-4, action:W, timestep:6, reward:1.131112052581905
==================================================

coord:(10.040779002507541, 0.0, 38.19411239624026)->(10.040779002507541, -1.299999952316284, 37.99411239624027)
state:wall-9, action:S, timestep:7, reward:-0.9368132533747904
==================================================

coord:(10.040779002507541, -1.299999952316284, 37.99411239624027)->(10.127445665995294, 1.5590834184661113, 37.99411239624027)
state:field-4, action:Wj, timestep:8, reward:2.1371665055519458
==================================================

coord:(10.127445665995294, 1.5590834184661113, 37.99411239624027)->(13.027445665995284, 3.24057741277215, 37.99411239624027)
state:field-4, action:Ws, timestep:9, reward:3.170683207645288
==================================================

coord:(13.027445665995284, 3.24057741277215, 37.99411239624027)->(13.027445665995284, 5.840577317404728, 38.044112396240266)
state:wall-8, action:Wj, timestep:10, reward:1.7544831981489715
==================================================

coord:(13.027445665995284, 5.840577317404728, 38.044112396240266)->(15.049770951399713, 6.533347196810152, 36.021787110835895)
state:field-3, action:WAj, timestep:11, reward:2.271295090962006
==================================================

coord:(15.049770951399713, 6.533347196810152, 36.021787110835895)->(16.003104249764995, 8.211709281380116, 36.021787110835895)
state:field-3, action:Wj, timestep:12, reward:1.8263830459403625
==================================================

coord:(16.003104249764995, 8.211709281380116, 36.021787110835895)->(18.025429535169483, 8.515346045100623, 33.999461825431524)
state:field-3, action:WAj, timestep:13, reward:1.644688724953384
==================================================

coord:(18.025429535169483, 8.515346045100623, 33.999461825431524)->(18.025429535169483, 11.115345949733156, 34.04946182543152)
state:wall-8, action:Wj, timestep:14, reward:1.693275641963365
==================================================

coord:(18.025429535169483, 11.115345949733156, 34.04946182543152)->(18.025429535169483, 12.415345902049475, 35.049461825431464)
state:wall-7, action:W, timestep:15, reward:0.6475044637424796
==================================================

coord:(18.025429535169483, 12.415345902049475, 35.049461825431464)->(18.025429535169483, 13.715345854365795, 36.04946182543141)
state:wall-7, action:W, timestep:16, reward:0.18177906620172557
==================================================

coord:(18.025429535169483, 13.715345854365795, 36.04946182543141)->(18.025429535169483, 16.31534575899834, 37.04946182543135)
state:wall-7, action:Wj, timestep:17, reward:-0.6670653921428382
==================================================

coord:(18.025429535169483, 16.31534575899834, 37.04946182543135)->(18.025429535169483, 17.615345711314554, 38.049461825431294)
state:wall-6, action:W, timestep:18, reward:-0.9777098500813795
==================================================

coord:(18.025429535169483, 17.615345711314554, 38.049461825431294)->(17.964146950763286, 17.698155708855662, 38.11074440983749)
state:field-1, action:SDj, timestep:19, reward:-0.11459957627192274
==================================================

coord:(17.964146950763286, 17.698155708855662, 38.11074440983749)->(17.964146950763286, 20.2981556134883, 39.010744409837436)
state:wall-6, action:Wj, timestep:20, reward:-1.9892661345536506
==================================================

coord:(17.964146950763286, 20.2981556134883, 39.010744409837436)->(17.964146950763286, 21.598155565804515, 40.01074440983738)
state:wall-6, action:W, timestep:21, reward:-1.3886550001082334
==================================================

coord:(17.964146950763286, 21.598155565804515, 40.01074440983738)->(17.964146950763286, 22.898155518120728, 41.01074440983732)
state:wall-6, action:W, timestep:22, reward:-1.4539354533426536
==================================================

coord:(17.964146950763286, 22.898155518120728, 41.01074440983732)->(17.964146950763286, 21.598155565804515, 41.01074440983732)
state:wall-6, action:S, timestep:23, reward:0.9295059404460222
==================================================

coord:(17.964146950763286, 21.598155565804515, 41.01074440983732)->(17.964146950763286, 24.198155470437154, 42.010744409837265)
state:wall-6, action:Wj, timestep:24, reward:-2.4271640267803924
==================================================

coord:(17.964146950763286, 24.198155470437154, 42.010744409837265)->(17.964146950763286, 22.89815551812094, 42.010744409837265)
state:wall-5, action:S, timestep:25, reward:0.9538142640909779
==================================================

coord:(17.964146950763286, 22.89815551812094, 42.010744409837265)->(17.964146950763286, 21.598155565804728, 42.010744409837265)
state:wall-5, action:S, timestep:26, reward:0.8849146433052937
==================================================

coord:(17.964146950763286, 21.598155565804728, 42.010744409837265)->(17.964146950763286, 23.894822148230226, 42.010744409837265)
state:wall-5, action:Wj, timestep:27, reward:-1.610792438317871
==================================================

coord:(17.964146950763286, 23.894822148230226, 42.010744409837265)->(17.964146950763286, 17.33031548453316, 42.010744409837265)
state:air-10, action:Wait, timestep:28, reward:3.7926306501035967
==================================================

coord:(17.964146950763286, 17.33031548453316, 42.010744409837265)->(17.16747335348273, 17.06815639388461, 41.214070812556756)
state:field-0, action:SA, timestep:29, reward:0.1894913200074253
==================================================

coord:(17.16747335348273, 17.06815639388461, 41.214070812556756)->(17.16747335348273, 16.30523446052158, 44.940737342530205)
state:field-0, action:D, timestep:30, reward:-2.7260803759203984
==================================================

coord:(17.16747335348273, 16.30523446052158, 44.940737342530205)->(17.16747335348273, 16.30523446052158, 44.940737342530205)
state:field-0, action:Wait, timestep:31, reward:-0.0
==================================================

coord:(17.16747335348273, 16.30523446052158, 44.940737342530205)->(18.025429535169483, 17.866775445115884, 45.79869352421691)
state:field-0, action:WD, timestep:32, reward:-0.7240985208446737
==================================================

coord:(18.025429535169483, 17.866775445115884, 45.79869352421691)->(18.025429535169483, 17.866775445115884, 45.79869352421691)
state:field-0, action:Wait, timestep:33, reward:-0.0
==================================================

coord:(18.025429535169483, 17.866775445115884, 45.79869352421691)->(18.025429535169483, 17.866775445115884, 45.79869352421691)
state:field-0, action:Wait, timestep:34, reward:-0.0
==================================================

coord:(18.025429535169483, 17.866775445115884, 45.79869352421691)->(18.025429535169483, 17.866775445115884, 45.79869352421691)
state:field-0, action:Wait, timestep:35, reward:-0.0
==================================================

coord:(18.025429535169483, 17.866775445115884, 45.79869352421691)->(18.025429535169483, 17.866775445115884, 45.79869352421691)
state:field-0, action:Wait, timestep:36, reward:-0.0
==================================================

coord:(18.025429535169483, 17.866775445115884, 45.79869352421691)->(18.025429535169483, 17.866775445115884, 45.79869352421691)
state:field-0, action:Wait, timestep:37, reward:-0.0
==================================================

coord:(18.025429535169483, 17.866775445115884, 45.79869352421691)->(18.025429535169483, 17.866775445115884, 45.79869352421691)
state:field-0, action:Wait, timestep:38, reward:-0.0
==================================================

coord:(18.025429535169483, 17.866775445115884, 45.79869352421691)->(18.025429535169483, 17.866775445115884, 45.79869352421691)
state:field-0, action:Wait, timestep:39, reward:-0.0
==================================================

coord:(18.025429535169483, 17.866775445115884, 45.79869352421691)->(18.025429535169483, 17.866775445115884, 45.79869352421691)
state:field-0, action:Wait, timestep:40, reward:-0.0
==================================================

coord:(18.025429535169483, 17.866775445115884, 45.79869352421691)->(18.025429535169483, 17.866775445115884, 45.79869352421691)
state:field-0, action:Wait, timestep:41, reward:-0.0
==================================================

coord:(18.025429535169483, 17.866775445115884, 45.79869352421691)->(18.025429535169483, 17.866775445115884, 45.79869352421691)
state:field-0, action:Wait, timestep:42, reward:-0.0
==================================================

coord:(18.025429535169483, 17.866775445115884, 45.79869352421691)->(18.025429535169483, 17.866775445115884, 45.79869352421691)
state:field-0, action:Wait, timestep:43, reward:-0.0
==================================================

coord:(18.025429535169483, 17.866775445115884, 45.79869352421691)->(18.025429535169483, 17.866775445115884, 45.79869352421691)
state:field-0, action:Wait, timestep:44, reward:-0.0
==================================================

coord:(18.025429535169483, 17.866775445115884, 45.79869352421691)->(18.025429535169483, 17.866775445115884, 45.79869352421691)
state:field-0, action:Wait, timestep:45, reward:-0.0
==================================================

coord:(18.025429535169483, 17.866775445115884, 45.79869352421691)->(18.025429535169483, 17.866775445115884, 45.79869352421691)
state:field-0, action:Wait, timestep:46, reward:-0.0
==================================================

coord:(18.025429535169483, 17.866775445115884, 45.79869352421691)->(18.025429535169483, 17.866775445115884, 45.79869352421691)
state:field-0, action:Wait, timestep:47, reward:-0.0
==================================================

coord:(18.025429535169483, 17.866775445115884, 45.79869352421691)->(18.025429535169483, 17.866775445115884, 45.79869352421691)
state:field-0, action:Wait, timestep:48, reward:-0.0
==================================================

coord:(18.025429535169483, 17.866775445115884, 45.79869352421691)->(18.025429535169483, 17.866775445115884, 45.79869352421691)
state:field-0, action:Wait, timestep:49, reward:-0.0
==================================================

coord:(18.025429535169483, 17.866775445115884, 45.79869352421691)->(18.025429535169483, 17.866775445115884, 45.79869352421691)
state:field-0, action:Wait, timestep:50, reward:-0.0
==================================================

coord:(18.025429535169483, 17.866775445115884, 45.79869352421691)->(18.025429535169483, 17.866775445115884, 45.79869352421691)
state:field-0, action:Wait, timestep:51, reward:-0.0
==================================================

coord:(18.025429535169483, 17.866775445115884, 45.79869352421691)->(18.025429535169483, 17.866775445115884, 45.79869352421691)
state:field-0, action:Wait, timestep:52, reward:-0.0
==================================================

coord:(18.025429535169483, 17.866775445115884, 45.79869352421691)->(18.025429535169483, 17.866775445115884, 45.79869352421691)
state:field-0, action:Wait, timestep:53, reward:-0.0
==================================================

coord:(18.025429535169483, 17.866775445115884, 45.79869352421691)->(18.025429535169483, 17.866775445115884, 45.79869352421691)
state:field-0, action:Wait, timestep:54, reward:-0.0
==================================================

coord:(18.025429535169483, 17.866775445115884, 45.79869352421691)->(18.025429535169483, 17.866775445115884, 45.79869352421691)
state:field-0, action:Wait, timestep:55, reward:-0.0
==================================================

coord:(18.025429535169483, 17.866775445115884, 45.79869352421691)->(18.025429535169483, 17.866775445115884, 45.79869352421691)
state:field-0, action:Wait, timestep:56, reward:-0.0
==================================================

coord:(18.025429535169483, 17.866775445115884, 45.79869352421691)->(18.025429535169483, 17.866775445115884, 45.79869352421691)
state:field-0, action:Wait, timestep:57, reward:-0.0
==================================================

coord:(18.025429535169483, 17.866775445115884, 45.79869352421691)->(18.025429535169483, 17.866775445115884, 45.79869352421691)
state:field-0, action:Wait, timestep:58, reward:-0.0
==================================================

coord:(18.025429535169483, 17.866775445115884, 45.79869352421691)->(18.025429535169483, 17.866775445115884, 45.79869352421691)
state:field-0, action:Wait, timestep:59, reward:-0.0
==================================================

coord:(18.025429535169483, 17.866775445115884, 45.79869352421691)->(18.025429535169483, 17.866775445115884, 45.79869352421691)
state:field-0, action:Wait, timestep:60, reward:-0.0
==================================================

coord:(18.025429535169483, 17.866775445115884, 45.79869352421691)->(18.025429535169483, 17.866775445115884, 45.79869352421691)
state:field-0, action:Wait, timestep:61, reward:-0.0
==================================================

coord:(18.025429535169483, 17.866775445115884, 45.79869352421691)->(18.025429535169483, 17.866775445115884, 45.79869352421691)
state:field-0, action:Wait, timestep:62, reward:-0.0
==================================================

coord:(18.025429535169483, 17.866775445115884, 45.79869352421691)->(18.025429535169483, 17.866775445115884, 45.79869352421691)
state:field-0, action:Wait, timestep:63, reward:-0.0
==================================================

coord:(18.025429535169483, 17.866775445115884, 45.79869352421691)->(18.025429535169483, 17.866775445115884, 45.79869352421691)
state:field-0, action:Wait, timestep:64, reward:-0.0
==================================================

coord:(18.025429535169483, 17.866775445115884, 45.79869352421691)->(18.025429535169483, 17.866775445115884, 45.79869352421691)
state:field-0, action:Wait, timestep:65, reward:-0.0
==================================================

coord:(18.025429535169483, 17.866775445115884, 45.79869352421691)->(18.025429535169483, 17.866775445115884, 45.79869352421691)
state:field-0, action:Wait, timestep:66, reward:-0.0
==================================================

coord:(18.025429535169483, 17.866775445115884, 45.79869352421691)->(18.025429535169483, 17.866775445115884, 45.79869352421691)
state:field-0, action:Wait, timestep:67, reward:-0.0
==================================================

coord:(18.025429535169483, 17.866775445115884, 45.79869352421691)->(18.025429535169483, 17.866775445115884, 45.79869352421691)
state:field-0, action:Wait, timestep:68, reward:-0.0
==================================================

coord:(18.025429535169483, 17.866775445115884, 45.79869352421691)->(18.025429535169483, 17.866775445115884, 45.79869352421691)
state:field-0, action:Wait, timestep:69, reward:-0.0
==================================================

coord:(18.025429535169483, 17.866775445115884, 45.79869352421691)->(18.025429535169483, 17.866775445115884, 45.79869352421691)
state:field-0, action:Wait, timestep:70, reward:-0.0
==================================================

coord:(18.025429535169483, 17.866775445115884, 45.79869352421691)->(18.025429535169483, 17.866775445115884, 45.79869352421691)
state:field-0, action:Wait, timestep:71, reward:-0.0
==================================================

coord:(18.025429535169483, 17.866775445115884, 45.79869352421691)->(18.025429535169483, 17.866775445115884, 45.79869352421691)
state:field-0, action:Wait, timestep:72, reward:-0.0
==================================================

coord:(18.025429535169483, 17.866775445115884, 45.79869352421691)->(18.025429535169483, 17.866775445115884, 45.79869352421691)
state:field-0, action:Wait, timestep:73, reward:-0.0
==================================================

coord:(18.025429535169483, 17.866775445115884, 45.79869352421691)->(18.025429535169483, 17.866775445115884, 45.79869352421691)
state:field-0, action:Wait, timestep:74, reward:-0.0
==================================================

coord:(18.025429535169483, 17.866775445115884, 45.79869352421691)->(18.025429535169483, 17.866775445115884, 45.79869352421691)
state:field-0, action:Wait, timestep:75, reward:-0.0
==================================================

coord:(18.025429535169483, 17.866775445115884, 45.79869352421691)->(18.025429535169483, 17.866775445115884, 45.79869352421691)
state:field-0, action:Wait, timestep:76, reward:-0.0
==================================================

coord:(18.025429535169483, 17.866775445115884, 45.79869352421691)->(18.025429535169483, 17.866775445115884, 45.79869352421691)
state:field-0, action:Wait, timestep:77, reward:-0.0
==================================================

coord:(18.025429535169483, 17.866775445115884, 45.79869352421691)->(18.025429535169483, 17.866775445115884, 45.79869352421691)
state:field-0, action:Wait, timestep:78, reward:-0.0
==================================================

coord:(18.025429535169483, 17.866775445115884, 45.79869352421691)->(18.025429535169483, 17.866775445115884, 45.79869352421691)
state:field-0, action:Wait, timestep:79, reward:-0.0
==================================================

coord:(18.025429535169483, 17.866775445115884, 45.79869352421691)->(18.025429535169483, 17.866775445115884, 45.79869352421691)
state:field-0, action:Wait, timestep:80, reward:-0.0
==================================================

coord:(18.025429535169483, 17.866775445115884, 45.79869352421691)->(18.025429535169483, 17.866775445115884, 45.79869352421691)
state:field-0, action:Wait, timestep:81, reward:-0.0
==================================================

coord:(18.025429535169483, 17.866775445115884, 45.79869352421691)->(18.025429535169483, 17.866775445115884, 45.79869352421691)
state:field-0, action:Wait, timestep:82, reward:-0.0
==================================================

coord:(18.025429535169483, 17.866775445115884, 45.79869352421691)->(18.025429535169483, 17.866775445115884, 45.79869352421691)
state:field-0, action:Wait, timestep:83, reward:-0.0
==================================================

coord:(18.025429535169483, 17.866775445115884, 45.79869352421691)->(18.025429535169483, 17.866775445115884, 45.79869352421691)
state:field-0, action:Wait, timestep:84, reward:-0.0
==================================================

coord:(18.025429535169483, 17.866775445115884, 45.79869352421691)->(18.025429535169483, 17.866775445115884, 45.79869352421691)
state:field-0, action:Wait, timestep:85, reward:-0.0
==================================================

coord:(18.025429535169483, 17.866775445115884, 45.79869352421691)->(18.025429535169483, 17.866775445115884, 45.79869352421691)
state:field-0, action:Wait, timestep:86, reward:-0.0
==================================================

coord:(18.025429535169483, 17.866775445115884, 45.79869352421691)->(18.025429535169483, 17.866775445115884, 45.79869352421691)
state:field-0, action:Wait, timestep:87, reward:-0.0
==================================================

coord:(18.025429535169483, 17.866775445115884, 45.79869352421691)->(18.025429535169483, 17.866775445115884, 45.79869352421691)
state:field-0, action:Wait, timestep:88, reward:-0.0
==================================================

coord:(18.025429535169483, 17.866775445115884, 45.79869352421691)->(18.025429535169483, 17.866775445115884, 45.79869352421691)
state:field-0, action:Wait, timestep:89, reward:-0.0
==================================================

coord:(18.025429535169483, 17.866775445115884, 45.79869352421691)->(18.025429535169483, 17.866775445115884, 45.79869352421691)
state:field-0, action:Wait, timestep:90, reward:-0.0
==================================================

coord:(18.025429535169483, 17.866775445115884, 45.79869352421691)->(18.025429535169483, 17.866775445115884, 45.79869352421691)
state:field-0, action:Wait, timestep:91, reward:-0.0
==================================================

coord:(18.025429535169483, 17.866775445115884, 45.79869352421691)->(18.025429535169483, 17.866775445115884, 45.79869352421691)
state:field-0, action:Wait, timestep:92, reward:-0.0
==================================================

coord:(18.025429535169483, 17.866775445115884, 45.79869352421691)->(18.025429535169483, 17.866775445115884, 45.79869352421691)
state:field-0, action:Wait, timestep:93, reward:-0.0
==================================================

coord:(18.025429535169483, 17.866775445115884, 45.79869352421691)->(18.025429535169483, 17.866775445115884, 45.79869352421691)
state:field-0, action:Wait, timestep:94, reward:-0.0
==================================================

coord:(18.025429535169483, 17.866775445115884, 45.79869352421691)->(18.025429535169483, 17.866775445115884, 45.79869352421691)
state:field-0, action:Wait, timestep:95, reward:-0.0
==================================================

coord:(18.025429535169483, 17.866775445115884, 45.79869352421691)->(18.025429535169483, 17.866775445115884, 45.79869352421691)
state:field-0, action:Wait, timestep:96, reward:-0.0
==================================================

coord:(18.025429535169483, 17.866775445115884, 45.79869352421691)->(18.025429535169483, 17.866775445115884, 45.79869352421691)
state:field-0, action:Wait, timestep:97, reward:-0.0
==================================================

coord:(18.025429535169483, 17.866775445115884, 45.79869352421691)->(18.025429535169483, 17.866775445115884, 45.79869352421691)
state:field-0, action:Wait, timestep:98, reward:-0.0
==================================================

coord:(18.025429535169483, 17.866775445115884, 45.79869352421691)->(18.025429535169483, 17.866775445115884, 45.79869352421691)
state:field-0, action:Wait, timestep:99, reward:-0.0
==================================================

coord:(18.025429535169483, 17.866775445115884, 45.79869352421691)->(18.025429535169483, 17.866775445115884, 45.79869352421691)
state:field-0, action:Wait, timestep:100, reward:-0.0
==================================================

coord:(18.025429535169483, 17.866775445115884, 45.79869352421691)->(18.025429535169483, 17.866775445115884, 45.79869352421691)
state:field-0, action:Wait, timestep:101, reward:-0.0
==================================================

coord:(18.025429535169483, 17.866775445115884, 45.79869352421691)->(18.025429535169483, 17.866775445115884, 45.79869352421691)
state:field-0, action:Wait, timestep:102, reward:-0.0
==================================================

coord:(18.025429535169483, 17.866775445115884, 45.79869352421691)->(18.025429535169483, 17.866775445115884, 45.79869352421691)
state:field-0, action:Wait, timestep:103, reward:-0.0
==================================================

coord:(18.025429535169483, 17.866775445115884, 45.79869352421691)->(18.025429535169483, 17.866775445115884, 45.79869352421691)
state:field-0, action:Wait, timestep:104, reward:-0.0
==================================================

coord:(18.025429535169483, 17.866775445115884, 45.79869352421691)->(18.025429535169483, 17.866775445115884, 45.79869352421691)
state:field-0, action:Wait, timestep:105, reward:-0.0
==================================================

coord:(18.025429535169483, 17.866775445115884, 45.79869352421691)->(18.025429535169483, 17.866775445115884, 45.79869352421691)
state:field-0, action:Wait, timestep:106, reward:-0.0
==================================================

coord:(18.025429535169483, 17.866775445115884, 45.79869352421691)->(18.025429535169483, 17.866775445115884, 45.79869352421691)
state:field-0, action:Wait, timestep:107, reward:-0.0
==================================================

coord:(18.025429535169483, 17.866775445115884, 45.79869352421691)->(18.025429535169483, 17.866775445115884, 45.79869352421691)
state:field-0, action:Wait, timestep:108, reward:-0.0
==================================================

coord:(18.025429535169483, 17.866775445115884, 45.79869352421691)->(18.025429535169483, 17.866775445115884, 45.79869352421691)
state:field-0, action:Wait, timestep:109, reward:-0.0
==================================================

coord:(18.025429535169483, 17.866775445115884, 45.79869352421691)->(18.025429535169483, 17.866775445115884, 45.79869352421691)
state:field-0, action:Wait, timestep:110, reward:-0.0
==================================================

coord:(18.025429535169483, 17.866775445115884, 45.79869352421691)->(18.025429535169483, 17.866775445115884, 45.79869352421691)
state:field-0, action:Wait, timestep:111, reward:-0.0
==================================================

coord:(18.025429535169483, 17.866775445115884, 45.79869352421691)->(18.025429535169483, 17.866775445115884, 45.79869352421691)
state:field-0, action:Wait, timestep:112, reward:-0.0
==================================================

coord:(18.025429535169483, 17.866775445115884, 45.79869352421691)->(18.025429535169483, 17.866775445115884, 45.79869352421691)
state:field-0, action:Wait, timestep:113, reward:-0.0
==================================================

coord:(18.025429535169483, 17.866775445115884, 45.79869352421691)->(18.025429535169483, 17.866775445115884, 45.79869352421691)
state:field-0, action:Wait, timestep:114, reward:-0.0
==================================================

coord:(18.025429535169483, 17.866775445115884, 45.79869352421691)->(18.025429535169483, 17.866775445115884, 45.79869352421691)
state:field-0, action:Wait, timestep:115, reward:-0.0
==================================================

coord:(18.025429535169483, 17.866775445115884, 45.79869352421691)->(18.025429535169483, 17.866775445115884, 45.79869352421691)
state:field-0, action:Wait, timestep:116, reward:-0.0
==================================================

coord:(18.025429535169483, 17.866775445115884, 45.79869352421691)->(18.025429535169483, 17.866775445115884, 45.79869352421691)
state:field-0, action:Wait, timestep:117, reward:-0.0
==================================================

coord:(18.025429535169483, 17.866775445115884, 45.79869352421691)->(18.025429535169483, 17.866775445115884, 45.79869352421691)
state:field-0, action:Wait, timestep:118, reward:-0.0
==================================================

coord:(18.025429535169483, 17.866775445115884, 45.79869352421691)->(18.025429535169483, 17.866775445115884, 45.79869352421691)
state:field-0, action:Wait, timestep:119, reward:-0.0
==================================================

coord:(18.025429535169483, 17.866775445115884, 45.79869352421691)->(18.025429535169483, 17.866775445115884, 45.79869352421691)
state:field-0, action:Wait, timestep:120, reward:-0.0
==================================================

coord:(18.025429535169483, 17.866775445115884, 45.79869352421691)->(18.025429535169483, 17.866775445115884, 45.79869352421691)
state:field-0, action:Wait, timestep:121, reward:-0.0
==================================================

coord:(18.025429535169483, 17.866775445115884, 45.79869352421691)->(18.025429535169483, 17.866775445115884, 45.79869352421691)
state:field-0, action:Wait, timestep:122, reward:-0.0
==================================================

coord:(18.025429535169483, 17.866775445115884, 45.79869352421691)->(18.025429535169483, 17.866775445115884, 45.79869352421691)
state:field-0, action:Wait, timestep:123, reward:-0.0
==================================================

coord:(18.025429535169483, 17.866775445115884, 45.79869352421691)->(18.025429535169483, 17.866775445115884, 45.79869352421691)
state:field-0, action:Wait, timestep:124, reward:-0.0
==================================================

coord:(18.025429535169483, 17.866775445115884, 45.79869352421691)->(18.025429535169483, 17.866775445115884, 45.79869352421691)
state:field-0, action:Wait, timestep:125, reward:-0.0
==================================================

coord:(18.025429535169483, 17.866775445115884, 45.79869352421691)->(18.025429535169483, 17.866775445115884, 45.79869352421691)
state:field-0, action:Wait, timestep:126, reward:-0.0
==================================================

coord:(18.025429535169483, 17.866775445115884, 45.79869352421691)->(18.025429535169483, 17.866775445115884, 45.79869352421691)
state:field-0, action:Wait, timestep:127, reward:-0.0
==================================================

coord:(18.025429535169483, 17.866775445115884, 45.79869352421691)->(18.025429535169483, 17.866775445115884, 45.79869352421691)
state:field-0, action:Wait, timestep:128, reward:-0.0
==================================================

coord:(18.025429535169483, 17.866775445115884, 45.79869352421691)->(18.025429535169483, 17.866775445115884, 45.79869352421691)
state:field-0, action:Wait, timestep:129, reward:-0.0
==================================================

coord:(18.025429535169483, 17.866775445115884, 45.79869352421691)->(18.025429535169483, 17.866775445115884, 45.79869352421691)
state:field-0, action:Wait, timestep:130, reward:-0.0
==================================================

coord:(18.025429535169483, 17.866775445115884, 45.79869352421691)->(18.025429535169483, 17.866775445115884, 45.79869352421691)
state:field-0, action:Wait, timestep:131, reward:-0.0
==================================================

coord:(18.025429535169483, 17.866775445115884, 45.79869352421691)->(18.025429535169483, 17.866775445115884, 45.79869352421691)
state:field-0, action:Wait, timestep:132, reward:-0.0
==================================================

coord:(18.025429535169483, 17.866775445115884, 45.79869352421691)->(18.025429535169483, 17.866775445115884, 45.79869352421691)
state:field-0, action:Wait, timestep:133, reward:-0.0
==================================================

coord:(18.025429535169483, 17.866775445115884, 45.79869352421691)->(18.025429535169483, 17.866775445115884, 45.79869352421691)
state:field-0, action:Wait, timestep:134, reward:-0.0
==================================================

coord:(18.025429535169483, 17.866775445115884, 45.79869352421691)->(18.025429535169483, 17.866775445115884, 45.79869352421691)
state:field-0, action:Wait, timestep:135, reward:-0.0
==================================================

coord:(18.025429535169483, 17.866775445115884, 45.79869352421691)->(18.025429535169483, 17.866775445115884, 45.79869352421691)
state:field-0, action:Wait, timestep:136, reward:-0.0
==================================================

coord:(18.025429535169483, 17.866775445115884, 45.79869352421691)->(18.025429535169483, 17.866775445115884, 45.79869352421691)
state:field-0, action:Wait, timestep:137, reward:-0.0
==================================================

coord:(18.025429535169483, 17.866775445115884, 45.79869352421691)->(18.025429535169483, 17.866775445115884, 45.79869352421691)
state:field-0, action:Wait, timestep:138, reward:-0.0
==================================================

coord:(18.025429535169483, 17.866775445115884, 45.79869352421691)->(18.025429535169483, 17.866775445115884, 45.79869352421691)
state:field-0, action:Wait, timestep:139, reward:-0.0
==================================================

coord:(18.025429535169483, 17.866775445115884, 45.79869352421691)->(18.025429535169483, 17.866775445115884, 45.79869352421691)
state:field-0, action:Wait, timestep:140, reward:-0.0
==================================================

coord:(18.025429535169483, 17.866775445115884, 45.79869352421691)->(18.025429535169483, 17.866775445115884, 45.79869352421691)
state:field-0, action:Wait, timestep:141, reward:-0.0
==================================================

coord:(18.025429535169483, 17.866775445115884, 45.79869352421691)->(18.025429535169483, 17.866775445115884, 45.79869352421691)
state:field-0, action:Wait, timestep:142, reward:-0.0
==================================================

coord:(18.025429535169483, 17.866775445115884, 45.79869352421691)->(18.025429535169483, 17.866775445115884, 45.79869352421691)
state:field-0, action:Wait, timestep:143, reward:-0.0
==================================================

coord:(18.025429535169483, 17.866775445115884, 45.79869352421691)->(18.025429535169483, 17.866775445115884, 45.79869352421691)
state:field-0, action:Wait, timestep:144, reward:-0.0
==================================================

coord:(18.025429535169483, 17.866775445115884, 45.79869352421691)->(18.025429535169483, 17.866775445115884, 45.79869352421691)
state:field-0, action:Wait, timestep:145, reward:-0.0
==================================================

coord:(18.025429535169483, 17.866775445115884, 45.79869352421691)->(18.025429535169483, 17.866775445115884, 45.79869352421691)
state:field-0, action:Wait, timestep:146, reward:-0.0
==================================================

coord:(18.025429535169483, 17.866775445115884, 45.79869352421691)->(18.025429535169483, 17.866775445115884, 45.79869352421691)
state:field-0, action:Wait, timestep:147, reward:-0.0
==================================================

coord:(18.025429535169483, 17.866775445115884, 45.79869352421691)->(18.025429535169483, 17.866775445115884, 45.79869352421691)
state:field-0, action:Wait, timestep:148, reward:-0.0
==================================================

coord:(18.025429535169483, 17.866775445115884, 45.79869352421691)->(18.025429535169483, 17.866775445115884, 45.79869352421691)
state:field-0, action:Wait, timestep:149, reward:-0.0
==================================================

coord:(18.025429535169483, 17.866775445115884, 45.79869352421691)->(18.025429535169483, 17.866775445115884, 45.79869352421691)
state:field-0, action:Wait, timestep:150, reward:-0.0
==================================================

coord:(18.025429535169483, 17.866775445115884, 45.79869352421691)->(18.025429535169483, 17.866775445115884, 45.79869352421691)
state:field-0, action:Wait, timestep:151, reward:-0.0
==================================================

coord:(18.025429535169483, 17.866775445115884, 45.79869352421691)->(18.025429535169483, 17.866775445115884, 45.79869352421691)
state:field-0, action:Wait, timestep:152, reward:-0.0
==================================================

coord:(18.025429535169483, 17.866775445115884, 45.79869352421691)->(18.025429535169483, 17.866775445115884, 45.79869352421691)
state:field-0, action:Wait, timestep:153, reward:-0.0
==================================================

coord:(18.025429535169483, 17.866775445115884, 45.79869352421691)->(18.025429535169483, 17.866775445115884, 45.79869352421691)
state:field-0, action:Wait, timestep:154, reward:-0.0
==================================================

coord:(18.025429535169483, 17.866775445115884, 45.79869352421691)->(18.025429535169483, 17.866775445115884, 45.79869352421691)
state:field-0, action:Wait, timestep:155, reward:-0.0
==================================================

coord:(18.025429535169483, 17.866775445115884, 45.79869352421691)->(18.025429535169483, 17.866775445115884, 45.79869352421691)
state:field-0, action:Wait, timestep:156, reward:-0.0
==================================================

coord:(18.025429535169483, 17.866775445115884, 45.79869352421691)->(18.025429535169483, 17.866775445115884, 45.79869352421691)
state:field-0, action:Wait, timestep:157, reward:-0.0
==================================================

coord:(18.025429535169483, 17.866775445115884, 45.79869352421691)->(18.025429535169483, 17.866775445115884, 45.79869352421691)
state:field-0, action:Wait, timestep:158, reward:-0.0
==================================================

coord:(18.025429535169483, 17.866775445115884, 45.79869352421691)->(18.025429535169483, 17.866775445115884, 45.79869352421691)
state:field-0, action:Wait, timestep:159, reward:-0.0
==================================================

coord:(18.025429535169483, 17.866775445115884, 45.79869352421691)->(18.025429535169483, 17.866775445115884, 45.79869352421691)
state:field-0, action:Wait, timestep:160, reward:-0.0
==================================================

coord:(18.025429535169483, 17.866775445115884, 45.79869352421691)->(18.025429535169483, 17.866775445115884, 45.79869352421691)
state:field-0, action:Wait, timestep:161, reward:-0.0
==================================================

coord:(18.025429535169483, 17.866775445115884, 45.79869352421691)->(18.025429535169483, 17.866775445115884, 45.79869352421691)
state:field-0, action:Wait, timestep:162, reward:-0.0
==================================================

coord:(18.025429535169483, 17.866775445115884, 45.79869352421691)->(18.025429535169483, 17.866775445115884, 45.79869352421691)
state:field-0, action:Wait, timestep:163, reward:-0.0
==================================================

coord:(18.025429535169483, 17.866775445115884, 45.79869352421691)->(18.025429535169483, 17.866775445115884, 45.79869352421691)
state:field-0, action:Wait, timestep:164, reward:-0.0
==================================================

coord:(18.025429535169483, 17.866775445115884, 45.79869352421691)->(18.025429535169483, 17.866775445115884, 45.79869352421691)
state:field-0, action:Wait, timestep:165, reward:-0.0
==================================================

coord:(18.025429535169483, 17.866775445115884, 45.79869352421691)->(18.025429535169483, 17.866775445115884, 45.79869352421691)
state:field-0, action:Wait, timestep:166, reward:-0.0
==================================================

coord:(18.025429535169483, 17.866775445115884, 45.79869352421691)->(18.025429535169483, 17.866775445115884, 45.79869352421691)
state:field-0, action:Wait, timestep:167, reward:-0.0
==================================================

coord:(18.025429535169483, 17.866775445115884, 45.79869352421691)->(18.025429535169483, 17.866775445115884, 45.79869352421691)
state:field-0, action:Wait, timestep:168, reward:-0.0
==================================================

coord:(18.025429535169483, 17.866775445115884, 45.79869352421691)->(18.025429535169483, 17.866775445115884, 45.79869352421691)
state:field-0, action:Wait, timestep:169, reward:-0.0
==================================================

coord:(18.025429535169483, 17.866775445115884, 45.79869352421691)->(18.025429535169483, 17.866775445115884, 45.79869352421691)
state:field-0, action:Wait, timestep:170, reward:-0.0
==================================================

coord:(18.025429535169483, 17.866775445115884, 45.79869352421691)->(18.025429535169483, 17.866775445115884, 45.79869352421691)
state:field-0, action:Wait, timestep:171, reward:-0.0
==================================================

coord:(18.025429535169483, 17.866775445115884, 45.79869352421691)->(18.025429535169483, 17.866775445115884, 45.79869352421691)
state:field-0, action:Wait, timestep:172, reward:-0.0
==================================================

coord:(18.025429535169483, 17.866775445115884, 45.79869352421691)->(18.025429535169483, 17.866775445115884, 45.79869352421691)
state:field-0, action:Wait, timestep:173, reward:-0.0
==================================================

coord:(18.025429535169483, 17.866775445115884, 45.79869352421691)->(18.025429535169483, 17.866775445115884, 45.79869352421691)
state:field-0, action:Wait, timestep:174, reward:-0.0
==================================================

coord:(18.025429535169483, 17.866775445115884, 45.79869352421691)->(18.025429535169483, 17.866775445115884, 45.79869352421691)
state:field-0, action:Wait, timestep:175, reward:-0.0
==================================================

coord:(18.025429535169483, 17.866775445115884, 45.79869352421691)->(18.025429535169483, 17.866775445115884, 45.79869352421691)
state:field-0, action:Wait, timestep:176, reward:-0.0
==================================================

coord:(18.025429535169483, 17.866775445115884, 45.79869352421691)->(18.025429535169483, 17.866775445115884, 45.79869352421691)
state:field-0, action:Wait, timestep:177, reward:-0.0
==================================================

coord:(18.025429535169483, 17.866775445115884, 45.79869352421691)->(18.025429535169483, 17.866775445115884, 45.79869352421691)
state:field-0, action:Wait, timestep:178, reward:-0.0
==================================================

coord:(18.025429535169483, 17.866775445115884, 45.79869352421691)->(18.025429535169483, 17.866775445115884, 45.79869352421691)
state:field-0, action:Wait, timestep:179, reward:-0.0
==================================================

coord:(18.025429535169483, 17.866775445115884, 45.79869352421691)->(18.025429535169483, 17.866775445115884, 45.79869352421691)
state:field-0, action:Wait, timestep:180, reward:-0.0
==================================================

coord:(18.025429535169483, 17.866775445115884, 45.79869352421691)->(18.025429535169483, 17.866775445115884, 45.79869352421691)
state:field-0, action:Wait, timestep:181, reward:-0.0
==================================================

coord:(18.025429535169483, 17.866775445115884, 45.79869352421691)->(18.025429535169483, 17.866775445115884, 45.79869352421691)
state:field-0, action:Wait, timestep:182, reward:-0.0
==================================================

coord:(18.025429535169483, 17.866775445115884, 45.79869352421691)->(18.025429535169483, 17.866775445115884, 45.79869352421691)
state:field-0, action:Wait, timestep:183, reward:-0.0
==================================================

coord:(18.025429535169483, 17.866775445115884, 45.79869352421691)->(18.025429535169483, 17.866775445115884, 45.79869352421691)
state:field-0, action:Wait, timestep:184, reward:-0.0
==================================================

coord:(18.025429535169483, 17.866775445115884, 45.79869352421691)->(18.025429535169483, 17.866775445115884, 45.79869352421691)
state:field-0, action:Wait, timestep:185, reward:-0.0
==================================================

coord:(18.025429535169483, 17.866775445115884, 45.79869352421691)->(18.025429535169483, 17.866775445115884, 45.79869352421691)
state:field-0, action:Wait, timestep:186, reward:-0.0
==================================================

coord:(18.025429535169483, 17.866775445115884, 45.79869352421691)->(18.025429535169483, 17.866775445115884, 45.79869352421691)
state:field-0, action:Wait, timestep:187, reward:-0.0
==================================================

coord:(18.025429535169483, 17.866775445115884, 45.79869352421691)->(18.025429535169483, 17.866775445115884, 45.79869352421691)
state:field-0, action:Wait, timestep:188, reward:-0.0
==================================================

coord:(18.025429535169483, 17.866775445115884, 45.79869352421691)->(18.025429535169483, 17.866775445115884, 45.79869352421691)
state:field-0, action:Wait, timestep:189, reward:-0.0
==================================================

coord:(18.025429535169483, 17.866775445115884, 45.79869352421691)->(18.025429535169483, 17.866775445115884, 45.79869352421691)
state:field-0, action:Wait, timestep:190, reward:-0.0
==================================================

coord:(18.025429535169483, 17.866775445115884, 45.79869352421691)->(18.025429535169483, 17.866775445115884, 45.79869352421691)
state:field-0, action:Wait, timestep:191, reward:-0.0
==================================================

coord:(18.025429535169483, 17.866775445115884, 45.79869352421691)->(18.025429535169483, 17.866775445115884, 45.79869352421691)
state:field-0, action:Wait, timestep:192, reward:-0.0
==================================================

coord:(18.025429535169483, 17.866775445115884, 45.79869352421691)->(18.025429535169483, 17.866775445115884, 45.79869352421691)
state:field-0, action:Wait, timestep:193, reward:-0.0
==================================================

coord:(18.025429535169483, 17.866775445115884, 45.79869352421691)->(18.025429535169483, 17.866775445115884, 45.79869352421691)
state:field-0, action:Wait, timestep:194, reward:-0.0
==================================================

coord:(18.025429535169483, 17.866775445115884, 45.79869352421691)->(18.025429535169483, 17.866775445115884, 45.79869352421691)
state:field-0, action:Wait, timestep:195, reward:-0.0
==================================================

coord:(18.025429535169483, 17.866775445115884, 45.79869352421691)->(18.025429535169483, 17.866775445115884, 45.79869352421691)
state:field-0, action:Wait, timestep:196, reward:-0.0
==================================================

coord:(18.025429535169483, 17.866775445115884, 45.79869352421691)->(18.025429535169483, 17.866775445115884, 45.79869352421691)
state:field-0, action:Wait, timestep:197, reward:-0.0
==================================================

coord:(18.025429535169483, 17.866775445115884, 45.79869352421691)->(18.025429535169483, 17.866775445115884, 45.79869352421691)
state:field-0, action:Wait, timestep:198, reward:-0.0
==================================================

coord:(18.025429535169483, 17.866775445115884, 45.79869352421691)->(18.025429535169483, 17.866775445115884, 45.79869352421691)
state:field-0, action:Wait, timestep:199, reward:-0.0
==================================================

coord:(18.025429535169483, 17.866775445115884, 45.79869352421691)->(18.025429535169483, 17.866775445115884, 45.79869352421691)
state:field-0, action:Wait, timestep:200, reward:-0.0
==================================================

coord:(18.025429535169483, 17.866775445115884, 45.79869352421691)->(18.025429535169483, 17.866775445115884, 45.79869352421691)
state:field-0, action:Wait, timestep:201, reward:-0.0
==================================================

coord:(18.025429535169483, 17.866775445115884, 45.79869352421691)->(18.025429535169483, 17.866775445115884, 45.79869352421691)
state:field-0, action:Wait, timestep:202, reward:-0.0
==================================================

coord:(18.025429535169483, 17.866775445115884, 45.79869352421691)->(18.025429535169483, 17.866775445115884, 45.79869352421691)
state:field-0, action:Wait, timestep:203, reward:-0.0
==================================================

coord:(18.025429535169483, 17.866775445115884, 45.79869352421691)->(18.025429535169483, 17.866775445115884, 45.79869352421691)
state:field-0, action:Wait, timestep:204, reward:-0.0
==================================================

coord:(18.025429535169483, 17.866775445115884, 45.79869352421691)->(18.025429535169483, 17.866775445115884, 45.79869352421691)
state:field-0, action:Wait, timestep:205, reward:-0.0
==================================================

coord:(18.025429535169483, 17.866775445115884, 45.79869352421691)->(18.025429535169483, 17.866775445115884, 45.79869352421691)
state:field-0, action:Wait, timestep:206, reward:-0.0
==================================================

coord:(18.025429535169483, 17.866775445115884, 45.79869352421691)->(18.025429535169483, 17.866775445115884, 45.79869352421691)
state:field-0, action:Wait, timestep:207, reward:-0.0
==================================================

coord:(18.025429535169483, 17.866775445115884, 45.79869352421691)->(18.025429535169483, 17.866775445115884, 45.79869352421691)
state:field-0, action:Wait, timestep:208, reward:-0.0
==================================================

coord:(18.025429535169483, 17.866775445115884, 45.79869352421691)->(18.025429535169483, 17.866775445115884, 45.79869352421691)
state:field-0, action:Wait, timestep:209, reward:-0.0
==================================================

coord:(18.025429535169483, 17.866775445115884, 45.79869352421691)->(18.025429535169483, 17.866775445115884, 45.79869352421691)
state:field-0, action:Wait, timestep:210, reward:-0.0
==================================================

coord:(18.025429535169483, 17.866775445115884, 45.79869352421691)->(18.025429535169483, 17.866775445115884, 45.79869352421691)
state:field-0, action:Wait, timestep:211, reward:-0.0
==================================================

coord:(18.025429535169483, 17.866775445115884, 45.79869352421691)->(18.025429535169483, 17.866775445115884, 45.79869352421691)
state:field-0, action:Wait, timestep:212, reward:-0.0
==================================================

coord:(18.025429535169483, 17.866775445115884, 45.79869352421691)->(18.025429535169483, 17.866775445115884, 45.79869352421691)
state:field-0, action:Wait, timestep:213, reward:-0.0
==================================================

coord:(18.025429535169483, 17.866775445115884, 45.79869352421691)->(18.025429535169483, 17.866775445115884, 45.79869352421691)
state:field-0, action:Wait, timestep:214, reward:-0.0
==================================================

coord:(18.025429535169483, 17.866775445115884, 45.79869352421691)->(18.025429535169483, 17.866775445115884, 45.79869352421691)
state:field-0, action:Wait, timestep:215, reward:-0.0
==================================================

coord:(18.025429535169483, 17.866775445115884, 45.79869352421691)->(18.025429535169483, 17.866775445115884, 45.79869352421691)
state:field-0, action:Wait, timestep:216, reward:-0.0
==================================================

coord:(18.025429535169483, 17.866775445115884, 45.79869352421691)->(18.025429535169483, 17.866775445115884, 45.79869352421691)
state:field-0, action:Wait, timestep:217, reward:-0.0
==================================================

coord:(18.025429535169483, 17.866775445115884, 45.79869352421691)->(18.025429535169483, 17.866775445115884, 45.79869352421691)
state:field-0, action:Wait, timestep:218, reward:-0.0
==================================================

coord:(18.025429535169483, 17.866775445115884, 45.79869352421691)->(18.025429535169483, 17.866775445115884, 45.79869352421691)
state:field-0, action:Wait, timestep:219, reward:-0.0
==================================================

coord:(18.025429535169483, 17.866775445115884, 45.79869352421691)->(18.025429535169483, 17.866775445115884, 45.79869352421691)
state:field-0, action:Wait, timestep:220, reward:-0.0
==================================================

coord:(18.025429535169483, 17.866775445115884, 45.79869352421691)->(18.025429535169483, 17.866775445115884, 45.79869352421691)
state:field-0, action:Wait, timestep:221, reward:-0.0
==================================================

coord:(18.025429535169483, 17.866775445115884, 45.79869352421691)->(18.025429535169483, 17.866775445115884, 45.79869352421691)
state:field-0, action:Wait, timestep:222, reward:-0.0
==================================================

coord:(18.025429535169483, 17.866775445115884, 45.79869352421691)->(18.025429535169483, 17.866775445115884, 45.79869352421691)
state:field-0, action:Wait, timestep:223, reward:-0.0
==================================================

coord:(18.025429535169483, 17.866775445115884, 45.79869352421691)->(18.025429535169483, 17.866775445115884, 45.79869352421691)
state:field-0, action:Wait, timestep:224, reward:-0.0
==================================================

coord:(18.025429535169483, 17.866775445115884, 45.79869352421691)->(18.025429535169483, 17.866775445115884, 45.79869352421691)
state:field-0, action:Wait, timestep:225, reward:-0.0
==================================================

coord:(18.025429535169483, 17.866775445115884, 45.79869352421691)->(18.025429535169483, 17.866775445115884, 45.79869352421691)
state:field-0, action:Wait, timestep:226, reward:-0.0
==================================================

coord:(18.025429535169483, 17.866775445115884, 45.79869352421691)->(18.025429535169483, 17.866775445115884, 45.79869352421691)
state:field-0, action:Wait, timestep:227, reward:-0.0
==================================================

coord:(18.025429535169483, 17.866775445115884, 45.79869352421691)->(18.025429535169483, 17.866775445115884, 45.79869352421691)
state:field-0, action:Wait, timestep:228, reward:-0.0
==================================================

coord:(18.025429535169483, 17.866775445115884, 45.79869352421691)->(18.025429535169483, 17.866775445115884, 45.79869352421691)
state:field-0, action:Wait, timestep:229, reward:-0.0
==================================================

coord:(18.025429535169483, 17.866775445115884, 45.79869352421691)->(18.025429535169483, 17.866775445115884, 45.79869352421691)
state:field-0, action:Wait, timestep:230, reward:-0.0
==================================================

coord:(18.025429535169483, 17.866775445115884, 45.79869352421691)->(18.025429535169483, 17.866775445115884, 45.79869352421691)
state:field-0, action:Wait, timestep:231, reward:-0.0
==================================================

coord:(18.025429535169483, 17.866775445115884, 45.79869352421691)->(18.025429535169483, 17.866775445115884, 45.79869352421691)
state:field-0, action:Wait, timestep:232, reward:-0.0
==================================================

coord:(18.025429535169483, 17.866775445115884, 45.79869352421691)->(18.025429535169483, 17.866775445115884, 45.79869352421691)
state:field-0, action:Wait, timestep:233, reward:-0.0
==================================================

coord:(18.025429535169483, 17.866775445115884, 45.79869352421691)->(18.025429535169483, 17.866775445115884, 45.79869352421691)
state:field-0, action:Wait, timestep:234, reward:-0.0
==================================================

coord:(18.025429535169483, 17.866775445115884, 45.79869352421691)->(18.025429535169483, 17.866775445115884, 45.79869352421691)
state:field-0, action:Wait, timestep:235, reward:-0.0
==================================================

coord:(18.025429535169483, 17.866775445115884, 45.79869352421691)->(18.025429535169483, 17.866775445115884, 45.79869352421691)
state:field-0, action:Wait, timestep:236, reward:-0.0
==================================================

coord:(18.025429535169483, 17.866775445115884, 45.79869352421691)->(18.025429535169483, 17.866775445115884, 45.79869352421691)
state:field-0, action:Wait, timestep:237, reward:-0.0
==================================================

coord:(18.025429535169483, 17.866775445115884, 45.79869352421691)->(18.025429535169483, 17.866775445115884, 45.79869352421691)
state:field-0, action:Wait, timestep:238, reward:-0.0
==================================================

coord:(18.025429535169483, 17.866775445115884, 45.79869352421691)->(18.025429535169483, 17.866775445115884, 45.79869352421691)
state:field-0, action:Wait, timestep:239, reward:-0.0
==================================================

coord:(18.025429535169483, 17.866775445115884, 45.79869352421691)->(18.025429535169483, 17.866775445115884, 45.79869352421691)
state:field-0, action:Wait, timestep:240, reward:-0.0
==================================================

coord:(18.025429535169483, 17.866775445115884, 45.79869352421691)->(18.025429535169483, 17.866775445115884, 45.79869352421691)
state:field-0, action:Wait, timestep:241, reward:-0.0
==================================================

coord:(18.025429535169483, 17.866775445115884, 45.79869352421691)->(18.025429535169483, 17.866775445115884, 45.79869352421691)
state:field-0, action:Wait, timestep:242, reward:-0.0
==================================================

coord:(18.025429535169483, 17.866775445115884, 45.79869352421691)->(18.025429535169483, 17.866775445115884, 45.79869352421691)
state:field-0, action:Wait, timestep:243, reward:-0.0
==================================================

coord:(18.025429535169483, 17.866775445115884, 45.79869352421691)->(18.025429535169483, 17.866775445115884, 45.79869352421691)
state:field-0, action:Wait, timestep:244, reward:-0.0
==================================================

coord:(18.025429535169483, 17.866775445115884, 45.79869352421691)->(18.025429535169483, 17.866775445115884, 45.79869352421691)
state:field-0, action:Wait, timestep:245, reward:-0.0
==================================================

coord:(18.025429535169483, 17.866775445115884, 45.79869352421691)->(18.025429535169483, 17.866775445115884, 45.79869352421691)
state:field-0, action:Wait, timestep:246, reward:-0.0
==================================================

coord:(18.025429535169483, 17.866775445115884, 45.79869352421691)->(18.025429535169483, 17.866775445115884, 45.79869352421691)
state:field-0, action:Wait, timestep:247, reward:-0.0
==================================================

coord:(18.025429535169483, 17.866775445115884, 45.79869352421691)->(18.025429535169483, 17.866775445115884, 45.79869352421691)
state:field-0, action:Wait, timestep:248, reward:-0.0
==================================================

coord:(18.025429535169483, 17.866775445115884, 45.79869352421691)->(18.025429535169483, 17.866775445115884, 45.79869352421691)
state:field-0, action:Wait, timestep:249, reward:-0.0
==================================================

coord:(18.025429535169483, 17.866775445115884, 45.79869352421691)->(18.025429535169483, 17.866775445115884, 45.79869352421691)
state:field-0, action:Wait, timestep:250, reward:-0.0
==================================================

coord:(18.025429535169483, 17.866775445115884, 45.79869352421691)->(18.025429535169483, 17.866775445115884, 45.79869352421691)
state:field-0, action:Wait, timestep:251, reward:-0.0
==================================================

coord:(18.025429535169483, 17.866775445115884, 45.79869352421691)->(18.025429535169483, 17.866775445115884, 45.79869352421691)
state:field-0, action:Wait, timestep:252, reward:-0.0
==================================================

coord:(18.025429535169483, 17.866775445115884, 45.79869352421691)->(18.025429535169483, 17.866775445115884, 45.79869352421691)
state:field-0, action:Wait, timestep:253, reward:-0.0
==================================================

coord:(18.025429535169483, 17.866775445115884, 45.79869352421691)->(18.025429535169483, 17.866775445115884, 45.79869352421691)
state:field-0, action:Wait, timestep:254, reward:-0.0
==================================================

coord:(18.025429535169483, 17.866775445115884, 45.79869352421691)->(18.025429535169483, 17.866775445115884, 45.79869352421691)
state:field-0, action:Wait, timestep:255, reward:-0.0
==================================================

coord:(18.025429535169483, 17.866775445115884, 45.79869352421691)->(18.025429535169483, 17.866775445115884, 45.79869352421691)
state:field-0, action:Wait, timestep:256, reward:-0.0
==================================================

coord:(18.025429535169483, 17.866775445115884, 45.79869352421691)->(18.025429535169483, 17.866775445115884, 45.79869352421691)
state:timeout-0, action:A, timestep:257, reward:-999999
==================================================

