coord:(36.0, 0.0, 36.0)->(36.0, 0.0, 36.0)
state:field-4, action:Wait, timestep:1, reward:-0.0
==================================================

coord:(36.0, 0.0, 36.0)->(33.671261792564664, 0.0, 38.328738207435336)
state:field-4, action:SDj, timestep:2, reward:0.2104059589980274
==================================================

coord:(33.671261792564664, 0.0, 38.328738207435336)->(33.671261792564664, 0.0, 32.32873820743525)
state:field-4, action:As, timestep:3, reward:3.752288838350349
==================================================

coord:(33.671261792564664, 0.0, 32.32873820743525)->(30.971261792564626, 1.6811007774814608, 32.32873820743525)
state:field-4, action:Ss, timestep:4, reward:2.1796953685341496
==================================================

coord:(30.971261792564626, 1.6811007774814608, 32.32873820743525)->(30.971261792564622, 4.281100682114025, 33.02873820743521)
state:wall-9, action:Wj, timestep:5, reward:-0.9685904748001306
==================================================

coord:(30.971261792564622, 4.281100682114025, 33.02873820743521)->(30.971261792564622, 4.281100682114025, 33.02873820743521)
state:field-3, action:Wait, timestep:6, reward:-0.0
==================================================

coord:(30.971261792564622, 4.281100682114025, 33.02873820743521)->(29.990740442065476, 3.8994489555632943, 34.0092595579343)
state:field-3, action:SD, timestep:7, reward:0.18128516051889676
==================================================

coord:(29.990740442065476, 3.8994489555632943, 34.0092595579343)->(31.03254437697082, 3.3473823293959963, 32.96745562302902)
state:field-3, action:WA, timestep:8, reward:0.061241292024162064
==================================================

coord:(31.03254437697082, 3.3473823293959963, 32.96745562302902)->(31.032544376970822, 4.647382281712276, 33.017455623029015)
state:wall-8, action:W, timestep:9, reward:-0.39614776361012893
==================================================

coord:(31.032544376970822, 4.647382281712276, 33.017455623029015)->(31.032544376970822, 3.347382329395996, 33.017455623029015)
state:wall-8, action:S, timestep:10, reward:0.365876201320944
==================================================

coord:(31.032544376970822, 3.347382329395996, 33.017455623029015)->(29.971884253145763, 4.017049002738383, 34.078115746854074)
state:field-3, action:SDsj, timestep:11, reward:-0.09815209568661132
==================================================

coord:(29.971884253145763, 4.017049002738383, 34.078115746854074)->(29.971884253145763, 2.71704905042209, 33.97811574685408)
state:wall-8, action:S, timestep:12, reward:0.3798877060347916
==================================================

coord:(29.971884253145763, 2.71704905042209, 33.97811574685408)->(32.07188425314579, 2.1998268281998676, 33.97811574685408)
state:field-3, action:Ws, timestep:13, reward:-1.455901008981563
==================================================

coord:(32.07188425314579, 2.1998268281998676, 33.97811574685408)->(32.07188425314579, 4.799826732832435, 34.02811574685408)
state:wall-8, action:Wj, timestep:14, reward:-0.6098142710904106
==================================================

coord:(32.07188425314579, 4.799826732832435, 34.02811574685408)->(32.07188425314579, 6.0998266851487015, 35.02811574685402)
state:wall-7, action:W, timestep:15, reward:-1.0510682372854205
==================================================

coord:(32.07188425314579, 6.0998266851487015, 35.02811574685402)->(32.07188425314579, 7.399826637464968, 36.02811574685396)
state:wall-7, action:W, timestep:16, reward:-1.1435097846119326
==================================================

coord:(32.07188425314579, 7.399826637464968, 36.02811574685396)->(32.07188425314579, 6.0998266851487015, 36.02811574685396)
state:wall-7, action:S, timestep:17, reward:0.5004910598752055
==================================================

coord:(32.07188425314579, 6.0998266851487015, 36.02811574685396)->(32.07188425314579, 7.399826637464968, 37.028115746853906)
state:wall-7, action:W, timestep:18, reward:-1.1583428483447413
==================================================

coord:(32.07188425314579, 7.399826637464968, 37.028115746853906)->(32.07188425314579, 9.999826542097512, 38.02811574685385)
state:wall-7, action:Wj, timestep:19, reward:-1.8408887768420463
==================================================

coord:(32.07188425314579, 9.999826542097512, 38.02811574685385)->(32.07188425314579, 8.699826589781193, 38.02811574685385)
state:wall-7, action:S, timestep:20, reward:0.6117592355108101
==================================================

coord:(32.07188425314579, 8.699826589781193, 38.02811574685385)->(32.07188425314579, 9.999826542097512, 39.02811574685379)
state:wall-7, action:W, timestep:21, reward:-1.2871058133052742
==================================================

coord:(32.07188425314579, 9.999826542097512, 39.02811574685379)->(32.07188425314579, 12.599826446730045, 40.028115746853736)
state:wall-7, action:Wj, timestep:22, reward:-2.0259754275251503
==================================================

coord:(32.07188425314579, 12.599826446730045, 40.028115746853736)->(32.07188425314579, 15.199826351362578, 41.02811574685368)
state:wall-6, action:Wj, timestep:23, reward:-2.1752031334817694
==================================================

coord:(32.07188425314579, 15.199826351362578, 41.02811574685368)->(32.07188425314579, 16.499826303678855, 42.02811574685362)
state:wall-5, action:W, timestep:24, reward:-1.4561760551628993
==================================================

coord:(32.07188425314579, 16.499826303678855, 42.02811574685362)->(32.07188425314579, 15.199826351362576, 42.02811574685362)
state:wall-5, action:S, timestep:25, reward:0.79245179946723
==================================================

coord:(32.07188425314579, 15.199826351362576, 42.02811574685362)->(32.07188425314579, 13.899826399046256, 42.02811574685362)
state:wall-5, action:S, timestep:26, reward:0.7490388330819684
==================================================

coord:(32.07188425314579, 13.899826399046256, 42.02811574685362)->(32.07188425314579, 16.49982630367881, 43.028115746853565)
state:wall-5, action:Wj, timestep:27, reward:-2.2064700284946532
==================================================

coord:(32.07188425314579, 16.49982630367881, 43.028115746853565)->(32.07188425314579, 16.716492962398195, 43.028115746853565)
state:wall-5, action:Wj, timestep:28, reward:-0.13265033510522528
==================================================

coord:(32.07188425314579, 16.716492962398195, 43.028115746853565)->(32.07188425314579, 8.573510226430551, 43.028115746853565)
state:air-10, action:Wait, timestep:29, reward:4.080308528009276
==================================================

coord:(32.07188425314579, 8.573510226430551, 43.028115746853565)->(32.07188425314579, 0.43052749046289807, 43.028115746853565)
state:air-10, action:Wait, timestep:30, reward:1.5861813174907589
==================================================

coord:(32.07188425314579, 0.43052749046289807, 43.028115746853565)->(32.07188425314579, 0.0, 43.028115746853565)
state:air-10, action:Wait, timestep:31, reward:-0.00022315106857462297
==================================================

coord:(32.07188425314579, 0.0, 43.028115746853565)->(35.74883931751737, 0.0, 39.35116068248198)
state:field-0, action:WA, timestep:32, reward:0.5777866591942775
==================================================

coord:(35.74883931751737, 0.0, 39.35116068248198)->(32.07188425314579, 0.0, 43.028115746853565)
state:field-0, action:SD, timestep:33, reward:-0.5777866591942775
==================================================

coord:(32.07188425314579, 0.0, 43.028115746853565)->(32.07188425314579, 0.0, 43.028115746853565)
state:field-0, action:Wait, timestep:34, reward:-0.0
==================================================

coord:(32.07188425314579, 0.0, 43.028115746853565)->(35.74883931751737, 0.0, 39.35116068248198)
state:field-0, action:WA, timestep:35, reward:0.5777866591942775
==================================================

coord:(35.74883931751737, 0.0, 39.35116068248198)->(35.74883931751737, 0.0, 34.1511608732167)
state:field-0, action:A, timestep:36, reward:3.2213090052296423
==================================================

coord:(35.74883931751737, 0.0, 34.1511608732167)->(32.07188425314579, 0.0, 30.47420580884503)
state:field-0, action:SA, timestep:37, reward:5.005334446881987
==================================================

coord:(32.07188425314579, 0.0, 30.47420580884503)->(32.07188425314579, 0.0, 25.274205999579966)
state:field-0, action:A, timestep:38, reward:1.27573917468216
==================================================

coord:(32.07188425314579, 0.0, 25.274205999579966)->(31.336493240271434, 0.2640540721583658, 24.538814986705606)
state:field-0, action:SA, timestep:39, reward:0.7307438930618435
==================================================

coord:(31.336493240271434, 0.2640540721583658, 24.538814986705606)->(31.336493240271434, 0.2640540721583658, 24.538814986705606)
state:field-0, action:Wait, timestep:40, reward:-0.0
==================================================

coord:(31.336493240271434, 0.2640540721583658, 24.538814986705606)->(30.29468930536609, 0.2585577930624196, 23.497011051800264)
state:field-0, action:SA, timestep:41, reward:0.931365297967341
==================================================

coord:(30.29468930536609, 0.2585577930624196, 23.497011051800264)->(29.25288537046075, 0.2427459094948452, 22.455207116894922)
state:field-0, action:SA, timestep:42, reward:0.7791408127234583
==================================================

coord:(29.25288537046075, 0.2427459094948452, 22.455207116894922)->(29.25288537046075, 1.115466731984417, 27.655206926159988)
state:field-0, action:D, timestep:43, reward:-0.07864654893854706
==================================================

coord:(29.25288537046075, 1.115466731984417, 27.655206926159988)->(29.25288537046075, 1.115466731984417, 27.655206926159988)
state:field-0, action:Wait, timestep:44, reward:-0.0
==================================================

coord:(29.25288537046075, 1.115466731984417, 27.655206926159988)->(30.84623256502186, 0.6455657086091643, 26.061859731598876)
state:field-0, action:WA, timestep:45, reward:-1.197212670326481
==================================================

coord:(30.84623256502186, 0.6455657086091643, 26.061859731598876)->(30.84623256502186, 0.48597591955223135, 25.195193096721365)
state:field-0, action:A, timestep:46, reward:0.060606803578872714
==================================================

coord:(30.84623256502186, 0.48597591955223135, 25.195193096721365)->(31.520340993490024, 0.35822328306333356, 25.869301525189528)
state:field-0, action:WD, timestep:47, reward:-0.705428556421376
==================================================

coord:(31.520340993490024, 0.35822328306333356, 25.869301525189528)->(30.1108415521475, 0.35822328306333356, 24.459802083847006)
state:field-0, action:SA, timestep:48, reward:1.4292239604567971
==================================================

coord:(30.1108415521475, 0.35822328306333356, 24.459802083847006)->(30.1108415521475, 0.35822328306333356, 24.459802083847006)
state:field-0, action:Wait, timestep:49, reward:-0.0
==================================================

coord:(30.1108415521475, 0.35822328306333356, 24.459802083847006)->(26.433886487775705, 1.6823815007417966, 28.136757148218802)
state:field-0, action:SD, timestep:50, reward:2.686776094349973
==================================================

coord:(26.433886487775705, 1.6823815007417966, 28.136757148218802)->(26.433886487775705, 0.31660319196795017, 28.136757148218802)
state:air-10, action:Wait, timestep:51, reward:0.1661072992523298
==================================================

coord:(26.433886487775705, 0.31660319196795017, 28.136757148218802)->(26.433886487775705, 0.20510558639561105, 27.27009051334129)
state:field-0, action:A, timestep:52, reward:0.38586572790630846
==================================================

coord:(26.433886487775705, 0.20510558639561105, 27.27009051334129)->(22.75693142340391, 1.699569897106554, 30.947045577713087)
state:field-0, action:SD, timestep:53, reward:-0.48471826562288634
==================================================

coord:(22.75693142340391, 1.699569897106554, 30.947045577713087)->(22.75693142340391, 1.699569897106554, 30.947045577713087)
state:field-0, action:Wait, timestep:54, reward:-0.0
==================================================

coord:(22.75693142340391, 1.699569897106554, 30.947045577713087)->(23.860017942715448, 2.7746249554252813, 32.05013209702462)
state:field-0, action:WD, timestep:55, reward:-1.6498482821285858
==================================================

coord:(23.860017942715448, 2.7746249554252813, 32.05013209702462)->(22.9407791766225, 2.41204631669477, 31.130893330931674)
state:field-0, action:SA, timestep:56, reward:1.2315399846357566
==================================================

coord:(22.9407791766225, 2.41204631669477, 31.130893330931674)->(21.83769265731096, 1.9826202600292047, 30.027806811620135)
state:field-0, action:SA, timestep:57, reward:1.40083327198378
==================================================

coord:(21.83769265731096, 1.9826202600292047, 30.027806811620135)->(22.75693142340391, 1.699569897106554, 30.947045577713084)
state:field-0, action:WD, timestep:58, reward:-0.9825249744909472
==================================================

coord:(22.75693142340391, 1.699569897106554, 30.947045577713084)->(17.556931614138843, 2.7746249554252813, 30.947045577713084)
state:field-0, action:S, timestep:59, reward:-0.9553807109567272
==================================================

coord:(17.556931614138843, 2.7746249554252813, 30.947045577713084)->(14.921780484672421, 1.2144350193169546, 28.31189444824663)
state:field-0, action:SA, timestep:60, reward:0.3370118099987387
==================================================

coord:(14.921780484672421, 1.2144350193169546, 28.31189444824663)->(13.450998458923745, 1.699569897106554, 29.78267647399535)
state:field-0, action:SD, timestep:61, reward:-2.0650254755889295
==================================================

coord:(13.450998458923745, 1.699569897106554, 29.78267647399535)->(15.595888913140564, 0.8205065942254142, 27.637786019778467)
state:field-0, action:WA, timestep:62, reward:3.014354741231064
==================================================

coord:(15.595888913140564, 0.8205065942254142, 27.637786019778467)->(17.329222182895595, 0.8205065942254142, 27.637786019778467)
state:field-0, action:W, timestep:63, reward:1.4836728048980694
==================================================

coord:(17.329222182895595, 0.8205065942254142, 27.637786019778467)->(18.45588880823636, 0.7867495119935003, 27.637786019778467)
state:field-0, action:W, timestep:64, reward:0.8517616494684632
==================================================

coord:(18.45588880823636, 0.7867495119935003, 27.637786019778467)->(16.98510678248764, 0.5241582326754739, 26.16700399402975)
state:field-0, action:SA, timestep:65, reward:-0.4842907336024491
==================================================

coord:(16.98510678248764, 0.5241582326754739, 26.16700399402975)->(17.331773436438645, 0.5168690731090899, 26.16700399402975)
state:field-0, action:W, timestep:66, reward:0.3313176533856841
==================================================

coord:(17.331773436438645, 0.5168690731090899, 26.16700399402975)->(16.53509983915809, 0.3210680967292261, 25.370330396749193)
state:field-0, action:SA, timestep:67, reward:-0.6208916254011938
==================================================

coord:(16.53509983915809, 0.3210680967292261, 25.370330396749193)->(15.554578488658958, 0.18857594910898717, 24.389809046250047)
state:field-0, action:SA, timestep:68, reward:-0.9983963721519533
==================================================

coord:(15.554578488658958, 0.18857594910898717, 24.389809046250047)->(14.68791185378143, 0.18081760339204292, 24.389809046250047)
state:field-0, action:S, timestep:69, reward:-0.8620438618552386
==================================================

coord:(14.68791185378143, 0.18081760339204292, 24.389809046250047)->(13.734578555416148, 0.16858983520280707, 24.389809046250047)
state:field-0, action:S, timestep:70, reward:-0.9495520831506479
==================================================

coord:(13.734578555416148, 0.16858983520280707, 24.389809046250047)->(12.60791193007536, 0.15284749818455462, 24.389809046250047)
state:field-0, action:S, timestep:71, reward:-1.1233344963299894
==================================================

coord:(12.60791193007536, 0.15284749818455462, 24.389809046250047)->(12.60791193007536, 0.15284749818455462, 24.389809046250047)
state:field-0, action:Wait, timestep:72, reward:-0.0
==================================================

coord:(12.60791193007536, 0.15284749818455462, 24.389809046250047)->(12.60791193007536, 0.15284749818455462, 24.389809046250047)
state:field-0, action:Wait, timestep:73, reward:-0.0
==================================================

coord:(12.60791193007536, 0.15284749818455462, 24.389809046250047)->(16.284866994447057, 1.284404268022269, 28.066764110621843)
state:field-0, action:WD, timestep:74, reward:2.6911670876244678
==================================================

coord:(16.284866994447057, 1.284404268022269, 28.066764110621843)->(17.3266709293524, 0.8205065942254142, 27.0249601757165)
state:field-0, action:WA, timestep:75, reward:1.487008322514864
==================================================

coord:(17.3266709293524, 0.8205065942254142, 27.0249601757165)->(18.307192279851545, 1.2144350193169546, 28.005481526215647)
state:field-0, action:WD, timestep:76, reward:0.08178935330918602
==================================================

coord:(18.307192279851545, 1.2144350193169546, 28.005481526215647)->(19.28771363035069, 0.7335456730133275, 27.0249601757165)
state:field-0, action:WA, timestep:77, reward:1.4546425635674631
==================================================

coord:(19.28771363035069, 0.7335456730133275, 27.0249601757165)->(18.55232261747633, 0.4956041717336799, 26.28956916284214)
state:field-0, action:SA, timestep:78, reward:-0.07973476683925895
==================================================

coord:(18.55232261747633, 0.4956041717336799, 26.28956916284214)->(19.28771363035069, 0.7335456730133275, 27.0249601757165)
state:field-0, action:WD, timestep:79, reward:0.07973476683925895
==================================================

coord:(19.28771363035069, 0.7335456730133275, 27.0249601757165)->(19.28771363035069, 0.7335456730133275, 27.0249601757165)
state:field-0, action:Wait, timestep:80, reward:-0.0
==================================================

coord:(19.28771363035069, 0.7335456730133275, 27.0249601757165)->(20.268234980849837, 1.0265778935684997, 28.005481526215647)
state:field-0, action:WD, timestep:81, reward:-0.4951905862023458
==================================================

coord:(20.268234980849837, 1.0265778935684997, 28.005481526215647)->(21.741568260141605, 0.9050136452757284, 28.005481526215647)
state:field-0, action:W, timestep:82, reward:0.025983348083972846
==================================================

coord:(21.741568260141605, 0.9050136452757284, 28.005481526215647)->(21.741568260141605, 0.9050136452757284, 28.005481526215647)
state:field-0, action:Wait, timestep:83, reward:-0.0
==================================================

coord:(21.741568260141605, 0.9050136452757284, 28.005481526215647)->(21.741568260141605, 0.3693310312533853, 26.532148246923878)
state:field-0, action:A, timestep:84, reward:1.460982101738646
==================================================

coord:(21.741568260141605, 0.3693310312533853, 26.532148246923878)->(21.741568260141605, 0.22623017988727137, 25.14548163111986)
state:field-0, action:A, timestep:85, reward:0.9524762946617169
==================================================

