coord:(25.0, 20.0, 4.0)->(25.0, 20.0, 4.0)
state:field-4, action:Wait, timestep:1, reward:-0.0
==================================================

coord:(25.0, 20.0, 4.0)->(20.757359504699764, 15.342277777777783, 8.242640495300293)
state:field-4.0, action:SDs, timestep:2, reward:3.3809538125704606
==================================================

coord:(20.757359504699764, 15.342277777777783, 8.242640495300293)->(20.757359504699764, 16.64227773009405, 9.042640495300304)
state:wall-14.0, action:W, timestep:3, reward:0.10447163649580915
==================================================

coord:(20.757359504699764, 16.64227773009405, 9.042640495300304)->(20.757359504699764, 8.499294994126407, 9.042640495300304)
state:air-9.0, action:Wait, timestep:4, reward:2.573157674918619
==================================================

coord:(20.757359504699764, 8.499294994126407, 9.042640495300304)->(20.757359504699764, 11.09929489875894, 10.042640495300319)
state:wall-14.0, action:Wj, timestep:5, reward:0.12956479226247097
==================================================

coord:(20.757359504699764, 11.09929489875894, 10.042640495300319)->(20.757359504699764, 2.956312162791291, 10.042640495300319)
state:air-8.0, action:Wait, timestep:6, reward:1.521827915834379
==================================================

coord:(20.757359504699764, 2.956312162791291, 10.042640495300319)->(20.757359504699764, 4.256312115107579, 11.042640495300333)
state:wall-13.0, action:W, timestep:7, reward:0.6785311151058053
==================================================

coord:(20.757359504699764, 4.256312115107579, 11.042640495300333)->(20.757359504699764, 1.6741581492352313, 11.042640495300333)
state:air-8.0, action:Wait, timestep:8, reward:0.21233943075491624
==================================================

coord:(20.757359504699764, 1.6741581492352313, 11.042640495300333)->(23.057359504699797, 3.0338362951707407, 11.042640495300333)
state:field-3.0, action:Ws, timestep:9, reward:1.2169625271105318
==================================================

coord:(23.057359504699797, 3.0338362951707407, 11.042640495300333)->(23.057359504699797, 3.935072557656734, 11.042640495300333)
state:air-8.0, action:Wait, timestep:10, reward:-0.09028752695310516
==================================================

coord:(23.057359504699797, 3.935072557656734, 11.042640495300333)->(27.08786797523502, 3.2276580973492344, 7.01213202476502)
state:field-3.0, action:WAsj, timestep:11, reward:-1.5196013989416812
==================================================

coord:(27.08786797523502, 3.2276580973492344, 7.01213202476502)->(26.04606404032968, 3.6532406959880954, 8.053935959670346)
state:field-3.0, action:SD, timestep:12, reward:0.4507684582499394
==================================================

coord:(26.04606404032968, 3.6532406959880954, 8.053935959670346)->(28.025962938136455, 2.713816359490867, 6.074037061863544)
state:field-3.0, action:WAs, timestep:13, reward:-0.8967901741790882
==================================================

coord:(28.025962938136455, 2.713816359490867, 6.074037061863544)->(27.036013489233067, 3.2276580973492344, 7.063986510766945)
state:field-2.0, action:SDs, timestep:14, reward:0.47174456641984364
==================================================

coord:(27.036013489233067, 3.2276580973492344, 7.063986510766945)->(32.062679971522634, 4.797532937810311, 7.063986510766945)
state:field-2.0, action:W, timestep:15, reward:1.5842923158035376
==================================================

coord:(32.062679971522634, 4.797532937810311, 7.063986510766945)->(32.062679971522634, 4.979149817443558, 7.063986510766945)
state:air-7.0, action:Wait, timestep:16, reward:-0.025550749768719072
==================================================

coord:(32.062679971522634, 4.979149817443558, 7.063986510766945)->(30.931309172775904, 4.693316484110224, 5.932615712020201)
state:field-2.0, action:SAs, timestep:17, reward:-1.3656359930750597
==================================================

coord:(30.931309172775904, 4.693316484110224, 5.932615712020201)->(30.931309172775904, 2.3681576868128444, 5.932615712020201)
state:air-7.0, action:Wait, timestep:18, reward:0.22796148839093178
==================================================

coord:(30.931309172775904, 2.3681576868128444, 5.932615712020201)->(31.017975836263656, 2.5194514766035314, 5.932615712020201)
state:field-2.0, action:Wj, timestep:19, reward:0.016320839972273404
==================================================

coord:(31.017975836263656, 2.5194514766035314, 5.932615712020201)->(30.151309201386145, 2.3681576868128444, 5.932615712020201)
state:field-2.0, action:S, timestep:20, reward:-0.2644356241486463
==================================================

coord:(30.151309201386145, 2.3681576868128444, 5.932615712020201)->(30.151309201386145, 2.3681576868128444, 5.932615712020201)
state:field-2.0, action:Wait, timestep:21, reward:-8.096955212977264e-07
==================================================

coord:(30.151309201386145, 2.3681576868128444, 5.932615712020201)->(30.151309201386145, 2.3681576868128444, 5.932615712020201)
state:field-2.0, action:j, timestep:22, reward:-8.096955212977264e-07
==================================================

coord:(30.151309201386145, 2.3681576868128444, 5.932615712020201)->(34.651309201386205, 2.614828605119289, 5.932615712020201)
state:field-2.0, action:Ws, timestep:23, reward:1.1978087801945136
==================================================

coord:(34.651309201386205, 2.614828605119289, 5.932615712020201)->(34.580598526464534, 3.6532406959880954, 6.003326386941873)
state:field-2.0, action:SDsj, timestep:24, reward:-0.03918013988752733
==================================================

coord:(34.580598526464534, 3.6532406959880954, 6.003326386941873)->(35.64125865028959, 4.797532937810311, 7.063986510766945)
state:field-2.0, action:WDs, timestep:25, reward:1.1025498775732245
==================================================

coord:(35.64125865028959, 4.797532937810311, 7.063986510766945)->(36.74434516960107, 5.584227945186978, 5.960899991455422)
state:field-2.0, action:WAj, timestep:26, reward:-1.00664785645575
==================================================

coord:(36.74434516960107, 5.584227945186978, 5.960899991455422)->(36.74434516960107, 2.3681576868128444, 5.960899991455422)
state:air-7.0, action:Wait, timestep:27, reward:0.3684384426048197
==================================================

coord:(36.74434516960107, 2.3681576868128444, 5.960899991455422)->(38.9443451696011, 1.9424300877930798, 5.960899991455422)
state:field-2.0, action:Ws, timestep:28, reward:0.2926336738242057
==================================================

coord:(38.9443451696011, 1.9424300877930798, 5.960899991455422)->(39.01505584452277, 2.3681576868128444, 6.031610666377094)
state:field-1.0, action:WDsj, timestep:29, reward:0.049711583648225144
==================================================

coord:(39.01505584452277, 2.3681576868128444, 6.031610666377094)->(40.97609854552095, 2.747638116270579, 7.992653367375357)
state:field-1.0, action:WD, timestep:30, reward:2.0400421794846295
==================================================

coord:(40.97609854552095, 2.747638116270579, 7.992653367375357)->(40.97609854552095, 2.230415894048357, 4.992653367375367)
state:field-2.0, action:As, timestep:31, reward:-2.95189134201231
==================================================

coord:(40.97609854552095, 2.230415894048357, 4.992653367375367)->(40.97609854552095, 1.0075215722102642, 4.992653367375367)
state:air-6.0, action:Wait, timestep:32, reward:0.056463098663279254
==================================================

coord:(40.97609854552095, 1.0075215722102642, 4.992653367375367)->(40.914815961114755, 1.4429376512774177, 5.053935951781563)
state:field-1.0, action:SDj, timestep:33, reward:0.04413612499175201
==================================================

coord:(40.914815961114755, 1.4429376512774177, 5.053935951781563)->(39.99557719502186, 1.1835383784864664, 4.134697185688627)
state:field-1.0, action:SA, timestep:34, reward:-0.9480906830727989
==================================================

coord:(39.99557719502186, 1.1835383784864664, 4.134697185688627)->(41.795577195021885, 0.8366969954363354, 4.134697185688627)
state:field-1.0, action:Ws, timestep:35, reward:0.06511806660076047
==================================================

coord:(41.795577195021885, 0.8366969954363354, 4.134697185688627)->(42.83738112992717, 0.4617134733275187, 3.0928932507833067)
state:field-1.0, action:WA, timestep:36, reward:-1.0438476621612196
==================================================

coord:(42.83738112992717, 0.4617134733275187, 3.0928932507833067)->(39.867532783217, 1.6950228512760246, 6.06274159749351)
state:field-1.0, action:SDs, timestep:37, reward:2.873080918663476
==================================================

coord:(39.867532783217, 1.6950228512760246, 6.06274159749351)->(39.867532783217, 2.3681576868128444, 6.06274159749351)
state:air-6.0, action:Wait, timestep:38, reward:-0.040143388914522404
==================================================

coord:(39.867532783217, 2.3681576868128444, 6.06274159749351)->(38.82572884831172, 1.9424300877930798, 5.0209376625881825)
state:field-1.0, action:SA, timestep:39, reward:-1.0899153819664704
==================================================

coord:(38.82572884831172, 1.9424300877930798, 5.0209376625881825)->(42.89906203223619, 0.9707717392434059, 5.0209376625881825)
state:field-1.0, action:Wj, timestep:40, reward:0.17238938582462993
==================================================

coord:(42.89906203223619, 0.9707717392434059, 5.0209376625881825)->(48.79906203223627, 0.16312861176298013, 5.0209376625881825)
state:field-1.0, action:Wsj, timestep:41, reward:-0.6300161204167338
==================================================

coord:(48.79906203223627, 0.16312861176298013, 5.0209376625881825)->(44.799062032236215, 0.5914990801290658, 5.0209376625881825)
state:field-0.0, action:Ssj, timestep:42, reward:0.5382337782976307
==================================================

coord:(44.799062032236215, 0.5914990801290658, 5.0209376625881825)->(44.799062032236215, 0.41301027985857514, 4.067604364222911)
state:field-0.0, action:A, timestep:43, reward:-0.9477582414095451
==================================================

coord:(44.799062032236215, 0.41301027985857514, 4.067604364222911)->(48.334595778319745, 0.3106290775193691, 7.603138110306485)
state:field-0.0, action:WDsj, timestep:44, reward:3.0317973290217424
==================================================

coord:(48.334595778319745, 0.3106290775193691, 7.603138110306485)->(47.23150925900827, 0.32640620947132826, 6.500051590994962)
state:field-0.0, action:SA, timestep:45, reward:-0.8957256953978074
==================================================

coord:(47.23150925900827, 0.32640620947132826, 6.500051590994962)->(48.57972611594452, 0.3106290775193691, 7.848268447931268)
state:field-0.0, action:WD, timestep:46, reward:1.0879929479834374
==================================================

coord:(48.57972611594452, 0.3106290775193691, 7.848268447931268)->(49.70639274128533, 0.21158785809865718, 7.848268447931268)
state:field-0.0, action:W, timestep:47, reward:-0.24352422350521863
==================================================

coord:(49.70639274128533, 0.21158785809865718, 7.848268447931268)->(44.50639293202005, 1.126331007346584, 7.848268447931268)
state:field-0.0, action:S, timestep:48, reward:0.7941363270058872
==================================================

coord:(44.50639293202005, 1.126331007346584, 7.848268447931268)->(46.16102271098726, 0.4560300608343208, 6.193638668963984)
state:field-0.0, action:WA, timestep:49, reward:-1.7955890848869132
==================================================

coord:(46.16102271098726, 0.4560300608343208, 6.193638668963984)->(47.8076893172546, 0.32640620947132826, 6.193638668963984)
state:field-0.0, action:W, timestep:50, reward:-0.23861712279195757
==================================================

coord:(47.8076893172546, 0.32640620947132826, 6.193638668963984)->(48.543080330128916, 0.2279109544716696, 6.929029681838332)
state:field-0.0, action:WD, timestep:51, reward:0.5903458053290294
==================================================

coord:(48.543080330128916, 0.2279109544716696, 6.929029681838332)->(48.543080330128916, 0.2279109544716696, 6.929029681838332)
state:field-0.0, action:Wait, timestep:52, reward:-1.4847100331394358e-06
==================================================

coord:(48.543080330128916, 0.2279109544716696, 6.929029681838332)->(49.523601680628005, 0.21158785809865718, 7.909551032337464)
state:field-0.0, action:WD, timestep:53, reward:0.7515147129358581
==================================================

coord:(49.523601680628005, 0.21158785809865718, 7.909551032337464)->(50.01386235587755, 0.28132575734978926, 8.399811707587023)
state:field-0.0, action:WD, timestep:54, reward:0.3595510308367267
==================================================

