coord:(25.0, 20.0, 4.0)->(25.0, 20.0, 4.0)
state:field-4, action:Wait, timestep:1, reward:-0.0
==================================================

coord:(25.0, 20.0, 4.0)->(20.757359504699764, 15.342277777777783, 8.242640495300293)
state:field-4.0, action:SDs, timestep:2, reward:3.3809538125704606
==================================================

coord:(20.757359504699764, 15.342277777777783, 8.242640495300293)->(20.757359504699764, 16.64227773009405, 9.042640495300304)
state:wall-14.0, action:W, timestep:3, reward:0.10447163649580915
==================================================

coord:(20.757359504699764, 16.64227773009405, 9.042640495300304)->(20.757359504699764, 8.499294994126407, 9.042640495300304)
state:air-9.0, action:Wait, timestep:4, reward:2.573157674918619
==================================================

coord:(20.757359504699764, 8.499294994126407, 9.042640495300304)->(20.757359504699764, 11.09929489875894, 10.042640495300319)
state:wall-14.0, action:Wj, timestep:5, reward:0.12956479226247097
==================================================

coord:(20.757359504699764, 11.09929489875894, 10.042640495300319)->(20.757359504699764, 2.956312162791291, 10.042640495300319)
state:air-8.0, action:Wait, timestep:6, reward:1.521827915834379
==================================================

coord:(20.757359504699764, 2.956312162791291, 10.042640495300319)->(20.757359504699764, 4.256312115107579, 11.042640495300333)
state:wall-13.0, action:W, timestep:7, reward:0.6785311151058053
==================================================

coord:(20.757359504699764, 4.256312115107579, 11.042640495300333)->(20.757359504699764, 1.6741581492352313, 11.042640495300333)
state:air-8.0, action:Wait, timestep:8, reward:0.21233943075491624
==================================================

coord:(20.757359504699764, 1.6741581492352313, 11.042640495300333)->(23.057359504699797, 3.0338362951707407, 11.042640495300333)
state:field-3.0, action:Ws, timestep:9, reward:1.2169625271105318
==================================================

coord:(23.057359504699797, 3.0338362951707407, 11.042640495300333)->(23.057359504699797, 3.935072557656734, 11.042640495300333)
state:air-8.0, action:Wait, timestep:10, reward:-0.09028752695310516
==================================================

coord:(23.057359504699797, 3.935072557656734, 11.042640495300333)->(27.08786797523502, 3.2276580973492344, 7.01213202476502)
state:field-3.0, action:WAsj, timestep:11, reward:-1.5196013989416812
==================================================

coord:(27.08786797523502, 3.2276580973492344, 7.01213202476502)->(26.04606404032968, 3.6532406959880954, 8.053935959670346)
state:field-3.0, action:SD, timestep:12, reward:0.4507684582499394
==================================================

coord:(26.04606404032968, 3.6532406959880954, 8.053935959670346)->(28.025962938136455, 2.713816359490867, 6.074037061863544)
state:field-3.0, action:WAs, timestep:13, reward:-0.8967901741790882
==================================================

coord:(28.025962938136455, 2.713816359490867, 6.074037061863544)->(27.036013489233067, 3.2276580973492344, 7.063986510766945)
state:field-2.0, action:SDs, timestep:14, reward:0.47174456641984364
==================================================

coord:(27.036013489233067, 3.2276580973492344, 7.063986510766945)->(32.062679971522634, 4.797532937810311, 7.063986510766945)
state:field-2.0, action:W, timestep:15, reward:1.5842923158035376
==================================================

coord:(32.062679971522634, 4.797532937810311, 7.063986510766945)->(32.062679971522634, 4.979149817443558, 7.063986510766945)
state:air-7.0, action:Wait, timestep:16, reward:-0.025550749768719072
==================================================

coord:(32.062679971522634, 4.979149817443558, 7.063986510766945)->(30.931309172775904, 4.693316484110224, 5.932615712020201)
state:field-2.0, action:SAs, timestep:17, reward:-1.3656359930750597
==================================================

coord:(30.931309172775904, 4.693316484110224, 5.932615712020201)->(30.931309172775904, 2.3681576868128444, 5.932615712020201)
state:air-7.0, action:Wait, timestep:18, reward:0.22796148839093178
==================================================

coord:(30.931309172775904, 2.3681576868128444, 5.932615712020201)->(31.017975836263656, 2.5194514766035314, 5.932615712020201)
state:field-2.0, action:Wj, timestep:19, reward:0.016320839972273404
==================================================

coord:(31.017975836263656, 2.5194514766035314, 5.932615712020201)->(30.151309201386145, 2.3681576868128444, 5.932615712020201)
state:field-2.0, action:S, timestep:20, reward:-0.2644356241486463
==================================================

coord:(30.151309201386145, 2.3681576868128444, 5.932615712020201)->(30.151309201386145, 2.3681576868128444, 5.932615712020201)
state:field-2.0, action:Wait, timestep:21, reward:-8.096955212977264e-07
==================================================

coord:(30.151309201386145, 2.3681576868128444, 5.932615712020201)->(30.151309201386145, 2.3681576868128444, 5.932615712020201)
state:field-2.0, action:j, timestep:22, reward:-8.096955212977264e-07
==================================================

coord:(30.151309201386145, 2.3681576868128444, 5.932615712020201)->(34.651309201386205, 2.614828605119289, 5.932615712020201)
state:field-2.0, action:Ws, timestep:23, reward:1.1978087801945136
==================================================

coord:(34.651309201386205, 2.614828605119289, 5.932615712020201)->(34.580598526464534, 3.6532406959880954, 6.003326386941873)
state:field-2.0, action:SDsj, timestep:24, reward:-0.03918013988752733
==================================================

coord:(34.580598526464534, 3.6532406959880954, 6.003326386941873)->(35.64125865028959, 4.797532937810311, 7.063986510766945)
state:field-2.0, action:WDs, timestep:25, reward:1.1025498775732245
==================================================

coord:(35.64125865028959, 4.797532937810311, 7.063986510766945)->(36.74434516960107, 5.584227945186978, 5.960899991455422)
state:field-2.0, action:WAj, timestep:26, reward:-1.00664785645575
==================================================

coord:(36.74434516960107, 5.584227945186978, 5.960899991455422)->(36.74434516960107, 2.3681576868128444, 5.960899991455422)
state:air-7.0, action:Wait, timestep:27, reward:0.3684384426048197
==================================================

coord:(36.74434516960107, 2.3681576868128444, 5.960899991455422)->(38.9443451696011, 1.9424300877930798, 5.960899991455422)
state:field-2.0, action:Ws, timestep:28, reward:0.2926336738242057
==================================================

coord:(38.9443451696011, 1.9424300877930798, 5.960899991455422)->(39.01505584452277, 2.3681576868128444, 6.031610666377094)
state:field-1.0, action:WDsj, timestep:29, reward:0.049711583648225144
==================================================

coord:(39.01505584452277, 2.3681576868128444, 6.031610666377094)->(40.97609854552095, 2.747638116270579, 7.992653367375357)
state:field-1.0, action:WD, timestep:30, reward:2.0400421794846295
==================================================

coord:(40.97609854552095, 2.747638116270579, 7.992653367375357)->(40.97609854552095, 2.230415894048357, 4.992653367375367)
state:field-2.0, action:As, timestep:31, reward:-2.95189134201231
==================================================

coord:(40.97609854552095, 2.230415894048357, 4.992653367375367)->(40.97609854552095, 1.0075215722102642, 4.992653367375367)
state:air-6.0, action:Wait, timestep:32, reward:0.056463098663279254
==================================================

coord:(40.97609854552095, 1.0075215722102642, 4.992653367375367)->(40.914815961114755, 1.4429376512774177, 5.053935951781563)
state:field-1.0, action:SDj, timestep:33, reward:0.04413612499175201
==================================================

coord:(40.914815961114755, 1.4429376512774177, 5.053935951781563)->(39.99557719502186, 1.1835383784864664, 4.134697185688627)
state:field-1.0, action:SA, timestep:34, reward:-0.9480906830727989
==================================================

coord:(39.99557719502186, 1.1835383784864664, 4.134697185688627)->(41.795577195021885, 0.8366969954363354, 4.134697185688627)
state:field-1.0, action:Ws, timestep:35, reward:0.06511806660076047
==================================================

coord:(41.795577195021885, 0.8366969954363354, 4.134697185688627)->(42.83738112992717, 0.4617134733275187, 3.0928932507833067)
state:field-1.0, action:WA, timestep:36, reward:-1.0438476621612196
==================================================

coord:(42.83738112992717, 0.4617134733275187, 3.0928932507833067)->(39.867532783217, 1.6950228512760246, 6.06274159749351)
state:field-1.0, action:SDs, timestep:37, reward:2.873080918663476
==================================================

coord:(39.867532783217, 1.6950228512760246, 6.06274159749351)->(39.867532783217, 2.3681576868128444, 6.06274159749351)
state:air-6.0, action:Wait, timestep:38, reward:-0.040143388914522404
==================================================

coord:(39.867532783217, 2.3681576868128444, 6.06274159749351)->(38.82572884831172, 1.9424300877930798, 5.0209376625881825)
state:field-1.0, action:SA, timestep:39, reward:-1.0899153819664704
==================================================

coord:(38.82572884831172, 1.9424300877930798, 5.0209376625881825)->(42.89906203223619, 0.9707717392434059, 5.0209376625881825)
state:field-1.0, action:Wj, timestep:40, reward:0.17238938582462993
==================================================

coord:(42.89906203223619, 0.9707717392434059, 5.0209376625881825)->(48.79906203223627, 0.16312861176298013, 5.0209376625881825)
state:field-1.0, action:Wsj, timestep:41, reward:-0.6300161204167338
==================================================

coord:(48.79906203223627, 0.16312861176298013, 5.0209376625881825)->(44.799062032236215, 0.5914990801290658, 5.0209376625881825)
state:field-0.0, action:Ssj, timestep:42, reward:0.5382337782976307
==================================================

coord:(44.799062032236215, 0.5914990801290658, 5.0209376625881825)->(44.799062032236215, 0.41301027985857514, 4.067604364222911)
state:field-0.0, action:A, timestep:43, reward:-0.9477582414095451
==================================================

coord:(44.799062032236215, 0.41301027985857514, 4.067604364222911)->(48.334595778319745, 0.3106290775193691, 7.603138110306485)
state:field-0.0, action:WDsj, timestep:44, reward:3.0317973290217424
==================================================

coord:(48.334595778319745, 0.3106290775193691, 7.603138110306485)->(47.23150925900827, 0.32640620947132826, 6.500051590994962)
state:field-0.0, action:SA, timestep:45, reward:-0.8957256953978074
==================================================

coord:(47.23150925900827, 0.32640620947132826, 6.500051590994962)->(48.57972611594452, 0.3106290775193691, 7.848268447931268)
state:field-0.0, action:WD, timestep:46, reward:1.0879929479834374
==================================================

coord:(48.57972611594452, 0.3106290775193691, 7.848268447931268)->(49.70639274128533, 0.21158785809865718, 7.848268447931268)
state:field-0.0, action:W, timestep:47, reward:-0.24352422350521863
==================================================

coord:(49.70639274128533, 0.21158785809865718, 7.848268447931268)->(44.50639293202005, 1.126331007346584, 7.848268447931268)
state:field-0.0, action:S, timestep:48, reward:0.7941363270058872
==================================================

coord:(44.50639293202005, 1.126331007346584, 7.848268447931268)->(46.16102271098726, 0.4560300608343208, 6.193638668963984)
state:field-0.0, action:WA, timestep:49, reward:-1.7955890848869132
==================================================

coord:(46.16102271098726, 0.4560300608343208, 6.193638668963984)->(47.8076893172546, 0.32640620947132826, 6.193638668963984)
state:field-0.0, action:W, timestep:50, reward:-0.23861712279195757
==================================================

coord:(47.8076893172546, 0.32640620947132826, 6.193638668963984)->(48.543080330128916, 0.2279109544716696, 6.929029681838332)
state:field-0.0, action:WD, timestep:51, reward:0.5903458053290294
==================================================

coord:(48.543080330128916, 0.2279109544716696, 6.929029681838332)->(48.543080330128916, 0.2279109544716696, 6.929029681838332)
state:field-0.0, action:Wait, timestep:52, reward:-1.4847100331394358e-06
==================================================

coord:(48.543080330128916, 0.2279109544716696, 6.929029681838332)->(49.523601680628005, 0.21158785809865718, 7.909551032337464)
state:field-0.0, action:WD, timestep:53, reward:0.7515147129358581
==================================================

coord:(49.523601680628005, 0.21158785809865718, 7.909551032337464)->(45.96921178506881, 1.6741581492352313, 11.463940927896765)
state:field-0.0, action:SD, timestep:54, reward:4.101899421027294
==================================================

coord:(45.96921178506881, 1.6741581492352313, 11.463940927896765)->(45.96921178506881, 2.2817779984468363, 11.463940927896765)
state:air-5.0, action:Wait, timestep:55, reward:-0.04161579880734223
==================================================

coord:(45.96921178506881, 2.2817779984468363, 11.463940927896765)->(47.68512414844221, 0.7672107429791609, 9.74802856452331)
state:field-0.0, action:WA, timestep:56, reward:-1.8900857960774182
==================================================

coord:(47.68512414844221, 0.7672107429791609, 9.74802856452331)->(47.68512414844221, 1.9424300877930798, 14.948028373788482)
state:field-0.0, action:D, timestep:57, reward:5.02880847171231
==================================================

coord:(47.68512414844221, 1.9424300877930798, 14.948028373788482)->(47.68512414844221, 1.9424300877930798, 14.948028373788482)
state:field-0.0, action:Wait, timestep:58, reward:-1.2203769017560262e-07
==================================================

coord:(47.68512414844221, 1.9424300877930798, 14.948028373788482)->(47.68512414844221, 1.6950228512760246, 13.041361777057919)
state:field-0.0, action:A, timestep:59, reward:-1.8413800147283759
==================================================

coord:(47.68512414844221, 1.6950228512760246, 13.041361777057919)->(44.99845758032182, 3.2276580973492344, 13.041361777057919)
state:field-0.0, action:S, timestep:60, reward:0.2874216788409285
==================================================

coord:(44.99845758032182, 3.2276580973492344, 13.041361777057919)->(44.99845758032182, 4.291471953364964, 13.041361777057919)
state:air-5.0, action:Wait, timestep:61, reward:-0.14602413535996916
==================================================

coord:(44.99845758032182, 4.291471953364964, 13.041361777057919)->(44.99845758032182, 5.995719931712003, 17.02802829749453)
state:field-0.0, action:D, timestep:62, reward:3.5321341516587488
==================================================

coord:(44.99845758032182, 5.995719931712003, 17.02802829749453)->(44.99845758032182, 6.378766717846037, 17.02802829749453)
state:air-5.0, action:Wait, timestep:63, reward:-0.09883525773416224
==================================================

coord:(44.99845758032182, 6.378766717846037, 17.02802829749453)->(44.99845758032182, 6.702750051930226, 20.061361519565818)
state:field-0.0, action:D, timestep:64, reward:2.781208556319733
==================================================

coord:(44.99845758032182, 6.702750051930226, 20.061361519565818)->(44.99845758032182, 3.7166015680391973, 20.061361519565818)
state:air-5.0, action:Wait, timestep:65, reward:0.7452348165076543
==================================================

coord:(44.99845758032182, 3.7166015680391973, 20.061361519565818)->(44.99845758032182, 3.7166015680391973, 20.061361519565818)
state:field-0.0, action:Wait, timestep:66, reward:-6.266075800454018e-07
==================================================

coord:(44.99845758032182, 3.7166015680391973, 20.061361519565818)->(39.79845777105654, 5.321479294713132, 20.061361519565818)
state:field-0.0, action:S, timestep:67, reward:-0.25114013865928086
==================================================

coord:(39.79845777105654, 5.321479294713132, 20.061361519565818)->(40.717696537149436, 5.083844907915179, 20.980600285658767)
state:field-0.0, action:WD, timestep:68, reward:1.0248108379195529
==================================================

coord:(40.717696537149436, 5.083844907915179, 20.980600285658767)->(41.75950047205472, 5.920161809157414, 22.02240422056411)
state:field-0.0, action:WD, timestep:69, reward:0.8000287849451801
==================================================

coord:(41.75950047205472, 5.920161809157414, 22.02240422056411)->(41.75950047205472, 7.091554966084926, 22.02240422056411)
state:air-5.0, action:Wait, timestep:70, reward:-0.39841541738547903
==================================================

coord:(41.75950047205472, 7.091554966084926, 22.02240422056411)->(41.75950047205472, 8.457996674488252, 24.015737480782384)
state:field-0.0, action:D, timestep:71, reward:1.2415419938159395
==================================================

coord:(41.75950047205472, 8.457996674488252, 24.015737480782384)->(41.75950047205472, 9.956918478215421, 24.015737480782384)
state:air-5.0, action:Wait, timestep:72, reward:-0.7476509420238919
==================================================

coord:(41.75950047205472, 9.956918478215421, 24.015737480782384)->(44.01283372273634, 8.79297800804603, 24.015737480782384)
state:field-0.0, action:W, timestep:73, reward:0.4794678890427875
==================================================

coord:(44.01283372273634, 8.79297800804603, 24.015737480782384)->(44.01283372273634, 7.719467496535955, 24.015737480782384)
state:air-5.0, action:Wait, timestep:74, reward:0.4894292261868607
==================================================

coord:(44.01283372273634, 7.719467496535955, 24.015737480782384)->(42.542051696987706, 6.600307955923573, 22.544955455033666)
state:field-0.0, action:SA, timestep:75, reward:-0.8046885208913714
==================================================

coord:(42.542051696987706, 6.600307955923573, 22.544955455033666)->(42.542051696987706, 6.600307955923573, 22.544955455033666)
state:field-0.0, action:Wait, timestep:76, reward:8.864572613731525e-07
==================================================

coord:(42.542051696987706, 6.600307955923573, 22.544955455033666)->(41.99050843733197, 7.872093357350055, 23.096498714689435)
state:field-0.0, action:SD, timestep:77, reward:0.02246229889251694
==================================================

coord:(41.99050843733197, 7.872093357350055, 23.096498714689435)->(41.99050843733197, 8.457996674488252, 23.096498714689435)
state:air-5.0, action:Wait, timestep:78, reward:-0.2548160971362279
==================================================

coord:(41.99050843733197, 8.457996674488252, 23.096498714689435)->(41.99050843733197, 8.457996674488252, 23.096498714689435)
state:field-0.0, action:Wait, timestep:79, reward:-4.183837631899223e-08
==================================================

coord:(41.99050843733197, 8.457996674488252, 23.096498714689435)->(41.99050843733197, 8.457996674488252, 23.096498714689435)
state:field-0.0, action:Wait, timestep:80, reward:-4.183837631899223e-08
==================================================

coord:(41.99050843733197, 8.457996674488252, 23.096498714689435)->(42.113073606144354, 8.457996674488252, 22.973933545877042)
state:field-0.0, action:WA, timestep:81, reward:-0.11002244779841419
==================================================

coord:(42.113073606144354, 8.457996674488252, 22.973933545877042)->(42.113073606144354, 6.600307955923573, 22.973933545877042)
state:air-5.0, action:Wait, timestep:82, reward:0.7505161068179582
==================================================

coord:(42.113073606144354, 6.600307955923573, 22.973933545877042)->(43.154877541049636, 7.867492802131994, 24.015737480782384)
state:field-0.0, action:WD, timestep:83, reward:0.40803987095726413
==================================================

coord:(43.154877541049636, 7.867492802131994, 24.015737480782384)->(43.154877541049636, 8.513375861448784, 24.015737480782384)
state:air-5.0, action:Wait, timestep:84, reward:-0.2938932757629047
==================================================

coord:(43.154877541049636, 8.513375861448784, 24.015737480782384)->(42.113073606144354, 9.267181677720165, 25.057541415687727)
state:field-0.0, action:SD, timestep:85, reward:0.563599701744586
==================================================

coord:(42.113073606144354, 9.267181677720165, 25.057541415687727)->(42.113073606144354, 10.76803660460999, 25.057541415687727)
state:air-5.0, action:Wait, timestep:86, reward:-0.835237332000947
==================================================

coord:(42.113073606144354, 10.76803660460999, 25.057541415687727)->(42.113073606144354, 12.349710411076664, 27.050874675906)
state:field-0.0, action:D, timestep:87, reward:0.5241257462479432
==================================================

coord:(42.113073606144354, 12.349710411076664, 27.050874675906)->(42.113073606144354, 13.98004049266512, 27.050874675906)
state:air-5.0, action:Wait, timestep:88, reward:-1.16172368844148
==================================================

coord:(42.113073606144354, 13.98004049266512, 27.050874675906)->(43.03231237223725, 13.561389967821581, 26.131635909813053)
state:field-0.0, action:WA, timestep:89, reward:-0.3683503518825866
==================================================

coord:(43.03231237223725, 13.561389967821581, 26.131635909813053)->(43.03231237223725, 11.345167297443975, 26.131635909813053)
state:air-5.0, action:Wait, timestep:90, reward:1.4770072889283838
==================================================

coord:(43.03231237223725, 11.345167297443975, 26.131635909813053)->(44.01283372273634, 10.986323990435228, 25.151114559313907)
state:field-0.0, action:WA, timestep:91, reward:-0.6332168841745514
==================================================

coord:(44.01283372273634, 10.986323990435228, 25.151114559313907)->(44.01283372273634, 8.969664290777729, 25.151114559313907)
state:air-5.0, action:Wait, timestep:92, reward:1.116512531886812
==================================================

coord:(44.01283372273634, 8.969664290777729, 25.151114559313907)->(44.01283372273634, 8.66602764638571, 23.93778127048539)
state:field-0.0, action:A, timestep:93, reward:-0.8974184252666078
==================================================

coord:(44.01283372273634, 8.66602764638571, 23.93778127048539)->(44.01283372273634, 6.557373203102033, 23.93778127048539)
state:air-5.0, action:Wait, timestep:94, reward:0.8959952762766505
==================================================

coord:(44.01283372273634, 6.557373203102033, 23.93778127048539)->(45.97387642373452, 6.005306576934737, 21.9767385694871)
state:field-0.0, action:WA, timestep:95, reward:-1.9430383072664554
==================================================

coord:(45.97387642373452, 6.005306576934737, 21.9767385694871)->(45.97387642373452, 4.072172558143364, 21.9767385694871)
state:air-5.0, action:Wait, timestep:96, reward:0.5085311695892756
==================================================

coord:(45.97387642373452, 4.072172558143364, 21.9767385694871)->(44.19668147595492, 3.7166015680391973, 20.1995436217074)
state:field-0.0, action:SA, timestep:97, reward:-1.3655922304016173
==================================================

coord:(44.19668147595492, 3.7166015680391973, 20.1995436217074)->(44.44181181357969, 3.7166015680391973, 19.954413284082612)
state:field-0.0, action:WA, timestep:98, reward:-0.26727597277836423
==================================================

coord:(44.44181181357969, 3.7166015680391973, 19.954413284082612)->(44.44181181357969, 6.702750051930226, 19.954413284082612)
state:air-5.0, action:Wait, timestep:99, reward:-0.7441683741011254
==================================================

coord:(44.44181181357969, 6.702750051930226, 19.954413284082612)->(44.3805292291735, 6.702750051930226, 20.01569586848881)
state:field-0.0, action:SD, timestep:100, reward:0.06469120746910306
==================================================

coord:(44.3805292291735, 6.702750051930226, 20.01569586848881)->(44.3805292291735, 3.7166015680391973, 20.01569586848881)
state:air-5.0, action:Wait, timestep:101, reward:0.7465209284545011
==================================================

coord:(44.3805292291735, 3.7166015680391973, 20.01569586848881)->(42.97102978783106, 5.0179195919649295, 21.42519530983133)
state:field-0.0, action:SD, timestep:102, reward:1.2007408556478758
==================================================

coord:(42.97102978783106, 5.0179195919649295, 21.42519530983133)->(42.97102978783106, 5.462224769554208, 21.42519530983133)
state:air-5.0, action:Wait, timestep:103, reward:-0.12047319579506421
==================================================

coord:(42.97102978783106, 5.462224769554208, 21.42519530983133)->(44.01283372273634, 4.910158143386912, 20.38339137492599)
state:field-0.0, action:WA, timestep:104, reward:-0.9361062873041242
==================================================

coord:(44.01283372273634, 4.910158143386912, 20.38339137492599)->(44.01283372273634, 3.7166015680391973, 20.38339137492599)
state:air-5.0, action:Wait, timestep:105, reward:0.2549364332514017
==================================================

coord:(44.01283372273634, 3.7166015680391973, 20.38339137492599)->(44.01283372273634, 3.7166015680391973, 20.38339137492599)
state:field-0.0, action:Wait, timestep:106, reward:2.1498968294508813e-07
==================================================

coord:(44.01283372273634, 3.7166015680391973, 20.38339137492599)->(38.98616724044657, 5.321479294713132, 20.38339137492599)
state:field-0.0, action:S, timestep:107, reward:-0.4810263668361756
==================================================

coord:(38.98616724044657, 5.321479294713132, 20.38339137492599)->(38.98616724044657, 5.4979889792571965, 20.38339137492599)
state:air-5.0, action:Wait, timestep:108, reward:-0.04641890004876359
==================================================

coord:(38.98616724044657, 5.4979889792571965, 20.38339137492599)->(39.66027566891469, 6.514717739218547, 21.05749980339415)
state:field-0.0, action:WD, timestep:109, reward:0.4265809639991218
==================================================

coord:(39.66027566891469, 6.514717739218547, 21.05749980339415)->(39.66027566891469, 6.514717739218547, 21.05749980339415)
state:field-0.0, action:Wait, timestep:110, reward:5.349219733830068e-07
==================================================

coord:(39.66027566891469, 6.514717739218547, 21.05749980339415)->(41.566942265645295, 5.868766646810801, 21.05749980339415)
state:field-0.0, action:W, timestep:111, reward:0.3321215182573525
==================================================

coord:(41.566942265645295, 5.868766646810801, 21.05749980339415)->(43.73360885283916, 5.0179195919649295, 21.05749980339415)
state:field-0.0, action:W, timestep:112, reward:0.16313355717073108
==================================================

coord:(43.73360885283916, 5.0179195919649295, 21.05749980339415)->(44.836695372150636, 6.702750051930226, 19.954413284082612)
state:field-0.0, action:WA, timestep:113, reward:-1.6536251211149136
==================================================

coord:(44.836695372150636, 6.702750051930226, 19.954413284082612)->(44.836695372150636, 6.620243268861104, 18.30774667781534)
state:field-0.0, action:A, timestep:114, reward:-1.5306677297007276
==================================================

coord:(44.836695372150636, 6.620243268861104, 18.30774667781534)->(44.836695372150636, 6.702750051930226, 20.041079947570363)
state:field-0.0, action:D, timestep:115, reward:1.6121111445148024
==================================================

coord:(44.836695372150636, 6.702750051930226, 20.041079947570363)->(44.836695372150636, 3.7166015680391973, 20.041079947570363)
state:air-5.0, action:Wait, timestep:116, reward:0.7453486586655309
==================================================

coord:(44.836695372150636, 3.7166015680391973, 20.041079947570363)->(45.817216722649725, 4.072172558143364, 21.02160129806951)
state:field-0.0, action:WD, timestep:117, reward:0.7170840804197773
==================================================

coord:(45.817216722649725, 4.072172558143364, 21.02160129806951)->(44.95926054096302, 3.7166015680391973, 20.163645116382757)
state:field-0.0, action:SA, timestep:118, reward:-0.6151897750146667
==================================================

coord:(44.95926054096302, 3.7166015680391973, 20.163645116382757)->(45.817216722649725, 4.072172558143364, 21.02160129806951)
state:field-0.0, action:WD, timestep:119, reward:0.615189701757668
==================================================

coord:(45.817216722649725, 4.072172558143364, 21.02160129806951)->(45.817216722649725, 5.041203977264056, 19.981601336216496)
state:field-0.0, action:A, timestep:120, reward:-1.2112135942680062
==================================================

coord:(45.817216722649725, 5.041203977264056, 19.981601336216496)->(45.817216722649725, 4.979149817443558, 18.421601393436976)
state:field-0.0, action:A, timestep:121, reward:-1.4786301097261472
==================================================

coord:(45.817216722649725, 4.979149817443558, 18.421601393436976)->(45.817216722649725, 4.979149817443558, 18.421601393436976)
state:field-0.0, action:Wait, timestep:122, reward:-4.380817841820317e-08
==================================================

coord:(45.817216722649725, 4.979149817443558, 18.421601393436976)->(43.99721678940688, 6.620243268861104, 18.421601393436976)
state:field-0.0, action:S, timestep:123, reward:-0.18730733553771017
==================================================

coord:(43.99721678940688, 6.620243268861104, 18.421601393436976)->(43.99721678940688, 8.586863323434834, 18.421601393436976)
state:air-5.0, action:Wait, timestep:124, reward:-0.6505794281400696
==================================================

coord:(43.99721678940688, 8.586863323434834, 18.421601393436976)->(42.955412854501596, 8.69387970345265, 19.46340532834232)
state:field-0.0, action:SD, timestep:125, reward:0.9884061464354978
==================================================

coord:(42.955412854501596, 8.69387970345265, 19.46340532834232)->(42.955412854501596, 11.00059246788065, 19.46340532834232)
state:air-5.0, action:Wait, timestep:126, reward:-0.9954223309755328
==================================================

coord:(42.955412854501596, 11.00059246788065, 19.46340532834232)->(43.01669543890779, 11.00059246788065, 19.524687912748515)
state:field-0.0, action:WD, timestep:127, reward:0.05135973554338591
==================================================

coord:(43.01669543890779, 11.00059246788065, 19.524687912748515)->(43.01669543890779, 8.69387970345265, 19.524687912748515)
state:air-5.0, action:Wait, timestep:128, reward:0.997719588716862
==================================================

coord:(43.01669543890779, 8.69387970345265, 19.524687912748515)->(42.930028775420034, 8.69387970345265, 19.524687912748515)
state:field-0.0, action:S, timestep:129, reward:0.00378943949117172
==================================================

coord:(42.930028775420034, 8.69387970345265, 19.524687912748515)->(42.930028775420034, 11.00059246788065, 19.524687912748515)
state:air-5.0, action:Wait, timestep:130, reward:-0.9978819908922496
==================================================

coord:(42.930028775420034, 11.00059246788065, 19.524687912748515)->(41.949507424920945, 10.903980808301371, 18.54416656224937)
state:field-0.0, action:SA, timestep:131, reward:-0.8057479723227168
==================================================

coord:(41.949507424920945, 10.903980808301371, 18.54416656224937)->(41.949507424920945, 13.411621749488766, 18.54416656224937)
state:air-5.0, action:Wait, timestep:132, reward:-1.2350486288427547
==================================================

coord:(41.949507424920945, 13.411621749488766, 18.54416656224937)->(42.01079000932714, 13.411621749488766, 18.482883977843173)
state:field-0.0, action:WA, timestep:133, reward:-0.051938706935647616
==================================================

coord:(42.01079000932714, 13.411621749488766, 18.482883977843173)->(42.01079000932714, 10.865181854423884, 18.482883977843173)
state:air-5.0, action:Wait, timestep:134, reward:1.249903020603842
==================================================

coord:(42.01079000932714, 10.865181854423884, 18.482883977843173)->(43.05259394423242, 11.00059246788065, 19.524687912748515)
state:field-0.0, action:WD, timestep:135, reward:0.8376108620296776
==================================================

coord:(43.05259394423242, 11.00059246788065, 19.524687912748515)->(43.05259394423242, 8.69387970345265, 19.524687912748515)
state:air-5.0, action:Wait, timestep:136, reward:0.9976481252829394
==================================================

coord:(43.05259394423242, 8.69387970345265, 19.524687912748515)->(42.965927280744665, 8.69387970345265, 19.524687912748515)
state:field-0.0, action:S, timestep:137, reward:0.003927995399820361
==================================================

coord:(42.965927280744665, 8.69387970345265, 19.524687912748515)->(42.965927280744665, 11.00059246788065, 19.524687912748515)
state:air-5.0, action:Wait, timestep:138, reward:-0.9978152006464462
==================================================

coord:(42.965927280744665, 11.00059246788065, 19.524687912748515)->(42.965927280744665, 10.865181854423884, 18.138021296944498)
state:field-0.0, action:A, timestep:139, reward:-1.1688052355518082
==================================================

coord:(42.965927280744665, 10.865181854423884, 18.138021296944498)->(42.965927280744665, 10.865181854423884, 18.138021296944498)
state:field-0.0, action:Wait, timestep:140, reward:8.404979965348502e-07
==================================================

coord:(42.965927280744665, 10.865181854423884, 18.138021296944498)->(42.965927280744665, 11.00059246788065, 20.04468789367502)
state:field-0.0, action:D, timestep:141, reward:1.6251503827853817
==================================================

coord:(42.965927280744665, 11.00059246788065, 20.04468789367502)->(42.965927280744665, 4.46176138058417, 20.04468789367502)
state:air-5.0, action:Wait, timestep:142, reward:2.336199514287987
==================================================

coord:(42.965927280744665, 4.46176138058417, 20.04468789367502)->(42.965927280744665, 4.46176138058417, 19.95802123018727)
state:field-0.0, action:A, timestep:143, reward:-0.08449251845539507
==================================================

coord:(42.965927280744665, 4.46176138058417, 19.95802123018727)->(42.965927280744665, 11.00059246788065, 19.95802123018727)
state:air-5.0, action:Wait, timestep:144, reward:-2.3275759992094756
==================================================

coord:(42.965927280744665, 11.00059246788065, 19.95802123018727)->(43.05259394423242, 11.00059246788065, 19.95802123018727)
state:field-0.0, action:W, timestep:145, reward:-0.0038224691849499948
==================================================

coord:(43.05259394423242, 11.00059246788065, 19.95802123018727)->(43.05259394423242, 8.69387970345265, 19.95802123018727)
state:air-5.0, action:Wait, timestep:146, reward:1.014992450524577
==================================================

coord:(43.05259394423242, 8.69387970345265, 19.95802123018727)->(42.99131135982623, 8.69387970345265, 20.019303814593467)
state:field-0.0, action:SD, timestep:147, reward:0.059013665545787575
==================================================

coord:(42.99131135982623, 8.69387970345265, 20.019303814593467)->(42.99131135982623, 4.46176138058417, 20.019303814593467)
state:air-5.0, action:Wait, timestep:148, reward:1.315927707130399
==================================================

coord:(42.99131135982623, 4.46176138058417, 20.019303814593467)->(40.968986074421856, 5.868766646810801, 22.041629099997955)
state:field-0.0, action:SD, timestep:149, reward:1.5756736488986185
==================================================

coord:(40.968986074421856, 5.868766646810801, 22.041629099997955)->(40.968986074421856, 7.520559512306505, 22.041629099997955)
state:air-5.0, action:Wait, timestep:150, reward:-0.5756797390010746
==================================================

coord:(40.968986074421856, 7.520559512306505, 22.041629099997955)->(40.968986074421856, 7.216922867914493, 20.91496247465719)
state:field-0.0, action:A, timestep:151, reward:-0.9332258485940628
==================================================

coord:(40.968986074421856, 7.216922867914493, 20.91496247465719)->(40.968986074421856, 5.083844907915179, 20.91496247465719)
state:air-5.0, action:Wait, timestep:152, reward:0.6525776444244968
==================================================

coord:(40.968986074421856, 5.083844907915179, 20.91496247465719)->(41.765659671702366, 4.7938408764050084, 20.118288877376635)
state:field-0.0, action:WA, timestep:153, reward:-0.6753910755075232
==================================================

coord:(41.765659671702366, 4.7938408764050084, 20.118288877376635)->(36.56565986243709, 5.643402881426343, 20.118288877376635)
state:field-0.0, action:S, timestep:154, reward:-0.9168333873423755
==================================================

coord:(36.56565986243709, 5.643402881426343, 20.118288877376635)->(35.52565990058403, 5.606692759807101, 20.118288877376635)
state:field-0.0, action:S, timestep:155, reward:-0.278304809058767
==================================================

coord:(35.52565990058403, 5.606692759807101, 20.118288877376635)->(34.22565994826771, 5.4979889792571965, 20.118288877376635)
state:field-0.0, action:S, timestep:156, reward:-0.3963208371379281
==================================================

coord:(34.22565994826771, 5.4979889792571965, 20.118288877376635)->(33.0989933229269, 5.321479294713132, 20.118288877376635)
state:field-0.0, action:S, timestep:157, reward:-0.3795491030282321
==================================================

coord:(33.0989933229269, 5.321479294713132, 20.118288877376635)->(33.0989933229269, 5.321479294713132, 20.118288877376635)
state:field-0.0, action:Wait, timestep:158, reward:-7.65389742696243e-08
==================================================

coord:(33.0989933229269, 5.321479294713132, 20.118288877376635)->(32.30231972564639, 5.083844907915179, 20.91496247465719)
state:field-0.0, action:SD, timestep:159, reward:0.4209028780588433
==================================================

coord:(32.30231972564639, 5.083844907915179, 20.91496247465719)->(30.482319792403608, 4.46176138058417, 20.91496247465719)
state:field-0.0, action:S, timestep:160, reward:-0.7303646000319723
==================================================

coord:(30.482319792403608, 4.46176138058417, 20.91496247465719)->(30.482319792403608, 5.462224769554208, 22.041629099997955)
state:field-0.0, action:D, timestep:161, reward:0.7106758380842813
==================================================

coord:(30.482319792403608, 5.462224769554208, 22.041629099997955)->(30.482319792403608, 6.600307955923573, 22.041629099997955)
state:air-5.0, action:Wait, timestep:162, reward:-0.3095086735408401
==================================================

coord:(30.482319792403608, 6.600307955923573, 22.041629099997955)->(35.68231960166882, 8.294011192532395, 22.041629099997955)
state:field-0.0, action:W, timestep:163, reward:1.5666130187538023
==================================================

coord:(35.68231960166882, 8.294011192532395, 22.041629099997955)->(36.724123536574105, 7.7419445663650945, 20.999825165092613)
state:field-0.0, action:WA, timestep:164, reward:-0.41888978226792517
==================================================

coord:(36.724123536574105, 7.7419445663650945, 20.999825165092613)->(36.724123536574105, 5.643402881426343, 20.999825165092613)
state:air-5.0, action:Wait, timestep:165, reward:0.6736930844306883
==================================================

coord:(36.724123536574105, 5.643402881426343, 20.999825165092613)->(36.724123536574105, 6.908826441871399, 22.039825126945626)
state:field-0.0, action:D, timestep:166, reward:0.55740596925083
==================================================

coord:(36.724123536574105, 6.908826441871399, 22.039825126945626)->(36.724123536574105, 8.34831667575272, 22.039825126945626)
state:air-5.0, action:Wait, timestep:167, reward:-0.5429595760519241
==================================================

coord:(36.724123536574105, 8.34831667575272, 22.039825126945626)->(37.76592747147939, 7.796250049585419, 20.998021192040284)
state:field-0.0, action:WA, timestep:168, reward:-0.4747584939126597
==================================================

coord:(37.76592747147939, 7.796250049585419, 20.998021192040284)->(37.76592747147939, 5.606692759807101, 20.998021192040284)
state:air-5.0, action:Wait, timestep:169, reward:0.711770349024512
==================================================

coord:(37.76592747147939, 5.606692759807101, 20.998021192040284)->(35.512594220797766, 5.606692759807101, 20.998021192040284)
state:field-0.0, action:S, timestep:170, reward:-0.5877231914503973
==================================================

coord:(35.512594220797766, 5.606692759807101, 20.998021192040284)->(35.512594220797766, 5.606692759807101, 20.998021192040284)
state:field-0.0, action:Wait, timestep:171, reward:-4.131300848086994e-07
==================================================

coord:(35.512594220797766, 5.606692759807101, 20.998021192040284)->(36.55439815570305, 6.908826441871399, 22.039825126945626)
state:field-0.0, action:WD, timestep:172, reward:0.8481224881259521
==================================================

coord:(36.55439815570305, 6.908826441871399, 22.039825126945626)->(36.55439815570305, 8.34831667575272, 22.039825126945626)
state:air-5.0, action:Wait, timestep:173, reward:-0.5417552940466734
==================================================

coord:(36.55439815570305, 8.34831667575272, 22.039825126945626)->(37.5943981175561, 8.294011192532395, 22.039825126945626)
state:field-0.0, action:W, timestep:174, reward:0.2732069821030372
==================================================

coord:(37.5943981175561, 8.294011192532395, 22.039825126945626)->(36.55259418265082, 7.7419445663650945, 20.998021192040284)
state:field-0.0, action:SA, timestep:175, reward:-0.9619848004241973
==================================================

coord:(36.55259418265082, 7.7419445663650945, 20.998021192040284)->(36.55259418265082, 5.643402881426343, 20.998021192040284)
state:air-5.0, action:Wait, timestep:176, reward:0.6722184709383292
==================================================

coord:(36.55259418265082, 5.643402881426343, 20.998021192040284)->(37.34926777993133, 6.863884788004712, 21.79469478932084)
state:field-0.0, action:WD, timestep:177, reward:0.5527911035171016
==================================================

coord:(37.34926777993133, 6.863884788004712, 21.79469478932084)->(37.34926777993133, 6.863884788004712, 21.79469478932084)
state:field-0.0, action:Wait, timestep:178, reward:-4.919418827853406e-07
==================================================

coord:(37.34926777993133, 6.863884788004712, 21.79469478932084)->(38.57491946805519, 8.128391204682202, 23.02034647744477)
state:field-0.0, action:WD, timestep:179, reward:0.8703674612451628
==================================================

coord:(38.57491946805519, 8.128391204682202, 23.02034647744477)->(38.57491946805519, 9.700357959691633, 23.02034647744477)
state:air-5.0, action:Wait, timestep:180, reward:-0.7188617126610382
==================================================

coord:(38.57491946805519, 9.700357959691633, 23.02034647744477)->(37.5943981175561, 9.892149101304343, 24.000867827943917)
state:field-0.0, action:SD, timestep:181, reward:0.5335573597079133
==================================================

coord:(37.5943981175561, 9.892149101304343, 24.000867827943917)->(37.5943981175561, 11.645230657648455, 24.000867827943917)
state:air-5.0, action:Wait, timestep:182, reward:-0.9536405079373687
==================================================

coord:(37.5943981175561, 11.645230657648455, 24.000867827943917)->(37.5943981175561, 11.645230657648455, 24.000867827943917)
state:field-0.0, action:Wait, timestep:183, reward:-5.238065092783017e-07
==================================================

coord:(37.5943981175561, 11.645230657648455, 24.000867827943917)->(38.98106473336018, 11.419450388942312, 24.000867827943917)
state:field-0.0, action:W, timestep:184, reward:0.38602908482815224
==================================================

coord:(38.98106473336018, 11.419450388942312, 24.000867827943917)->(38.98106473336018, 11.419450388942312, 24.000867827943917)
state:field-0.0, action:Wait, timestep:185, reward:7.950332303607865e-07
==================================================

coord:(38.98106473336018, 11.419450388942312, 24.000867827943917)->(38.98106473336018, 11.166419851948964, 22.960867866090904)
state:field-0.0, action:A, timestep:186, reward:-0.7076039492638344
==================================================

coord:(38.98106473336018, 11.166419851948964, 22.960867866090904)->(38.98106473336018, 8.133205096822149, 22.960867866090904)
state:air-5.0, action:Wait, timestep:187, reward:1.473996631056803
==================================================

coord:(38.98106473336018, 8.133205096822149, 22.960867866090904)->(35.42773153036224, 8.294011192532395, 22.960867866090904)
state:field-0.0, action:S, timestep:188, reward:-0.9373115814337183
==================================================

coord:(35.42773153036224, 8.294011192532395, 22.960867866090904)->(35.42773153036224, 8.040980655539046, 20.96753460587263)
state:field-0.0, action:A, timestep:189, reward:-1.6236358057991218
==================================================

coord:(35.42773153036224, 8.040980655539046, 20.96753460587263)->(35.42773153036224, 5.606692759807101, 20.96753460587263)
state:air-5.0, action:Wait, timestep:190, reward:0.7801834067598605
==================================================

coord:(35.42773153036224, 5.606692759807101, 20.96753460587263)->(36.46953546526752, 6.908826441871399, 22.00933854077797)
state:field-0.0, action:WD, timestep:191, reward:0.8518180421796302
==================================================

coord:(36.46953546526752, 6.908826441871399, 22.00933854077797)->(36.46953546526752, 8.34831667575272, 22.00933854077797)
state:air-5.0, action:Wait, timestep:192, reward:-0.5404241739895923
==================================================

coord:(36.46953546526752, 8.34831667575272, 22.00933854077797)->(35.42773153036224, 7.796250049585419, 20.96753460587263)
state:field-0.0, action:SA, timestep:193, reward:-1.0020104128537923
==================================================

coord:(35.42773153036224, 7.796250049585419, 20.96753460587263)->(35.42773153036224, 5.606692759807101, 20.96753460587263)
state:air-5.0, action:Wait, timestep:194, reward:0.6906162223116183
==================================================

coord:(35.42773153036224, 5.606692759807101, 20.96753460587263)->(37.50773145406835, 5.606692759807101, 20.96753460587263)
state:field-0.0, action:W, timestep:195, reward:0.5579933794092291
==================================================

coord:(37.50773145406835, 5.606692759807101, 20.96753460587263)->(37.50773145406835, 5.606692759807101, 20.96753460587263)
state:field-0.0, action:Wait, timestep:196, reward:4.4422856504411357e-07
==================================================

coord:(37.50773145406835, 5.606692759807101, 20.96753460587263)->(37.50773145406835, 6.863884788004712, 22.007534567725642)
state:field-0.0, action:D, timestep:197, reward:0.5690280399647527
==================================================

coord:(37.50773145406835, 6.863884788004712, 22.007534567725642)->(37.50773145406835, 8.294011192532395, 22.007534567725642)
state:air-5.0, action:Wait, timestep:198, reward:-0.5407363281514641
==================================================

coord:(37.50773145406835, 8.294011192532395, 22.007534567725642)->(38.54953538897363, 9.700357959691633, 23.049338502630984)
state:field-0.0, action:WD, timestep:199, reward:0.4825298134856233
==================================================

coord:(38.54953538897363, 9.700357959691633, 23.049338502630984)->(38.54953538897363, 11.419450388942312, 25.04267176284926)
state:field-0.0, action:D, timestep:200, reward:0.7005446745855011
==================================================

coord:(38.54953538897363, 11.419450388942312, 25.04267176284926)->(38.54953538897363, 13.268873328369823, 25.04267176284926)
state:air-5.0, action:Wait, timestep:201, reward:-1.1582118445260257
==================================================

coord:(38.54953538897363, 13.268873328369823, 25.04267176284926)->(35.34286883992671, 13.531219560760134, 25.04267176284926)
state:field-0.0, action:S, timestep:202, reward:-0.9497355041553313
==================================================

coord:(35.34286883992671, 13.531219560760134, 25.04267176284926)->(36.3233901904258, 13.619815946724621, 26.023193113348405)
state:field-0.0, action:WD, timestep:203, reward:0.9156588133751811
==================================================

coord:(36.3233901904258, 13.619815946724621, 26.023193113348405)->(36.3233901904258, 15.620376208807022, 26.023193113348405)
state:air-5.0, action:Wait, timestep:204, reward:-1.3914576776471783
==================================================

coord:(36.3233901904258, 15.620376208807022, 26.023193113348405)->(35.465434008739095, 15.518766254243811, 26.881149295035158)
state:field-0.0, action:SD, timestep:205, reward:0.37003759942379233
==================================================

coord:(35.465434008739095, 15.518766254243811, 26.881149295035158)->(35.465434008739095, 15.518766254243811, 25.927815996669896)
state:field-0.0, action:A, timestep:206, reward:-0.5987995549791947
==================================================

coord:(35.465434008739095, 15.518766254243811, 25.927815996669896)->(35.465434008739095, 13.531219560760134, 25.927815996669896)
state:air-5.0, action:Wait, timestep:207, reward:1.3575433842529776
==================================================

coord:(35.465434008739095, 13.531219560760134, 25.927815996669896)->(36.445955359238184, 13.619815946724621, 24.94729464617075)
state:field-0.0, action:WA, timestep:208, reward:-0.45901137723533836
==================================================

coord:(36.445955359238184, 13.619815946724621, 24.94729464617075)->(36.445955359238184, 11.72147843009481, 24.94729464617075)
state:air-5.0, action:Wait, timestep:209, reward:1.1757305181772004
==================================================

coord:(36.445955359238184, 11.72147843009481, 24.94729464617075)->(35.31928873389737, 11.645230657648455, 24.94729464617075)
state:field-0.0, action:S, timestep:210, reward:-0.2997691472918511
==================================================

coord:(35.31928873389737, 11.645230657648455, 24.94729464617075)->(34.338767383398284, 11.438205672835714, 23.966773295671604)
state:field-0.0, action:SA, timestep:211, reward:-0.96275095856776
==================================================

coord:(34.338767383398284, 11.438205672835714, 23.966773295671604)->(34.338767383398284, 9.700357959691633, 23.966773295671604)
state:air-5.0, action:Wait, timestep:212, reward:0.8878141390524306
==================================================

coord:(34.338767383398284, 9.700357959691633, 23.966773295671604)->(34.338767383398284, 9.700357959691633, 23.966773295671604)
state:field-0.0, action:Wait, timestep:213, reward:5.709371961870602e-07
==================================================

coord:(34.338767383398284, 9.700357959691633, 23.966773295671604)->(33.296963448493, 11.166419851948964, 25.008577230576947)
state:field-0.0, action:SD, timestep:214, reward:-0.3748648341269387
==================================================

coord:(33.296963448493, 11.166419851948964, 25.008577230576947)->(33.296963448493, 12.842883997674194, 25.008577230576947)
state:air-5.0, action:Wait, timestep:215, reward:-0.9539566269128628
==================================================

coord:(33.296963448493, 12.842883997674194, 25.008577230576947)->(32.25515951358772, 14.071575557758527, 26.05038116548229)
state:field-0.0, action:SD, timestep:216, reward:-0.5071121336868316
==================================================

coord:(32.25515951358772, 14.071575557758527, 26.05038116548229)->(32.25515951358772, 14.071575557758527, 25.963714501994538)
state:field-0.0, action:A, timestep:217, reward:-0.05485345843354139
==================================================

coord:(32.25515951358772, 14.071575557758527, 25.963714501994538)->(32.25515951358772, 12.26937601343067, 25.963714501994538)
state:air-5.0, action:Wait, timestep:218, reward:1.0995994306970331
==================================================

coord:(32.25515951358772, 12.26937601343067, 25.963714501994538)->(32.316442097993914, 12.26937601343067, 26.024997086400735)
state:field-0.0, action:WD, timestep:219, reward:0.06921440810148738
==================================================

coord:(32.316442097993914, 12.26937601343067, 26.024997086400735)->(32.316442097993914, 14.071575557758527, 26.024997086400735)
state:air-5.0, action:Wait, timestep:220, reward:-1.1030476993867424
==================================================

coord:(32.316442097993914, 14.071575557758527, 26.024997086400735)->(32.25515951358772, 14.071575557758527, 25.963714501994538)
state:field-0.0, action:SA, timestep:221, reward:-0.0657653999618617
==================================================

coord:(32.25515951358772, 14.071575557758527, 25.963714501994538)->(32.25515951358772, 12.26937601343067, 25.963714501994538)
state:air-5.0, action:Wait, timestep:222, reward:1.0995994306970331
==================================================

coord:(32.25515951358772, 12.26937601343067, 25.963714501994538)->(29.915159599418434, 10.999622773245878, 25.963714501994538)
state:field-0.0, action:S, timestep:223, reward:-0.5057917954416098
==================================================

coord:(29.915159599418434, 10.999622773245878, 25.963714501994538)->(29.915159599418434, 9.892149101304343, 25.963714501994538)
state:air-5.0, action:Wait, timestep:224, reward:0.5438927948673715
==================================================

coord:(29.915159599418434, 9.892149101304343, 25.963714501994538)->(29.915159599418434, 11.345167297443975, 27.00371446384755)
state:field-0.0, action:D, timestep:225, reward:-0.06524531308178183
==================================================

coord:(29.915159599418434, 11.345167297443975, 27.00371446384755)->(29.915159599418434, 12.842883997674194, 27.00371446384755)
state:air-5.0, action:Wait, timestep:226, reward:-0.8430826893972707
==================================================

coord:(29.915159599418434, 12.842883997674194, 27.00371446384755)->(29.915159599418434, 12.842883997674194, 27.00371446384755)
state:field-0.0, action:Wait, timestep:227, reward:-2.614187550875613e-07
==================================================

coord:(29.915159599418434, 12.842883997674194, 27.00371446384755)->(31.0418262247592, 13.98004049266512, 27.00371446384755)
state:field-0.0, action:W, timestep:228, reward:-0.103380975458915
==================================================

coord:(31.0418262247592, 13.98004049266512, 27.00371446384755)->(31.0418262247592, 15.020545441800547, 27.00371446384755)
state:air-5.0, action:Wait, timestep:229, reward:-0.6751450095129456
==================================================

coord:(31.0418262247592, 15.020545441800547, 27.00371446384755)->(31.0418262247592, 15.020545441800547, 26.9170478003598)
state:field-0.0, action:A, timestep:230, reward:-0.049763663355143706
==================================================

coord:(31.0418262247592, 15.020545441800547, 26.9170478003598)->(31.0418262247592, 13.268873328369823, 26.9170478003598)
state:air-5.0, action:Wait, timestep:231, reward:1.1172854185918482
==================================================

coord:(31.0418262247592, 13.268873328369823, 26.9170478003598)->(30.919261055946805, 13.98004049266512, 27.039612969172193)
state:field-0.0, action:SD, timestep:232, reward:-0.4325378551157151
==================================================

coord:(30.919261055946805, 13.98004049266512, 27.039612969172193)->(30.919261055946805, 13.727009955671772, 25.99961300731918)
state:field-0.0, action:A, timestep:233, reward:-0.47179276690519245
==================================================

coord:(30.919261055946805, 13.727009955671772, 25.99961300731918)->(30.919261055946805, 10.76803660460999, 25.99961300731918)
state:air-5.0, action:Wait, timestep:234, reward:1.671121736785036
==================================================

coord:(30.919261055946805, 10.76803660460999, 25.99961300731918)->(29.877457121041463, 12.349710411076664, 27.041416942224522)
state:field-0.0, action:SD, timestep:235, reward:-0.7688283002261613
==================================================

coord:(29.877457121041463, 12.349710411076664, 27.041416942224522)->(29.877457121041463, 12.842883997674194, 27.041416942224522)
state:air-5.0, action:Wait, timestep:236, reward:-0.2854589393745144
==================================================

coord:(29.877457121041463, 12.842883997674194, 27.041416942224522)->(30.85797847154061, 13.98004049266512, 28.021938292723668)
state:field-0.0, action:WD, timestep:237, reward:0.3859758693240778
==================================================

coord:(30.85797847154061, 13.98004049266512, 28.021938292723668)->(30.85797847154061, 15.620376208807022, 28.021938292723668)
state:air-5.0, action:Wait, timestep:238, reward:-1.1000714371460276
==================================================

coord:(30.85797847154061, 15.620376208807022, 28.021938292723668)->(31.89978240644595, 15.068309582639719, 26.980134357818326)
state:field-0.0, action:WA, timestep:239, reward:0.2898796022880994
==================================================

coord:(31.89978240644595, 15.068309582639719, 26.980134357818326)->(31.89978240644595, 13.268873328369823, 26.980134357818326)
state:air-5.0, action:Wait, timestep:240, reward:1.172598895292026
==================================================

coord:(31.89978240644595, 13.268873328369823, 26.980134357818326)->(33.92210769185033, 13.445900048102251, 24.957809072413838)
state:field-0.0, action:WA, timestep:241, reward:-0.5763185534175648
==================================================

coord:(33.92210769185033, 13.445900048102251, 24.957809072413838)->(33.92210769185033, 11.052835687926466, 24.957809072413838)
state:air-5.0, action:Wait, timestep:242, reward:1.3934938281656954
==================================================

coord:(33.92210769185033, 11.052835687926466, 24.957809072413838)->(33.92210769185033, 11.052835687926466, 24.957809072413838)
state:field-0.0, action:Wait, timestep:243, reward:1.7582194544729646e-07
==================================================

coord:(33.92210769185033, 11.052835687926466, 24.957809072413838)->(33.860825107444136, 11.052835687926466, 25.019091656820034)
state:field-0.0, action:SD, timestep:244, reward:0.02080975403639229
==================================================

coord:(33.860825107444136, 11.052835687926466, 25.019091656820034)->(33.860825107444136, 12.842883997674194, 25.019091656820034)
state:air-5.0, action:Wait, timestep:245, reward:-1.0266642194572704
==================================================

coord:(33.860825107444136, 12.842883997674194, 25.019091656820034)->(33.92210769185033, 12.842883997674194, 24.957809072413838)
state:field-0.0, action:WA, timestep:246, reward:-0.019809108335962833
==================================================

coord:(33.92210769185033, 12.842883997674194, 24.957809072413838)->(33.92210769185033, 11.052835687926466, 24.957809072413838)
state:air-5.0, action:Wait, timestep:247, reward:1.0256654590250704
==================================================

coord:(33.92210769185033, 11.052835687926466, 24.957809072413838)->(33.92210769185033, 10.799805150933118, 22.964475812195563)
state:field-0.0, action:A, timestep:248, reward:-1.3885496618267332
==================================================

coord:(33.92210769185033, 10.799805150933118, 22.964475812195563)->(33.92210769185033, 7.872093357350055, 22.964475812195563)
state:air-5.0, action:Wait, timestep:249, reward:1.2966633411683617
==================================================

coord:(33.92210769185033, 7.872093357350055, 22.964475812195563)->(33.92210769185033, 7.619062820356711, 20.971142551977287)
state:field-0.0, action:A, timestep:250, reward:-1.6006572637614802
==================================================

coord:(33.92210769185033, 7.619062820356711, 20.971142551977287)->(33.92210769185033, 5.321479294713132, 20.971142551977287)
state:air-5.0, action:Wait, timestep:251, reward:0.6854125607220851
==================================================

coord:(33.92210769185033, 5.321479294713132, 20.971142551977287)->(33.92210769185033, 5.321479294713132, 20.971142551977287)
state:field-0.0, action:Wait, timestep:252, reward:-7.998736180070409e-07
==================================================

coord:(33.92210769185033, 5.321479294713132, 20.971142551977287)->(33.92210769185033, 5.321479294713132, 20.971142551977287)
state:field-0.0, action:Wait, timestep:253, reward:-7.998736180070409e-07
==================================================

coord:(33.92210769185033, 5.321479294713132, 20.971142551977287)->(33.92210769185033, 6.514717739218547, 22.0111425138303)
state:field-0.0, action:D, timestep:254, reward:0.5787861448106568
==================================================

coord:(33.92210769185033, 6.514717739218547, 22.0111425138303)->(33.92210769185033, 7.872093357350055, 22.0111425138303)
state:air-5.0, action:Wait, timestep:255, reward:-0.46495880906748255
==================================================

coord:(33.92210769185033, 7.872093357350055, 22.0111425138303)->(37.562107558336024, 8.294011192532395, 22.0111425138303)
state:field-0.0, action:W, timestep:256, reward:0.9326850214216051
==================================================

coord:(37.562107558336024, 8.294011192532395, 22.0111425138303)->(37.562107558336024, 8.294011192532395, 22.0111425138303)
state:death-0.0, action:D, timestep:257, reward:-999999
==================================================

