coord:(28.0, 0.0, 39.0)->(28.0, 0.0, 39.0)
state:field-4, action:Wait, timestep:1, reward:-0.0
==================================================

coord:(28.0, 0.0, 39.0)->(28.0, 18.63020038062031, 39.086666663487755)
state:field-4.0, action:Dj, timestep:2, reward:-1.1700330124849891
==================================================

coord:(28.0, 18.63020038062031, 39.086666663487755)->(27.91333333651225, 18.63020038062031, 39.086666663487755)
state:field-4.0, action:S, timestep:3, reward:-0.00897411558639405
==================================================

coord:(27.91333333651225, 18.63020038062031, 39.086666663487755)->(27.91333333651225, 16.673795318751065, 39.086666663487755)
state:air-9.0, action:Wait, timestep:4, reward:0.6745860264667165
==================================================

coord:(27.91333333651225, 16.673795318751065, 39.086666663487755)->(27.91333333651225, 16.673795318751065, 39.086666663487755)
state:field-4.0, action:j, timestep:5, reward:6.840594899415464e-07
==================================================

coord:(27.91333333651225, 16.673795318751065, 39.086666663487755)->(28.035898505324642, 16.834814758615224, 39.20923183230014)
state:field-4.0, action:WDj, timestep:6, reward:-0.15366570790141054
==================================================

coord:(28.035898505324642, 16.834814758615224, 39.20923183230014)->(28.035898505324642, 18.63020038062031, 39.20923183230014)
state:air-9.0, action:Wait, timestep:7, reward:-0.6213232722647675
==================================================

coord:(28.035898505324642, 18.63020038062031, 39.20923183230014)->(27.974615920918446, 18.713010378161417, 39.14794924789395)
state:field-4.0, action:SAj, timestep:8, reward:0.019256879378634295
==================================================

coord:(27.974615920918446, 18.713010378161417, 39.14794924789395)->(27.974615920918446, 16.673795318751065, 39.14794924789395)
state:air-9.0, action:Wait, timestep:9, reward:0.7044402957036304
==================================================

coord:(27.974615920918446, 16.673795318751065, 39.14794924789395)->(27.974615920918446, 15.509854848581673, 42.00794914298985)
state:field-4.0, action:D, timestep:10, reward:-2.398385014416995
==================================================

coord:(27.974615920918446, 15.509854848581673, 42.00794914298985)->(27.974615920918446, 13.98004049266512, 42.00794914298985)
state:air-9.0, action:Wait, timestep:11, reward:0.35105551285005276
==================================================

coord:(27.974615920918446, 13.98004049266512, 42.00794914298985)->(25.03305186942101, 12.842883997674194, 39.066385091492585)
state:field-4.0, action:SA, timestep:12, reward:2.61899878002907
==================================================

coord:(25.03305186942101, 12.842883997674194, 39.066385091492585)->(23.97239174559595, 12.595161775451972, 38.005724967667526)
state:field-4.0, action:SAs, timestep:13, reward:0.8099633031434941
==================================================

coord:(23.97239174559595, 12.595161775451972, 38.005724967667526)->(23.97239174559595, 9.700357959691633, 38.005724967667526)
state:air-9.0, action:Wait, timestep:14, reward:0.3741036630103842
==================================================

coord:(23.97239174559595, 9.700357959691633, 38.005724967667526)->(23.911109161189753, 9.892149101304343, 37.94444238326133)
state:field-4.0, action:SAj, timestep:15, reward:0.02755847338809403
==================================================

coord:(23.911109161189753, 9.892149101304343, 37.94444238326133)->(23.23700073272159, 9.700357959691633, 38.618550811729456)
state:field-4.0, action:SD, timestep:16, reward:-0.8142168287768357
==================================================

coord:(23.23700073272159, 9.700357959691633, 38.618550811729456)->(23.23700073272159, 9.38893370440675, 33.31855081172938)
state:field-4.0, action:Asj, timestep:17, reward:5.048573867003718
==================================================

coord:(23.23700073272159, 9.38893370440675, 33.31855081172938)->(22.954158033034908, 9.627400372853607, 33.60139351141606)
state:field-4.0, action:SDsj, timestep:18, reward:-0.3814468180221233
==================================================

coord:(22.954158033034908, 9.627400372853607, 33.60139351141606)->(22.954158033034908, 9.627400372853607, 33.60139351141606)
state:air-9.0, action:j, timestep:19, reward:2.035678292600096e-08
==================================================

coord:(22.954158033034908, 9.627400372853607, 33.60139351141606)->(22.954158033034908, 9.627400372853607, 33.60139351141606)
state:parachute-19.0, action:Wj, timestep:20, reward:2.035678292600096e-08
==================================================

coord:(22.954158033034908, 9.627400372853607, 33.60139351141606)->(22.954158033034908, 8.327400420537288, 33.60139351141606)
state:wall-14.0, action:S, timestep:21, reward:0.07571699537141541
==================================================

coord:(22.954158033034908, 8.327400420537288, 33.60139351141606)->(22.954158033034908, 0.5914990801290658, 33.60139351141606)
state:air-9.0, action:Wait, timestep:22, reward:-1.0407313349757246
==================================================

coord:(22.954158033034908, 0.5914990801290658, 33.60139351141606)->(21.134158099792135, 0.4448722527607861, 33.60139351141606)
state:field-4.0, action:S, timestep:23, reward:-0.709112124617576
==================================================

coord:(21.134158099792135, 0.4448722527607861, 33.60139351141606)->(23.034158099792162, 0.5914990801290658, 33.60139351141606)
state:field-4.0, action:Ws, timestep:24, reward:0.7356997414123008
==================================================

coord:(23.034158099792162, 0.5914990801290658, 33.60139351141606)->(23.034158099792162, 9.38893370440675, 33.60139351141606)
state:air-9.0, action:Wait, timestep:25, reward:0.9854909347889418
==================================================

coord:(23.034158099792162, 9.38893370440675, 33.60139351141606)->(22.972875515385965, 9.38893370440675, 33.662676095822256)
state:field-4.0, action:SD, timestep:26, reward:-0.07850171883994506
==================================================

coord:(22.972875515385965, 9.38893370440675, 33.662676095822256)->(22.972875515385965, 1.2459509684390957, 33.662676095822256)
state:air-9.0, action:Wait, timestep:27, reward:-0.7996795714362079
==================================================

coord:(22.972875515385965, 1.2459509684390957, 33.662676095822256)->(22.972875515385965, -0.05404898387718835, 32.962676095822296)
state:wall-14.0, action:S, timestep:28, reward:0.2420381989750382
==================================================

coord:(22.972875515385965, -0.05404898387718835, 32.962676095822296)->(20.639423242970835, 0.1552436464705215, 35.296128368237426)
state:field-4.0, action:SDs, timestep:29, reward:-2.843339229611292
==================================================

coord:(20.639423242970835, 0.1552436464705215, 35.296128368237426)->(19.93231649375413, 0.6697436509210017, 36.00323511745413)
state:field-3.0, action:SDsj, timestep:30, reward:-0.7637538997215678
==================================================

coord:(19.93231649375413, 0.6697436509210017, 36.00323511745413)->(19.93231649375413, 17.59454003445045, 36.00323511745413)
state:air-8.0, action:Wait, timestep:31, reward:-0.9136141724048805
==================================================

coord:(19.93231649375413, 17.59454003445045, 36.00323511745413)->(19.993599078160326, 17.67735003199156, 35.94195253304794)
state:field-3.0, action:WAj, timestep:32, reward:0.04666474153057365
==================================================

coord:(19.993599078160326, 17.67735003199156, 35.94195253304794)->(19.993599078160326, 17.67735003199156, 35.94195253304794)
state:air-8.0, action:j, timestep:33, reward:-4.501198169748477e-07
==================================================

coord:(19.993599078160326, 17.67735003199156, 35.94195253304794)->(19.993599078160326, 17.67735003199156, 35.94195253304794)
state:parachute-18.0, action:Sj, timestep:34, reward:-4.501198169748477e-07
==================================================

coord:(19.993599078160326, 17.67735003199156, 35.94195253304794)->(19.993599078160326, 16.377350079675345, 35.94195253304794)
state:wall-13.0, action:S, timestep:35, reward:0.43648929000731584
==================================================

coord:(19.993599078160326, 16.377350079675345, 35.94195253304794)->(19.993599078160326, 8.234367343707701, 35.94195253304794)
state:air-8.0, action:Wait, timestep:36, reward:1.406433565990838
==================================================

coord:(19.993599078160326, 8.234367343707701, 35.94195253304794)->(19.993599078160326, 10.834367248340234, 36.04195253304793)
state:wall-13.0, action:Wj, timestep:37, reward:-0.2772229359802765
==================================================

coord:(19.993599078160326, 10.834367248340234, 36.04195253304793)->(19.993599078160326, 17.59454003445045, 36.04195253304793)
state:air-8.0, action:Wait, timestep:38, reward:-1.6213442313080435
==================================================

coord:(19.993599078160326, 17.59454003445045, 36.04195253304793)->(22.093599078160356, 17.07731781222823, 36.04195253304793)
state:field-3.0, action:Ws, timestep:39, reward:0.9329924618018239
==================================================

coord:(22.093599078160356, 17.07731781222823, 36.04195253304793)->(22.093599078160356, 14.921418890494142, 36.04195253304793)
state:air-7.0, action:Wait, timestep:40, reward:0.6683921994846393
==================================================

coord:(22.093599078160356, 14.921418890494142, 36.04195253304793)->(23.09359907816037, 15.435918894944622, 36.04195253304793)
state:field-2.0, action:Wsj, timestep:41, reward:0.17025611054401324
==================================================

coord:(23.09359907816037, 15.435918894944622, 36.04195253304793)->(23.09359907816037, 15.435918894944622, 36.04195253304793)
state:air-7.0, action:j, timestep:42, reward:4.495332710519051e-07
==================================================

coord:(23.09359907816037, 15.435918894944622, 36.04195253304793)->(24.046932376525632, 14.720918921170666, 36.04195253304793)
state:parachute-17.0, action:W, timestep:43, reward:0.47268937574670744
==================================================

coord:(24.046932376525632, 14.720918921170666, 36.04195253304793)->(24.046932376525632, 11.72147843009481, 36.04195253304793)
state:air-7.0, action:Wait, timestep:44, reward:0.6526844655793411
==================================================

coord:(24.046932376525632, 11.72147843009481, 36.04195253304793)->(23.97622170160396, 11.72147843009481, 36.112663207969604)
state:field-2.0, action:SDs, timestep:45, reward:-0.08647612205828636
==================================================

coord:(23.97622170160396, 11.72147843009481, 36.112663207969604)->(23.97622170160396, 9.956918478215421, 36.112663207969604)
state:air-7.0, action:Wait, timestep:46, reward:0.22338771703673999
==================================================

coord:(23.97622170160396, 9.956918478215421, 36.112663207969604)->(23.97622170160396, 9.956918478215421, 36.112663207969604)
state:field-2.0, action:Wait, timestep:47, reward:9.525103727980877e-07
==================================================

coord:(23.97622170160396, 9.956918478215421, 36.112663207969604)->(23.48596102635439, 9.892149101304343, 35.62240253272006)
state:field-2.0, action:SA, timestep:48, reward:0.33069450151989344
==================================================

coord:(23.48596102635439, 9.892149101304343, 35.62240253272006)->(23.48596102635439, 9.943326899999377, 30.922402532719993)
state:field-2.0, action:Asj, timestep:49, reward:4.401010267235179
==================================================

coord:(23.48596102635439, 9.943326899999377, 30.922402532719993)->(23.48596102635439, 7.872093357350055, 30.922402532719993)
state:air-7.0, action:Wait, timestep:50, reward:0.12936056509988347
==================================================

coord:(23.48596102635439, 7.872093357350055, 30.922402532719993)->(25.041595874631142, 9.190959455497945, 29.36676768444324)
state:field-2.0, action:WAs, timestep:51, reward:1.9345884989213324
==================================================

coord:(25.041595874631142, 9.190959455497945, 29.36676768444324)->(25.041595874631142, 9.892149101304343, 29.36676768444324)
state:air-7.0, action:Wait, timestep:52, reward:-0.07252300424705993
==================================================

coord:(25.041595874631142, 9.892149101304343, 29.36676768444324)->(24.673900368193962, 10.32000075828009, 28.99907217800606)
state:field-2.0, action:SAj, timestep:53, reward:0.16294569761551259
==================================================

coord:(24.673900368193962, 10.32000075828009, 28.99907217800606)->(24.673900368193962, 7.719467496535955, 28.99907217800606)
state:air-7.0, action:Wait, timestep:54, reward:0.19788548294182107
==================================================

coord:(24.673900368193962, 7.719467496535955, 28.99907217800606)->(22.973900368193938, 7.596967496535955, 28.99907217800606)
state:field-2.0, action:Ss, timestep:55, reward:-0.6603788346132724
==================================================

coord:(22.973900368193938, 7.596967496535955, 28.99907217800606)->(22.973900368193938, 2.457807391178343, 28.99907217800606)
state:air-7.0, action:Wait, timestep:56, reward:-0.699049305986108
==================================================

coord:(22.973900368193938, 2.457807391178343, 28.99907217800606)->(23.07390036819394, 2.5215073916233908, 28.99907217800606)
state:field-2.0, action:Wsj, timestep:57, reward:0.05779363749321931
==================================================

coord:(23.07390036819394, 2.5215073916233908, 28.99907217800606)->(23.07390036819394, 6.557373203102033, 28.99907217800606)
state:air-6.0, action:Wait, timestep:58, reward:0.6530050341089222
==================================================

coord:(23.07390036819394, 6.557373203102033, 28.99907217800606)->(23.07390036819394, 7.284206549786808, 25.999072178006017)
state:field-1.0, action:Asj, timestep:59, reward:2.6959350121276344
==================================================

coord:(23.07390036819394, 7.284206549786808, 25.999072178006017)->(23.07390036819394, 4.520379902327848, 25.999072178006017)
state:air-6.0, action:Wait, timestep:60, reward:-0.2944051333743509
==================================================

coord:(23.07390036819394, 4.520379902327848, 25.999072178006017)->(24.11570430309928, 6.103130093383256, 27.04087611291136)
state:field-1.0, action:WD, timestep:61, reward:-0.22667525978163638
==================================================

coord:(24.11570430309928, 6.103130093383256, 27.04087611291136)->(24.11570430309928, 6.908826441871399, 27.04087611291136)
state:air-6.0, action:Wait, timestep:62, reward:0.05470268586948279
==================================================

coord:(24.11570430309928, 6.908826441871399, 27.04087611291136)->(23.07390036819394, 6.356759815704104, 25.999072178006017)
state:field-1.0, action:SA, timestep:63, reward:0.4196718428168431
==================================================

coord:(23.07390036819394, 6.356759815704104, 25.999072178006017)->(23.07390036819394, 4.520379902327848, 25.999072178006017)
state:air-6.0, action:Wait, timestep:64, reward:-0.24769988740267124
==================================================

coord:(23.07390036819394, 4.520379902327848, 25.999072178006017)->(25.053799266000716, 5.321479294713132, 24.01917328019924)
state:field-1.0, action:WAs, timestep:65, reward:2.77812013113315
==================================================

coord:(25.053799266000716, 5.321479294713132, 24.01917328019924)->(24.011995331095374, 6.1035737432557235, 22.977369345293898)
state:field-1.0, action:SAj, timestep:66, reward:0.5048907192027041
==================================================

coord:(24.011995331095374, 6.1035737432557235, 22.977369345293898)->(24.011995331095374, 3.261820461414544, 22.977369345293898)
state:air-6.0, action:Wait, timestep:67, reward:-0.624775128204595
==================================================

coord:(24.011995331095374, 3.261820461414544, 22.977369345293898)->(24.011995331095374, 3.89032683908715, 23.0773693452939)
state:field-1.0, action:Dsj, timestep:68, reward:0.10577824576027695
==================================================

coord:(24.011995331095374, 3.89032683908715, 23.0773693452939)->(27.011995331095417, 5.184360417004906, 23.0773693452939)
state:field-1.0, action:Ws, timestep:69, reward:1.5962138738552447
==================================================

coord:(27.011995331095417, 5.184360417004906, 23.0773693452939)->(27.011995331095417, 5.868766646810801, 23.0773693452939)
state:air-6.0, action:Wait, timestep:70, reward:0.12043291787375132
==================================================

coord:(27.011995331095417, 5.868766646810801, 23.0773693452939)->(28.05379926600076, 5.4979889792571965, 22.035565410388557)
state:field-1.0, action:WA, timestep:71, reward:1.2300943455987703
==================================================

coord:(28.05379926600076, 5.4979889792571965, 22.035565410388557)->(28.05379926600076, 5.4979889792571965, 22.035565410388557)
state:field-1.0, action:j, timestep:72, reward:3.8960511794527974e-07
==================================================

coord:(28.05379926600076, 5.4979889792571965, 22.035565410388557)->(29.043748714904147, 5.4979889792571965, 23.025514859291945)
state:field-1.0, action:WDs, timestep:73, reward:-0.724668841848656
==================================================

coord:(29.043748714904147, 5.4979889792571965, 23.025514859291945)->(29.043748714904147, 7.231766021017783, 23.025514859291945)
state:air-6.0, action:Wait, timestep:74, reward:0.1943804099946309
==================================================

coord:(29.043748714904147, 7.231766021017783, 23.025514859291945)->(31.037081975122423, 8.457996674488252, 23.025514859291945)
state:field-1.0, action:Wj, timestep:75, reward:0.14839381327834644
==================================================

coord:(31.037081975122423, 8.457996674488252, 23.025514859291945)->(30.966371300200752, 8.457996674488252, 22.954804184370275)
state:field-1.0, action:SAs, timestep:76, reward:0.07052269843924108
==================================================

coord:(30.966371300200752, 8.457996674488252, 22.954804184370275)->(30.966371300200752, 6.600307955923573, 22.954804184370275)
state:air-6.0, action:Wait, timestep:77, reward:-0.01737656877086735
==================================================

coord:(30.966371300200752, 6.600307955923573, 22.954804184370275)->(33.7240875984795, 5.321479294713132, 20.197087886091428)
state:field-1.0, action:WA, timestep:78, reward:2.0617748744859483
==================================================

coord:(33.7240875984795, 5.321479294713132, 20.197087886091428)->(37.624087598479555, 5.606692759807101, 20.197087886091428)
state:field-1.0, action:Ws, timestep:79, reward:-1.790297755748897
==================================================

coord:(37.624087598479555, 5.606692759807101, 20.197087886091428)->(35.32408759847952, 5.606692759807101, 20.197087886091428)
state:field-0.0, action:Ss, timestep:80, reward:1.2454486426890075
==================================================

coord:(35.32408759847952, 5.606692759807101, 20.197087886091428)->(34.475559499419475, 6.730806294554188, 21.045615985151475)
state:field-0.0, action:SDs, timestep:81, reward:-0.2457517759520691
==================================================

coord:(34.475559499419475, 6.730806294554188, 21.045615985151475)->(28.975559499419397, 6.191806319031832, 21.045615985151475)
state:field-0.0, action:Ssj, timestep:82, reward:0.3515527872818609
==================================================

coord:(28.975559499419397, 6.191806319031832, 21.045615985151475)->(28.975559499419397, 4.549977332236839, 21.045615985151475)
state:air-5.0, action:Wait, timestep:83, reward:-0.38773429933392833
==================================================

coord:(28.975559499419397, 4.549977332236839, 21.045615985151475)->(28.975559499419397, 4.549977332236839, 21.045615985151475)
state:field-0.0, action:Wait, timestep:84, reward:1.1381304432234174e-07
==================================================

coord:(28.975559499419397, 4.549977332236839, 21.045615985151475)->(26.11555960432361, 3.5972822727794975, 21.045615985151475)
state:field-0.0, action:S, timestep:85, reward:-1.2752079965202974
==================================================

coord:(26.11555960432361, 3.5972822727794975, 21.045615985151475)->(26.11555960432361, 3.5972822727794975, 21.045615985151475)
state:field-0.0, action:Wait, timestep:86, reward:4.7668526903521524e-07
==================================================

coord:(26.11555960432361, 3.5972822727794975, 21.045615985151475)->(28.015319720915706, 4.920631073847381, 22.94537610174357)
state:field-0.0, action:WD, timestep:87, reward:-0.6209784452956377
==================================================

coord:(28.015319720915706, 4.920631073847381, 22.94537610174357)->(28.015319720915706, 5.4979889792571965, 22.94537610174357)
state:air-5.0, action:Wait, timestep:88, reward:0.1205382564611206
==================================================

coord:(28.015319720915706, 5.4979889792571965, 22.94537610174357)->(28.015319720915706, 5.194352334865184, 20.952042841525294)
state:field-0.0, action:A, timestep:89, reward:1.7977278230867189
==================================================

coord:(28.015319720915706, 5.194352334865184, 20.952042841525294)->(28.015319720915706, 3.7166015680391973, 20.952042841525294)
state:air-5.0, action:Wait, timestep:90, reward:-0.47028506699095196
==================================================

coord:(28.015319720915706, 3.7166015680391973, 20.952042841525294)->(28.015319720915706, 4.549977332236839, 22.07870946686606)
state:field-0.0, action:D, timestep:91, reward:-0.7373414064059229
==================================================

coord:(28.015319720915706, 4.549977332236839, 22.07870946686606)->(28.015319720915706, 5.4979889792571965, 22.07870946686606)
state:air-5.0, action:Wait, timestep:92, reward:0.22808757688517822
==================================================

coord:(28.015319720915706, 5.4979889792571965, 22.07870946686606)->(29.057123655821048, 5.0179195919649295, 21.036905531960716)
state:field-0.0, action:WA, timestep:93, reward:1.1198688884429266
==================================================

coord:(29.057123655821048, 5.0179195919649295, 21.036905531960716)->(29.057123655821048, 5.0179195919649295, 21.036905531960716)
state:field-0.0, action:Wait, timestep:94, reward:-3.4373480772842413e-07
==================================================

coord:(29.057123655821048, 5.0179195919649295, 21.036905531960716)->(31.01816635681934, 6.600307955923573, 22.997948232959008)
state:field-0.0, action:WD, timestep:95, reward:-1.4403207060804561
==================================================

coord:(31.01816635681934, 6.600307955923573, 22.997948232959008)->(31.01816635681934, 7.091554966084926, 22.997948232959008)
state:air-5.0, action:Wait, timestep:96, reward:0.035013539369954216
==================================================

coord:(31.01816635681934, 7.091554966084926, 22.997948232959008)->(31.01816635681934, 7.091554966084926, 22.997948232959008)
state:field-0.0, action:Wait, timestep:97, reward:3.405174151538404e-07
==================================================

coord:(31.01816635681934, 7.091554966084926, 22.997948232959008)->(31.01816635681934, 6.7879183216929135, 20.91794830925298)
state:field-0.0, action:A, timestep:98, reward:2.053410837867924
==================================================

coord:(31.01816635681934, 6.7879183216929135, 20.91794830925298)->(31.01816635681934, 4.7938408764050084, 20.91794830925298)
state:air-5.0, action:Wait, timestep:99, reward:-0.40087606329907466
==================================================

coord:(31.01816635681934, 4.7938408764050084, 20.91794830925298)->(30.895601188006946, 5.462224769554208, 21.040513478065375)
state:field-0.0, action:SD, timestep:100, reward:0.060867008022171376
==================================================

coord:(30.895601188006946, 5.462224769554208, 21.040513478065375)->(28.12226795639891, 4.549977332236839, 21.040513478065375)
state:field-0.0, action:S, timestep:101, reward:-0.6776911016970146
==================================================

coord:(28.12226795639891, 4.549977332236839, 21.040513478065375)->(27.141746605899765, 4.920631073847381, 22.02103482856452)
state:field-0.0, action:SD, timestep:102, reward:-1.0996177428234333
==================================================

coord:(27.141746605899765, 4.920631073847381, 22.02103482856452)->(28.060985371992714, 4.549977332236839, 21.10179606247157)
state:field-0.0, action:WA, timestep:103, reward:1.0262940228543282
==================================================

coord:(28.060985371992714, 4.549977332236839, 21.10179606247157)->(26.15431877526219, 3.5972822727794975, 21.10179606247157)
state:field-0.0, action:S, timestep:104, reward:-1.0237414746442255
==================================================

coord:(26.15431877526219, 3.5972822727794975, 21.10179606247157)->(26.15431877526219, 3.5972822727794975, 21.10179606247157)
state:field-0.0, action:Wait, timestep:105, reward:2.474627081028302e-07
==================================================

coord:(26.15431877526219, 3.5972822727794975, 21.10179606247157)->(28.054078891854285, 4.920631073847381, 23.001556179063666)
state:field-0.0, action:WD, timestep:106, reward:-0.6348519784501523
==================================================

coord:(28.054078891854285, 4.920631073847381, 23.001556179063666)->(28.054078891854285, 6.557373203102033, 23.001556179063666)
state:air-5.0, action:Wait, timestep:107, reward:0.2677086395971191
==================================================

coord:(28.054078891854285, 6.557373203102033, 23.001556179063666)->(28.054078891854285, 7.719467496535955, 25.081556102769692)
state:field-0.0, action:D, timestep:108, reward:-1.9697113875376377
==================================================

coord:(28.054078891854285, 7.719467496535955, 25.081556102769692)->(28.054078891854285, 8.969664290777729, 25.081556102769692)
state:air-5.0, action:Wait, timestep:109, reward:-0.06627094271179779
==================================================

coord:(28.054078891854285, 8.969664290777729, 25.081556102769692)->(27.134840125761336, 9.206899012526016, 26.00079486886264)
state:field-0.0, action:SD, timestep:110, reward:-1.1339398739624933
==================================================

coord:(27.134840125761336, 9.206899012526016, 26.00079486886264)->(27.134840125761336, 9.206899012526016, 26.00079486886264)
state:field-0.0, action:Wait, timestep:111, reward:-1.3092050110685705e-07
==================================================

coord:(27.134840125761336, 9.206899012526016, 26.00079486886264)->(27.134840125761336, 8.953868475532667, 24.960794907009628)
state:field-0.0, action:A, timestep:112, reward:1.0203577653389413
==================================================

coord:(27.134840125761336, 8.953868475532667, 24.960794907009628)->(27.134840125761336, 6.908826441871399, 24.960794907009628)
state:air-5.0, action:Wait, timestep:113, reward:0.04512359761558571
==================================================

coord:(27.134840125761336, 6.908826441871399, 24.960794907009628)->(27.134840125761336, 6.6557959048780555, 22.967461646791353)
state:field-0.0, action:A, timestep:114, reward:1.8746554952715915
==================================================

coord:(27.134840125761336, 6.6557959048780555, 22.967461646791353)->(27.134840125761336, 4.920631073847381, 22.967461646791353)
state:air-5.0, action:Wait, timestep:115, reward:-0.27100931490204694
==================================================

coord:(27.134840125761336, 4.920631073847381, 22.967461646791353)->(28.17664406066668, 6.557373203102033, 24.009265581696695)
state:field-0.0, action:WD, timestep:116, reward:-0.44287381786923596
==================================================

coord:(28.17664406066668, 6.557373203102033, 24.009265581696695)->(28.17664406066668, 7.719467496535955, 24.009265581696695)
state:air-5.0, action:Wait, timestep:117, reward:0.04640575375489142
==================================================

coord:(28.17664406066668, 7.719467496535955, 24.009265581696695)->(27.134840125761336, 8.027736868461885, 25.051069516602038)
state:field-0.0, action:SD, timestep:118, reward:-1.2801443112846709
==================================================

coord:(27.134840125761336, 8.027736868461885, 25.051069516602038)->(28.11536147626048, 8.969664290777729, 26.031590867101183)
state:field-0.0, action:WD, timestep:119, reward:-0.7702169753187995
==================================================

coord:(28.11536147626048, 8.969664290777729, 26.031590867101183)->(28.11536147626048, 10.28718238460078, 26.031590867101183)
state:air-5.0, action:Wait, timestep:120, reward:-0.18167516196776212
==================================================

coord:(28.11536147626048, 10.28718238460078, 26.031590867101183)->(27.134840125761336, 10.42233515787929, 27.01211221760033)
state:field-0.0, action:SD, timestep:121, reward:-1.1818082974266488
==================================================

coord:(27.134840125761336, 10.42233515787929, 27.01211221760033)->(28.17664406066668, 11.645230657648455, 28.05391615250567)
state:field-0.0, action:WD, timestep:122, reward:-1.0362264704424113
==================================================

coord:(28.17664406066668, 11.645230657648455, 28.05391615250567)->(28.17664406066668, 13.011613521880761, 28.05391615250567)
state:air-5.0, action:Wait, timestep:123, reward:-0.3780086566744103
==================================================

coord:(28.17664406066668, 13.011613521880761, 28.05391615250567)->(27.99279630744809, 13.0070129666627, 27.87006839928708)
state:field-0.0, action:SA, timestep:124, reward:0.14176358955922552
==================================================

coord:(27.99279630744809, 13.0070129666627, 27.87006839928708)->(27.99279630744809, 10.42233515787929, 27.87006839928708)
state:air-5.0, action:Wait, timestep:125, reward:0.6315962664142596
==================================================

coord:(27.99279630744809, 10.42233515787929, 27.87006839928708)->(27.99279630744809, 10.169304620885942, 25.963401802556557)
state:field-0.0, action:A, timestep:126, reward:1.8845524660751423
==================================================

coord:(27.99279630744809, 10.169304620885942, 25.963401802556557)->(27.99279630744809, 8.027736868461885, 25.963401802556557)
state:air-5.0, action:Wait, timestep:127, reward:0.21813065453173408
==================================================

coord:(27.99279630744809, 8.027736868461885, 25.963401802556557)->(29.892556424040183, 8.513375861448784, 24.063641685964463)
state:field-0.0, action:WA, timestep:128, reward:2.1426462019872634
==================================================

coord:(29.892556424040183, 8.513375861448784, 24.063641685964463)->(28.912035073541038, 8.969664290777729, 25.04416303646361)
state:field-0.0, action:SD, timestep:129, reward:-1.1313815613623532
==================================================

coord:(28.912035073541038, 8.969664290777729, 25.04416303646361)->(26.918701813322762, 8.66602764638571, 25.04416303646361)
state:field-0.0, action:S, timestep:130, reward:-0.42903227346990924
==================================================

coord:(26.918701813322762, 8.66602764638571, 25.04416303646361)->(26.918701813322762, 7.091554966084926, 25.04416303646361)
state:air-5.0, action:Wait, timestep:131, reward:0.028378193775209226
==================================================

coord:(26.918701813322762, 7.091554966084926, 25.04416303646361)->(27.899223163821908, 8.027736868461885, 26.024684386962754)
state:field-0.0, action:WD, timestep:132, reward:-0.6904044141128463
==================================================

coord:(27.899223163821908, 8.027736868461885, 26.024684386962754)->(27.899223163821908, 9.206899012526016, 26.024684386962754)
state:air-5.0, action:Wait, timestep:133, reward:-0.0806335211222251
==================================================

coord:(27.899223163821908, 9.206899012526016, 26.024684386962754)->(28.879744514321054, 10.28718238460078, 27.0052057374619)
state:field-0.0, action:WD, timestep:134, reward:-0.9356526434406831
==================================================

coord:(28.879744514321054, 10.28718238460078, 27.0052057374619)->(28.879744514321054, 11.645230657648455, 27.0052057374619)
state:air-5.0, action:Wait, timestep:135, reward:-0.29154909267976414
==================================================

coord:(28.879744514321054, 11.645230657648455, 27.0052057374619)->(26.97307791759053, 11.392200120655106, 27.0052057374619)
state:field-0.0, action:S, timestep:136, reward:-0.3080633474092469
==================================================

coord:(26.97307791759053, 11.392200120655106, 27.0052057374619)->(26.97307791759053, 9.206899012526016, 27.0052057374619)
state:air-5.0, action:Wait, timestep:137, reward:0.3689439734018407
==================================================

coord:(26.97307791759053, 9.206899012526016, 27.0052057374619)->(24.979744657372255, 8.953868475532667, 27.0052057374619)
state:field-0.0, action:S, timestep:138, reward:-0.606026029692643
==================================================

coord:(24.979744657372255, 8.953868475532667, 27.0052057374619)->(24.979744657372255, 6.908826441871399, 27.0052057374619)
state:air-5.0, action:Wait, timestep:139, reward:0.03778297192024027
==================================================

coord:(24.979744657372255, 6.908826441871399, 27.0052057374619)->(26.019744619225268, 8.027736868461885, 27.0052057374619)
state:field-0.0, action:W, timestep:140, reward:0.36897650473377297
==================================================

coord:(26.019744619225268, 8.027736868461885, 27.0052057374619)->(26.019744619225268, 9.206899012526016, 27.0052057374619)
state:air-5.0, action:Wait, timestep:141, reward:-0.07329528376712169
==================================================

coord:(26.019744619225268, 9.206899012526016, 27.0052057374619)->(25.95846203481907, 9.206899012526016, 26.943923153055703)
state:field-0.0, action:SA, timestep:142, reward:0.03847754660106517
==================================================

coord:(25.95846203481907, 9.206899012526016, 26.943923153055703)->(25.95846203481907, 7.091554966084926, 26.943923153055703)
state:air-5.0, action:Wait, timestep:143, reward:0.0691808251777637
==================================================

coord:(25.95846203481907, 7.091554966084926, 26.943923153055703)->(27.42924406056779, 8.027736868461885, 25.473141127306985)
state:field-0.0, action:WA, timestep:144, reward:1.836782102673176
==================================================

coord:(27.42924406056779, 8.027736868461885, 25.473141127306985)->(26.87770080091202, 8.133205096822149, 26.024684386962754)
state:field-0.0, action:SD, timestep:145, reward:-0.6826595931380872
==================================================

coord:(26.87770080091202, 8.133205096822149, 26.024684386962754)->(26.87770080091202, 9.206899012526016, 28.01801764718103)
state:field-0.0, action:D, timestep:146, reward:-1.9882071056827186
==================================================

coord:(26.87770080091202, 9.206899012526016, 28.01801764718103)->(26.87770080091202, 10.28718238460078, 28.01801764718103)
state:air-5.0, action:Wait, timestep:147, reward:-0.1369547934369031
==================================================

coord:(26.87770080091202, 10.28718238460078, 28.01801764718103)->(26.87770080091202, 10.28718238460078, 28.01801764718103)
state:field-0.0, action:Wait, timestep:148, reward:4.677935656616228e-07
==================================================

coord:(26.87770080091202, 10.28718238460078, 28.01801764718103)->(26.87770080091202, 10.28718238460078, 28.01801764718103)
state:field-0.0, action:Wait, timestep:149, reward:4.677935656616228e-07
==================================================

coord:(26.87770080091202, 10.28718238460078, 28.01801764718103)->(26.87770080091202, 10.034151847607431, 26.978017685328016)
state:field-0.0, action:A, timestep:150, reward:1.0321596064005636
==================================================

coord:(26.87770080091202, 10.034151847607431, 26.978017685328016)->(26.87770080091202, 8.133205096822149, 26.978017685328016)
state:air-5.0, action:Wait, timestep:151, reward:0.17654111475552092
==================================================

coord:(26.87770080091202, 8.133205096822149, 26.978017685328016)->(28.53233057987933, 8.969664290777729, 25.323387906360708)
state:field-0.0, action:WA, timestep:152, reward:1.9271716323934633
==================================================

coord:(28.53233057987933, 8.969664290777729, 25.323387906360708)->(26.97233063709981, 8.71663375378438, 25.323387906360708)
state:field-0.0, action:S, timestep:153, reward:-0.3452095417416299
==================================================

coord:(26.97233063709981, 8.71663375378438, 25.323387906360708)->(26.97233063709981, 7.091554966084926, 25.323387906360708)
state:air-5.0, action:Wait, timestep:154, reward:0.03170794051159476
==================================================

coord:(26.97233063709981, 7.091554966084926, 25.323387906360708)->(28.136699740817544, 7.719467496535955, 24.159018802642972)
state:field-0.0, action:WA, timestep:155, reward:1.43744026844195
==================================================

coord:(28.136699740817544, 7.719467496535955, 24.159018802642972)->(28.136699740817544, 8.969664290777729, 26.065685399373496)
state:field-0.0, action:D, timestep:156, reward:-1.9244441149001954
==================================================

coord:(28.136699740817544, 8.969664290777729, 26.065685399373496)->(28.136699740817544, 10.28718238460078, 26.065685399373496)
state:air-5.0, action:Wait, timestep:157, reward:-0.18131412805485247
==================================================

coord:(28.136699740817544, 10.28718238460078, 26.065685399373496)->(29.11722109131669, 9.892149101304343, 25.08516404887435)
state:field-0.0, action:WA, timestep:158, reward:1.1859355243858385
==================================================

coord:(29.11722109131669, 9.892149101304343, 25.08516404887435)->(28.994655922504297, 9.892149101304343, 24.962598880061957)
state:field-0.0, action:SA, timestep:159, reward:0.1016392876481742
==================================================

coord:(28.994655922504297, 9.892149101304343, 24.962598880061957)->(28.994655922504297, 7.719467496535955, 24.962598880061957)
state:air-5.0, action:Wait, timestep:160, reward:0.1930067166073126
==================================================

coord:(28.994655922504297, 7.719467496535955, 24.962598880061957)->(31.568524467564554, 7.091554966084926, 22.3887303350017)
state:field-0.0, action:WA, timestep:161, reward:2.6987873159401534
==================================================

coord:(31.568524467564554, 7.091554966084926, 22.3887303350017)->(31.568524467564554, 7.091554966084926, 22.3887303350017)
state:field-0.0, action:Wait, timestep:162, reward:-3.7326883095545327e-07
==================================================

coord:(31.568524467564554, 7.091554966084926, 22.3887303350017)->(36.768524276829815, 8.34831667575272, 22.3887303350017)
state:field-0.0, action:W, timestep:163, reward:-1.4860969400695154
==================================================

coord:(36.768524276829815, 8.34831667575272, 22.3887303350017)->(36.768524276829815, 8.34831667575272, 22.3887303350017)
state:field-0.0, action:Wait, timestep:164, reward:3.9574591426116967e-07
==================================================

coord:(36.768524276829815, 8.34831667575272, 22.3887303350017)->(35.60415517311215, 9.892149101304343, 23.553099438719435)
state:field-0.0, action:SD, timestep:165, reward:-0.7360377439826653
==================================================

coord:(35.60415517311215, 9.892149101304343, 23.553099438719435)->(37.597488433330504, 9.892149101304343, 23.553099438719435)
state:field-0.0, action:W, timestep:166, reward:-0.8543488217266102
==================================================

coord:(37.597488433330504, 9.892149101304343, 23.553099438719435)->(37.597488433330504, 9.639118564310994, 21.993099495939916)
state:field-0.0, action:A, timestep:167, reward:1.3532283670786018
==================================================

coord:(37.597488433330504, 9.639118564310994, 21.993099495939916)->(37.597488433330504, 6.863884788004712, 21.993099495939916)
state:air-5.0, action:Wait, timestep:168, reward:0.14243741166438717
==================================================

coord:(37.597488433330504, 6.863884788004712, 21.993099495939916)->(37.597488433330504, 6.863884788004712, 21.993099495939916)
state:field-0.0, action:Wait, timestep:169, reward:4.3046321529516263e-07
==================================================

coord:(37.597488433330504, 6.863884788004712, 21.993099495939916)->(38.57800978382959, 6.730806294554188, 21.01257814544077)
state:field-0.0, action:WA, timestep:170, reward:0.18959312633026215
==================================================

coord:(38.57800978382959, 6.730806294554188, 21.01257814544077)->(38.57800978382959, 8.133205096822149, 23.005911405659045)
state:field-0.0, action:D, timestep:171, reward:-1.5623658011537263
==================================================

coord:(38.57800978382959, 8.133205096822149, 23.005911405659045)->(38.57800978382959, 9.700357959691633, 23.005911405659045)
state:air-5.0, action:Wait, timestep:172, reward:-0.14973549367137906
==================================================

coord:(38.57800978382959, 9.700357959691633, 23.005911405659045)->(38.57800978382959, 11.419450388942312, 25.08591132936507)
state:field-0.0, action:D, timestep:173, reward:-2.067217336247726
==================================================

coord:(38.57800978382959, 11.419450388942312, 25.08591132936507)->(38.57800978382959, 13.268873328369823, 25.08591132936507)
state:air-5.0, action:Wait, timestep:174, reward:-0.549360419222193
==================================================

coord:(38.57800978382959, 13.268873328369823, 25.08591132936507)->(37.6587710177367, 13.531219560760134, 26.00515009545802)
state:field-0.0, action:SD, timestep:175, reward:-0.4534868450476033
==================================================

coord:(37.6587710177367, 13.531219560760134, 26.00515009545802)->(37.6587710177367, 15.518766254243811, 26.00515009545802)
state:air-5.0, action:Wait, timestep:176, reward:-0.8061390298509004
==================================================

coord:(37.6587710177367, 15.518766254243811, 26.00515009545802)->(39.73877094144281, 14.729323834804282, 26.00515009545802)
state:field-0.0, action:W, timestep:177, reward:-0.5710957266801984
==================================================

coord:(39.73877094144281, 14.729323834804282, 26.00515009545802)->(39.800053525849, 14.729323834804282, 25.943867511051824)
state:field-0.0, action:WA, timestep:178, reward:0.017761323471287227
==================================================

coord:(39.800053525849, 14.729323834804282, 25.943867511051824)->(39.800053525849, 12.842883997674194, 25.943867511051824)
state:air-5.0, action:Wait, timestep:179, reward:0.6588077095121392
==================================================

coord:(39.800053525849, 12.842883997674194, 25.943867511051824)->(40.78057487634809, 12.539247353282176, 24.96334616055268)
state:field-0.0, action:WA, timestep:180, reward:0.32801255537515317
==================================================

coord:(40.78057487634809, 12.539247353282176, 24.96334616055268)->(40.78057487634809, 10.559263565285978, 24.96334616055268)
state:air-5.0, action:Wait, timestep:181, reward:0.4635333709530052
==================================================

coord:(40.78057487634809, 10.559263565285978, 24.96334616055268)->(40.78057487634809, 10.30623302829263, 22.970012900334403)
state:field-0.0, action:A, timestep:182, reward:1.5625291859440615
==================================================

coord:(40.78057487634809, 10.30623302829263, 22.970012900334403)->(40.78057487634809, 7.520559512306505, 22.970012900334403)
state:air-5.0, action:Wait, timestep:183, reward:0.24089577727103517
==================================================

coord:(40.78057487634809, 7.520559512306505, 22.970012900334403)->(39.98390127906758, 8.969664290777729, 23.76668649761496)
state:field-0.0, action:SD, timestep:184, reward:-0.1671580006662161
==================================================

coord:(39.98390127906758, 8.969664290777729, 23.76668649761496)->(39.98390127906758, 9.38893370440675, 23.76668649761496)
state:air-5.0, action:Wait, timestep:185, reward:-0.04357919293535062
==================================================

coord:(39.98390127906758, 9.38893370440675, 23.76668649761496)->(38.20670633128798, 8.836867078239447, 21.989491549835257)
state:field-0.0, action:SA, timestep:186, reward:2.531604982176182
==================================================

coord:(38.20670633128798, 8.836867078239447, 21.989491549835257)->(38.20670633128798, 6.730806294554188, 21.989491549835257)
state:air-5.0, action:Wait, timestep:187, reward:0.025865165951119096
==================================================

coord:(38.20670633128798, 6.730806294554188, 21.989491549835257)->(37.1649023963827, 8.294011192532395, 23.0312954847406)
state:field-0.0, action:SD, timestep:188, reward:-0.3037414831141696
==================================================

coord:(37.1649023963827, 8.294011192532395, 23.0312954847406)->(37.1649023963827, 9.892149101304343, 23.0312954847406)
state:air-5.0, action:Wait, timestep:189, reward:-0.18319579855879198
==================================================

coord:(37.1649023963827, 9.892149101304343, 23.0312954847406)->(38.89823566613779, 9.700357959691633, 23.0312954847406)
state:field-0.0, action:W, timestep:190, reward:-0.886463310055392
==================================================

coord:(38.89823566613779, 9.700357959691633, 23.0312954847406)->(38.89823566613779, 11.419450388942312, 25.024628744958875)
state:field-0.0, action:D, timestep:191, reward:-1.972054221357526
==================================================

coord:(38.89823566613779, 11.419450388942312, 25.024628744958875)->(38.89823566613779, 13.268873328369823, 25.024628744958875)
state:air-5.0, action:Wait, timestep:192, reward:-0.5457320055400778
==================================================

coord:(38.89823566613779, 13.268873328369823, 25.024628744958875)->(38.95951825054399, 13.268873328369823, 24.96334616055268)
state:field-0.0, action:WA, timestep:193, reward:0.019122116548278
==================================================

coord:(38.95951825054399, 13.268873328369823, 24.96334616055268)->(38.95951825054399, 11.419450388942312, 24.96334616055268)
state:air-5.0, action:Wait, timestep:194, reward:0.5463989031565184
==================================================

coord:(38.95951825054399, 11.419450388942312, 24.96334616055268)->(35.31951838405829, 11.645230657648455, 24.96334616055268)
state:field-0.0, action:S, timestep:195, reward:1.4350921515939525
==================================================

coord:(35.31951838405829, 11.645230657648455, 24.96334616055268)->(35.380800968464484, 11.645230657648455, 25.024628744958875)
state:field-0.0, action:WD, timestep:196, reward:-0.07444026467015341
==================================================

coord:(35.380800968464484, 11.645230657648455, 25.024628744958875)->(35.380800968464484, 13.531219560760134, 25.024628744958875)
state:air-5.0, action:Wait, timestep:197, reward:-0.6387005137105692
==================================================

coord:(35.380800968464484, 13.531219560760134, 25.024628744958875)->(34.400279617965396, 15.217885033606958, 26.00515009545802)
state:field-0.0, action:SD, timestep:198, reward:-1.3321830931681369
==================================================

coord:(34.400279617965396, 15.217885033606958, 26.00515009545802)->(34.400279617965396, 15.217885033606958, 27.045150057311034)
state:field-0.0, action:D, timestep:199, reward:-0.9025159975364829
==================================================

coord:(34.400279617965396, 15.217885033606958, 27.045150057311034)->(34.400279617965396, 17.22685325412422, 27.045150057311034)
state:air-5.0, action:Wait, timestep:200, reward:-0.9762738551985422
==================================================

coord:(34.400279617965396, 17.22685325412422, 27.045150057311034)->(35.380800968464484, 17.567454896427755, 28.02567140781018)
state:field-0.0, action:WD, timestep:201, reward:-1.1925194031788067
==================================================

coord:(35.380800968464484, 17.567454896427755, 28.02567140781018)->(35.380800968464484, 19.628716716337465, 28.02567140781018)
state:air-5.0, action:Wait, timestep:202, reward:-1.1344474734034726
==================================================

coord:(35.380800968464484, 19.628716716337465, 28.02567140781018)->(35.31951838405829, 19.628716716337465, 27.964388823403983)
state:field-0.0, action:SA, timestep:203, reward:0.060932829342338124
==================================================

coord:(35.31951838405829, 19.628716716337465, 27.964388823403983)->(35.31951838405829, 17.567454896427755, 27.964388823403983)
state:air-5.0, action:Wait, timestep:204, reward:1.1380314195443262
==================================================

coord:(35.31951838405829, 17.567454896427755, 27.964388823403983)->(35.31951838405829, 17.567454896427755, 27.964388823403983)
state:field-0.0, action:Wait, timestep:205, reward:4.1368495118376813e-07
==================================================

coord:(35.31951838405829, 17.567454896427755, 27.964388823403983)->(35.31951838405829, 17.567454896427755, 26.92438886155097)
state:field-0.0, action:A, timestep:206, reward:0.8513054340533763
==================================================

coord:(35.31951838405829, 17.567454896427755, 26.92438886155097)->(35.31951838405829, 15.518766254243811, 26.92438886155097)
state:air-5.0, action:Wait, timestep:207, reward:1.0180153202603037
==================================================

coord:(35.31951838405829, 15.518766254243811, 26.92438886155097)->(37.74618496171542, 15.518766254243811, 26.92438886155097)
state:field-0.0, action:W, timestep:208, reward:-0.7542422488936928
==================================================

coord:(37.74618496171542, 15.518766254243811, 26.92438886155097)->(37.623619792903035, 15.518766254243811, 27.046954030363363)
state:field-0.0, action:SD, timestep:209, reward:-0.05588151816553477
==================================================

coord:(37.623619792903035, 15.518766254243811, 27.046954030363363)->(37.623619792903035, 17.567454896427755, 27.046954030363363)
state:air-5.0, action:Wait, timestep:210, reward:-0.9751294664335113
==================================================

coord:(37.623619792903035, 17.567454896427755, 27.046954030363363)->(37.68490237730923, 17.567454896427755, 26.985671445957166)
state:field-0.0, action:WA, timestep:211, reward:0.02669627592985435
==================================================

coord:(37.68490237730923, 17.567454896427755, 26.985671445957166)->(37.68490237730923, 15.518766254243811, 26.985671445957166)
state:air-5.0, action:Wait, timestep:212, reward:0.9765583506150151
==================================================

coord:(37.68490237730923, 15.518766254243811, 26.985671445957166)->(37.68490237730923, 15.518766254243811, 25.945671484104153)
state:field-0.0, action:A, timestep:213, reward:0.8459914526132053
==================================================

coord:(37.68490237730923, 15.518766254243811, 25.945671484104153)->(37.68490237730923, 13.531219560760134, 25.945671484104153)
state:air-5.0, action:Wait, timestep:214, reward:0.8079806975990955
==================================================

coord:(37.68490237730923, 13.531219560760134, 25.945671484104153)->(36.70438102681014, 13.619815946724621, 24.965150133605007)
state:field-0.0, action:SA, timestep:215, reward:1.1738527571609936
==================================================

coord:(36.70438102681014, 13.619815946724621, 24.965150133605007)->(36.70438102681014, 11.72147843009481, 24.965150133605007)
state:air-5.0, action:Wait, timestep:216, reward:0.6351025107861972
==================================================

coord:(36.70438102681014, 11.72147843009481, 24.965150133605007)->(36.76566361121633, 11.72147843009481, 25.026432718011204)
state:field-0.0, action:WD, timestep:217, reward:-0.07765356347032082
==================================================

coord:(36.76566361121633, 11.72147843009481, 25.026432718011204)->(36.76566361121633, 13.619815946724621, 25.026432718011204)
state:air-5.0, action:Wait, timestep:218, reward:-0.6319111199651655
==================================================

coord:(36.76566361121633, 13.619815946724621, 25.026432718011204)->(36.70438102681014, 13.619815946724621, 24.965150133605007)
state:field-0.0, action:SA, timestep:219, reward:0.07446272725376701
==================================================

coord:(36.70438102681014, 13.619815946724621, 24.965150133605007)->(36.70438102681014, 11.72147843009481, 24.965150133605007)
state:air-5.0, action:Wait, timestep:220, reward:0.6351025107861972
==================================================

coord:(36.70438102681014, 11.72147843009481, 24.965150133605007)->(36.70438102681014, 11.72147843009481, 24.965150133605007)
state:field-0.0, action:Wait, timestep:221, reward:2.387525057656603e-07
==================================================

coord:(36.70438102681014, 11.72147843009481, 24.965150133605007)->(36.76566361121633, 11.72147843009481, 25.026432718011204)
state:field-0.0, action:WD, timestep:222, reward:-0.07765356347032082
==================================================

coord:(36.76566361121633, 11.72147843009481, 25.026432718011204)->(36.76566361121633, 13.619815946724621, 25.026432718011204)
state:air-5.0, action:Wait, timestep:223, reward:-0.6319111199651655
==================================================

coord:(36.76566361121633, 13.619815946724621, 25.026432718011204)->(35.37899699541226, 13.531219560760134, 25.026432718011204)
state:field-0.0, action:S, timestep:224, reward:0.4972499924963536
==================================================

coord:(35.37899699541226, 13.531219560760134, 25.026432718011204)->(35.44027957981845, 13.531219560760134, 24.965150133605007)
state:field-0.0, action:WA, timestep:225, reward:0.03522522948741624
==================================================

coord:(35.44027957981845, 13.531219560760134, 24.965150133605007)->(35.44027957981845, 11.645230657648455, 24.965150133605007)
state:air-5.0, action:Wait, timestep:226, reward:0.6402293413351483
==================================================

coord:(35.44027957981845, 11.645230657648455, 24.965150133605007)->(35.501562164224644, 11.645230657648455, 25.026432718011204)
state:field-0.0, action:WD, timestep:227, reward:-0.07476273758851804
==================================================

coord:(35.501562164224644, 11.645230657648455, 25.026432718011204)->(35.501562164224644, 13.531219560760134, 25.026432718011204)
state:air-5.0, action:Wait, timestep:228, reward:-0.6370369821527486
==================================================

coord:(35.501562164224644, 13.531219560760134, 25.026432718011204)->(35.56284474863084, 13.531219560760134, 24.965150133605007)
state:field-0.0, action:WA, timestep:229, reward:0.03463735178675975
==================================================

coord:(35.56284474863084, 13.531219560760134, 24.965150133605007)->(35.56284474863084, 11.645230657648455, 24.965150133605007)
state:air-5.0, action:Wait, timestep:230, reward:0.6385774202770786
==================================================

coord:(35.56284474863084, 11.645230657648455, 24.965150133605007)->(35.56284474863084, 11.645230657648455, 23.925150171751994)
state:field-0.0, action:A, timestep:231, reward:0.9344193439099264
==================================================

coord:(35.56284474863084, 11.645230657648455, 23.925150171751994)->(35.56284474863084, 9.892149101304343, 23.925150171751994)
state:air-5.0, action:Wait, timestep:232, reward:0.41735775982892775
==================================================

coord:(35.56284474863084, 9.892149101304343, 23.925150171751994)->(35.56284474863084, 9.588512456912325, 21.93181691153372)
state:field-0.0, action:A, timestep:233, reward:1.8632321943746
==================================================

coord:(35.56284474863084, 9.588512456912325, 21.93181691153372)->(35.56284474863084, 6.863884788004712, 21.93181691153372)
state:air-5.0, action:Wait, timestep:234, reward:0.14677716086762338
==================================================

coord:(35.56284474863084, 6.863884788004712, 21.93181691153372)->(37.46951134536144, 6.863884788004712, 21.93181691153372)
state:field-0.0, action:W, timestep:235, reward:-0.9211867457694716
==================================================

coord:(37.46951134536144, 6.863884788004712, 21.93181691153372)->(37.46951134536144, 6.863884788004712, 21.93181691153372)
state:field-0.0, action:Wait, timestep:236, reward:-2.986259168835659e-07
==================================================

coord:(37.46951134536144, 6.863884788004712, 21.93181691153372)->(37.46951134536144, 6.863884788004712, 21.93181691153372)
state:field-0.0, action:Wait, timestep:237, reward:-2.986259168835659e-07
==================================================

coord:(37.46951134536144, 6.863884788004712, 21.93181691153372)->(38.572597864672915, 8.128391204682202, 23.034903430845258)
state:field-0.0, action:WD, timestep:238, reward:-1.5145815105245521
==================================================

coord:(38.572597864672915, 8.128391204682202, 23.034903430845258)->(38.572597864672915, 9.700357959691633, 23.034903430845258)
state:air-5.0, action:Wait, timestep:239, reward:-0.14968423529578168
==================================================

coord:(38.572597864672915, 9.700357959691633, 23.034903430845258)->(37.592076514173826, 9.892149101304343, 24.015424781344404)
state:field-0.0, action:SD, timestep:240, reward:-0.34786571491392415
==================================================

coord:(37.592076514173826, 9.892149101304343, 24.015424781344404)->(37.592076514173826, 11.645230657648455, 24.015424781344404)
state:air-5.0, action:Wait, timestep:241, reward:-0.39039874188923207
==================================================

coord:(37.592076514173826, 11.645230657648455, 24.015424781344404)->(37.53079392976763, 11.645230657648455, 23.954142196938207)
state:field-0.0, action:SA, timestep:242, reward:0.07981167157804414
==================================================

coord:(37.53079392976763, 11.645230657648455, 23.954142196938207)->(37.53079392976763, 9.892149101304343, 23.954142196938207)
state:air-5.0, action:Wait, timestep:243, reward:0.3926550619282505
==================================================

coord:(37.53079392976763, 9.892149101304343, 23.954142196938207)->(38.51131528026672, 9.763333555198637, 22.97362084643906)
state:field-0.0, action:WA, timestep:244, reward:0.340163789227546
==================================================

coord:(38.51131528026672, 9.763333555198637, 22.97362084643906)->(38.51131528026672, 8.133205096822149, 22.97362084643906)
state:air-5.0, action:Wait, timestep:245, reward:0.16027298170583926
==================================================

coord:(38.51131528026672, 8.133205096822149, 22.97362084643906)->(37.959772020610984, 9.700357959691633, 23.52516410609483)
state:field-0.0, action:SD, timestep:246, reward:-0.3139548352957675
==================================================

coord:(37.959772020610984, 9.700357959691633, 23.52516410609483)->(37.959772020610984, 9.892149101304343, 23.52516410609483)
state:air-5.0, action:Wait, timestep:247, reward:-0.03043826133315264
==================================================

coord:(37.959772020610984, 9.892149101304343, 23.52516410609483)->(38.913105318976285, 9.700357959691633, 23.52516410609483)
state:field-0.0, action:W, timestep:248, reward:-0.48043690035570386
==================================================

coord:(38.913105318976285, 9.700357959691633, 23.52516410609483)->(38.913105318976285, 11.419450388942312, 25.08516404887435)
state:field-0.0, action:D, timestep:249, reward:-1.6214411483945828
==================================================

coord:(38.913105318976285, 11.419450388942312, 25.08516404887435)->(38.913105318976285, 13.268873328369823, 25.08516404887435)
state:air-5.0, action:Wait, timestep:250, reward:-0.5437994599505274
==================================================

coord:(38.913105318976285, 13.268873328369823, 25.08516404887435)->(37.99386655288339, 13.268873328369823, 26.0044028149673)
state:field-0.0, action:SD, timestep:251, reward:-0.34002161178618806
==================================================

coord:(37.99386655288339, 13.268873328369823, 26.0044028149673)->(37.99386655288339, 15.518766254243811, 26.0044028149673)
state:air-5.0, action:Wait, timestep:252, reward:-0.890559977166788
==================================================

coord:(37.99386655288339, 15.518766254243811, 26.0044028149673)->(39.81386648612624, 14.729323834804282, 26.0044028149673)
state:field-0.0, action:W, timestep:253, reward:-0.47676484913468187
==================================================

coord:(39.81386648612624, 14.729323834804282, 26.0044028149673)->(42.06719973680786, 13.56538336463489, 26.0044028149673)
state:field-0.0, action:W, timestep:254, reward:-0.8048842111824257
==================================================

coord:(42.06719973680786, 13.56538336463489, 26.0044028149673)->(42.06719973680786, 12.349710411076664, 26.0044028149673)
state:air-5.0, action:Wait, timestep:255, reward:0.34739545761753376
==================================================

coord:(42.06719973680786, 12.349710411076664, 26.0044028149673)->(39.987199813101746, 14.071575557758527, 26.0044028149673)
state:field-0.0, action:S, timestep:256, reward:0.6197967002689388
==================================================

coord:(39.987199813101746, 14.071575557758527, 26.0044028149673)->(39.987199813101746, 14.071575557758527, 26.0044028149673)
state:death-5.0, action:Wait, timestep:257, reward:-999999
==================================================

