coord:(34.0, 0.0, 32.0)->(34.0, 0.0, 32.0)
state:field-4, action:Wait, timestep:1, reward:-0.0
==================================================

coord:(34.0, 0.0, 32.0)->(34.086666663487755, 20.0, 32.0)
state:field-4.0, action:Wj, timestep:2, reward:-2.9869894798086314
==================================================

coord:(34.086666663487755, 20.0, 32.0)->(34.086666663487755, 20.42466668446859, 27.999999999999943)
state:field-4.0, action:Asj, timestep:3, reward:1.9944554913524897
==================================================

coord:(34.086666663487755, 20.42466668446859, 27.999999999999943)->(34.086666663487755, 17.22685325412422, 27.999999999999943)
state:air-9.0, action:Wait, timestep:4, reward:2.4005318060043113
==================================================

coord:(34.086666663487755, 17.22685325412422, 27.999999999999943)->(31.986666663487725, 17.99288659680356, 27.999999999999943)
state:field-4.0, action:Ssj, timestep:5, reward:-1.5233489630370727
==================================================

coord:(31.986666663487725, 17.99288659680356, 27.999999999999943)->(31.986666663487725, 15.020545441800547, 27.999999999999943)
state:air-9.0, action:Wait, timestep:6, reward:1.8495601389126115
==================================================

coord:(31.986666663487725, 15.020545441800547, 27.999999999999943)->(31.986666663487725, 15.020545441800547, 27.999999999999943)
state:field-4.0, action:Wait, timestep:7, reward:3.5497706463161194e-07
==================================================

coord:(31.986666663487725, 15.020545441800547, 27.999999999999943)->(31.986666663487725, 15.020545441800547, 28.086666663487694)
state:field-4.0, action:D, timestep:8, reward:-0.051099874277115376
==================================================

coord:(31.986666663487725, 15.020545441800547, 28.086666663487694)->(31.986666663487725, 16.782967888076367, 28.086666663487694)
state:air-9.0, action:Wait, timestep:9, reward:-1.0485516030017408
==================================================

coord:(31.986666663487725, 16.782967888076367, 28.086666663487694)->(33.118037462234454, 17.550533505757958, 26.955295864740965)
state:field-4.0, action:WAs, timestep:10, reward:0.6592067598250537
==================================================

coord:(33.118037462234454, 17.550533505757958, 26.955295864740965)->(33.118037462234454, 14.729323834804282, 26.955295864740965)
state:air-9.0, action:Wait, timestep:11, reward:1.8662840865620076
==================================================

coord:(33.118037462234454, 14.729323834804282, 26.955295864740965)->(33.118037462234454, 14.793023835249329, 27.055295864740966)
state:field-4.0, action:Dsj, timestep:12, reward:-0.09525442235758064
==================================================

coord:(33.118037462234454, 14.793023835249329, 27.055295864740966)->(33.118037462234454, 16.673795318751065, 27.055295864740966)
state:air-9.0, action:Wait, timestep:13, reward:-1.2074500780440083
==================================================

coord:(33.118037462234454, 16.673795318751065, 27.055295864740966)->(30.951370875040634, 17.363878691860563, 27.055295864740966)
state:field-4.0, action:Sj, timestep:14, reward:-1.665244050186292
==================================================

coord:(30.951370875040634, 17.363878691860563, 27.055295864740966)->(30.951370875040634, 13.98004049266512, 27.055295864740966)
state:air-9.0, action:Wait, timestep:15, reward:1.9602689296438776
==================================================

coord:(30.951370875040634, 13.98004049266512, 27.055295864740966)->(29.961421426137246, 14.624118276673569, 26.065346415837578)
state:field-4.0, action:SAsj, timestep:16, reward:-0.5464320521668284
==================================================

coord:(29.961421426137246, 14.624118276673569, 26.065346415837578)->(29.961421426137246, 11.345167297443975, 26.065346415837578)
state:air-9.0, action:Wait, timestep:17, reward:1.3884726703456405
==================================================

coord:(29.961421426137246, 11.345167297443975, 26.065346415837578)->(30.022704010543443, 12.349710411076664, 26.126629000243774)
state:field-4.0, action:WDj, timestep:18, reward:-0.3329304491274119
==================================================

coord:(30.022704010543443, 12.349710411076664, 26.126629000243774)->(30.94194278452516, 13.98004049266512, 27.045867774225492)
state:field-4.0, action:WDsj, timestep:19, reward:-0.5105401637080202
==================================================

coord:(30.94194278452516, 13.98004049266512, 27.045867774225492)->(28.941942784525132, 14.736818279343858, 27.045867774225492)
state:field-3.0, action:Ssj, timestep:20, reward:-1.7972656436667602
==================================================

coord:(28.941942784525132, 14.736818279343858, 27.045867774225492)->(28.941942784525132, 11.645230657648455, 27.045867774225492)
state:air-8.0, action:Wait, timestep:21, reward:1.2323974417544594
==================================================

coord:(28.941942784525132, 11.645230657648455, 27.045867774225492)->(29.012653459446803, 12.842883997674194, 27.116578449147163)
state:field-3.0, action:WDsj, timestep:22, reward:-0.39060382633536683
==================================================

coord:(29.012653459446803, 12.842883997674194, 27.116578449147163)->(28.87123210960346, 12.842883997674194, 26.97515709930382)
state:field-3.0, action:SAs, timestep:23, reward:-0.040029219666902094
==================================================

coord:(28.87123210960346, 12.842883997674194, 26.97515709930382)->(28.87123210960346, 10.28718238460078, 26.97515709930382)
state:air-8.0, action:Wait, timestep:24, reward:0.7596726816229289
==================================================

coord:(28.87123210960346, 10.28718238460078, 26.97515709930382)->(29.05507986282205, 11.345167297443975, 26.79130934608523)
state:field-3.0, action:WAj, timestep:25, reward:-0.019169025020682184
==================================================

coord:(29.05507986282205, 11.345167297443975, 26.79130934608523)->(29.05507986282205, 11.345167297443975, 26.79130934608523)
state:field-3.0, action:Wait, timestep:26, reward:-1.7126091655939035e-07
==================================================

coord:(29.05507986282205, 11.345167297443975, 26.79130934608523)->(29.05507986282205, 11.345167297443975, 26.79130934608523)
state:field-3.0, action:Wait, timestep:27, reward:-1.7126091655939035e-07
==================================================

coord:(29.05507986282205, 11.345167297443975, 26.79130934608523)->(27.928413237481287, 11.041530653051957, 26.79130934608523)
state:field-3.0, action:S, timestep:28, reward:-0.8524140415060728
==================================================

coord:(27.928413237481287, 11.041530653051957, 26.79130934608523)->(27.928413237481287, 9.206899012526016, 26.79130934608523)
state:air-8.0, action:Wait, timestep:29, reward:0.34601317080012706
==================================================

coord:(27.928413237481287, 9.206899012526016, 26.79130934608523)->(27.928413237481287, 8.953868475532667, 24.97130941284246)
state:field-3.0, action:A, timestep:30, reward:0.8202099597952088
==================================================

coord:(27.928413237481287, 8.953868475532667, 24.97130941284246)->(27.928413237481287, 6.908826441871399, 24.97130941284246)
state:air-8.0, action:Wait, timestep:31, reward:0.07378352182081649
==================================================

coord:(27.928413237481287, 6.908826441871399, 24.97130941284246)->(28.069834587324628, 8.027736868461885, 25.1127307626858)
state:field-3.0, action:WDs, timestep:32, reward:0.07469836568590438
==================================================

coord:(28.069834587324628, 8.027736868461885, 25.1127307626858)->(28.069834587324628, 8.969664290777729, 25.1127307626858)
state:air-8.0, action:Wait, timestep:33, reward:-0.07519152067161805
==================================================

coord:(28.069834587324628, 8.969664290777729, 25.1127307626858)->(28.069834587324628, 9.554397629451639, 23.912730762685783)
state:field-3.0, action:Asj, timestep:34, reward:0.33808968695310426
==================================================

coord:(28.069834587324628, 9.554397629451639, 23.912730762685783)->(28.069834587324628, 6.557373203102033, 23.912730762685783)
state:air-8.0, action:Wait, timestep:35, reward:0.14141807818036511
==================================================

coord:(28.069834587324628, 6.557373203102033, 23.912730762685783)->(28.069834587324628, 7.719467496535955, 24.086064089661285)
state:field-3.0, action:Dj, timestep:36, reward:-0.02548920082566397
==================================================

coord:(28.069834587324628, 7.719467496535955, 24.086064089661285)->(29.908312119510526, 6.063429463693403, 22.247586557475387)
state:field-3.0, action:WA, timestep:37, reward:2.1805466261290434
==================================================

coord:(29.908312119510526, 6.063429463693403, 22.247586557475387)->(28.635519970920456, 6.793529471704268, 20.974794408885316)
state:field-3.0, action:SAsj, timestep:38, reward:-0.992928632274733
==================================================

coord:(28.635519970920456, 6.793529471704268, 20.974794408885316)->(28.635519970920456, 3.7166015680391973, 20.974794408885316)
state:air-8.0, action:Wait, timestep:39, reward:-0.5787526334189366
==================================================

coord:(28.635519970920456, 3.7166015680391973, 20.974794408885316)->(28.564809295998785, 4.549977332236839, 21.045505083806987)
state:field-3.0, action:SDsj, timestep:40, reward:0.15880159169611652
==================================================

coord:(28.564809295998785, 4.549977332236839, 21.045505083806987)->(30.049733469353868, 6.063429463693403, 22.53042925716207)
state:field-3.0, action:WDs, timestep:41, reward:1.484194328940104
==================================================

coord:(30.049733469353868, 6.063429463693403, 22.53042925716207)->(30.049733469353868, 6.600307955923573, 22.53042925716207)
state:air-8.0, action:Wait, timestep:42, reward:0.05854625998194507
==================================================

coord:(30.049733469353868, 6.600307955923573, 22.53042925716207)->(31.030254819853013, 7.872093357350055, 23.510950607661215)
state:field-3.0, action:WD, timestep:43, reward:0.6615212241991983
==================================================

coord:(31.030254819853013, 7.872093357350055, 23.510950607661215)->(31.030254819853013, 8.457996674488252, 23.510950607661215)
state:air-8.0, action:Wait, timestep:44, reward:-0.042836568009832376
==================================================

coord:(31.030254819853013, 8.457996674488252, 23.510950607661215)->(28.950254896146987, 7.2940562043188635, 23.510950607661215)
state:field-3.0, action:S, timestep:45, reward:-1.9111814310308954
==================================================

coord:(28.950254896146987, 7.2940562043188635, 23.510950607661215)->(28.950254896146987, 6.557373203102033, 23.510950607661215)
state:air-8.0, action:Wait, timestep:46, reward:-0.03380534261255619
==================================================

coord:(28.950254896146987, 6.557373203102033, 23.510950607661215)->(27.394620047870234, 8.027736868461885, 25.066585455937968)
state:field-3.0, action:SDs, timestep:47, reward:-1.9683267738182888
==================================================

coord:(27.394620047870234, 8.027736868461885, 25.066585455937968)->(27.394620047870234, 7.72410022406987, 23.939918830597204)
state:field-3.0, action:A, timestep:48, reward:0.38798886409821876
==================================================

coord:(27.394620047870234, 7.72410022406987, 23.939918830597204)->(27.394620047870234, 5.868766646810801, 23.939918830597204)
state:air-8.0, action:Wait, timestep:49, reward:-0.09267730111923633
==================================================

coord:(27.394620047870234, 5.868766646810801, 23.939918830597204)->(27.394620047870234, 6.908826441871399, 24.039918830597205)
state:field-3.0, action:Dsj, timestep:50, reward:0.053757758290990054
==================================================

coord:(27.394620047870234, 6.908826441871399, 24.039918830597205)->(27.394620047870234, 8.027736868461885, 25.03991883059722)
state:field-3.0, action:Dsj, timestep:51, reward:-0.33915598424763616
==================================================

coord:(27.394620047870234, 8.027736868461885, 25.03991883059722)->(29.23309759583367, 7.231766021017783, 23.201441282633784)
state:field-3.0, action:WAs, timestep:52, reward:2.352433567486152
==================================================

coord:(29.23309759583367, 7.231766021017783, 23.201441282633784)->(29.23309759583367, 8.513375861448784, 24.001441282633795)
state:field-2.0, action:Dsj, timestep:53, reward:-0.29967050159653397
==================================================

coord:(29.23309759583367, 8.513375861448784, 24.001441282633795)->(26.933097595833637, 9.289753649462666, 24.001441282633795)
state:field-2.0, action:Ssj, timestep:54, reward:-2.2532464002780053
==================================================

coord:(26.933097595833637, 9.289753649462666, 24.001441282633795)->(26.933097595833637, 6.103130093383256, 24.001441282633795)
state:air-7.0, action:Wait, timestep:55, reward:0.05508312245612146
==================================================

coord:(26.933097595833637, 6.103130093383256, 24.001441282633795)->(29.033097595833667, 7.719467496535955, 24.001441282633795)
state:field-2.0, action:Ws, timestep:56, reward:2.0558972253555936
==================================================

coord:(29.033097595833667, 7.719467496535955, 24.001441282633795)->(29.033097595833667, 8.513375861448784, 24.001441282633795)
state:air-7.0, action:Wait, timestep:57, reward:-0.044640074261169005
==================================================

coord:(29.033097595833667, 8.513375861448784, 24.001441282633795)->(29.033097595833667, 9.20345918755009, 22.961441320780782)
state:field-2.0, action:Aj, timestep:58, reward:0.2287097129839637
==================================================

coord:(29.033097595833667, 9.20345918755009, 22.961441320780782)->(29.033097595833667, 6.063429463693403, 22.961441320780782)
state:air-7.0, action:Wait, timestep:59, reward:0.04787403556089487
==================================================

coord:(29.033097595833667, 6.063429463693403, 22.961441320780782)->(29.033097595833667, 7.231766021017783, 24.001441282633795)
state:field-2.0, action:D, timestep:60, reward:-0.231232125020032
==================================================

coord:(29.033097595833667, 7.231766021017783, 24.001441282633795)->(29.033097595833667, 8.513375861448784, 24.001441282633795)
state:air-7.0, action:Wait, timestep:61, reward:-0.045352468975524474
==================================================

coord:(29.033097595833667, 8.513375861448784, 24.001441282633795)->(27.01077231042918, 9.206899012526016, 26.023766568038283)
state:field-2.0, action:SDj, timestep:62, reward:-2.702718557806188
==================================================

coord:(27.01077231042918, 9.206899012526016, 26.023766568038283)->(28.05257624533452, 10.42233515787929, 27.065570502943626)
state:field-2.0, action:WD, timestep:63, reward:0.2311643780125756
==================================================

coord:(28.05257624533452, 10.42233515787929, 27.065570502943626)->(28.05257624533452, 11.645230657648455, 27.065570502943626)
state:air-7.0, action:Wait, timestep:64, reward:-0.3047690308327464
==================================================

coord:(28.05257624533452, 11.645230657648455, 27.065570502943626)->(30.05257624533455, 12.842883997674194, 27.065570502943626)
state:field-2.0, action:Ws, timestep:65, reward:1.16139841677189
==================================================

coord:(30.05257624533455, 12.842883997674194, 27.065570502943626)->(30.05257624533455, 13.98004049266512, 27.065570502943626)
state:air-7.0, action:Wait, timestep:66, reward:-0.49827080692192105
==================================================

coord:(30.05257624533455, 13.98004049266512, 27.065570502943626)->(30.05257624533455, 15.620376208807022, 29.065570502943654)
state:field-2.0, action:Ds, timestep:67, reward:-1.9052526738356796
==================================================

coord:(30.05257624533455, 15.620376208807022, 29.065570502943654)->(30.05257624533455, 17.22685325412422, 29.065570502943654)
state:air-6.0, action:Wait, timestep:68, reward:-0.8898427795071306
==================================================

coord:(30.05257624533455, 17.22685325412422, 29.065570502943654)->(29.06262679643116, 17.22685325412422, 30.055519951847042)
state:field-1.0, action:SDs, timestep:69, reward:-1.150913054368381
==================================================

coord:(29.06262679643116, 17.22685325412422, 30.055519951847042)->(29.06262679643116, 18.509011634019505, 31.055519951847057)
state:field-1.0, action:Dsj, timestep:70, reward:-1.2969518460847134
==================================================

coord:(29.06262679643116, 18.509011634019505, 31.055519951847057)->(28.940061627618768, 18.670031073883663, 30.932954783034663)
state:field-1.0, action:SAj, timestep:71, reward:-0.09374535674076512
==================================================

coord:(28.940061627618768, 18.670031073883663, 30.932954783034663)->(28.940061627618768, 15.620376208807022, 30.932954783034663)
state:air-6.0, action:Wait, timestep:72, reward:1.6083329059650389
==================================================

coord:(28.940061627618768, 15.620376208807022, 30.932954783034663)->(30.000721751443827, 17.22685325412422, 29.872294659209604)
state:field-1.0, action:WAs, timestep:73, reward:0.4498630281629268
==================================================

coord:(30.000721751443827, 17.22685325412422, 29.872294659209604)->(28.90072175144381, 17.10435325412422, 29.872294659209604)
state:field-1.0, action:Ss, timestep:74, reward:-0.5981420206272396
==================================================

coord:(28.90072175144381, 17.10435325412422, 29.872294659209604)->(28.90072175144381, 14.34979245982817, 29.872294659209604)
state:air-6.0, action:Wait, timestep:75, reward:1.3363639732277157
==================================================

coord:(28.90072175144381, 14.34979245982817, 29.872294659209604)->(28.90072175144381, 15.620376208807022, 31.07229465920962)
state:field-1.0, action:Ds, timestep:76, reward:-1.2998385664195489
==================================================

coord:(28.90072175144381, 15.620376208807022, 31.07229465920962)->(28.90072175144381, 16.782967888076367, 31.07229465920962)
state:air-6.0, action:Wait, timestep:77, reward:-0.5660232608846592
==================================================

coord:(28.90072175144381, 16.782967888076367, 31.07229465920962)->(28.90072175144381, 17.79825572798018, 33.06562791942794)
state:field-1.0, action:D, timestep:78, reward:-1.779332732361592
==================================================

coord:(28.90072175144381, 17.79825572798018, 33.06562791942794)->(28.90072175144381, 18.63020038062031, 33.06562791942794)
state:air-6.0, action:Wait, timestep:79, reward:-0.44206979481015196
==================================================

coord:(28.90072175144381, 18.63020038062031, 33.06562791942794)->(33.14336224674405, 20.0, 37.308268414728175)
state:field-1.0, action:WDs, timestep:80, reward:-1.9848036741052404
==================================================

coord:(33.14336224674405, 20.0, 37.308268414728175)->(27.943362246743973, 19.8775, 37.308268414728175)
state:field-0.0, action:Ss, timestep:81, reward:-2.0307115664942366
==================================================

coord:(27.943362246743973, 19.8775, 37.308268414728175)->(27.943362246743973, 17.567454896427755, 37.308268414728175)
state:air-5.0, action:Wait, timestep:82, reward:1.0871459261403125
==================================================

coord:(27.943362246743973, 17.567454896427755, 37.308268414728175)->(26.962840896244828, 17.6824787497788, 36.32774706422909)
state:field-0.0, action:SA, timestep:83, reward:0.12940535982659895
==================================================

coord:(26.962840896244828, 17.6824787497788, 36.32774706422909)->(26.962840896244828, 15.620376208807022, 36.32774706422909)
state:air-5.0, action:Wait, timestep:84, reward:0.8297368285364008
==================================================

coord:(26.962840896244828, 15.620376208807022, 36.32774706422909)->(25.962840896244813, 16.134876213257503, 36.32774706422909)
state:field-0.0, action:Ssj, timestep:85, reward:-0.7829245745040048
==================================================

coord:(25.962840896244813, 16.134876213257503, 36.32774706422909)->(25.962840896244813, 13.619815946724621, 36.32774706422909)
state:air-5.0, action:Wait, timestep:86, reward:0.8181652983159218
==================================================

coord:(25.962840896244813, 13.619815946724621, 36.32774706422909)->(24.972891447341425, 13.521815946724622, 35.3377976153257)
state:field-0.0, action:SAs, timestep:87, reward:0.08439474818398551
==================================================

coord:(24.972891447341425, 13.521815946724622, 35.3377976153257)->(24.972891447341425, 11.645230657648455, 35.3377976153257)
state:air-5.0, action:Wait, timestep:88, reward:0.4352876681719131
==================================================

coord:(24.972891447341425, 11.645230657648455, 35.3377976153257)->(23.25697908396792, 12.224900716372536, 37.0537099786991)
state:field-0.0, action:SDj, timestep:89, reward:-2.4928609535696573
==================================================

coord:(23.25697908396792, 12.224900716372536, 37.0537099786991)->(23.25697908396792, 9.892149101304343, 37.0537099786991)
state:air-5.0, action:Wait, timestep:90, reward:0.34707222709574026
==================================================

coord:(23.25697908396792, 9.892149101304343, 37.0537099786991)->(22.950566161936937, 9.956918478215421, 36.74729705666814)
state:field-0.0, action:SA, timestep:91, reward:-0.006593619066769918
==================================================

coord:(22.950566161936937, 9.956918478215421, 36.74729705666814)->(22.950566161936937, 14.921418890494142, 36.74729705666814)
state:air-5.0, action:Wait, timestep:92, reward:-1.0078711691969922
==================================================

coord:(22.950566161936937, 14.921418890494142, 36.74729705666814)->(23.011848746343134, 14.921418890494142, 36.686014472261945)
state:field-0.0, action:WA, timestep:93, reward:0.08271083651968425
==================================================

coord:(23.011848746343134, 14.921418890494142, 36.686014472261945)->(23.011848746343134, 9.956918478215421, 36.686014472261945)
state:air-5.0, action:Wait, timestep:94, reward:1.0113532485742986
==================================================

coord:(23.011848746343134, 9.956918478215421, 36.686014472261945)->(23.011848746343134, 8.969664290777729, 32.61268128833748)
state:field-0.0, action:Aj, timestep:95, reward:2.7306224682436415
==================================================

coord:(23.011848746343134, 8.969664290777729, 32.61268128833748)->(22.941138071421463, 9.033364291222776, 32.68339196325915)
state:field-0.0, action:SDsj, timestep:96, reward:-0.10329217934721413
==================================================

coord:(22.941138071421463, 9.033364291222776, 32.68339196325915)->(22.941138071421463, 0.8903815552551214, 32.68339196325915)
state:air-5.0, action:Wait, timestep:97, reward:-0.933359121143841
==================================================

coord:(22.941138071421463, 0.8903815552551214, 32.68339196325915)->(22.941138071421463, -0.40961839706116315, 31.98339196325918)
state:wall-10.0, action:S, timestep:98, reward:-0.03369680771672279
==================================================

coord:(22.941138071421463, -0.40961839706116315, 31.98339196325918)->(23.00242065582766, -0.40961839706116315, 31.922109378852983)
state:field-0.0, action:WA, timestep:99, reward:0.07984806159453584
==================================================

coord:(23.00242065582766, -0.40961839706116315, 31.922109378852983)->(23.00242065582766, 8.457996674488252, 31.922109378852983)
state:air-5.0, action:Wait, timestep:100, reward:1.416880182338442
==================================================

coord:(23.00242065582766, 8.457996674488252, 31.922109378852983)->(22.93170998090599, 8.457996674488252, 31.992820053774654)
state:field-0.0, action:SDs, timestep:101, reward:-0.09838787658998527
==================================================

coord:(22.93170998090599, 8.457996674488252, 31.992820053774654)->(22.93170998090599, 1.126331007346584, 31.992820053774654)
state:air-5.0, action:Wait, timestep:102, reward:-0.9159881835157115
==================================================

coord:(22.93170998090599, 1.126331007346584, 31.992820053774654)->(21.889906046000647, 1.126331007346584, 30.951016118869312)
state:field-0.0, action:SA, timestep:103, reward:-0.29040090358934734
==================================================

coord:(21.889906046000647, 1.126331007346584, 30.951016118869312)->(22.01247121481304, 1.126331007346584, 31.073581287681705)
state:field-0.0, action:WD, timestep:104, reward:0.03907564115074891
==================================================

coord:(22.01247121481304, 1.126331007346584, 31.073581287681705)->(23.052471176666053, 1.126331007346584, 31.073581287681705)
state:field-0.0, action:W, timestep:105, reward:0.839796615844989
==================================================

coord:(23.052471176666053, 1.126331007346584, 31.073581287681705)->(23.052471176666053, 8.457996674488252, 31.073581287681705)
state:air-5.0, action:Wait, timestep:106, reward:0.9425657269462029
==================================================

coord:(23.052471176666053, 8.457996674488252, 31.073581287681705)->(22.965804513178302, 8.540806672029362, 31.073581287681705)
state:field-0.0, action:Sj, timestep:107, reward:-0.0767562250067364
==================================================

coord:(22.965804513178302, 8.540806672029362, 31.073581287681705)->(22.965804513178302, 1.126331007346584, 31.073581287681705)
state:air-5.0, action:Wait, timestep:108, reward:-0.9351174826886997
==================================================

coord:(22.965804513178302, 1.126331007346584, 31.073581287681705)->(23.0270870975845, 1.126331007346584, 31.1348638720879)
state:field-0.0, action:WD, timestep:109, reward:0.016995160168786327
==================================================

coord:(23.0270870975845, 1.126331007346584, 31.1348638720879)->(23.0270870975845, 8.457996674488252, 31.1348638720879)
state:air-5.0, action:Wait, timestep:110, reward:0.9401396085848646
==================================================

coord:(23.0270870975845, 8.457996674488252, 31.1348638720879)->(22.940420434096747, 8.540806672029362, 31.1348638720879)
state:field-0.0, action:Sj, timestep:111, reward:-0.07665808187604028
==================================================

coord:(22.940420434096747, 8.540806672029362, 31.1348638720879)->(22.940420434096747, 1.126331007346584, 31.1348638720879)
state:air-5.0, action:Wait, timestep:112, reward:-0.9327216453749223
==================================================

coord:(22.940420434096747, 1.126331007346584, 31.1348638720879)->(22.940420434096747, 0.5914990801290658, 33.38819712276949)
state:field-0.0, action:D, timestep:113, reward:-1.4137345156278265
==================================================

coord:(22.940420434096747, 0.5914990801290658, 33.38819712276949)->(23.001703018502944, 0.6743090776701756, 33.44947970717568)
state:field-0.0, action:WDj, timestep:114, reward:0.034600802801634245
==================================================

coord:(23.001703018502944, 0.6743090776701756, 33.44947970717568)->(23.001703018502944, 9.38893370440675, 33.44947970717568)
state:air-5.0, action:Wait, timestep:115, reward:0.9511226791324603
==================================================

coord:(23.001703018502944, 9.38893370440675, 33.44947970717568)->(22.915036355015193, 9.38893370440675, 33.44947970717568)
state:field-0.0, action:S, timestep:116, reward:-0.06776398717605048
==================================================

coord:(22.915036355015193, 9.38893370440675, 33.44947970717568)->(22.915036355015193, 1.2459509684390957, 33.44947970717568)
state:air-5.0, action:Wait, timestep:117, reward:-0.7846144213341475
==================================================

coord:(22.915036355015193, 1.2459509684390957, 33.44947970717568)->(22.915036355015193, 2.545950920755381, 34.04947970717565)
state:wall-10.0, action:W, timestep:118, reward:-0.04498383026893649
==================================================

coord:(22.915036355015193, 2.545950920755381, 34.04947970717565)->(20.08660935814837, 0.6215418536877543, 31.221052710308825)
state:field-0.0, action:SAs, timestep:119, reward:-1.1991945473983137
==================================================

coord:(20.08660935814837, 0.6215418536877543, 31.221052710308825)->(19.657631267304993, 0.5914990801290658, 30.79207461946545)
state:field-0.0, action:SA, timestep:120, reward:-0.1720149794314132
==================================================

coord:(19.657631267304993, 0.5914990801290658, 30.79207461946545)->(18.61582733239965, 0.5356997742062224, 29.750270684560107)
state:field-0.0, action:SA, timestep:121, reward:-0.47061731937534645
==================================================

coord:(18.61582733239965, 0.5356997742062224, 29.750270684560107)->(21.005848124241318, 1.6741581492352313, 27.36024989271844)
state:field-0.0, action:WA, timestep:122, reward:3.3248405025938013
==================================================

coord:(21.005848124241318, 1.6741581492352313, 27.36024989271844)->(21.005848124241318, 2.2817779984468363, 27.36024989271844)
state:air-5.0, action:Wait, timestep:123, reward:0.15785007634610082
==================================================

coord:(21.005848124241318, 2.2817779984468363, 27.36024989271844)->(21.005848124241318, 2.2817779984468363, 27.36024989271844)
state:field-0.0, action:Wait, timestep:124, reward:-1.891568288669987e-07
==================================================

coord:(21.005848124241318, 2.2817779984468363, 27.36024989271844)->(21.005848124241318, 2.2817779984468363, 27.36024989271844)
state:field-0.0, action:Wait, timestep:125, reward:-1.891568288669987e-07
==================================================

coord:(21.005848124241318, 2.2817779984468363, 27.36024989271844)->(19.412500929680206, 0.9707717392434059, 28.95359708727955)
state:field-0.0, action:SD, timestep:126, reward:-2.3510032841905613
==================================================

coord:(19.412500929680206, 0.9707717392434059, 28.95359708727955)->(20.025326773742172, 1.0718888049348345, 29.566422931341517)
state:field-0.0, action:WD, timestep:127, reward:0.31904938196020893
==================================================

coord:(20.025326773742172, 1.0718888049348345, 29.566422931341517)->(20.025326773742172, 1.0718888049348345, 29.566422931341517)
state:field-0.0, action:Wait, timestep:128, reward:-4.532448691918489e-07
==================================================

coord:(20.025326773742172, 1.0718888049348345, 29.566422931341517)->(20.025326773742172, 0.6215418536877543, 31.38642286458429)
state:field-0.0, action:D, timestep:129, reward:-0.9373366325564305
==================================================

coord:(20.025326773742172, 0.6215418536877543, 31.38642286458429)->(21.005848124241318, 0.6215418536877543, 32.366944215083414)
state:field-0.0, action:WD, timestep:130, reward:0.31302246631831565
==================================================

coord:(21.005848124241318, 0.6215418536877543, 32.366944215083414)->(23.028173409645806, 1.4975619419550217, 30.344618929678944)
state:field-0.0, action:WA, timestep:131, reward:2.9235160591120177
==================================================

coord:(23.028173409645806, 1.4975619419550217, 30.344618929678944)->(23.028173409645806, 7.872093357350055, 30.344618929678944)
state:air-5.0, action:Wait, timestep:132, reward:0.8703429937312492
==================================================

coord:(23.028173409645806, 7.872093357350055, 30.344618929678944)->(24.00869476014495, 8.457996674488252, 31.32514028017809)
state:field-0.0, action:WD, timestep:133, reward:0.25937425281557935
==================================================

coord:(24.00869476014495, 8.457996674488252, 31.32514028017809)->(24.00869476014495, 9.956918478215421, 31.32514028017809)
state:air-5.0, action:Wait, timestep:134, reward:-0.133152450832295
==================================================

coord:(24.00869476014495, 9.956918478215421, 31.32514028017809)->(24.00869476014495, 8.79297800804603, 28.98514036600881)
state:field-0.0, action:A, timestep:135, reward:1.3628736027022832
==================================================

coord:(24.00869476014495, 8.79297800804603, 28.98514036600881)->(24.00869476014495, 7.719467496535955, 28.98514036600881)
state:air-5.0, action:Wait, timestep:136, reward:0.04661866986918639
==================================================

coord:(24.00869476014495, 7.719467496535955, 28.98514036600881)->(25.050498695050294, 8.513375861448784, 30.026944300914153)
state:field-0.0, action:WD, timestep:137, reward:0.31291992087279397
==================================================

coord:(25.050498695050294, 8.513375861448784, 30.026944300914153)->(25.050498695050294, 10.76803660460999, 30.026944300914153)
state:air-5.0, action:Wait, timestep:138, reward:-0.2708170261664442
==================================================

coord:(25.050498695050294, 10.76803660460999, 30.026944300914153)->(25.050498695050294, 10.51500606761664, 28.98694433906114)
state:field-0.0, action:A, timestep:139, reward:0.5938509800401235
==================================================

coord:(25.050498695050294, 10.51500606761664, 28.98694433906114)->(25.050498695050294, 8.969664290777729, 28.98694433906114)
state:air-5.0, action:Wait, timestep:140, reward:0.200425931337481
==================================================

coord:(25.050498695050294, 8.969664290777729, 28.98694433906114)->(25.050498695050294, 8.969664290777729, 28.98694433906114)
state:field-0.0, action:Wait, timestep:141, reward:-1.7034708932328613e-07
==================================================

coord:(25.050498695050294, 8.969664290777729, 28.98694433906114)->(24.00869476014495, 8.417597664610426, 27.945140404155797)
state:field-0.0, action:SA, timestep:142, reward:-0.37385179229061904
==================================================

coord:(24.00869476014495, 8.417597664610426, 27.945140404155797)->(24.00869476014495, 6.908826441871399, 27.945140404155797)
state:air-5.0, action:Wait, timestep:143, reward:0.01727370212478263
==================================================

coord:(24.00869476014495, 6.908826441871399, 27.945140404155797)->(25.050498695050294, 7.091554966084926, 26.903336469250455)
state:field-0.0, action:WA, timestep:144, reward:1.3942219958126003
==================================================

coord:(25.050498695050294, 7.091554966084926, 26.903336469250455)->(25.050498695050294, 6.838524429091582, 24.99666987251993)
state:field-0.0, action:A, timestep:145, reward:0.6959052967694674
==================================================

coord:(25.050498695050294, 6.838524429091582, 24.99666987251993)->(25.050498695050294, 5.321479294713132, 24.99666987251993)
state:air-5.0, action:Wait, timestep:146, reward:-0.13202590987081209
==================================================

coord:(25.050498695050294, 5.321479294713132, 24.99666987251993)->(23.947412175738755, 4.695803785056864, 23.893583353208392)
state:field-0.0, action:SA, timestep:147, reward:-0.8408430853981095
==================================================

coord:(23.947412175738755, 4.695803785056864, 23.893583353208392)->(23.947412175738755, 3.304674186060923, 23.893583353208392)
state:air-5.0, action:Wait, timestep:148, reward:-0.2848455744981777
==================================================

coord:(23.947412175738755, 3.304674186060923, 23.893583353208392)->(23.947412175738755, 4.520379902327848, 26.06024994040217)
state:field-0.0, action:D, timestep:149, reward:-0.3758573479443257
==================================================

coord:(23.947412175738755, 4.520379902327848, 26.06024994040217)->(23.947412175738755, 5.184360417004906, 26.06024994040217)
state:air-5.0, action:Wait, timestep:150, reward:0.09969020961240105
==================================================

coord:(23.947412175738755, 5.184360417004906, 26.06024994040217)->(22.844325656427216, 4.917859506649682, 24.95716342109063)
state:field-0.0, action:SA, timestep:151, reward:-0.7288433273805097
==================================================

coord:(22.844325656427216, 4.917859506649682, 24.95716342109063)->(24.144325608743483, 4.57976855290593, 24.95716342109063)
state:field-0.0, action:W, timestep:152, reward:1.1772337160697894
==================================================

coord:(24.144325608743483, 4.57976855290593, 24.95716342109063)->(23.041239089431944, 5.184360417004906, 26.06024994040217)
state:field-0.0, action:SD, timestep:153, reward:-1.291974476370509
==================================================

coord:(23.041239089431944, 5.184360417004906, 26.06024994040217)->(25.002281790430235, 6.908826441871399, 28.02129264140046)
state:field-0.0, action:WD, timestep:154, reward:1.1351872031307266
==================================================

coord:(25.002281790430235, 6.908826441871399, 28.02129264140046)->(25.002281790430235, 8.969664290777729, 28.02129264140046)
state:air-5.0, action:Wait, timestep:155, reward:-0.05811162465179365
==================================================

coord:(25.002281790430235, 8.969664290777729, 28.02129264140046)->(25.002281790430235, 8.969664290777729, 28.02129264140046)
state:field-0.0, action:Wait, timestep:156, reward:-4.338558952099447e-07
==================================================

coord:(25.002281790430235, 8.969664290777729, 28.02129264140046)->(27.08228171413626, 10.28718238460078, 28.02129264140046)
state:field-0.0, action:W, timestep:157, reward:1.6086111636829639
==================================================

coord:(27.08228171413626, 10.28718238460078, 28.02129264140046)->(27.08228171413626, 11.645230657648455, 28.02129264140046)
state:air-5.0, action:Wait, timestep:158, reward:-0.3049846334590445
==================================================

coord:(27.08228171413626, 11.645230657648455, 28.02129264140046)->(28.00152048022921, 11.645230657648455, 27.10205387530751)
state:field-0.0, action:WA, timestep:159, reward:1.2135461061834132
==================================================

coord:(28.00152048022921, 11.645230657648455, 27.10205387530751)->(27.878955311416817, 11.645230657648455, 26.97948870649512)
state:field-0.0, action:SA, timestep:160, reward:-0.04219436340023819
==================================================

coord:(27.878955311416817, 11.645230657648455, 26.97948870649512)->(27.878955311416817, 9.206899012526016, 26.97948870649512)
state:air-5.0, action:Wait, timestep:161, reward:0.5043048934762773
==================================================

coord:(27.878955311416817, 9.206899012526016, 26.97948870649512)->(28.00152048022921, 10.42233515787929, 27.10205387530751)
state:field-0.0, action:WD, timestep:162, reward:-0.15862082547512735
==================================================

coord:(28.00152048022921, 10.42233515787929, 27.10205387530751)->(28.00152048022921, 11.645230657648455, 27.10205387530751)
state:air-5.0, action:Wait, timestep:163, reward:-0.30348937813055166
==================================================

coord:(28.00152048022921, 11.645230657648455, 27.10205387530751)->(29.043324415134553, 11.345167297443975, 26.06024994040217)
state:field-0.0, action:WA, timestep:164, reward:1.447504190751884
==================================================

coord:(29.043324415134553, 11.345167297443975, 26.06024994040217)->(29.043324415134553, 12.842883997674194, 28.053583200620444)
state:field-0.0, action:D, timestep:165, reward:-1.5149722318366745
==================================================

coord:(29.043324415134553, 12.842883997674194, 28.053583200620444)->(29.043324415134553, 14.34979245982817, 28.053583200620444)
state:air-5.0, action:Wait, timestep:166, reward:-0.6192875349835969
==================================================

coord:(29.043324415134553, 14.34979245982817, 28.053583200620444)->(29.043324415134553, 15.825596363884099, 30.04691646083872)
state:field-0.0, action:D, timestep:167, reward:-1.8140142140751756
==================================================

coord:(29.043324415134553, 15.825596363884099, 30.04691646083872)->(29.043324415134553, 17.22685325412422, 30.04691646083872)
state:air-5.0, action:Wait, timestep:168, reward:-0.7292611505272255
==================================================

coord:(29.043324415134553, 17.22685325412422, 30.04691646083872)->(27.91665778979379, 16.9232166097322, 30.04691646083872)
state:field-0.0, action:S, timestep:169, reward:-0.556799849035098
==================================================

coord:(27.91665778979379, 16.9232166097322, 30.04691646083872)->(27.91665778979379, 13.98004049266512, 30.04691646083872)
state:air-5.0, action:Wait, timestep:170, reward:1.3306444001700903
==================================================

coord:(27.91665778979379, 13.98004049266512, 30.04691646083872)->(25.923324529575513, 13.676403848273102, 30.04691646083872)
state:field-0.0, action:S, timestep:171, reward:-1.3640752908686125
==================================================

coord:(25.923324529575513, 13.676403848273102, 30.04691646083872)->(25.923324529575513, 10.76803660460999, 30.04691646083872)
state:air-5.0, action:Wait, timestep:172, reward:0.7699835575423322
==================================================

coord:(25.923324529575513, 10.76803660460999, 30.04691646083872)->(24.942803179076368, 10.2849783067136, 29.066395110339574)
state:field-0.0, action:SA, timestep:173, reward:-0.19376982661184528
==================================================

coord:(24.942803179076368, 10.2849783067136, 29.066395110339574)->(24.942803179076368, 8.513375861448784, 29.066395110339574)
state:air-5.0, action:Wait, timestep:174, reward:0.19418219901377753
==================================================

coord:(24.942803179076368, 8.513375861448784, 29.066395110339574)->(24.942803179076368, 9.956918478215421, 32.013061668923115)
state:field-0.0, action:D, timestep:175, reward:-1.8158495185503511
==================================================

coord:(24.942803179076368, 9.956918478215421, 32.013061668923115)->(24.942803179076368, 10.559263565285978, 32.013061668923115)
state:air-5.0, action:Wait, timestep:176, reward:-0.08662280690277058
==================================================

coord:(24.942803179076368, 10.559263565285978, 32.013061668923115)->(26.069469804417132, 12.26937601343067, 32.013061668923115)
state:field-0.0, action:W, timestep:177, reward:0.4965756179676539
==================================================

coord:(26.069469804417132, 12.26937601343067, 32.013061668923115)->(26.069469804417132, 14.071575557758527, 32.013061668923115)
state:air-5.0, action:Wait, timestep:178, reward:-0.5339050696447352
==================================================

coord:(26.069469804417132, 14.071575557758527, 32.013061668923115)->(26.069469804417132, 14.071575557758527, 32.013061668923115)
state:field-0.0, action:Wait, timestep:179, reward:-4.0347860164047233e-08
==================================================

coord:(26.069469804417132, 14.071575557758527, 32.013061668923115)->(25.94690463560474, 14.071575557758527, 32.1356268377355)
state:field-0.0, action:SD, timestep:180, reward:-0.16276031386272294
==================================================

coord:(25.94690463560474, 14.071575557758527, 32.1356268377355)->(25.94690463560474, 12.26937601343067, 32.1356268377355)
state:air-5.0, action:Wait, timestep:181, reward:0.5293728422884989
==================================================

coord:(25.94690463560474, 12.26937601343067, 32.1356268377355)->(24.966383285105593, 11.910532706421922, 31.155105487236362)
state:field-0.0, action:SA, timestep:182, reward:-0.06140095879209184
==================================================

coord:(24.966383285105593, 11.910532706421922, 31.155105487236362)->(24.966383285105593, 9.956918478215421, 31.155105487236362)
state:air-5.0, action:Wait, timestep:183, reward:0.356116961520609
==================================================

coord:(24.966383285105593, 9.956918478215421, 31.155105487236362)->(26.008187220010935, 11.150828349225296, 30.11330155233102)
state:field-0.0, action:WA, timestep:184, reward:1.2316485807416377
==================================================

coord:(26.008187220010935, 11.150828349225296, 30.11330155233102)->(26.008187220010935, 12.349710411076664, 30.11330155233102)
state:air-5.0, action:Wait, timestep:185, reward:-0.2890736982252271
==================================================

coord:(26.008187220010935, 12.349710411076664, 30.11330155233102)->(27.049991154916277, 12.842883997674194, 29.071497617425678)
state:field-0.0, action:WA, timestep:186, reward:1.2407424030574639
==================================================

coord:(27.049991154916277, 12.842883997674194, 29.071497617425678)->(28.030512505415423, 13.011613521880761, 28.090976266926532)
state:field-0.0, action:WA, timestep:187, reward:1.2248533396043513
==================================================

coord:(28.030512505415423, 13.011613521880761, 28.090976266926532)->(27.111273739322474, 12.842883997674194, 29.01021503301948)
state:field-0.0, action:SD, timestep:188, reward:-1.1440857762408534
==================================================

coord:(27.111273739322474, 12.842883997674194, 29.01021503301948)->(27.111273739322474, 13.98004049266512, 31.003548293237756)
state:field-0.0, action:D, timestep:189, reward:-1.5362885889737825
==================================================

coord:(27.111273739322474, 13.98004049266512, 31.003548293237756)->(27.111273739322474, 15.020545441800547, 31.003548293237756)
state:air-5.0, action:Wait, timestep:190, reward:-0.3991147449882
==================================================

coord:(27.111273739322474, 15.020545441800547, 31.003548293237756)->(26.98870857051008, 15.020545441800547, 30.880983124425363)
state:field-0.0, action:SA, timestep:191, reward:-0.01325577859555338
==================================================

coord:(26.98870857051008, 15.020545441800547, 30.880983124425363)->(26.98870857051008, 12.349710411076664, 30.880983124425363)
state:air-5.0, action:Wait, timestep:192, reward:0.9181979722633393
==================================================

coord:(26.98870857051008, 12.349710411076664, 30.880983124425363)->(26.98870857051008, 12.096679874083316, 28.97431652769484)
state:field-0.0, action:A, timestep:193, reward:1.1800305799027626
==================================================

coord:(26.98870857051008, 12.096679874083316, 28.97431652769484)->(26.98870857051008, 10.28718238460078, 28.97431652769484)
state:air-5.0, action:Wait, timestep:194, reward:0.4153423578290045
==================================================

coord:(26.98870857051008, 10.28718238460078, 28.97431652769484)->(28.030512505415423, 11.645230657648455, 27.932512592789497)
state:field-0.0, action:WA, timestep:195, reward:1.0998606740289247
==================================================

coord:(28.030512505415423, 11.645230657648455, 27.932512592789497)->(27.90794733660303, 11.645230657648455, 28.05507776160189)
state:field-0.0, action:SD, timestep:196, reward:-0.16319799230442555
==================================================

coord:(27.90794733660303, 11.645230657648455, 28.05507776160189)->(27.90794733660303, 12.842883997674194, 30.048411021820165)
state:field-0.0, action:D, timestep:197, reward:-1.498117619218604
==================================================

coord:(27.90794733660303, 12.842883997674194, 30.048411021820165)->(27.90794733660303, 13.98004049266512, 30.048411021820165)
state:air-5.0, action:Wait, timestep:198, reward:-0.4024612019909668
==================================================

coord:(27.90794733660303, 13.98004049266512, 30.048411021820165)->(25.914614076384755, 13.676403848273102, 30.048411021820165)
state:field-0.0, action:S, timestep:199, reward:-1.364494149637732
==================================================

coord:(25.914614076384755, 13.676403848273102, 30.048411021820165)->(25.914614076384755, 10.76803660460999, 30.048411021820165)
state:air-5.0, action:Wait, timestep:200, reward:0.7696569543034784
==================================================

coord:(25.914614076384755, 10.76803660460999, 30.048411021820165)->(23.953571375386463, 10.142361094953714, 32.009453722818456)
state:field-0.0, action:SD, timestep:201, reward:-2.6057747624164307
==================================================

coord:(23.953571375386463, 10.142361094953714, 32.009453722818456)->(23.953571375386463, 8.969664290777729, 32.009453722818456)
state:air-5.0, action:Wait, timestep:202, reward:0.12200133769784216
==================================================

coord:(23.953571375386463, 8.969664290777729, 32.009453722818456)->(23.953571375386463, 7.805723820608337, 29.92945379911243)
state:field-0.0, action:A, timestep:203, reward:1.2263807169732104
==================================================

coord:(23.953571375386463, 7.805723820608337, 29.92945379911243)->(23.953571375386463, 7.231766021017783, 29.92945379911243)
state:air-5.0, action:Wait, timestep:204, reward:0.0018291204621903034
==================================================

coord:(23.953571375386463, 7.231766021017783, 29.92945379911243)->(23.953571375386463, 6.067825550848401, 26.982787240528893)
state:field-0.0, action:A, timestep:205, reward:1.316400277239044
==================================================

coord:(23.953571375386463, 6.067825550848401, 26.982787240528893)->(23.953571375386463, 5.184360417004906, 26.982787240528893)
state:air-5.0, action:Wait, timestep:206, reward:-0.09197981496532392
==================================================

coord:(23.953571375386463, 5.184360417004906, 26.982787240528893)->(25.056657894698002, 6.1833128807551425, 25.879700721217354)
state:field-0.0, action:WA, timestep:207, reward:1.5380513099264164
==================================================

coord:(25.056657894698002, 6.1833128807551425, 25.879700721217354)->(25.056657894698002, 7.091554966084926, 27.006367346558118)
state:field-0.0, action:D, timestep:208, reward:-0.399378829095383
==================================================

coord:(25.056657894698002, 7.091554966084926, 27.006367346558118)->(25.056657894698002, 8.027736868461885, 27.006367346558118)
state:air-5.0, action:Wait, timestep:209, reward:-0.005729377623897136
==================================================

coord:(25.056657894698002, 8.027736868461885, 27.006367346558118)->(24.995375310291806, 8.027736868461885, 26.94508476215192)
state:field-0.0, action:SA, timestep:210, reward:-0.029653949933056367
==================================================

coord:(24.995375310291806, 8.027736868461885, 26.94508476215192)->(24.995375310291806, 6.103130093383256, 26.94508476215192)
state:air-5.0, action:Wait, timestep:211, reward:-0.04567394182357276
==================================================

coord:(24.995375310291806, 6.103130093383256, 26.94508476215192)->(24.995375310291806, 4.939189623213874, 23.998418203568384)
state:field-0.0, action:A, timestep:212, reward:0.8581715387551174
==================================================

coord:(24.995375310291806, 4.939189623213874, 23.998418203568384)->(24.995375310291806, 3.89032683908715, 23.998418203568384)
state:air-5.0, action:Wait, timestep:213, reward:-0.20165041161393127
==================================================

coord:(24.995375310291806, 3.89032683908715, 23.998418203568384)->(24.995375310291806, 5.321479294713132, 26.07841812727441)
state:field-0.0, action:D, timestep:214, reward:-0.3965778294569944
==================================================

coord:(24.995375310291806, 5.321479294713132, 26.07841812727441)->(24.995375310291806, 6.103130093383256, 26.07841812727441)
state:air-5.0, action:Wait, timestep:215, reward:0.08380473002985056
==================================================

coord:(24.995375310291806, 6.103130093383256, 26.07841812727441)->(23.892288790980267, 5.55106346721596, 24.97533160796287)
state:field-0.0, action:SA, timestep:216, reward:-0.7204573559933181
==================================================

coord:(23.892288790980267, 5.55106346721596, 24.97533160796287)->(23.892288790980267, 3.89032683908715, 24.97533160796287)
state:air-5.0, action:Wait, timestep:217, reward:-0.26591496863643016
==================================================

coord:(23.892288790980267, 3.89032683908715, 24.97533160796287)->(23.892288790980267, 2.293020722061755, 21.59533173194058)
state:field-0.0, action:A, timestep:218, reward:0.24130832061324625
==================================================

coord:(23.892288790980267, 2.293020722061755, 21.59533173194058)->(23.892288790980267, 2.293020722061755, 21.59533173194058)
state:field-0.0, action:Wait, timestep:219, reward:1.0833297281465093e-07
==================================================

coord:(23.892288790980267, 2.293020722061755, 21.59533173194058)->(23.892288790980267, 2.293020722061755, 21.59533173194058)
state:field-0.0, action:Wait, timestep:220, reward:1.0833297281465093e-07
==================================================

coord:(23.892288790980267, 2.293020722061755, 21.59533173194058)->(22.973050024887318, 2.7707836190265396, 22.514570498033528)
state:field-0.0, action:SD, timestep:221, reward:-0.8478209771666165
==================================================

coord:(22.973050024887318, 2.7707836190265396, 22.514570498033528)->(22.973050024887318, 5.995719931712003, 22.514570498033528)
state:air-5.0, action:Wait, timestep:222, reward:0.5649153290289703
==================================================

coord:(22.973050024887318, 5.995719931712003, 22.514570498033528)->(23.034332609293514, 5.995719931712003, 22.575853082439725)
state:field-0.0, action:WD, timestep:223, reward:0.051345716697799304
==================================================

coord:(23.034332609293514, 5.995719931712003, 22.575853082439725)->(23.034332609293514, 2.7707836190265396, 22.575853082439725)
state:air-5.0, action:Wait, timestep:224, reward:-0.5665467575709968
==================================================

coord:(23.034332609293514, 2.7707836190265396, 22.575853082439725)->(22.973050024887318, 2.7707836190265396, 22.63713566684592)
state:field-0.0, action:SD, timestep:225, reward:-0.06740319253913896
==================================================

coord:(22.973050024887318, 2.7707836190265396, 22.63713566684592)->(22.973050024887318, 5.995719931712003, 22.63713566684592)
state:air-5.0, action:Wait, timestep:226, reward:0.5643387160765414
==================================================

coord:(22.973050024887318, 5.995719931712003, 22.63713566684592)->(20.979716764669043, 5.742689394718659, 22.63713566684592)
state:field-0.0, action:S, timestep:227, reward:-1.986795065476585
==================================================

coord:(20.979716764669043, 5.742689394718659, 22.63713566684592)->(20.979716764669043, 3.308610751406032, 22.63713566684592)
state:air-5.0, action:Wait, timestep:228, reward:-0.366813530316378
==================================================

coord:(20.979716764669043, 3.308610751406032, 22.63713566684592)->(22.021520699574385, 4.256409160463923, 23.678939601751264)
state:field-0.0, action:WD, timestep:229, reward:1.0172395586548681
==================================================

coord:(22.021520699574385, 4.256409160463923, 23.678939601751264)->(22.021520699574385, 5.497785660273409, 23.678939601751264)
state:air-5.0, action:Wait, timestep:230, reward:0.172830794938875
==================================================

coord:(22.021520699574385, 5.497785660273409, 23.678939601751264)->(20.98152073772137, 5.244755123280065, 23.678939601751264)
state:field-0.0, action:S, timestep:231, reward:-1.0416443965815496
==================================================

coord:(20.98152073772137, 5.244755123280065, 23.678939601751264)->(20.98152073772137, 3.0338362951707407, 23.678939601751264)
state:air-5.0, action:Wait, timestep:232, reward:-0.3728321448843097
==================================================

coord:(20.98152073772137, 3.0338362951707407, 23.678939601751264)->(20.98152073772137, 3.0338362951707407, 23.678939601751264)
state:field-0.0, action:Wait, timestep:233, reward:-8.002798175255066e-07
==================================================

coord:(20.98152073772137, 3.0338362951707407, 23.678939601751264)->(22.023324672626714, 4.509439697457267, 22.63713566684592)
state:field-0.0, action:WA, timestep:234, reward:1.4630968341090167
==================================================

coord:(22.023324672626714, 4.509439697457267, 22.63713566684592)->(22.023324672626714, 5.995719931712003, 22.63713566684592)
state:air-5.0, action:Wait, timestep:235, reward:0.17899630285538493
==================================================

coord:(22.023324672626714, 5.995719931712003, 22.63713566684592)->(23.063324634479727, 5.995719931712003, 22.63713566684592)
state:field-0.0, action:W, timestep:236, reward:1.0248066058592293
==================================================

coord:(23.063324634479727, 5.995719931712003, 22.63713566684592)->(23.063324634479727, 2.7707836190265396, 22.63713566684592)
state:air-5.0, action:Wait, timestep:237, reward:-0.5671614429552143
==================================================

coord:(23.063324634479727, 2.7707836190265396, 22.63713566684592)->(24.47282407582225, 3.89032683908715, 24.046635108188443)
state:field-0.0, action:WD, timestep:238, reward:1.3324369542645194
==================================================

coord:(24.47282407582225, 3.89032683908715, 24.046635108188443)->(24.47282407582225, 4.57976855290593, 24.046635108188443)
state:air-5.0, action:Wait, timestep:239, reward:0.13576313538730744
==================================================

coord:(24.47282407582225, 4.57976855290593, 24.046635108188443)->(24.47282407582225, 6.103130093383256, 27.07996833025973)
state:field-0.0, action:D, timestep:240, reward:-0.8168651265226643
==================================================

coord:(24.47282407582225, 6.103130093383256, 27.07996833025973)->(24.47282407582225, 6.908826441871399, 27.07996833025973)
state:air-5.0, action:Wait, timestep:241, reward:0.04489372118767676
==================================================

coord:(24.47282407582225, 6.908826441871399, 27.07996833025973)->(24.47282407582225, 5.744885971702017, 24.999968406553705)
state:field-0.0, action:A, timestep:242, reward:0.6718747545051507
==================================================

coord:(24.47282407582225, 5.744885971702017, 24.999968406553705)->(24.47282407582225, 4.57976855290593, 24.999968406553705)
state:air-5.0, action:Wait, timestep:243, reward:-0.16231058566467027
==================================================

coord:(24.47282407582225, 4.57976855290593, 24.999968406553705)->(25.51462801072759, 6.1833128807551425, 26.041772341459048)
state:field-0.0, action:WD, timestep:244, reward:0.8178348566672327
==================================================

coord:(25.51462801072759, 6.1833128807551425, 26.041772341459048)->(25.51462801072759, 7.091554966084926, 26.041772341459048)
state:air-5.0, action:Wait, timestep:245, reward:0.04743414131677248
==================================================

coord:(25.51462801072759, 7.091554966084926, 26.041772341459048)->(27.07462795350711, 8.133205096822149, 26.041772341459048)
state:field-0.0, action:W, timestep:246, reward:1.4154884255886184
==================================================

coord:(27.07462795350711, 8.133205096822149, 26.041772341459048)->(27.07462795350711, 9.206899012526016, 26.041772341459048)
state:air-5.0, action:Wait, timestep:247, reward:-0.09077671874110571
==================================================

coord:(27.07462795350711, 9.206899012526016, 26.041772341459048)->(29.067961213725386, 10.28718238460078, 26.041772341459048)
state:field-0.0, action:W, timestep:248, reward:1.5676774559063347
==================================================

coord:(29.067961213725386, 10.28718238460078, 26.041772341459048)->(29.067961213725386, 11.345167297443975, 26.041772341459048)
state:air-5.0, action:Wait, timestep:249, reward:-0.2744349016565728
==================================================

coord:(29.067961213725386, 11.345167297443975, 26.041772341459048)->(30.048482564224532, 11.345167297443975, 27.022293691958193)
state:field-0.0, action:WD, timestep:250, reward:0.29641927848351557
==================================================

coord:(30.048482564224532, 11.345167297443975, 27.022293691958193)->(30.048482564224532, 13.98004049266512, 27.022293691958193)
state:air-5.0, action:Wait, timestep:251, reward:-1.0309520060322868
==================================================

coord:(30.048482564224532, 13.98004049266512, 27.022293691958193)->(31.090286499129874, 13.427973866497817, 25.98048975705285)
state:field-0.0, action:WA, timestep:252, reward:1.536373977903816
==================================================

coord:(31.090286499129874, 13.427973866497817, 25.98048975705285)->(31.090286499129874, 11.569478874068835, 25.98048975705285)
state:air-5.0, action:Wait, timestep:253, reward:0.7881228135244065
==================================================

coord:(31.090286499129874, 11.569478874068835, 25.98048975705285)->(30.10976514863073, 11.150828349225296, 24.999968406553705)
state:field-0.0, action:SA, timestep:254, reward:-0.18989817826025934
==================================================

coord:(30.10976514863073, 11.150828349225296, 24.999968406553705)->(30.10976514863073, 9.267181677720165, 24.999968406553705)
state:air-5.0, action:Wait, timestep:255, reward:0.4522764040144249
==================================================

coord:(30.10976514863073, 9.267181677720165, 24.999968406553705)->(27.94309856143695, 8.103241207550774, 24.999968406553705)
state:field-0.0, action:S, timestep:256, reward:-1.8395731489886629
==================================================

coord:(27.94309856143695, 8.103241207550774, 24.999968406553705)->(27.94309856143695, 8.103241207550774, 24.999968406553705)
state:death-5.0, action:Wait, timestep:257, reward:-999999
==================================================

