coord:(6.0, 20.0, 28.0)->(6.0, 20.0, 28.0)
state:field-4, action:Wait, timestep:1, reward:-0.0
==================================================

coord:(6.0, 20.0, 28.0)->(10.0305084705353, 19.28623335870107, 23.969491529464776)
state:field-4.0, action:WAsj, timestep:2, reward:1.3874091211704105
==================================================

coord:(10.0305084705353, 19.28623335870107, 23.969491529464776)->(10.0305084705353, 16.785333569885317, 23.969491529464776)
state:air-9.0, action:Wait, timestep:3, reward:1.9190435737770706
==================================================

coord:(10.0305084705353, 16.785333569885317, 23.969491529464776)->(11.030508470535297, 16.785333569885317, 23.969491529464776)
state:field-4.0, action:Ws, timestep:4, reward:0.452639098129616
==================================================

coord:(11.030508470535297, 16.785333569885317, 23.969491529464776)->(11.030508470535297, 18.58805074886999, 23.969491529464776)
state:air-9.0, action:Wait, timestep:5, reward:-1.4040901858725192
==================================================

coord:(11.030508470535297, 18.58805074886999, 23.969491529464776)->(11.030508470535297, 18.46555074886999, 21.969491529464747)
state:field-4.0, action:As, timestep:6, reward:-0.9011495431290939
==================================================

coord:(11.030508470535297, 18.46555074886999, 21.969491529464747)->(11.030508470535297, 15.39721178850623, 21.969491529464747)
state:air-9.0, action:Wait, timestep:7, reward:2.1877146278036257
==================================================

coord:(11.030508470535297, 15.39721178850623, 21.969491529464747)->(9.930508470535301, 15.948189571179537, 21.969491529464747)
state:field-4.0, action:Ssj, timestep:8, reward:-0.8588219114030906
==================================================

coord:(9.930508470535301, 15.948189571179537, 21.969491529464747)->(9.930508470535301, 15.948189571179537, 21.969491529464747)
state:air-9.0, action:j, timestep:9, reward:-4.250660623483782e-08
==================================================

coord:(9.930508470535301, 15.948189571179537, 21.969491529464747)->(9.930508470535301, 15.948189571179537, 21.969491529464747)
state:parachute-19.0, action:WDj, timestep:10, reward:-4.250660623483782e-08
==================================================

coord:(9.930508470535301, 15.948189571179537, 21.969491529464747)->(9.930508470535301, 18.548189475812173, 22.019491529464748)
state:wall-14.0, action:Wj, timestep:11, reward:-1.8035232302161965
==================================================

coord:(9.930508470535301, 18.548189475812173, 22.019491529464748)->(9.930508470535301, 10.405206739844528, 22.019491529464748)
state:air-8.0, action:Wait, timestep:12, reward:4.912216632110038
==================================================

coord:(9.930508470535301, 10.405206739844528, 22.019491529464748)->(9.930508470535301, 9.105206787528209, 22.019491529464748)
state:wall-13.0, action:S, timestep:13, reward:0.4950909561108414
==================================================

coord:(9.930508470535301, 9.105206787528209, 22.019491529464748)->(9.930508470535301, 9.105206787528209, 22.019491529464748)
state:air-8.0, action:j, timestep:14, reward:4.714917007930808e-07
==================================================

coord:(9.930508470535301, 9.105206787528209, 22.019491529464748)->(9.930508470535301, 9.105206787528209, 22.019491529464748)
state:parachute-18.0, action:SAj, timestep:15, reward:4.714917007930808e-07
==================================================

coord:(9.930508470535301, 9.105206787528209, 22.019491529464748)->(9.930508470535301, 7.805206835211897, 22.019491529464748)
state:wall-13.0, action:S, timestep:16, reward:0.3856955219610736
==================================================

coord:(9.930508470535301, 7.805206835211897, 22.019491529464748)->(9.930508470535301, 0.0, 22.019491529464748)
state:air-8.0, action:Wait, timestep:17, reward:-0.3258721738596755
==================================================

coord:(9.930508470535301, 0.0, 22.019491529464748)->(10.001219145456973, 0.06370000044504802, 21.948780854543077)
state:field-3.0, action:WAsj, timestep:18, reward:0.010464838787894948
==================================================

coord:(10.001219145456973, 0.06370000044504802, 21.948780854543077)->(10.001219145456973, 13.903950414594123, 21.948780854543077)
state:air-8.0, action:Wait, timestep:19, reward:-2.3636488421056043
==================================================

coord:(10.001219145456973, 13.903950414594123, 21.948780854543077)->(9.939936561050779, 13.903950414594123, 21.88749827013688)
state:field-3.0, action:SA, timestep:20, reward:-0.06947204009822983
==================================================

coord:(9.939936561050779, 13.903950414594123, 21.88749827013688)->(9.939936561050779, 13.903950414594123, 21.88749827013688)
state:air-8.0, action:j, timestep:21, reward:2.728290162679059e-07
==================================================

coord:(9.939936561050779, 13.903950414594123, 21.88749827013688)->(9.939936561050779, 10.00395055764527, 21.88749827013688)
state:parachute-18.0, action:Wait, timestep:22, reward:1.9424455181463127
==================================================

coord:(9.939936561050779, 10.00395055764527, 21.88749827013688)->(9.939936561050779, 10.00395055764527, 21.88749827013688)
state:parachute-18.0, action:WDj, timestep:23, reward:-2.3685857009070332e-07
==================================================

coord:(9.939936561050779, 10.00395055764527, 21.88749827013688)->(9.939936561050779, 11.30395050996159, 22.037498270136883)
state:wall-13.0, action:W, timestep:24, reward:-0.45759419833255244
==================================================

coord:(9.939936561050779, 11.30395050996159, 22.037498270136883)->(9.939936561050779, 11.30395050996159, 22.037498270136883)
state:air-8.0, action:j, timestep:25, reward:-2.804858727500914e-07
==================================================

coord:(9.939936561050779, 11.30395050996159, 22.037498270136883)->(9.939936561050779, 11.30395050996159, 22.037498270136883)
state:parachute-18.0, action:SAj, timestep:26, reward:-2.804858727500914e-07
==================================================

coord:(9.939936561050779, 11.30395050996159, 22.037498270136883)->(9.939936561050779, 10.00395055764527, 22.037498270136883)
state:wall-13.0, action:S, timestep:27, reward:0.5650234331601371
==================================================

coord:(9.939936561050779, 10.00395055764527, 22.037498270136883)->(9.939936561050779, 10.00395055764527, 22.037498270136883)
state:air-8.0, action:j, timestep:28, reward:1.0918926207637014e-08
==================================================

coord:(9.939936561050779, 10.00395055764527, 22.037498270136883)->(9.939936561050779, 10.00395055764527, 22.037498270136883)
state:parachute-18.0, action:SAj, timestep:29, reward:1.0918926207637014e-08
==================================================

coord:(9.939936561050779, 10.00395055764527, 22.037498270136883)->(9.939936561050779, 11.30395050996159, 23.037498270136897)
state:wall-13.0, action:W, timestep:30, reward:0.10168155974428394
==================================================

coord:(9.939936561050779, 11.30395050996159, 23.037498270136897)->(9.939936561050779, 3.1609677739939412, 23.037498270136897)
state:air-8.0, action:Wait, timestep:31, reward:1.7357717336742073
==================================================

coord:(9.939936561050779, 3.1609677739939412, 23.037498270136897)->(9.939936561050779, 5.7609676786265185, 24.03749827013691)
state:wall-13.0, action:Wj, timestep:32, reward:0.719839855322105
==================================================

coord:(9.939936561050779, 5.7609676786265185, 24.03749827013691)->(9.939936561050779, 0.3003672456875418, 24.03749827013691)
state:air-7.0, action:Wait, timestep:33, reward:-0.6664373144225912
==================================================

coord:(9.939936561050779, 0.3003672456875418, 24.03749827013691)->(9.143262963770246, 0.0, 23.240824672856355)
state:field-2.0, action:SA, timestep:34, reward:-1.1615452237925687
==================================================

coord:(9.143262963770246, 0.0, 23.240824672856355)->(9.143262963770246, 0.4705445728298447, 25.92749124097664)
state:field-2.0, action:Dj, timestep:35, reward:1.775164870795761
==================================================

coord:(9.143262963770246, 0.4705445728298447, 25.92749124097664)->(8.718998914240212, 0.4651597163380061, 25.503227191446616)
state:field-2.0, action:SAs, timestep:36, reward:-0.5569084714217762
==================================================

coord:(8.718998914240212, 0.4651597163380061, 25.503227191446616)->(10.318998914240206, 0.4651597163380061, 25.503227191446616)
state:field-2.0, action:Ws, timestep:37, reward:1.1882779896852451
==================================================

coord:(10.318998914240206, 0.4651597163380061, 25.503227191446616)->(10.318998914240206, 1.0653847105016305, 27.929893769103646)
state:field-2.0, action:Dj, timestep:38, reward:1.492236161455038
==================================================

coord:(10.318998914240206, 1.0653847105016305, 27.929893769103646)->(10.389709589161878, 1.5576239855426923, 28.000604444025317)
state:field-2.0, action:WDsj, timestep:39, reward:0.25828695964446524
==================================================

coord:(10.389709589161878, 1.5576239855426923, 28.000604444025317)->(15.889709589161859, 1.041139962391984, 28.000604444025317)
state:field-2.0, action:Wsj, timestep:40, reward:3.4040441912995805
==================================================

coord:(15.889709589161859, 1.041139962391984, 28.000604444025317)->(15.889709589161859, 0.3109199486329711, 25.50060444402528)
state:field-2.0, action:As, timestep:41, reward:-2.3251718572254374
==================================================

coord:(15.889709589161859, 0.3109199486329711, 25.50060444402528)->(16.496376233576118, 0.26771077733686593, 25.50060444402528)
state:field-1.0, action:W, timestep:42, reward:0.11537366114003422
==================================================

coord:(16.496376233576118, 0.26771077733686593, 25.50060444402528)->(12.960842487492512, 1.3106373815111794, 29.03613819010881)
state:field-1.0, action:SDs, timestep:43, reward:1.2386729689769096
==================================================

coord:(12.960842487492512, 1.3106373815111794, 29.03613819010881)->(12.960842487492512, 2.0297010454992286, 29.03613819010881)
state:air-6.0, action:Wait, timestep:44, reward:0.3095823989663673
==================================================

coord:(12.960842487492512, 2.0297010454992286, 29.03613819010881)->(14.760842487492505, 1.6883144133931263, 29.03613819010881)
state:field-1.0, action:Ws, timestep:45, reward:1.1385266675614991
==================================================

coord:(14.760842487492505, 1.6883144133931263, 29.03613819010881)->(14.760842487492505, 0.352885631964017, 25.736138190108765)
state:field-1.0, action:As, timestep:46, reward:-2.9683794178419003
==================================================

coord:(14.760842487492505, 0.352885631964017, 25.736138190108765)->(14.760842487492505, 0.352885631964017, 25.736138190108765)
state:field-0.0, action:Wait, timestep:47, reward:-3.97150982323069e-07
==================================================

coord:(14.760842487492505, 0.352885631964017, 25.736138190108765)->(16.844450357303153, 0.6131549207583427, 27.81974605991945)
state:field-0.0, action:WDj, timestep:48, reward:2.362921974374884
==================================================

coord:(16.844450357303153, 0.6131549207583427, 27.81974605991945)->(19.03648127987494, 1.6950228512760246, 25.62771513734766)
state:field-0.0, action:WAsj, timestep:49, reward:-1.2251172354586375
==================================================

coord:(19.03648127987494, 1.6950228512760246, 25.62771513734766)->(17.339425081754847, 1.0327911462574286, 23.930658939227566)
state:field-0.0, action:SAs, timestep:50, reward:-1.7686192009974153
==================================================

coord:(17.339425081754847, 1.0327911462574286, 23.930658939227566)->(19.05533744512835, 2.3681576868128444, 22.21474657585406)
state:field-0.0, action:WAj, timestep:51, reward:-1.2694393768511407
==================================================

coord:(19.05533744512835, 2.3681576868128444, 22.21474657585406)->(15.95533744512831, 1.1839910201461779, 22.21474657585406)
state:field-0.0, action:Ss, timestep:52, reward:-0.4581772721109836
==================================================

coord:(15.95533744512831, 1.1839910201461779, 22.21474657585406)->(15.95533744512831, 0.4851643184668676, 22.21474657585406)
state:air-5.0, action:Wait, timestep:53, reward:-0.2383236901531891
==================================================

coord:(15.95533744512831, 0.4851643184668676, 22.21474657585406)->(15.95533744512831, 0.4851643184668676, 22.21474657585406)
state:field-0.0, action:Wait, timestep:54, reward:4.751910491762601e-07
==================================================

coord:(15.95533744512831, 0.4851643184668676, 22.21474657585406)->(14.116859897164828, 0.3387627431367656, 20.376269027890626)
state:field-0.0, action:SAs, timestep:55, reward:-2.171597156506488
==================================================

coord:(14.116859897164828, 0.3387627431367656, 20.376269027890626)->(19.056859715966677, 1.8257865992739646, 20.376269027890626)
state:field-0.0, action:W, timestep:56, reward:0.9646585461403454
==================================================

coord:(19.056859715966677, 1.8257865992739646, 20.376269027890626)->(19.056859715966677, 2.614828605119289, 20.376269027890626)
state:air-5.0, action:Wait, timestep:57, reward:0.14881833777994302
==================================================

coord:(19.056859715966677, 2.614828605119289, 20.376269027890626)->(17.40222993699937, 1.126331007346584, 22.030898806857934)
state:field-0.0, action:SD, timestep:58, reward:1.2874214522898875
==================================================

coord:(17.40222993699937, 1.126331007346584, 22.030898806857934)->(18.934294547154284, 1.5162257603767144, 23.56296341701285)
state:field-0.0, action:WD, timestep:59, reward:1.5441130506792469
==================================================

coord:(18.934294547154284, 1.5162257603767144, 23.56296341701285)->(16.973251846155993, 0.26771077733686593, 25.52400611801114)
state:field-0.0, action:SD, timestep:60, reward:1.2013543263490964
==================================================

coord:(16.973251846155993, 0.26771077733686593, 25.52400611801114)->(17.4932518270825, 0.22526088161698715, 25.52400611801114)
state:field-0.0, action:W, timestep:61, reward:0.028276581247633104
==================================================

coord:(17.4932518270825, 0.22526088161698715, 25.52400611801114)->(20.00658506822728, 1.6950228512760246, 25.52400611801114)
state:field-0.0, action:W, timestep:62, reward:0.4328878703715686
==================================================

coord:(20.00658506822728, 1.6950228512760246, 25.52400611801114)->(20.00658506822728, 2.3681576868128444, 25.52400611801114)
state:air-5.0, action:Wait, timestep:63, reward:0.22702541852393843
==================================================

coord:(20.00658506822728, 2.3681576868128444, 25.52400611801114)->(18.290672704853776, 0.8366969954363354, 27.239918481384645)
state:field-0.0, action:SD, timestep:64, reward:1.104890486442124
==================================================

coord:(18.290672704853776, 0.8366969954363354, 27.239918481384645)->(18.290672704853776, 0.6778348795001161, 28.799918424164165)
state:field-0.0, action:D, timestep:65, reward:1.025924554242578
==================================================

coord:(18.290672704853776, 0.6778348795001161, 28.799918424164165)->(13.09067289558865, 1.3106373815111794, 28.799918424164165)
state:field-0.0, action:S, timestep:66, reward:-1.6891131575393112
==================================================

coord:(13.09067289558865, 1.3106373815111794, 28.799918424164165)->(14.824006165343707, 1.1816653617982986, 28.799918424164165)
state:field-0.0, action:W, timestep:67, reward:1.0780078081774
==================================================

coord:(14.824006165343707, 1.1816653617982986, 28.799918424164165)->(13.230658970782642, 0.8964506454922149, 27.206571229603053)
state:field-0.0, action:SA, timestep:68, reward:-2.068587198962642
==================================================

coord:(13.230658970782642, 0.8964506454922149, 27.206571229603053)->(13.230658970782642, 0.8964506454922149, 27.206571229603053)
state:field-0.0, action:Wait, timestep:69, reward:1.0419897922275823e-07
==================================================

coord:(13.230658970782642, 0.8964506454922149, 27.206571229603053)->(13.230658970782642, 0.8964506454922149, 27.206571229603053)
state:field-0.0, action:Wait, timestep:70, reward:1.0419897922275823e-07
==================================================

coord:(13.230658970782642, 0.8964506454922149, 27.206571229603053)->(13.230658970782642, 0.39140108156033376, 25.559904623335783)
state:field-0.0, action:A, timestep:71, reward:-1.3439869952661763
==================================================

coord:(13.230658970782642, 0.39140108156033376, 25.559904623335783)->(14.395028074500344, 0.5402376271462271, 26.724273727053518)
state:field-0.0, action:WD, timestep:72, reward:1.4910265520034356
==================================================

coord:(14.395028074500344, 0.5402376271462271, 26.724273727053518)->(12.985528633157863, 0.4242410835666076, 25.314774285710996)
state:field-0.0, action:SA, timestep:73, reward:-1.7838117499390744
==================================================

coord:(12.985528633157863, 0.4242410835666076, 25.314774285710996)->(12.06628986706494, 0.2708098937621368, 24.395535519618047)
state:field-0.0, action:SA, timestep:74, reward:-1.2355489889547275
==================================================

coord:(12.06628986706494, 0.2708098937621368, 24.395535519618047)->(8.75703030913042, 1.0653847105016305, 27.704795077552664)
state:field-0.0, action:SD, timestep:75, reward:-0.22640667546975735
==================================================

coord:(8.75703030913042, 1.0653847105016305, 27.704795077552664)->(8.75703030913042, 0.4651597163380061, 25.451461826871135)
state:field-0.0, action:A, timestep:76, reward:-1.2688299207193534
==================================================

coord:(8.75703030913042, 0.4651597163380061, 25.451461826871135)->(8.75703030913042, 0.4651597163380061, 25.451461826871135)
state:field-0.0, action:Wait, timestep:77, reward:3.786580879960866e-07
==================================================

coord:(8.75703030913042, 0.4651597163380061, 25.451461826871135)->(10.227812334879095, 0.7121196179052162, 26.922243852619854)
state:field-0.0, action:WD, timestep:78, reward:1.999456709095437
==================================================

coord:(10.227812334879095, 0.7121196179052162, 26.922243852619854)->(10.227812334879095, 0.4651597163380061, 25.01557725588933)
state:field-0.0, action:A, timestep:79, reward:-1.1750451771307997
==================================================

coord:(10.227812334879095, 0.4651597163380061, 25.01557725588933)->(10.901920763347238, 0.29692987841933827, 24.341468827421167)
state:field-0.0, action:WA, timestep:80, reward:-0.054400250090154145
==================================================

coord:(10.901920763347238, 0.29692987841933827, 24.341468827421167)->(10.901920763347238, 0.29692987841933827, 24.341468827421167)
state:field-0.0, action:Wait, timestep:81, reward:1.9394060757349507e-07
==================================================

coord:(10.901920763347238, 0.29692987841933827, 24.341468827421167)->(11.335254080786003, 0.286852002051616, 24.341468827421167)
state:field-0.0, action:W, timestep:82, reward:0.26461461048884516
==================================================

coord:(11.335254080786003, 0.286852002051616, 24.341468827421167)->(15.012209145157692, 1.041139962391984, 28.018423891792963)
state:field-0.0, action:WD, timestep:83, reward:4.937168352967819
==================================================

coord:(15.012209145157692, 1.041139962391984, 28.018423891792963)->(14.276818132283355, 0.8082362759396398, 27.283032878918604)
state:field-0.0, action:SA, timestep:84, reward:-0.9928153989915014
==================================================

coord:(14.276818132283355, 0.8082362759396398, 27.283032878918604)->(14.276818132283355, 0.352885631964017, 25.636366272651333)
state:field-0.0, action:A, timestep:85, reward:-1.407592351595099
==================================================

coord:(14.276818132283355, 0.352885631964017, 25.636366272651333)->(14.276818132283355, 0.22526088161698715, 24.249699656847316)
state:field-0.0, action:A, timestep:86, reward:-1.1447718082072562
==================================================

coord:(14.276818132283355, 0.22526088161698715, 24.249699656847316)->(14.276818132283355, 0.22526088161698715, 24.249699656847316)
state:field-0.0, action:Wait, timestep:87, reward:-2.3227952183901834e-07
==================================================

coord:(14.276818132283355, 0.22526088161698715, 24.249699656847316)->(9.076818323018182, 0.3003672456875418, 24.249699656847316)
state:field-0.0, action:S, timestep:88, reward:-2.9448563024189767
==================================================

coord:(9.076818323018182, 0.3003672456875418, 24.249699656847316)->(9.076818323018182, 1.5756556020730843, 29.016366148673626)
state:field-0.0, action:D, timestep:89, reward:2.6888317871758574
==================================================

coord:(9.076818323018182, 1.5756556020730843, 29.016366148673626)->(9.076818323018182, 2.251231312624097, 29.016366148673626)
state:air-5.0, action:Wait, timestep:90, reward:0.17660269217612523
==================================================

coord:(9.076818323018182, 2.251231312624097, 29.016366148673626)->(10.608882933173053, 1.0653847105016305, 27.48430153851871)
state:field-0.0, action:WA, timestep:91, reward:0.36126422058499763
==================================================

coord:(10.608882933173053, 1.0653847105016305, 27.48430153851871)->(10.608882933173053, 2.225468487488301, 30.084301443151244)
state:field-0.0, action:D, timestep:92, reward:1.3475371533260994
==================================================

coord:(10.608882933173053, 2.225468487488301, 30.084301443151244)->(10.608882933173053, 3.107298164943507, 30.084301443151244)
state:air-5.0, action:Wait, timestep:93, reward:0.20169258238521692
==================================================

coord:(10.608882933173053, 3.107298164943507, 30.084301443151244)->(10.608882933173053, 4.239816538810444, 32.07763470336952)
state:field-0.0, action:D, timestep:94, reward:0.35989391577602703
==================================================

coord:(10.608882933173053, 4.239816538810444, 32.07763470336952)->(10.608882933173053, 5.653453927914237, 32.07763470336952)
state:air-5.0, action:Wait, timestep:95, reward:-0.09185844855585046
==================================================

coord:(10.608882933173053, 5.653453927914237, 32.07763470336952)->(11.58940428367217, 7.11684146246028, 33.05815605386861)
state:field-0.0, action:WD, timestep:96, reward:0.4683781221690442
==================================================

coord:(11.58940428367217, 7.11684146246028, 33.05815605386861)->(11.58940428367217, 7.11684146246028, 34.01148935223391)
state:field-0.0, action:D, timestep:97, reward:-0.20547306757930528
==================================================

coord:(11.58940428367217, 7.11684146246028, 34.01148935223391)->(11.58940428367217, 9.062737423099616, 34.01148935223391)
state:air-5.0, action:Wait, timestep:98, reward:-0.918521907281816
==================================================

coord:(11.58940428367217, 9.062737423099616, 34.01148935223391)->(10.547600348766858, 9.381135574933658, 35.05329328713919)
state:field-0.0, action:SD, timestep:99, reward:-1.2941335395763591
==================================================

coord:(10.547600348766858, 9.381135574933658, 35.05329328713919)->(10.547600348766858, 11.674281866258406, 35.05329328713919)
state:air-5.0, action:Wait, timestep:100, reward:-1.3737480301714342
==================================================

coord:(10.547600348766858, 11.674281866258406, 35.05329328713919)->(9.56707899826774, 11.809427559849361, 36.03381463763828)
state:field-0.0, action:SD, timestep:101, reward:-1.0789818688318569
==================================================

coord:(9.56707899826774, 11.809427559849361, 36.03381463763828)->(9.56707899826774, 14.361713722184057, 36.03381463763828)
state:air-5.0, action:Wait, timestep:102, reward:-1.7257493749430513
==================================================

coord:(9.56707899826774, 14.361713722184057, 36.03381463763828)->(8.586557647768624, 14.292705393913142, 37.01433598813737)
state:field-0.0, action:SD, timestep:103, reward:-0.8893958841525738
==================================================

coord:(8.586557647768624, 14.292705393913142, 37.01433598813737)->(8.586557647768624, 16.872819842051836, 37.01433598813737)
state:air-5.0, action:Wait, timestep:104, reward:-1.8588990806229333
==================================================

coord:(8.586557647768624, 16.872819842051836, 37.01433598813737)->(5.986557743136059, 15.708879371882443, 37.01433598813737)
state:field-0.0, action:S, timestep:105, reward:-0.8394320806877325
==================================================

coord:(5.986557743136059, 15.708879371882443, 37.01433598813737)->(5.986557743136059, 14.19735996732991, 37.01433598813737)
state:air-5.0, action:Wait, timestep:106, reward:0.9478155686264849
==================================================

coord:(5.986557743136059, 14.19735996732991, 37.01433598813737)->(7.026557704989083, 15.38857111051894, 37.01433598813737)
state:field-0.0, action:W, timestep:107, reward:-0.02163001982099999
==================================================

coord:(7.026557704989083, 15.38857111051894, 37.01433598813737)->(7.026557704989083, 16.30015200125304, 37.01433598813737)
state:air-5.0, action:Wait, timestep:108, reward:-0.6254014442607989
==================================================

coord:(7.026557704989083, 16.30015200125304, 37.01433598813737)->(6.965275120582887, 16.30015200125304, 36.953053403731175)
state:field-0.0, action:SA, timestep:109, reward:-0.02181539921103237
==================================================

coord:(6.965275120582887, 16.30015200125304, 36.953053403731175)->(6.965275120582887, 12.948463000498856, 36.953053403731175)
state:air-5.0, action:Wait, timestep:110, reward:2.148804110364285
==================================================

coord:(6.965275120582887, 12.948463000498856, 36.953053403731175)->(5.984753770083755, 12.948463000498856, 35.97253205323209)
state:field-0.0, action:SA, timestep:111, reward:-0.46146716188935777
==================================================

coord:(5.984753770083755, 12.948463000498856, 35.97253205323209)->(5.984753770083755, 9.823134696327509, 35.97253205323209)
state:air-5.0, action:Wait, timestep:112, reward:1.493158928556424
==================================================

coord:(5.984753770083755, 9.823134696327509, 35.97253205323209)->(5.004232419584624, 9.823134696327509, 34.992010702733)
state:field-0.0, action:SA, timestep:113, reward:-0.6293588695419459
==================================================

coord:(5.004232419584624, 9.823134696327509, 34.992010702733)->(5.004232419584624, 7.893604027449937, 34.992010702733)
state:air-5.0, action:Wait, timestep:114, reward:0.6027009070747038
==================================================

coord:(5.004232419584624, 7.893604027449937, 34.992010702733)->(5.004232419584624, 7.893604027449937, 35.07867736622075)
state:field-0.0, action:D, timestep:115, reward:-0.0190912555210776
==================================================

coord:(5.004232419584624, 7.893604027449937, 35.07867736622075)->(5.004232419584624, 9.823134696327509, 35.07867736622075)
state:air-5.0, action:Wait, timestep:116, reward:-0.6019006598672139
==================================================

coord:(5.004232419584624, 9.823134696327509, 35.07867736622075)->(3.9642324577315997, 9.57010415933416, 35.07867736622075)
state:field-0.0, action:S, timestep:117, reward:-0.8590943032415019
==================================================

coord:(3.9642324577315997, 9.57010415933416, 35.07867736622075)->(3.9642324577315997, 7.80327055566939, 35.07867736622075)
state:air-5.0, action:Wait, timestep:118, reward:0.4974466882995987
==================================================

coord:(3.9642324577315997, 7.80327055566939, 35.07867736622075)->(3.9642324577315997, 7.499633911277377, 33.95201074087994)
state:field-0.0, action:A, timestep:119, reward:0.2600124110854427
==================================================

coord:(3.9642324577315997, 7.499633911277377, 33.95201074087994)->(3.9642324577315997, 4.924133251465601, 33.95201074087994)
state:air-5.0, action:Wait, timestep:120, reward:0.3141805987853665
==================================================

coord:(3.9642324577315997, 4.924133251465601, 33.95201074087994)->(3.9642324577315997, 4.924133251465601, 33.95201074087994)
state:field-0.0, action:Wait, timestep:121, reward:2.246398587146814e-07
==================================================

coord:(3.9642324577315997, 4.924133251465601, 33.95201074087994)->(6.044232381437648, 6.198737291848565, 33.95201074087994)
state:field-0.0, action:W, timestep:122, reward:1.9405793706134062
==================================================

coord:(6.044232381437648, 6.198737291848565, 33.95201074087994)->(6.044232381437648, 6.7188343347313975, 33.95201074087994)
state:air-5.0, action:Wait, timestep:123, reward:-0.08452226173585942
==================================================

coord:(6.044232381437648, 6.7188343347313975, 33.95201074087994)->(6.044232381437648, 6.415197690339385, 31.95867748066159)
state:field-0.0, action:A, timestep:124, reward:0.2081429110628541
==================================================

coord:(6.044232381437648, 6.415197690339385, 31.95867748066159)->(6.044232381437648, 3.866853253564085, 31.95867748066159)
state:air-5.0, action:Wait, timestep:125, reward:0.1434521626544072
==================================================

coord:(6.044232381437648, 3.866853253564085, 31.95867748066159)->(5.0024284465323205, 4.757006903687358, 33.000481415566874)
state:field-0.0, action:SD, timestep:126, reward:-1.0686332669211467
==================================================

coord:(5.0024284465323205, 4.757006903687358, 33.000481415566874)->(5.0024284465323205, 6.198737291848565, 33.000481415566874)
state:air-5.0, action:Wait, timestep:127, reward:-0.11171959728871705
==================================================

coord:(5.0024284465323205, 6.198737291848565, 33.000481415566874)->(6.044232381437648, 5.6466706656812695, 31.95867748066159)
state:field-0.0, action:WA, timestep:128, reward:1.1367741924542152
==================================================

coord:(6.044232381437648, 5.6466706656812695, 31.95867748066159)->(6.044232381437648, 3.866853253564085, 31.95867748066159)
state:air-5.0, action:Wait, timestep:129, reward:0.04357861986876266
==================================================

coord:(6.044232381437648, 3.866853253564085, 31.95867748066159)->(6.044232381437648, 5.156137421258171, 33.085344106002395)
state:field-0.0, action:D, timestep:130, reward:-0.05421703025064417
==================================================

coord:(6.044232381437648, 5.156137421258171, 33.085344106002395)->(6.044232381437648, 6.7188343347313975, 33.085344106002395)
state:air-5.0, action:Wait, timestep:131, reward:-0.1900971239847582
==================================================

coord:(6.044232381437648, 6.7188343347313975, 33.085344106002395)->(6.9634711475305835, 6.7188343347313975, 34.00458287209529)
state:field-0.0, action:WD, timestep:132, reward:0.7733557615553099
==================================================

coord:(6.9634711475305835, 6.7188343347313975, 34.00458287209529)->(6.9634711475305835, 8.555906673791062, 34.00458287209529)
state:air-5.0, action:Wait, timestep:133, reward:-0.4987840768502263
==================================================

coord:(6.9634711475305835, 8.555906673791062, 34.00458287209529)->(8.00527508243591, 9.062737423099616, 35.04638680700057)
state:field-0.0, action:WD, timestep:134, reward:0.5241640569366588
==================================================

coord:(8.00527508243591, 9.062737423099616, 35.04638680700057)->(8.00527508243591, 11.674281866258406, 35.04638680700057)
state:air-5.0, action:Wait, timestep:135, reward:-1.2792227490587873
==================================================

coord:(8.00527508243591, 11.674281866258406, 35.04638680700057)->(8.00527508243591, 11.674281866258406, 35.04638680700057)
state:field-0.0, action:Wait, timestep:136, reward:-2.606554669881689e-07
==================================================

coord:(8.00527508243591, 11.674281866258406, 35.04638680700057)->(6.011941822217614, 10.64733212023158, 35.04638680700057)
state:field-0.0, action:S, timestep:137, reward:-1.133396542665146
==================================================

coord:(6.011941822217614, 10.64733212023158, 35.04638680700057)->(6.011941822217614, 10.64733212023158, 36.08638676885363)
state:field-0.0, action:D, timestep:138, reward:-0.2656582478185783
==================================================

coord:(6.011941822217614, 10.64733212023158, 36.08638676885363)->(6.011941822217614, 12.948463000498856, 36.08638676885363)
state:air-5.0, action:Wait, timestep:139, reward:-1.1505427651229532
==================================================

coord:(6.011941822217614, 12.948463000498856, 36.08638676885363)->(4.97194186036459, 12.695432463505508, 36.08638676885363)
state:field-0.0, action:S, timestep:140, reward:-0.6985429276466917
==================================================

coord:(4.97194186036459, 12.695432463505508, 36.08638676885363)->(4.97194186036459, 10.770589473511771, 36.08638676885363)
state:air-5.0, action:Wait, timestep:141, reward:0.9032642579582504
==================================================

coord:(4.97194186036459, 10.770589473511771, 36.08638676885363)->(2.9786086001462895, 10.517558936518423, 36.08638676885363)
state:field-0.0, action:S, timestep:142, reward:-1.6628232786238044
==================================================

coord:(2.9786086001462895, 10.517558936518423, 36.08638676885363)->(2.9786086001462895, 8.170927402972628, 36.08638676885363)
state:air-5.0, action:Wait, timestep:143, reward:0.7004330147842488
==================================================

coord:(2.9786086001462895, 8.170927402972628, 36.08638676885363)->(2.9786086001462895, 7.867290758580612, 34.95972014351282)
state:field-0.0, action:A, timestep:144, reward:0.3186824552591716
==================================================

coord:(2.9786086001462895, 7.867290758580612, 34.95972014351282)->(2.9786086001462895, 5.399072638618376, 34.95972014351282)
state:air-5.0, action:Wait, timestep:145, reward:0.3453041886691022
==================================================

coord:(2.9786086001462895, 5.399072638618376, 34.95972014351282)->(3.0398911845524847, 5.399072638618376, 35.02100272791901)
state:field-0.0, action:WD, timestep:146, reward:0.04801967560379694
==================================================

coord:(3.0398911845524847, 5.399072638618376, 35.02100272791901)->(3.0398911845524847, 7.80327055566939, 35.02100272791901)
state:air-5.0, action:Wait, timestep:147, reward:-0.3325524828543589
==================================================

coord:(3.0398911845524847, 7.80327055566939, 35.02100272791901)->(4.081695119457805, 7.251203929502094, 33.97919879301373)
state:field-0.0, action:WA, timestep:148, reward:1.2911870653628057
==================================================

coord:(4.081695119457805, 7.251203929502094, 33.97919879301373)->(4.081695119457805, 5.588756469176262, 33.97919879301373)
state:air-5.0, action:Wait, timestep:149, reward:0.22881028850802032
==================================================

coord:(4.081695119457805, 5.588756469176262, 33.97919879301373)->(4.081695119457805, 7.11684146246028, 35.019198754866785)
state:field-0.0, action:D, timestep:150, reward:-0.3838166515981545
==================================================

coord:(4.081695119457805, 7.11684146246028, 35.019198754866785)->(4.081695119457805, 8.856498508798449, 35.019198754866785)
state:air-5.0, action:Wait, timestep:151, reward:-0.41711239731765026
==================================================

coord:(4.081695119457805, 8.856498508798449, 35.019198754866785)->(4.081695119457805, 8.856498508798449, 34.93253209137903)
state:field-0.0, action:A, timestep:152, reward:0.017314365741111004
==================================================

coord:(4.081695119457805, 8.856498508798449, 34.93253209137903)->(4.081695119457805, 7.11684146246028, 34.93253209137903)
state:air-5.0, action:Wait, timestep:153, reward:0.41761199378474245
==================================================

coord:(4.081695119457805, 7.11684146246028, 34.93253209137903)->(1.9150285322639948, 5.847088222275499, 34.93253209137903)
state:field-0.0, action:S, timestep:154, reward:-1.939259497998524
==================================================

coord:(1.9150285322639948, 5.847088222275499, 34.93253209137903)->(1.9150285322639948, 4.542961903094994, 34.93253209137903)
state:air-5.0, action:Wait, timestep:155, reward:0.05827345103912762
==================================================

coord:(1.9150285322639948, 4.542961903094994, 34.93253209137903)->(1.9150285322639948, 4.239325258702982, 32.939198831160674)
state:field-0.0, action:A, timestep:156, reward:0.23638143008715318
==================================================

coord:(1.9150285322639948, 4.239325258702982, 32.939198831160674)->(1.9150285322639948, 2.73777365333501, 32.939198831160674)
state:air-5.0, action:Wait, timestep:157, reward:-0.09056027854134996
==================================================

coord:(1.9150285322639948, 2.73777365333501, 32.939198831160674)->(1.9150285322639948, 3.5675247030676926, 34.065865456501484)
state:field-0.0, action:D, timestep:158, reward:-0.03732144804856574
==================================================

coord:(1.9150285322639948, 3.5675247030676926, 34.065865456501484)->(1.9150285322639948, 4.542961903094994, 34.065865456501484)
state:air-5.0, action:Wait, timestep:159, reward:0.02451456434267385
==================================================

coord:(1.9150285322639948, 4.542961903094994, 34.065865456501484)->(1.9150285322639948, 4.239325258702982, 32.939198831160674)
state:field-0.0, action:A, timestep:160, reward:0.10336675113207505
==================================================

coord:(1.9150285322639948, 4.239325258702982, 32.939198831160674)->(1.9150285322639948, 2.73777365333501, 32.939198831160674)
state:air-5.0, action:Wait, timestep:161, reward:-0.09056027854134996
==================================================

coord:(1.9150285322639948, 2.73777365333501, 32.939198831160674)->(1.9150285322639948, 1.0777179878107976, 29.559198955138346)
state:field-0.0, action:A, timestep:162, reward:-0.4131226609068399
==================================================

coord:(1.9150285322639948, 1.0777179878107976, 29.559198955138346)->(0.38296392210910857, 0.6202530230650972, 28.02713434498343)
state:field-0.0, action:SA, timestep:163, reward:-1.8461785602732128
==================================================

coord:(0.38296392210910857, 0.6202530230650972, 28.02713434498343)->(3.3858105580126816, 2.0769661514057955, 31.029980980887064)
state:field-0.0, action:WD, timestep:164, reward:3.624334516602426
==================================================

coord:(3.3858105580126816, 2.0769661514057955, 31.029980980887064)->(3.3858105580126816, 2.8339589482040806, 31.029980980887064)
state:air-5.0, action:Wait, timestep:165, reward:0.10277147755839522
==================================================

coord:(3.3858105580126816, 2.8339589482040806, 31.029980980887064)->(3.3858105580126816, 2.8339589482040806, 31.029980980887064)
state:field-0.0, action:Wait, timestep:166, reward:-2.8147480790607915e-07
==================================================

coord:(3.3858105580126816, 2.8339589482040806, 31.029980980887064)->(5.0404403369799615, 4.2888981828379045, 32.68461075985433)
state:field-0.0, action:WD, timestep:167, reward:1.7578777399240035
==================================================

coord:(5.0404403369799615, 4.2888981828379045, 32.68461075985433)->(5.0404403369799615, 4.757006903687358, 32.68461075985433)
state:air-5.0, action:Wait, timestep:168, reward:-0.0021571270946125765
==================================================

coord:(5.0404403369799615, 4.757006903687358, 32.68461075985433)->(5.0404403369799615, 4.757006903687358, 32.68461075985433)
state:field-0.0, action:Wait, timestep:169, reward:8.420909836104329e-08
==================================================

coord:(5.0404403369799615, 4.757006903687358, 32.68461075985433)->(5.0404403369799615, 4.757006903687358, 32.68461075985433)
state:field-0.0, action:Wait, timestep:170, reward:8.420909836104329e-08
==================================================

coord:(5.0404403369799615, 4.757006903687358, 32.68461075985433)->(3.047107076761661, 3.77885604261717, 32.68461075985433)
state:field-0.0, action:S, timestep:171, reward:-2.0032322031777596
==================================================

coord:(3.047107076761661, 3.77885604261717, 32.68461075985433)->(3.047107076761661, 3.77885604261717, 32.68461075985433)
state:field-0.0, action:Wait, timestep:172, reward:-2.0091945884814777e-07
==================================================

coord:(3.047107076761661, 3.77885604261717, 32.68461075985433)->(4.027628427260786, 4.924133251465601, 33.66513211035342)
state:field-0.0, action:WD, timestep:173, reward:0.905397963424134
==================================================

coord:(4.027628427260786, 4.924133251465601, 33.66513211035342)->(4.027628427260786, 5.588756469176262, 33.66513211035342)
state:air-5.0, action:Wait, timestep:174, reward:-0.03740115094917407
==================================================

coord:(4.027628427260786, 5.588756469176262, 33.66513211035342)->(3.353519998792638, 5.381731484363526, 32.991023681885295)
state:field-0.0, action:SA, timestep:175, reward:-0.5924904838257863
==================================================

coord:(3.353519998792638, 5.381731484363526, 32.991023681885295)->(3.353519998792638, 3.77885604261717, 32.991023681885295)
state:air-5.0, action:Wait, timestep:176, reward:0.012773353713003033
==================================================

coord:(3.353519998792638, 3.77885604261717, 32.991023681885295)->(6.0499537126652445, 2.8339589482040806, 30.2945899680127)
state:field-0.0, action:WA, timestep:177, reward:2.515341153841721
==================================================

coord:(6.0499537126652445, 2.8339589482040806, 30.2945899680127)->(5.009953750812221, 2.6145855278783046, 30.2945899680127)
state:field-0.0, action:S, timestep:178, reward:-1.0507146922820088
==================================================

coord:(5.009953750812221, 2.6145855278783046, 30.2945899680127)->(5.009953750812221, 3.5675247030676926, 32.02792323776772)
state:field-0.0, action:D, timestep:179, reward:0.21036879325071212
==================================================

coord:(5.009953750812221, 3.5675247030676926, 32.02792323776772)->(5.009953750812221, 4.757006903687358, 32.02792323776772)
state:air-5.0, action:Wait, timestep:180, reward:0.027513031256960474
==================================================

coord:(5.009953750812221, 4.757006903687358, 32.02792323776772)->(5.009953750812221, 6.198737291848565, 34.02125649798608)
state:field-0.0, action:D, timestep:181, reward:-0.2670347017985151
==================================================

coord:(5.009953750812221, 6.198737291848565, 34.02125649798608)->(5.009953750812221, 7.893604027449937, 34.02125649798608)
state:air-5.0, action:Wait, timestep:182, reward:-0.32613804330372886
==================================================

coord:(5.009953750812221, 7.893604027449937, 34.02125649798608)->(5.009953750812221, 7.640573490456593, 32.981256536133024)
state:field-0.0, action:A, timestep:183, reward:0.17760830607723221
==================================================

coord:(5.009953750812221, 7.640573490456593, 32.981256536133024)->(5.009953750812221, 4.757006903687358, 32.981256536133024)
state:air-5.0, action:Wait, timestep:184, reward:0.37859460536934897
==================================================

coord:(5.009953750812221, 4.757006903687358, 32.981256536133024)->(5.009953750812221, 6.198737291848565, 34.02125649798608)
state:field-0.0, action:D, timestep:185, reward:-0.23006456324871039
==================================================

coord:(5.009953750812221, 6.198737291848565, 34.02125649798608)->(5.009953750812221, 7.893604027449937, 34.02125649798608)
state:air-5.0, action:Wait, timestep:186, reward:-0.32613804330372886
==================================================

coord:(5.009953750812221, 7.893604027449937, 34.02125649798608)->(4.948671166406025, 7.893604027449937, 33.95997391357989)
state:field-0.0, action:SA, timestep:187, reward:-0.04966021468157322
==================================================

coord:(4.948671166406025, 7.893604027449937, 33.95997391357989)->(4.948671166406025, 5.588756469176262, 33.95997391357989)
state:air-5.0, action:Wait, timestep:188, reward:0.3906408127003935
==================================================

coord:(4.948671166406025, 5.588756469176262, 33.95997391357989)->(4.948671166406025, 5.588756469176262, 33.95997391357989)
state:field-0.0, action:Wait, timestep:189, reward:-3.997629853813578e-07
==================================================

coord:(4.948671166406025, 5.588756469176262, 33.95997391357989)->(3.968149815906894, 5.588756469176262, 32.9794525630808)
state:field-0.0, action:SA, timestep:190, reward:-0.8653676649296465
==================================================

coord:(3.968149815906894, 5.588756469176262, 32.9794525630808)->(3.968149815906894, 3.77885604261717, 32.9794525630808)
state:air-5.0, action:Wait, timestep:191, reward:0.028333289408587703
==================================================

coord:(3.968149815906894, 3.77885604261717, 32.9794525630808)->(1.9458245305024497, 3.153180532960899, 30.957127277676364)
state:field-0.0, action:SA, timestep:192, reward:-2.0586281418362162
==================================================

coord:(1.9458245305024497, 3.153180532960899, 30.957127277676364)->(1.9458245305024497, 1.5047578272521835, 30.957127277676364)
state:air-5.0, action:Wait, timestep:193, reward:-0.21649874022392623
==================================================

coord:(1.9458245305024497, 1.5047578272521835, 30.957127277676364)->(3.048911049813965, 2.4401179670207482, 32.0602137969879)
state:field-0.0, action:WD, timestep:194, reward:1.2703001319790594
==================================================

coord:(3.048911049813965, 2.4401179670207482, 32.0602137969879)->(3.048911049813965, 3.77885604261717, 32.0602137969879)
state:air-5.0, action:Wait, timestep:195, reward:0.1205932881082088
==================================================

coord:(3.048911049813965, 3.77885604261717, 32.0602137969879)->(1.9458245305024497, 3.153180532960899, 30.957127277676364)
state:field-0.0, action:SA, timestep:196, reward:-1.1743937134304545
==================================================

coord:(1.9458245305024497, 3.153180532960899, 30.957127277676364)->(1.9458245305024497, 1.5047578272521835, 30.957127277676364)
state:air-5.0, action:Wait, timestep:197, reward:-0.21649874022392623
==================================================

coord:(1.9458245305024497, 1.5047578272521835, 30.957127277676364)->(3.6617368938759176, 1.4875375564795497, 29.24121491430286)
state:field-0.0, action:WA, timestep:198, reward:1.4563838985247965
==================================================

coord:(3.6617368938759176, 1.4875375564795497, 29.24121491430286)->(5.438931841655591, 2.6145855278783046, 31.01840986208256)
state:field-0.0, action:WD, timestep:199, reward:2.1671224310194077
==================================================

coord:(5.438931841655591, 2.6145855278783046, 31.01840986208256)->(5.438931841655591, 3.5675247030676926, 31.01840986208256)
state:air-5.0, action:Wait, timestep:200, reward:0.1030929432575114
==================================================

coord:(5.438931841655591, 3.5675247030676926, 31.01840986208256)->(4.3971279067502635, 4.2888981828379045, 32.0602137969879)
state:field-0.0, action:SD, timestep:201, reward:-0.9729670422918595
==================================================

coord:(4.3971279067502635, 4.2888981828379045, 32.0602137969879)->(4.3971279067502635, 4.2888981828379045, 32.0602137969879)
state:field-0.0, action:Wait, timestep:202, reward:1.0553528895229647e-07
==================================================

coord:(4.3971279067502635, 4.2888981828379045, 32.0602137969879)->(6.051757685717548, 2.8339589482040806, 30.405584018020594)
state:field-0.0, action:WA, timestep:203, reward:1.4403697686237535
==================================================

coord:(6.051757685717548, 2.8339589482040806, 30.405584018020594)->(7.706387464684832, 4.095916076090375, 32.0602137969879)
state:field-0.0, action:WD, timestep:204, reward:1.863415226510451
==================================================

coord:(7.706387464684832, 4.095916076090375, 32.0602137969879)->(7.706387464684832, 5.461574248983202, 32.0602137969879)
state:air-5.0, action:Wait, timestep:205, reward:-0.041760594452414423
==================================================

coord:(7.706387464684832, 5.461574248983202, 32.0602137969879)->(5.279720887027777, 4.757006903687358, 32.0602137969879)
state:field-0.0, action:S, timestep:206, reward:-2.381718620153137
==================================================

coord:(5.279720887027777, 4.757006903687358, 32.0602137969879)->(4.299199536528645, 5.588756469176262, 33.04073514748699)
state:field-0.0, action:SD, timestep:207, reward:-1.0624853282279627
==================================================

coord:(4.299199536528645, 5.588756469176262, 33.04073514748699)->(3.992786614497667, 5.5611531378678976, 32.734322225456026)
state:field-0.0, action:SA, timestep:208, reward:-0.2830592391485851
==================================================

coord:(3.992786614497667, 5.5611531378678976, 32.734322225456026)->(3.992786614497667, 3.77885604261717, 32.734322225456026)
state:air-5.0, action:Wait, timestep:209, reward:0.02623129887134823
==================================================

coord:(3.992786614497667, 3.77885604261717, 32.734322225456026)->(6.321524821933104, 2.8339589482040806, 30.405584018020594)
state:field-0.0, action:WA, timestep:210, reward:2.144257711258927
==================================================

coord:(6.321524821933104, 2.8339589482040806, 30.405584018020594)->(7.976154600900388, 4.095916076090375, 32.0602137969879)
state:field-0.0, action:WD, timestep:211, reward:1.868121349678436
==================================================

coord:(7.976154600900388, 4.095916076090375, 32.0602137969879)->(7.976154600900388, 5.461574248983202, 32.0602137969879)
state:air-5.0, action:Wait, timestep:212, reward:-0.04287850822855077
==================================================

coord:(7.976154600900388, 5.461574248983202, 32.0602137969879)->(10.576154505532974, 5.653453927914237, 32.0602137969879)
state:field-0.0, action:W, timestep:213, reward:2.5547200585084235
==================================================

coord:(10.576154505532974, 5.653453927914237, 32.0602137969879)->(10.576154505532974, 7.3668750960914995, 34.05354705720626)
state:field-0.0, action:D, timestep:214, reward:-0.7128764602047095
==================================================

coord:(10.576154505532974, 7.3668750960914995, 34.05354705720626)->(10.576154505532974, 9.381135574933658, 34.05354705720626)
state:air-5.0, action:Wait, timestep:215, reward:-0.9069970599227233
==================================================

coord:(10.576154505532974, 9.381135574933658, 34.05354705720626)->(9.595633155033857, 9.489734980744604, 35.03406840770535)
state:field-0.0, action:SD, timestep:216, reward:-1.1133269760183033
==================================================

coord:(9.595633155033857, 9.489734980744604, 35.03406840770535)->(9.595633155033857, 11.809427559849361, 35.03406840770535)
state:air-5.0, action:Wait, timestep:217, reward:-1.3153919281823647
==================================================

coord:(9.595633155033857, 11.809427559849361, 35.03406840770535)->(10.808966443862397, 11.674281866258406, 35.03406840770535)
state:field-0.0, action:W, timestep:218, reward:0.9412461972332054
==================================================

coord:(10.808966443862397, 11.674281866258406, 35.03406840770535)->(10.808966443862397, 11.674281866258406, 34.94740174421759)
state:field-0.0, action:A, timestep:219, reward:0.02442036051758123
==================================================

coord:(10.808966443862397, 11.674281866258406, 34.94740174421759)->(10.808966443862397, 9.381135574933658, 34.94740174421759)
state:air-5.0, action:Wait, timestep:220, reward:1.4048263594695296
==================================================

coord:(10.808966443862397, 9.381135574933658, 34.94740174421759)->(10.747683859456203, 9.381135574933658, 35.00868432862379)
state:field-0.0, action:SD, timestep:221, reward:-0.06771448999660201
==================================================

coord:(10.747683859456203, 9.381135574933658, 35.00868432862379)->(10.747683859456203, 11.674281866258406, 35.00868432862379)
state:air-5.0, action:Wait, timestep:222, reward:-1.3959070226841792
==================================================

coord:(10.747683859456203, 11.674281866258406, 35.00868432862379)->(11.789487794361515, 11.370645221866388, 36.05048826352907)
state:field-0.0, action:WD, timestep:223, reward:0.5269868460636715
==================================================

coord:(11.789487794361515, 11.370645221866388, 36.05048826352907)->(11.789487794361515, 13.71549792212091, 36.05048826352907)
state:air-5.0, action:Wait, timestep:224, reward:-1.7231391130294593
==================================================

coord:(11.789487794361515, 13.71549792212091, 36.05048826352907)->(11.789487794361515, 13.71549792212091, 35.963821600041314)
state:field-0.0, action:A, timestep:225, reward:0.02932610086580212
==================================================

coord:(11.789487794361515, 13.71549792212091, 35.963821600041314)->(11.789487794361515, 11.278053740088016, 35.963821600041314)
state:air-5.0, action:Wait, timestep:226, reward:1.7912424311745951
==================================================

coord:(11.789487794361515, 11.278053740088016, 35.963821600041314)->(12.770009144860632, 10.974417095695998, 34.983300249542225)
state:field-0.0, action:WA, timestep:227, reward:1.167741514567453
==================================================

coord:(12.770009144860632, 10.974417095695998, 34.983300249542225)->(12.770009144860632, 8.555906673791062, 34.983300249542225)
state:air-5.0, action:Wait, timestep:228, reward:1.58810477599107
==================================================

coord:(12.770009144860632, 8.555906673791062, 34.983300249542225)->(12.831291729266827, 8.555906673791062, 35.04458283394842)
state:field-0.0, action:WD, timestep:229, reward:0.01841905533516819
==================================================

coord:(12.831291729266827, 8.555906673791062, 35.04458283394842)->(12.831291729266827, 10.64733212023158, 35.04458283394842)
state:air-5.0, action:Wait, timestep:230, reward:-1.35370283379131
==================================================

coord:(12.831291729266827, 10.64733212023158, 35.04458283394842)->(11.85077037876771, 11.278053740088016, 36.02510418444751)
state:field-0.0, action:SD, timestep:231, reward:-1.407209606934119
==================================================

coord:(11.85077037876771, 11.278053740088016, 36.02510418444751)->(11.85077037876771, 13.71549792212091, 36.02510418444751)
state:air-5.0, action:Wait, timestep:232, reward:-1.7932674217254636
==================================================

coord:(11.85077037876771, 13.71549792212091, 36.02510418444751)->(11.85077037876771, 13.71549792212091, 37.06510414630056)
state:field-0.0, action:D, timestep:233, reward:-0.3934871848805912
==================================================

coord:(11.85077037876771, 13.71549792212091, 37.06510414630056)->(11.85077037876771, 16.30015200125304, 37.06510414630056)
state:air-5.0, action:Wait, timestep:234, reward:-2.058653975006477
==================================================

coord:(11.85077037876771, 16.30015200125304, 37.06510414630056)->(10.870249028268592, 16.872819842051836, 38.04562549679965)
state:field-0.0, action:SD, timestep:235, reward:-1.2682510760267185
==================================================

coord:(10.870249028268592, 16.872819842051836, 38.04562549679965)->(10.870249028268592, 19.596134047240334, 38.04562549679965)
state:air-5.0, action:Wait, timestep:236, reward:-2.2508595454387965
==================================================

coord:(10.870249028268592, 19.596134047240334, 38.04562549679965)->(10.931531612674787, 19.596134047240334, 37.98434291239346)
state:field-0.0, action:WA, timestep:237, reward:0.04523998847209043
==================================================

coord:(10.931531612674787, 19.596134047240334, 37.98434291239346)->(10.931531612674787, 16.872819842051836, 37.98434291239346)
state:air-5.0, action:Wait, timestep:238, reward:2.2574340762496448
==================================================

coord:(10.931531612674787, 16.872819842051836, 37.98434291239346)->(10.870249028268592, 16.872819842051836, 38.04562549679965)
state:field-0.0, action:SD, timestep:239, reward:-0.05181373624400365
==================================================

coord:(10.870249028268592, 16.872819842051836, 38.04562549679965)->(10.870249028268592, 19.596134047240334, 38.04562549679965)
state:air-5.0, action:Wait, timestep:240, reward:-2.2508595454387965
==================================================

coord:(10.870249028268592, 19.596134047240334, 38.04562549679965)->(10.870249028268592, 19.596134047240334, 38.04562549679965)
state:field-0.0, action:Wait, timestep:241, reward:6.687946019212632e-07
==================================================

coord:(10.870249028268592, 19.596134047240334, 38.04562549679965)->(8.010249133172747, 19.596134047240334, 38.04562549679965)
state:field-0.0, action:S, timestep:242, reward:-1.3268199941443264
==================================================

coord:(8.010249133172747, 19.596134047240334, 38.04562549679965)->(7.948966548766552, 19.596134047240334, 37.98434291239346)
state:field-0.0, action:SA, timestep:243, reward:-0.012837163982400313
==================================================

coord:(7.948966548766552, 19.596134047240334, 37.98434291239346)->(7.948966548766552, 16.30015200125304, 37.98434291239346)
state:air-5.0, action:Wait, timestep:244, reward:2.4851973016918087
==================================================

coord:(7.948966548766552, 16.30015200125304, 37.98434291239346)->(8.010249133172747, 16.30015200125304, 38.04562549679965)
state:field-0.0, action:WD, timestep:245, reward:0.014756454653728213
==================================================

coord:(8.010249133172747, 16.30015200125304, 38.04562549679965)->(8.010249133172747, 19.596134047240334, 38.04562549679965)
state:air-5.0, action:Wait, timestep:246, reward:-2.4871173879431545
==================================================

coord:(8.010249133172747, 19.596134047240334, 38.04562549679965)->(5.9302492094667, 18.43219357707094, 38.04562549679965)
state:field-0.0, action:S, timestep:247, reward:-0.31164132518528476
==================================================

coord:(5.9302492094667, 18.43219357707094, 38.04562549679965)->(5.9302492094667, 16.488848434411317, 38.04562549679965)
state:air-5.0, action:Wait, timestep:248, reward:1.3469460635173327
==================================================

coord:(5.9302492094667, 16.488848434411317, 38.04562549679965)->(5.9302492094667, 16.488848434411317, 38.04562549679965)
state:field-0.0, action:Wait, timestep:249, reward:-6.527912610465592e-07
==================================================

coord:(5.9302492094667, 16.488848434411317, 38.04562549679965)->(5.9302492094667, 16.488848434411317, 38.04562549679965)
state:field-0.0, action:Wait, timestep:250, reward:-6.527912610465592e-07
==================================================

coord:(5.9302492094667, 16.488848434411317, 38.04562549679965)->(5.9302492094667, 16.488848434411317, 39.08562545865271)
state:field-0.0, action:D, timestep:251, reward:-0.3738275502906028
==================================================

coord:(5.9302492094667, 16.488848434411317, 39.08562545865271)->(5.9302492094667, 18.714391680943095, 39.08562545865271)
state:air-5.0, action:Wait, timestep:252, reward:-1.5218502892819572
==================================================

coord:(5.9302492094667, 18.714391680943095, 39.08562545865271)->(9.60720427383842, 20.0, 42.76258052302429)
state:field-0.0, action:WD, timestep:253, reward:-0.7055290091815962
==================================================

coord:(9.60720427383842, 20.0, 42.76258052302429)->(4.407204464573285, 20.0, 42.76258052302429)
state:field-0.0, action:S, timestep:254, reward:-2.600613907861053
==================================================

coord:(4.407204464573285, 20.0, 42.76258052302429)->(8.084159528945026, 20.0, 46.43953558739587)
state:field-0.0, action:WD, timestep:255, reward:-0.13335153317577308
==================================================

coord:(8.084159528945026, 20.0, 46.43953558739587)->(8.084159528945026, 20.0, 50.07953545388157)
state:field-0.0, action:D, timestep:256, reward:-2.4042969308867512
==================================================

