coord:(6.0, 20.0, 28.0)->(6.0, 20.0, 28.0)
state:field-4, action:Wait, timestep:1, reward:-0.0
==================================================

coord:(6.0, 20.0, 28.0)->(6.0, 17.419088522667877, 31.03333322207129)
state:field-4.0, action:D, timestep:2, reward:2.3489217686089
==================================================

coord:(6.0, 17.419088522667877, 31.03333322207129)->(6.0, 17.419088522667877, 31.03333322207129)
state:air-9.0, action:j, timestep:3, reward:9.464653452084804e-07
==================================================

coord:(6.0, 17.419088522667877, 31.03333322207129)->(6.0, 17.419088522667877, 31.03333322207129)
state:parachute-19.0, action:Dj, timestep:4, reward:9.464653452084804e-07
==================================================

coord:(6.0, 17.419088522667877, 31.03333322207129)->(6.0, 16.119088570351664, 31.03333322207129)
state:wall-14.0, action:S, timestep:5, reward:0.9289448244278873
==================================================

coord:(6.0, 16.119088570351664, 31.03333322207129)->(6.0, 16.119088570351664, 31.03333322207129)
state:air-9.0, action:j, timestep:6, reward:-7.169539486540089e-07
==================================================

coord:(6.0, 16.119088570351664, 31.03333322207129)->(6.0, 16.119088570351664, 31.03333322207129)
state:parachute-19.0, action:Dj, timestep:7, reward:-7.169539486540089e-07
==================================================

coord:(6.0, 16.119088570351664, 31.03333322207129)->(6.0, 18.719088474984304, 32.0333332220713)
state:wall-14.0, action:Wj, timestep:8, reward:-1.8772391044230652
==================================================

coord:(6.0, 18.719088474984304, 32.0333332220713)->(6.0, 18.719088474984304, 32.0333332220713)
state:air-9.0, action:j, timestep:9, reward:1.2287185668924394e-07
==================================================

coord:(6.0, 18.719088474984304, 32.0333332220713)->(6.0, 18.719088474984304, 32.0333332220713)
state:parachute-19.0, action:j, timestep:10, reward:1.2287185668924394e-07
==================================================

coord:(6.0, 18.719088474984304, 32.0333332220713)->(6.0, 17.41908852266809, 32.0333332220713)
state:wall-14.0, action:S, timestep:11, reward:0.9747007071891467
==================================================

coord:(6.0, 17.41908852266809, 32.0333332220713)->(6.0, 17.41908852266809, 32.0333332220713)
state:air-9.0, action:j, timestep:12, reward:-2.2054522830217138e-07
==================================================

coord:(6.0, 17.41908852266809, 32.0333332220713)->(2.9666667779286753, 15.144088606114593, 32.0333332220713)
state:parachute-19.0, action:S, timestep:13, reward:-0.781895278500361
==================================================

coord:(2.9666667779286753, 15.144088606114593, 32.0333332220713)->(2.9666667779286753, 7.001105870146951, 32.0333332220713)
state:air-9.0, action:Wait, timestep:14, reward:3.195297223002239
==================================================

coord:(2.9666667779286753, 7.001105870146951, 32.0333332220713)->(2.9666667779286753, 9.601105774779505, 33.03333322207124)
state:wall-14.0, action:Wj, timestep:15, reward:-0.674569457437002
==================================================

coord:(2.9666667779286753, 9.601105774779505, 33.03333322207124)->(2.9666667779286753, 9.601105774779505, 33.03333322207124)
state:air-8.0, action:j, timestep:16, reward:-3.2749315437285986e-07
==================================================

coord:(2.9666667779286753, 9.601105774779505, 33.03333322207124)->(2.9666667779286753, 9.601105774779505, 33.03333322207124)
state:parachute-18.0, action:Dj, timestep:17, reward:-3.2749315437285986e-07
==================================================

coord:(2.9666667779286753, 9.601105774779505, 33.03333322207124)->(2.9666667779286753, 8.301105822463185, 33.03333322207124)
state:wall-13.0, action:S, timestep:18, reward:0.3707825007824308
==================================================

coord:(2.9666667779286753, 8.301105822463185, 33.03333322207124)->(2.9666667779286753, 4.239816538810444, 33.03333322207124)
state:air-8.0, action:Wait, timestep:19, reward:0.4794261218192766
==================================================

coord:(2.9666667779286753, 4.239816538810444, 33.03333322207124)->(3.956616226832076, 4.924133251465601, 34.02328267097463)
state:field-3.0, action:WDs, timestep:20, reward:0.8745858016499835
==================================================

coord:(3.956616226832076, 4.924133251465601, 34.02328267097463)->(3.956616226832076, 6.270496108390099, 34.02328267097463)
state:air-8.0, action:Wait, timestep:21, reward:-0.10716415906045818
==================================================

coord:(3.956616226832076, 6.270496108390099, 34.02328267097463)->(6.007225799560549, 7.012573899074272, 31.972673098246183)
state:field-3.0, action:WAsj, timestep:22, reward:2.042244304561345
==================================================

coord:(6.007225799560549, 7.012573899074272, 31.972673098246183)->(6.007225799560549, 3.866853253564085, 31.972673098246183)
state:air-8.0, action:Wait, timestep:23, reward:0.25317428986191004
==================================================

coord:(6.007225799560549, 3.866853253564085, 31.972673098246183)->(7.067885923385622, 5.156137421258171, 33.03333322207124)
state:field-3.0, action:WDs, timestep:24, reward:1.004931206746658
==================================================

coord:(7.067885923385622, 5.156137421258171, 33.03333322207124)->(7.067885923385622, 7.11684146246028, 33.03333322207124)
state:air-8.0, action:Wait, timestep:25, reward:-0.2942620638389766
==================================================

coord:(7.067885923385622, 7.11684146246028, 33.03333322207124)->(6.077936474482221, 8.555906673791062, 34.02328267097463)
state:field-3.0, action:SDs, timestep:26, reward:-1.469415914045829
==================================================

coord:(6.077936474482221, 8.555906673791062, 34.02328267097463)->(6.077936474482221, 8.61960667423611, 33.92328267097463)
state:field-3.0, action:Asj, timestep:27, reward:-0.00512288555030338
==================================================

coord:(6.077936474482221, 8.61960667423611, 33.92328267097463)->(6.077936474482221, 6.7188343347313975, 33.92328267097463)
state:air-8.0, action:Wait, timestep:28, reward:0.4864240140221412
==================================================

coord:(6.077936474482221, 6.7188343347313975, 33.92328267097463)->(6.077936474482221, 6.415197690339385, 31.929949410756276)
state:field-3.0, action:A, timestep:29, reward:0.20404316774774323
==================================================

coord:(6.077936474482221, 6.415197690339385, 31.929949410756276)->(6.077936474482221, 3.866853253564085, 31.929949410756276)
state:air-8.0, action:Wait, timestep:30, reward:0.14385038905055225
==================================================

coord:(6.077936474482221, 3.866853253564085, 31.929949410756276)->(4.431269868214933, 3.216465842073111, 31.929949410756276)
state:field-3.0, action:S, timestep:31, reward:-1.688889029200487
==================================================

coord:(4.431269868214933, 3.216465842073111, 31.929949410756276)->(4.431269868214933, 4.2888981828379045, 32.01661607424403)
state:field-3.0, action:Dj, timestep:32, reward:0.056201622454590705
==================================================

coord:(4.431269868214933, 4.2888981828379045, 32.01661607424403)->(4.431269868214933, 4.978981508939205, 30.976616112391014)
state:field-3.0, action:Aj, timestep:33, reward:-0.04718432311026355
==================================================

coord:(4.431269868214933, 4.978981508939205, 30.976616112391014)->(4.431269868214933, 2.3572997362478776, 30.976616112391014)
state:air-8.0, action:Wait, timestep:34, reward:-0.15220817778673812
==================================================

coord:(4.431269868214933, 2.3572997362478776, 30.976616112391014)->(4.431269868214933, 2.3572997362478776, 30.976616112391014)
state:field-3.0, action:j, timestep:35, reward:1.504603321933473e-07
==================================================

coord:(4.431269868214933, 2.3572997362478776, 30.976616112391014)->(4.431269868214933, 1.4049849724459753, 26.989949591954463)
state:field-3.0, action:Aj, timestep:36, reward:-1.0146350303848681
==================================================

coord:(4.431269868214933, 1.4049849724459753, 26.989949591954463)->(4.431269868214933, 0.5402376271462271, 26.989949591954463)
state:air-7.0, action:Wait, timestep:37, reward:-0.20277853986178052
==================================================

coord:(4.431269868214933, 0.5402376271462271, 26.989949591954463)->(3.5733136865281963, 0.4759917663608099, 26.13199341026771)
state:field-2.0, action:SA, timestep:38, reward:-1.090027550710417
==================================================

coord:(3.5733136865281963, 0.4759917663608099, 26.13199341026771)->(2.512653562703124, 0.26771077733686593, 25.071333286442652)
state:field-3.0, action:SAs, timestep:39, reward:-1.400888750641606
==================================================

coord:(2.512653562703124, 0.26771077733686593, 25.071333286442652)->(4.9639569389509415, 0.0, 22.620029910194788)
state:field-2.0, action:WAj, timestep:40, reward:0.808994681793962
==================================================

coord:(4.9639569389509415, 0.0, 22.620029910194788)->(9.763956938950924, 0.0, 22.620029910194788)
state:field-2.0, action:Wsj, timestep:41, reward:3.412050333120238
==================================================

coord:(9.763956938950924, 0.0, 22.620029910194788)->(6.864819267162372, 0.4242410835666076, 25.519167581983282)
state:field-2.0, action:SDsj, timestep:42, reward:-0.24553919721935635
==================================================

coord:(6.864819267162372, 0.4242410835666076, 25.519167581983282)->(4.319234969982198, 1.1816653617982986, 28.064751879163424)
state:field-2.0, action:SDsj, timestep:43, reward:-1.1067399478996478
==================================================

coord:(4.319234969982198, 1.1816653617982986, 28.064751879163424)->(3.2774310350768765, 0.7121196179052162, 27.02294794425808)
state:field-1.0, action:SA, timestep:44, reward:-1.3785272617339128
==================================================

coord:(3.2774310350768765, 0.7121196179052162, 27.02294794425808)->(8.477430844342004, 1.0653847105016305, 27.02294794425808)
state:field-1.0, action:W, timestep:45, reward:4.7181365791738
==================================================

coord:(8.477430844342004, 1.0653847105016305, 27.02294794425808)->(8.477430844342004, 0.4651597163380061, 25.462948001478562)
state:field-1.0, action:A, timestep:46, reward:-0.9535637132536792
==================================================

coord:(8.477430844342004, 0.4651597163380061, 25.462948001478562)->(8.477430844342004, 0.0, 21.822948134993016)
state:field-1.0, action:Aj, timestep:47, reward:-2.411819192826906
==================================================

coord:(8.477430844342004, 0.0, 21.822948134993016)->(8.477430844342004, 1.0653847105016305, 27.02294794425808)
state:field-1.0, action:D, timestep:48, reward:3.3653829399526085
==================================================

coord:(8.477430844342004, 1.0653847105016305, 27.02294794425808)->(8.477430844342004, 0.0, 22.94961476033378)
state:field-1.0, action:Aj, timestep:49, reward:-2.6055293711318708
==================================================

coord:(8.477430844342004, 0.0, 22.94961476033378)->(10.009495454496875, 0.0, 21.417550150178865)
state:field-1.0, action:WA, timestep:50, reward:-0.1165433840515373
==================================================

coord:(10.009495454496875, 0.0, 21.417550150178865)->(10.009495454496875, 13.903950414594123, 21.417550150178865)
state:air-6.0, action:Wait, timestep:51, reward:-2.28648134004483
==================================================

coord:(10.009495454496875, 13.903950414594123, 21.417550150178865)->(11.494419627851995, 14.669983757273464, 19.932625976823783)
state:field-1.0, action:WAsj, timestep:52, reward:-0.8138737092354269
==================================================

coord:(11.494419627851995, 14.669983757273464, 19.932625976823783)->(11.494419627851995, 11.978057555019896, 19.932625976823783)
state:air-6.0, action:Wait, timestep:53, reward:1.4577531009416251
==================================================

coord:(11.494419627851995, 11.978057555019896, 19.932625976823783)->(10.513898277352878, 12.750950889510356, 18.952104626324637)
state:field-1.0, action:SAj, timestep:54, reward:-1.5410215773711862
==================================================

coord:(10.513898277352878, 12.750950889510356, 18.952104626324637)->(10.513898277352878, 12.750950889510356, 18.952104626324637)
state:air-6.0, action:j, timestep:55, reward:7.233490286751021e-07
==================================================

coord:(10.513898277352878, 12.750950889510356, 18.952104626324637)->(14.190853341724567, 8.850951032561504, 15.275149561952862)
state:parachute-16.0, action:WA, timestep:56, reward:-0.5305531958229359
==================================================

coord:(14.190853341724567, 8.850951032561504, 15.275149561952862)->(14.190853341724567, 8.850951032561504, 15.275149561952862)
state:parachute-16.0, action:WAj, timestep:57, reward:6.219260875184318e-07
==================================================

coord:(14.190853341724567, 8.850951032561504, 15.275149561952862)->(14.190853341724567, 10.150950984877824, 16.025149561952873)
state:wall-11.0, action:W, timestep:58, reward:0.32567710375180425
==================================================

coord:(14.190853341724567, 10.150950984877824, 16.025149561952873)->(14.190853341724567, 10.150950984877824, 16.025149561952873)
state:air-6.0, action:j, timestep:59, reward:-7.679522973091935e-07
==================================================

coord:(14.190853341724567, 10.150950984877824, 16.025149561952873)->(14.190853341724567, 6.250951127928971, 21.225149371217938)
state:parachute-16.0, action:D, timestep:60, reward:5.812441519453172
==================================================

coord:(14.190853341724567, 6.250951127928971, 21.225149371217938)->(17.867808406096312, 2.3509512709801186, 24.902104435589735)
state:parachute-16.0, action:WD, timestep:61, reward:4.1606594277789775
==================================================

coord:(17.867808406096312, 2.3509512709801186, 24.902104435589735)->(17.867808406096312, 2.3509512709801186, 24.902104435589735)
state:parachute-16.0, action:WDj, timestep:62, reward:1.1457707316253618e-07
==================================================

coord:(17.867808406096312, 2.3509512709801186, 24.902104435589735)->(17.867808406096312, 4.950951175612688, 25.002104435589732)
state:wall-11.0, action:Wj, timestep:63, reward:0.3905552290793164
==================================================

coord:(17.867808406096312, 4.950951175612688, 25.002104435589732)->(17.867808406096312, 0.22526088161698715, 25.002104435589732)
state:air-5.0, action:Wait, timestep:64, reward:-1.1660241077314595
==================================================

coord:(17.867808406096312, 0.22526088161698715, 25.002104435589732)->(15.84548312069183, 0.7121196179052162, 27.02442972099422)
state:field-0.0, action:SDj, timestep:65, reward:1.5890970675013047
==================================================

coord:(15.84548312069183, 0.7121196179052162, 27.02442972099422)->(15.110092107817492, 0.4759917663608099, 26.28903870811986)
state:field-0.0, action:SA, timestep:66, reward:-0.9477658161003824
==================================================

coord:(15.110092107817492, 0.4759917663608099, 26.28903870811986)->(16.73643763101594, 0.6131549207583427, 27.915384231318285)
state:field-0.0, action:WDs, timestep:67, reward:1.7872977871589937
==================================================

coord:(16.73643763101594, 0.6131549207583427, 27.915384231318285)->(16.73643763101594, 1.7883259833918579, 31.01538423131833)
state:field-0.0, action:Ds, timestep:68, reward:2.635726447072049
==================================================

coord:(16.73643763101594, 1.7883259833918579, 31.01538423131833)->(16.73643763101594, 2.4401179670207482, 31.01538423131833)
state:air-5.0, action:Wait, timestep:69, reward:0.5373598359162939
==================================================

coord:(16.73643763101594, 2.4401179670207482, 31.01538423131833)->(14.897960083052475, 1.6883144133931263, 29.176906683354893)
state:field-0.0, action:SAs, timestep:70, reward:-2.448693364785436
==================================================

coord:(14.897960083052475, 1.6883144133931263, 29.176906683354893)->(13.856156148147162, 1.3106373815111794, 28.13510274844955)
state:field-0.0, action:SA, timestep:71, reward:-1.45524606018222
==================================================

coord:(13.856156148147162, 1.3106373815111794, 28.13510274844955)->(12.088389275105353, 0.6494767016961985, 26.367335875407786)
state:field-0.0, action:SAs, timestep:72, reward:-2.5277309023747456
==================================================

coord:(12.088389275105353, 0.6494767016961985, 26.367335875407786)->(8.708389399082991, 0.7121196179052162, 26.367335875407786)
state:field-0.0, action:S, timestep:73, reward:-2.4827227028675996
==================================================

coord:(8.708389399082991, 0.7121196179052162, 26.367335875407786)->(7.506307925414567, 1.0292252796836443, 27.569417349076186)
state:field-0.0, action:SDs, timestep:74, reward:-0.402205684429072
==================================================

coord:(7.506307925414567, 1.0292252796836443, 27.569417349076186)->(9.957611301662368, 2.251231312624097, 30.02072072532405)
state:field-0.0, action:WD, timestep:75, reward:3.32439608434254
==================================================

coord:(9.957611301662368, 2.251231312624097, 30.02072072532405)->(9.957611301662368, 3.14326936818376, 30.02072072532405)
state:air-5.0, action:Wait, timestep:76, reward:0.1857636665625293
==================================================

coord:(9.957611301662368, 3.14326936818376, 30.02072072532405)->(8.241698938288913, 1.5576239855426923, 28.304808361950546)
state:field-0.0, action:SA, timestep:77, reward:-2.4446039119894696
==================================================

coord:(8.241698938288913, 1.5576239855426923, 28.304808361950546)->(7.628873094226958, 1.5047578272521835, 28.91763420601251)
state:field-0.0, action:SD, timestep:78, reward:-0.3851743610305558
==================================================

coord:(7.628873094226958, 1.5047578272521835, 28.91763420601251)->(7.628873094226958, 1.5047578272521835, 28.91763420601251)
state:field-0.0, action:Wait, timestep:79, reward:3.902511824804833e-07
==================================================

coord:(7.628873094226958, 1.5047578272521835, 28.91763420601251)->(7.628873094226958, 1.5047578272521835, 28.91763420601251)
state:field-0.0, action:Wait, timestep:80, reward:3.902511824804833e-07
==================================================

coord:(7.628873094226958, 1.5047578272521835, 28.91763420601251)->(6.525786574915435, 2.8339589482040806, 30.02072072532405)
state:field-0.0, action:SD, timestep:81, reward:-0.540447207233056
==================================================

coord:(6.525786574915435, 2.8339589482040806, 30.02072072532405)->(4.7485916271357596, 1.1816653617982986, 28.24352577754435)
state:field-0.0, action:SA, timestep:82, reward:-2.4019616096369596
==================================================

coord:(4.7485916271357596, 1.1816653617982986, 28.24352577754435)->(5.729112977634891, 0.8964506454922149, 27.263004427045203)
state:field-0.0, action:WA, timestep:83, reward:0.5305953433049417
==================================================

coord:(5.729112977634891, 0.8964506454922149, 27.263004427045203)->(10.32244614248577, 1.0653847105016305, 27.263004427045203)
state:field-0.0, action:W, timestep:84, reward:3.988512619948782
==================================================

coord:(10.32244614248577, 1.0653847105016305, 27.263004427045203)->(8.675779536218466, 1.0653847105016305, 27.263004427045203)
state:field-0.0, action:S, timestep:85, reward:-1.3566358496359392
==================================================

coord:(8.675779536218466, 1.0653847105016305, 27.263004427045203)->(8.675779536218466, 0.4651597163380061, 25.44300449380243)
state:field-0.0, action:A, timestep:86, reward:-1.0831100168094654
==================================================

coord:(8.675779536218466, 0.4651597163380061, 25.44300449380243)->(7.572693016906952, 0.286852002051616, 24.33991797449089)
state:field-0.0, action:SA, timestep:87, reward:-1.5161454321945698
==================================================

coord:(7.572693016906952, 0.286852002051616, 24.33991797449089)->(7.572693016906952, 1.5047578272521835, 29.01991780282945)
state:field-0.0, action:D, timestep:88, reward:2.354773960340344
==================================================

coord:(7.572693016906952, 1.5047578272521835, 29.01991780282945)->(7.572693016906952, 2.149935515203526, 29.01991780282945)
state:air-5.0, action:Wait, timestep:89, reward:0.1523122195388975
==================================================

coord:(7.572693016906952, 2.149935515203526, 29.01991780282945)->(6.272693064590673, 2.0297010454992286, 29.01991780282945)
state:field-0.0, action:S, timestep:90, reward:-1.253537898034601
==================================================

coord:(6.272693064590673, 2.0297010454992286, 29.01991780282945)->(4.74062845443578, 0.8082362759396398, 27.487853192674535)
state:field-0.0, action:SA, timestep:91, reward:-2.1328112680310003
==================================================

coord:(4.74062845443578, 0.8082362759396398, 27.487853192674535)->(3.3539618386317445, 0.7121196179052162, 27.487853192674535)
state:field-0.0, action:S, timestep:92, reward:-1.302600437946115
==================================================

coord:(3.3539618386317445, 0.7121196179052162, 27.487853192674535)->(8.553961647896873, 1.0653847105016305, 27.487853192674535)
state:field-0.0, action:W, timestep:93, reward:4.771717277381766
==================================================

coord:(8.553961647896873, 1.0653847105016305, 27.487853192674535)->(7.57344029739775, 1.5047578272521835, 28.46837454317368)
state:field-0.0, action:SD, timestep:94, reward:-0.3930241473544065
==================================================

coord:(7.57344029739775, 1.5047578272521835, 28.46837454317368)->(7.57344029739775, 3.001835666825593, 31.068374447806214)
state:field-0.0, action:D, timestep:95, reward:0.8294123278281642
==================================================

coord:(7.57344029739775, 3.001835666825593, 31.068374447806214)->(7.57344029739775, 4.095916076090375, 31.068374447806214)
state:air-5.0, action:Wait, timestep:96, reward:0.09506345087088697
==================================================

coord:(7.57344029739775, 4.095916076090375, 31.068374447806214)->(6.013440354618214, 3.866853253564085, 31.068374447806214)
state:field-0.0, action:S, timestep:97, reward:-1.5629496392325972
==================================================

coord:(6.013440354618214, 3.866853253564085, 31.068374447806214)->(10.520106855981343, 4.239816538810444, 31.068374447806214)
state:field-0.0, action:W, timestep:98, reward:4.4964917320477085
==================================================

coord:(10.520106855981343, 4.239816538810444, 31.068374447806214)->(11.50062820648046, 5.461574248983202, 32.04889579830536)
state:field-0.0, action:WD, timestep:99, reward:0.9651961869687185
==================================================

coord:(11.50062820648046, 5.461574248983202, 32.04889579830536)->(12.481149556979577, 6.7188343347313975, 33.02941714880445)
state:field-0.0, action:WD, timestep:100, reward:0.5255401747016455
==================================================

coord:(12.481149556979577, 6.7188343347313975, 33.02941714880445)->(14.99448279812441, 5.588756469176262, 33.02941714880445)
state:field-0.0, action:W, timestep:101, reward:2.6798167055932876
==================================================

coord:(14.99448279812441, 5.588756469176262, 33.02941714880445)->(17.074482721830456, 4.42481599900688, 33.02941714880445)
state:field-0.0, action:W, timestep:102, reward:1.985612551416008
==================================================

coord:(17.074482721830456, 4.42481599900688, 33.02941714880445)->(17.074482721830456, 3.5675247030676926, 33.02941714880445)
state:air-5.0, action:Wait, timestep:103, reward:-0.2639248600197719
==================================================

coord:(17.074482721830456, 3.5675247030676926, 33.02941714880445)->(17.074482721830456, 3.5675247030676926, 33.02941714880445)
state:field-0.0, action:Wait, timestep:104, reward:-2.290734513188397e-08
==================================================

coord:(17.074482721830456, 3.5675247030676926, 33.02941714880445)->(16.216526540143704, 3.2537008096812636, 32.171460967117746)
state:field-0.0, action:SA, timestep:105, reward:-0.5129337848086859
==================================================

coord:(16.216526540143704, 3.2537008096812636, 32.171460967117746)->(16.216526540143704, 4.239816538810444, 34.07812756384835)
state:field-0.0, action:D, timestep:106, reward:-0.5859045077387295
==================================================

coord:(16.216526540143704, 4.239816538810444, 34.07812756384835)->(16.216526540143704, 5.399072638618376, 34.07812756384835)
state:air-5.0, action:Wait, timestep:107, reward:-0.14643380129901828
==================================================

coord:(16.216526540143704, 5.399072638618376, 34.07812756384835)->(17.01320013742426, 5.146042101625032, 33.28145396656784)
state:field-0.0, action:WA, timestep:108, reward:1.1383861727649938
==================================================

coord:(17.01320013742426, 5.146042101625032, 33.28145396656784)->(17.01320013742426, 3.5675247030676926, 33.28145396656784)
state:air-5.0, action:Wait, timestep:109, reward:-0.09314498040978925
==================================================

coord:(17.01320013742426, 3.5675247030676926, 33.28145396656784)->(17.01320013742426, 4.542961903094994, 35.01478723632293)
state:field-0.0, action:D, timestep:110, reward:-1.3243984149739445
==================================================

coord:(17.01320013742426, 4.542961903094994, 35.01478723632293)->(17.01320013742426, 5.653453927914237, 35.01478723632293)
state:air-5.0, action:Wait, timestep:111, reward:-0.21497161519188612
==================================================

coord:(17.01320013742426, 5.653453927914237, 35.01478723632293)->(18.053200099277273, 5.653453927914237, 35.01478723632293)
state:field-0.0, action:W, timestep:112, reward:0.14645005740292039
==================================================

coord:(18.053200099277273, 5.653453927914237, 35.01478723632293)->(18.053200099277273, 0.07758639326983632, 35.01478723632293)
state:air-5.0, action:Wait, timestep:113, reward:-2.080395593560972
==================================================

coord:(18.053200099277273, 0.07758639326983632, 35.01478723632293)->(17.966533435789522, 0.07758639326983632, 35.01478723632293)
state:field-0.0, action:S, timestep:114, reward:0.00016078079493375697
==================================================

coord:(17.966533435789522, 0.07758639326983632, 35.01478723632293)->(17.966533435789522, 5.653453927914237, 35.01478723632293)
state:air-5.0, action:Wait, timestep:115, reward:2.080498816938591
==================================================

coord:(17.966533435789522, 5.653453927914237, 35.01478723632293)->(18.02781602019572, 5.653453927914237, 35.076069820729124)
state:field-0.0, action:WD, timestep:116, reward:-0.05702193731941163
==================================================

coord:(18.02781602019572, 5.653453927914237, 35.076069820729124)->(18.02781602019572, 0.07758639326983632, 35.076069820729124)
state:air-5.0, action:Wait, timestep:117, reward:-2.0583982535797736
==================================================

coord:(18.02781602019572, 0.07758639326983632, 35.076069820729124)->(18.02781602019572, 0.5356997742062224, 29.876070011463934)
state:field-0.0, action:A, timestep:118, reward:0.8918246752619385
==================================================

coord:(18.02781602019572, 0.5356997742062224, 29.876070011463934)->(18.70192444866388, 0.41301027985857514, 30.550178439932097)
state:field-0.0, action:WD, timestep:119, reward:0.10635085833739755
==================================================

coord:(18.70192444866388, 0.41301027985857514, 30.550178439932097)->(18.70192444866388, 0.41301027985857514, 30.550178439932097)
state:field-0.0, action:Wait, timestep:120, reward:-4.040527823434559e-08
==================================================

coord:(18.70192444866388, 0.41301027985857514, 30.550178439932097)->(21.27579299372414, 1.8485410167113652, 27.97630989487184)
state:field-0.0, action:WA, timestep:121, reward:-1.4513896637388806
==================================================

coord:(21.27579299372414, 1.8485410167113652, 27.97630989487184)->(21.27579299372414, 2.2817779984468363, 27.97630989487184)
state:air-5.0, action:Wait, timestep:122, reward:0.1816478164847739
==================================================

coord:(21.27579299372414, 2.2817779984468363, 27.97630989487184)->(21.27579299372414, 1.4609206979633587, 29.796309828114612)
state:field-0.0, action:D, timestep:123, reward:0.6685560799854793
==================================================

coord:(21.27579299372414, 1.4609206979633587, 29.796309828114612)->(22.011184006598498, 1.4975619419550217, 30.53170084098897)
state:field-0.0, action:WD, timestep:124, reward:-0.24013712883688854
==================================================

coord:(22.011184006598498, 1.4975619419550217, 30.53170084098897)->(20.364517400331227, 0.8263977634849407, 30.53170084098897)
state:field-0.0, action:S, timestep:125, reward:0.6204169927487095
==================================================

coord:(20.364517400331227, 0.8263977634849407, 30.53170084098897)->(19.138865712207295, 0.4448722527607861, 31.757352529112904)
state:field-0.0, action:SD, timestep:126, reward:0.3960189339793079
==================================================

coord:(19.138865712207295, 0.4448722527607861, 31.757352529112904)->(23.038865569156094, 1.126331007346584, 31.757352529112904)
state:field-0.0, action:W, timestep:127, reward:-1.8648378379619972
==================================================

coord:(23.038865569156094, 1.126331007346584, 31.757352529112904)->(23.038865569156094, 8.457996674488252, 31.757352529112904)
state:air-5.0, action:Wait, timestep:128, reward:-0.38649678231319573
==================================================

coord:(23.038865569156094, 8.457996674488252, 31.757352529112904)->(25.03219882937437, 9.956918478215421, 31.757352529112904)
state:field-0.0, action:W, timestep:129, reward:-2.4921551896370318
==================================================

coord:(25.03219882937437, 9.956918478215421, 31.757352529112904)->(25.03219882937437, 11.569478874068835, 31.757352529112904)
state:air-5.0, action:Wait, timestep:130, reward:-1.0734838742103054
==================================================

coord:(25.03219882937437, 11.569478874068835, 31.757352529112904)->(27.025532089592645, 13.268873328369823, 31.757352529112904)
state:field-0.0, action:W, timestep:131, reward:-2.6113637533375336
==================================================

coord:(27.025532089592645, 13.268873328369823, 31.757352529112904)->(27.025532089592645, 15.020545441800547, 31.757352529112904)
state:air-5.0, action:Wait, timestep:132, reward:-1.2797492571897653
==================================================

coord:(27.025532089592645, 15.020545441800547, 31.757352529112904)->(28.065532051445658, 15.020545441800547, 31.757352529112904)
state:field-0.0, action:W, timestep:133, reward:-0.6971348790353264
==================================================

coord:(28.065532051445658, 15.020545441800547, 31.757352529112904)->(28.065532051445658, 16.782967888076367, 31.757352529112904)
state:air-5.0, action:Wait, timestep:134, reward:-1.3219665746922225
==================================================

coord:(28.065532051445658, 16.782967888076367, 31.757352529112904)->(28.065532051445658, 16.47933124368435, 29.93735259587013)
state:field-0.0, action:A, timestep:135, reward:0.10068034944219129
==================================================

coord:(28.065532051445658, 16.47933124368435, 29.93735259587013)->(28.065532051445658, 14.34979245982817, 29.93735259587013)
state:air-5.0, action:Wait, timestep:136, reward:1.5512013672045697
==================================================

coord:(28.065532051445658, 14.34979245982817, 29.93735259587013)->(28.065532051445658, 14.34979245982817, 29.93735259587013)
state:field-0.0, action:Wait, timestep:137, reward:-4.5316896546410135e-07
==================================================

coord:(28.065532051445658, 14.34979245982817, 29.93735259587013)->(30.8845309341307, 13.98004049266512, 27.118353713185087)
state:field-0.0, action:WA, timestep:138, reward:-2.486666725572576
==================================================

coord:(30.8845309341307, 13.98004049266512, 27.118353713185087)->(29.965292168037752, 13.621197185656372, 26.199114947092138)
state:field-0.0, action:SA, timestep:139, reward:0.5996870043402787
==================================================

coord:(29.965292168037752, 13.621197185656372, 26.199114947092138)->(29.965292168037752, 11.345167297443975, 26.199114947092138)
state:air-5.0, action:Wait, timestep:140, reward:1.1731835291930182
==================================================

coord:(29.965292168037752, 11.345167297443975, 26.199114947092138)->(32.04890003784843, 10.559263565285978, 24.115507077281453)
state:field-0.0, action:WA, timestep:141, reward:-2.252299375055557
==================================================

coord:(32.04890003784843, 10.559263565285978, 24.115507077281453)->(32.04890003784843, 10.559263565285978, 24.115507077281453)
state:field-0.0, action:Wait, timestep:142, reward:8.873956147681383e-07
==================================================

coord:(32.04890003784843, 10.559263565285978, 24.115507077281453)->(32.04890003784843, 12.26937601343067, 26.022173674011977)
state:field-0.0, action:D, timestep:143, reward:0.07727688800461152
==================================================

coord:(32.04890003784843, 12.26937601343067, 26.022173674011977)->(32.04890003784843, 14.071575557758527, 26.022173674011977)
state:air-5.0, action:Wait, timestep:144, reward:-0.8919328419799797
==================================================

coord:(32.04890003784843, 14.071575557758527, 26.022173674011977)->(31.068378687349288, 15.020545441800547, 27.002695024511123)
state:field-0.0, action:SD, timestep:145, reward:0.5120914748310916
==================================================

coord:(31.068378687349288, 15.020545441800547, 27.002695024511123)->(31.068378687349288, 15.020545441800547, 27.002695024511123)
state:field-0.0, action:Wait, timestep:146, reward:7.918476931934038e-07
==================================================

coord:(31.068378687349288, 15.020545441800547, 27.002695024511123)->(32.11018262225463, 15.929215305050263, 28.044498959416465)
state:field-0.0, action:WD, timestep:147, reward:-1.0792971455885656
==================================================

coord:(32.11018262225463, 15.929215305050263, 28.044498959416465)->(32.11018262225463, 17.79825572798018, 28.044498959416465)
state:air-5.0, action:Wait, timestep:148, reward:-1.2065125517440478
==================================================

coord:(32.11018262225463, 17.79825572798018, 28.044498959416465)->(32.11018262225463, 17.79825572798018, 27.957832295928714)
state:field-0.0, action:A, timestep:149, reward:-0.01748390707341585
==================================================

coord:(32.11018262225463, 17.79825572798018, 27.957832295928714)->(32.11018262225463, 15.929215305050263, 27.957832295928714)
state:air-5.0, action:Wait, timestep:150, reward:1.2053815887913224
==================================================

coord:(32.11018262225463, 15.929215305050263, 27.957832295928714)->(32.17146520666082, 15.929215305050263, 28.01911488033491)
state:field-0.0, action:WD, timestep:151, reward:-0.03329806144775205
==================================================

coord:(32.17146520666082, 15.929215305050263, 28.01911488033491)->(32.17146520666082, 17.79825572798018, 28.01911488033491)
state:air-5.0, action:Wait, timestep:152, reward:-1.2033597166367969
==================================================

coord:(32.17146520666082, 17.79825572798018, 28.01911488033491)->(32.17146520666082, 17.79825572798018, 29.059114842187924)
state:field-0.0, action:D, timestep:153, reward:0.18204958212120914
==================================================

coord:(32.17146520666082, 17.79825572798018, 29.059114842187924)->(32.17146520666082, 19.628716716337465, 29.059114842187924)
state:air-5.0, action:Wait, timestep:154, reward:-1.283579267795826
==================================================

coord:(32.17146520666082, 19.628716716337465, 29.059114842187924)->(32.17146520666082, 19.628716716337465, 28.972448178700173)
state:field-0.0, action:A, timestep:155, reward:-0.012333948368109304
==================================================

coord:(32.17146520666082, 19.628716716337465, 28.972448178700173)->(32.17146520666082, 17.79825572798018, 28.972448178700173)
state:air-5.0, action:Wait, timestep:156, reward:1.2827770243688903
==================================================

coord:(32.17146520666082, 17.79825572798018, 28.972448178700173)->(32.17146520666082, 17.79825572798018, 29.059114842187924)
state:field-0.0, action:D, timestep:157, reward:0.013136694547966954
==================================================

coord:(32.17146520666082, 17.79825572798018, 29.059114842187924)->(32.17146520666082, 19.628716716337465, 29.059114842187924)
state:air-5.0, action:Wait, timestep:158, reward:-1.283579267795826
==================================================

coord:(32.17146520666082, 19.628716716337465, 29.059114842187924)->(35.8484202710324, 20.0, 32.73606990655968)
state:field-0.0, action:WD, timestep:159, reward:-2.7112874737070456
==================================================

coord:(35.8484202710324, 20.0, 32.73606990655968)->(35.8484202710324, 20.0, 37.93606971582496)
state:field-0.0, action:D, timestep:160, reward:-0.7217394689896004
==================================================

coord:(35.8484202710324, 20.0, 37.93606971582496)->(30.64842046176718, 20.0, 37.93606971582496)
state:field-0.0, action:S, timestep:161, reward:3.501360589826149
==================================================

coord:(30.64842046176718, 20.0, 37.93606971582496)->(34.32537552613884, 20.0, 34.25911465145337)
state:field-0.0, action:WA, timestep:162, reward:-1.7545461293449272
==================================================

coord:(34.32537552613884, 20.0, 34.25911465145337)->(34.32537552613884, 20.0, 34.25911465145337)
state:field-0.0, action:Wait, timestep:163, reward:-9.175529349647604e-07
==================================================

coord:(34.32537552613884, 20.0, 34.25911465145337)->(34.32537552613884, 20.0, 34.25911465145337)
state:field-0.0, action:Wait, timestep:164, reward:-9.175529349647604e-07
==================================================

coord:(34.32537552613884, 20.0, 34.25911465145337)->(34.32537552613884, 20.0, 34.25911465145337)
state:field-0.0, action:Wait, timestep:165, reward:-9.175529349647604e-07
==================================================

coord:(34.32537552613884, 20.0, 34.25911465145337)->(38.002330590510425, 20.0, 30.582159587081705)
state:field-0.0, action:WA, timestep:166, reward:-2.7174073810759403
==================================================

coord:(38.002330590510425, 20.0, 30.582159587081705)->(38.002330590510425, 20.0, 30.582159587081705)
state:field-0.0, action:Wait, timestep:167, reward:-1.5451344026473635e-07
==================================================

coord:(38.002330590510425, 20.0, 30.582159587081705)->(38.002330590510425, 20.0, 30.582159587081705)
state:field-0.0, action:Wait, timestep:168, reward:-1.5451344026473635e-07
==================================================

coord:(38.002330590510425, 20.0, 30.582159587081705)->(38.002330590510425, 19.74696946300665, 27.982159682449172)
state:field-0.0, action:A, timestep:169, reward:-0.12454408565966091
==================================================

coord:(38.002330590510425, 19.74696946300665, 27.982159682449172)->(38.002330590510425, 17.22685325412422, 27.982159682449172)
state:air-5.0, action:Wait, timestep:170, reward:1.426290460297622
==================================================

coord:(38.002330590510425, 17.22685325412422, 27.982159682449172)->(38.002330590510425, 17.22685325412422, 28.068826345936923)
state:field-0.0, action:D, timestep:171, reward:0.014317521514925602
==================================================

coord:(38.002330590510425, 17.22685325412422, 28.068826345936923)->(38.002330590510425, 19.24815088085866, 28.068826345936923)
state:air-5.0, action:Wait, timestep:172, reward:-1.1310258030175362
==================================================

coord:(38.002330590510425, 19.24815088085866, 28.068826345936923)->(38.002330590510425, 19.24815088085866, 27.982159682449172)
state:field-0.0, action:A, timestep:173, reward:-0.013675365063043898
==================================================

coord:(38.002330590510425, 19.24815088085866, 27.982159682449172)->(38.002330590510425, 17.22685325412422, 27.982159682449172)
state:air-5.0, action:Wait, timestep:174, reward:1.130382486054458
==================================================

coord:(38.002330590510425, 17.22685325412422, 27.982159682449172)->(35.22899735890228, 17.567454896427755, 27.982159682449172)
state:field-0.0, action:S, timestep:175, reward:2.049501943970739
==================================================

coord:(35.22899735890228, 17.567454896427755, 27.982159682449172)->(34.187193423996995, 17.208611589419007, 26.94035574754383)
state:field-0.0, action:SA, timestep:176, reward:0.801098134542741
==================================================

coord:(34.187193423996995, 17.208611589419007, 26.94035574754383)->(34.187193423996995, 15.217885033606958, 26.94035574754383)
state:air-5.0, action:Wait, timestep:177, reward:1.1328321075597323
==================================================

coord:(34.187193423996995, 15.217885033606958, 26.94035574754383)->(33.206672073497906, 14.91424838921494, 25.959834397044684)
state:field-0.0, action:SA, timestep:178, reward:0.6668209716430908
==================================================

coord:(33.206672073497906, 14.91424838921494, 25.959834397044684)->(33.206672073497906, 12.842883997674194, 25.959834397044684)
state:air-5.0, action:Wait, timestep:179, reward:1.031933259259585
==================================================

coord:(33.206672073497906, 12.842883997674194, 25.959834397044684)->(35.16771477449608, 12.71680670220252, 23.998791696046393)
state:field-0.0, action:WA, timestep:180, reward:-2.277575094642007
==================================================

coord:(35.16771477449608, 12.71680670220252, 23.998791696046393)->(35.16771477449608, 9.892149101304343, 23.998791696046393)
state:air-5.0, action:Wait, timestep:181, reward:0.9575023676215402
==================================================

coord:(35.16771477449608, 9.892149101304343, 23.998791696046393)->(35.16771477449608, 9.588512456912325, 21.918791772340366)
state:field-0.0, action:A, timestep:182, reward:-0.8545835978287712
==================================================

coord:(35.16771477449608, 9.588512456912325, 21.918791772340366)->(35.16771477449608, 6.863884788004712, 21.918791772340366)
state:air-5.0, action:Wait, timestep:183, reward:0.504935107922293
==================================================

coord:(35.16771477449608, 6.863884788004712, 21.918791772340366)->(34.43232376162177, 6.730806294554188, 21.183400759466007)
state:field-0.0, action:SA, timestep:184, reward:0.24995913008042692
==================================================

coord:(34.43232376162177, 6.730806294554188, 21.183400759466007)->(33.04565714581769, 6.514717739218547, 21.183400759466007)
state:field-0.0, action:S, timestep:185, reward:1.1596032362103657
==================================================

coord:(33.04565714581769, 6.514717739218547, 21.183400759466007)->(34.884134678003484, 8.133205096822149, 23.021878291651905)
state:field-0.0, action:WD, timestep:186, reward:-0.8282900540136495
==================================================

coord:(34.884134678003484, 8.133205096822149, 23.021878291651905)->(34.884134678003484, 9.700357959691633, 23.021878291651905)
state:air-5.0, action:Wait, timestep:187, reward:-0.35520398419584254
==================================================

coord:(34.884134678003484, 9.700357959691633, 23.021878291651905)->(32.284134773370845, 8.969664290777729, 23.021878291651905)
state:field-0.0, action:S, timestep:188, reward:2.364106348312621
==================================================

coord:(32.284134773370845, 8.969664290777729, 23.021878291651905)->(31.303613422871713, 9.956918478215421, 24.00239964215105)
state:field-0.0, action:SD, timestep:189, reward:0.9968657245356702
==================================================

coord:(31.303613422871713, 9.956918478215421, 24.00239964215105)->(28.963613508702434, 8.79297800804603, 24.00239964215105)
state:field-0.0, action:S, timestep:190, reward:2.2213598899856795
==================================================

coord:(28.963613508702434, 8.79297800804603, 24.00239964215105)->(28.963613508702434, 7.719467496535955, 24.00239964215105)
state:air-5.0, action:Wait, timestep:191, reward:0.2887835553779432
==================================================

coord:(28.963613508702434, 7.719467496535955, 24.00239964215105)->(31.04361343240846, 9.267181677720165, 24.00239964215105)
state:field-0.0, action:W, timestep:192, reward:-2.08085523670891
==================================================

coord:(31.04361343240846, 9.267181677720165, 24.00239964215105)->(31.04361343240846, 9.956918478215421, 24.00239964215105)
state:air-5.0, action:Wait, timestep:193, reward:-0.21994588876373555
==================================================

coord:(31.04361343240846, 9.956918478215421, 24.00239964215105)->(31.04361343240846, 11.569478874068835, 26.082399565857077)
state:field-0.0, action:D, timestep:194, reward:0.26748025748864457
==================================================

coord:(31.04361343240846, 11.569478874068835, 26.082399565857077)->(31.04361343240846, 13.268873328369823, 26.082399565857077)
state:air-5.0, action:Wait, timestep:195, reward:-0.8243497490897269
==================================================

coord:(31.04361343240846, 13.268873328369823, 26.082399565857077)->(30.12437466631551, 13.98004049266512, 27.001638331950026)
state:field-0.0, action:SD, timestep:196, reward:0.6099650795899336
==================================================

coord:(30.12437466631551, 13.98004049266512, 27.001638331950026)->(31.166178601220853, 15.020545441800547, 28.04344226685537)
state:field-0.0, action:WD, timestep:197, reward:-1.1302588246054661
==================================================

coord:(31.166178601220853, 15.020545441800547, 28.04344226685537)->(31.166178601220853, 16.782967888076367, 28.04344226685537)
state:air-5.0, action:Wait, timestep:198, reward:-1.1264263126447744
==================================================

coord:(31.166178601220853, 16.782967888076367, 28.04344226685537)->(33.07284519795142, 17.79825572798018, 28.04344226685537)
state:field-0.0, action:W, timestep:199, reward:-2.0500003305858776
==================================================

coord:(33.07284519795142, 17.79825572798018, 28.04344226685537)->(33.07284519795142, 18.63020038062031, 28.04344226685537)
state:air-5.0, action:Wait, timestep:200, reward:-0.5503915194377242
==================================================

coord:(33.07284519795142, 18.63020038062031, 28.04344226685537)->(33.07284519795142, 20.0, 33.24344207612049)
state:field-0.0, action:D, timestep:201, reward:-0.6218591334394645
==================================================

coord:(33.07284519795142, 20.0, 33.24344207612049)->(36.74980026232301, 20.0, 29.566487011748762)
state:field-0.0, action:WA, timestep:202, reward:-2.789340287572461
==================================================

coord:(36.74980026232301, 20.0, 29.566487011748762)->(36.74980026232301, 20.0, 34.76648682101394)
state:field-0.0, action:D, timestep:203, reward:-0.03535042735109073
==================================================

coord:(36.74980026232301, 20.0, 34.76648682101394)->(33.07284519795142, 20.0, 38.443441885385525)
state:field-0.0, action:SD, timestep:204, reward:1.9217404959984599
==================================================

coord:(33.07284519795142, 20.0, 38.443441885385525)->(29.395890133579687, 20.0, 34.76648682101394)
state:field-0.0, action:SA, timestep:205, reward:3.1197434278459575
==================================================

coord:(29.395890133579687, 20.0, 34.76648682101394)->(29.395890133579687, 20.0, 34.76648682101394)
state:field-0.0, action:Wait, timestep:206, reward:8.067798873412357e-08
==================================================

coord:(29.395890133579687, 20.0, 34.76648682101394)->(29.395890133579687, 20.0, 39.96648663027922)
state:field-0.0, action:D, timestep:207, reward:-1.3843572015164582
==================================================

coord:(29.395890133579687, 20.0, 39.96648663027922)->(27.986390692237165, 19.447933373832697, 38.55698718893678)
state:field-0.0, action:SA, timestep:208, reward:1.6858772373529192
==================================================

coord:(27.986390692237165, 19.447933373832697, 38.55698718893678)->(27.986390692237165, 17.22685325412422, 38.55698718893678)
state:air-5.0, action:Wait, timestep:209, reward:1.6817851011331264
==================================================

coord:(27.986390692237165, 17.22685325412422, 38.55698718893678)->(27.986390692237165, 16.062912783954825, 41.070320430081665)
state:field-0.0, action:D, timestep:210, reward:-0.3095441255590856
==================================================

coord:(27.986390692237165, 16.062912783954825, 41.070320430081665)->(27.986390692237165, 15.020545441800547, 41.070320430081665)
state:air-5.0, action:Wait, timestep:211, reward:0.6613467592078521
==================================================

coord:(27.986390692237165, 15.020545441800547, 41.070320430081665)->(28.073057355724917, 15.020545441800547, 41.070320430081665)
state:field-0.0, action:W, timestep:212, reward:-0.05066682584215698
==================================================

coord:(28.073057355724917, 15.020545441800547, 41.070320430081665)->(28.073057355724917, 16.782967888076367, 41.070320430081665)
state:air-5.0, action:Wait, timestep:213, reward:-1.1358099051254023
==================================================

coord:(28.073057355724917, 16.782967888076367, 41.070320430081665)->(27.986390692237165, 16.782967888076367, 41.070320430081665)
state:field-0.0, action:S, timestep:214, reward:0.04751787375887773
==================================================

coord:(27.986390692237165, 16.782967888076367, 41.070320430081665)->(27.986390692237165, 15.020545441800547, 41.070320430081665)
state:air-5.0, action:Wait, timestep:215, reward:1.1389602083045318
==================================================

coord:(27.986390692237165, 15.020545441800547, 41.070320430081665)->(28.047673276643362, 15.020545441800547, 41.00903784567547)
state:field-0.0, action:WA, timestep:216, reward:-0.0034956756142996426
==================================================

coord:(28.047673276643362, 15.020545441800547, 41.00903784567547)->(28.047673276643362, 16.782967888076367, 41.00903784567547)
state:air-5.0, action:Wait, timestep:217, reward:-1.1387417096805486
==================================================

coord:(28.047673276643362, 16.782967888076367, 41.00903784567547)->(29.028194627142508, 17.79825572798018, 40.02851649517638)
state:field-0.0, action:WA, timestep:218, reward:-0.8034141038424565
==================================================

coord:(29.028194627142508, 17.79825572798018, 40.02851649517638)->(29.028194627142508, 19.628716716337465, 40.02851649517638)
state:air-5.0, action:Wait, timestep:219, reward:-1.3216116469106503
==================================================

coord:(29.028194627142508, 19.628716716337465, 40.02851649517638)->(28.96691204273631, 19.628716716337465, 40.089799079582576)
state:field-0.0, action:SD, timestep:220, reward:0.008829671067012157
==================================================

coord:(28.96691204273631, 19.628716716337465, 40.089799079582576)->(28.96691204273631, 17.79825572798018, 40.089799079582576)
state:air-5.0, action:Wait, timestep:221, reward:1.3222235214164186
==================================================

coord:(28.96691204273631, 17.79825572798018, 40.089799079582576)->(27.986390692237165, 17.79825572798018, 41.070320430081665)
state:field-0.0, action:SD, timestep:222, reward:0.09778383013617287
==================================================

coord:(27.986390692237165, 17.79825572798018, 41.070320430081665)->(27.986390692237165, 15.020545441800547, 41.070320430081665)
state:air-5.0, action:Wait, timestep:223, reward:1.8384269136267974
==================================================

coord:(27.986390692237165, 15.020545441800547, 41.070320430081665)->(27.986390692237165, 16.673795318751065, 38.990320506375554)
state:field-0.0, action:A, timestep:224, reward:-0.12317187069076141
==================================================

coord:(27.986390692237165, 16.673795318751065, 38.990320506375554)->(27.986390692237165, 17.22685325412422, 38.990320506375554)
state:air-5.0, action:Wait, timestep:225, reward:-0.3957292737789224
==================================================

coord:(27.986390692237165, 17.22685325412422, 38.990320506375554)->(28.047673276643362, 17.22685325412422, 38.92903792196936)
state:field-0.0, action:WA, timestep:226, reward:-0.010612749909832075
==================================================

coord:(28.047673276643362, 17.22685325412422, 38.92903792196936)->(28.047673276643362, 19.24815088085866, 38.92903792196936)
state:air-5.0, action:Wait, timestep:227, reward:-1.5118401146254428
==================================================

coord:(28.047673276643362, 19.24815088085866, 38.92903792196936)->(27.986390692237165, 19.24815088085866, 38.990320506375554)
state:field-0.0, action:SD, timestep:228, reward:0.009775930452896375
==================================================

coord:(27.986390692237165, 19.24815088085866, 38.990320506375554)->(27.986390692237165, 17.22685325412422, 38.990320506375554)
state:air-5.0, action:Wait, timestep:229, reward:1.5126779375247885
==================================================

coord:(27.986390692237165, 17.22685325412422, 38.990320506375554)->(29.028194627142508, 18.63020038062031, 40.032124441280835)
state:field-0.0, action:WD, timestep:230, reward:-2.0187889132185184
==================================================

coord:(29.028194627142508, 18.63020038062031, 40.032124441280835)->(29.028194627142508, 19.628716716337465, 40.032124441280835)
state:air-5.0, action:Wait, timestep:231, reward:-0.7309928805752115
==================================================

coord:(29.028194627142508, 19.628716716337465, 40.032124441280835)->(29.028194627142508, 20.0, 34.83212463201556)
state:field-0.0, action:A, timestep:232, reward:1.1369889265907744
==================================================

coord:(29.028194627142508, 20.0, 34.83212463201556)->(29.028194627142508, 18.836059529830607, 30.932124775066644)
state:field-0.0, action:A, timestep:233, reward:1.1145058155163454
==================================================

coord:(29.028194627142508, 18.836059529830607, 30.932124775066644)->(29.028194627142508, 17.22685325412422, 30.932124775066644)
state:air-5.0, action:Wait, timestep:234, reward:1.2459018337889773
==================================================

coord:(29.028194627142508, 17.22685325412422, 30.932124775066644)->(27.988194665289495, 16.97382271713087, 30.932124775066644)
state:field-0.0, action:S, timestep:235, reward:0.857525576905001
==================================================

coord:(27.988194665289495, 16.97382271713087, 30.932124775066644)->(27.988194665289495, 13.98004049266512, 30.932124775066644)
state:air-5.0, action:Wait, timestep:236, reward:2.206886866083236
==================================================

coord:(27.988194665289495, 13.98004049266512, 30.932124775066644)->(27.988194665289495, 13.98004049266512, 30.932124775066644)
state:field-0.0, action:Wait, timestep:237, reward:-3.7909498651345075e-07
==================================================

coord:(27.988194665289495, 13.98004049266512, 30.932124775066644)->(28.110759834101888, 15.620376208807022, 31.054689943879037)
state:field-0.0, action:WD, timestep:238, reward:-1.249106723356192
==================================================

coord:(28.110759834101888, 15.620376208807022, 31.054689943879037)->(28.110759834101888, 16.782967888076367, 31.054689943879037)
state:air-5.0, action:Wait, timestep:239, reward:-0.878981434159904
==================================================

coord:(28.110759834101888, 16.782967888076367, 31.054689943879037)->(27.988194665289495, 16.782967888076367, 30.932124775066644)
state:field-0.0, action:SA, timestep:240, reward:0.06957253071751701
==================================================

coord:(27.988194665289495, 16.782967888076367, 30.932124775066644)->(27.988194665289495, 13.98004049266512, 30.932124775066644)
state:air-5.0, action:Wait, timestep:241, reward:2.058515169611068
==================================================

coord:(27.988194665289495, 13.98004049266512, 30.932124775066644)->(25.99486140507122, 13.727009955671772, 30.932124775066644)
state:field-0.0, action:S, timestep:242, reward:1.5542580466285507
==================================================

coord:(25.99486140507122, 13.727009955671772, 30.932124775066644)->(25.99486140507122, 10.76803660460999, 30.932124775066644)
state:air-5.0, action:Wait, timestep:243, reward:2.045549655660137
==================================================

coord:(25.99486140507122, 10.76803660460999, 30.932124775066644)->(23.914861481365193, 10.464399960217971, 30.932124775066644)
state:field-0.0, action:S, timestep:244, reward:1.7440795781369527
==================================================

coord:(23.914861481365193, 10.464399960217971, 30.932124775066644)->(23.914861481365193, 7.872093357350055, 30.932124775066644)
state:air-5.0, action:Wait, timestep:245, reward:1.5836784858007729
==================================================

coord:(23.914861481365193, 7.872093357350055, 30.932124775066644)->(22.96152818299993, 7.872093357350055, 30.932124775066644)
state:field-0.0, action:S, timestep:246, reward:0.796150944200849
==================================================

coord:(22.96152818299993, 7.872093357350055, 30.932124775066644)->(22.96152818299993, 1.4975619419550217, 30.932124775066644)
state:air-5.0, action:Wait, timestep:247, reward:0.2356984796440651
==================================================

coord:(22.96152818299993, 1.4975619419550217, 30.932124775066644)->(22.96152818299993, 0.8263977634849407, 32.578791381333936)
state:field-0.0, action:D, timestep:248, reward:-0.30073059894595744
==================================================

coord:(22.96152818299993, 0.8263977634849407, 32.578791381333936)->(23.022810767406128, 0.8263977634849407, 32.51750879692774)
state:field-0.0, action:WA, timestep:249, reward:-0.04392047445025771
==================================================

coord:(23.022810767406128, 0.8263977634849407, 32.51750879692774)->(23.022810767406128, 8.969664290777729, 32.51750879692774)
state:air-5.0, action:Wait, timestep:250, reward:-0.5452414891379318
==================================================

coord:(23.022810767406128, 8.969664290777729, 32.51750879692774)->(23.022810767406128, 8.969664290777729, 32.51750879692774)
state:field-0.0, action:Wait, timestep:251, reward:-1.3324193570696252e-07
==================================================

coord:(23.022810767406128, 8.969664290777729, 32.51750879692774)->(23.022810767406128, 7.872093357350055, 30.004175555782943)
state:field-0.0, action:A, timestep:252, reward:0.3778925854335986
==================================================

coord:(23.022810767406128, 7.872093357350055, 30.004175555782943)->(24.06461470231147, 9.267181677720165, 31.045979490688286)
state:field-0.0, action:WD, timestep:253, reward:-1.4053546029993154
==================================================

coord:(24.06461470231147, 9.267181677720165, 31.045979490688286)->(24.06461470231147, 9.956918478215421, 31.045979490688286)
state:air-5.0, action:Wait, timestep:254, reward:-0.4429883959219758
==================================================

coord:(24.06461470231147, 9.956918478215421, 31.045979490688286)->(25.045136052810616, 10.76803660460999, 30.06545814018914)
state:field-0.0, action:WA, timestep:255, reward:-1.4118858199730564
==================================================

coord:(25.045136052810616, 10.76803660460999, 30.06545814018914)->(26.02565740330976, 11.345167297443975, 29.084936789689994)
state:field-0.0, action:WA, timestep:256, reward:-1.3165251171726542
==================================================

coord:(26.02565740330976, 11.345167297443975, 29.084936789689994)->(26.02565740330976, 11.345167297443975, 29.084936789689994)
state:death-0.0, action:SA, timestep:257, reward:-999999
==================================================

