coord:(42.0, 0.0, 44.0)->(42.0, 0.0, 44.0)
state:field-4, action:Wait, timestep:1, reward:-0.0
==================================================

coord:(42.0, 0.0, 44.0)->(42.0, 15.620376208807022, 44.0)
state:field-4.0, action:j, timestep:2, reward:-2.4778236722411364
==================================================

coord:(42.0, 15.620376208807022, 44.0)->(42.0, 16.338062909608873, 46.07999992370611)
state:field-4.0, action:Dj, timestep:3, reward:-1.9400249290709581
==================================================

coord:(42.0, 16.338062909608873, 46.07999992370611)->(42.0, 12.349710411076664, 46.07999992370611)
state:air-9.0, action:Wait, timestep:4, reward:1.1075885691308045
==================================================

coord:(42.0, 12.349710411076664, 46.07999992370611)->(42.0, 12.227210411076666, 48.07999992370614)
state:field-4.0, action:Ds, timestep:5, reward:-1.677684055505111
==================================================

coord:(42.0, 12.227210411076666, 48.07999992370614)->(42.0, 9.267181677720165, 48.07999992370614)
state:air-9.0, action:Wait, timestep:6, reward:0.6051036898869881
==================================================

coord:(42.0, 9.267181677720165, 48.07999992370614)->(42.0, 9.267181677720165, 48.07999992370614)
state:field-4.0, action:Wait, timestep:7, reward:1.1508244881497376e-06
==================================================

coord:(42.0, 9.267181677720165, 48.07999992370614)->(42.0, 9.144681677720166, 50.07999992370617)
state:field-4.0, action:Ds, timestep:8, reward:-1.7257884653483302
==================================================

