coord:(42.0, 0.0, 44.0)->(42.0, 0.0, 44.0)
state:field-4, action:Wait, timestep:1, reward:-0.0
==================================================

coord:(42.0, 0.0, 44.0)->(42.0, 15.620376208807022, 44.0)
state:field-4.0, action:j, timestep:2, reward:-2.4778236722411364
==================================================

coord:(42.0, 15.620376208807022, 44.0)->(42.0, 16.338062909608873, 46.07999992370611)
state:field-4.0, action:Dj, timestep:3, reward:-1.9400249290709581
==================================================

coord:(42.0, 16.338062909608873, 46.07999992370611)->(42.0, 12.349710411076664, 46.07999992370611)
state:air-9.0, action:Wait, timestep:4, reward:1.1075885691308045
==================================================

coord:(42.0, 12.349710411076664, 46.07999992370611)->(42.0, 12.227210411076666, 48.07999992370614)
state:field-4.0, action:Ds, timestep:5, reward:-1.677684055505111
==================================================

coord:(42.0, 12.227210411076666, 48.07999992370614)->(42.0, 9.267181677720165, 48.07999992370614)
state:air-9.0, action:Wait, timestep:6, reward:0.6051036898869881
==================================================

coord:(42.0, 9.267181677720165, 48.07999992370614)->(42.0, 9.267181677720165, 48.07999992370614)
state:field-4.0, action:Wait, timestep:7, reward:1.1508244881497376e-06
==================================================

coord:(42.0, 9.267181677720165, 48.07999992370614)->(41.93871741559381, 9.956918478215421, 48.14128250811233)
state:field-4.0, action:SDj, timestep:8, reward:-0.15147830210283786
==================================================

coord:(41.93871741559381, 9.956918478215421, 48.14128250811233)->(36.99871759679179, 11.645230657648455, 48.14128250811233)
state:field-4.0, action:S, timestep:9, reward:1.718357033328168
==================================================

coord:(36.99871759679179, 11.645230657648455, 48.14128250811233)->(36.99871759679179, 11.72147843009481, 48.14128250811233)
state:air-9.0, action:Wait, timestep:10, reward:-0.017581342149995294
==================================================

coord:(36.99871759679179, 11.72147843009481, 48.14128250811233)->(37.14013894663513, 11.846156208762684, 47.99986115826899)
state:field-4.0, action:WAsj, timestep:11, reward:0.04407121421386506
==================================================

coord:(37.14013894663513, 11.846156208762684, 47.99986115826899)->(37.14013894663513, 13.531219560760134, 47.99986115826899)
state:air-9.0, action:Wait, timestep:12, reward:-0.42073707246505165
==================================================

coord:(37.14013894663513, 13.531219560760134, 47.99986115826899)->(37.210849621556804, 13.531219560760134, 48.07057183319066)
state:field-4.0, action:WDs, timestep:13, reward:-0.08944180264772683
==================================================

coord:(37.210849621556804, 13.531219560760134, 48.07057183319066)->(37.210849621556804, 11.645230657648455, 48.07057183319066)
state:air-9.0, action:Wait, timestep:14, reward:0.46654085363524445
==================================================

coord:(37.210849621556804, 11.645230657648455, 48.07057183319066)->(37.210849621556804, 11.728040655189565, 47.98390516970291)
state:field-4.0, action:Aj, timestep:15, reward:0.05845528498226571
==================================================

coord:(37.210849621556804, 11.728040655189565, 47.98390516970291)->(37.210849621556804, 13.531219560760134, 47.98390516970291)
state:air-9.0, action:Wait, timestep:16, reward:-0.44813155251215164
==================================================

coord:(37.210849621556804, 13.531219560760134, 47.98390516970291)->(41.01084962155686, 14.038097355449736, 47.98390516970291)
state:field-4.0, action:Wsj, timestep:17, reward:-1.6901149499776196
==================================================

coord:(41.01084962155686, 14.038097355449736, 47.98390516970291)->(41.01084962155686, 11.569478874068835, 47.98390516970291)
state:air-9.0, action:Wait, timestep:18, reward:0.6027696520932437
==================================================

coord:(41.01084962155686, 11.569478874068835, 47.98390516970291)->(45.253490116857094, 13.003446855214095, 43.74126467440267)
state:field-4.0, action:WAs, timestep:19, reward:1.1260689154679895
==================================================

coord:(45.253490116857094, 13.003446855214095, 43.74126467440267)->(45.253490116857094, 11.703446902897776, 42.991264674402714)
state:wall-13.0, action:S, timestep:20, reward:0.9203997206290211
==================================================

coord:(45.253490116857094, 11.703446902897776, 42.991264674402714)->(47.03068506463669, 13.427973866497817, 41.214069726623116)
state:field-3.0, action:WA, timestep:21, reward:-0.041311014582298355
==================================================

coord:(47.03068506463669, 13.427973866497817, 41.214069726623116)->(47.03068506463669, 11.569478874068835, 41.214069726623116)
state:air-8.0, action:Wait, timestep:22, reward:0.4656006700463635
==================================================

coord:(47.03068506463669, 11.569478874068835, 41.214069726623116)->(47.03068506463669, 10.405538403899444, 44.07406962171902)
state:field-3.0, action:D, timestep:23, reward:-1.9997815656444828
==================================================

coord:(47.03068506463669, 10.405538403899444, 44.07406962171902)->(47.03068506463669, 8.969664290777729, 44.07406962171902)
state:air-9.0, action:Wait, timestep:24, reward:0.26944301997873765
==================================================

coord:(47.03068506463669, 8.969664290777729, 44.07406962171902)->(47.03068506463669, 9.892149101304343, 42.974069621719)
state:field-4.0, action:As, timestep:25, reward:0.7087106258844571
==================================================

coord:(47.03068506463669, 9.892149101304343, 42.974069621719)->(47.03068506463669, 10.76803660460999, 42.974069621719)
state:air-8.0, action:Wait, timestep:26, reward:-0.17796990321462403
==================================================

coord:(47.03068506463669, 10.76803660460999, 42.974069621719)->(46.95997438971502, 12.349710411076664, 42.90335894679733)
state:field-3.0, action:SAsj, timestep:27, reward:-0.2621497645147741
==================================================

coord:(46.95997438971502, 12.349710411076664, 42.90335894679733)->(46.95997438971502, 12.227210411076666, 44.00335894679735)
state:field-3.0, action:Ds, timestep:28, reward:-0.8394274467596645
==================================================

coord:(46.95997438971502, 12.227210411076666, 44.00335894679735)->(46.95997438971502, 10.28718238460078, 44.00335894679735)
state:air-8.0, action:Wait, timestep:29, reward:0.4216515839772157
==================================================

coord:(46.95997438971502, 10.28718238460078, 44.00335894679735)->(46.88926371479335, 11.345167297443975, 43.93264827187568)
state:field-3.0, action:SAsj, timestep:30, reward:-0.12515296361407735
==================================================

coord:(46.88926371479335, 11.345167297443975, 43.93264827187568)->(46.88926371479335, 12.349710411076664, 41.93931501165732)
state:field-3.0, action:A, timestep:31, reward:1.3373701994169878
==================================================

coord:(46.88926371479335, 12.349710411076664, 41.93931501165732)->(46.88926371479335, 13.268873328369823, 41.93931501165732)
state:air-8.0, action:Wait, timestep:32, reward:-0.23343855023080806
==================================================

coord:(46.88926371479335, 13.268873328369823, 41.93931501165732)->(45.97002494081163, 13.98004049266512, 42.85855378563904)
state:field-3.0, action:SDsj, timestep:33, reward:-0.39088055847830816
==================================================

coord:(45.97002494081163, 13.98004049266512, 42.85855378563904)->(45.050786166829916, 15.020545441800547, 41.93931501165732)
state:field-3.0, action:SAsj, timestep:34, reward:0.9267205261592082
==================================================

coord:(45.050786166829916, 15.020545441800547, 41.93931501165732)->(44.96411950334216, 15.103355439341657, 41.93931501165732)
state:field-3.0, action:Sj, timestep:35, reward:0.022128919831921223
==================================================

coord:(44.96411950334216, 15.103355439341657, 41.93931501165732)->(44.96411950334216, 16.782967888076367, 41.93931501165732)
state:air-8.0, action:Wait, timestep:36, reward:-0.5334210760337399
==================================================

coord:(44.96411950334216, 16.782967888076367, 41.93931501165732)->(45.025402087748354, 16.865777885617476, 41.87803242725113)
state:field-3.0, action:WAj, timestep:37, reward:-0.013074074844062977
==================================================

coord:(45.025402087748354, 16.865777885617476, 41.87803242725113)->(45.025402087748354, 15.020545441800547, 41.87803242725113)
state:air-8.0, action:Wait, timestep:38, reward:0.5861744775030928
==================================================

coord:(45.025402087748354, 15.020545441800547, 41.87803242725113)->(45.025402087748354, 15.020545441800547, 41.87803242725113)
state:field-3.0, action:j, timestep:39, reward:4.6627262406673253e-07
==================================================

coord:(45.025402087748354, 15.020545441800547, 41.87803242725113)->(46.02540208774837, 15.535045446251027, 41.87803242725113)
state:field-3.0, action:Wsj, timestep:40, reward:-0.7068630493475112
==================================================

coord:(46.02540208774837, 15.535045446251027, 41.87803242725113)->(46.02540208774837, 13.268873328369823, 41.87803242725113)
state:air-8.0, action:Wait, timestep:41, reward:0.6488033619414111
==================================================

coord:(46.02540208774837, 13.268873328369823, 41.87803242725113)->(45.92540208774837, 13.268873328369823, 41.87803242725113)
state:field-3.0, action:Ss, timestep:42, reward:0.05631046027611575
==================================================

coord:(45.92540208774837, 13.268873328369823, 41.87803242725113)->(45.92540208774837, 15.020545441800547, 41.87803242725113)
state:air-8.0, action:Wait, timestep:43, reward:-0.49381460990126413
==================================================

coord:(45.92540208774837, 15.020545441800547, 41.87803242725113)->(46.06682343759171, 15.14522322046842, 41.73661107740779)
state:field-3.0, action:WAsj, timestep:44, reward:-0.006815691078330133
==================================================

coord:(46.06682343759171, 15.14522322046842, 41.73661107740779)->(46.06682343759171, 13.268873328369823, 41.73661107740779)
state:air-8.0, action:Wait, timestep:45, reward:0.531437427844331
==================================================

coord:(46.06682343759171, 13.268873328369823, 41.73661107740779)->(46.06682343759171, 14.027964993590086, 43.03661102972411)
state:field-3.0, action:Dj, timestep:46, reward:-1.224362110945286
==================================================

coord:(46.06682343759171, 14.027964993590086, 43.03661102972411)->(46.06682343759171, 11.345167297443975, 43.03661102972411)
state:air-8.0, action:Wait, timestep:47, reward:0.6697031936062317
==================================================

coord:(46.06682343759171, 11.345167297443975, 43.03661102972411)->(48.824539735870395, 10.559263565285978, 40.27889473144542)
state:field-3.0, action:WA, timestep:48, reward:0.6812550789642557
==================================================

coord:(48.824539735870395, 10.559263565285978, 40.27889473144542)->(48.824539735870395, 11.645230657648455, 35.078894731445345)
state:field-3.0, action:As, timestep:49, reward:3.527208355656903
==================================================

coord:(48.824539735870395, 11.645230657648455, 35.078894731445345)->(49.008387489088975, 11.879858984617602, 34.895046978226766)
state:field-2.0, action:WAj, timestep:50, reward:-0.05532960190038949
==================================================

coord:(49.008387489088975, 11.879858984617602, 34.895046978226766)->(49.008387489088975, 11.879858984617602, 34.895046978226766)
state:air-7.0, action:j, timestep:51, reward:-1.2327597644912203e-06
==================================================

coord:(49.008387489088975, 11.879858984617602, 34.895046978226766)->(50.05019142399426, 10.77485902514876, 35.93685091313205)
state:parachute-17.0, action:WD, timestep:52, reward:-1.1627147071053656
==================================================

