coord:(42.0, 0.0, 44.0)->(42.0, 0.0, 44.0)
state:field-4, action:Wait, timestep:1, reward:-0.0
==================================================

coord:(42.0, 0.0, 44.0)->(41.913333336512245, 16.782967888076367, 44.0)
state:field-4.0, action:Sj, timestep:2, reward:-2.8102031015857136
==================================================

coord:(41.913333336512245, 16.782967888076367, 44.0)->(41.842622661590575, 18.509011634019505, 43.92928932507833)
state:field-4.0, action:SAsj, timestep:3, reward:-0.5089460921050843
==================================================

coord:(41.842622661590575, 18.509011634019505, 43.92928932507833)->(41.842622661590575, 18.205374989627487, 45.05595595041914)
state:field-4.0, action:D, timestep:4, reward:-0.804190289608826
==================================================

coord:(41.842622661590575, 18.205374989627487, 45.05595595041914)->(41.842622661590575, 15.020545441800547, 45.05595595041914)
state:air-9.0, action:Wait, timestep:5, reward:1.0302495443035582
==================================================

coord:(41.842622661590575, 15.020545441800547, 45.05595595041914)->(40.97595602671303, 15.929215305050263, 45.05595595041914)
state:field-4.0, action:Sj, timestep:6, reward:0.12459631927807635
==================================================

coord:(40.97595602671303, 15.929215305050263, 45.05595595041914)->(40.97595602671303, 15.929215305050263, 44.969289286931385)
state:field-4.0, action:A, timestep:7, reward:0.07218679880396905
==================================================

coord:(40.97595602671303, 15.929215305050263, 44.969289286931385)->(40.97595602671303, 17.79825572798018, 44.969289286931385)
state:air-9.0, action:Wait, timestep:8, reward:-0.6186492811588735
==================================================

coord:(40.97595602671303, 17.79825572798018, 44.969289286931385)->(41.03723861111922, 17.88106572552129, 45.03057187133758)
state:field-4.0, action:WDj, timestep:9, reward:-0.10679478404102838
==================================================

coord:(41.03723861111922, 17.88106572552129, 45.03057187133758)->(41.03723861111922, 15.020545441800547, 45.03057187133758)
state:air-9.0, action:Wait, timestep:10, reward:0.9243791655322937
==================================================

coord:(41.03723861111922, 15.020545441800547, 45.03057187133758)->(38.93723861111919, 16.673795318751065, 45.03057187133758)
state:field-4.0, action:Ss, timestep:11, reward:0.4020096922494858
==================================================

coord:(38.93723861111919, 16.673795318751065, 45.03057187133758)->(38.93723861111919, 17.22685325412422, 45.03057187133758)
state:air-9.0, action:Wait, timestep:12, reward:-0.18701627769493712
==================================================

coord:(38.93723861111919, 17.22685325412422, 45.03057187133758)->(38.93723861111919, 17.22685325412422, 45.03057187133758)
state:field-4.0, action:Wait, timestep:13, reward:-7.442476714913937e-07
==================================================

coord:(38.93723861111919, 17.22685325412422, 45.03057187133758)->(41.03723861111922, 16.709631031902, 45.03057187133758)
state:field-4.0, action:Ws, timestep:14, reward:-0.7433581022014977
==================================================

coord:(41.03723861111922, 16.709631031902, 45.03057187133758)->(41.03723861111922, 15.020545441800547, 45.03057187133758)
state:air-9.0, action:Wait, timestep:15, reward:0.5283678129932312
==================================================

coord:(41.03723861111922, 15.020545441800547, 45.03057187133758)->(38.95723868741311, 16.673795318751065, 45.03057187133758)
state:field-4.0, action:S, timestep:16, reward:0.39359838629023614
==================================================

coord:(38.95723868741311, 16.673795318751065, 45.03057187133758)->(38.95723868741311, 17.22685325412422, 45.03057187133758)
state:air-9.0, action:Wait, timestep:17, reward:-0.18698471409129525
==================================================

coord:(38.95723868741311, 17.22685325412422, 45.03057187133758)->(39.99904262231839, 18.63020038062031, 43.988767936432296)
state:field-4.0, action:WA, timestep:18, reward:-0.08357478593758572
==================================================

coord:(39.99904262231839, 18.63020038062031, 43.988767936432296)->(39.99904262231839, 20.0, 43.988767936432296)
state:air-9.0, action:Wait, timestep:19, reward:-0.5234280489787508
==================================================

coord:(39.99904262231839, 20.0, 43.988767936432296)->(38.93838249849333, 20.669666673342387, 45.049428060257355)
state:field-4.0, action:SDsj, timestep:20, reward:-0.6836862760687339
==================================================

coord:(38.93838249849333, 20.669666673342387, 45.049428060257355)->(38.93838249849333, 17.22685325412422, 45.049428060257355)
state:air-9.0, action:Wait, timestep:21, reward:1.2827377406719904
==================================================

coord:(38.93838249849333, 17.22685325412422, 45.049428060257355)->(39.91890384899242, 16.80820272928068, 46.029949410756444)
state:field-4.0, action:WD, timestep:22, reward:-1.1003532994457146
==================================================

coord:(39.91890384899242, 16.80820272928068, 46.029949410756444)->(39.91890384899242, 14.729323834804282, 46.029949410756444)
state:air-9.0, action:Wait, timestep:23, reward:0.6423056161627372
==================================================

coord:(39.91890384899242, 14.729323834804282, 46.029949410756444)->(39.91890384899242, 14.793023835249329, 45.92994941075644)
state:field-4.0, action:Asj, timestep:24, reward:0.06667606817301674
==================================================

coord:(39.91890384899242, 14.793023835249329, 45.92994941075644)->(39.91890384899242, 16.673795318751065, 45.92994941075644)
state:air-9.0, action:Wait, timestep:25, reward:-0.580902568989238
==================================================

coord:(39.91890384899242, 16.673795318751065, 45.92994941075644)->(38.92895440008903, 17.22685325412422, 44.939999961853054)
state:field-4.0, action:SAs, timestep:26, reward:1.0682055277392877
==================================================

coord:(38.92895440008903, 17.22685325412422, 44.939999961853054)->(38.92895440008903, 19.24815088085866, 44.939999961853054)
state:air-9.0, action:Wait, timestep:27, reward:-0.730105985387496
==================================================

coord:(38.92895440008903, 19.24815088085866, 44.939999961853054)->(41.02895440008906, 20.014184223538003, 44.939999961853054)
state:field-4.0, action:Wsj, timestep:28, reward:-1.1931606407891096
==================================================

coord:(41.02895440008906, 20.014184223538003, 44.939999961853054)->(41.02895440008906, 16.782967888076367, 44.939999961853054)
state:air-9.0, action:Wait, timestep:29, reward:1.1549572676613806
==================================================

coord:(41.02895440008906, 16.782967888076367, 44.939999961853054)->(42.92871451668105, 17.22685325412422, 43.04023984526107)
state:field-4.0, action:WAj, timestep:30, reward:0.4918113485011517
==================================================

coord:(42.92871451668105, 17.22685325412422, 43.04023984526107)->(43.909235867180136, 16.80820272928068, 44.02076119576016)
state:field-4.0, action:WD, timestep:31, reward:-1.1343423376238775
==================================================

coord:(43.909235867180136, 16.80820272928068, 44.02076119576016)->(43.909235867180136, 14.34979245982817, 44.02076119576016)
state:air-9.0, action:Wait, timestep:32, reward:0.7480005767208127
==================================================

coord:(43.909235867180136, 14.34979245982817, 44.02076119576016)->(42.90923586718012, 15.620376208807022, 44.02076119576016)
state:field-4.0, action:Ssj, timestep:33, reward:0.12805468060355452
==================================================

coord:(42.90923586718012, 15.620376208807022, 44.02076119576016)->(41.989997101087226, 16.782967888076367, 44.939999961853054)
state:field-4.0, action:SDj, timestep:34, reward:-0.677397586356058
==================================================

coord:(41.989997101087226, 16.782967888076367, 44.939999961853054)->(40.94999713923417, 17.79825572798018, 44.939999961853054)
state:field-4.0, action:Sj, timestep:35, reward:0.13578831751816978
==================================================

coord:(40.94999713923417, 17.79825572798018, 44.939999961853054)->(40.94999713923417, 17.79825572798018, 43.98666666348775)
state:field-3.0, action:A, timestep:36, reward:0.7812473999901783
==================================================

coord:(40.94999713923417, 17.79825572798018, 43.98666666348775)->(40.94999713923417, 19.628716716337465, 43.98666666348775)
state:air-8.0, action:Wait, timestep:37, reward:-0.6749103384161685
==================================================

coord:(40.94999713923417, 19.628716716337465, 43.98666666348775)->(40.94999713923417, 20.0, 37.98666666348767)
state:field-3.0, action:As, timestep:38, reward:4.537822353599388
==================================================

coord:(40.94999713923417, 20.0, 37.98666666348767)->(37.27304207486259, 20.0, 34.309711599116085)
state:field-3.0, action:SA, timestep:39, reward:4.526107774405055
==================================================

coord:(37.27304207486259, 20.0, 34.309711599116085)->(34.94430386742725, 20.0, 36.63844980655142)
state:field-3.0, action:SDj, timestep:40, reward:-0.7924853440698456
==================================================

coord:(34.94430386742725, 20.0, 36.63844980655142)->(34.94430386742725, 20.0, 36.63844980655142)
state:field-3.0, action:j, timestep:41, reward:-1.060622579984738e-06
==================================================

coord:(34.94430386742725, 20.0, 36.63844980655142)->(34.94430386742725, 20.0, 30.638449806551336)
state:field-3.0, action:As, timestep:42, reward:4.558128545802354
==================================================

coord:(34.94430386742725, 20.0, 30.638449806551336)->(31.650970654892593, 20.0, 30.638449806551336)
state:field-2.0, action:Sj, timestep:43, reward:1.3478834242896767
==================================================

coord:(31.650970654892593, 20.0, 30.638449806551336)->(27.97401555896572, 19.702733356475832, 34.31540490247821)
state:field-2.0, action:SDsj, timestep:44, reward:-1.5756591676279612
==================================================

coord:(27.97401555896572, 19.702733356475832, 34.31540490247821)->(27.97401555896572, 17.22685325412422, 34.31540490247821)
state:air-7.0, action:Wait, timestep:45, reward:1.2083553955108783
==================================================

coord:(27.97401555896572, 17.22685325412422, 34.31540490247821)->(27.97401555896572, 17.22685325412422, 34.31540490247821)
state:field-2.0, action:Wait, timestep:46, reward:4.455597064634276e-07
==================================================

coord:(27.97401555896572, 17.22685325412422, 34.31540490247821)->(28.044726233887392, 17.22685325412422, 34.38611557739988)
state:field-2.0, action:WDs, timestep:47, reward:-0.07880846506898109
==================================================

coord:(28.044726233887392, 17.22685325412422, 34.38611557739988)->(28.044726233887392, 19.24815088085866, 34.38611557739988)
state:air-7.0, action:Wait, timestep:48, reward:-0.9752776657124329
==================================================

coord:(28.044726233887392, 19.24815088085866, 34.38611557739988)->(28.044726233887392, 18.73092865863644, 31.986115577399843)
state:field-2.0, action:As, timestep:49, reward:2.2215492815930773
==================================================

coord:(28.044726233887392, 18.73092865863644, 31.986115577399843)->(28.044726233887392, 16.782967888076367, 31.986115577399843)
state:air-7.0, action:Wait, timestep:50, reward:0.9723772058737552
==================================================

coord:(28.044726233887392, 16.782967888076367, 31.986115577399843)->(30.04472623388742, 18.509011634019505, 31.986115577399843)
state:field-2.0, action:Ws, timestep:51, reward:-1.4695761477614866
==================================================

coord:(30.04472623388742, 18.509011634019505, 31.986115577399843)->(30.04472623388742, 20.0, 31.986115577399843)
state:air-7.0, action:Wait, timestep:52, reward:-0.7772028624529455
==================================================

coord:(30.04472623388742, 20.0, 31.986115577399843)->(30.04472623388742, 20.740689473276138, 29.992782317181568)
state:field-2.0, action:Aj, timestep:53, reward:1.1130662487497958
==================================================

coord:(30.04472623388742, 20.740689473276138, 29.992782317181568)->(30.04472623388742, 17.22685325412422, 29.992782317181568)
state:air-7.0, action:Wait, timestep:54, reward:1.891676695017793
==================================================

coord:(30.04472623388742, 17.22685325412422, 29.992782317181568)->(30.04472623388742, 18.752182617040727, 30.09278231718157)
state:field-2.0, action:Dsj, timestep:55, reward:-0.8676340201698949
==================================================

coord:(30.04472623388742, 18.752182617040727, 30.09278231718157)->(28.98406611006236, 19.421849290383115, 31.15344244100663)
state:field-2.0, action:SDsj, timestep:56, reward:-0.8408099941946219
==================================================

coord:(28.98406611006236, 19.421849290383115, 31.15344244100663)->(28.98406611006236, 16.782967888076367, 31.15344244100663)
state:air-6.0, action:Wait, timestep:57, reward:1.351067045756956
==================================================

coord:(28.98406611006236, 16.782967888076367, 31.15344244100663)->(28.98406611006236, 17.523657328808373, 29.940109152178113)
state:field-1.0, action:Aj, timestep:58, reward:0.6070002649922799
==================================================

coord:(28.98406611006236, 17.523657328808373, 29.940109152178113)->(28.98406611006236, 14.34979245982817, 29.940109152178113)
state:air-6.0, action:Wait, timestep:59, reward:1.5177389859269539
==================================================

coord:(28.98406611006236, 14.34979245982817, 29.940109152178113)->(30.893254332947468, 15.620376208807022, 28.030920929293007)
state:field-1.0, action:WAs, timestep:60, reward:0.24399120202100022
==================================================

coord:(30.893254332947468, 15.620376208807022, 28.030920929293007)->(31.01581950175986, 16.782967888076367, 28.1534860981054)
state:field-1.0, action:WDj, timestep:61, reward:-0.7198017973955686
==================================================

coord:(31.01581950175986, 16.782967888076367, 28.1534860981054)->(32.01581950175987, 17.79825572798018, 28.1534860981054)
state:field-1.0, action:Wsj, timestep:62, reward:-0.9294058135268557
==================================================

coord:(32.01581950175987, 17.79825572798018, 28.1534860981054)->(33.05581946361293, 18.63020038062031, 28.1534860981054)
state:field-1.0, action:Wj, timestep:63, reward:-0.8818835060309596
==================================================

coord:(33.05581946361293, 18.63020038062031, 28.1534860981054)->(33.904347562672974, 20.0, 29.002014197165447)
state:field-1.0, action:WDsj, timestep:64, reward:-1.721095586730577
==================================================

coord:(33.904347562672974, 20.0, 29.002014197165447)->(33.904347562672974, 20.550977782673307, 27.902014197165432)
state:field-1.0, action:Asj, timestep:65, reward:0.46623486273226433
==================================================

coord:(33.904347562672974, 20.550977782673307, 27.902014197165432)->(33.904347562672974, 16.673795318751065, 27.902014197165432)
state:air-6.0, action:Wait, timestep:66, reward:2.0580180944174487
==================================================

coord:(33.904347562672974, 16.673795318751065, 27.902014197165432)->(34.045768912516316, 17.22685325412422, 27.76059284732209)
state:field-1.0, action:WAsj, timestep:67, reward:-0.2375640791304363
==================================================

coord:(34.045768912516316, 17.22685325412422, 27.76059284732209)->(34.842442509796825, 17.944539915149903, 26.963919250041535)
state:field-1.0, action:WAj, timestep:68, reward:-0.1828593135087644
==================================================

coord:(34.842442509796825, 17.944539915149903, 26.963919250041535)->(34.842442509796825, 15.217885033606958, 26.963919250041535)
state:air-6.0, action:Wait, timestep:69, reward:1.337641677704191
==================================================

coord:(34.842442509796825, 15.217885033606958, 26.963919250041535)->(34.842442509796825, 15.217885033606958, 25.92391928818852)
state:field-1.0, action:A, timestep:70, reward:0.7479438301566788
==================================================

coord:(34.842442509796825, 15.217885033606958, 25.92391928818852)->(34.842442509796825, 13.268873328369823, 25.92391928818852)
state:air-6.0, action:Wait, timestep:71, reward:0.8684896480814466
==================================================

coord:(34.842442509796825, 13.268873328369823, 25.92391928818852)->(34.842442509796825, 13.351683325910933, 26.010585951676273)
state:field-1.0, action:Dj, timestep:72, reward:-0.09827485733605101
==================================================

coord:(34.842442509796825, 13.351683325910933, 26.010585951676273)->(34.842442509796825, 15.217885033606958, 26.010585951676273)
state:air-6.0, action:Wait, timestep:73, reward:-0.8319270377622345
==================================================

coord:(34.842442509796825, 15.217885033606958, 26.010585951676273)->(34.842442509796825, 15.732385038057439, 27.010585951676287)
state:field-1.0, action:Dsj, timestep:74, reward:-0.9593178280963244
==================================================

coord:(34.842442509796825, 15.732385038057439, 27.010585951676287)->(34.842442509796825, 17.22685325412422, 27.010585951676287)
state:air-6.0, action:Wait, timestep:75, reward:-0.72931901809865
==================================================

coord:(34.842442509796825, 17.22685325412422, 27.010585951676287)->(34.842442509796825, 17.22685325412422, 27.010585951676287)
state:field-1.0, action:j, timestep:76, reward:1.508024396912333e-06
==================================================

coord:(34.842442509796825, 17.22685325412422, 27.010585951676287)->(34.78115992539063, 17.22685325412422, 26.94930336727009)
state:field-1.0, action:SA, timestep:77, reward:0.07366054799460642
==================================================

coord:(34.78115992539063, 17.22685325412422, 26.94930336727009)->(34.78115992539063, 15.217885033606958, 26.94930336727009)
state:air-6.0, action:Wait, timestep:78, reward:0.9706331839880136
==================================================

coord:(34.78115992539063, 15.217885033606958, 26.94930336727009)->(31.921160030294732, 15.521521797327466, 26.94930336727009)
state:field-1.0, action:Sj, timestep:79, reward:1.214647374411065
==================================================

coord:(31.921160030294732, 15.521521797327466, 26.94930336727009)->(31.921160030294732, 13.268873328369823, 26.94930336727009)
state:air-6.0, action:Wait, timestep:80, reward:1.0337762480185546
==================================================

coord:(31.921160030294732, 13.268873328369823, 26.94930336727009)->(31.98244261470093, 13.351683325910933, 27.010585951676287)
state:field-1.0, action:WDj, timestep:81, reward:-0.11127528754217764
==================================================

coord:(31.98244261470093, 13.351683325910933, 27.010585951676287)->(31.98244261470093, 15.020545441800547, 27.010585951676287)
state:air-6.0, action:Wait, timestep:82, reward:-0.7553600476021458
==================================================

coord:(31.98244261470093, 15.020545441800547, 27.010585951676287)->(29.93183304197248, 15.825596363884099, 29.061195524404734)
state:field-1.0, action:SDsj, timestep:83, reward:-1.155524876783133
==================================================

coord:(29.93183304197248, 15.825596363884099, 29.061195524404734)->(29.93183304197248, 15.7030963638841, 27.96119552440472)
state:field-0.0, action:As, timestep:84, reward:0.9300498495765943
==================================================

coord:(29.93183304197248, 15.7030963638841, 27.96119552440472)->(29.93183304197248, 12.842883997674194, 27.96119552440472)
state:air-5.0, action:Wait, timestep:85, reward:1.3046167504659287
==================================================

coord:(29.93183304197248, 12.842883997674194, 27.96119552440472)->(29.93183304197248, 13.58357347095033, 25.967862264186444)
state:field-0.0, action:Aj, timestep:86, reward:1.2751444158541005
==================================================

coord:(29.93183304197248, 13.58357347095033, 25.967862264186444)->(29.93183304197248, 9.892149101304343, 25.967862264186444)
state:air-5.0, action:Wait, timestep:87, reward:1.5136045326244911
==================================================

coord:(29.93183304197248, 9.892149101304343, 25.967862264186444)->(28.941883593069093, 9.892149101304343, 24.977912815283055)
state:field-0.0, action:SAs, timestep:88, reward:1.240519820970988
==================================================

coord:(28.941883593069093, 9.892149101304343, 24.977912815283055)->(28.941883593069093, 7.719467496535955, 24.977912815283055)
state:air-5.0, action:Wait, timestep:89, reward:0.7272309749651562
==================================================

coord:(28.941883593069093, 7.719467496535955, 24.977912815283055)->(28.941883593069093, 7.466436959542611, 22.98457955506478)
state:field-0.0, action:A, timestep:90, reward:1.7607681391268954
==================================================

coord:(28.941883593069093, 7.466436959542611, 22.98457955506478)->(28.941883593069093, 5.4979889792571965, 22.98457955506478)
state:air-5.0, action:Wait, timestep:91, reward:0.5322625376058703
==================================================

coord:(28.941883593069093, 5.4979889792571965, 22.98457955506478)->(28.941883593069093, 5.4979889792571965, 22.98457955506478)
state:field-0.0, action:j, timestep:92, reward:-2.645181531590879e-07
==================================================

coord:(28.941883593069093, 5.4979889792571965, 22.98457955506478)->(28.941883593069093, 6.557373203102033, 23.07124621855253)
state:field-0.0, action:Dj, timestep:93, reward:-0.3407848758611962
==================================================

coord:(28.941883593069093, 6.557373203102033, 23.07124621855253)->(25.264928528697297, 7.880174559828801, 26.748201282924327)
state:field-0.0, action:SD, timestep:94, reward:-2.270828841561805
==================================================

coord:(25.264928528697297, 7.880174559828801, 26.748201282924327)->(25.264928528697297, 6.580174607512535, 26.748201282924327)
state:wall-10.0, action:S, timestep:95, reward:0.35968156889898495
==================================================

coord:(25.264928528697297, 6.580174607512535, 26.748201282924327)->(23.96492852869728, 6.969054966084926, 26.748201282924327)
state:field-0.0, action:Ss, timestep:96, reward:0.2345988973262898
==================================================

coord:(23.96492852869728, 6.969054966084926, 26.748201282924327)->(23.96492852869728, 5.184360417004906, 26.748201282924327)
state:air-5.0, action:Wait, timestep:97, reward:0.42444553445573874
==================================================

coord:(23.96492852869728, 5.184360417004906, 26.748201282924327)->(24.03563920361895, 6.103130093383256, 26.818911957845998)
state:field-0.0, action:WDsj, timestep:98, reward:-0.28700910574727345
==================================================

coord:(24.03563920361895, 6.103130093383256, 26.818911957845998)->(22.97497907979389, 6.772796766725644, 27.879572081671057)
state:field-0.0, action:SDsj, timestep:99, reward:-0.9408692626817334
==================================================

coord:(22.97497907979389, 6.772796766725644, 27.879572081671057)->(22.97497907979389, 3.0338362951707407, 27.879572081671057)
state:air-5.0, action:Wait, timestep:100, reward:0.6968588394618322
==================================================

coord:(22.97497907979389, 3.0338362951707407, 27.879572081671057)->(22.97497907979389, 1.4975619419550217, 30.39290532281584)
state:field-0.0, action:D, timestep:101, reward:-2.3334501090494015
==================================================

coord:(22.97497907979389, 1.4975619419550217, 30.39290532281584)->(23.04568975471556, 1.4975619419550217, 30.322194647894168)
state:field-0.0, action:WAs, timestep:102, reward:0.05674180271545026
==================================================

coord:(23.04568975471556, 1.4975619419550217, 30.322194647894168)->(23.04568975471556, 7.872093357350055, 30.322194647894168)
state:air-5.0, action:Wait, timestep:103, reward:-1.0363591443687739
==================================================

coord:(23.04568975471556, 7.872093357350055, 30.322194647894168)->(22.97497907979389, 7.935793357795103, 30.251483972972498)
state:field-0.0, action:SAsj, timestep:104, reward:0.061931728114089424
==================================================

coord:(22.97497907979389, 7.935793357795103, 30.251483972972498)->(22.97497907979389, 1.4975619419550217, 30.251483972972498)
state:air-5.0, action:Wait, timestep:105, reward:1.0566387953458438
==================================================

coord:(22.97497907979389, 1.4975619419550217, 30.251483972972498)->(20.075841408005395, 0.32640620947132826, 33.150621644760996)
state:field-0.0, action:SDs, timestep:106, reward:-2.484778162518804
==================================================

coord:(20.075841408005395, 0.32640620947132826, 33.150621644760996)->(20.075841408005395, 0.32640620947132826, 33.150621644760996)
state:field-0.0, action:Wait, timestep:107, reward:-7.119572806857377e-07
==================================================

coord:(20.075841408005395, 0.32640620947132826, 33.150621644760996)->(23.017405459502832, 1.4975619419550217, 30.209057593263623)
state:field-0.0, action:WA, timestep:108, reward:2.518806014687943
==================================================

coord:(23.017405459502832, 1.4975619419550217, 30.209057593263623)->(23.017405459502832, 7.872093357350055, 30.209057593263623)
state:air-5.0, action:Wait, timestep:109, reward:-1.040550844205974
==================================================

coord:(23.017405459502832, 7.872093357350055, 30.209057593263623)->(25.010738719721108, 9.267181677720165, 30.209057593263623)
state:field-0.0, action:W, timestep:110, reward:-0.8175754644039834
==================================================

coord:(25.010738719721108, 9.267181677720165, 30.209057593263623)->(25.010738719721108, 10.76803660460999, 30.209057593263623)
state:air-5.0, action:Wait, timestep:111, reward:-0.5004112263141884
==================================================

coord:(25.010738719721108, 10.76803660460999, 30.209057593263623)->(23.970738757868094, 10.51500606761664, 30.209057593263623)
state:field-0.0, action:S, timestep:112, reward:0.3151087392399887
==================================================

coord:(23.970738757868094, 10.51500606761664, 30.209057593263623)->(23.970738757868094, 7.872093357350055, 30.209057593263623)
state:air-5.0, action:Wait, timestep:113, reward:0.8212380526331522
==================================================

coord:(23.970738757868094, 7.872093357350055, 30.209057593263623)->(22.99021740736895, 7.568456712958042, 29.228536242764477)
state:field-0.0, action:SA, timestep:114, reward:1.1964298113407317
==================================================

coord:(22.99021740736895, 7.568456712958042, 29.228536242764477)->(22.99021740736895, 1.9424300877930798, 29.228536242764477)
state:air-5.0, action:Wait, timestep:115, reward:0.9658938692328753
==================================================

coord:(22.99021740736895, 1.9424300877930798, 29.228536242764477)->(22.99021740736895, 1.9424300877930798, 29.228536242764477)
state:field-0.0, action:Wait, timestep:116, reward:-8.298638043413575e-07
==================================================

coord:(22.99021740736895, 1.9424300877930798, 29.228536242764477)->(22.99021740736895, 3.6532406959880954, 25.935203030229935)
state:field-0.0, action:A, timestep:117, reward:3.0214788526409357
==================================================

coord:(22.99021740736895, 3.6532406959880954, 25.935203030229935)->(22.99021740736895, 4.291471953364964, 25.935203030229935)
state:air-5.0, action:Wait, timestep:118, reward:-0.10446633545250705
==================================================

coord:(22.99021740736895, 4.291471953364964, 25.935203030229935)->(24.03202134227429, 5.184360417004906, 26.977006965135278)
state:field-0.0, action:WD, timestep:119, reward:-1.398948358964514
==================================================

coord:(24.03202134227429, 5.184360417004906, 26.977006965135278)->(24.03202134227429, 6.103130093383256, 26.977006965135278)
state:air-5.0, action:Wait, timestep:120, reward:-0.20176080526590923
==================================================

coord:(24.03202134227429, 6.103130093383256, 26.977006965135278)->(24.03202134227429, 6.103130093383256, 26.977006965135278)
state:field-0.0, action:Wait, timestep:121, reward:4.4046162983590875e-07
==================================================

coord:(24.03202134227429, 6.103130093383256, 26.977006965135278)->(22.992021380421278, 5.850099556389912, 26.977006965135278)
state:field-0.0, action:S, timestep:122, reward:0.2855223507808269
==================================================

coord:(22.992021380421278, 5.850099556389912, 26.977006965135278)->(22.992021380421278, 3.6532406959880954, 26.977006965135278)
state:air-5.0, action:Wait, timestep:123, reward:0.4114473938976104
==================================================

coord:(22.992021380421278, 3.6532406959880954, 26.977006965135278)->(19.95868815834999, 2.4893002258187082, 26.977006965135278)
state:field-0.0, action:S, timestep:124, reward:0.5733444536687351
==================================================

coord:(19.95868815834999, 2.4893002258187082, 26.977006965135278)->(19.95868815834999, 1.4429376512774177, 26.977006965135278)
state:air-5.0, action:Wait, timestep:125, reward:0.0818706090749508
==================================================

coord:(19.95868815834999, 1.4429376512774177, 26.977006965135278)->(19.95868815834999, 0.9707717392434059, 28.363673580939295)
state:field-0.0, action:D, timestep:126, reward:-1.3592748940587498
==================================================

coord:(19.95868815834999, 0.9707717392434059, 28.363673580939295)->(18.365340963788878, 0.5356997742062224, 29.957020775500407)
state:field-0.0, action:SD, timestep:127, reward:-1.508521934531732
==================================================

coord:(18.365340963788878, 0.5356997742062224, 29.957020775500407)->(17.997645457351698, 1.5047578272521835, 30.324716281937587)
state:field-0.0, action:SD, timestep:128, reward:-0.39857317773555323
==================================================

coord:(17.997645457351698, 1.5047578272521835, 30.324716281937587)->(17.997645457351698, 0.7543038227243063, 28.33138302171931)
state:field-0.0, action:A, timestep:129, reward:2.0215407325575256
==================================================

coord:(17.997645457351698, 0.7543038227243063, 28.33138302171931)->(12.797645648086567, 1.4206047174897594, 28.33138302171931)
state:field-0.0, action:S, timestep:130, reward:-0.5545055021847602
==================================================

coord:(12.797645648086567, 1.4206047174897594, 28.33138302171931)->(12.797645648086567, 2.8339589482040806, 31.018049589839595)
state:field-0.0, action:D, timestep:131, reward:-2.7350090192794774
==================================================

coord:(12.797645648086567, 2.8339589482040806, 31.018049589839595)->(12.797645648086567, 3.866853253564085, 31.018049589839595)
state:air-5.0, action:Wait, timestep:132, reward:-0.11783320171487333
==================================================

coord:(12.797645648086567, 3.866853253564085, 31.018049589839595)->(12.797645648086567, 3.6138227165707413, 29.978049627986582)
state:field-0.0, action:A, timestep:133, reward:1.0460605149094704
==================================================

coord:(12.797645648086567, 3.6138227165707413, 29.978049627986582)->(12.797645648086567, 2.0297010454992286, 29.978049627986582)
state:air-5.0, action:Wait, timestep:134, reward:0.157372593886123
==================================================

coord:(12.797645648086567, 2.0297010454992286, 29.978049627986582)->(13.837645609939601, 1.8725842810266387, 29.978049627986582)
state:field-0.0, action:W, timestep:135, reward:0.1881217129375763
==================================================

coord:(13.837645609939601, 1.8725842810266387, 29.978049627986582)->(14.756884376032524, 2.3572997362478776, 30.89728839407953)
state:field-0.0, action:WD, timestep:136, reward:-0.8213243881614822
==================================================

coord:(14.756884376032524, 2.3572997362478776, 30.89728839407953)->(16.49021764578757, 1.7883259833918579, 30.89728839407953)
state:field-0.0, action:W, timestep:137, reward:0.1870971847842675
==================================================

coord:(16.49021764578757, 1.7883259833918579, 30.89728839407953)->(14.713022698007908, 1.6883144133931263, 29.12009344629983)
state:field-0.0, action:SA, timestep:138, reward:1.6151120070554619
==================================================

coord:(14.713022698007908, 1.6883144133931263, 29.12009344629983)->(14.713022698007908, 0.8082362759396398, 27.126760186081555)
state:field-0.0, action:A, timestep:139, reward:2.014732297203583
==================================================

coord:(14.713022698007908, 0.8082362759396398, 27.126760186081555)->(14.713022698007908, 0.352885631964017, 25.653426906789786)
state:field-0.0, action:A, timestep:140, reward:1.4682878230552348
==================================================

coord:(14.713022698007908, 0.352885631964017, 25.653426906789786)->(14.713022698007908, 0.22526088161698715, 24.26676029098577)
state:field-0.0, action:A, timestep:141, reward:1.3725228770776106
==================================================

coord:(14.713022698007908, 0.22526088161698715, 24.26676029098577)->(9.513022888742736, 0.3003672456875418, 24.26676029098577)
state:field-0.0, action:S, timestep:142, reward:-1.3789815256409987
==================================================

coord:(9.513022888742736, 0.3003672456875418, 24.26676029098577)->(8.819689580840713, 0.29692987841933827, 24.26676029098577)
state:field-0.0, action:S, timestep:143, reward:-0.26589079504146085
==================================================

coord:(8.819689580840713, 0.29692987841933827, 24.26676029098577)->(7.693022955499929, 0.286852002051616, 24.26676029098577)
state:field-0.0, action:S, timestep:144, reward:-0.46906304788332065
==================================================

coord:(7.693022955499929, 0.286852002051616, 24.26676029098577)->(6.653022993646905, 0.2708098937621368, 24.26676029098577)
state:field-0.0, action:S, timestep:145, reward:-0.47159867756995766
==================================================

coord:(6.653022993646905, 0.2708098937621368, 24.26676029098577)->(7.694826928552232, 0.0, 23.224956356080426)
state:field-0.0, action:WA, timestep:146, reward:1.4061667354043301
==================================================

coord:(7.694826928552232, 0.0, 23.224956356080426)->(7.694826928552232, 0.0, 18.02495654681536)
state:field-0.0, action:A, timestep:147, reward:4.479603949155205
==================================================

coord:(7.694826928552232, 0.0, 18.02495654681536)->(4.017871864180489, 0.0, 14.348001482443612)
state:field-0.0, action:SA, timestep:148, reward:0.2116860855565541
==================================================

coord:(4.017871864180489, 0.0, 14.348001482443612)->(7.694826928552232, 0.0, 18.02495654681536)
state:field-0.0, action:WD, timestep:149, reward:-0.21168595257819334
==================================================

coord:(7.694826928552232, 0.0, 18.02495654681536)->(12.894826737817402, 0.0, 18.02495654681536)
state:field-0.0, action:W, timestep:150, reward:2.350768713849069
==================================================

coord:(12.894826737817402, 0.0, 18.02495654681536)->(9.217871673445712, 0.0, 14.348001482443612)
state:field-0.0, action:SA, timestep:151, reward:1.5192508763334764
==================================================

coord:(9.217871673445712, 0.0, 14.348001482443612)->(14.417871482710884, 0.25165050726609794, 14.348001482443612)
state:field-0.0, action:W, timestep:152, reward:2.448305544602521
==================================================

coord:(14.417871482710884, 0.25165050726609794, 14.348001482443612)->(19.617871291975984, 1.9424300877930798, 14.348001482443612)
state:field-0.0, action:W, timestep:153, reward:0.2877693760430109
==================================================

coord:(19.617871291975984, 1.9424300877930798, 14.348001482443612)->(17.779393759790086, 0.6862826015985855, 12.509523950257767)
state:field-0.0, action:SA, timestep:154, reward:2.0819145283152007
==================================================

coord:(17.779393759790086, 0.6862826015985855, 12.509523950257767)->(18.94376286350782, 0.8366969954363354, 11.345154846540066)
state:field-0.0, action:WA, timestep:155, reward:1.0989496370506409
==================================================

coord:(18.94376286350782, 0.8366969954363354, 11.345154846540066)->(18.94376286350782, 0.6778348795001161, 10.218488221199278)
state:field-0.0, action:A, timestep:156, reward:1.1279627287173497
==================================================

coord:(18.94376286350782, 0.6778348795001161, 10.218488221199278)->(17.227850500134316, 0.5699238672558504, 11.934400584572733)
state:field-0.0, action:SD, timestep:157, reward:-1.6765835543683867
==================================================

coord:(17.227850500134316, 0.5699238672558504, 11.934400584572733)->(16.308611734041367, 0.4560300608343208, 12.853639350665656)
state:field-0.0, action:SD, timestep:158, reward:-1.0237001561312589
==================================================

coord:(16.308611734041367, 0.4560300608343208, 12.853639350665656)->(16.308611734041367, 0.4560300608343208, 12.853639350665656)
state:field-0.0, action:Wait, timestep:159, reward:-3.956942471461389e-07
==================================================

coord:(16.308611734041367, 0.4560300608343208, 12.853639350665656)->(15.181945108700585, 0.2956145471522044, 12.853639350665656)
state:field-0.0, action:S, timestep:160, reward:-0.2460991227604925
==================================================

coord:(15.181945108700585, 0.2956145471522044, 12.853639350665656)->(14.569119264638637, 0.21959779300776486, 13.466465194727604)
state:field-0.0, action:SD, timestep:161, reward:-0.7643440949929605
==================================================

coord:(14.569119264638637, 0.21959779300776486, 13.466465194727604)->(17.571965900542228, 0.4617134733275187, 10.463618558824058)
state:field-0.0, action:WA, timestep:162, reward:3.5296088313123946
==================================================

coord:(17.571965900542228, 0.4617134733275187, 10.463618558824058)->(17.571965900542228, 0.36489683681065294, 9.250285269995517)
state:field-0.0, action:A, timestep:163, reward:1.2142353726345272
==================================================

coord:(17.571965900542228, 0.36489683681065294, 9.250285269995517)->(16.27196594822596, 0.24247143421879228, 9.250285269995517)
state:field-0.0, action:S, timestep:164, reward:-0.21535098806085617
==================================================

coord:(16.27196594822596, 0.24247143421879228, 9.250285269995517)->(21.471965757491027, 1.4609206979633587, 9.250285269995517)
state:field-0.0, action:W, timestep:165, reward:-0.7955998843241563
==================================================

coord:(21.471965757491027, 1.4609206979633587, 9.250285269995517)->(21.471965757491027, 1.4609206979633587, 9.250285269995517)
state:field-0.0, action:Wait, timestep:166, reward:5.311480855141326e-08
==================================================

coord:(21.471965757491027, 1.4609206979633587, 9.250285269995517)->(19.81733597852372, 0.4448722527607861, 7.595655491028251)
state:field-0.0, action:SA, timestep:167, reward:2.3268917938844194
==================================================

coord:(19.81733597852372, 0.4448722527607861, 7.595655491028251)->(18.407836537181197, 0.5356997742062224, 9.005154932370738)
state:field-0.0, action:SD, timestep:168, reward:-1.0808283162319086
==================================================

coord:(18.407836537181197, 0.5356997742062224, 9.005154932370738)->(17.10783658486493, 0.36489683681065294, 9.005154932370738)
state:field-0.0, action:S, timestep:169, reward:-0.041464025722095066
==================================================

coord:(17.10783658486493, 0.36489683681065294, 9.005154932370738)->(17.10783658486493, 0.28132575734978926, 8.311821624468715)
state:field-0.0, action:A, timestep:170, reward:0.6877848217733655
==================================================

coord:(17.10783658486493, 0.28132575734978926, 8.311821624468715)->(17.904510182145486, 0.21158785809865718, 7.515148027188175)
state:field-0.0, action:WA, timestep:171, reward:0.8719304440832456
==================================================

coord:(17.904510182145486, 0.21158785809865718, 7.515148027188175)->(18.885031532644632, 0.2279109544716696, 6.534626676689044)
state:field-0.0, action:WA, timestep:172, reward:0.8713020618426142
==================================================

coord:(18.885031532644632, 0.2279109544716696, 6.534626676689044)->(18.885031532644632, 0.16312861176298013, 5.407960051348268)
state:field-0.0, action:A, timestep:173, reward:1.0799635488166945
==================================================

coord:(18.885031532644632, 0.16312861176298013, 5.407960051348268)->(17.411698253352863, 0.11111655686961296, 5.407960051348268)
state:field-0.0, action:S, timestep:174, reward:0.087868654536154
==================================================

coord:(17.411698253352863, 0.11111655686961296, 5.407960051348268)->(16.798872409290897, 0.10315833357743036, 6.020785895410225)
state:field-0.0, action:SD, timestep:175, reward:-0.7719134849746982
==================================================

coord:(16.798872409290897, 0.10315833357743036, 6.020785895410225)->(16.431176902853718, 0.07383618653731909, 5.653090388973051)
state:field-0.0, action:SA, timestep:176, reward:0.168699732381012
==================================================

coord:(16.431176902853718, 0.07383618653731909, 5.653090388973051)->(15.634503305573173, 0.06687081989655776, 6.449763986253595)
state:field-0.0, action:SD, timestep:177, reward:-1.1006644653753348
==================================================

coord:(15.634503305573173, 0.06687081989655776, 6.449763986253595)->(14.83782970829264, 0.03026744529009845, 5.653090388973051)
state:field-0.0, action:SA, timestep:178, reward:0.05488115418182549
==================================================

coord:(14.83782970829264, 0.03026744529009845, 5.653090388973051)->(14.83782970829264, 0.03026744529009845, 5.653090388973051)
state:field-0.0, action:Wait, timestep:179, reward:5.829559501790982e-08
==================================================

coord:(14.83782970829264, 0.03026744529009845, 5.653090388973051)->(18.514784772664402, 0.5356997742062224, 9.330045453344775)
state:field-0.0, action:WD, timestep:180, reward:-2.239436392342009
==================================================

coord:(18.514784772664402, 0.5356997742062224, 9.330045453344775)->(17.411698253352863, 0.28132575734978926, 8.226958934033268)
state:field-0.0, action:SA, timestep:181, reward:1.1035383257475004
==================================================

coord:(17.411698253352863, 0.28132575734978926, 8.226958934033268)->(22.61169806261793, 1.4975619419550217, 8.226958934033268)
state:field-0.0, action:W, timestep:182, reward:-1.8498264414541605
==================================================

coord:(22.61169806261793, 1.4975619419550217, 8.226958934033268)->(23.1632413222737, 1.4609206979633587, 7.6754156743775095)
state:field-0.0, action:WA, timestep:183, reward:0.012170081744124595
==================================================

coord:(23.1632413222737, 1.4609206979633587, 7.6754156743775095)->(25.001718854459597, 3.187927586082057, 9.51389320656336)
state:field-0.0, action:WD, timestep:184, reward:-2.9547342114909405
==================================================

coord:(25.001718854459597, 3.187927586082057, 9.51389320656336)->(25.001718854459597, 3.935072557656734, 9.51389320656336)
state:air-5.0, action:Wait, timestep:185, reward:-0.2555934458278717
==================================================

coord:(25.001718854459597, 3.935072557656734, 9.51389320656336)->(25.001718854459597, 4.979149817443558, 11.073893149342911)
state:field-0.0, action:D, timestep:186, reward:-1.4455395563291198
==================================================

coord:(25.001718854459597, 4.979149817443558, 11.073893149342911)->(25.001718854459597, 6.146098139940421, 11.073893149342911)
state:air-5.0, action:Wait, timestep:187, reward:-0.5323492446203275
==================================================

coord:(25.001718854459597, 6.146098139940421, 11.073893149342911)->(26.04352278936494, 7.40091872528127, 12.115697084248223)
state:field-0.0, action:WD, timestep:188, reward:-1.9026625407711215
==================================================

coord:(26.04352278936494, 7.40091872528127, 12.115697084248223)->(26.04352278936494, 8.911930257389267, 12.115697084248223)
state:air-5.0, action:Wait, timestep:189, reward:-0.8355270631167819
==================================================

coord:(26.04352278936494, 8.911930257389267, 12.115697084248223)->(25.12428402327199, 8.69387970345265, 13.034935850341146)
state:field-0.0, action:SD, timestep:190, reward:0.004790621274731066
==================================================

coord:(25.12428402327199, 8.69387970345265, 13.034935850341146)->(26.04352278936494, 8.911930257389267, 12.115697084248223)
state:field-0.0, action:WA, timestep:191, reward:-0.004789949164145213
==================================================

coord:(26.04352278936494, 8.911930257389267, 12.115697084248223)->(26.04352278936494, 8.658899720395919, 10.989030458907436)
state:field-0.0, action:A, timestep:192, reward:0.8096068641261631
==================================================

coord:(26.04352278936494, 8.658899720395919, 10.989030458907436)->(26.04352278936494, 5.995719931712003, 10.989030458907436)
state:air-5.0, action:Wait, timestep:193, reward:1.4298055984616909
==================================================

coord:(26.04352278936494, 5.995719931712003, 10.989030458907436)->(24.916856164024175, 5.69208328731999, 10.989030458907436)
state:field-0.0, action:S, timestep:194, reward:0.8223502574672334
==================================================

coord:(24.916856164024175, 5.69208328731999, 10.989030458907436)->(24.916856164024175, 4.033767821479751, 10.989030458907436)
state:air-5.0, action:Wait, timestep:195, reward:0.682638857631547
==================================================

coord:(24.916856164024175, 4.033767821479751, 10.989030458907436)->(24.916856164024175, 2.8698273513103643, 7.9556972368360865)
state:field-0.0, action:A, timestep:196, reward:2.328208086511374
==================================================

coord:(24.916856164024175, 2.8698273513103643, 7.9556972368360865)->(24.916856164024175, 1.8485410167113652, 7.9556972368360865)
state:air-5.0, action:Wait, timestep:197, reward:0.26409193614225224
==================================================

coord:(24.916856164024175, 1.8485410167113652, 7.9556972368360865)->(22.526835372182507, 0.5914990801290658, 5.565676444994454)
state:field-0.0, action:SA, timestep:198, reward:3.4625921951128245
==================================================

coord:(22.526835372182507, 0.5914990801290658, 5.565676444994454)->(23.813769644712636, 0.5356997742062224, 4.2787421724643435)
state:field-0.0, action:WA, timestep:199, reward:-0.7416657126625816
==================================================

coord:(23.813769644712636, 0.5356997742062224, 4.2787421724643435)->(22.342987618963917, 0.5914990801290658, 5.749524198213041)
state:field-0.0, action:SD, timestep:200, reward:0.8045367231138094
==================================================

coord:(22.342987618963917, 0.5914990801290658, 5.749524198213041)->(22.342987618963917, 0.41301027985857514, 4.102857591945753)
state:field-0.0, action:A, timestep:201, reward:0.6724370747020547
==================================================

coord:(22.342987618963917, 0.41301027985857514, 4.102857591945753)->(21.607596606089558, 0.21158785809865718, 3.3674665790714093)
state:field-0.0, action:SA, timestep:202, reward:0.8646284593956799
==================================================

coord:(21.607596606089558, 0.21158785809865718, 3.3674665790714093)->(20.749640424402806, 0.10315833357743036, 2.5095103973846755)
state:field-0.0, action:SA, timestep:203, reward:0.8355757210193739
==================================================

coord:(20.749640424402806, 0.10315833357743036, 2.5095103973846755)->(20.749640424402806, 0.6215418536877543, 7.709510206649802)
state:field-0.0, action:D, timestep:204, reward:-2.687339126877659
==================================================

coord:(20.749640424402806, 0.6215418536877543, 7.709510206649802)->(19.40142356746648, 0.7672107429791609, 9.057727063586093)
state:field-0.0, action:SD, timestep:205, reward:-0.7753457677361695
==================================================

coord:(19.40142356746648, 0.7672107429791609, 9.057727063586093)->(19.40142356746648, 0.7672107429791609, 9.057727063586093)
state:field-0.0, action:Wait, timestep:206, reward:3.457095942849264e-08
==================================================

coord:(19.40142356746648, 0.7672107429791609, 9.057727063586093)->(18.420902216967335, 0.6778348795001161, 10.03824841408521)
state:field-0.0, action:SD, timestep:207, reward:-0.8204791113047181
==================================================

coord:(18.420902216967335, 0.6778348795001161, 10.03824841408521)->(18.420902216967335, 0.5356997742062224, 9.171581779207681)
state:field-0.0, action:A, timestep:208, reward:0.8734683029053585
==================================================

coord:(18.420902216967335, 0.5356997742062224, 9.171581779207681)->(18.420902216967335, 0.41301027985857514, 8.304915144330153)
state:field-0.0, action:A, timestep:209, reward:0.8707108850275489
==================================================

coord:(18.420902216967335, 0.41301027985857514, 8.304915144330153)->(23.6209020262324, 1.9424300877930798, 8.304915144330153)
state:field-0.0, action:W, timestep:210, reward:-2.6185953773595854
==================================================

coord:(23.6209020262324, 1.9424300877930798, 8.304915144330153)->(24.35629303910676, 1.8485410167113652, 7.5695241314558075)
state:field-0.0, action:WA, timestep:211, reward:-0.07542026365785404
==================================================

coord:(24.35629303910676, 1.8485410167113652, 7.5695241314558075)->(24.35629303910676, 3.187927586082057, 10.082857372600637)
state:field-0.0, action:D, timestep:212, reward:-1.9860070978816697
==================================================

coord:(24.35629303910676, 3.187927586082057, 10.082857372600637)->(24.35629303910676, 4.033767821479751, 10.082857372600637)
state:air-5.0, action:Wait, timestep:213, reward:-0.2941729300972131
==================================================

coord:(24.35629303910676, 4.033767821479751, 10.082857372600637)->(24.35629303910676, 2.7640145812949655, 7.916190785406816)
state:field-0.0, action:A, timestep:214, reward:1.8335460524281313
==================================================

coord:(24.35629303910676, 2.7640145812949655, 7.916190785406816)->(24.35629303910676, 1.8485410167113652, 7.916190785406816)
state:air-5.0, action:Wait, timestep:215, reward:0.2443301418858166
==================================================

coord:(24.35629303910676, 1.8485410167113652, 7.916190785406816)->(22.276293115400733, 1.126331007346584, 7.916190785406816)
state:field-0.0, action:S, timestep:216, reward:1.628809427334665
==================================================

coord:(22.276293115400733, 1.126331007346584, 7.916190785406816)->(22.276293115400733, 1.126331007346584, 7.916190785406816)
state:field-0.0, action:Wait, timestep:217, reward:-2.4722219826855962e-08
==================================================

coord:(22.276293115400733, 1.126331007346584, 7.916190785406816)->(24.053488063180435, 2.5194514766035314, 9.693385733186467)
state:field-0.0, action:WD, timestep:218, reward:-2.749611708056195
==================================================

coord:(24.053488063180435, 2.5194514766035314, 9.693385733186467)->(24.053488063180435, 3.187927586082057, 9.693385733186467)
state:air-5.0, action:Wait, timestep:219, reward:-0.19642920892174232
==================================================

coord:(24.053488063180435, 3.187927586082057, 9.693385733186467)->(23.685792556743255, 3.187927586082057, 10.061081239623636)
state:field-0.0, action:SD, timestep:220, reward:-0.03873335645488574
==================================================

coord:(23.685792556743255, 3.187927586082057, 10.061081239623636)->(22.398858284213127, 3.0338362951707407, 11.348015512153728)
state:field-0.0, action:SD, timestep:221, reward:-0.3038811844910789
==================================================

coord:(22.398858284213127, 3.0338362951707407, 11.348015512153728)->(22.398858284213127, 4.291471953364964, 14.034682080274067)
state:field-0.0, action:D, timestep:222, reward:-2.7160904739129386
==================================================

coord:(22.398858284213127, 4.291471953364964, 14.034682080274067)->(22.398858284213127, 4.917859506649682, 14.034682080274067)
state:air-5.0, action:Wait, timestep:223, reward:-0.22300491859583182
==================================================

coord:(22.398858284213127, 4.917859506649682, 14.034682080274067)->(20.925525004921358, 4.6142228622576695, 14.034682080274067)
state:field-0.0, action:S, timestep:224, reward:0.5431108611626971
==================================================

coord:(20.925525004921358, 4.6142228622576695, 14.034682080274067)->(20.925525004921358, 2.713816359490867, 14.034682080274067)
state:air-5.0, action:Wait, timestep:225, reward:0.5679583439936966
==================================================

coord:(20.925525004921358, 2.713816359490867, 14.034682080274067)->(17.97885844633782, 1.5498758893214801, 14.034682080274067)
state:field-0.0, action:S, timestep:226, reward:0.5838519361878927
==================================================

coord:(17.97885844633782, 1.5498758893214801, 14.034682080274067)->(17.97885844633782, 0.9238486312238533, 14.034682080274067)
state:air-5.0, action:Wait, timestep:227, reward:0.06538314806895329
==================================================

coord:(17.97885844633782, 0.9238486312238533, 14.034682080274067)->(20.00118373174231, 2.171486246874829, 16.057007365678498)
state:field-0.0, action:WD, timestep:228, reward:-2.307295413767104
==================================================

coord:(20.00118373174231, 2.171486246874829, 16.057007365678498)->(20.00118373174231, 3.308610751406032, 16.057007365678498)
state:air-5.0, action:Wait, timestep:229, reward:-0.22448474706954968
==================================================

coord:(20.00118373174231, 3.308610751406032, 16.057007365678498)->(18.285271368368804, 1.7591901566695145, 17.772919729052003)
state:field-0.0, action:SD, timestep:230, reward:-1.2721711946408796
==================================================

coord:(18.285271368368804, 1.7591901566695145, 17.772919729052003)->(20.00118373174231, 2.6474166970856783, 19.488832092425508)
state:field-0.0, action:WD, timestep:231, reward:-1.9363926218858403
==================================================

coord:(20.00118373174231, 2.6474166970856783, 19.488832092425508)->(20.00118373174231, 3.6987703125538394, 19.488832092425508)
state:air-5.0, action:Wait, timestep:232, reward:-0.1925298673338105
==================================================

coord:(20.00118373174231, 3.6987703125538394, 19.488832092425508)->(22.081183655448335, 5.041203977264056, 19.488832092425508)
state:field-0.0, action:W, timestep:233, reward:-0.6967761444754572
==================================================

coord:(22.081183655448335, 5.041203977264056, 19.488832092425508)->(22.081183655448335, 6.702750051930226, 19.488832092425508)
state:air-5.0, action:Wait, timestep:234, reward:-0.5359205348384393
==================================================

coord:(22.081183655448335, 6.702750051930226, 19.488832092425508)->(23.000422421541284, 6.60613839235095, 18.56959332633256)
state:field-0.0, action:WA, timestep:235, reward:0.6247667626811229
==================================================

coord:(23.000422421541284, 6.60613839235095, 18.56959332633256)->(23.000422421541284, 8.586863323434834, 18.56959332633256)
state:air-5.0, action:Wait, timestep:236, reward:-0.8264144838564178
==================================================

coord:(23.000422421541284, 8.586863323434834, 18.56959332633256)->(22.913755758053533, 8.586863323434834, 18.56959332633256)
state:field-0.0, action:S, timestep:237, reward:0.02331950911370484
==================================================

coord:(22.913755758053533, 8.586863323434834, 18.56959332633256)->(22.913755758053533, 6.620243268861104, 18.56959332633256)
state:air-5.0, action:Wait, timestep:238, reward:0.8222683376903177
==================================================

coord:(22.913755758053533, 6.620243268861104, 18.56959332633256)->(23.000422421541284, 6.620243268861104, 18.56959332633256)
state:field-0.0, action:W, timestep:239, reward:-0.02440779979741592
==================================================

coord:(23.000422421541284, 6.620243268861104, 18.56959332633256)->(23.000422421541284, 8.586863323434834, 18.56959332633256)
state:air-5.0, action:Wait, timestep:240, reward:-0.8211788118593475
==================================================

coord:(23.000422421541284, 8.586863323434834, 18.56959332633256)->(22.939139837135087, 8.586863323434834, 18.630875910738755)
state:field-0.0, action:SD, timestep:241, reward:-0.035306170270406056
==================================================

coord:(22.939139837135087, 8.586863323434834, 18.630875910738755)->(22.939139837135087, 6.620243268861104, 18.630875910738755)
state:air-5.0, action:Wait, timestep:242, reward:0.8195374165874512
==================================================

coord:(22.939139837135087, 6.620243268861104, 18.630875910738755)->(23.000422421541284, 6.620243268861104, 18.69215849514495)
state:field-0.0, action:WD, timestep:243, reward:-0.07148950378588026
==================================================

coord:(23.000422421541284, 6.620243268861104, 18.69215849514495)->(23.000422421541284, 8.586863323434834, 18.69215849514495)
state:air-5.0, action:Wait, timestep:244, reward:-0.8163766772539915
==================================================

coord:(23.000422421541284, 8.586863323434834, 18.69215849514495)->(23.000422421541284, 8.69387970345265, 20.07882511094897)
state:field-0.0, action:D, timestep:245, reward:-1.2340189283692382
==================================================

coord:(23.000422421541284, 8.69387970345265, 20.07882511094897)->(23.000422421541284, 1.8730300810029368, 20.07882511094897)
state:air-5.0, action:Wait, timestep:246, reward:1.885831614375217
==================================================

coord:(23.000422421541284, 1.8730300810029368, 20.07882511094897)->(22.939139837135087, 1.8730300810029368, 20.140107695355166)
state:field-0.0, action:SD, timestep:247, reward:-0.04154569180742129
==================================================

coord:(22.939139837135087, 1.8730300810029368, 20.140107695355166)->(22.939139837135087, 6.620243268861104, 20.140107695355166)
state:air-5.0, action:Wait, timestep:248, reward:-1.0719101637324044
==================================================

coord:(22.939139837135087, 6.620243268861104, 20.140107695355166)->(20.978097136136796, 6.150683425762931, 18.179064994356875)
state:field-0.0, action:SA, timestep:249, reward:2.3816698558635068
==================================================

coord:(20.978097136136796, 6.150683425762931, 18.179064994356875)->(20.978097136136796, 3.6532406959880954, 18.179064994356875)
state:air-5.0, action:Wait, timestep:250, reward:0.7415828906030892
==================================================

coord:(20.978097136136796, 3.6532406959880954, 18.179064994356875)->(20.978097136136796, 3.6532406959880954, 20.519064908526154)
state:field-0.0, action:D, timestep:251, reward:-2.2502085593268255
==================================================

coord:(20.978097136136796, 3.6532406959880954, 20.519064908526154)->(22.01990107104214, 5.041203977264056, 19.47726097362081)
state:field-0.0, action:WA, timestep:252, reward:0.4546209974685169
==================================================

coord:(22.01990107104214, 5.041203977264056, 19.47726097362081)->(22.01990107104214, 6.702750051930226, 19.47726097362081)
state:air-5.0, action:Wait, timestep:253, reward:-0.536649763253422
==================================================

coord:(22.01990107104214, 6.702750051930226, 19.47726097362081)->(22.939139837135087, 6.620243268861104, 18.558022207527863)
state:field-0.0, action:WA, timestep:254, reward:0.6229784588570482
==================================================

coord:(22.939139837135087, 6.620243268861104, 18.558022207527863)->(22.939139837135087, 5.995719931712003, 16.478022283821836)
state:field-0.0, action:A, timestep:255, reward:2.0589674922126164
==================================================

coord:(22.939139837135087, 5.995719931712003, 16.478022283821836)->(23.000422421541284, 5.995719931712003, 16.539304868228033)
state:field-0.0, action:WD, timestep:256, reward:-0.07276276798350878
==================================================

coord:(23.000422421541284, 5.995719931712003, 16.539304868228033)->(23.000422421541284, 5.995719931712003, 16.539304868228033)
state:death-5.0, action:Wait, timestep:257, reward:-999999
==================================================

