coord:(42.0, 0.0, 44.0)->(42.0, 0.0, 44.0)
state:field-4, action:Wait, timestep:1, reward:-0.0
==================================================

coord:(42.0, 0.0, 44.0)->(42.0, 15.620376208807022, 44.0)
state:field-4.0, action:j, timestep:2, reward:-2.4778236722411364
==================================================

coord:(42.0, 15.620376208807022, 44.0)->(42.0, 16.338062909608873, 46.07999992370611)
state:field-4.0, action:Dj, timestep:3, reward:-1.9400249290709581
==================================================

coord:(42.0, 16.338062909608873, 46.07999992370611)->(42.0, 12.349710411076664, 46.07999992370611)
state:air-9.0, action:Wait, timestep:4, reward:1.1075885691308045
==================================================

coord:(42.0, 12.349710411076664, 46.07999992370611)->(42.0, 12.227210411076666, 48.07999992370614)
state:field-4.0, action:Ds, timestep:5, reward:-1.677684055505111
==================================================

coord:(42.0, 12.227210411076666, 48.07999992370614)->(42.0, 9.267181677720165, 48.07999992370614)
state:air-9.0, action:Wait, timestep:6, reward:0.6051036898869881
==================================================

coord:(42.0, 9.267181677720165, 48.07999992370614)->(42.0, 9.267181677720165, 48.07999992370614)
state:field-4.0, action:Wait, timestep:7, reward:1.1508244881497376e-06
==================================================

coord:(42.0, 9.267181677720165, 48.07999992370614)->(41.93871741559381, 9.956918478215421, 48.14128250811233)
state:field-4.0, action:SDj, timestep:8, reward:-0.15147830210283786
==================================================

coord:(41.93871741559381, 9.956918478215421, 48.14128250811233)->(36.99871759679179, 11.645230657648455, 48.14128250811233)
state:field-4.0, action:S, timestep:9, reward:1.718357033328168
==================================================

coord:(36.99871759679179, 11.645230657648455, 48.14128250811233)->(36.99871759679179, 11.72147843009481, 48.14128250811233)
state:air-9.0, action:Wait, timestep:10, reward:-0.017581342149995294
==================================================

coord:(36.99871759679179, 11.72147843009481, 48.14128250811233)->(37.14013894663513, 11.846156208762684, 47.99986115826899)
state:field-4.0, action:WAsj, timestep:11, reward:0.04407121421386506
==================================================

coord:(37.14013894663513, 11.846156208762684, 47.99986115826899)->(37.14013894663513, 13.531219560760134, 47.99986115826899)
state:air-9.0, action:Wait, timestep:12, reward:-0.42073707246505165
==================================================

coord:(37.14013894663513, 13.531219560760134, 47.99986115826899)->(37.210849621556804, 13.531219560760134, 48.07057183319066)
state:field-4.0, action:WDs, timestep:13, reward:-0.08944180264772683
==================================================

coord:(37.210849621556804, 13.531219560760134, 48.07057183319066)->(37.210849621556804, 11.645230657648455, 48.07057183319066)
state:air-9.0, action:Wait, timestep:14, reward:0.46654085363524445
==================================================

coord:(37.210849621556804, 11.645230657648455, 48.07057183319066)->(37.210849621556804, 11.728040655189565, 47.98390516970291)
state:field-4.0, action:Aj, timestep:15, reward:0.05845528498226571
==================================================

coord:(37.210849621556804, 11.728040655189565, 47.98390516970291)->(37.210849621556804, 13.531219560760134, 47.98390516970291)
state:air-9.0, action:Wait, timestep:16, reward:-0.44813155251215164
==================================================

coord:(37.210849621556804, 13.531219560760134, 47.98390516970291)->(41.01084962155686, 14.038097355449736, 47.98390516970291)
state:field-4.0, action:Wsj, timestep:17, reward:-1.6901149499776196
==================================================

coord:(41.01084962155686, 14.038097355449736, 47.98390516970291)->(41.01084962155686, 11.569478874068835, 47.98390516970291)
state:air-9.0, action:Wait, timestep:18, reward:0.6027696520932437
==================================================

coord:(41.01084962155686, 11.569478874068835, 47.98390516970291)->(45.253490116857094, 13.003446855214095, 43.74126467440267)
state:field-4.0, action:WAs, timestep:19, reward:1.1260689154679895
==================================================

coord:(45.253490116857094, 13.003446855214095, 43.74126467440267)->(45.253490116857094, 11.703446902897776, 42.991264674402714)
state:wall-13.0, action:S, timestep:20, reward:0.9203997206290211
==================================================

coord:(45.253490116857094, 11.703446902897776, 42.991264674402714)->(47.03068506463669, 13.427973866497817, 41.214069726623116)
state:field-3.0, action:WA, timestep:21, reward:-0.041311014582298355
==================================================

coord:(47.03068506463669, 13.427973866497817, 41.214069726623116)->(47.03068506463669, 11.569478874068835, 41.214069726623116)
state:air-8.0, action:Wait, timestep:22, reward:0.4656006700463635
==================================================

coord:(47.03068506463669, 11.569478874068835, 41.214069726623116)->(47.03068506463669, 10.405538403899444, 44.07406962171902)
state:field-3.0, action:D, timestep:23, reward:-1.9997815656444828
==================================================

coord:(47.03068506463669, 10.405538403899444, 44.07406962171902)->(47.03068506463669, 8.969664290777729, 44.07406962171902)
state:air-9.0, action:Wait, timestep:24, reward:0.26944301997873765
==================================================

coord:(47.03068506463669, 8.969664290777729, 44.07406962171902)->(47.03068506463669, 9.892149101304343, 42.974069621719)
state:field-4.0, action:As, timestep:25, reward:0.7087106258844571
==================================================

coord:(47.03068506463669, 9.892149101304343, 42.974069621719)->(47.03068506463669, 10.76803660460999, 42.974069621719)
state:air-8.0, action:Wait, timestep:26, reward:-0.17796990321462403
==================================================

coord:(47.03068506463669, 10.76803660460999, 42.974069621719)->(46.95997438971502, 12.349710411076664, 42.90335894679733)
state:field-3.0, action:SAsj, timestep:27, reward:-0.2621497645147741
==================================================

coord:(46.95997438971502, 12.349710411076664, 42.90335894679733)->(46.95997438971502, 12.227210411076666, 44.00335894679735)
state:field-3.0, action:Ds, timestep:28, reward:-0.8394274467596645
==================================================

coord:(46.95997438971502, 12.227210411076666, 44.00335894679735)->(46.95997438971502, 10.28718238460078, 44.00335894679735)
state:air-8.0, action:Wait, timestep:29, reward:0.4216515839772157
==================================================

coord:(46.95997438971502, 10.28718238460078, 44.00335894679735)->(46.88926371479335, 11.345167297443975, 43.93264827187568)
state:field-3.0, action:SAsj, timestep:30, reward:-0.12515296361407735
==================================================

coord:(46.88926371479335, 11.345167297443975, 43.93264827187568)->(46.88926371479335, 12.349710411076664, 41.93931501165732)
state:field-3.0, action:A, timestep:31, reward:1.3373701994169878
==================================================

coord:(46.88926371479335, 12.349710411076664, 41.93931501165732)->(46.88926371479335, 13.268873328369823, 41.93931501165732)
state:air-8.0, action:Wait, timestep:32, reward:-0.23343855023080806
==================================================

coord:(46.88926371479335, 13.268873328369823, 41.93931501165732)->(45.97002494081163, 13.98004049266512, 42.85855378563904)
state:field-3.0, action:SDsj, timestep:33, reward:-0.39088055847830816
==================================================

coord:(45.97002494081163, 13.98004049266512, 42.85855378563904)->(45.050786166829916, 15.020545441800547, 41.93931501165732)
state:field-3.0, action:SAsj, timestep:34, reward:0.9267205261592082
==================================================

coord:(45.050786166829916, 15.020545441800547, 41.93931501165732)->(44.96411950334216, 15.103355439341657, 41.93931501165732)
state:field-3.0, action:Sj, timestep:35, reward:0.022128919831921223
==================================================

coord:(44.96411950334216, 15.103355439341657, 41.93931501165732)->(44.96411950334216, 16.782967888076367, 41.93931501165732)
state:air-8.0, action:Wait, timestep:36, reward:-0.5334210760337399
==================================================

coord:(44.96411950334216, 16.782967888076367, 41.93931501165732)->(45.025402087748354, 16.865777885617476, 41.87803242725113)
state:field-3.0, action:WAj, timestep:37, reward:-0.013074074844062977
==================================================

coord:(45.025402087748354, 16.865777885617476, 41.87803242725113)->(45.025402087748354, 15.020545441800547, 41.87803242725113)
state:air-8.0, action:Wait, timestep:38, reward:0.5861744775030928
==================================================

coord:(45.025402087748354, 15.020545441800547, 41.87803242725113)->(45.025402087748354, 15.020545441800547, 41.87803242725113)
state:field-3.0, action:j, timestep:39, reward:4.6627262406673253e-07
==================================================

coord:(45.025402087748354, 15.020545441800547, 41.87803242725113)->(46.02540208774837, 15.535045446251027, 41.87803242725113)
state:field-3.0, action:Wsj, timestep:40, reward:-0.7068630493475112
==================================================

coord:(46.02540208774837, 15.535045446251027, 41.87803242725113)->(46.02540208774837, 13.268873328369823, 41.87803242725113)
state:air-8.0, action:Wait, timestep:41, reward:0.6488033619414111
==================================================

coord:(46.02540208774837, 13.268873328369823, 41.87803242725113)->(45.92540208774837, 13.268873328369823, 41.87803242725113)
state:field-3.0, action:Ss, timestep:42, reward:0.05631046027611575
==================================================

coord:(45.92540208774837, 13.268873328369823, 41.87803242725113)->(45.92540208774837, 15.020545441800547, 41.87803242725113)
state:air-8.0, action:Wait, timestep:43, reward:-0.49381460990126413
==================================================

coord:(45.92540208774837, 15.020545441800547, 41.87803242725113)->(46.06682343759171, 15.14522322046842, 41.73661107740779)
state:field-3.0, action:WAsj, timestep:44, reward:-0.006815691078330133
==================================================

coord:(46.06682343759171, 15.14522322046842, 41.73661107740779)->(46.06682343759171, 13.268873328369823, 41.73661107740779)
state:air-8.0, action:Wait, timestep:45, reward:0.531437427844331
==================================================

coord:(46.06682343759171, 13.268873328369823, 41.73661107740779)->(46.06682343759171, 14.027964993590086, 43.03661102972411)
state:field-3.0, action:Dj, timestep:46, reward:-1.224362110945286
==================================================

coord:(46.06682343759171, 14.027964993590086, 43.03661102972411)->(46.06682343759171, 11.345167297443975, 43.03661102972411)
state:air-8.0, action:Wait, timestep:47, reward:0.6697031936062317
==================================================

coord:(46.06682343759171, 11.345167297443975, 43.03661102972411)->(48.824539735870395, 10.559263565285978, 40.27889473144542)
state:field-3.0, action:WA, timestep:48, reward:0.6812550789642557
==================================================

coord:(48.824539735870395, 10.559263565285978, 40.27889473144542)->(48.824539735870395, 11.645230657648455, 35.078894731445345)
state:field-3.0, action:As, timestep:49, reward:3.527208355656903
==================================================

coord:(48.824539735870395, 11.645230657648455, 35.078894731445345)->(49.008387489088975, 11.879858984617602, 34.895046978226766)
state:field-2.0, action:WAj, timestep:50, reward:-0.05532960190038949
==================================================

coord:(49.008387489088975, 11.879858984617602, 34.895046978226766)->(49.008387489088975, 11.879858984617602, 34.895046978226766)
state:air-7.0, action:j, timestep:51, reward:-1.2327597644912203e-06
==================================================

coord:(49.008387489088975, 11.879858984617602, 34.895046978226766)->(49.008387489088975, 7.97985912766875, 34.895046978226766)
state:parachute-17.0, action:Wait, timestep:52, reward:0.8425976578309928
==================================================

coord:(49.008387489088975, 7.97985912766875, 34.895046978226766)->(49.008387489088975, 7.97985912766875, 34.895046978226766)
state:parachute-17.0, action:j, timestep:53, reward:-3.035947884200141e-07
==================================================

coord:(49.008387489088975, 7.97985912766875, 34.895046978226766)->(49.008387489088975, 10.579859032301282, 35.04504697822676)
state:wall-12.0, action:Wj, timestep:54, reward:-0.6312963366480631
==================================================

coord:(49.008387489088975, 10.579859032301282, 35.04504697822676)->(49.008387489088975, 2.436876296333632, 35.04504697822676)
state:air-7.0, action:Wait, timestep:55, reward:1.1576968933428873
==================================================

coord:(49.008387489088975, 2.436876296333632, 35.04504697822676)->(49.008387489088975, 5.036876200966202, 36.0450469782267)
state:wall-12.0, action:Wj, timestep:56, reward:-0.9321622440671078
==================================================

coord:(49.008387489088975, 5.036876200966202, 36.0450469782267)->(49.008387489088975, 5.036876200966202, 36.0450469782267)
state:air-6.0, action:j, timestep:57, reward:9.94458282832511e-07
==================================================

coord:(49.008387489088975, 5.036876200966202, 36.0450469782267)->(48.94710490468278, 4.971876203350388, 35.98376439382051)
state:parachute-16.0, action:SA, timestep:58, reward:0.09314751729805693
==================================================

coord:(48.94710490468278, 4.971876203350388, 35.98376439382051)->(48.94710490468278, 11.645230657648455, 35.98376439382051)
state:air-6.0, action:Wait, timestep:59, reward:-1.1917890653258993
==================================================

coord:(48.94710490468278, 11.645230657648455, 35.98376439382051)->(49.033771568170536, 11.728040655189565, 35.98376439382051)
state:field-1.0, action:Wj, timestep:60, reward:-0.07805980291479386
==================================================

coord:(49.033771568170536, 11.728040655189565, 35.98376439382051)->(49.033771568170536, 11.728040655189565, 35.98376439382051)
state:air-6.0, action:j, timestep:61, reward:3.472316905117623e-07
==================================================

coord:(49.033771568170536, 11.728040655189565, 35.98376439382051)->(49.033771568170536, 11.728040655189565, 35.98376439382051)
state:parachute-16.0, action:Aj, timestep:62, reward:3.472316905117623e-07
==================================================

coord:(49.033771568170536, 11.728040655189565, 35.98376439382051)->(49.033771568170536, 10.428040702873245, 35.98376439382051)
state:wall-11.0, action:S, timestep:63, reward:0.3068183200511214
==================================================

coord:(49.033771568170536, 10.428040702873245, 35.98376439382051)->(49.033771568170536, 2.285057966905594, 35.98376439382051)
state:air-6.0, action:Wait, timestep:64, reward:1.1139554611201348
==================================================

coord:(49.033771568170536, 2.285057966905594, 35.98376439382051)->(49.033771568170536, 4.885057871538162, 36.033764393820505)
state:wall-11.0, action:Wj, timestep:65, reward:-0.2369072243403707
==================================================

coord:(49.033771568170536, 4.885057871538162, 36.033764393820505)->(49.033771568170536, 0.0, 36.033764393820505)
state:air-5.0, action:Wait, timestep:66, reward:0.25417939963251257
==================================================

coord:(49.033771568170536, 0.0, 36.033764393820505)->(48.97248898376434, 0.0, 36.0950469782267)
state:field-0.0, action:SD, timestep:67, reward:-0.002788429046937324
==================================================

coord:(48.97248898376434, 0.0, 36.0950469782267)->(48.97248898376434, 11.72147843009481, 36.0950469782267)
state:air-5.0, action:Wait, timestep:68, reward:-1.471607000954812
==================================================

coord:(48.97248898376434, 11.72147843009481, 36.0950469782267)->(49.033771568170536, 11.72147843009481, 36.033764393820505)
state:field-0.0, action:WA, timestep:69, reward:0.002699487394771438
==================================================

coord:(49.033771568170536, 11.72147843009481, 36.033764393820505)->(49.033771568170536, 11.72147843009481, 36.033764393820505)
state:air-5.0, action:j, timestep:70, reward:-1.3182692910618243e-06
==================================================

coord:(49.033771568170536, 11.72147843009481, 36.033764393820505)->(49.033771568170536, 11.72147843009481, 36.033764393820505)
state:parachute-15.0, action:Aj, timestep:71, reward:-1.3182692910618243e-06
==================================================

coord:(49.033771568170536, 11.72147843009481, 36.033764393820505)->(49.033771568170536, 13.021478382411129, 37.03376439382045)
state:wall-10.0, action:W, timestep:72, reward:-1.0464133277807122
==================================================

coord:(49.033771568170536, 13.021478382411129, 37.03376439382045)->(49.033771568170536, 13.021478382411129, 37.03376439382045)
state:air-5.0, action:j, timestep:73, reward:9.385014720919571e-08
==================================================

coord:(49.033771568170536, 13.021478382411129, 37.03376439382045)->(49.033771568170536, 9.121478525462276, 31.833764584555176)
state:parachute-15.0, action:A, timestep:74, reward:4.526864285711554
==================================================

coord:(49.033771568170536, 9.121478525462276, 31.833764584555176)->(49.033771568170536, 9.121478525462276, 31.833764584555176)
state:parachute-15.0, action:Aj, timestep:75, reward:1.187567022498115e-06
==================================================

coord:(49.033771568170536, 9.121478525462276, 31.833764584555176)->(49.033771568170536, 7.821478573145964, 31.833764584555176)
state:wall-10.0, action:S, timestep:76, reward:0.2526557508454985
==================================================

coord:(49.033771568170536, 7.821478573145964, 31.833764584555176)->(49.033771568170536, 7.821478573145964, 31.833764584555176)
state:air-5.0, action:j, timestep:77, reward:7.2154862351681e-07
==================================================

coord:(49.033771568170536, 7.821478573145964, 31.833764584555176)->(49.033771568170536, 7.821478573145964, 31.833764584555176)
state:parachute-15.0, action:Sj, timestep:78, reward:7.2154862351681e-07
==================================================

coord:(49.033771568170536, 7.821478573145964, 31.833764584555176)->(49.033771568170536, 9.121478525462276, 32.03376458455518)
state:wall-10.0, action:W, timestep:79, reward:-0.38604245428619777
==================================================

coord:(49.033771568170536, 9.121478525462276, 32.03376458455518)->(49.033771568170536, 9.121478525462276, 32.03376458455518)
state:air-5.0, action:j, timestep:80, reward:1.0942977866079673e-06
==================================================

coord:(49.033771568170536, 9.121478525462276, 32.03376458455518)->(49.033771568170536, 9.121478525462276, 32.03376458455518)
state:parachute-15.0, action:j, timestep:81, reward:1.0942977866079673e-06
==================================================

coord:(49.033771568170536, 9.121478525462276, 32.03376458455518)->(49.033771568170536, 10.421478477778596, 33.03376458455512)
state:wall-10.0, action:W, timestep:82, reward:-0.9591802210494507
==================================================

coord:(49.033771568170536, 10.421478477778596, 33.03376458455512)->(49.033771568170536, 2.2784957418109446, 33.03376458455512)
state:air-5.0, action:Wait, timestep:83, reward:1.1654315670866637
==================================================

coord:(49.033771568170536, 2.2784957418109446, 33.03376458455512)->(49.033771568170536, 3.5784956941272372, 34.033764584555065)
state:wall-10.0, action:W, timestep:84, reward:-0.7846823810526615
==================================================

coord:(49.033771568170536, 3.5784956941272372, 34.033764584555065)->(49.033771568170536, 0.07758639326983632, 34.033764584555065)
state:air-5.0, action:Wait, timestep:85, reward:0.13941054974906564
==================================================

coord:(49.033771568170536, 0.07758639326983632, 34.033764584555065)->(49.033771568170536, 0.0, 37.32709779708974)
state:field-0.0, action:Dj, timestep:86, reward:-2.387436205236625
==================================================

coord:(49.033771568170536, 0.0, 37.32709779708974)->(48.97248898376434, 0.0, 37.26581521268355)
state:field-0.0, action:SA, timestep:87, reward:0.08655623508421684
==================================================

coord:(48.97248898376434, 0.0, 37.26581521268355)->(48.97248898376434, 11.645230657648455, 37.26581521268355)
state:air-5.0, action:Wait, timestep:88, reward:-1.426410307241376
==================================================

coord:(48.97248898376434, 11.645230657648455, 37.26581521268355)->(49.043199658686014, 11.645230657648455, 37.33652588760522)
state:field-0.0, action:WDs, timestep:89, reward:-0.09688688439448612
==================================================

coord:(49.043199658686014, 11.645230657648455, 37.33652588760522)->(49.043199658686014, 3.502247921680807, 37.33652588760522)
state:air-5.0, action:Wait, timestep:90, reward:1.2969765577137267
==================================================

coord:(49.043199658686014, 3.502247921680807, 37.33652588760522)->(49.043199658686014, 6.102247826313388, 38.03652588760518)
state:wall-10.0, action:Wj, timestep:91, reward:-0.7811951665428012
==================================================

coord:(49.043199658686014, 6.102247826313388, 38.03652588760518)->(49.043199658686014, 6.102247826313388, 38.03652588760518)
state:air-5.0, action:j, timestep:92, reward:1.42769548006072e-06
==================================================

coord:(49.043199658686014, 6.102247826313388, 38.03652588760518)->(49.043199658686014, 6.102247826313388, 38.03652588760518)
state:parachute-15.0, action:SDj, timestep:93, reward:1.42769548006072e-06
==================================================

coord:(49.043199658686014, 6.102247826313388, 38.03652588760518)->(49.043199658686014, 4.802247873997121, 38.03652588760518)
state:wall-10.0, action:S, timestep:94, reward:0.1482753980721938
==================================================

coord:(49.043199658686014, 4.802247873997121, 38.03652588760518)->(49.043199658686014, 0.0, 38.03652588760518)
state:air-5.0, action:Wait, timestep:95, reward:0.2377627751794691
==================================================

coord:(49.043199658686014, 0.0, 38.03652588760518)->(48.98191707427982, 0.0828099975411097, 38.09780847201137)
state:field-0.0, action:SDj, timestep:96, reward:-0.005243494634662227
==================================================

coord:(48.98191707427982, 0.0828099975411097, 38.09780847201137)->(48.98191707427982, 11.419450388942312, 38.09780847201137)
state:air-5.0, action:Wait, timestep:97, reward:-1.3542772912573824
==================================================

coord:(48.98191707427982, 11.419450388942312, 38.09780847201137)->(48.98191707427982, 10.559263565285978, 40.78447504013177)
state:field-0.0, action:D, timestep:98, reward:-1.8038525014201952
==================================================

coord:(48.98191707427982, 10.559263565285978, 40.78447504013177)->(47.94011313937454, 11.052835687926466, 39.742671105226485)
state:field-0.0, action:SA, timestep:99, reward:1.3234084933476993
==================================================

coord:(47.94011313937454, 11.052835687926466, 39.742671105226485)->(47.94011313937454, 12.842883997674194, 39.742671105226485)
state:air-5.0, action:Wait, timestep:100, reward:-0.434812016439146
==================================================

coord:(47.94011313937454, 12.842883997674194, 39.742671105226485)->(46.95959178887545, 13.615777332164654, 38.762149754727396)
state:field-0.0, action:SAj, timestep:101, reward:1.1181016151430399
==================================================

coord:(46.95959178887545, 13.615777332164654, 38.762149754727396)->(46.95959178887545, 15.217885033606958, 38.762149754727396)
state:air-5.0, action:Wait, timestep:102, reward:-0.4765637520288166
==================================================

coord:(46.95959178887545, 15.217885033606958, 38.762149754727396)->(47.02087437328164, 15.217885033606958, 38.7008671703212)
state:field-0.0, action:WA, timestep:103, reward:0.008527346478963693
==================================================

coord:(47.02087437328164, 15.217885033606958, 38.7008671703212)->(47.02087437328164, 13.268873328369823, 38.7008671703212)
state:air-5.0, action:Wait, timestep:104, reward:0.5734184063541719
==================================================

coord:(47.02087437328164, 13.268873328369823, 38.7008671703212)->(47.02087437328164, 12.26937601343067, 40.954200421002824)
state:field-0.0, action:D, timestep:105, reward:-1.4469241831438993
==================================================

coord:(47.02087437328164, 12.26937601343067, 40.954200421002824)->(46.95016369835997, 13.268873328369823, 41.024911095924494)
state:field-0.0, action:SDsj, timestep:106, reward:-0.2694366048178196
==================================================

coord:(46.95016369835997, 13.268873328369823, 41.024911095924494)->(45.960214249456584, 14.071575557758527, 40.034961647021106)
state:field-0.0, action:SAs, timestep:107, reward:1.109899096148716
==================================================

coord:(45.960214249456584, 14.071575557758527, 40.034961647021106)->(45.960214249456584, 15.929215305050263, 40.034961647021106)
state:air-5.0, action:Wait, timestep:108, reward:-0.5686060964585238
==================================================

coord:(45.960214249456584, 15.929215305050263, 40.034961647021106)->(45.960214249456584, 16.673795318751065, 39.94829498353335)
state:field-0.0, action:Aj, timestep:109, reward:-0.1806324593367492
==================================================

coord:(45.960214249456584, 16.673795318751065, 39.94829498353335)->(44.979692898957495, 16.673795318751065, 38.96777363303426)
state:field-0.0, action:SA, timestep:110, reward:1.2905006873845366
==================================================

coord:(44.979692898957495, 16.673795318751065, 38.96777363303426)->(44.979692898957495, 19.24815088085866, 38.96777363303426)
state:air-5.0, action:Wait, timestep:111, reward:-0.9511473872843084
==================================================

coord:(44.979692898957495, 19.24815088085866, 38.96777363303426)->(44.979692898957495, 19.628716716337465, 35.24110710306081)
state:field-0.0, action:A, timestep:112, reward:2.514167108474915
==================================================

coord:(44.979692898957495, 19.628716716337465, 35.24110710306081)->(44.979692898957495, 19.628716716337465, 37.7544403442057)
state:field-0.0, action:D, timestep:113, reward:-1.7816328948455862
==================================================

coord:(44.979692898957495, 19.628716716337465, 37.7544403442057)->(44.979692898957495, 19.628716716337465, 35.24110710306081)
state:field-0.0, action:A, timestep:114, reward:1.7816307925569461
==================================================

coord:(44.979692898957495, 19.628716716337465, 35.24110710306081)->(41.30273783458591, 20.0, 38.918062167432396)
state:field-0.0, action:SD, timestep:115, reward:-0.8589609294461127
==================================================

coord:(41.30273783458591, 20.0, 38.918062167432396)->(41.30273783458591, 20.0, 38.918062167432396)
state:field-0.0, action:Wait, timestep:116, reward:-1.7314480658114917e-06
==================================================

coord:(41.30273783458591, 20.0, 38.918062167432396)->(36.10273802532063, 20.0, 38.918062167432396)
state:field-0.0, action:S, timestep:117, reward:2.3375436603203283
==================================================

coord:(36.10273802532063, 20.0, 38.918062167432396)->(41.30273783458591, 20.0, 38.918062167432396)
state:field-0.0, action:W, timestep:118, reward:-2.337545218996894
==================================================

coord:(41.30273783458591, 20.0, 38.918062167432396)->(45.02940436455936, 19.74696946300665, 38.918062167432396)
state:field-0.0, action:W, timestep:119, reward:-1.8439386177349775
==================================================

coord:(45.02940436455936, 19.74696946300665, 38.918062167432396)->(45.02940436455936, 17.22685325412422, 38.918062167432396)
state:air-5.0, action:Wait, timestep:120, reward:0.9548022631148783
==================================================

coord:(45.02940436455936, 17.22685325412422, 38.918062167432396)->(47.05172964996373, 16.94177938677148, 36.895736882028025)
state:field-0.0, action:WA, timestep:121, reward:0.39097080084049907
==================================================

coord:(47.05172964996373, 16.94177938677148, 36.895736882028025)->(47.05172964996373, 13.619815946724621, 36.895736882028025)
state:air-5.0, action:Wait, timestep:122, reward:1.0703232625042247
==================================================

coord:(47.05172964996373, 13.619815946724621, 36.895736882028025)->(47.05172964996373, 13.619815946724621, 36.895736882028025)
state:field-0.0, action:Wait, timestep:123, reward:-6.815875721599696e-07
==================================================

coord:(47.05172964996373, 13.619815946724621, 36.895736882028025)->(46.99044706555754, 13.619815946724621, 36.95701946643422)
state:field-0.0, action:SD, timestep:124, reward:-0.006444017598404628
==================================================

coord:(46.99044706555754, 13.619815946724621, 36.95701946643422)->(46.99044706555754, 15.620376208807022, 36.95701946643422)
state:air-5.0, action:Wait, timestep:125, reward:-0.6194373198540859
==================================================

coord:(46.99044706555754, 15.620376208807022, 36.95701946643422)->(47.05172964996373, 15.620376208807022, 37.01830205084041)
state:field-0.0, action:WD, timestep:126, reward:-0.08160371344322215
==================================================

coord:(47.05172964996373, 15.620376208807022, 37.01830205084041)->(47.05172964996373, 13.531219560760134, 37.01830205084041)
state:air-5.0, action:Wait, timestep:127, reward:0.6439475876179301
==================================================

coord:(47.05172964996373, 13.531219560760134, 37.01830205084041)->(46.99044706555754, 13.531219560760134, 37.079584635246604)
state:field-0.0, action:SD, timestep:128, reward:-0.006595352273500055
==================================================

coord:(46.99044706555754, 13.531219560760134, 37.079584635246604)->(46.99044706555754, 15.518766254243811, 37.079584635246604)
state:air-5.0, action:Wait, timestep:129, reward:-0.6106114556997326
==================================================

coord:(46.99044706555754, 15.518766254243811, 37.079584635246604)->(47.05172964996373, 15.518766254243811, 37.01830205084041)
state:field-0.0, action:WA, timestep:130, reward:0.006509748652462122
==================================================

coord:(47.05172964996373, 15.518766254243811, 37.01830205084041)->(47.05172964996373, 13.531219560760134, 37.01830205084041)
state:air-5.0, action:Wait, timestep:131, reward:0.6106986862507426
==================================================

coord:(47.05172964996373, 13.531219560760134, 37.01830205084041)->(47.05172964996373, 13.531219560760134, 35.37163544457307)
state:field-0.0, action:A, timestep:132, reward:1.1851412312237954
==================================================

coord:(47.05172964996373, 13.531219560760134, 35.37163544457307)->(47.05172964996373, 12.842883997674194, 33.378302184354716)
state:field-0.0, action:A, timestep:133, reward:1.599940538222647
==================================================

coord:(47.05172964996373, 12.842883997674194, 33.378302184354716)->(48.005062948329034, 12.842883997674194, 33.378302184354716)
state:field-0.0, action:W, timestep:134, reward:-0.636203152701313
==================================================

coord:(48.005062948329034, 12.842883997674194, 33.378302184354716)->(48.005062948329034, 11.052835687926466, 33.378302184354716)
state:air-5.0, action:Wait, timestep:135, reward:0.47936655904073433
==================================================

coord:(48.005062948329034, 11.052835687926466, 33.378302184354716)->(47.91839628484128, 11.052835687926466, 33.378302184354716)
state:field-0.0, action:S, timestep:136, reward:0.05893966711929721
==================================================

coord:(47.91839628484128, 11.052835687926466, 33.378302184354716)->(47.91839628484128, 12.842883997674194, 33.378302184354716)
state:air-5.0, action:Wait, timestep:137, reward:-0.4800019769867774
==================================================

coord:(47.91839628484128, 12.842883997674194, 33.378302184354716)->(46.99915751874838, 14.071575557758527, 32.45906341826182)
state:field-0.0, action:SA, timestep:138, reward:0.8654106112759123
==================================================

coord:(46.99915751874838, 14.071575557758527, 32.45906341826182)->(45.9573535838431, 14.729323834804282, 33.5008673531671)
state:field-0.0, action:SD, timestep:139, reward:-0.2509923457310066
==================================================

coord:(45.9573535838431, 14.729323834804282, 33.5008673531671)->(45.9573535838431, 16.673795318751065, 33.5008673531671)
state:air-5.0, action:Wait, timestep:140, reward:-0.6867748156925941
==================================================

coord:(45.9573535838431, 16.673795318751065, 33.5008673531671)->(44.97683223334401, 17.22685325412422, 34.48138870366619)
state:field-0.0, action:SD, timestep:141, reward:-0.28591708991010734
==================================================

coord:(44.97683223334401, 17.22685325412422, 34.48138870366619)->(44.97683223334401, 19.24815088085866, 34.48138870366619)
state:air-5.0, action:Wait, timestep:142, reward:-0.8108201959643395
==================================================

coord:(44.97683223334401, 19.24815088085866, 34.48138870366619)->(45.038114817750206, 19.24815088085866, 34.42010611926)
state:field-0.0, action:WA, timestep:143, reward:0.005963120463583493
==================================================

coord:(45.038114817750206, 19.24815088085866, 34.42010611926)->(45.038114817750206, 17.22685325412422, 34.42010611926)
state:air-5.0, action:Wait, timestep:144, reward:0.8109269861501858
==================================================

coord:(45.038114817750206, 17.22685325412422, 34.42010611926)->(45.038114817750206, 17.22685325412422, 34.42010611926)
state:field-0.0, action:Wait, timestep:145, reward:-1.35857637673098e-06
==================================================

coord:(45.038114817750206, 17.22685325412422, 34.42010611926)->(46.018636168249294, 17.061233266274026, 33.43958476876091)
state:field-0.0, action:WA, timestep:146, reward:0.13756625883681295
==================================================

coord:(46.018636168249294, 17.061233266274026, 33.43958476876091)->(46.018636168249294, 14.729323834804282, 33.43958476876091)
state:air-5.0, action:Wait, timestep:147, reward:0.832521048159947
==================================================

coord:(46.018636168249294, 14.729323834804282, 33.43958476876091)->(45.9573535838431, 14.729323834804282, 33.5008673531671)
state:field-0.0, action:SD, timestep:148, reward:-0.003464269559131594
==================================================

coord:(45.9573535838431, 14.729323834804282, 33.5008673531671)->(45.9573535838431, 16.673795318751065, 33.5008673531671)
state:air-5.0, action:Wait, timestep:149, reward:-0.6867748156925941
==================================================

coord:(45.9573535838431, 16.673795318751065, 33.5008673531671)->(44.917353621990046, 16.673795318751065, 33.5008673531671)
state:field-0.0, action:S, timestep:150, reward:0.6447487752936425
==================================================

coord:(44.917353621990046, 16.673795318751065, 33.5008673531671)->(44.917353621990046, 18.63020038062031, 33.5008673531671)
state:air-5.0, action:Wait, timestep:151, reward:-0.7757325977279024
==================================================

coord:(44.917353621990046, 18.63020038062031, 33.5008673531671)->(41.24039855761846, 20.0, 37.177822417538685)
state:field-0.0, action:SD, timestep:152, reward:-1.1711318461334557
==================================================

coord:(41.24039855761846, 20.0, 37.177822417538685)->(41.24039855761846, 20.0, 31.97782260827341)
state:field-0.0, action:A, timestep:153, reward:3.7305188130121607
==================================================

coord:(41.24039855761846, 20.0, 31.97782260827341)->(41.24039855761846, 19.696363355607982, 28.94448938620212)
state:field-0.0, action:A, timestep:154, reward:2.1747035061909585
==================================================

coord:(41.24039855761846, 19.696363355607982, 28.94448938620212)->(41.24039855761846, 16.782967888076367, 28.94448938620212)
state:air-5.0, action:Wait, timestep:155, reward:1.3462778931730313
==================================================

coord:(41.24039855761846, 16.782967888076367, 28.94448938620212)->(42.34348507692994, 18.463006081838895, 30.04757590551366)
state:field-0.0, action:WD, timestep:156, reward:-2.139761439073382
==================================================

coord:(42.34348507692994, 18.463006081838895, 30.04757590551366)->(42.34348507692994, 18.752182617040727, 30.04757590551366)
state:air-5.0, action:Wait, timestep:157, reward:-0.13121814181995717
==================================================

coord:(42.34348507692994, 18.752182617040727, 30.04757590551366)->(42.34348507692994, 18.752182617040727, 30.04757590551366)
state:field-0.0, action:Wait, timestep:158, reward:-1.852769884180816e-07
==================================================

coord:(42.34348507692994, 18.752182617040727, 30.04757590551366)->(37.14348526766466, 20.0, 30.04757590551366)
state:field-0.0, action:S, timestep:159, reward:2.23676607376013
==================================================

coord:(37.14348526766466, 20.0, 30.04757590551366)->(39.22709313747522, 19.447933373832697, 27.963968035702976)
state:field-0.0, action:WA, timestep:160, reward:0.598816765747344
==================================================

coord:(39.22709313747522, 19.447933373832697, 27.963968035702976)->(39.22709313747522, 16.673795318751065, 27.963968035702976)
state:air-5.0, action:Wait, timestep:161, reward:1.3339517002582042
==================================================

coord:(39.22709313747522, 16.673795318751065, 27.963968035702976)->(42.00042636908337, 15.509854848581673, 27.963968035702976)
state:field-0.0, action:W, timestep:162, reward:-1.1809525399216838
==================================================

coord:(42.00042636908337, 15.509854848581673, 27.963968035702976)->(42.00042636908337, 13.98004049266512, 27.963968035702976)
state:air-5.0, action:Wait, timestep:163, reward:0.5965363489527533
==================================================

coord:(42.00042636908337, 13.98004049266512, 27.963968035702976)->(42.00042636908337, 15.620376208807022, 29.00396799755599)
state:field-0.0, action:D, timestep:164, reward:-1.3335788845487855
==================================================

coord:(42.00042636908337, 15.620376208807022, 29.00396799755599)->(42.00042636908337, 17.22685325412422, 29.00396799755599)
state:air-5.0, action:Wait, timestep:165, reward:-0.6735521310486376
==================================================

coord:(42.00042636908337, 17.22685325412422, 29.00396799755599)->(41.01990501858428, 16.782967888076367, 28.023446647056844)
state:field-0.0, action:SA, timestep:166, reward:1.439841701117139
==================================================

coord:(41.01990501858428, 16.782967888076367, 28.023446647056844)->(39.978101083679, 16.230901261909064, 26.9816427121515)
state:field-0.0, action:SA, timestep:167, reward:1.5642683311830936
==================================================

coord:(39.978101083679, 16.230901261909064, 26.9816427121515)->(39.978101083679, 14.729323834804282, 26.9816427121515)
state:air-5.0, action:Wait, timestep:168, reward:0.6424812213652373
==================================================

coord:(39.978101083679, 14.729323834804282, 26.9816427121515)->(37.95577579827463, 14.665818407439655, 24.959317426747013)
state:field-0.0, action:SA, timestep:169, reward:2.612235489743263
==================================================

coord:(37.95577579827463, 14.665818407439655, 24.959317426747013)->(37.95577579827463, 11.645230657648455, 24.959317426747013)
state:air-5.0, action:Wait, timestep:170, reward:1.2171284700921738
==================================================

coord:(37.95577579827463, 11.645230657648455, 24.959317426747013)->(35.35577589364199, 11.645230657648455, 24.959317426747013)
state:field-0.0, action:S, timestep:171, reward:1.5613177052659815
==================================================

coord:(35.35577589364199, 11.645230657648455, 24.959317426747013)->(35.35577589364199, 11.645230657648455, 24.959317426747013)
state:field-0.0, action:Wait, timestep:172, reward:2.6141832520920616e-07
==================================================

coord:(35.35577589364199, 11.645230657648455, 24.959317426747013)->(35.35577589364199, 11.645230657648455, 23.919317464894)
state:field-0.0, action:A, timestep:173, reward:0.7453825372116576
==================================================

coord:(35.35577589364199, 11.645230657648455, 23.919317464894)->(35.35577589364199, 9.892149101304343, 23.919317464894)
state:air-5.0, action:Wait, timestep:174, reward:0.6414240168812135
==================================================

coord:(35.35577589364199, 9.892149101304343, 23.919317464894)->(35.35577589364199, 9.892149101304343, 24.00598412838175)
state:field-0.0, action:D, timestep:175, reward:-0.0627973450559125
==================================================

coord:(35.35577589364199, 9.892149101304343, 24.00598412838175)->(35.35577589364199, 11.645230657648455, 24.00598412838175)
state:air-5.0, action:Wait, timestep:176, reward:-0.6400629178818384
==================================================

coord:(35.35577589364199, 11.645230657648455, 24.00598412838175)->(35.35577589364199, 11.645230657648455, 25.045984090234764)
state:field-0.0, action:D, timestep:177, reward:-0.7468438908437527
==================================================

coord:(35.35577589364199, 11.645230657648455, 25.045984090234764)->(35.35577589364199, 13.531219560760134, 25.045984090234764)
state:air-5.0, action:Wait, timestep:178, reward:-0.7677441063467079
==================================================

coord:(35.35577589364199, 13.531219560760134, 25.045984090234764)->(35.35577589364199, 13.531219560760134, 24.959317426747013)
state:field-0.0, action:A, timestep:179, reward:0.06134252260698858
==================================================

coord:(35.35577589364199, 13.531219560760134, 24.959317426747013)->(35.35577589364199, 11.645230657648455, 24.959317426747013)
state:air-5.0, action:Wait, timestep:180, reward:0.7692988148851221
==================================================

coord:(35.35577589364199, 11.645230657648455, 24.959317426747013)->(35.35577589364199, 11.645230657648455, 23.919317464894)
state:field-0.0, action:A, timestep:181, reward:0.7453825372116576
==================================================

coord:(35.35577589364199, 11.645230657648455, 23.919317464894)->(35.35577589364199, 9.892149101304343, 23.919317464894)
state:air-5.0, action:Wait, timestep:182, reward:0.6414240168812135
==================================================

coord:(35.35577589364199, 9.892149101304343, 23.919317464894)->(35.35577589364199, 9.588512456912325, 21.925984204675725)
state:field-0.0, action:A, timestep:183, reward:1.515427096237424
==================================================

coord:(35.35577589364199, 9.588512456912325, 21.925984204675725)->(35.35577589364199, 6.863884788004712, 21.925984204675725)
state:air-5.0, action:Wait, timestep:184, reward:0.8231403551723595
==================================================

coord:(35.35577589364199, 6.863884788004712, 21.925984204675725)->(35.35577589364199, 8.294011192532395, 23.05265083001649)
state:field-0.0, action:D, timestep:185, reward:-1.203352181067121
==================================================

coord:(35.35577589364199, 8.294011192532395, 23.05265083001649)->(35.35577589364199, 9.892149101304343, 23.05265083001649)
state:air-5.0, action:Wait, timestep:186, reward:-0.5141838316829954
==================================================

coord:(35.35577589364199, 9.892149101304343, 23.05265083001649)->(36.458862412953465, 9.266473591648067, 21.94956431070495)
state:field-0.0, action:WA, timestep:187, reward:0.273727483725537
==================================================

coord:(36.458862412953465, 9.266473591648067, 21.94956431070495)->(36.458862412953465, 6.908826441871399, 21.94956431070495)
state:air-5.0, action:Wait, timestep:188, reward:0.6826737402267433
==================================================

coord:(36.458862412953465, 6.908826441871399, 21.94956431070495)->(35.505529114588164, 6.863884788004712, 21.94956431070495)
state:field-0.0, action:S, timestep:189, reward:0.64629138026325
==================================================

coord:(35.505529114588164, 6.863884788004712, 21.94956431070495)->(35.505529114588164, 6.863884788004712, 21.94956431070495)
state:field-0.0, action:Wait, timestep:190, reward:-3.52524835989243e-07
==================================================

coord:(35.505529114588164, 6.863884788004712, 21.94956431070495)->(34.205529162271844, 6.730806294554188, 21.94956431070495)
state:field-0.0, action:S, timestep:191, reward:0.8691157371176104
==================================================

coord:(34.205529162271844, 6.730806294554188, 21.94956431070495)->(34.205529162271844, 6.730806294554188, 21.94956431070495)
state:field-0.0, action:Wait, timestep:192, reward:-9.235016307229671e-08
==================================================

coord:(34.205529162271844, 6.730806294554188, 21.94956431070495)->(34.205529162271844, 8.133205096822149, 23.076230936045715)
state:field-0.0, action:D, timestep:193, reward:-1.2226028366107187
==================================================

coord:(34.205529162271844, 8.133205096822149, 23.076230936045715)->(34.205529162271844, 9.700357959691633, 23.076230936045715)
state:air-5.0, action:Wait, timestep:194, reward:-0.5077313500456313
==================================================

coord:(34.205529162271844, 9.700357959691633, 23.076230936045715)->(32.29886256554124, 8.969664290777729, 23.076230936045715)
state:field-0.0, action:S, timestep:195, reward:1.3340358904394414
==================================================

coord:(32.29886256554124, 8.969664290777729, 23.076230936045715)->(31.992449643510273, 8.955862625123546, 22.76981801401473)
state:field-0.0, action:SA, timestep:196, reward:0.4062262244304158
==================================================

coord:(31.992449643510273, 8.955862625123546, 22.76981801401473)->(31.992449643510273, 7.091554966084926, 22.76981801401473)
state:air-5.0, action:Wait, timestep:197, reward:0.5808026141835541
==================================================

coord:(31.992449643510273, 7.091554966084926, 22.76981801401473)->(29.045783084926736, 6.063429463693403, 22.76981801401473)
state:field-0.0, action:S, timestep:198, reward:1.7916380367210358
==================================================

coord:(29.045783084926736, 6.063429463693403, 22.76981801401473)->(29.045783084926736, 5.75979281930139, 20.94981808077196)
state:field-0.0, action:A, timestep:199, reward:1.595319933888831
==================================================

coord:(29.045783084926736, 5.75979281930139, 20.94981808077196)->(29.045783084926736, 4.098835326421953, 20.94981808077196)
state:air-5.0, action:Wait, timestep:200, reward:0.372346176775455
==================================================

coord:(29.045783084926736, 4.098835326421953, 20.94981808077196)->(25.36882802055494, 5.321479294713132, 24.626773145143755)
state:field-0.0, action:SD, timestep:201, reward:-1.985376380804155
==================================================

coord:(25.36882802055494, 5.321479294713132, 24.626773145143755)->(26.594479708678872, 5.184360417004906, 23.401121457019823)
state:field-0.0, action:WA, timestep:202, reward:0.7228094765683899
==================================================

coord:(26.594479708678872, 5.184360417004906, 23.401121457019823)->(28.003979150021394, 6.908826441871399, 24.810620898362345)
state:field-0.0, action:WD, timestep:203, reward:-2.229985272592984
==================================================

coord:(28.003979150021394, 6.908826441871399, 24.810620898362345)->(28.003979150021394, 7.719467496535955, 24.810620898362345)
state:air-5.0, action:Wait, timestep:204, reward:-0.23403195130083176
==================================================

coord:(28.003979150021394, 7.719467496535955, 24.810620898362345)->(25.923979226315367, 6.555527026366573, 24.810620898362345)
state:field-0.0, action:S, timestep:205, reward:1.0902912263828526
==================================================

coord:(25.923979226315367, 6.555527026366573, 24.810620898362345)->(25.923979226315367, 5.321479294713132, 24.810620898362345)
state:air-5.0, action:Wait, timestep:206, reward:0.3020946325497924
==================================================

coord:(25.923979226315367, 5.321479294713132, 24.810620898362345)->(25.923979226315367, 6.1833128807551425, 26.02395418719086)
state:field-0.0, action:D, timestep:207, reward:-1.312657591840285
==================================================

coord:(25.923979226315367, 6.1833128807551425, 26.02395418719086)->(25.923979226315367, 7.091554966084926, 26.02395418719086)
state:air-5.0, action:Wait, timestep:208, reward:-0.23622505548958372
==================================================

coord:(25.923979226315367, 7.091554966084926, 26.02395418719086)->(25.923979226315367, 7.091554966084926, 26.02395418719086)
state:field-0.0, action:Wait, timestep:209, reward:7.268424440098897e-08
==================================================

coord:(25.923979226315367, 7.091554966084926, 26.02395418719086)->(27.05064585165613, 8.133205096822149, 26.02395418719086)
state:field-0.0, action:W, timestep:210, reward:-0.678038448755661
==================================================

coord:(27.05064585165613, 8.133205096822149, 26.02395418719086)->(27.05064585165613, 9.206899012526016, 26.02395418719086)
state:air-5.0, action:Wait, timestep:211, reward:-0.3522120541137461
==================================================

coord:(27.05064585165613, 9.206899012526016, 26.02395418719086)->(26.989363267249935, 9.206899012526016, 25.962671602784663)
state:field-0.0, action:SA, timestep:212, reward:0.07450432793184447
==================================================

coord:(26.989363267249935, 9.206899012526016, 25.962671602784663)->(26.989363267249935, 7.091554966084926, 25.962671602784663)
state:air-5.0, action:Wait, timestep:213, reward:0.6575524911270207
==================================================

coord:(26.989363267249935, 7.091554966084926, 25.962671602784663)->(26.989363267249935, 6.838524429091582, 23.969338342566388)
state:field-0.0, action:A, timestep:214, reward:1.8420102572142767
==================================================

coord:(26.989363267249935, 6.838524429091582, 23.969338342566388)->(26.989363267249935, 5.184360417004906, 23.969338342566388)
state:air-5.0, action:Wait, timestep:215, reward:0.416133052116205
==================================================

coord:(26.989363267249935, 5.184360417004906, 23.969338342566388)->(29.06936319095596, 6.557373203102033, 23.969338342566388)
state:field-0.0, action:W, timestep:216, reward:-1.2016250882566908
==================================================

coord:(29.06936319095596, 6.557373203102033, 23.969338342566388)->(29.06936319095596, 7.231766021017783, 23.969338342566388)
state:air-5.0, action:Wait, timestep:217, reward:-0.18631975627994635
==================================================

coord:(29.06936319095596, 7.231766021017783, 23.969338342566388)->(28.088841840456816, 6.813115496174251, 22.988816992067242)
state:field-0.0, action:SA, timestep:218, reward:1.385721493717167
==================================================

coord:(28.088841840456816, 6.813115496174251, 22.988816992067242)->(28.088841840456816, 5.4979889792571965, 22.988816992067242)
state:air-5.0, action:Wait, timestep:219, reward:0.344397463216378
==================================================

coord:(28.088841840456816, 5.4979889792571965, 22.988816992067242)->(29.008080606549765, 6.557373203102033, 23.90805575816019)
state:field-0.0, action:WD, timestep:220, reward:-1.4639459050646693
==================================================

coord:(29.008080606549765, 6.557373203102033, 23.90805575816019)->(29.008080606549765, 7.231766021017783, 23.90805575816019)
state:air-5.0, action:Wait, timestep:221, reward:-0.18692365297315305
==================================================

coord:(29.008080606549765, 7.231766021017783, 23.90805575816019)->(26.92808068284374, 6.067825550848401, 23.90805575816019)
state:field-0.0, action:S, timestep:222, reward:1.1777628575359103
==================================================

coord:(26.92808068284374, 6.067825550848401, 23.90805575816019)->(26.92808068284374, 5.184360417004906, 23.90805575816019)
state:air-5.0, action:Wait, timestep:223, reward:0.2094321438165032
==================================================

coord:(26.92808068284374, 5.184360417004906, 23.90805575816019)->(26.92808068284374, 6.103130093383256, 25.034722383500956)
state:field-0.0, action:D, timestep:224, reward:-1.225452178194498
==================================================

coord:(26.92808068284374, 6.103130093383256, 25.034722383500956)->(26.92808068284374, 7.091554966084926, 25.034722383500956)
state:air-5.0, action:Wait, timestep:225, reward:-0.261355777583411
==================================================

coord:(26.92808068284374, 7.091554966084926, 25.034722383500956)->(24.934747422625463, 6.7879183216929135, 25.034722383500956)
state:field-0.0, action:S, timestep:226, reward:0.7326985078066102
==================================================

coord:(24.934747422625463, 6.7879183216929135, 25.034722383500956)->(24.934747422625463, 5.321479294713132, 25.034722383500956)
state:air-5.0, action:Wait, timestep:227, reward:0.36717696792746324
==================================================

coord:(24.934747422625463, 5.321479294713132, 25.034722383500956)->(24.934747422625463, 4.1575388245437495, 22.95472245979493)
state:field-0.0, action:A, timestep:228, reward:2.1721786912263568
==================================================

coord:(24.934747422625463, 4.1575388245437495, 22.95472245979493)->(24.934747422625463, 3.261820461414544, 22.95472245979493)
state:air-5.0, action:Wait, timestep:229, reward:0.1517425094889191
==================================================

coord:(24.934747422625463, 3.261820461414544, 22.95472245979493)->(23.831660903313924, 3.89032683908715, 24.05780897910647)
state:field-0.0, action:SD, timestep:230, reward:-0.8165332603134949
==================================================

coord:(23.831660903313924, 3.89032683908715, 24.05780897910647)->(26.084994153995453, 5.321479294713132, 24.05780897910647)
state:field-0.0, action:W, timestep:231, reward:-0.9775383589629136
==================================================

coord:(26.084994153995453, 5.321479294713132, 24.05780897910647)->(26.084994153995453, 6.103130093383256, 24.05780897910647)
state:air-5.0, action:Wait, timestep:232, reward:-0.18941234878948165
==================================================

coord:(26.084994153995453, 6.103130093383256, 24.05780897910647)->(26.084994153995453, 5.799493448991243, 22.931142353765704)
state:field-0.0, action:A, timestep:233, reward:1.0908632809213152
==================================================

coord:(26.084994153995453, 5.799493448991243, 22.931142353765704)->(26.084994153995453, 4.346794906183824, 22.931142353765704)
state:air-5.0, action:Wait, timestep:234, reward:0.328485014910612
==================================================

coord:(26.084994153995453, 4.346794906183824, 22.931142353765704)->(30.071660674432003, 6.063429463693403, 22.931142353765704)
state:field-0.0, action:W, timestep:235, reward:-2.1302337255773445
==================================================

coord:(30.071660674432003, 6.063429463693403, 22.931142353765704)->(30.071660674432003, 6.600307955923573, 22.931142353765704)
state:air-5.0, action:Wait, timestep:236, reward:-0.13916584866789705
==================================================

coord:(30.071660674432003, 6.600307955923573, 22.931142353765704)->(27.55832743328722, 4.920631073847381, 22.931142353765704)
state:field-0.0, action:S, timestep:237, reward:1.568647351013258
==================================================

coord:(27.55832743328722, 4.920631073847381, 22.931142353765704)->(26.455240913975683, 6.103130093383256, 24.034228873077243)
state:field-0.0, action:SD, timestep:238, reward:-0.8282318645686715
==================================================

coord:(26.455240913975683, 6.103130093383256, 24.034228873077243)->(26.455240913975683, 6.103130093383256, 24.034228873077243)
state:field-0.0, action:Wait, timestep:239, reward:-5.304523398308447e-08
==================================================

coord:(26.455240913975683, 6.103130093383256, 24.034228873077243)->(26.455240913975683, 6.103130093383256, 24.034228873077243)
state:field-0.0, action:Wait, timestep:240, reward:-5.304523398308447e-08
==================================================

coord:(26.455240913975683, 6.103130093383256, 24.034228873077243)->(26.455240913975683, 7.091554966084926, 26.02756213329552)
state:field-0.0, action:D, timestep:241, reward:-2.056696692178839
==================================================

coord:(26.455240913975683, 7.091554966084926, 26.02756213329552)->(26.455240913975683, 8.133205096822149, 26.02756213329552)
state:air-5.0, action:Wait, timestep:242, reward:-0.3057904146619208
==================================================

coord:(26.455240913975683, 8.133205096822149, 26.02756213329552)->(25.96498023872611, 8.03659343724287, 25.537301458045945)
state:field-0.0, action:SA, timestep:243, reward:0.6260345113790038
==================================================

coord:(25.96498023872611, 8.03659343724287, 25.537301458045945)->(25.96498023872611, 6.1833128807551425, 25.537301458045945)
state:air-5.0, action:Wait, timestep:244, reward:0.5227359939373635
==================================================

coord:(25.96498023872611, 6.1833128807551425, 25.537301458045945)->(27.129349342443845, 6.908826441871399, 24.37293235432821)
state:field-0.0, action:WA, timestep:245, reward:0.4466234214464677
==================================================

coord:(27.129349342443845, 6.908826441871399, 24.37293235432821)->(27.129349342443845, 6.908826441871399, 24.37293235432821)
state:field-0.0, action:Wait, timestep:246, reward:5.729357255290779e-07
==================================================

coord:(27.129349342443845, 6.908826441871399, 24.37293235432821)->(28.355001030567777, 6.557373203102033, 23.147280666204278)
state:field-0.0, action:WA, timestep:247, reward:0.6631012012020534
==================================================

coord:(28.355001030567777, 6.557373203102033, 23.147280666204278)->(28.355001030567777, 6.25373655871002, 21.933947377375762)
state:field-0.0, action:A, timestep:248, reward:1.114182014290268
==================================================

coord:(28.355001030567777, 6.25373655871002, 21.933947377375762)->(28.355001030567777, 4.549977332236839, 21.933947377375762)
state:air-5.0, action:Wait, timestep:249, reward:0.4078260062197039
==================================================

coord:(28.355001030567777, 4.549977332236839, 21.933947377375762)->(28.355001030567777, 5.4979889792571965, 23.060614002716527)
state:field-0.0, action:D, timestep:250, reward:-1.1780104482234464
==================================================

coord:(28.355001030567777, 5.4979889792571965, 23.060614002716527)->(28.355001030567777, 6.557373203102033, 23.060614002716527)
state:air-5.0, action:Wait, timestep:251, reward:-0.26992975969629285
==================================================

coord:(28.355001030567777, 6.557373203102033, 23.060614002716527)->(29.335522381066923, 7.231766021017783, 24.041135353215672)
state:field-0.0, action:WD, timestep:252, reward:-1.4610020215770376
==================================================

coord:(29.335522381066923, 7.231766021017783, 24.041135353215672)->(29.335522381066923, 8.513375861448784, 24.041135353215672)
state:air-5.0, action:Wait, timestep:253, reward:-0.3972736613097858
==================================================

coord:(29.335522381066923, 8.513375861448784, 24.041135353215672)->(29.335522381066923, 9.892149101304343, 26.034468613433948)
state:field-0.0, action:D, timestep:254, reward:-2.139323497711551
==================================================

coord:(29.335522381066923, 9.892149101304343, 26.034468613433948)->(29.335522381066923, 11.345167297443975, 26.034468613433948)
state:air-5.0, action:Wait, timestep:255, reward:-0.5517312893341817
==================================================

coord:(29.335522381066923, 11.345167297443975, 26.034468613433948)->(28.355001030567777, 11.645230657648455, 27.014989963933093)
state:field-0.0, action:SD, timestep:256, reward:-0.5600462415862353
==================================================

coord:(28.355001030567777, 11.645230657648455, 27.014989963933093)->(28.355001030567777, 11.645230657648455, 27.014989963933093)
state:death-0.0, action:WD, timestep:257, reward:-999999
==================================================

