coord:(9.0, 20.0, 22.0)->(9.0, 20.0, 22.0)
state:field-4, action:Wait, timestep:1, reward:-0.0
==================================================

coord:(9.0, 20.0, 22.0)->(5.323044935628271, 12.128450021897944, 25.676955064371796)
state:field-4.0, action:SD, timestep:2, reward:-1.8226151458440967
==================================================

coord:(5.323044935628271, 12.128450021897944, 25.676955064371796)->(5.323044935628271, 10.828450069581624, 25.676955064371796)
state:wall-14.0, action:S, timestep:3, reward:-0.29479128004915367
==================================================

coord:(5.323044935628271, 10.828450069581624, 25.676955064371796)->(5.323044935628271, 10.828450069581624, 25.676955064371796)
state:air-9.0, action:j, timestep:4, reward:8.952438150799935e-07
==================================================

coord:(5.323044935628271, 10.828450069581624, 25.676955064371796)->(5.323044935628271, 10.828450069581624, 25.676955064371796)
state:parachute-19.0, action:SDj, timestep:5, reward:8.952438150799935e-07
==================================================

coord:(5.323044935628271, 10.828450069581624, 25.676955064371796)->(5.323044935628271, 13.428449974214157, 26.0269550643718)
state:wall-14.0, action:Wj, timestep:6, reward:0.7176781645018693
==================================================

coord:(5.323044935628271, 13.428449974214157, 26.0269550643718)->(5.323044935628271, 5.285467238246514, 26.0269550643718)
state:air-9.0, action:Wait, timestep:7, reward:-2.2720331652578523
==================================================

coord:(5.323044935628271, 5.285467238246514, 26.0269550643718)->(5.323044935628271, 7.8854671428791, 27.02695506437182)
state:wall-14.0, action:Wj, timestep:8, reward:1.3561455584144113
==================================================

coord:(5.323044935628271, 7.8854671428791, 27.02695506437182)->(5.323044935628271, 0.8964506454922149, 27.02695506437182)
state:air-8.0, action:Wait, timestep:9, reward:-2.775016948689874
==================================================

coord:(5.323044935628271, 0.8964506454922149, 27.02695506437182)->(9.823044935628255, 1.0777179878107976, 27.02695506437182)
state:field-3.0, action:Wsj, timestep:10, reward:3.4877446615517442
==================================================

coord:(9.823044935628255, 1.0777179878107976, 27.02695506437182)->(13.28971147513837, 0.8964506454922149, 27.02695506437182)
state:field-3.0, action:Wj, timestep:11, reward:2.3520513563046705
==================================================

coord:(13.28971147513837, 0.8964506454922149, 27.02695506437182)->(14.676378090942416, 0.8082362759396398, 27.02695506437182)
state:field-3.0, action:W, timestep:12, reward:0.8781847220457379
==================================================

coord:(14.676378090942416, 0.8082362759396398, 27.02695506437182)->(10.276378090942432, 1.0653847105016305, 27.02695506437182)
state:field-3.0, action:Ssj, timestep:13, reward:-2.9067810454558014
==================================================

coord:(10.276378090942432, 1.0653847105016305, 27.02695506437182)->(12.298703376346861, 2.0297010454992286, 29.049280349776307)
state:field-2.0, action:WDj, timestep:14, reward:2.879458668388274
==================================================

coord:(12.298703376346861, 2.0297010454992286, 29.049280349776307)->(11.318182025847744, 3.001835666825593, 30.029801700275453)
state:field-2.0, action:SDj, timestep:15, reward:0.19092488976076538
==================================================

coord:(11.318182025847744, 3.001835666825593, 30.029801700275453)->(11.318182025847744, 3.001835666825593, 30.029801700275453)
state:field-2.0, action:Wait, timestep:16, reward:-7.083837658683478e-07
==================================================

coord:(11.318182025847744, 3.001835666825593, 30.029801700275453)->(9.267572453119245, 1.9728356668255935, 27.979192127547005)
state:field-2.0, action:SAs, timestep:17, reward:-2.9342735912235867
==================================================

coord:(9.267572453119245, 1.9728356668255935, 27.979192127547005)->(9.267572453119245, 1.0777179878107976, 27.979192127547005)
state:air-7.0, action:Wait, timestep:18, reward:-0.4472390848020993
==================================================

coord:(9.267572453119245, 1.0777179878107976, 27.979192127547005)->(9.267572453119245, 1.5756556020730843, 28.079192127547007)
state:field-2.0, action:Dsj, timestep:19, reward:0.2940479570011689
==================================================

coord:(9.267572453119245, 1.5756556020730843, 28.079192127547007)->(12.647572329141607, 1.4206047174897594, 28.079192127547007)
state:field-2.0, action:Wj, timestep:20, reward:2.3843959373018535
==================================================

coord:(12.647572329141607, 1.4206047174897594, 28.079192127547007)->(14.627471226948433, 2.3572997362478776, 30.059091025353784)
state:field-2.0, action:WDsj, timestep:21, reward:2.801335924187974
==================================================

coord:(14.627471226948433, 2.3572997362478776, 30.059091025353784)->(18.007471102970754, 2.1778782237680883, 30.059091025353784)
state:field-2.0, action:Wj, timestep:22, reward:2.1783906135293165
==================================================

coord:(18.007471102970754, 2.1778782237680883, 30.059091025353784)->(18.007471102970754, 0.41301027985857514, 30.059091025353784)
state:air-7.0, action:Wait, timestep:23, reward:-1.0970805947596958
==================================================

coord:(18.007471102970754, 0.41301027985857514, 30.059091025353784)->(21.401583499210943, 0.4448722527607861, 33.453203421593976)
state:field-2.0, action:WDsj, timestep:24, reward:3.4916640940344905
==================================================

coord:(21.401583499210943, 0.4448722527607861, 33.453203421593976)->(19.601583499210918, 0.23362717226693475, 33.453203421593976)
state:field-1.0, action:Ss, timestep:25, reward:-1.2195458653272553
==================================================

coord:(19.601583499210918, 0.23362717226693475, 33.453203421593976)->(18.49849697989938, 0.2279109544716696, 32.3501169022825)
state:field-1.0, action:SA, timestep:26, reward:-1.1118020352473792
==================================================

coord:(18.49849697989938, 0.2279109544716696, 32.3501169022825)->(17.99849697989937, 0.2279109544716696, 32.3501169022825)
state:field-1.0, action:Ss, timestep:27, reward:-0.3163610377937367
==================================================

coord:(17.99849697989937, 0.2279109544716696, 32.3501169022825)->(17.99849697989937, 2.73777365333501, 32.3501169022825)
state:air-6.0, action:Wait, timestep:28, reward:1.6029902084501728
==================================================

coord:(17.99849697989937, 2.73777365333501, 32.3501169022825)->(17.99849697989937, 2.73777365333501, 32.3501169022825)
state:field-1.0, action:j, timestep:29, reward:-8.956758037470536e-07
==================================================

coord:(17.99849697989937, 2.73777365333501, 32.3501169022825)->(18.069207654821042, 2.73777365333501, 32.42082757720417)
state:field-1.0, action:WDs, timestep:30, reward:0.07680697190362551
==================================================

coord:(18.069207654821042, 2.73777365333501, 32.42082757720417)->(18.069207654821042, 0.2279109544716696, 32.42082757720417)
state:air-6.0, action:Wait, timestep:31, reward:-1.6071335977343928
==================================================

coord:(18.069207654821042, 0.2279109544716696, 32.42082757720417)->(18.069207654821042, 0.8061109704933993, 36.02082757720422)
state:field-1.0, action:Dsj, timestep:32, reward:1.6069403905448212
==================================================

coord:(18.069207654821042, 0.8061109704933993, 36.02082757720422)->(18.069207654821042, 18.01365697838211, 36.02082757720422)
state:air-6.0, action:Wait, timestep:33, reward:7.475428516400246
==================================================

coord:(18.069207654821042, 18.01365697838211, 36.02082757720422)->(18.069207654821042, 18.096466975923217, 35.93416091371647)
state:field-1.0, action:Aj, timestep:34, reward:-0.02586648944870973
==================================================

coord:(18.069207654821042, 18.096466975923217, 35.93416091371647)->(18.069207654821042, 9.953484239955573, 35.93416091371647)
state:air-6.0, action:Wait, timestep:35, reward:-2.233685755654541
==================================================

coord:(18.069207654821042, 9.953484239955573, 35.93416091371647)->(18.069207654821042, 8.653484287639253, 35.93416091371647)
state:wall-11.0, action:S, timestep:36, reward:-0.5994059857662002
==================================================

coord:(18.069207654821042, 8.653484287639253, 35.93416091371647)->(18.069207654821042, 8.653484287639253, 35.93416091371647)
state:air-6.0, action:j, timestep:37, reward:-6.970699111263912e-07
==================================================

coord:(18.069207654821042, 8.653484287639253, 35.93416091371647)->(18.069207654821042, 8.653484287639253, 35.93416091371647)
state:parachute-16.0, action:j, timestep:38, reward:-6.970699111263912e-07
==================================================

coord:(18.069207654821042, 8.653484287639253, 35.93416091371647)->(18.069207654821042, 9.953484239955573, 36.03416091371646)
state:wall-11.0, action:W, timestep:39, reward:0.6344379383939902
==================================================

coord:(18.069207654821042, 9.953484239955573, 36.03416091371646)->(18.069207654821042, 18.01365697838211, 36.03416091371646)
state:air-6.0, action:Wait, timestep:40, reward:2.2296715926432995
==================================================

coord:(18.069207654821042, 18.01365697838211, 36.03416091371646)->(17.99849697989937, 18.077356978827158, 36.10487158863813)
state:field-1.0, action:SDsj, timestep:41, reward:-0.03175929397771782
==================================================

coord:(17.99849697989937, 18.077356978827158, 36.10487158863813)->(17.99849697989937, 18.077356978827158, 36.10487158863813)
state:air-6.0, action:j, timestep:42, reward:-3.189275687986992e-08
==================================================

coord:(17.99849697989937, 18.077356978827158, 36.10487158863813)->(18.085163643387123, 18.012356981211344, 36.10487158863813)
state:parachute-16.0, action:W, timestep:43, reward:0.07348547304536623
==================================================

coord:(18.085163643387123, 18.012356981211344, 36.10487158863813)->(18.085163643387123, 18.01365697838211, 36.10487158863813)
state:air-6.0, action:Wait, timestep:44, reward:0.00012458290670025463
==================================================

coord:(18.085163643387123, 18.01365697838211, 36.10487158863813)->(18.085163643387123, 18.174676418246268, 35.931538261662624)
state:field-1.0, action:Aj, timestep:45, reward:-0.05221614254818263
==================================================

coord:(18.085163643387123, 18.174676418246268, 35.931538261662624)->(18.085163643387123, 10.03169368227862, 35.931538261662624)
state:air-6.0, action:Wait, timestep:46, reward:-2.2078505344690242
==================================================

coord:(18.085163643387123, 10.03169368227862, 35.931538261662624)->(18.085163643387123, 12.631693586911153, 36.03153826166262)
state:wall-11.0, action:Wj, timestep:47, reward:1.045209885477849
==================================================

coord:(18.085163643387123, 12.631693586911153, 36.03153826166262)->(18.085163643387123, 18.01365697838211, 36.03153826166262)
state:air-5.0, action:Wait, timestep:48, reward:1.1866305607519223
==================================================

coord:(18.085163643387123, 18.01365697838211, 36.03153826166262)->(18.085163643387123, 18.01365697838211, 35.94487159817486)
state:field-0.0, action:A, timestep:49, reward:-0.03364499531620524
==================================================

coord:(18.085163643387123, 18.01365697838211, 35.94487159817486)->(18.085163643387123, 18.01365697838211, 35.94487159817486)
state:air-5.0, action:j, timestep:50, reward:6.345666072604672e-07
==================================================

coord:(18.085163643387123, 18.01365697838211, 35.94487159817486)->(18.14644622779332, 17.948656980766295, 36.00615418258106)
state:parachute-15.0, action:WD, timestep:51, reward:0.07361802867308498
==================================================

coord:(18.14644622779332, 17.948656980766295, 36.00615418258106)->(18.14644622779332, 18.01365697838211, 36.00615418258106)
state:air-5.0, action:Wait, timestep:52, reward:0.00637718428444245
==================================================

coord:(18.14644622779332, 18.01365697838211, 36.00615418258106)->(19.20710635161838, 18.010934756159887, 37.066814306406116)
state:field-0.0, action:WDs, timestep:53, reward:1.375060565317824
==================================================

coord:(19.20710635161838, 18.010934756159887, 37.066814306406116)->(19.20710635161838, 9.867952020192243, 37.066814306406116)
state:air-5.0, action:Wait, timestep:54, reward:-2.4181751895046943
==================================================

coord:(19.20710635161838, 9.867952020192243, 37.066814306406116)->(19.20710635161838, 8.567952067875924, 36.96681430640612)
state:wall-10.0, action:S, timestep:55, reward:-0.670307029127958
==================================================

coord:(19.20710635161838, 8.567952067875924, 36.96681430640612)->(19.20710635161838, 17.59454003445045, 36.96681430640612)
state:air-5.0, action:Wait, timestep:56, reward:3.0046380846644034
==================================================

coord:(19.20710635161838, 17.59454003445045, 36.96681430640612)->(20.197055800521767, 18.238617818458902, 35.97686485750273)
state:field-0.0, action:WAsj, timestep:57, reward:0.5798624508721666
==================================================

coord:(20.197055800521767, 18.238617818458902, 35.97686485750273)->(20.197055800521767, 10.095635082491254, 35.97686485750273)
state:air-5.0, action:Wait, timestep:58, reward:-2.387161925785879
==================================================

coord:(20.197055800521767, 10.095635082491254, 35.97686485750273)->(20.197055800521767, 8.795635130174935, 35.97686485750273)
state:wall-10.0, action:S, timestep:59, reward:-0.6408290380705779
==================================================

coord:(20.197055800521767, 8.795635130174935, 35.97686485750273)->(20.197055800521767, 8.795635130174935, 35.97686485750273)
state:air-5.0, action:j, timestep:60, reward:4.82331330431407e-08
==================================================

coord:(20.197055800521767, 8.795635130174935, 35.97686485750273)->(20.197055800521767, 8.795635130174935, 35.97686485750273)
state:parachute-15.0, action:Aj, timestep:61, reward:4.82331330431407e-08
==================================================

coord:(20.197055800521767, 8.795635130174935, 35.97686485750273)->(20.197055800521767, 7.495635177858636, 35.97686485750273)
state:wall-10.0, action:S, timestep:62, reward:-0.697940033199405
==================================================

coord:(20.197055800521767, 7.495635177858636, 35.97686485750273)->(20.197055800521767, 7.495635177858636, 35.97686485750273)
state:air-5.0, action:j, timestep:63, reward:7.932166106172645e-07
==================================================

coord:(20.197055800521767, 7.495635177858636, 35.97686485750273)->(20.197055800521767, 7.495635177858636, 35.97686485750273)
state:parachute-15.0, action:WAj, timestep:64, reward:7.932166106172645e-07
==================================================

coord:(20.197055800521767, 7.495635177858636, 35.97686485750273)->(20.197055800521767, 6.19563522554237, 35.97686485750273)
state:wall-10.0, action:S, timestep:65, reward:-0.7498925441785431
==================================================

coord:(20.197055800521767, 6.19563522554237, 35.97686485750273)->(20.197055800521767, 6.19563522554237, 35.97686485750273)
state:air-5.0, action:j, timestep:66, reward:6.442980193810399e-07
==================================================

coord:(20.197055800521767, 6.19563522554237, 35.97686485750273)->(20.197055800521767, 6.19563522554237, 35.97686485750273)
state:parachute-15.0, action:Aj, timestep:67, reward:6.442980193810399e-07
==================================================

coord:(20.197055800521767, 6.19563522554237, 35.97686485750273)->(20.197055800521767, 7.495635177858635, 36.02686485750273)
state:wall-10.0, action:W, timestep:68, reward:0.7677308162474077
==================================================

coord:(20.197055800521767, 7.495635177858635, 36.02686485750273)->(20.197055800521767, 16.917569391489224, 36.02686485750273)
state:air-5.0, action:Wait, timestep:69, reward:3.5590053413587803
==================================================

coord:(20.197055800521767, 16.917569391489224, 36.02686485750273)->(20.126345125600096, 16.917569391489224, 35.95615418258106)
state:field-0.0, action:SAs, timestep:70, reward:-0.09296555917347504
==================================================

coord:(20.126345125600096, 16.917569391489224, 35.95615418258106)->(20.126345125600096, 16.917569391489224, 35.95615418258106)
state:air-5.0, action:j, timestep:71, reward:5.205384390194467e-07
==================================================

coord:(20.126345125600096, 16.917569391489224, 35.95615418258106)->(23.006626592691337, 13.862569503545956, 33.075872715489986)
state:parachute-15.0, action:WA, timestep:72, reward:0.16183852995067838
==================================================

coord:(23.006626592691337, 13.862569503545956, 33.075872715489986)->(23.006626592691337, 9.38893370440675, 33.075872715489986)
state:air-5.0, action:Wait, timestep:73, reward:-1.8985362695529169
==================================================

coord:(23.006626592691337, 9.38893370440675, 33.075872715489986)->(23.006626592691337, 8.457996674488252, 31.16920611875942)
state:field-0.0, action:A, timestep:74, reward:-1.5364806895730823
==================================================

coord:(23.006626592691337, 8.457996674488252, 31.16920611875942)->(25.086626516397363, 9.956918478215421, 31.16920611875942)
state:field-0.0, action:W, timestep:75, reward:2.033818325797256
==================================================

coord:(25.086626516397363, 9.956918478215421, 31.16920611875942)->(25.086626516397363, 11.569478874068835, 31.16920611875942)
state:air-5.0, action:Wait, timestep:76, reward:0.7519360451776933
==================================================

coord:(25.086626516397363, 11.569478874068835, 31.16920611875942)->(26.00586529037908, 12.349710411076664, 30.2499673447777)
state:field-0.0, action:WAs, timestep:77, reward:0.23739467630191768
==================================================

coord:(26.00586529037908, 12.349710411076664, 30.2499673447777)->(27.045865252232094, 13.98004049266512, 30.2499673447777)
state:field-0.0, action:Wj, timestep:78, reward:1.1845692514391999
==================================================

coord:(27.045865252232094, 13.98004049266512, 30.2499673447777)->(27.84253884951265, 15.020545441800547, 31.046640942058257)
state:field-0.0, action:WDj, timestep:79, reward:1.384186073192332
==================================================

coord:(27.84253884951265, 15.020545441800547, 31.046640942058257)->(26.994010750452603, 15.605278780474457, 30.19811284299821)
state:field-0.0, action:SAsj, timestep:80, reward:-0.9781080019035144
==================================================

coord:(26.994010750452603, 15.605278780474457, 30.19811284299821)->(26.994010750452603, 12.349710411076664, 30.19811284299821)
state:air-5.0, action:Wait, timestep:81, reward:-1.0805572217706114
==================================================

coord:(26.994010750452603, 12.349710411076664, 30.19811284299821)->(26.13605456876585, 13.268873328369823, 31.056069024684962)
state:field-0.0, action:SDj, timestep:82, reward:0.495184783987046
==================================================

coord:(26.13605456876585, 13.268873328369823, 31.056069024684962)->(24.971685465048115, 12.71680670220252, 32.220438128402684)
state:field-0.0, action:SD, timestep:83, reward:-0.15340901851169164
==================================================

coord:(24.971685465048115, 12.71680670220252, 32.220438128402684)->(24.971685465048115, 10.559263565285978, 32.220438128402684)
state:air-5.0, action:Wait, timestep:84, reward:-0.9584841013186107
==================================================

coord:(24.971685465048115, 10.559263565285978, 32.220438128402684)->(26.013489399953457, 11.910532706421922, 31.178634193497352)
state:field-0.0, action:WA, timestep:85, reward:0.5795127229747123
==================================================

coord:(26.013489399953457, 11.910532706421922, 31.178634193497352)->(26.013489399953457, 13.268873328369823, 31.178634193497352)
state:air-5.0, action:Wait, timestep:86, reward:0.5455758303067313
==================================================

coord:(26.013489399953457, 13.268873328369823, 31.178634193497352)->(27.0552933348588, 13.98004049266512, 30.13683025859201)
state:field-0.0, action:WA, timestep:87, reward:0.08476426797392378
==================================================

coord:(27.0552933348588, 13.98004049266512, 30.13683025859201)->(29.048626595077074, 15.620376208807022, 30.13683025859201)
state:field-0.0, action:W, timestep:88, reward:1.5212680470393956
==================================================

coord:(29.048626595077074, 15.620376208807022, 30.13683025859201)->(29.048626595077074, 17.22685325412422, 30.13683025859201)
state:air-5.0, action:Wait, timestep:89, reward:0.3504205751166616
==================================================

coord:(29.048626595077074, 17.22685325412422, 30.13683025859201)->(29.048626595077074, 16.9232166097322, 28.923496969763494)
state:field-0.0, action:A, timestep:90, reward:-1.0998489795689714
==================================================

coord:(29.048626595077074, 16.9232166097322, 28.923496969763494)->(29.048626595077074, 14.34979245982817, 28.923496969763494)
state:air-5.0, action:Wait, timestep:91, reward:-0.6366220350532181
==================================================

coord:(29.048626595077074, 14.34979245982817, 28.923496969763494)->(28.06810524457793, 13.86673416193178, 27.94297561926435)
state:field-0.0, action:SA, timestep:92, reward:-1.4137966148714796
==================================================

coord:(28.06810524457793, 13.86673416193178, 27.94297561926435)->(28.06810524457793, 11.645230657648455, 27.94297561926435)
state:air-5.0, action:Wait, timestep:93, reward:-0.8136806167768178
==================================================

coord:(28.06810524457793, 11.645230657648455, 27.94297561926435)->(28.06810524457793, 11.341594013256437, 25.949642359046074)
state:field-0.0, action:A, timestep:94, reward:-1.7373539303195962
==================================================

coord:(28.06810524457793, 11.341594013256437, 25.949642359046074)->(28.06810524457793, 8.969664290777729, 25.949642359046074)
state:air-5.0, action:Wait, timestep:95, reward:-1.0404682056207655
==================================================

coord:(28.06810524457793, 8.969664290777729, 25.949642359046074)->(29.967865361170023, 8.513375861448784, 24.04988224245398)
state:field-0.0, action:WA, timestep:96, reward:-1.108546268669489
==================================================

coord:(29.967865361170023, 8.513375861448784, 24.04988224245398)->(32.04786528487605, 9.956918478215421, 24.04988224245398)
state:field-0.0, action:W, timestep:97, reward:1.1929306576767935
==================================================

coord:(32.04786528487605, 9.956918478215421, 24.04988224245398)->(32.04786528487605, 10.559263565285978, 24.04988224245398)
state:air-5.0, action:Wait, timestep:98, reward:0.25794726521727185
==================================================

coord:(32.04786528487605, 10.559263565285978, 24.04988224245398)->(29.967865361170027, 9.395323095116586, 24.04988224245398)
state:field-0.0, action:S, timestep:99, reward:-1.0427060483503965
==================================================

coord:(29.967865361170027, 9.395323095116586, 24.04988224245398)->(29.967865361170027, 8.513375861448784, 24.04988224245398)
state:air-5.0, action:Wait, timestep:100, reward:-0.40817166539800454
==================================================

coord:(29.967865361170027, 8.513375861448784, 24.04988224245398)->(29.967865361170027, 8.513375861448784, 24.04988224245398)
state:field-0.0, action:Wait, timestep:101, reward:9.420238704649364e-07
==================================================

coord:(29.967865361170027, 8.513375861448784, 24.04988224245398)->(29.967865361170027, 8.209739217056766, 22.923215617113215)
state:field-0.0, action:A, timestep:102, reward:-1.0826261305871512
==================================================

coord:(29.967865361170027, 8.209739217056766, 22.923215617113215)->(29.967865361170027, 6.063429463693403, 22.923215617113215)
state:air-5.0, action:Wait, timestep:103, reward:-1.0746638735752612
==================================================

coord:(29.967865361170027, 6.063429463693403, 22.923215617113215)->(29.967865361170027, 7.231766021017783, 24.04988224245398)
state:field-0.0, action:D, timestep:104, reward:1.5200198907018425
==================================================

coord:(29.967865361170027, 7.231766021017783, 24.04988224245398)->(29.967865361170027, 8.513375861448784, 24.04988224245398)
state:air-5.0, action:Wait, timestep:105, reward:0.6372709157787533
==================================================

coord:(29.967865361170027, 8.513375861448784, 24.04988224245398)->(29.967865361170027, 9.892149101304343, 26.043215502672254)
state:field-0.0, action:D, timestep:106, reward:2.2976942370889013
==================================================

coord:(29.967865361170027, 9.892149101304343, 26.043215502672254)->(29.967865361170027, 11.345167297443975, 26.043215502672254)
state:air-5.0, action:Wait, timestep:107, reward:0.6353295984315679
==================================================

coord:(29.967865361170027, 11.345167297443975, 26.043215502672254)->(31.00786532302304, 12.349710411076664, 26.043215502672254)
state:field-0.0, action:W, timestep:108, reward:0.7201101560352505
==================================================

coord:(31.00786532302304, 12.349710411076664, 26.043215502672254)->(31.00786532302304, 13.268873328369823, 26.043215502672254)
state:air-5.0, action:Wait, timestep:109, reward:0.32632025510860885
==================================================

coord:(31.00786532302304, 13.268873328369823, 26.043215502672254)->(30.946582738616843, 13.268873328369823, 25.981932918266057)
state:field-0.0, action:SA, timestep:110, reward:-0.0731034805895483
==================================================

coord:(30.946582738616843, 13.268873328369823, 25.981932918266057)->(30.946582738616843, 10.76803660460999, 25.981932918266057)
state:air-5.0, action:Wait, timestep:111, reward:-0.9667180211543211
==================================================

coord:(30.946582738616843, 10.76803660460999, 25.981932918266057)->(29.9047788037115, 10.76803660460999, 24.940128983360715)
state:field-0.0, action:SA, timestep:112, reward:-1.2038408435137207
==================================================

coord:(29.9047788037115, 10.76803660460999, 24.940128983360715)->(29.9047788037115, 8.513375861448784, 24.940128983360715)
state:air-5.0, action:Wait, timestep:113, reward:-1.0223487470890333
==================================================

coord:(29.9047788037115, 8.513375861448784, 24.940128983360715)->(29.9047788037115, 8.513375861448784, 24.940128983360715)
state:field-0.0, action:Wait, timestep:114, reward:-3.431583692758977e-07
==================================================

coord:(29.9047788037115, 8.513375861448784, 24.940128983360715)->(30.027343972523894, 9.892149101304343, 25.06269415217311)
state:field-0.0, action:WD, timestep:115, reward:0.7872262394574925
==================================================

coord:(30.027343972523894, 9.892149101304343, 25.06269415217311)->(30.027343972523894, 10.76803660460999, 25.06269415217311)
state:air-5.0, action:Wait, timestep:116, reward:0.37843787225802217
==================================================

coord:(30.027343972523894, 10.76803660460999, 25.06269415217311)->(33.06067719459523, 12.26937601343067, 25.06269415217311)
state:field-0.0, action:W, timestep:117, reward:1.3613119427675109
==================================================

coord:(33.06067719459523, 12.26937601343067, 25.06269415217311)->(33.06067719459523, 12.842883997674194, 25.06269415217311)
state:air-5.0, action:Wait, timestep:118, reward:0.20596466568824923
==================================================

coord:(33.06067719459523, 12.842883997674194, 25.06269415217311)->(30.98067727088916, 11.678943527504803, 25.06269415217311)
state:field-0.0, action:S, timestep:119, reward:-0.9184787019142853
==================================================

coord:(30.98067727088916, 11.678943527504803, 25.06269415217311)->(30.98067727088916, 10.76803660460999, 25.06269415217311)
state:air-5.0, action:Wait, timestep:120, reward:-0.3679599810355292
==================================================

coord:(30.98067727088916, 10.76803660460999, 25.06269415217311)->(29.938873335983818, 10.2849783067136, 24.020890217267766)
state:field-0.0, action:SA, timestep:121, reward:-1.400274776022222
==================================================

coord:(29.938873335983818, 10.2849783067136, 24.020890217267766)->(29.938873335983818, 8.513375861448784, 24.020890217267766)
state:air-5.0, action:Wait, timestep:122, reward:-0.7921848887593193
==================================================

coord:(29.938873335983818, 8.513375861448784, 24.020890217267766)->(28.958351985484672, 8.030317563552394, 23.04036886676862)
state:field-0.0, action:SA, timestep:123, reward:-1.3378057551928642
==================================================

coord:(28.958351985484672, 8.030317563552394, 23.04036886676862)->(28.958351985484672, 6.557373203102033, 23.04036886676862)
state:air-5.0, action:Wait, timestep:124, reward:-0.7253001186169996
==================================================

coord:(28.958351985484672, 6.557373203102033, 23.04036886676862)->(28.958351985484672, 7.719467496535955, 25.033702126986896)
state:field-0.0, action:D, timestep:125, reward:2.1830325546798335
==================================================

coord:(28.958351985484672, 7.719467496535955, 25.033702126986896)->(28.958351985484672, 8.969664290777729, 25.033702126986896)
state:air-5.0, action:Wait, timestep:126, reward:0.6154682362857145
==================================================

coord:(28.958351985484672, 8.969664290777729, 25.033702126986896)->(28.958351985484672, 8.969664290777729, 25.033702126986896)
state:field-0.0, action:Wait, timestep:127, reward:-7.425961214835297e-07
==================================================

coord:(28.958351985484672, 8.969664290777729, 25.033702126986896)->(29.938873335983818, 9.892149101304343, 26.01422347748604)
state:field-0.0, action:WD, timestep:128, reward:1.561522269272956
==================================================

coord:(29.938873335983818, 9.892149101304343, 26.01422347748604)->(29.938873335983818, 11.345167297443975, 26.01422347748604)
state:air-5.0, action:Wait, timestep:129, reward:0.6343323501366562
==================================================

coord:(29.938873335983818, 11.345167297443975, 26.01422347748604)->(31.065539961324582, 12.349710411076664, 26.01422347748604)
state:field-0.0, action:W, timestep:130, reward:0.7457249634741387
==================================================

coord:(31.065539961324582, 12.349710411076664, 26.01422347748604)->(31.065539961324582, 13.268873328369823, 26.01422347748604)
state:air-5.0, action:Wait, timestep:131, reward:0.3261785872000189
==================================================

coord:(31.065539961324582, 13.268873328369823, 26.01422347748604)->(32.10734389622992, 14.071575557758527, 27.056027412391384)
state:field-0.0, action:WD, timestep:132, reward:1.4941191495823674
==================================================

coord:(32.10734389622992, 14.071575557758527, 27.056027412391384)->(32.10734389622992, 15.929215305050263, 27.056027412391384)
state:air-5.0, action:Wait, timestep:133, reward:0.5060468026503209
==================================================

coord:(32.10734389622992, 15.929215305050263, 27.056027412391384)->(33.08786524672901, 16.673795318751065, 28.03654876289053)
state:field-0.0, action:WD, timestep:134, reward:1.3309082706912747
==================================================

coord:(33.08786524672901, 16.673795318751065, 28.03654876289053)->(33.08786524672901, 18.63020038062031, 28.03654876289053)
state:air-5.0, action:Wait, timestep:135, reward:0.2762114665271689
==================================================

coord:(33.08786524672901, 18.63020038062031, 28.03654876289053)->(37.76786507506776, 19.628716716337465, 28.03654876289053)
state:field-0.0, action:W, timestep:136, reward:0.5065945935408962
==================================================

coord:(37.76786507506776, 19.628716716337465, 28.03654876289053)->(37.76786507506776, 19.628716716337465, 28.03654876289053)
state:field-0.0, action:Wait, timestep:137, reward:-6.43570530201032e-08
==================================================

coord:(37.76786507506776, 19.628716716337465, 28.03654876289053)->(37.76786507506776, 19.628716716337465, 28.03654876289053)
state:field-0.0, action:Wait, timestep:138, reward:-6.43570530201032e-08
==================================================

coord:(37.76786507506776, 19.628716716337465, 28.03654876289053)->(37.76786507506776, 19.628716716337465, 28.03654876289053)
state:field-0.0, action:Wait, timestep:139, reward:-6.43570530201032e-08
==================================================

coord:(37.76786507506776, 19.628716716337465, 28.03654876289053)->(39.93453166226163, 18.63020038062031, 28.03654876289053)
state:field-0.0, action:W, timestep:140, reward:-0.3024137902313484
==================================================

coord:(39.93453166226163, 18.63020038062031, 28.03654876289053)->(35.254531833922876, 19.628716716337465, 28.03654876289053)
state:field-0.0, action:S, timestep:141, reward:0.22574799569092718
==================================================

coord:(35.254531833922876, 19.628716716337465, 28.03654876289053)->(37.76786507506776, 19.628716716337465, 28.03654876289053)
state:field-0.0, action:W, timestep:142, reward:0.07666486026452901
==================================================

coord:(37.76786507506776, 19.628716716337465, 28.03654876289053)->(34.09091001069618, 20.0, 31.713503827262326)
state:field-0.0, action:SD, timestep:143, reward:3.360025653218427
==================================================

coord:(34.09091001069618, 20.0, 31.713503827262326)->(34.09091001069618, 20.0, 36.913503636527594)
state:field-0.0, action:D, timestep:144, reward:4.965827124931695
==================================================

coord:(34.09091001069618, 20.0, 36.913503636527594)->(34.09091001069618, 20.0, 42.11350344579287)
state:field-0.0, action:D, timestep:145, reward:4.193139416135482
==================================================

coord:(34.09091001069618, 20.0, 42.11350344579287)->(34.09091001069618, 20.0, 42.11350344579287)
state:field-0.0, action:Wait, timestep:146, reward:1.0148399276488362e-07
==================================================

coord:(34.09091001069618, 20.0, 42.11350344579287)->(34.09091001069618, 19.696363355607982, 45.06017000437653)
state:field-0.0, action:D, timestep:147, reward:0.3561259179527312
==================================================

coord:(34.09091001069618, 19.696363355607982, 45.06017000437653)->(34.09091001069618, 17.22685325412422, 45.06017000437653)
state:air-5.0, action:Wait, timestep:148, reward:-1.0454712359794422
==================================================

coord:(34.09091001069618, 17.22685325412422, 45.06017000437653)->(37.73090987718187, 17.567454896427755, 45.06017000437653)
state:field-0.0, action:W, timestep:149, reward:1.404217919201455
==================================================

coord:(37.73090987718187, 17.567454896427755, 45.06017000437653)->(37.66962729277568, 17.567454896427755, 44.99888741997034)
state:field-0.0, action:SA, timestep:150, reward:0.038788073521371924
==================================================

coord:(37.66962729277568, 17.567454896427755, 44.99888741997034)->(37.66962729277568, 19.628716716337465, 44.99888741997034)
state:air-5.0, action:Wait, timestep:151, reward:1.4549864430029282
==================================================

coord:(37.66962729277568, 19.628716716337465, 44.99888741997034)->(37.73090987718187, 19.628716716337465, 45.06017000437653)
state:field-0.0, action:WD, timestep:152, reward:-0.08158277096175182
==================================================

coord:(37.73090987718187, 19.628716716337465, 45.06017000437653)->(37.73090987718187, 17.567454896427755, 45.06017000437653)
state:air-5.0, action:Wait, timestep:153, reward:-1.412191787867942
==================================================

coord:(37.73090987718187, 17.567454896427755, 45.06017000437653)->(35.30424329952474, 17.567454896427755, 45.06017000437653)
state:field-0.0, action:S, timestep:154, reward:-0.3967430893706321
==================================================

coord:(35.30424329952474, 17.567454896427755, 45.06017000437653)->(36.28476465002383, 17.6824787497788, 46.04069135487562)
state:field-0.0, action:WD, timestep:155, reward:-0.02058321409080044
==================================================

coord:(36.28476465002383, 17.6824787497788, 46.04069135487562)->(36.28476465002383, 15.620376208807022, 46.04069135487562)
state:air-5.0, action:Wait, timestep:156, reward:-1.7146892443774204
==================================================

coord:(36.28476465002383, 15.620376208807022, 46.04069135487562)->(36.28476465002383, 15.620376208807022, 47.080691316728675)
state:field-0.0, action:D, timestep:157, reward:-0.5177875466234365
==================================================

coord:(36.28476465002383, 15.620376208807022, 47.080691316728675)->(36.28476465002383, 13.619815946724621, 47.080691316728675)
state:air-5.0, action:Wait, timestep:158, reward:-1.718863826842572
==================================================

coord:(36.28476465002383, 13.619815946724621, 47.080691316728675)->(37.26528600052292, 13.592212615416255, 48.061212667227764)
state:field-0.0, action:WD, timestep:159, reward:-0.46999547268372677
==================================================

coord:(37.26528600052292, 13.592212615416255, 48.061212667227764)->(37.26528600052292, 11.645230657648455, 48.061212667227764)
state:air-5.0, action:Wait, timestep:160, reward:-1.7023120369541438
==================================================

coord:(37.26528600052292, 11.645230657648455, 48.061212667227764)->(37.26528600052292, 11.645230657648455, 47.97454600374001)
state:field-0.0, action:A, timestep:161, reward:0.03754574672840327
==================================================

coord:(37.26528600052292, 11.645230657648455, 47.97454600374001)->(37.26528600052292, 13.531219560760134, 47.97454600374001)
state:air-5.0, action:Wait, timestep:162, reward:1.6589097775675228
==================================================

coord:(37.26528600052292, 13.531219560760134, 47.97454600374001)->(37.26528600052292, 13.531219560760134, 48.061212667227764)
state:field-0.0, action:D, timestep:163, reward:-0.04569933370498802
==================================================

coord:(37.26528600052292, 13.531219560760134, 48.061212667227764)->(37.26528600052292, 11.645230657648455, 48.061212667227764)
state:air-5.0, action:Wait, timestep:164, reward:-1.650756403409222
==================================================

coord:(37.26528600052292, 11.645230657648455, 48.061212667227764)->(38.99861927027801, 11.419450388942312, 48.061212667227764)
state:field-0.0, action:W, timestep:165, reward:-0.407893464281889
==================================================

coord:(38.99861927027801, 11.419450388942312, 48.061212667227764)->(40.81861920352086, 10.559263565285978, 48.061212667227764)
state:field-0.0, action:W, timestep:166, reward:-1.2624796720037068
==================================================

coord:(40.81861920352086, 10.559263565285978, 48.061212667227764)->(41.921705722832336, 11.78631771553428, 46.95812614791629)
state:field-0.0, action:WA, timestep:167, reward:0.9418143572891804
==================================================

coord:(41.921705722832336, 11.78631771553428, 46.95812614791629)->(41.921705722832336, 13.268873328369823, 46.95812614791629)
state:air-5.0, action:Wait, timestep:168, reward:1.1741914662179038
==================================================

coord:(41.921705722832336, 13.268873328369823, 46.95812614791629)->(41.921705722832336, 13.268873328369823, 46.95812614791629)
state:field-0.0, action:Wait, timestep:169, reward:-8.69664695812844e-09
==================================================

coord:(41.921705722832336, 13.268873328369823, 46.95812614791629)->(41.921705722832336, 13.268873328369823, 45.91812618606323)
state:field-0.0, action:A, timestep:170, reward:0.2913869996257272
==================================================

coord:(41.921705722832336, 13.268873328369823, 45.91812618606323)->(41.921705722832336, 15.020545441800547, 45.91812618606323)
state:air-5.0, action:Wait, timestep:171, reward:1.2970166701788992
==================================================

coord:(41.921705722832336, 15.020545441800547, 45.91812618606323)->(42.04427089164472, 15.020545441800547, 46.04069135487562)
state:field-0.0, action:WD, timestep:172, reward:-0.11661565070369573
==================================================

coord:(42.04427089164472, 15.020545441800547, 46.04069135487562)->(42.04427089164472, 12.349710411076664, 46.04069135487562)
state:air-5.0, action:Wait, timestep:173, reward:-2.0121678958190827
==================================================

coord:(42.04427089164472, 12.349710411076664, 46.04069135487562)->(43.02479224214381, 12.349710411076664, 47.02121270537471)
state:field-0.0, action:WD, timestep:174, reward:-0.8076448534845415
==================================================

coord:(43.02479224214381, 12.349710411076664, 47.02121270537471)->(43.02479224214381, 9.892149101304343, 47.02121270537471)
state:air-5.0, action:Wait, timestep:175, reward:-1.9531240480284104
==================================================

coord:(43.02479224214381, 9.892149101304343, 47.02121270537471)->(45.01812550236217, 9.639118564310994, 47.02121270537471)
state:field-0.0, action:W, timestep:176, reward:-1.2960743947953492
==================================================

coord:(45.01812550236217, 9.639118564310994, 47.02121270537471)->(45.01812550236217, 8.027736868461885, 47.02121270537471)
state:air-5.0, action:Wait, timestep:177, reward:-1.2776163037559574
==================================================

coord:(45.01812550236217, 8.027736868461885, 47.02121270537471)->(45.01812550236217, 9.206899012526016, 45.98121274352165)
state:field-0.0, action:A, timestep:178, reward:1.1318594421427193
==================================================

coord:(45.01812550236217, 9.206899012526016, 45.98121274352165)->(45.01812550236217, 10.42233515787929, 45.98121274352165)
state:air-5.0, action:Wait, timestep:179, reward:0.9436556321247398
==================================================

coord:(45.01812550236217, 10.42233515787929, 45.98121274352165)->(47.011458762580524, 10.169304620885942, 45.98121274352165)
state:field-0.0, action:W, timestep:180, reward:-1.5232655090861744
==================================================

coord:(47.011458762580524, 10.169304620885942, 45.98121274352165)->(47.011458762580524, 8.027736868461885, 45.98121274352165)
state:air-5.0, action:Wait, timestep:181, reward:-1.5615129862442743
==================================================

coord:(47.011458762580524, 8.027736868461885, 45.98121274352165)->(47.011458762580524, 7.774706331468539, 47.02121270537471)
state:field-0.0, action:D, timestep:182, reward:-0.35592122225612854
==================================================

coord:(47.011458762580524, 7.774706331468539, 47.02121270537471)->(47.011458762580524, 6.1833128807551425, 47.02121270537471)
state:air-5.0, action:Wait, timestep:183, reward:-1.2402279290505618
==================================================

coord:(47.011458762580524, 6.1833128807551425, 47.02121270537471)->(47.011458762580524, 6.1833128807551425, 47.02121270537471)
state:field-0.0, action:Wait, timestep:184, reward:7.23903539778803e-07
==================================================

coord:(47.011458762580524, 6.1833128807551425, 47.02121270537471)->(47.011458762580524, 6.1833128807551425, 47.02121270537471)
state:field-0.0, action:Wait, timestep:185, reward:7.23903539778803e-07
==================================================

coord:(47.011458762580524, 6.1833128807551425, 47.02121270537471)->(47.011458762580524, 7.091554966084926, 45.98121274352165)
state:field-0.0, action:A, timestep:186, reward:0.872482319652292
==================================================

coord:(47.011458762580524, 7.091554966084926, 45.98121274352165)->(47.011458762580524, 8.027736868461885, 45.98121274352165)
state:air-5.0, action:Wait, timestep:187, reward:0.7236671056136359
==================================================

coord:(47.011458762580524, 8.027736868461885, 45.98121274352165)->(45.97145880072747, 9.206899012526016, 45.98121274352165)
state:field-0.0, action:S, timestep:188, reward:1.5577656570507994
==================================================

coord:(45.97145880072747, 9.206899012526016, 45.98121274352165)->(45.97145880072747, 10.42233515787929, 45.98121274352165)
state:air-5.0, action:Wait, timestep:189, reward:0.9021130012001599
==================================================

coord:(45.97145880072747, 10.42233515787929, 45.98121274352165)->(44.99093745022838, 10.28718238460078, 46.96173409402074)
state:field-0.0, action:SD, timestep:190, reward:0.3503993080136887
==================================================

coord:(44.99093745022838, 10.28718238460078, 46.96173409402074)->(42.99760419001002, 11.345167297443975, 46.96173409402074)
state:field-0.0, action:S, timestep:191, reward:1.9830939057816384
==================================================

coord:(42.99760419001002, 11.345167297443975, 46.96173409402074)->(42.99760419001002, 12.349710411076664, 46.96173409402074)
state:air-5.0, action:Wait, timestep:192, reward:0.776242289507941
==================================================

coord:(42.99760419001002, 12.349710411076664, 46.96173409402074)->(41.95580025510474, 11.797643784909361, 48.00353802892602)
state:field-0.0, action:SD, timestep:193, reward:-0.22371250009756238
==================================================

coord:(41.95580025510474, 11.797643784909361, 48.00353802892602)->(41.95580025510474, 9.956918478215421, 48.00353802892602)
state:air-5.0, action:Wait, timestep:194, reward:-1.5074488781920223
==================================================

coord:(41.95580025510474, 9.956918478215421, 48.00353802892602)->(41.95580025510474, 9.956918478215421, 48.00353802892602)
state:field-0.0, action:Wait, timestep:195, reward:2.718934268841622e-07
==================================================

coord:(41.95580025510474, 9.956918478215421, 48.00353802892602)->(42.99760419001002, 10.76803660460999, 46.96173409402074)
state:field-0.0, action:WA, timestep:196, reward:0.4928113708645192
==================================================

coord:(42.99760419001002, 10.76803660460999, 46.96173409402074)->(42.99760419001002, 12.349710411076664, 46.96173409402074)
state:air-5.0, action:Wait, timestep:197, reward:1.238350901568488
==================================================

coord:(42.99760419001002, 12.349710411076664, 46.96173409402074)->(44.03760415186308, 12.096679874083316, 46.96173409402074)
state:field-0.0, action:W, timestep:198, reward:-0.8269984743071177
==================================================

coord:(44.03760415186308, 12.096679874083316, 46.96173409402074)->(44.03760415186308, 10.28718238460078, 46.96173409402074)
state:air-5.0, action:Wait, timestep:199, reward:-1.3655118911764514
==================================================

coord:(44.03760415186308, 10.28718238460078, 46.96173409402074)->(46.030937412081435, 10.034151847607431, 46.96173409402074)
state:field-0.0, action:W, timestep:200, reward:-1.4165700531521281
==================================================

coord:(46.030937412081435, 10.034151847607431, 46.96173409402074)->(46.030937412081435, 8.133205096822149, 46.96173409402074)
state:air-5.0, action:Wait, timestep:201, reward:-1.4323672223808792
==================================================

coord:(46.030937412081435, 8.133205096822149, 46.96173409402074)->(45.05041606158235, 9.206899012526016, 45.98121274352165)
state:field-0.0, action:SA, timestep:202, reward:1.593880198658951
==================================================

coord:(45.05041606158235, 9.206899012526016, 45.98121274352165)->(45.05041606158235, 10.42233515787929, 45.98121274352165)
state:air-5.0, action:Wait, timestep:203, reward:0.9422344211793874
==================================================

coord:(45.05041606158235, 10.42233515787929, 45.98121274352165)->(43.923749436241536, 11.645230657648455, 45.98121274352165)
state:field-0.0, action:S, timestep:204, reward:1.637303800139465
==================================================

coord:(43.923749436241536, 11.645230657648455, 45.98121274352165)->(43.923749436241536, 12.842883997674194, 45.98121274352165)
state:air-5.0, action:Wait, timestep:205, reward:0.876999963263513
==================================================

coord:(43.923749436241536, 12.842883997674194, 45.98121274352165)->(41.93041617602318, 13.98004049266512, 45.98121274352165)
state:field-0.0, action:S, timestep:206, reward:2.1236394890483687
==================================================

coord:(41.93041617602318, 13.98004049266512, 45.98121274352165)->(41.93041617602318, 15.020545441800547, 45.98121274352165)
state:air-5.0, action:Wait, timestep:207, reward:0.7474648274208979
==================================================

coord:(41.93041617602318, 15.020545441800547, 45.98121274352165)->(41.93041617602318, 15.020545441800547, 46.06787940700941)
state:field-0.0, action:D, timestep:208, reward:-0.024054842345395677
==================================================

coord:(41.93041617602318, 15.020545441800547, 46.06787940700941)->(41.93041617602318, 13.268873328369823, 46.06787940700941)
state:air-5.0, action:Wait, timestep:209, reward:-1.2899465651804558
==================================================

coord:(41.93041617602318, 13.268873328369823, 46.06787940700941)->(42.91093752652227, 12.850222803526284, 47.048400757508496)
state:field-0.0, action:WD, timestep:210, reward:-1.1686810238183352
==================================================

coord:(42.91093752652227, 12.850222803526284, 47.048400757508496)->(42.91093752652227, 10.76803660460999, 47.048400757508496)
state:air-5.0, action:Wait, timestep:211, reward:-1.6133001459232617
==================================================

coord:(42.91093752652227, 10.76803660460999, 47.048400757508496)->(43.89145887702136, 10.34938607976645, 48.028922108007585)
state:field-0.0, action:WD, timestep:212, reward:-1.1462304610355947
==================================================

coord:(43.89145887702136, 10.34938607976645, 48.028922108007585)->(43.89145887702136, 8.513375861448784, 48.028922108007585)
state:air-5.0, action:Wait, timestep:213, reward:-1.4637731256494426
==================================================

coord:(43.89145887702136, 8.513375861448784, 48.028922108007585)->(42.97222011092846, 9.892149101304343, 47.10968334191469)
state:field-0.0, action:SA, timestep:214, reward:1.8428872776785727
==================================================

coord:(42.97222011092846, 9.892149101304343, 47.10968334191469)->(42.97222011092846, 10.76803660460999, 47.10968334191469)
state:air-5.0, action:Wait, timestep:215, reward:0.7186348259044433
==================================================

coord:(42.97222011092846, 10.76803660460999, 47.10968334191469)->(44.01222007278152, 10.51500606761664, 47.10968334191469)
state:field-0.0, action:W, timestep:216, reward:-0.7720472506054676
==================================================

coord:(44.01222007278152, 10.51500606761664, 47.10968334191469)->(44.01222007278152, 8.969664290777729, 47.10968334191469)
state:air-5.0, action:Wait, timestep:217, reward:-1.2367630302606738
==================================================

coord:(44.01222007278152, 8.969664290777729, 47.10968334191469)->(44.01222007278152, 8.71663375378438, 49.01634993864529)
state:field-0.0, action:D, timestep:218, reward:-0.764940688242751
==================================================

coord:(44.01222007278152, 8.71663375378438, 49.01634993864529)->(44.01222007278152, 6.557373203102033, 49.01634993864529)
state:air-5.0, action:Wait, timestep:219, reward:-1.769618331954618
==================================================

coord:(44.01222007278152, 6.557373203102033, 49.01634993864529)->(44.01222007278152, 6.557373203102033, 49.01634993864529)
state:field-0.0, action:Wait, timestep:220, reward:-2.9759182496036374e-07
==================================================

coord:(44.01222007278152, 6.557373203102033, 49.01634993864529)->(47.04555329485293, 5.39343273293265, 49.01634993864529)
state:field-0.0, action:W, timestep:221, reward:-2.4536444019486794
==================================================

coord:(47.04555329485293, 5.39343273293265, 49.01634993864529)->(47.04555329485293, 4.520379902327848, 49.01634993864529)
state:air-5.0, action:Wait, timestep:222, reward:-0.6995761697053808
==================================================

coord:(47.04555329485293, 4.520379902327848, 49.01634993864529)->(48.08735722975821, 5.321479294713132, 47.97454600374001)
state:field-0.0, action:WA, timestep:223, reward:0.30335098223014967
==================================================

coord:(48.08735722975821, 5.321479294713132, 47.97454600374001)->(48.08735722975821, 5.321479294713132, 47.97454600374001)
state:field-0.0, action:Wait, timestep:224, reward:5.336217512308394e-07
==================================================

coord:(48.08735722975821, 5.321479294713132, 47.97454600374001)->(48.08735722975821, 6.908826441871399, 44.9412127816686)
state:field-0.0, action:A, timestep:225, reward:1.6386001897610143
==================================================

coord:(48.08735722975821, 6.908826441871399, 44.9412127816686)->(48.08735722975821, 7.719467496535955, 44.9412127816686)
state:air-5.0, action:Wait, timestep:226, reward:0.6093479445029502
==================================================

coord:(48.08735722975821, 7.719467496535955, 44.9412127816686)->(46.9606906044174, 8.969664290777729, 44.9412127816686)
state:field-0.0, action:S, timestep:227, reward:1.6799400531327038
==================================================

coord:(46.9606906044174, 8.969664290777729, 44.9412127816686)->(46.9606906044174, 10.28718238460078, 44.9412127816686)
state:air-5.0, action:Wait, timestep:228, reward:0.9477519367004827
==================================================

coord:(46.9606906044174, 10.28718238460078, 44.9412127816686)->(47.021973188823594, 10.28718238460078, 45.00249536607479)
state:field-0.0, action:WD, timestep:229, reward:-0.04809868026642583
==================================================

coord:(47.021973188823594, 10.28718238460078, 45.00249536607479)->(47.021973188823594, 8.027736868461885, 45.00249536607479)
state:air-5.0, action:Wait, timestep:230, reward:-1.6531722802439592
==================================================

coord:(47.021973188823594, 8.027736868461885, 45.00249536607479)->(45.98197322697054, 9.206899012526016, 45.00249536607479)
state:field-0.0, action:S, timestep:231, reward:1.5680946795801347
==================================================

coord:(45.98197322697054, 9.206899012526016, 45.00249536607479)->(45.98197322697054, 10.42233515787929, 45.00249536607479)
state:air-5.0, action:Wait, timestep:232, reward:0.9087353329264847
==================================================

coord:(45.98197322697054, 10.42233515787929, 45.00249536607479)->(43.98863996675218, 11.645230657648455, 45.00249536607479)
state:field-0.0, action:S, timestep:233, reward:2.2302336639065405
==================================================

coord:(43.98863996675218, 11.645230657648455, 45.00249536607479)->(43.98863996675218, 12.842883997674194, 45.00249536607479)
state:air-5.0, action:Wait, timestep:234, reward:0.8850077158093566
==================================================

coord:(43.98863996675218, 12.842883997674194, 45.00249536607479)->(41.995306706533825, 13.98004049266512, 45.00249536607479)
state:field-0.0, action:S, timestep:235, reward:2.1668063807870226
==================================================

coord:(41.995306706533825, 13.98004049266512, 45.00249536607479)->(41.995306706533825, 15.020545441800547, 45.00249536607479)
state:air-5.0, action:Wait, timestep:236, reward:0.7624531781893413
==================================================

coord:(41.995306706533825, 15.020545441800547, 45.00249536607479)->(43.03530666838688, 14.767514904807198, 45.00249536607479)
state:field-0.0, action:W, timestep:237, reward:-0.9262749225079041
==================================================

coord:(43.03530666838688, 14.767514904807198, 45.00249536607479)->(43.03530666838688, 12.842883997674194, 45.00249536607479)
state:air-5.0, action:Wait, timestep:238, reward:-1.3652445802360926
==================================================

coord:(43.03530666838688, 12.842883997674194, 45.00249536607479)->(43.03530666838688, 14.34979245982817, 43.962495404221734)
state:field-0.0, action:A, timestep:239, reward:1.1481608201266074
==================================================

coord:(43.03530666838688, 14.34979245982817, 43.962495404221734)->(43.03530666838688, 15.825596363884099, 43.962495404221734)
state:air-5.0, action:Wait, timestep:240, reward:0.9290862791374277
==================================================

coord:(43.03530666838688, 15.825596363884099, 43.962495404221734)->(44.01582801888597, 15.342538065987709, 44.94301675472082)
state:field-0.0, action:WD, timestep:241, reward:-1.1352786882696577
==================================================

coord:(44.01582801888597, 15.342538065987709, 44.94301675472082)->(44.01582801888597, 13.011613521880761, 44.94301675472082)
state:air-5.0, action:Wait, timestep:242, reward:-1.4736255025691989
==================================================

coord:(44.01582801888597, 13.011613521880761, 44.94301675472082)->(44.01582801888597, 14.34979245982817, 42.949683494502466)
state:field-0.0, action:A, timestep:243, reward:0.8781237770607522
==================================================

coord:(44.01582801888597, 14.34979245982817, 42.949683494502466)->(44.01582801888597, 15.620376208807022, 42.949683494502466)
state:air-5.0, action:Wait, timestep:244, reward:0.7321374262828595
==================================================

coord:(44.01582801888597, 15.620376208807022, 42.949683494502466)->(44.01582801888597, 15.316739564415004, 44.076350119843276)
state:field-0.0, action:D, timestep:245, reward:-0.09864195481050864
==================================================

coord:(44.01582801888597, 15.316739564415004, 44.076350119843276)->(44.01582801888597, 13.011613521880761, 44.076350119843276)
state:air-5.0, action:Wait, timestep:246, reward:-1.4671137126356584
==================================================

coord:(44.01582801888597, 13.011613521880761, 44.076350119843276)->(44.01582801888597, 14.34979245982817, 42.949683494502466)
state:field-0.0, action:A, timestep:247, reward:0.8336177040627053
==================================================

coord:(44.01582801888597, 14.34979245982817, 42.949683494502466)->(44.01582801888597, 15.620376208807022, 42.949683494502466)
state:air-5.0, action:Wait, timestep:248, reward:0.7321374262828595
==================================================

coord:(44.01582801888597, 15.620376208807022, 42.949683494502466)->(43.03530666838688, 17.22685325412422, 41.96916214400338)
state:field-0.0, action:SA, timestep:249, reward:1.391560998400096
==================================================

coord:(43.03530666838688, 17.22685325412422, 41.96916214400338)->(43.03530666838688, 18.509011634019505, 41.96916214400338)
state:air-5.0, action:Wait, timestep:250, reward:0.40541965958347337
==================================================

coord:(43.03530666838688, 18.509011634019505, 41.96916214400338)->(43.03530666838688, 20.0, 36.7691623347381)
state:field-0.0, action:A, timestep:251, reward:-2.8785439723260176
==================================================

coord:(43.03530666838688, 20.0, 36.7691623347381)->(37.8353068591216, 20.0, 36.7691623347381)
state:field-0.0, action:S, timestep:252, reward:2.1396701948708685
==================================================

coord:(37.8353068591216, 20.0, 36.7691623347381)->(37.8353068591216, 20.0, 36.7691623347381)
state:field-0.0, action:Wait, timestep:253, reward:-1.771384088300465e-07
==================================================

coord:(37.8353068591216, 20.0, 36.7691623347381)->(41.512261923493185, 20.0, 40.44611739910968)
state:field-0.0, action:WD, timestep:254, reward:1.5351814582668828
==================================================

coord:(41.512261923493185, 20.0, 40.44611739910968)->(41.512261923493185, 20.0, 40.44611739910968)
state:field-0.0, action:Wait, timestep:255, reward:-6.410250197319556e-08
==================================================

coord:(41.512261923493185, 20.0, 40.44611739910968)->(37.8353068591216, 19.99539944478194, 44.123072463481265)
state:field-0.0, action:SD, timestep:256, reward:4.899406078727572
==================================================

