coord:(23.0, 0.0, 42.0)->(23.0, 0.0, 42.0)
state:field-4, action:Wait, timestep:1, reward:-0.0
==================================================

coord:(23.0, 0.0, 42.0)->(23.0, 7.872093357350055, 42.1)
state:field-4.0, action:Dsj, timestep:2, reward:-1.7262640638793485
==================================================

coord:(23.0, 7.872093357350055, 42.1)->(23.0, 9.38893370440675, 38.99999999999996)
state:field-4.0, action:As, timestep:3, reward:-0.4314624104330278
==================================================

coord:(23.0, 9.38893370440675, 38.99999999999996)->(23.0, 9.700357959691633, 38.99999999999996)
state:air-9.0, action:Wait, timestep:4, reward:-0.15245801731670028
==================================================

coord:(23.0, 9.700357959691633, 38.99999999999996)->(23.0, 9.700357959691633, 38.99999999999996)
state:field-4.0, action:Wait, timestep:5, reward:1.7360126847165702e-07
==================================================

coord:(23.0, 9.700357959691633, 38.99999999999996)->(24.041803934905342, 10.482452408234229, 37.958196065094675)
state:field-4.0, action:WAj, timestep:6, reward:0.4513777041834679
==================================================

coord:(24.041803934905342, 10.482452408234229, 37.958196065094675)->(24.041803934905342, 11.645230657648455, 37.958196065094675)
state:air-9.0, action:Wait, timestep:7, reward:-0.6613556402130065
==================================================

coord:(24.041803934905342, 11.645230657648455, 37.958196065094675)->(23.980521350499146, 11.728040655189565, 38.01947864950087)
state:field-4.0, action:SDj, timestep:8, reward:-0.09508813544481498
==================================================

coord:(23.980521350499146, 11.728040655189565, 38.01947864950087)->(23.980521350499146, 9.700357959691633, 38.01947864950087)
state:air-9.0, action:Wait, timestep:9, reward:1.1247416154213958
==================================================

coord:(23.980521350499146, 9.700357959691633, 38.01947864950087)->(24.051232025420816, 11.419450388942312, 38.09018932442254)
state:field-4.0, action:WDsj, timestep:10, reward:-0.8833808137951245
==================================================

coord:(24.051232025420816, 11.419450388942312, 38.09018932442254)->(22.924565400080052, 11.115813744550294, 38.09018932442254)
state:field-4.0, action:S, timestep:11, reward:-0.75851804080569
==================================================

coord:(22.924565400080052, 11.115813744550294, 38.09018932442254)->(22.924565400080052, 11.115813744550294, 38.09018932442254)
state:air-9.0, action:j, timestep:12, reward:1.7818845066130962e-07
==================================================

coord:(22.924565400080052, 11.115813744550294, 38.09018932442254)->(22.924565400080052, 11.115813744550294, 38.09018932442254)
state:parachute-19.0, action:Sj, timestep:13, reward:1.7818845066130962e-07
==================================================

coord:(22.924565400080052, 11.115813744550294, 38.09018932442254)->(22.924565400080052, 12.415813696866614, 39.040189324422485)
state:wall-14.0, action:W, timestep:14, reward:-0.717102411757061
==================================================

coord:(22.924565400080052, 12.415813696866614, 39.040189324422485)->(22.924565400080052, 4.272830960898968, 39.040189324422485)
state:air-9.0, action:Wait, timestep:15, reward:3.5102234949792894
==================================================

coord:(22.924565400080052, 4.272830960898968, 39.040189324422485)->(22.924565400080052, 6.872830865531554, 40.04018932442243)
state:wall-14.0, action:Wj, timestep:16, reward:-0.8340938666854214
==================================================

coord:(22.924565400080052, 6.872830865531554, 40.04018932442243)->(22.924565400080052, 0.0, 40.04018932442243)
state:air-9.0, action:Wait, timestep:17, reward:1.3289700220147687
==================================================

coord:(22.924565400080052, 0.0, 40.04018932442243)->(23.011232063567803, 0.0828099975411097, 40.04018932442243)
state:field-4.0, action:Wj, timestep:18, reward:0.08630410809455213
==================================================

coord:(23.011232063567803, 0.0828099975411097, 40.04018932442243)->(23.011232063567803, 8.969664290777729, 40.04018932442243)
state:air-9.0, action:Wait, timestep:19, reward:-2.2186310839065975
==================================================

coord:(23.011232063567803, 8.969664290777729, 40.04018932442243)->(24.053035998473145, 9.956918478215421, 41.08199325932771)
state:field-4.0, action:WDj, timestep:20, reward:0.3243273735115757
==================================================

coord:(24.053035998473145, 9.956918478215421, 41.08199325932771)->(24.053035998473145, 10.683751824900195, 44.08199325932775)
state:field-4.0, action:Dsj, timestep:21, reward:-0.9412672409571883
==================================================

coord:(24.053035998473145, 10.683751824900195, 44.08199325932775)->(24.053035998473145, 7.719467496535955, 44.08199325932775)
state:air-8.0, action:Wait, timestep:22, reward:1.4247932052956394
==================================================

coord:(24.053035998473145, 7.719467496535955, 44.08199325932775)->(24.053035998473145, 6.555527026366573, 47.02865981791141)
state:field-3.0, action:D, timestep:23, reward:-0.5879006058108729
==================================================

coord:(24.053035998473145, 6.555527026366573, 47.02865981791141)->(24.053035998473145, 5.321479294713132, 47.02865981791141)
state:air-8.0, action:Wait, timestep:24, reward:0.3892940080637963
==================================================

coord:(24.053035998473145, 5.321479294713132, 47.02865981791141)->(23.44021015441118, 5.184360417004906, 46.41583397384948)
state:field-3.0, action:SA, timestep:25, reward:-0.24041205641987773
==================================================

coord:(23.44021015441118, 5.184360417004906, 46.41583397384948)->(22.949949479161607, 5.718024851228079, 46.906094649099025)
state:field-3.0, action:SDj, timestep:26, reward:-0.7739189020555983
==================================================

coord:(22.949949479161607, 5.718024851228079, 46.906094649099025)->(22.949949479161607, 0.0, 46.906094649099025)
state:air-8.0, action:Wait, timestep:27, reward:0.8506020667196452
==================================================

coord:(22.949949479161607, 0.0, 46.906094649099025)->(22.949949479161607, 0.0, 43.61276143656435)
state:field-3.0, action:Aj, timestep:28, reward:1.1308913491669763
==================================================

coord:(22.949949479161607, 0.0, 43.61276143656435)->(22.949949479161607, 0.0, 48.412761436564416)
state:field-3.0, action:Dsj, timestep:29, reward:-1.8127303735256817
==================================================

coord:(22.949949479161607, 0.0, 48.412761436564416)->(23.011232063567803, 0.0828099975411097, 48.47404402097061)
state:field-3.0, action:WDj, timestep:30, reward:0.02367750840199534
==================================================

coord:(23.011232063567803, 0.0828099975411097, 48.47404402097061)->(23.011232063567803, 3.89032683908715, 48.47404402097061)
state:air-8.0, action:Wait, timestep:31, reward:-0.3850374929814393
==================================================

coord:(23.011232063567803, 3.89032683908715, 48.47404402097061)->(23.011232063567803, 3.89032683908715, 48.47404402097061)
state:field-3.0, action:j, timestep:32, reward:8.828730528875894e-07
==================================================

coord:(23.011232063567803, 3.89032683908715, 48.47404402097061)->(24.00118151247119, 3.89032683908715, 49.463993469874)
state:field-3.0, action:WDs, timestep:33, reward:0.32833002984899906
==================================================

coord:(24.00118151247119, 3.89032683908715, 49.463993469874)->(22.95937757756585, 4.672421287629742, 48.422189534968716)
state:field-3.0, action:SAj, timestep:34, reward:-0.5160162833645892
==================================================

coord:(22.95937757756585, 4.672421287629742, 48.422189534968716)->(22.95937757756585, 0.0, 48.422189534968716)
state:air-8.0, action:Wait, timestep:35, reward:0.5527408420642708
==================================================

coord:(22.95937757756585, 0.0, 48.422189534968716)->(22.95937757756585, 0.0, 42.42218953496863)
state:field-3.0, action:As, timestep:36, reward:2.0911868845703765
==================================================

coord:(22.95937757756585, 0.0, 42.42218953496863)->(23.020660161972046, 0.0, 42.483472119374824)
state:field-2.0, action:WD, timestep:37, reward:0.04786697721074873
==================================================

coord:(23.020660161972046, 0.0, 42.483472119374824)->(23.020660161972046, 7.872093357350055, 42.483472119374824)
state:air-7.0, action:Wait, timestep:38, reward:-1.7038791900509231
==================================================

coord:(23.020660161972046, 7.872093357350055, 42.483472119374824)->(23.020660161972046, 7.354871135127832, 45.08347211937486)
state:field-2.0, action:Ds, timestep:39, reward:-0.4413429781336973
==================================================

coord:(23.020660161972046, 7.354871135127832, 45.08347211937486)->(23.020660161972046, 5.868766646810801, 45.08347211937486)
state:air-7.0, action:Wait, timestep:40, reward:0.5111610222884231
==================================================

coord:(23.020660161972046, 5.868766646810801, 45.08347211937486)->(23.162081511815387, 6.557373203102033, 44.94205076953152)
state:field-2.0, action:WAsj, timestep:41, reward:-0.054584752915133095
==================================================

coord:(23.162081511815387, 6.557373203102033, 44.94205076953152)->(22.978233758596797, 6.792001530071179, 44.75820301631294)
state:field-2.0, action:SAj, timestep:42, reward:-0.18848500495056086
==================================================

coord:(22.978233758596797, 6.792001530071179, 44.75820301631294)->(22.978233758596797, 6.792001530071179, 44.75820301631294)
state:air-7.0, action:j, timestep:43, reward:-8.130560296137901e-07
==================================================

coord:(22.978233758596797, 6.792001530071179, 44.75820301631294)->(22.978233758596797, 6.792001530071179, 44.75820301631294)
state:parachute-17.0, action:WAj, timestep:44, reward:-8.130560296137901e-07
==================================================

coord:(22.978233758596797, 6.792001530071179, 44.75820301631294)->(22.978233758596797, 9.392001434703737, 45.008203016312926)
state:wall-12.0, action:Wj, timestep:45, reward:-1.1380679055184686
==================================================

coord:(22.978233758596797, 9.392001434703737, 45.008203016312926)->(22.978233758596797, 9.392001434703737, 45.008203016312926)
state:air-6.0, action:j, timestep:46, reward:-6.600350701546631e-07
==================================================

coord:(22.978233758596797, 9.392001434703737, 45.008203016312926)->(22.978233758596797, 9.392001434703737, 45.008203016312926)
state:parachute-16.0, action:Sj, timestep:47, reward:-6.600350701546631e-07
==================================================

coord:(22.978233758596797, 9.392001434703737, 45.008203016312926)->(22.978233758596797, 8.092001482387417, 45.008203016312926)
state:wall-11.0, action:S, timestep:48, reward:0.5663888634534402
==================================================

coord:(22.978233758596797, 8.092001482387417, 45.008203016312926)->(22.978233758596797, 8.092001482387417, 45.008203016312926)
state:air-6.0, action:j, timestep:49, reward:-2.2040886449303798e-07
==================================================

coord:(22.978233758596797, 8.092001482387417, 45.008203016312926)->(23.06490042208455, 8.027001484771603, 45.008203016312926)
state:parachute-16.0, action:W, timestep:50, reward:0.10112531596919538
==================================================

coord:(23.06490042208455, 8.027001484771603, 45.008203016312926)->(23.06490042208455, 5.868766646810801, 45.008203016312926)
state:air-6.0, action:Wait, timestep:51, reward:0.7772719142391189
==================================================

coord:(23.06490042208455, 5.868766646810801, 45.008203016312926)->(24.045421772583694, 6.908826441871399, 45.988724366812015)
state:field-1.0, action:WDj, timestep:52, reward:0.16513162453492924
==================================================

coord:(24.045421772583694, 6.908826441871399, 45.988724366812015)->(24.045421772583694, 8.513375861448784, 42.9553911447406)
state:field-1.0, action:A, timestep:53, reward:0.2268861543207663
==================================================

coord:(24.045421772583694, 8.513375861448784, 42.9553911447406)->(24.045421772583694, 9.267181677720165, 42.9553911447406)
state:air-6.0, action:Wait, timestep:54, reward:-0.3585510649612189
==================================================

coord:(24.045421772583694, 9.267181677720165, 42.9553911447406)->(23.984139188177497, 9.349991675261276, 43.016673729146795)
state:field-1.0, action:SDj, timestep:55, reward:-0.10541524552407822
==================================================

coord:(23.984139188177497, 9.349991675261276, 43.016673729146795)->(23.984139188177497, 7.231766021017783, 43.016673729146795)
state:air-6.0, action:Wait, timestep:56, reward:0.9492579492766495
==================================================

coord:(23.984139188177497, 7.231766021017783, 43.016673729146795)->(24.054849863099168, 8.513375861448784, 43.087384404068466)
state:field-1.0, action:WDsj, timestep:57, reward:-0.5058321980642901
==================================================

coord:(24.054849863099168, 8.513375861448784, 43.087384404068466)->(25.035371213598314, 9.267181677720165, 42.10686305356938)
state:field-1.0, action:WA, timestep:58, reward:0.6581034119180451
==================================================

coord:(25.035371213598314, 9.267181677720165, 42.10686305356938)->(25.035371213598314, 10.76803660460999, 42.10686305356938)
state:air-6.0, action:Wait, timestep:59, reward:-0.8222603551629462
==================================================

coord:(25.035371213598314, 10.76803660460999, 42.10686305356938)->(25.035371213598314, 10.76803660460999, 42.10686305356938)
state:field-1.0, action:j, timestep:60, reward:-4.522088445924055e-07
==================================================

coord:(25.035371213598314, 10.76803660460999, 42.10686305356938)->(23.9953712517453, 10.51500606761664, 42.10686305356938)
state:field-1.0, action:S, timestep:61, reward:-0.7040796630038599
==================================================

coord:(23.9953712517453, 10.51500606761664, 42.10686305356938)->(23.9953712517453, 7.872093357350055, 42.10686305356938)
state:air-6.0, action:Wait, timestep:62, reward:1.295722194925414
==================================================

coord:(23.9953712517453, 7.872093357350055, 42.10686305356938)->(23.9953712517453, 9.38893370440675, 38.90686305356933)
state:field-1.0, action:As, timestep:63, reward:-0.4511273247893328
==================================================

coord:(23.9953712517453, 9.38893370440675, 38.90686305356933)->(23.9953712517453, 9.700357959691633, 38.90686305356933)
state:air-6.0, action:Wait, timestep:64, reward:-0.15950476413532044
==================================================

coord:(23.9953712517453, 9.700357959691633, 38.90686305356933)->(25.035371213598314, 11.419450388942312, 38.90686305356933)
state:field-1.0, action:W, timestep:65, reward:-0.10918968618492997
==================================================

coord:(25.035371213598314, 11.419450388942312, 38.90686305356933)->(25.035371213598314, 13.268873328369823, 38.90686305356933)
state:air-6.0, action:Wait, timestep:66, reward:-1.176037816103861
==================================================

coord:(25.035371213598314, 13.268873328369823, 38.90686305356933)->(26.01589256409746, 13.531219560760134, 37.92634170307024)
state:field-1.0, action:WA, timestep:67, reward:0.5117886228778055
==================================================

coord:(26.01589256409746, 13.531219560760134, 37.92634170307024)->(26.01589256409746, 15.518766254243811, 37.92634170307024)
state:air-6.0, action:Wait, timestep:68, reward:-1.428953112038844
==================================================

coord:(26.01589256409746, 15.518766254243811, 37.92634170307024)->(26.01589256409746, 15.601576378345444, 41.04634158862941)
state:field-1.0, action:Dj, timestep:69, reward:-0.13371530508797846
==================================================

coord:(26.01589256409746, 15.601576378345444, 41.04634158862941)->(26.01589256409746, 13.268873328369823, 41.04634158862941)
state:air-6.0, action:Wait, timestep:70, reward:1.6654635995768956
==================================================

coord:(26.01589256409746, 13.268873328369823, 41.04634158862941)->(26.01589256409746, 14.00956280164596, 43.03967484884777)
state:field-1.0, action:Dj, timestep:71, reward:-0.8168169001127907
==================================================

coord:(26.01589256409746, 14.00956280164596, 43.03967484884777)->(26.01589256409746, 11.345167297443975, 43.03967484884777)
state:air-6.0, action:Wait, timestep:72, reward:1.7475252886747974
==================================================

coord:(26.01589256409746, 11.345167297443975, 43.03967484884777)->(27.0576964990028, 12.349710411076664, 41.997870913942485)
state:field-1.0, action:WA, timestep:73, reward:0.31648297313807205
==================================================

coord:(27.0576964990028, 12.349710411076664, 41.997870913942485)->(27.0576964990028, 15.020545441800547, 41.997870913942485)
state:air-6.0, action:Wait, timestep:74, reward:-1.914094302954851
==================================================

coord:(27.0576964990028, 15.020545441800547, 41.997870913942485)->(26.97102983551505, 15.103355439341657, 41.997870913942485)
state:field-1.0, action:Sj, timestep:75, reward:-0.1179761619584987
==================================================

coord:(26.97102983551505, 15.103355439341657, 41.997870913942485)->(26.97102983551505, 13.268873328369823, 41.997870913942485)
state:air-6.0, action:Wait, timestep:76, reward:1.334338099616442
==================================================

coord:(26.97102983551505, 13.268873328369823, 41.997870913942485)->(27.032312419921247, 13.351683325910933, 41.93658832953629)
state:field-1.0, action:WAj, timestep:77, reward:-0.006571135020099206
==================================================

coord:(27.032312419921247, 13.351683325910933, 41.93658832953629)->(27.032312419921247, 15.020545441800547, 41.93658832953629)
state:air-6.0, action:Wait, timestep:78, reward:-1.217120492878987
==================================================

coord:(27.032312419921247, 15.020545441800547, 41.93658832953629)->(27.032312419921247, 15.020545441800547, 41.93658832953629)
state:field-1.0, action:Wait, timestep:79, reward:6.313885911879424e-07
==================================================

coord:(27.032312419921247, 15.020545441800547, 41.93658832953629)->(27.032312419921247, 15.571523224473854, 43.03658832953631)
state:field-1.0, action:Dsj, timestep:80, reward:-0.6022769491482869
==================================================

coord:(27.032312419921247, 15.571523224473854, 43.03658832953631)->(27.032312419921247, 12.842883997674194, 43.03658832953631)
state:air-6.0, action:Wait, timestep:81, reward:1.9701191055377016
==================================================

coord:(27.032312419921247, 12.842883997674194, 43.03658832953631)->(29.032312419921276, 14.34979245982817, 43.03658832953631)
state:field-1.0, action:Ws, timestep:82, reward:0.1853244729665775
==================================================

coord:(29.032312419921276, 14.34979245982817, 43.03658832953631)->(29.032312419921276, 15.825596363884099, 43.03658832953631)
state:air-6.0, action:Wait, timestep:83, reward:-1.166395696767868
==================================================

coord:(29.032312419921276, 15.825596363884099, 43.03658832953631)->(28.042362971017887, 16.46967414789255, 44.026537778439696)
state:field-1.0, action:SDsj, timestep:84, reward:-1.2911150619433052
==================================================

coord:(28.042362971017887, 16.46967414789255, 44.026537778439696)->(28.042362971017887, 13.011613521880761, 44.026537778439696)
state:air-5.0, action:Wait, timestep:85, reward:2.5916644601309677
==================================================

coord:(28.042362971017887, 13.011613521880761, 44.026537778439696)->(29.0423629710179, 14.34979245982817, 44.026537778439696)
state:field-0.0, action:Wsj, timestep:86, reward:-0.3691082381587485
==================================================

coord:(29.0423629710179, 14.34979245982817, 44.026537778439696)->(29.0423629710179, 15.090481933104305, 46.01987103865805)
state:field-0.0, action:Dj, timestep:87, reward:-1.1849118179242417
==================================================

coord:(29.0423629710179, 15.090481933104305, 46.01987103865805)->(29.0423629710179, 11.345167297443975, 46.01987103865805)
state:air-5.0, action:Wait, timestep:88, reward:2.6621918736642876
==================================================

coord:(29.0423629710179, 11.345167297443975, 46.01987103865805)->(27.020037685613413, 12.842883997674194, 43.99754575325368)
state:field-0.0, action:SA, timestep:89, reward:-1.6668614137223585
==================================================

coord:(27.020037685613413, 12.842883997674194, 43.99754575325368)->(25.9800377237604, 12.589853460680846, 43.99754575325368)
state:field-0.0, action:S, timestep:90, reward:-0.56328387773328
==================================================

coord:(25.9800377237604, 12.589853460680846, 43.99754575325368)->(25.9800377237604, 9.892149101304343, 43.99754575325368)
state:air-5.0, action:Wait, timestep:91, reward:1.6231251429098634
==================================================

coord:(25.9800377237604, 9.892149101304343, 43.99754575325368)->(28.553906268820658, 10.28718238460078, 46.57141429831379)
state:field-0.0, action:WD, timestep:92, reward:0.720215969331953
==================================================

coord:(28.553906268820658, 10.28718238460078, 46.57141429831379)->(27.988220869447293, 10.720560165938942, 47.137099697687155)
state:field-0.0, action:SDsj, timestep:93, reward:-0.8883048877614108
==================================================

coord:(27.988220869447293, 10.720560165938942, 47.137099697687155)->(27.988220869447293, 8.027736868461885, 47.137099697687155)
state:air-5.0, action:Wait, timestep:94, reward:1.4582500002522991
==================================================

coord:(27.988220869447293, 8.027736868461885, 47.137099697687155)->(28.04950345385349, 8.969664290777729, 47.07581711328096)
state:field-0.0, action:WAj, timestep:95, reward:-0.40362811531551657
==================================================

coord:(28.04950345385349, 8.969664290777729, 47.07581711328096)->(27.90808210401015, 9.206899012526016, 46.93439576343762)
state:field-0.0, action:SAs, timestep:96, reward:-0.15962909140382564
==================================================

coord:(27.90808210401015, 9.206899012526016, 46.93439576343762)->(28.704755701290704, 8.969664290777729, 47.73106936071813)
state:field-0.0, action:WD, timestep:97, reward:0.28428701285522706
==================================================

coord:(28.704755701290704, 8.969664290777729, 47.73106936071813)->(26.971422431535682, 9.751758750168369, 47.73106936071813)
state:field-0.0, action:Sj, timestep:98, reward:-1.6078611685613815
==================================================

coord:(26.971422431535682, 9.751758750168369, 47.73106936071813)->(26.971422431535682, 7.091554966084926, 47.73106936071813)
state:air-5.0, action:Wait, timestep:99, reward:1.2557732371573174
==================================================

coord:(26.971422431535682, 7.091554966084926, 47.73106936071813)->(27.071422431535684, 8.027736868461885, 47.73106936071813)
state:field-0.0, action:Wsj, timestep:100, reward:-0.3325547949471179
==================================================

coord:(27.071422431535684, 8.027736868461885, 47.73106936071813)->(26.293605007397307, 8.133205096822149, 46.953251936579754)
state:field-0.0, action:SAs, timestep:101, reward:-0.26711262851596373
==================================================

coord:(26.293605007397307, 8.133205096822149, 46.953251936579754)->(25.31308365689816, 8.027736868461885, 45.972730586080665)
state:field-0.0, action:SA, timestep:102, reward:-0.31995678653042603
==================================================

coord:(25.31308365689816, 8.027736868461885, 45.972730586080665)->(24.95953028228981, 8.3190146484649, 46.32628396068902)
state:field-0.0, action:SDsj, timestep:103, reward:-0.5521250326334624
==================================================

coord:(24.95953028228981, 8.3190146484649, 46.32628396068902)->(24.95953028228981, 6.103130093383256, 46.32628396068902)
state:air-5.0, action:Wait, timestep:104, reward:0.8757373542284803
==================================================

coord:(24.95953028228981, 6.103130093383256, 46.32628396068902)->(24.95953028228981, 6.103130093383256, 46.32628396068902)
state:field-0.0, action:j, timestep:105, reward:-7.896924181238774e-07
==================================================

coord:(24.95953028228981, 6.103130093383256, 46.32628396068902)->(26.059530282289824, 7.091554966084926, 46.32628396068902)
state:field-0.0, action:Ws, timestep:106, reward:0.5369774524389221
==================================================

coord:(26.059530282289824, 7.091554966084926, 46.32628396068902)->(26.059530282289824, 8.133205096822149, 46.32628396068902)
state:air-5.0, action:Wait, timestep:107, reward:-0.4531632318277232
==================================================

coord:(26.059530282289824, 8.133205096822149, 46.32628396068902)->(23.24053139960478, 7.231766021017783, 43.50728507800414)
state:field-0.0, action:SAj, timestep:108, reward:-1.0768684299329756
==================================================

coord:(23.24053139960478, 7.231766021017783, 43.50728507800414)->(25.040531399604806, 8.513375861448784, 43.50728507800414)
state:field-0.0, action:Ws, timestep:109, reward:1.0087677704812634
==================================================

coord:(25.040531399604806, 8.513375861448784, 43.50728507800414)->(25.040531399604806, 9.892149101304343, 43.50728507800414)
state:air-5.0, action:Wait, timestep:110, reward:-0.6993869725174022
==================================================

coord:(25.040531399604806, 9.892149101304343, 43.50728507800414)->(26.030480848508194, 10.76803660460999, 42.51733562910075)
state:field-0.0, action:WAs, timestep:111, reward:0.5067859924144713
==================================================

coord:(26.030480848508194, 10.76803660460999, 42.51733562910075)->(26.030480848508194, 12.349710411076664, 42.51733562910075)
state:air-5.0, action:Wait, timestep:112, reward:-0.9893102811420427
==================================================

coord:(26.030480848508194, 12.349710411076664, 42.51733562910075)->(26.030480848508194, 12.349710411076664, 42.51733562910075)
state:field-0.0, action:Wait, timestep:113, reward:9.371196760810108e-07
==================================================

coord:(26.030480848508194, 12.349710411076664, 42.51733562910075)->(26.030480848508194, 12.349710411076664, 42.51733562910075)
state:field-0.0, action:j, timestep:114, reward:9.371196760810108e-07
==================================================

coord:(26.030480848508194, 12.349710411076664, 42.51733562910075)->(25.54022017325862, 12.88337484529984, 43.007596304350294)
state:field-0.0, action:SDj, timestep:115, reward:-0.802366282490059
==================================================

coord:(25.54022017325862, 12.88337484529984, 43.007596304350294)->(25.54022017325862, 9.892149101304343, 43.007596304350294)
state:air-5.0, action:Wait, timestep:116, reward:1.804721775436569
==================================================

coord:(25.54022017325862, 9.892149101304343, 43.007596304350294)->(23.9402201732586, 9.769649101304344, 43.007596304350294)
state:field-0.0, action:Ss, timestep:117, reward:-1.2481707417964856
==================================================

coord:(23.9402201732586, 9.769649101304344, 43.007596304350294)->(23.9402201732586, 7.231766021017783, 43.007596304350294)
state:air-5.0, action:Wait, timestep:118, reward:1.1572843852181869
==================================================

coord:(23.9402201732586, 7.231766021017783, 43.007596304350294)->(24.001502757664795, 7.231766021017783, 42.9463137199441)
state:field-0.0, action:WA, timestep:119, reward:0.06800315366752585
==================================================

coord:(24.001502757664795, 7.231766021017783, 42.9463137199441)->(24.001502757664795, 9.267181677720165, 42.9463137199441)
state:air-5.0, action:Wait, timestep:120, reward:-0.9100796393023813
==================================================

coord:(24.001502757664795, 9.267181677720165, 42.9463137199441)->(25.043306692570138, 9.892149101304343, 43.98811765484938)
state:field-0.0, action:WD, timestep:121, reward:0.29232247866828587
==================================================

coord:(25.043306692570138, 9.892149101304343, 43.98811765484938)->(23.916640067229373, 9.588512456912325, 43.98811765484938)
state:field-0.0, action:S, timestep:122, reward:-0.7648409034303079
==================================================

coord:(23.916640067229373, 9.588512456912325, 43.98811765484938)->(23.916640067229373, 7.231766021017783, 43.98811765484938)
state:air-5.0, action:Wait, timestep:123, reward:1.0513767241948848
==================================================

coord:(23.916640067229373, 7.231766021017783, 43.98811765484938)->(24.039205236041767, 7.719467496535955, 44.11068282366177)
state:field-0.0, action:WD, timestep:124, reward:-0.12512958454498957
==================================================

coord:(24.039205236041767, 7.719467496535955, 44.11068282366177)->(22.999205274188753, 7.466436959542611, 44.11068282366177)
state:field-0.0, action:S, timestep:125, reward:-0.8071467117735445
==================================================

coord:(22.999205274188753, 7.466436959542611, 44.11068282366177)->(22.999205274188753, 0.0, 44.11068282366177)
state:air-5.0, action:Wait, timestep:126, reward:1.50624736238316
==================================================

coord:(22.999205274188753, 0.0, 44.11068282366177)->(22.999205274188753, 0.0, 49.31068263292705)
state:field-0.0, action:D, timestep:127, reward:-2.130732657057546
==================================================

coord:(22.999205274188753, 0.0, 49.31068263292705)->(22.263814261314394, 0.0, 50.046073645801364)
state:field-0.0, action:SD, timestep:128, reward:-1.0115999138425522
==================================================

