coord:(23.0, 0.0, 42.0)->(23.0, 0.0, 42.0)
state:field-4, action:Wait, timestep:1, reward:-0.0
==================================================

coord:(23.0, 0.0, 42.0)->(23.0, 7.872093357350055, 42.1)
state:field-4.0, action:Dsj, timestep:2, reward:-1.7262640638793485
==================================================

coord:(23.0, 7.872093357350055, 42.1)->(23.0, 9.38893370440675, 38.99999999999996)
state:field-4.0, action:As, timestep:3, reward:-0.4314624104330278
==================================================

coord:(23.0, 9.38893370440675, 38.99999999999996)->(23.0, 9.700357959691633, 38.99999999999996)
state:air-9.0, action:Wait, timestep:4, reward:-0.15245801731670028
==================================================

coord:(23.0, 9.700357959691633, 38.99999999999996)->(23.0, 9.700357959691633, 38.99999999999996)
state:field-4.0, action:Wait, timestep:5, reward:1.7360126847165702e-07
==================================================

coord:(23.0, 9.700357959691633, 38.99999999999996)->(24.041803934905342, 10.482452408234229, 37.958196065094675)
state:field-4.0, action:WAj, timestep:6, reward:0.4513777041834679
==================================================

coord:(24.041803934905342, 10.482452408234229, 37.958196065094675)->(24.041803934905342, 11.645230657648455, 37.958196065094675)
state:air-9.0, action:Wait, timestep:7, reward:-0.6613556402130065
==================================================

coord:(24.041803934905342, 11.645230657648455, 37.958196065094675)->(23.980521350499146, 11.728040655189565, 38.01947864950087)
state:field-4.0, action:SDj, timestep:8, reward:-0.09508813544481498
==================================================

coord:(23.980521350499146, 11.728040655189565, 38.01947864950087)->(23.980521350499146, 9.700357959691633, 38.01947864950087)
state:air-9.0, action:Wait, timestep:9, reward:1.1247416154213958
==================================================

coord:(23.980521350499146, 9.700357959691633, 38.01947864950087)->(24.051232025420816, 11.419450388942312, 38.09018932442254)
state:field-4.0, action:WDsj, timestep:10, reward:-0.8833808137951245
==================================================

coord:(24.051232025420816, 11.419450388942312, 38.09018932442254)->(22.924565400080052, 11.115813744550294, 38.09018932442254)
state:field-4.0, action:S, timestep:11, reward:-0.75851804080569
==================================================

coord:(22.924565400080052, 11.115813744550294, 38.09018932442254)->(22.924565400080052, 11.115813744550294, 38.09018932442254)
state:air-9.0, action:j, timestep:12, reward:1.7818845066130962e-07
==================================================

coord:(22.924565400080052, 11.115813744550294, 38.09018932442254)->(22.924565400080052, 11.115813744550294, 38.09018932442254)
state:parachute-19.0, action:Sj, timestep:13, reward:1.7818845066130962e-07
==================================================

coord:(22.924565400080052, 11.115813744550294, 38.09018932442254)->(22.924565400080052, 12.415813696866614, 39.040189324422485)
state:wall-14.0, action:W, timestep:14, reward:-0.717102411757061
==================================================

coord:(22.924565400080052, 12.415813696866614, 39.040189324422485)->(22.924565400080052, 4.272830960898968, 39.040189324422485)
state:air-9.0, action:Wait, timestep:15, reward:3.5102234949792894
==================================================

coord:(22.924565400080052, 4.272830960898968, 39.040189324422485)->(22.924565400080052, 6.872830865531554, 40.04018932442243)
state:wall-14.0, action:Wj, timestep:16, reward:-0.8340938666854214
==================================================

coord:(22.924565400080052, 6.872830865531554, 40.04018932442243)->(22.924565400080052, 0.0, 40.04018932442243)
state:air-9.0, action:Wait, timestep:17, reward:1.3289700220147687
==================================================

coord:(22.924565400080052, 0.0, 40.04018932442243)->(23.011232063567803, 0.0828099975411097, 40.04018932442243)
state:field-4.0, action:Wj, timestep:18, reward:0.08630410809455213
==================================================

coord:(23.011232063567803, 0.0828099975411097, 40.04018932442243)->(23.011232063567803, 8.969664290777729, 40.04018932442243)
state:air-9.0, action:Wait, timestep:19, reward:-2.2186310839065975
==================================================

coord:(23.011232063567803, 8.969664290777729, 40.04018932442243)->(24.053035998473145, 9.956918478215421, 41.08199325932771)
state:field-4.0, action:WDj, timestep:20, reward:0.3243273735115757
==================================================

coord:(24.053035998473145, 9.956918478215421, 41.08199325932771)->(24.053035998473145, 10.683751824900195, 44.08199325932775)
state:field-4.0, action:Dsj, timestep:21, reward:-0.9412672409571883
==================================================

coord:(24.053035998473145, 10.683751824900195, 44.08199325932775)->(24.053035998473145, 7.719467496535955, 44.08199325932775)
state:air-8.0, action:Wait, timestep:22, reward:1.4247932052956394
==================================================

coord:(24.053035998473145, 7.719467496535955, 44.08199325932775)->(24.053035998473145, 6.555527026366573, 47.02865981791141)
state:field-3.0, action:D, timestep:23, reward:-0.5879006058108729
==================================================

coord:(24.053035998473145, 6.555527026366573, 47.02865981791141)->(24.053035998473145, 5.321479294713132, 47.02865981791141)
state:air-8.0, action:Wait, timestep:24, reward:0.3892940080637963
==================================================

coord:(24.053035998473145, 5.321479294713132, 47.02865981791141)->(23.44021015441118, 5.184360417004906, 46.41583397384948)
state:field-3.0, action:SA, timestep:25, reward:-0.24041205641987773
==================================================

coord:(23.44021015441118, 5.184360417004906, 46.41583397384948)->(22.949949479161607, 5.718024851228079, 46.906094649099025)
state:field-3.0, action:SDj, timestep:26, reward:-0.7739189020555983
==================================================

coord:(22.949949479161607, 5.718024851228079, 46.906094649099025)->(22.949949479161607, 0.0, 46.906094649099025)
state:air-8.0, action:Wait, timestep:27, reward:0.8506020667196452
==================================================

coord:(22.949949479161607, 0.0, 46.906094649099025)->(22.949949479161607, 0.0, 43.61276143656435)
state:field-3.0, action:Aj, timestep:28, reward:1.1308913491669763
==================================================

coord:(22.949949479161607, 0.0, 43.61276143656435)->(22.949949479161607, 0.0, 48.412761436564416)
state:field-3.0, action:Dsj, timestep:29, reward:-1.8127303735256817
==================================================

coord:(22.949949479161607, 0.0, 48.412761436564416)->(23.011232063567803, 0.0828099975411097, 48.47404402097061)
state:field-3.0, action:WDj, timestep:30, reward:0.02367750840199534
==================================================

coord:(23.011232063567803, 0.0828099975411097, 48.47404402097061)->(23.011232063567803, 3.89032683908715, 48.47404402097061)
state:air-8.0, action:Wait, timestep:31, reward:-0.3850374929814393
==================================================

coord:(23.011232063567803, 3.89032683908715, 48.47404402097061)->(23.011232063567803, 3.89032683908715, 48.47404402097061)
state:field-3.0, action:j, timestep:32, reward:8.828730528875894e-07
==================================================

coord:(23.011232063567803, 3.89032683908715, 48.47404402097061)->(24.00118151247119, 3.89032683908715, 49.463993469874)
state:field-3.0, action:WDs, timestep:33, reward:0.32833002984899906
==================================================

coord:(24.00118151247119, 3.89032683908715, 49.463993469874)->(22.95937757756585, 4.672421287629742, 48.422189534968716)
state:field-3.0, action:SAj, timestep:34, reward:-0.5160162833645892
==================================================

coord:(22.95937757756585, 4.672421287629742, 48.422189534968716)->(22.95937757756585, 0.0, 48.422189534968716)
state:air-8.0, action:Wait, timestep:35, reward:0.5527408420642708
==================================================

coord:(22.95937757756585, 0.0, 48.422189534968716)->(22.95937757756585, 0.0, 42.42218953496863)
state:field-3.0, action:As, timestep:36, reward:2.0911868845703765
==================================================

coord:(22.95937757756585, 0.0, 42.42218953496863)->(23.020660161972046, 0.0, 42.483472119374824)
state:field-2.0, action:WD, timestep:37, reward:0.04786697721074873
==================================================

coord:(23.020660161972046, 0.0, 42.483472119374824)->(23.020660161972046, 7.872093357350055, 42.483472119374824)
state:air-7.0, action:Wait, timestep:38, reward:-1.7038791900509231
==================================================

coord:(23.020660161972046, 7.872093357350055, 42.483472119374824)->(23.020660161972046, 7.354871135127832, 45.08347211937486)
state:field-2.0, action:Ds, timestep:39, reward:-0.4413429781336973
==================================================

coord:(23.020660161972046, 7.354871135127832, 45.08347211937486)->(23.020660161972046, 5.868766646810801, 45.08347211937486)
state:air-7.0, action:Wait, timestep:40, reward:0.5111610222884231
==================================================

coord:(23.020660161972046, 5.868766646810801, 45.08347211937486)->(23.162081511815387, 6.557373203102033, 44.94205076953152)
state:field-2.0, action:WAsj, timestep:41, reward:-0.054584752915133095
==================================================

coord:(23.162081511815387, 6.557373203102033, 44.94205076953152)->(22.978233758596797, 6.792001530071179, 44.75820301631294)
state:field-2.0, action:SAj, timestep:42, reward:-0.18848500495056086
==================================================

coord:(22.978233758596797, 6.792001530071179, 44.75820301631294)->(22.978233758596797, 6.792001530071179, 44.75820301631294)
state:air-7.0, action:j, timestep:43, reward:-8.130560296137901e-07
==================================================

coord:(22.978233758596797, 6.792001530071179, 44.75820301631294)->(22.978233758596797, 6.792001530071179, 44.75820301631294)
state:parachute-17.0, action:WAj, timestep:44, reward:-8.130560296137901e-07
==================================================

coord:(22.978233758596797, 6.792001530071179, 44.75820301631294)->(22.978233758596797, 9.392001434703737, 45.008203016312926)
state:wall-12.0, action:Wj, timestep:45, reward:-1.1380679055184686
==================================================

coord:(22.978233758596797, 9.392001434703737, 45.008203016312926)->(22.978233758596797, 9.392001434703737, 45.008203016312926)
state:air-6.0, action:j, timestep:46, reward:-6.600350701546631e-07
==================================================

coord:(22.978233758596797, 9.392001434703737, 45.008203016312926)->(22.978233758596797, 9.392001434703737, 45.008203016312926)
state:parachute-16.0, action:Sj, timestep:47, reward:-6.600350701546631e-07
==================================================

coord:(22.978233758596797, 9.392001434703737, 45.008203016312926)->(22.978233758596797, 8.092001482387417, 45.008203016312926)
state:wall-11.0, action:S, timestep:48, reward:0.5663888634534402
==================================================

coord:(22.978233758596797, 8.092001482387417, 45.008203016312926)->(22.978233758596797, 8.092001482387417, 45.008203016312926)
state:air-6.0, action:j, timestep:49, reward:-2.2040886449303798e-07
==================================================

coord:(22.978233758596797, 8.092001482387417, 45.008203016312926)->(23.06490042208455, 8.027001484771603, 45.008203016312926)
state:parachute-16.0, action:W, timestep:50, reward:0.10112531596919538
==================================================

coord:(23.06490042208455, 8.027001484771603, 45.008203016312926)->(23.06490042208455, 5.868766646810801, 45.008203016312926)
state:air-6.0, action:Wait, timestep:51, reward:0.7772719142391189
==================================================

coord:(23.06490042208455, 5.868766646810801, 45.008203016312926)->(24.045421772583694, 6.908826441871399, 45.988724366812015)
state:field-1.0, action:WDj, timestep:52, reward:0.16513162453492924
==================================================

coord:(24.045421772583694, 6.908826441871399, 45.988724366812015)->(24.045421772583694, 8.513375861448784, 42.9553911447406)
state:field-1.0, action:A, timestep:53, reward:0.2268861543207663
==================================================

coord:(24.045421772583694, 8.513375861448784, 42.9553911447406)->(24.045421772583694, 9.267181677720165, 42.9553911447406)
state:air-6.0, action:Wait, timestep:54, reward:-0.3585510649612189
==================================================

coord:(24.045421772583694, 9.267181677720165, 42.9553911447406)->(23.984139188177497, 9.349991675261276, 43.016673729146795)
state:field-1.0, action:SDj, timestep:55, reward:-0.10541524552407822
==================================================

coord:(23.984139188177497, 9.349991675261276, 43.016673729146795)->(23.984139188177497, 7.231766021017783, 43.016673729146795)
state:air-6.0, action:Wait, timestep:56, reward:0.9492579492766495
==================================================

coord:(23.984139188177497, 7.231766021017783, 43.016673729146795)->(24.054849863099168, 8.513375861448784, 43.087384404068466)
state:field-1.0, action:WDsj, timestep:57, reward:-0.5058321980642901
==================================================

coord:(24.054849863099168, 8.513375861448784, 43.087384404068466)->(25.035371213598314, 9.267181677720165, 42.10686305356938)
state:field-1.0, action:WA, timestep:58, reward:0.6581034119180451
==================================================

coord:(25.035371213598314, 9.267181677720165, 42.10686305356938)->(25.035371213598314, 10.76803660460999, 42.10686305356938)
state:air-6.0, action:Wait, timestep:59, reward:-0.8222603551629462
==================================================

coord:(25.035371213598314, 10.76803660460999, 42.10686305356938)->(25.035371213598314, 10.76803660460999, 42.10686305356938)
state:field-1.0, action:j, timestep:60, reward:-4.522088445924055e-07
==================================================

coord:(25.035371213598314, 10.76803660460999, 42.10686305356938)->(23.9953712517453, 10.51500606761664, 42.10686305356938)
state:field-1.0, action:S, timestep:61, reward:-0.7040796630038599
==================================================

coord:(23.9953712517453, 10.51500606761664, 42.10686305356938)->(23.9953712517453, 7.872093357350055, 42.10686305356938)
state:air-6.0, action:Wait, timestep:62, reward:1.295722194925414
==================================================

coord:(23.9953712517453, 7.872093357350055, 42.10686305356938)->(23.9953712517453, 9.38893370440675, 38.90686305356933)
state:field-1.0, action:As, timestep:63, reward:-0.4511273247893328
==================================================

coord:(23.9953712517453, 9.38893370440675, 38.90686305356933)->(23.9953712517453, 9.700357959691633, 38.90686305356933)
state:air-6.0, action:Wait, timestep:64, reward:-0.15950476413532044
==================================================

coord:(23.9953712517453, 9.700357959691633, 38.90686305356933)->(25.035371213598314, 11.419450388942312, 38.90686305356933)
state:field-1.0, action:W, timestep:65, reward:-0.10918968618492997
==================================================

coord:(25.035371213598314, 11.419450388942312, 38.90686305356933)->(25.035371213598314, 13.268873328369823, 38.90686305356933)
state:air-6.0, action:Wait, timestep:66, reward:-1.176037816103861
==================================================

coord:(25.035371213598314, 13.268873328369823, 38.90686305356933)->(26.01589256409746, 13.531219560760134, 37.92634170307024)
state:field-1.0, action:WA, timestep:67, reward:0.5117886228778055
==================================================

coord:(26.01589256409746, 13.531219560760134, 37.92634170307024)->(26.01589256409746, 15.518766254243811, 37.92634170307024)
state:air-6.0, action:Wait, timestep:68, reward:-1.428953112038844
==================================================

coord:(26.01589256409746, 15.518766254243811, 37.92634170307024)->(26.01589256409746, 15.601576378345444, 41.04634158862941)
state:field-1.0, action:Dj, timestep:69, reward:-0.13371530508797846
==================================================

coord:(26.01589256409746, 15.601576378345444, 41.04634158862941)->(26.01589256409746, 13.268873328369823, 41.04634158862941)
state:air-6.0, action:Wait, timestep:70, reward:1.6654635995768956
==================================================

coord:(26.01589256409746, 13.268873328369823, 41.04634158862941)->(26.01589256409746, 14.00956280164596, 43.03967484884777)
state:field-1.0, action:Dj, timestep:71, reward:-0.8168169001127907
==================================================

coord:(26.01589256409746, 14.00956280164596, 43.03967484884777)->(26.01589256409746, 11.345167297443975, 43.03967484884777)
state:air-6.0, action:Wait, timestep:72, reward:1.7475252886747974
==================================================

coord:(26.01589256409746, 11.345167297443975, 43.03967484884777)->(27.0576964990028, 12.349710411076664, 41.997870913942485)
state:field-1.0, action:WA, timestep:73, reward:0.31648297313807205
==================================================

coord:(27.0576964990028, 12.349710411076664, 41.997870913942485)->(27.0576964990028, 15.020545441800547, 41.997870913942485)
state:air-6.0, action:Wait, timestep:74, reward:-1.914094302954851
==================================================

coord:(27.0576964990028, 15.020545441800547, 41.997870913942485)->(26.97102983551505, 15.103355439341657, 41.997870913942485)
state:field-1.0, action:Sj, timestep:75, reward:-0.1179761619584987
==================================================

coord:(26.97102983551505, 15.103355439341657, 41.997870913942485)->(26.97102983551505, 13.268873328369823, 41.997870913942485)
state:air-6.0, action:Wait, timestep:76, reward:1.334338099616442
==================================================

coord:(26.97102983551505, 13.268873328369823, 41.997870913942485)->(27.032312419921247, 13.351683325910933, 41.93658832953629)
state:field-1.0, action:WAj, timestep:77, reward:-0.006571135020099206
==================================================

coord:(27.032312419921247, 13.351683325910933, 41.93658832953629)->(27.032312419921247, 15.020545441800547, 41.93658832953629)
state:air-6.0, action:Wait, timestep:78, reward:-1.217120492878987
==================================================

coord:(27.032312419921247, 15.020545441800547, 41.93658832953629)->(27.032312419921247, 15.020545441800547, 41.93658832953629)
state:field-1.0, action:Wait, timestep:79, reward:6.313885911879424e-07
==================================================

coord:(27.032312419921247, 15.020545441800547, 41.93658832953629)->(27.032312419921247, 15.571523224473854, 43.03658832953631)
state:field-1.0, action:Dsj, timestep:80, reward:-0.6022769491482869
==================================================

coord:(27.032312419921247, 15.571523224473854, 43.03658832953631)->(27.032312419921247, 12.842883997674194, 43.03658832953631)
state:air-6.0, action:Wait, timestep:81, reward:1.9701191055377016
==================================================

coord:(27.032312419921247, 12.842883997674194, 43.03658832953631)->(29.032312419921276, 14.34979245982817, 43.03658832953631)
state:field-1.0, action:Ws, timestep:82, reward:0.1853244729665775
==================================================

coord:(29.032312419921276, 14.34979245982817, 43.03658832953631)->(29.032312419921276, 15.825596363884099, 43.03658832953631)
state:air-6.0, action:Wait, timestep:83, reward:-1.166395696767868
==================================================

coord:(29.032312419921276, 15.825596363884099, 43.03658832953631)->(28.042362971017887, 16.46967414789255, 44.026537778439696)
state:field-1.0, action:SDsj, timestep:84, reward:-1.2911150619433052
==================================================

coord:(28.042362971017887, 16.46967414789255, 44.026537778439696)->(28.042362971017887, 13.011613521880761, 44.026537778439696)
state:air-5.0, action:Wait, timestep:85, reward:2.5916644601309677
==================================================

coord:(28.042362971017887, 13.011613521880761, 44.026537778439696)->(29.0423629710179, 14.34979245982817, 44.026537778439696)
state:field-0.0, action:Wsj, timestep:86, reward:-0.3691082381587485
==================================================

coord:(29.0423629710179, 14.34979245982817, 44.026537778439696)->(29.0423629710179, 15.090481933104305, 46.01987103865805)
state:field-0.0, action:Dj, timestep:87, reward:-1.1849118179242417
==================================================

coord:(29.0423629710179, 15.090481933104305, 46.01987103865805)->(29.0423629710179, 11.345167297443975, 46.01987103865805)
state:air-5.0, action:Wait, timestep:88, reward:2.6621918736642876
==================================================

coord:(29.0423629710179, 11.345167297443975, 46.01987103865805)->(27.020037685613413, 12.842883997674194, 43.99754575325368)
state:field-0.0, action:SA, timestep:89, reward:-1.6668614137223585
==================================================

coord:(27.020037685613413, 12.842883997674194, 43.99754575325368)->(25.9800377237604, 12.589853460680846, 43.99754575325368)
state:field-0.0, action:S, timestep:90, reward:-0.56328387773328
==================================================

coord:(25.9800377237604, 12.589853460680846, 43.99754575325368)->(25.9800377237604, 9.892149101304343, 43.99754575325368)
state:air-5.0, action:Wait, timestep:91, reward:1.6231251429098634
==================================================

coord:(25.9800377237604, 9.892149101304343, 43.99754575325368)->(28.553906268820658, 10.28718238460078, 46.57141429831379)
state:field-0.0, action:WD, timestep:92, reward:0.720215969331953
==================================================

coord:(28.553906268820658, 10.28718238460078, 46.57141429831379)->(27.988220869447293, 10.720560165938942, 47.137099697687155)
state:field-0.0, action:SDsj, timestep:93, reward:-0.8883048877614108
==================================================

coord:(27.988220869447293, 10.720560165938942, 47.137099697687155)->(27.988220869447293, 8.027736868461885, 47.137099697687155)
state:air-5.0, action:Wait, timestep:94, reward:1.4582500002522991
==================================================

coord:(27.988220869447293, 8.027736868461885, 47.137099697687155)->(28.04950345385349, 8.969664290777729, 47.07581711328096)
state:field-0.0, action:WAj, timestep:95, reward:-0.40362811531551657
==================================================

coord:(28.04950345385349, 8.969664290777729, 47.07581711328096)->(27.90808210401015, 9.206899012526016, 46.93439576343762)
state:field-0.0, action:SAs, timestep:96, reward:-0.15962909140382564
==================================================

coord:(27.90808210401015, 9.206899012526016, 46.93439576343762)->(28.704755701290704, 8.969664290777729, 47.73106936071813)
state:field-0.0, action:WD, timestep:97, reward:0.28428701285522706
==================================================

coord:(28.704755701290704, 8.969664290777729, 47.73106936071813)->(26.971422431535682, 9.751758750168369, 47.73106936071813)
state:field-0.0, action:Sj, timestep:98, reward:-1.6078611685613815
==================================================

coord:(26.971422431535682, 9.751758750168369, 47.73106936071813)->(26.971422431535682, 7.091554966084926, 47.73106936071813)
state:air-5.0, action:Wait, timestep:99, reward:1.2557732371573174
==================================================

coord:(26.971422431535682, 7.091554966084926, 47.73106936071813)->(27.071422431535684, 8.027736868461885, 47.73106936071813)
state:field-0.0, action:Wsj, timestep:100, reward:-0.3325547949471179
==================================================

coord:(27.071422431535684, 8.027736868461885, 47.73106936071813)->(26.293605007397307, 8.133205096822149, 46.953251936579754)
state:field-0.0, action:SAs, timestep:101, reward:-0.26711262851596373
==================================================

coord:(26.293605007397307, 8.133205096822149, 46.953251936579754)->(25.31308365689816, 8.027736868461885, 45.972730586080665)
state:field-0.0, action:SA, timestep:102, reward:-0.31995678653042603
==================================================

coord:(25.31308365689816, 8.027736868461885, 45.972730586080665)->(24.95953028228981, 8.3190146484649, 46.32628396068902)
state:field-0.0, action:SDsj, timestep:103, reward:-0.5521250326334624
==================================================

coord:(24.95953028228981, 8.3190146484649, 46.32628396068902)->(24.95953028228981, 6.103130093383256, 46.32628396068902)
state:air-5.0, action:Wait, timestep:104, reward:0.8757373542284803
==================================================

coord:(24.95953028228981, 6.103130093383256, 46.32628396068902)->(24.95953028228981, 6.103130093383256, 46.32628396068902)
state:field-0.0, action:j, timestep:105, reward:-7.896924181238774e-07
==================================================

coord:(24.95953028228981, 6.103130093383256, 46.32628396068902)->(26.059530282289824, 7.091554966084926, 46.32628396068902)
state:field-0.0, action:Ws, timestep:106, reward:0.5369774524389221
==================================================

coord:(26.059530282289824, 7.091554966084926, 46.32628396068902)->(26.059530282289824, 8.133205096822149, 46.32628396068902)
state:air-5.0, action:Wait, timestep:107, reward:-0.4531632318277232
==================================================

coord:(26.059530282289824, 8.133205096822149, 46.32628396068902)->(23.24053139960478, 7.231766021017783, 43.50728507800414)
state:field-0.0, action:SAj, timestep:108, reward:-1.0768684299329756
==================================================

coord:(23.24053139960478, 7.231766021017783, 43.50728507800414)->(25.040531399604806, 8.513375861448784, 43.50728507800414)
state:field-0.0, action:Ws, timestep:109, reward:1.0087677704812634
==================================================

coord:(25.040531399604806, 8.513375861448784, 43.50728507800414)->(25.040531399604806, 9.892149101304343, 43.50728507800414)
state:air-5.0, action:Wait, timestep:110, reward:-0.6993869725174022
==================================================

coord:(25.040531399604806, 9.892149101304343, 43.50728507800414)->(26.030480848508194, 10.76803660460999, 42.51733562910075)
state:field-0.0, action:WAs, timestep:111, reward:0.5067859924144713
==================================================

coord:(26.030480848508194, 10.76803660460999, 42.51733562910075)->(26.030480848508194, 12.349710411076664, 42.51733562910075)
state:air-5.0, action:Wait, timestep:112, reward:-0.9893102811420427
==================================================

coord:(26.030480848508194, 12.349710411076664, 42.51733562910075)->(26.030480848508194, 12.349710411076664, 42.51733562910075)
state:field-0.0, action:Wait, timestep:113, reward:9.371196760810108e-07
==================================================

coord:(26.030480848508194, 12.349710411076664, 42.51733562910075)->(26.030480848508194, 12.349710411076664, 42.51733562910075)
state:field-0.0, action:j, timestep:114, reward:9.371196760810108e-07
==================================================

coord:(26.030480848508194, 12.349710411076664, 42.51733562910075)->(25.54022017325862, 12.88337484529984, 43.007596304350294)
state:field-0.0, action:SDj, timestep:115, reward:-0.802366282490059
==================================================

coord:(25.54022017325862, 12.88337484529984, 43.007596304350294)->(25.54022017325862, 9.892149101304343, 43.007596304350294)
state:air-5.0, action:Wait, timestep:116, reward:1.804721775436569
==================================================

coord:(25.54022017325862, 9.892149101304343, 43.007596304350294)->(23.9402201732586, 9.769649101304344, 43.007596304350294)
state:field-0.0, action:Ss, timestep:117, reward:-1.2481707417964856
==================================================

coord:(23.9402201732586, 9.769649101304344, 43.007596304350294)->(23.9402201732586, 7.231766021017783, 43.007596304350294)
state:air-5.0, action:Wait, timestep:118, reward:1.1572843852181869
==================================================

coord:(23.9402201732586, 7.231766021017783, 43.007596304350294)->(24.001502757664795, 7.231766021017783, 42.9463137199441)
state:field-0.0, action:WA, timestep:119, reward:0.06800315366752585
==================================================

coord:(24.001502757664795, 7.231766021017783, 42.9463137199441)->(24.001502757664795, 9.267181677720165, 42.9463137199441)
state:air-5.0, action:Wait, timestep:120, reward:-0.9100796393023813
==================================================

coord:(24.001502757664795, 9.267181677720165, 42.9463137199441)->(25.043306692570138, 9.892149101304343, 43.98811765484938)
state:field-0.0, action:WD, timestep:121, reward:0.29232247866828587
==================================================

coord:(25.043306692570138, 9.892149101304343, 43.98811765484938)->(23.916640067229373, 9.588512456912325, 43.98811765484938)
state:field-0.0, action:S, timestep:122, reward:-0.7648409034303079
==================================================

coord:(23.916640067229373, 9.588512456912325, 43.98811765484938)->(23.916640067229373, 7.231766021017783, 43.98811765484938)
state:air-5.0, action:Wait, timestep:123, reward:1.0513767241948848
==================================================

coord:(23.916640067229373, 7.231766021017783, 43.98811765484938)->(24.039205236041767, 7.719467496535955, 44.11068282366177)
state:field-0.0, action:WD, timestep:124, reward:-0.12512958454498957
==================================================

coord:(24.039205236041767, 7.719467496535955, 44.11068282366177)->(22.999205274188753, 7.466436959542611, 44.11068282366177)
state:field-0.0, action:S, timestep:125, reward:-0.8071467117735445
==================================================

coord:(22.999205274188753, 7.466436959542611, 44.11068282366177)->(22.999205274188753, 0.0, 44.11068282366177)
state:air-5.0, action:Wait, timestep:126, reward:1.50624736238316
==================================================

coord:(22.999205274188753, 0.0, 44.11068282366177)->(22.999205274188753, 0.0, 49.31068263292705)
state:field-0.0, action:D, timestep:127, reward:-2.130732657057546
==================================================

coord:(22.999205274188753, 0.0, 49.31068263292705)->(22.999205274188753, 0.0, 44.11068282366177)
state:field-0.0, action:A, timestep:128, reward:2.1307342856009335
==================================================

coord:(22.999205274188753, 0.0, 44.11068282366177)->(19.322250209816957, 0.0, 40.433727759290186)
state:field-0.0, action:SA, timestep:129, reward:-2.9750396219343287
==================================================

coord:(19.322250209816957, 0.0, 40.433727759290186)->(19.322250209816957, 0.0, 45.633727568555464)
state:field-0.0, action:D, timestep:130, reward:-0.9883972700182255
==================================================

coord:(19.322250209816957, 0.0, 45.633727568555464)->(19.322250209816957, 0.0, 45.633727568555464)
state:field-0.0, action:Wait, timestep:131, reward:3.2824837603584456e-07
==================================================

coord:(19.322250209816957, 0.0, 45.633727568555464)->(22.999205274188753, 0.0, 41.95677250418388)
state:field-0.0, action:WA, timestep:132, reward:4.45979392977824
==================================================

coord:(22.999205274188753, 0.0, 41.95677250418388)->(23.085871937676504, 0.0, 41.95677250418388)
state:field-0.0, action:W, timestep:133, reward:0.08537933754341509
==================================================

coord:(23.085871937676504, 0.0, 41.95677250418388)->(23.085871937676504, 8.457996674488252, 41.95677250418388)
state:air-5.0, action:Wait, timestep:134, reward:-1.970118434942485
==================================================

coord:(23.085871937676504, 8.457996674488252, 41.95677250418388)->(23.085871937676504, 8.457996674488252, 41.95677250418388)
state:field-0.0, action:Wait, timestep:135, reward:-8.659727583903987e-07
==================================================

coord:(23.085871937676504, 8.457996674488252, 41.95677250418388)->(23.085871937676504, 9.956918478215421, 36.7567726949186)
state:field-0.0, action:A, timestep:136, reward:-0.6142604941053058
==================================================

coord:(23.085871937676504, 9.956918478215421, 36.7567726949186)->(23.085871937676504, 9.956918478215421, 36.7567726949186)
state:field-0.0, action:Wait, timestep:137, reward:-7.742566729973532e-07
==================================================

coord:(23.085871937676504, 9.956918478215421, 36.7567726949186)->(23.69869778173847, 9.892149101304343, 37.36959853898053)
state:field-0.0, action:WD, timestep:138, reward:0.617463353415932
==================================================

coord:(23.69869778173847, 9.892149101304343, 37.36959853898053)->(23.69869778173847, 9.892149101304343, 37.36959853898053)
state:field-0.0, action:Wait, timestep:139, reward:-7.121358258643795e-07
==================================================

coord:(23.69869778173847, 9.892149101304343, 37.36959853898053)->(23.69869778173847, 9.700357959691633, 38.92959848176012)
state:field-0.0, action:D, timestep:140, reward:0.168234767289686
==================================================

coord:(23.69869778173847, 9.700357959691633, 38.92959848176012)->(23.69869778173847, 9.892149101304343, 35.46293194224993)
state:field-0.0, action:A, timestep:141, reward:-0.4239429168908586
==================================================

coord:(23.69869778173847, 9.892149101304343, 35.46293194224993)->(22.96330676886411, 9.956918478215421, 36.19832295512425)
state:field-0.0, action:SD, timestep:142, reward:-0.5376000483948893
==================================================

coord:(22.96330676886411, 9.956918478215421, 36.19832295512425)->(22.96330676886411, 14.921418890494142, 36.19832295512425)
state:air-5.0, action:Wait, timestep:143, reward:-2.889039473360441
==================================================

coord:(22.96330676886411, 14.921418890494142, 36.19832295512425)->(23.024589353270308, 14.921418890494142, 36.137040370718054)
state:field-0.0, action:WA, timestep:144, reward:0.038095748355466696
==================================================

coord:(23.024589353270308, 14.921418890494142, 36.137040370718054)->(23.024589353270308, 9.956918478215421, 36.137040370718054)
state:air-5.0, action:Wait, timestep:145, reward:2.894572631214718
==================================================

coord:(23.024589353270308, 9.956918478215421, 36.137040370718054)->(22.96330676886411, 9.956918478215421, 36.07575778631186)
state:field-0.0, action:SA, timestep:146, reward:-0.06122724237071964
==================================================

coord:(22.96330676886411, 9.956918478215421, 36.07575778631186)->(22.96330676886411, 14.921418890494142, 36.07575778631186)
state:air-5.0, action:Wait, timestep:147, reward:-2.886812093487066
==================================================

coord:(22.96330676886411, 14.921418890494142, 36.07575778631186)->(22.96330676886411, 14.921418890494142, 36.07575778631186)
state:field-0.0, action:Wait, timestep:148, reward:1.1659594179036503e-07
==================================================

coord:(22.96330676886411, 14.921418890494142, 36.07575778631186)->(22.96330676886411, 14.921418890494142, 36.07575778631186)
state:field-0.0, action:Wait, timestep:149, reward:1.1659594179036503e-07
==================================================

coord:(22.96330676886411, 14.921418890494142, 36.07575778631186)->(23.049973432351862, 14.921418890494142, 36.07575778631186)
state:field-0.0, action:W, timestep:150, reward:0.06458636819554187
==================================================

coord:(23.049973432351862, 14.921418890494142, 36.07575778631186)->(23.049973432351862, 9.956918478215421, 36.07575778631186)
state:air-5.0, action:Wait, timestep:151, reward:2.8961914643477407
==================================================

coord:(23.049973432351862, 9.956918478215421, 36.07575778631186)->(23.049973432351862, 9.892149101304343, 37.54909106560369)
state:field-0.0, action:D, timestep:152, reward:0.19547458596855805
==================================================

coord:(23.049973432351862, 9.892149101304343, 37.54909106560369)->(23.049973432351862, 9.892149101304343, 35.46909114189758)
state:field-0.0, action:A, timestep:153, reward:-0.26154216177247847
==================================================

coord:(23.049973432351862, 9.892149101304343, 35.46909114189758)->(23.049973432351862, 9.892149101304343, 35.46909114189758)
state:field-0.0, action:Wait, timestep:154, reward:-7.951953300278092e-07
==================================================

coord:(23.049973432351862, 9.892149101304343, 35.46909114189758)->(23.049973432351862, 9.892149101304343, 37.54909106560369)
state:field-0.0, action:D, timestep:155, reward:0.2615413279119174
==================================================

coord:(23.049973432351862, 9.892149101304343, 37.54909106560369)->(23.049973432351862, 9.892149101304343, 37.54909106560369)
state:field-0.0, action:Wait, timestep:156, reward:-3.86652310169211e-08
==================================================

coord:(23.049973432351862, 9.892149101304343, 37.54909106560369)->(23.049973432351862, 9.700357959691633, 38.935757681407765)
state:field-0.0, action:D, timestep:157, reward:0.14942334328629414
==================================================

coord:(23.049973432351862, 9.700357959691633, 38.935757681407765)->(23.049973432351862, 9.892149101304343, 35.46909114189758)
state:field-0.0, action:A, timestep:158, reward:-0.41096576101564253
==================================================

coord:(23.049973432351862, 9.892149101304343, 35.46909114189758)->(24.003306730717124, 9.892149101304343, 35.46909114189758)
state:field-0.0, action:W, timestep:159, reward:0.8037699290346652
==================================================

coord:(24.003306730717124, 9.892149101304343, 35.46909114189758)->(24.003306730717124, 11.645230657648455, 35.46909114189758)
state:air-5.0, action:Wait, timestep:160, reward:-0.9623032785384851
==================================================

coord:(24.003306730717124, 11.645230657648455, 35.46909114189758)->(24.003306730717124, 11.052835687926466, 33.47575788167922)
state:field-0.0, action:A, timestep:161, reward:-0.11420116541719949
==================================================

coord:(24.003306730717124, 11.052835687926466, 33.47575788167922)->(24.003306730717124, 11.052835687926466, 33.47575788167922)
state:field-0.0, action:Wait, timestep:162, reward:-5.733761838655482e-07
==================================================

coord:(24.003306730717124, 11.052835687926466, 33.47575788167922)->(24.003306730717124, 11.645230657648455, 37.635757729091445)
state:field-0.0, action:D, timestep:163, reward:0.3798023372936008
==================================================

coord:(24.003306730717124, 11.645230657648455, 37.635757729091445)->(23.916640067229373, 11.645230657648455, 37.635757729091445)
state:field-0.0, action:S, timestep:164, reward:-0.06996732226739155
==================================================

coord:(23.916640067229373, 11.645230657648455, 37.635757729091445)->(23.916640067229373, 9.892149101304343, 37.635757729091445)
state:air-5.0, action:Wait, timestep:165, reward:0.9722449155833957
==================================================

coord:(23.916640067229373, 9.892149101304343, 37.635757729091445)->(23.916640067229373, 9.892149101304343, 37.635757729091445)
state:field-0.0, action:Wait, timestep:166, reward:6.528880831524475e-07
==================================================

coord:(23.916640067229373, 9.892149101304343, 37.635757729091445)->(23.916640067229373, 9.892149101304343, 35.46909114189758)
state:field-0.0, action:A, timestep:167, reward:-0.27808083391213856
==================================================

coord:(23.916640067229373, 9.892149101304343, 35.46909114189758)->(23.916640067229373, 9.700357959691633, 34.082424526093504)
state:field-0.0, action:A, timestep:168, reward:-0.2060241009706445
==================================================

coord:(23.916640067229373, 9.700357959691633, 34.082424526093504)->(23.916640067229373, 8.969664290777729, 32.34909125633841)
state:field-0.0, action:A, timestep:169, reward:-0.1643793176541628
==================================================

coord:(23.916640067229373, 8.969664290777729, 32.34909125633841)->(25.019726586540912, 10.25562692089396, 31.24600473702689)
state:field-0.0, action:WA, timestep:170, reward:-0.1614157771978313
==================================================

coord:(25.019726586540912, 10.25562692089396, 31.24600473702689)->(25.019726586540912, 11.569478874068835, 31.24600473702689)
state:air-5.0, action:Wait, timestep:171, reward:-0.7133865205397569
==================================================

coord:(25.019726586540912, 11.569478874068835, 31.24600473702689)->(27.013059846759187, 13.268873328369823, 31.24600473702689)
state:field-0.0, action:W, timestep:172, reward:0.3336466558133786
==================================================

coord:(27.013059846759187, 13.268873328369823, 31.24600473702689)->(27.013059846759187, 15.020545441800547, 31.24600473702689)
state:air-5.0, action:Wait, timestep:173, reward:-1.195867109407743
==================================================

coord:(27.013059846759187, 15.020545441800547, 31.24600473702689)->(27.013059846759187, 16.673795318751065, 34.01933796863501)
state:field-0.0, action:D, timestep:174, reward:-0.3969568610460641
==================================================

coord:(27.013059846759187, 16.673795318751065, 34.01933796863501)->(27.013059846759187, 17.22685325412422, 34.01933796863501)
state:air-5.0, action:Wait, timestep:175, reward:-0.4275240014771313
==================================================

coord:(27.013059846759187, 17.22685325412422, 34.01933796863501)->(27.013059846759187, 17.22685325412422, 34.01933796863501)
state:field-0.0, action:Wait, timestep:176, reward:5.651732593037195e-07
==================================================

coord:(27.013059846759187, 17.22685325412422, 34.01933796863501)->(26.926393183271436, 17.22685325412422, 34.01933796863501)
state:field-0.0, action:S, timestep:177, reward:-0.050944883228403626
==================================================

coord:(26.926393183271436, 17.22685325412422, 34.01933796863501)->(26.926393183271436, 15.217885033606958, 34.01933796863501)
state:air-5.0, action:Wait, timestep:178, reward:1.5206479228499141
==================================================

coord:(26.926393183271436, 15.217885033606958, 34.01933796863501)->(27.013059846759187, 15.217885033606958, 34.01933796863501)
state:field-0.0, action:W, timestep:179, reward:0.054703602047755595
==================================================

coord:(27.013059846759187, 15.217885033606958, 34.01933796863501)->(27.013059846759187, 17.22685325412422, 34.01933796863501)
state:air-5.0, action:Wait, timestep:180, reward:-1.5244039605835766
==================================================

coord:(27.013059846759187, 17.22685325412422, 34.01933796863501)->(26.95177726235299, 17.22685325412422, 33.958055384228814)
state:field-0.0, action:SA, timestep:181, reward:-0.049843849659357176
==================================================

coord:(26.95177726235299, 17.22685325412422, 33.958055384228814)->(26.95177726235299, 14.729323834804282, 33.958055384228814)
state:air-5.0, action:Wait, timestep:182, reward:1.8777269120540154
==================================================

coord:(26.95177726235299, 14.729323834804282, 33.958055384228814)->(26.95177726235299, 14.729323834804282, 33.958055384228814)
state:field-0.0, action:Wait, timestep:183, reward:-5.964909064459789e-07
==================================================

coord:(26.95177726235299, 14.729323834804282, 33.958055384228814)->(26.95177726235299, 13.56538336463489, 30.924722162157448)
state:field-0.0, action:A, timestep:184, reward:-0.16805083352695505
==================================================

coord:(26.95177726235299, 13.56538336463489, 30.924722162157448)->(26.95177726235299, 12.349710411076664, 30.924722162157448)
state:air-5.0, action:Wait, timestep:185, reward:0.7841058299898798
==================================================

coord:(26.95177726235299, 12.349710411076664, 30.924722162157448)->(28.05486378166453, 13.975439937447058, 29.82163564284591)
state:field-0.0, action:WA, timestep:186, reward:-0.8512690787231421
==================================================

coord:(28.05486378166453, 13.975439937447058, 29.82163564284591)->(28.05486378166453, 14.34979245982817, 29.82163564284591)
state:air-5.0, action:Wait, timestep:187, reward:-0.256414764722912
==================================================

coord:(28.05486378166453, 14.34979245982817, 29.82163564284591)->(29.035385132163675, 14.34979245982817, 28.841114292346763)
state:field-0.0, action:WA, timestep:188, reward:0.08435535372409575
==================================================

coord:(29.035385132163675, 14.34979245982817, 28.841114292346763)->(28.851537378945086, 14.34979245982817, 29.024962045565353)
state:field-0.0, action:SD, timestep:189, reward:-0.008777420625996513
==================================================

coord:(28.851537378945086, 14.34979245982817, 29.024962045565353)->(26.94487078221456, 14.046155815436151, 29.024962045565353)
state:field-0.0, action:S, timestep:190, reward:-0.8862014443432926
==================================================

coord:(26.94487078221456, 14.046155815436151, 29.024962045565353)->(26.94487078221456, 11.345167297443975, 29.024962045565353)
state:air-5.0, action:Wait, timestep:191, reward:1.6493201638657133
==================================================

coord:(26.94487078221456, 11.345167297443975, 29.024962045565353)->(28.0479573015261, 11.645230657648455, 27.921875526253814)
state:field-0.0, action:WA, timestep:192, reward:-0.06343097189249036
==================================================

coord:(28.0479573015261, 11.645230657648455, 27.921875526253814)->(28.0479573015261, 13.011613521880761, 29.048542151594578)
state:field-0.0, action:D, timestep:193, reward:-0.2480283435867392
==================================================

coord:(28.0479573015261, 13.011613521880761, 29.048542151594578)->(28.0479573015261, 14.34979245982817, 29.048542151594578)
state:air-5.0, action:Wait, timestep:194, reward:-0.8835760918014017
==================================================

coord:(28.0479573015261, 14.34979245982817, 29.048542151594578)->(28.0479573015261, 14.34979245982817, 29.048542151594578)
state:field-0.0, action:Wait, timestep:195, reward:-6.523482767306632e-07
==================================================

coord:(28.0479573015261, 14.34979245982817, 29.048542151594578)->(30.041290561744376, 15.825596363884099, 29.048542151594578)
state:field-0.0, action:W, timestep:196, reward:-0.020252637858206413
==================================================

coord:(30.041290561744376, 15.825596363884099, 29.048542151594578)->(30.041290561744376, 17.22685325412422, 29.048542151594578)
state:air-5.0, action:Wait, timestep:197, reward:-1.066441133446716
==================================================

coord:(30.041290561744376, 17.22685325412422, 29.048542151594578)->(29.98000797733818, 17.22685325412422, 28.98725956718838)
state:field-0.0, action:SA, timestep:198, reward:-0.05494457512202544
==================================================

coord:(29.98000797733818, 17.22685325412422, 28.98725956718838)->(29.98000797733818, 14.34979245982817, 28.98725956718838)
state:air-5.0, action:Wait, timestep:199, reward:2.1392833997799094
==================================================

coord:(29.98000797733818, 14.34979245982817, 28.98725956718838)->(29.98000797733818, 14.34979245982817, 28.98725956718838)
state:field-0.0, action:Wait, timestep:200, reward:-7.3413122336774e-07
==================================================

coord:(29.98000797733818, 14.34979245982817, 28.98725956718838)->(30.041290561744376, 14.34979245982817, 29.048542151594578)
state:field-0.0, action:WD, timestep:201, reward:0.06078941701469276
==================================================

coord:(30.041290561744376, 14.34979245982817, 29.048542151594578)->(30.041290561744376, 17.22685325412422, 29.048542151594578)
state:air-5.0, action:Wait, timestep:202, reward:-2.145128801293396
==================================================

coord:(30.041290561744376, 17.22685325412422, 29.048542151594578)->(30.041290561744376, 17.22685325412422, 29.048542151594578)
state:field-0.0, action:Wait, timestep:203, reward:-5.511713254691131e-07
==================================================

coord:(30.041290561744376, 17.22685325412422, 29.048542151594578)->(29.98000797733818, 17.22685325412422, 28.98725956718838)
state:field-0.0, action:SA, timestep:204, reward:-0.05494457512202544
==================================================

coord:(29.98000797733818, 17.22685325412422, 28.98725956718838)->(29.98000797733818, 14.34979245982817, 28.98725956718838)
state:air-5.0, action:Wait, timestep:205, reward:2.1392833997799094
==================================================

coord:(29.98000797733818, 14.34979245982817, 28.98725956718838)->(29.98000797733818, 14.09676192283482, 26.993926306970106)
state:field-0.0, action:A, timestep:206, reward:-0.8902295753917002
==================================================

coord:(29.98000797733818, 14.09676192283482, 26.993926306970106)->(29.98000797733818, 11.345167297443975, 26.993926306970106)
state:air-5.0, action:Wait, timestep:207, reward:1.733945431315643
==================================================

coord:(29.98000797733818, 11.345167297443975, 26.993926306970106)->(29.98000797733818, 11.345167297443975, 26.993926306970106)
state:field-0.0, action:Wait, timestep:208, reward:-4.152419741387803e-07
==================================================

coord:(29.98000797733818, 11.345167297443975, 26.993926306970106)->(27.986674717119904, 11.092136760450627, 26.993926306970106)
state:field-0.0, action:S, timestep:209, reward:-0.9655863746157003
==================================================

coord:(27.986674717119904, 11.092136760450627, 26.993926306970106)->(27.986674717119904, 9.206899012526016, 26.993926306970106)
state:air-5.0, action:Wait, timestep:210, reward:0.9662604471383105
==================================================

coord:(27.986674717119904, 9.206899012526016, 26.993926306970106)->(27.986674717119904, 10.42233515787929, 28.03392626882312)
state:field-0.0, action:D, timestep:211, reward:0.0008523777731035409
==================================================

coord:(27.986674717119904, 10.42233515787929, 28.03392626882312)->(27.986674717119904, 11.645230657648455, 28.03392626882312)
state:air-5.0, action:Wait, timestep:212, reward:-0.6862729653233259
==================================================

coord:(27.986674717119904, 11.645230657648455, 28.03392626882312)->(26.94487078221456, 11.093164031481152, 26.992122333917777)
state:field-0.0, action:SA, timestep:213, reward:-0.9162402463547217
==================================================

coord:(26.94487078221456, 11.093164031481152, 26.992122333917777)->(26.94487078221456, 8.133205096822149, 26.992122333917777)
state:air-5.0, action:Wait, timestep:214, reward:1.407449255988471
==================================================

coord:(26.94487078221456, 8.133205096822149, 26.992122333917777)->(26.94487078221456, 9.206899012526016, 28.03212229577079)
state:field-0.0, action:D, timestep:215, reward:0.13568110654369647
==================================================

coord:(26.94487078221456, 9.206899012526016, 28.03212229577079)->(26.94487078221456, 10.28718238460078, 28.03212229577079)
state:air-5.0, action:Wait, timestep:216, reward:-0.5359717537915998
==================================================

coord:(26.94487078221456, 10.28718238460078, 28.03212229577079)->(26.94487078221456, 11.345167297443975, 30.025455555989065)
state:field-0.0, action:D, timestep:217, reward:0.4280578107384656
==================================================

coord:(26.94487078221456, 11.345167297443975, 30.025455555989065)->(26.94487078221456, 12.349710411076664, 30.025455555989065)
state:air-5.0, action:Wait, timestep:218, reward:-0.601487190548319
==================================================

coord:(26.94487078221456, 12.349710411076664, 30.025455555989065)->(25.964349431715416, 11.866652113180274, 29.04493420548992)
state:field-0.0, action:SA, timestep:219, reward:-0.8154716619034588
==================================================

coord:(25.964349431715416, 11.866652113180274, 29.04493420548992)->(25.964349431715416, 9.892149101304343, 29.04493420548992)
state:air-5.0, action:Wait, timestep:220, reward:1.0542764488371859
==================================================

coord:(25.964349431715416, 9.892149101304343, 29.04493420548992)->(27.00434939356843, 11.345167297443975, 29.04493420548992)
state:field-0.0, action:W, timestep:221, reward:-0.06904475639212748
==================================================

coord:(27.00434939356843, 11.345167297443975, 29.04493420548992)->(27.00434939356843, 12.842883997674194, 29.04493420548992)
state:air-5.0, action:Wait, timestep:222, reward:-0.8895624388779382
==================================================

coord:(27.00434939356843, 12.842883997674194, 29.04493420548992)->(25.964349431715416, 12.589853460680846, 29.04493420548992)
state:field-0.0, action:S, timestep:223, reward:-0.5145517073256016
==================================================

coord:(25.964349431715416, 12.589853460680846, 29.04493420548992)->(25.964349431715416, 9.892149101304343, 29.04493420548992)
state:air-5.0, action:Wait, timestep:224, reward:1.473158818832303
==================================================

coord:(25.964349431715416, 9.892149101304343, 29.04493420548992)->(25.964349431715416, 9.588512456912325, 27.918267580149156)
state:field-0.0, action:A, timestep:225, reward:-0.44311041317969213
==================================================

coord:(25.964349431715416, 9.588512456912325, 27.918267580149156)->(25.964349431715416, 8.027736868461885, 27.918267580149156)
state:air-5.0, action:Wait, timestep:226, reward:0.6892052978070389
==================================================

coord:(25.964349431715416, 8.027736868461885, 27.918267580149156)->(25.964349431715416, 8.969664290777729, 29.04493420548992)
state:field-0.0, action:D, timestep:227, reward:0.19717163686318884
==================================================

coord:(25.964349431715416, 8.969664290777729, 29.04493420548992)->(25.964349431715416, 9.892149101304343, 29.04493420548992)
state:air-5.0, action:Wait, timestep:228, reward:-0.44326688612375165
==================================================

coord:(25.964349431715416, 9.892149101304343, 29.04493420548992)->(25.964349431715416, 9.588512456912325, 27.918267580149156)
state:field-0.0, action:A, timestep:229, reward:-0.44311041317969213
==================================================

coord:(25.964349431715416, 9.588512456912325, 27.918267580149156)->(25.964349431715416, 8.027736868461885, 27.918267580149156)
state:air-5.0, action:Wait, timestep:230, reward:0.6892052978070389
==================================================

coord:(25.964349431715416, 8.027736868461885, 27.918267580149156)->(27.00434939356843, 9.206899012526016, 27.918267580149156)
state:field-0.0, action:W, timestep:231, reward:0.19972221205715002
==================================================

coord:(27.00434939356843, 9.206899012526016, 27.918267580149156)->(27.00434939356843, 10.42233515787929, 27.918267580149156)
state:air-5.0, action:Wait, timestep:232, reward:-0.6053743671911569
==================================================

coord:(27.00434939356843, 10.42233515787929, 27.918267580149156)->(27.00434939356843, 10.118698513487272, 25.92493431993088)
state:field-0.0, action:A, timestep:233, reward:-1.0214015721716905
==================================================

coord:(27.00434939356843, 10.118698513487272, 25.92493431993088)->(27.00434939356843, 8.027736868461885, 25.92493431993088)
state:air-5.0, action:Wait, timestep:234, reward:0.9223866367726359
==================================================

coord:(27.00434939356843, 8.027736868461885, 25.92493431993088)->(28.04615332847377, 9.206899012526016, 26.966738254836223)
state:field-0.0, action:WD, timestep:235, reward:0.8076912697606282
==================================================

coord:(28.04615332847377, 9.206899012526016, 26.966738254836223)->(28.04615332847377, 10.28718238460078, 26.966738254836223)
state:air-5.0, action:Wait, timestep:236, reward:-0.5380935931397381
==================================================

coord:(28.04615332847377, 10.28718238460078, 26.966738254836223)->(26.919486703133007, 9.983545740208761, 26.966738254836223)
state:field-0.0, action:S, timestep:237, reward:-0.5482064498882089
==================================================

coord:(26.919486703133007, 9.983545740208761, 26.966738254836223)->(26.919486703133007, 8.133205096822149, 26.966738254836223)
state:air-5.0, action:Wait, timestep:238, reward:0.8394894519858234
==================================================

coord:(26.919486703133007, 8.133205096822149, 26.966738254836223)->(26.919486703133007, 9.206899012526016, 28.006738216689236)
state:field-0.0, action:D, timestep:239, reward:0.13681420134141575
==================================================

coord:(26.919486703133007, 9.206899012526016, 28.006738216689236)->(26.919486703133007, 10.28718238460078, 28.006738216689236)
state:air-5.0, action:Wait, timestep:240, reward:-0.535125754119985
==================================================

coord:(26.919486703133007, 10.28718238460078, 28.006738216689236)->(24.926153442914732, 9.983545740208761, 28.006738216689236)
state:field-0.0, action:S, timestep:241, reward:-1.2155919619366138
==================================================

coord:(24.926153442914732, 9.983545740208761, 28.006738216689236)->(24.926153442914732, 7.719467496535955, 28.006738216689236)
state:air-5.0, action:Wait, timestep:242, reward:0.9692958586310532
==================================================

coord:(24.926153442914732, 7.719467496535955, 28.006738216689236)->(23.945632092415586, 7.2364091986395715, 27.02621686619009)
state:field-0.0, action:SA, timestep:243, reward:-1.1044034655419601
==================================================

coord:(23.945632092415586, 7.2364091986395715, 27.02621686619009)->(23.945632092415586, 5.868766646810801, 27.02621686619009)
state:air-5.0, action:Wait, timestep:244, reward:0.42507131325179515
==================================================

coord:(23.945632092415586, 5.868766646810801, 27.02621686619009)->(22.96511074191644, 5.3857083489144175, 26.045695515690944)
state:field-0.0, action:SA, timestep:245, reward:-1.1982489296457999
==================================================

coord:(22.96511074191644, 5.3857083489144175, 26.045695515690944)->(22.96511074191644, 3.6532406959880954, 26.045695515690944)
state:air-5.0, action:Wait, timestep:246, reward:0.3577012488278122
==================================================

coord:(22.96511074191644, 3.6532406959880954, 26.045695515690944)->(23.945632092415586, 5.184360417004906, 27.02621686619009)
state:field-0.0, action:WD, timestep:247, reward:1.0225798893026123
==================================================

coord:(23.945632092415586, 5.184360417004906, 27.02621686619009)->(23.945632092415586, 5.868766646810801, 27.02621686619009)
state:air-5.0, action:Wait, timestep:248, reward:-0.18203012717789235
==================================================

coord:(23.945632092415586, 5.868766646810801, 27.02621686619009)->(25.07229871775635, 6.908826441871399, 27.02621686619009)
state:field-0.0, action:W, timestep:249, reward:0.5244868039685322
==================================================

coord:(25.07229871775635, 6.908826441871399, 27.02621686619009)->(25.07229871775635, 8.027736868461885, 27.02621686619009)
state:air-5.0, action:Wait, timestep:250, reward:-0.4066572512856723
==================================================

coord:(25.07229871775635, 8.027736868461885, 27.02621686619009)->(24.949733548943957, 8.027736868461885, 26.903651697377697)
state:field-0.0, action:SA, timestep:251, reward:-0.15899777010364247
==================================================

coord:(24.949733548943957, 8.027736868461885, 26.903651697377697)->(24.949733548943957, 6.103130093383256, 26.903651697377697)
state:air-5.0, action:Wait, timestep:252, reward:0.6607223609807669
==================================================

coord:(24.949733548943957, 6.103130093383256, 26.903651697377697)->(24.949733548943957, 4.939189623213874, 23.95698513879416)
state:field-0.0, action:A, timestep:253, reward:-1.594430894335634
==================================================

coord:(24.949733548943957, 4.939189623213874, 23.95698513879416)->(24.949733548943957, 3.89032683908715, 23.95698513879416)
state:air-5.0, action:Wait, timestep:254, reward:0.2130093894743439
==================================================

coord:(24.949733548943957, 3.89032683908715, 23.95698513879416)->(22.988690847945666, 3.3382602129198524, 21.99594243779587)
state:field-0.0, action:SA, timestep:255, reward:-2.6511889366899837
==================================================

coord:(22.988690847945666, 3.3382602129198524, 21.99594243779587)->(22.988690847945666, 6.378766717846037, 21.99594243779587)
state:air-5.0, action:Wait, timestep:256, reward:-0.6009037821193779
==================================================

coord:(22.988690847945666, 6.378766717846037, 21.99594243779587)->(22.988690847945666, 6.378766717846037, 21.99594243779587)
state:death-0.0, action:WD, timestep:257, reward:-999999
==================================================

