coord:(5.0, 20.0, 4.0)->(5.0, 20.0, 4.0)
state:field-4, action:Wait, timestep:1, reward:-0.0
==================================================

coord:(5.0, 20.0, 4.0)->(5.0, 16.82561711649894, 9.199999809265131)
state:field-4.0, action:Dj, timestep:2, reward:5.374838656139364
==================================================

coord:(5.0, 16.82561711649894, 9.199999809265131)->(5.0, 15.525617164182687, 9.199999809265131)
state:wall-14.0, action:S, timestep:3, reward:0.6202867716523883
==================================================

coord:(5.0, 15.525617164182687, 9.199999809265131)->(5.0, 15.525617164182687, 9.199999809265131)
state:air-9.0, action:j, timestep:4, reward:-1.6987593198791728e-07
==================================================

coord:(5.0, 15.525617164182687, 9.199999809265131)->(10.199999809265142, 11.625617307233835, 9.199999809265131)
state:parachute-19.0, action:W, timestep:5, reward:4.046029470049319
==================================================

coord:(10.199999809265142, 11.625617307233835, 9.199999809265131)->(15.399999618530314, 7.725617450284982, 9.199999809265131)
state:parachute-19.0, action:W, timestep:6, reward:2.8361563645592724
==================================================

coord:(15.399999618530314, 7.725617450284982, 9.199999809265131)->(19.076954682902095, 3.82561759333613, 12.876954873636821)
state:parachute-19.0, action:WD, timestep:7, reward:4.77508055927272
==================================================

coord:(19.076954682902095, 3.82561759333613, 12.876954873636821)->(19.076954682902095, 3.82561759333613, 12.876954873636821)
state:parachute-19.0, action:Aj, timestep:8, reward:8.320998681199399e-07
==================================================

coord:(19.076954682902095, 3.82561759333613, 12.876954873636821)->(19.076954682902095, 2.5256176410198368, 12.876954873636821)
state:wall-14.0, action:S, timestep:9, reward:0.07010138878308325
==================================================

coord:(19.076954682902095, 2.5256176410198368, 12.876954873636821)->(21.05685358070887, 3.2802176534811816, 14.856853771443648)
state:field-4.0, action:WDsj, timestep:10, reward:1.9351670400758856
==================================================

coord:(21.05685358070887, 3.2802176534811816, 14.856853771443648)->(21.05685358070887, 3.6987703125538394, 14.856853771443648)
state:air-9.0, action:Wait, timestep:11, reward:-0.034089031248999646
==================================================

coord:(21.05685358070887, 3.6987703125538394, 14.856853771443648)->(21.05685358070887, 3.6987703125538394, 14.856853771443648)
state:field-4.0, action:j, timestep:12, reward:5.71909417601546e-08
==================================================

coord:(21.05685358070887, 3.6987703125538394, 14.856853771443648)->(19.956853580708856, 4.249748095227144, 14.856853771443648)
state:field-4.0, action:Ssj, timestep:13, reward:-0.025755388881600894
==================================================

coord:(19.956853580708856, 4.249748095227144, 14.856853771443648)->(19.956853580708856, 1.9424300877930798, 14.856853771443648)
state:air-9.0, action:Wait, timestep:14, reward:0.1285063481105908
==================================================

coord:(19.956853580708856, 1.9424300877930798, 14.856853771443648)->(16.704162534312008, 0.8263977634849407, 18.109544817840526)
state:field-4.0, action:SDs, timestep:15, reward:2.725798738720661
==================================================

coord:(16.704162534312008, 0.8263977634849407, 18.109544817840526)->(10.804162534312017, 0.0, 18.109544817840526)
state:field-4.0, action:Ssj, timestep:16, reward:-2.7783069708254295
==================================================

coord:(10.804162534312017, 0.0, 18.109544817840526)->(7.4100501380717505, 0.0, 21.503657214080715)
state:field-3.0, action:SDsj, timestep:17, reward:-0.15541256533769499
==================================================

coord:(7.4100501380717505, 0.0, 21.503657214080715)->(7.4100501380717505, 0.0, 21.503657214080715)
state:field-3.0, action:j, timestep:18, reward:1.0861250032689895e-07
==================================================

coord:(7.4100501380717505, 0.0, 21.503657214080715)->(10.167766436350526, 0.29692987841933827, 24.26137351235956)
state:field-3.0, action:WD, timestep:19, reward:3.8036904148115713
==================================================

coord:(10.167766436350526, 0.29692987841933827, 24.26137351235956)->(11.467766436350521, 0.286852002051616, 24.26137351235956)
state:field-3.0, action:Ws, timestep:20, reward:1.0824646270548595
==================================================

coord:(11.467766436350521, 0.286852002051616, 24.26137351235956)->(16.467766436350512, 0.17089039694146702, 24.26137351235956)
state:field-3.0, action:Wsj, timestep:21, reward:3.416355058785917
==================================================

coord:(16.467766436350512, 0.17089039694146702, 24.26137351235956)->(16.467766436350512, 0.8964506454922149, 28.061373512359616)
state:field-2.0, action:Dsj, timestep:22, reward:2.8015262271528885
==================================================

coord:(16.467766436350512, 0.8964506454922149, 28.061373512359616)->(15.732375423476162, 0.7121196179052162, 27.325982499485256)
state:field-2.0, action:SA, timestep:23, reward:-1.0152381353380822
==================================================

coord:(15.732375423476162, 0.7121196179052162, 27.325982499485256)->(19.632375423476212, 1.1982885833176193, 27.325982499485256)
state:field-2.0, action:Wsj, timestep:24, reward:2.3689920926374826
==================================================

coord:(19.632375423476212, 1.1982885833176193, 27.325982499485256)->(19.632375423476212, 1.4429376512774177, 26.92598249948525)
state:field-1.0, action:Asj, timestep:25, reward:-0.3026776158063904
==================================================

coord:(19.632375423476212, 1.4429376512774177, 26.92598249948525)->(20.056639473006236, 1.6741581492352313, 27.350246549015274)
state:field-1.0, action:WDs, timestep:26, reward:0.4871511306175056
==================================================

coord:(20.056639473006236, 1.6741581492352313, 27.350246549015274)->(23.003306031589773, 3.0338362951707407, 27.350246549015274)
state:field-1.0, action:W, timestep:27, reward:-1.3693457025931677
==================================================

coord:(23.003306031589773, 3.0338362951707407, 27.350246549015274)->(23.003306031589773, 5.868766646810801, 27.350246549015274)
state:air-6.0, action:Wait, timestep:28, reward:-1.3172277322825625
==================================================

coord:(23.003306031589773, 5.868766646810801, 27.350246549015274)->(23.003306031589773, 5.868766646810801, 27.350246549015274)
state:field-1.0, action:Wait, timestep:29, reward:1.0814102147094218e-07
==================================================

coord:(23.003306031589773, 5.868766646810801, 27.350246549015274)->(25.0833059552958, 6.908826441871399, 27.350246549015274)
state:field-1.0, action:W, timestep:30, reward:-1.9890032171152026
==================================================

coord:(25.0833059552958, 6.908826441871399, 27.350246549015274)->(25.0833059552958, 8.027736868461885, 27.350246549015274)
state:air-6.0, action:Wait, timestep:31, reward:-0.7522211185919918
==================================================

coord:(25.0833059552958, 8.027736868461885, 27.350246549015274)->(25.790412704512505, 8.969664290777729, 28.05735329823198)
state:field-1.0, action:WDsj, timestep:32, reward:-0.94158869001574
==================================================

coord:(25.790412704512505, 8.969664290777729, 28.05735329823198)->(26.002544729277517, 9.206899012526016, 27.84522127346697)
state:field-1.0, action:WAs, timestep:33, reward:-0.3572326065915892
==================================================

coord:(26.002544729277517, 9.206899012526016, 27.84522127346697)->(26.002544729277517, 9.206899012526016, 27.84522127346697)
state:field-1.0, action:j, timestep:34, reward:4.408937623878728e-07
==================================================

coord:(26.002544729277517, 9.206899012526016, 27.84522127346697)->(26.002544729277517, 10.28718238460078, 29.058554562295484)
state:field-1.0, action:D, timestep:35, reward:-0.637638904755617
==================================================

coord:(26.002544729277517, 10.28718238460078, 29.058554562295484)->(26.002544729277517, 11.345167297443975, 29.058554562295484)
state:air-6.0, action:Wait, timestep:36, reward:-0.8626201246438363
==================================================

coord:(26.002544729277517, 11.345167297443975, 29.058554562295484)->(28.082544652983543, 12.842883997674194, 29.058554562295484)
state:field-1.0, action:W, timestep:37, reward:-2.419509108091873
==================================================

coord:(28.082544652983543, 12.842883997674194, 29.058554562295484)->(28.082544652983543, 14.34979245982817, 29.058554562295484)
state:air-6.0, action:Wait, timestep:38, reward:-1.2239855759932166
==================================================

coord:(28.082544652983543, 14.34979245982817, 29.058554562295484)->(28.082544652983543, 15.620376208807022, 30.058554562295498)
state:field-1.0, action:Dsj, timestep:39, reward:-1.042206077244325
==================================================

coord:(28.082544652983543, 15.620376208807022, 30.058554562295498)->(27.941123303140202, 15.620376208807022, 29.917133212452157)
state:field-1.0, action:SAs, timestep:40, reward:0.07257520199762268
==================================================

coord:(27.941123303140202, 15.620376208807022, 29.917133212452157)->(27.941123303140202, 12.842883997674194, 29.917133212452157)
state:air-6.0, action:Wait, timestep:41, reward:2.311876060232617
==================================================

coord:(27.941123303140202, 12.842883997674194, 29.917133212452157)->(28.063688471952595, 14.34979245982817, 30.03969838126455)
state:field-1.0, action:WD, timestep:42, reward:-1.3014134509086315
==================================================

coord:(28.063688471952595, 14.34979245982817, 30.03969838126455)->(28.063688471952595, 15.620376208807022, 30.03969838126455)
state:air-6.0, action:Wait, timestep:43, reward:-1.0732333490579027
==================================================

coord:(28.063688471952595, 15.620376208807022, 30.03969838126455)->(30.05702173217087, 17.22685325412422, 30.03969838126455)
state:field-1.0, action:W, timestep:44, reward:-2.426415880572563
==================================================

coord:(30.05702173217087, 17.22685325412422, 30.03969838126455)->(30.05702173217087, 18.752182617040727, 30.03969838126455)
state:air-6.0, action:Wait, timestep:45, reward:-1.2850552218735984
==================================================

coord:(30.05702173217087, 18.752182617040727, 30.03969838126455)->(31.11768185599593, 19.421849290383115, 28.97903825743949)
state:field-1.0, action:WAsj, timestep:46, reward:-1.1568108823211993
==================================================

coord:(31.11768185599593, 19.421849290383115, 28.97903825743949)->(31.11768185599593, 16.782967888076367, 28.97903825743949)
state:air-6.0, action:Wait, timestep:47, reward:2.155902278779976
==================================================

coord:(31.11768185599593, 16.782967888076367, 28.97903825743949)->(30.12773240709254, 17.42704567208482, 27.989088808536103)
state:field-1.0, action:SAsj, timestep:48, reward:-0.030161908200049936
==================================================

coord:(30.12773240709254, 17.42704567208482, 27.989088808536103)->(30.12773240709254, 13.98004049266512, 27.989088808536103)
state:air-6.0, action:Wait, timestep:49, reward:2.7293085273190645
==================================================

coord:(30.12773240709254, 13.98004049266512, 27.989088808536103)->(30.12773240709254, 15.620376208807022, 29.08908880853612)
state:field-1.0, action:Ds, timestep:50, reward:-1.1707212593706124
==================================================

coord:(30.12773240709254, 15.620376208807022, 29.08908880853612)->(30.12773240709254, 17.22685325412422, 29.08908880853612)
state:air-6.0, action:Wait, timestep:51, reward:-1.3048605774608504
==================================================

coord:(30.12773240709254, 17.22685325412422, 29.08908880853612)->(29.9863110572492, 17.351531032792092, 28.947667458692777)
state:field-1.0, action:SAsj, timestep:52, reward:-0.032655944232267586
==================================================

coord:(29.9863110572492, 17.351531032792092, 28.947667458692777)->(29.9863110572492, 14.34979245982817, 28.947667458692777)
state:air-6.0, action:Wait, timestep:53, reward:2.411564605488067
==================================================

coord:(29.9863110572492, 14.34979245982817, 28.947667458692777)->(31.086311057249215, 15.620376208807022, 28.947667458692777)
state:field-1.0, action:Ws, timestep:54, reward:-1.6767638516999845
==================================================

coord:(31.086311057249215, 15.620376208807022, 28.947667458692777)->(31.086311057249215, 16.782967888076367, 28.947667458692777)
state:air-6.0, action:Wait, timestep:55, reward:-0.9084703380863459
==================================================

coord:(31.086311057249215, 16.782967888076367, 28.947667458692777)->(31.086311057249215, 18.509011634019505, 30.07433408403354)
state:field-1.0, action:D, timestep:56, reward:-1.3701050341708694
==================================================

coord:(31.086311057249215, 18.509011634019505, 30.07433408403354)->(31.086311057249215, 20.0, 30.07433408403354)
state:air-6.0, action:Wait, timestep:57, reward:-1.248751052853276
==================================================

coord:(31.086311057249215, 20.0, 30.07433408403354)->(31.086311057249215, 20.0, 30.07433408403354)
state:field-1.0, action:Wait, timestep:58, reward:-3.662077681099163e-07
==================================================

coord:(31.086311057249215, 20.0, 30.07433408403354)->(29.9863110572492, 20.550977782673307, 30.07433408403354)
state:field-1.0, action:Ssj, timestep:59, reward:0.07935742083744302
==================================================

coord:(29.9863110572492, 20.550977782673307, 30.07433408403354)->(29.9863110572492, 17.22685325412422, 30.07433408403354)
state:air-6.0, action:Wait, timestep:60, reward:2.847438308998619
==================================================

coord:(29.9863110572492, 17.22685325412422, 30.07433408403354)->(28.99636160834581, 17.87093103813267, 29.084384635130153)
state:field-1.0, action:SAsj, timestep:61, reward:-0.04853173407381206
==================================================

coord:(28.99636160834581, 17.87093103813267, 29.084384635130153)->(28.99636160834581, 14.34979245982817, 29.084384635130153)
state:air-5.0, action:Wait, timestep:62, reward:2.944065501841383
==================================================

coord:(28.99636160834581, 14.34979245982817, 29.084384635130153)->(29.096361608345813, 15.825596363884099, 29.084384635130153)
state:field-0.0, action:Wsj, timestep:63, reward:-1.2614813498079158
==================================================

coord:(29.096361608345813, 15.825596363884099, 29.084384635130153)->(30.01560038232753, 16.44136303633639, 30.00362340911187)
state:field-0.0, action:WDsj, timestep:64, reward:-1.002693908063808
==================================================

coord:(30.01560038232753, 16.44136303633639, 30.00362340911187)->(30.01560038232753, 18.752182617040727, 30.00362340911187)
state:air-5.0, action:Wait, timestep:65, reward:-1.9340625799290088
==================================================

coord:(30.01560038232753, 18.752182617040727, 30.00362340911187)->(29.94488970740586, 18.815882617485777, 29.9329127341902)
state:field-0.0, action:SAsj, timestep:66, reward:-0.018112138752080398
==================================================

coord:(29.94488970740586, 18.815882617485777, 29.9329127341902)->(29.94488970740586, 15.825596363884099, 29.9329127341902)
state:air-5.0, action:Wait, timestep:67, reward:2.4932908501391964
==================================================

coord:(29.94488970740586, 15.825596363884099, 29.9329127341902)->(30.01560038232753, 15.825596363884099, 30.00362340911187)
state:field-0.0, action:WDs, timestep:68, reward:-0.041746967408279545
==================================================

coord:(30.01560038232753, 15.825596363884099, 30.00362340911187)->(30.01560038232753, 18.752182617040727, 30.00362340911187)
state:air-5.0, action:Wait, timestep:69, reward:-2.433431247531548
==================================================

coord:(30.01560038232753, 18.752182617040727, 30.00362340911187)->(28.975600420474517, 18.499152080047377, 30.00362340911187)
state:field-0.0, action:S, timestep:70, reward:0.7404095764839518
==================================================

coord:(28.975600420474517, 18.499152080047377, 30.00362340911187)->(28.975600420474517, 15.620376208807022, 30.00362340911187)
state:air-5.0, action:Wait, timestep:71, reward:2.4596788021086695
==================================================

coord:(28.975600420474517, 15.620376208807022, 30.00362340911187)->(30.01740435537986, 17.22685325412422, 31.045427344017213)
state:field-0.0, action:WD, timestep:72, reward:-1.9447982821606047
==================================================

coord:(30.01740435537986, 17.22685325412422, 31.045427344017213)->(30.01740435537986, 20.0, 31.045427344017213)
state:air-5.0, action:Wait, timestep:73, reward:-2.359993564544901
==================================================

coord:(30.01740435537986, 20.0, 31.045427344017213)->(34.81740435537993, 20.0, 31.045427344017213)
state:field-0.0, action:Wsj, timestep:74, reward:-2.73689494883687
==================================================

coord:(34.81740435537993, 20.0, 31.045427344017213)->(34.81740435537993, 20.0, 34.33876055655185)
state:field-0.0, action:Dj, timestep:75, reward:-0.37992332505395154
==================================================

coord:(34.81740435537993, 20.0, 34.33876055655185)->(29.61740454611475, 20.0, 34.33876055655185)
state:field-0.0, action:S, timestep:76, reward:2.8762378208057484
==================================================

coord:(29.61740454611475, 20.0, 34.33876055655185)->(33.01151694235494, 20.0, 30.944648160311658)
state:field-0.0, action:WAsj, timestep:77, reward:-1.3794191285937671
==================================================

coord:(33.01151694235494, 20.0, 30.944648160311658)->(29.334561877983198, 20.0, 34.621603224683305)
state:field-0.0, action:SD, timestep:78, reward:1.4479606504079925
==================================================

coord:(29.334561877983198, 20.0, 34.621603224683305)->(28.108910189859266, 19.628716716337465, 35.847254912807166)
state:field-0.0, action:SD, timestep:79, reward:0.5314114422791718
==================================================

coord:(28.108910189859266, 19.628716716337465, 35.847254912807166)->(33.30890999912439, 20.0, 35.847254912807166)
state:field-0.0, action:W, timestep:80, reward:-2.893818370845633
==================================================

coord:(33.30890999912439, 20.0, 35.847254912807166)->(33.30890999912439, 20.0, 35.847254912807166)
state:field-0.0, action:Wait, timestep:81, reward:-4.692343047452141e-07
==================================================

coord:(33.30890999912439, 20.0, 35.847254912807166)->(33.30890999912439, 20.0, 35.847254912807166)
state:field-0.0, action:Wait, timestep:82, reward:-4.692343047452141e-07
==================================================

coord:(33.30890999912439, 20.0, 35.847254912807166)->(33.30890999912439, 20.0, 41.047254722072445)
state:field-0.0, action:D, timestep:83, reward:-1.8406595255516578
==================================================

coord:(33.30890999912439, 20.0, 41.047254722072445)->(36.98586506349597, 20.0, 37.37029965770086)
state:field-0.0, action:WA, timestep:84, reward:-0.865909182144712
==================================================

coord:(36.98586506349597, 20.0, 37.37029965770086)->(36.98586506349597, 20.0, 37.37029965770086)
state:field-0.0, action:Wait, timestep:85, reward:3.9427130360536466e-07
==================================================

coord:(36.98586506349597, 20.0, 37.37029965770086)->(31.785865254230703, 20.0, 37.37029965770086)
state:field-0.0, action:S, timestep:86, reward:3.104229427937568
==================================================

coord:(31.785865254230703, 20.0, 37.37029965770086)->(27.972532060769655, 19.74696946300665, 37.37029965770086)
state:field-0.0, action:S, timestep:87, reward:1.9533269054307816
==================================================

coord:(27.972532060769655, 19.74696946300665, 37.37029965770086)->(27.972532060769655, 17.567454896427755, 37.37029965770086)
state:air-5.0, action:Wait, timestep:88, reward:1.8167702336307094
==================================================

coord:(27.972532060769655, 17.567454896427755, 37.37029965770086)->(26.99201071027051, 17.6824787497788, 36.38977830720177)
state:field-0.0, action:SA, timestep:89, reward:0.6677046510421718
==================================================

coord:(26.99201071027051, 17.6824787497788, 36.38977830720177)->(26.99201071027051, 15.620376208807022, 36.38977830720177)
state:air-5.0, action:Wait, timestep:90, reward:1.7219691705286166
==================================================

coord:(26.99201071027051, 15.620376208807022, 36.38977830720177)->(26.99201071027051, 15.620376208807022, 36.38977830720177)
state:field-0.0, action:Wait, timestep:91, reward:-4.339635708561218e-07
==================================================

coord:(26.99201071027051, 15.620376208807022, 36.38977830720177)->(25.950206775365167, 15.523764549227742, 37.431582242107055)
state:field-0.0, action:SD, timestep:92, reward:0.050682403123097686
==================================================

coord:(25.950206775365167, 15.523764549227742, 37.431582242107055)->(25.950206775365167, 13.531219560760134, 37.431582242107055)
state:air-5.0, action:Wait, timestep:93, reward:1.573455389275349
==================================================

coord:(25.950206775365167, 13.531219560760134, 37.431582242107055)->(24.996873476999905, 13.531219560760134, 37.431582242107055)
state:field-0.0, action:S, timestep:94, reward:0.3578129877203029
==================================================

coord:(24.996873476999905, 13.531219560760134, 37.431582242107055)->(24.996873476999905, 11.645230657648455, 37.431582242107055)
state:air-5.0, action:Wait, timestep:95, reward:1.4241382466928716
==================================================

coord:(24.996873476999905, 11.645230657648455, 37.431582242107055)->(24.996873476999905, 11.419450388942312, 38.99158218488664)
state:field-0.0, action:D, timestep:96, reward:-0.80071356328496
==================================================

coord:(24.996873476999905, 11.419450388942312, 38.99158218488664)->(25.083540140487656, 11.419450388942312, 38.99158218488664)
state:field-0.0, action:W, timestep:97, reward:-0.0316607891429328
==================================================

coord:(25.083540140487656, 11.419450388942312, 38.99158218488664)->(25.083540140487656, 13.268873328369823, 38.99158218488664)
state:air-5.0, action:Wait, timestep:98, reward:-1.2913226057804206
==================================================

coord:(25.083540140487656, 13.268873328369823, 38.99158218488664)->(24.960974971675263, 13.268873328369823, 39.114147353699025)
state:field-0.0, action:SD, timestep:99, reward:-0.032671982037955516
==================================================

coord:(24.960974971675263, 13.268873328369823, 39.114147353699025)->(24.960974971675263, 11.052835687926466, 39.114147353699025)
state:air-5.0, action:Wait, timestep:100, reward:1.5282784357850865
==================================================

coord:(24.960974971675263, 11.052835687926466, 39.114147353699025)->(25.047641635163014, 11.052835687926466, 39.114147353699025)
state:field-0.0, action:W, timestep:101, reward:-0.03183327138038372
==================================================

coord:(25.047641635163014, 11.052835687926466, 39.114147353699025)->(25.047641635163014, 12.842883997674194, 39.114147353699025)
state:air-5.0, action:Wait, timestep:102, reward:-1.2184049403943344
==================================================

coord:(25.047641635163014, 12.842883997674194, 39.114147353699025)->(25.047641635163014, 11.678943527504803, 42.06081391228268)
state:field-0.0, action:D, timestep:103, reward:-1.2617855942995533
==================================================

coord:(25.047641635163014, 11.678943527504803, 42.06081391228268)->(25.047641635163014, 10.76803660460999, 42.06081391228268)
state:air-5.0, action:Wait, timestep:104, reward:0.5153586227884066
==================================================

coord:(25.047641635163014, 10.76803660460999, 42.06081391228268)->(24.06712028466387, 10.2849783067136, 43.04133526278177)
state:field-0.0, action:SD, timestep:105, reward:-0.2441289936591673
==================================================

coord:(24.06712028466387, 10.2849783067136, 43.04133526278177)->(24.06712028466387, 8.513375861448784, 43.04133526278177)
state:air-5.0, action:Wait, timestep:106, reward:0.8204845160453189
==================================================

coord:(24.06712028466387, 8.513375861448784, 43.04133526278177)->(25.047641635163014, 9.267181677720165, 42.06081391228268)
state:field-0.0, action:WA, timestep:107, reward:0.18961640985448547
==================================================

coord:(25.047641635163014, 9.267181677720165, 42.06081391228268)->(25.047641635163014, 10.76803660460999, 42.06081391228268)
state:air-5.0, action:Wait, timestep:108, reward:-0.7659714858541715
==================================================

coord:(25.047641635163014, 10.76803660460999, 42.06081391228268)->(24.06712028466387, 10.2849783067136, 43.04133526278177)
state:field-0.0, action:SD, timestep:109, reward:-0.2441289936591673
==================================================

coord:(24.06712028466387, 10.2849783067136, 43.04133526278177)->(24.06712028466387, 8.513375861448784, 43.04133526278177)
state:air-5.0, action:Wait, timestep:110, reward:0.8204845160453189
==================================================

coord:(24.06712028466387, 8.513375861448784, 43.04133526278177)->(26.060453544882144, 9.892149101304343, 43.04133526278177)
state:field-0.0, action:W, timestep:111, reward:-1.2570302281740275
==================================================

coord:(26.060453544882144, 9.892149101304343, 43.04133526278177)->(26.060453544882144, 11.345167297443975, 43.04133526278177)
state:air-5.0, action:Wait, timestep:112, reward:-0.7303737300462103
==================================================

coord:(26.060453544882144, 11.345167297443975, 43.04133526278177)->(26.060453544882144, 11.092136760450627, 45.03466852300013)
state:field-0.0, action:D, timestep:113, reward:-1.449363236193129
==================================================

coord:(26.060453544882144, 11.092136760450627, 45.03466852300013)->(26.060453544882144, 9.206899012526016, 45.03466852300013)
state:air-5.0, action:Wait, timestep:114, reward:0.8250460439490368
==================================================

coord:(26.060453544882144, 9.206899012526016, 45.03466852300013)->(25.079932194382998, 8.723840714629626, 46.01518987349922)
state:field-0.0, action:SD, timestep:115, reward:-0.36561377304909115
==================================================

coord:(25.079932194382998, 8.723840714629626, 46.01518987349922)->(25.079932194382998, 7.091554966084926, 46.01518987349922)
state:air-5.0, action:Wait, timestep:116, reward:0.520503244027072
==================================================

coord:(25.079932194382998, 7.091554966084926, 46.01518987349922)->(24.038128259477656, 7.719467496535955, 44.973385938593935)
state:field-0.0, action:SA, timestep:117, reward:1.0405839722389771
==================================================

coord:(24.038128259477656, 7.719467496535955, 44.973385938593935)->(23.97684567507146, 7.719467496535955, 45.03466852300013)
state:field-0.0, action:SD, timestep:118, reward:-0.040928653058998066
==================================================

coord:(23.97684567507146, 7.719467496535955, 45.03466852300013)->(23.97684567507146, 5.868766646810801, 45.03466852300013)
state:air-5.0, action:Wait, timestep:119, reward:0.5183918115772403
==================================================

coord:(23.97684567507146, 5.868766646810801, 45.03466852300013)->(25.0186496099768, 7.091554966084926, 46.07647245790541)
state:field-0.0, action:WD, timestep:120, reward:-1.5565469400205032
==================================================

coord:(25.0186496099768, 7.091554966084926, 46.07647245790541)->(23.97864964812379, 6.838524429091582, 46.07647245790541)
state:field-0.0, action:S, timestep:121, reward:0.3383438848952345
==================================================

coord:(23.97864964812379, 6.838524429091582, 46.07647245790541)->(23.97864964812379, 5.184360417004906, 46.07647245790541)
state:air-5.0, action:Wait, timestep:122, reward:0.36604895968298123
==================================================

coord:(23.97864964812379, 5.184360417004906, 46.07647245790541)->(25.02045358302913, 6.1833128807551425, 47.11827639281069)
state:field-0.0, action:WD, timestep:123, reward:-1.448383936151945
==================================================

coord:(25.02045358302913, 6.1833128807551425, 47.11827639281069)->(27.013786843247406, 7.091554966084926, 47.11827639281069)
state:field-0.0, action:W, timestep:124, reward:-0.8547547501459576
==================================================

coord:(27.013786843247406, 7.091554966084926, 47.11827639281069)->(27.013786843247406, 8.027736868461885, 47.11827639281069)
state:air-5.0, action:Wait, timestep:125, reward:-0.2582492146897657
==================================================

coord:(27.013786843247406, 8.027736868461885, 47.11827639281069)->(26.891221674435013, 8.133205096822149, 46.995711223998306)
state:field-0.0, action:SA, timestep:126, reward:0.12047596013412942
==================================================

coord:(26.891221674435013, 8.133205096822149, 46.995711223998306)->(26.891221674435013, 7.880174559828801, 48.03571118585136)
state:field-0.0, action:D, timestep:127, reward:-0.8513301404564935
==================================================

coord:(26.891221674435013, 7.880174559828801, 48.03571118585136)->(26.891221674435013, 6.103130093383256, 48.03571118585136)
state:air-5.0, action:Wait, timestep:128, reward:0.42351645084414713
==================================================

coord:(26.891221674435013, 6.103130093383256, 48.03571118585136)->(27.013786843247406, 7.091554966084926, 47.913146017038976)
state:field-0.0, action:WA, timestep:129, reward:-0.1491273174968164
==================================================

coord:(27.013786843247406, 7.091554966084926, 47.913146017038976)->(27.013786843247406, 8.027736868461885, 47.913146017038976)
state:air-5.0, action:Wait, timestep:130, reward:-0.24906233887883644
==================================================

coord:(27.013786843247406, 8.027736868461885, 47.913146017038976)->(26.094548077154457, 8.133205096822149, 46.99390725094608)
state:field-0.0, action:SA, timestep:131, reward:1.0980811729436901
==================================================

coord:(26.094548077154457, 8.133205096822149, 46.99390725094608)->(26.094548077154457, 8.133205096822149, 46.99390725094608)
state:field-0.0, action:Wait, timestep:132, reward:-4.1580142706720835e-07
==================================================

coord:(26.094548077154457, 8.133205096822149, 46.99390725094608)->(27.013786843247406, 8.027736868461885, 47.913146017038976)
state:field-0.0, action:WD, timestep:133, reward:-1.0980823431512974
==================================================

coord:(27.013786843247406, 8.027736868461885, 47.913146017038976)->(25.973786881394393, 7.774706331468539, 47.913146017038976)
state:field-0.0, action:S, timestep:134, reward:0.4116415571579708
==================================================

coord:(25.973786881394393, 7.774706331468539, 47.913146017038976)->(25.973786881394393, 6.1833128807551425, 47.913146017038976)
state:air-5.0, action:Wait, timestep:135, reward:0.38638348072596784
==================================================

coord:(25.973786881394393, 6.1833128807551425, 47.913146017038976)->(25.973786881394393, 5.01937241058576, 50.07981260423284)
state:field-0.0, action:D, timestep:136, reward:-1.8434727091428833
==================================================

