coord:(8.0, 20.0, 31.0)->(8.0, 20.0, 31.0)
state:field-4, action:Wait, timestep:1, reward:-0.0
==================================================

coord:(8.0, 20.0, 31.0)->(2.9000000000000132, 16.66527777777778, 31.0)
state:field-4.0, action:Ss, timestep:2, reward:-0.933139919442862
==================================================

coord:(2.9000000000000132, 16.66527777777778, 31.0)->(2.9000000000000132, 8.522295041810137, 31.0)
state:air-9.0, action:Wait, timestep:3, reward:-0.0054716123434985775
==================================================

coord:(2.9000000000000132, 8.522295041810137, 31.0)->(2.9000000000000132, 7.22229508949385, 31.0)
state:wall-14.0, action:S, timestep:4, reward:-0.22928658030546956
==================================================

coord:(2.9000000000000132, 7.22229508949385, 31.0)->(2.9000000000000132, 2.4401179670207482, 31.0)
state:air-9.0, action:Wait, timestep:5, reward:-1.34524798312588
==================================================

coord:(2.9000000000000132, 2.4401179670207482, 31.0)->(2.9000000000000132, 3.2537008096812636, 32.03999996185301)
state:field-4.0, action:Dj, timestep:6, reward:-0.6130423088510284
==================================================

coord:(2.9000000000000132, 3.2537008096812636, 32.03999996185301)->(3.022565168812404, 3.77885604261717, 32.1625651306654)
state:field-4.0, action:WDj, timestep:7, reward:0.10566972540633657
==================================================

coord:(3.022565168812404, 3.77885604261717, 32.1625651306654)->(5.015898429030704, 4.757006903687358, 32.1625651306654)
state:field-4.0, action:Wj, timestep:8, reward:0.9898612531263602
==================================================

coord:(5.015898429030704, 4.757006903687358, 32.1625651306654)->(7.182565016224504, 5.461574248983202, 32.1625651306654)
state:field-4.0, action:Wj, timestep:9, reward:0.8164625361267213
==================================================

coord:(7.182565016224504, 5.461574248983202, 32.1625651306654)->(6.018195912506785, 4.909507622815906, 30.99819602694767)
state:field-4.0, action:SA, timestep:10, reward:0.5949097627788618
==================================================

coord:(6.018195912506785, 4.909507622815906, 30.99819602694767)->(6.018195912506785, 2.8339589482040806, 30.99819602694767)
state:air-9.0, action:Wait, timestep:11, reward:-0.6774767501135806
==================================================

coord:(6.018195912506785, 2.8339589482040806, 30.99819602694767)->(6.018195912506785, 3.866853253564085, 32.09819602694768)
state:field-4.0, action:Ds, timestep:12, reward:-0.6356239421143073
==================================================

coord:(6.018195912506785, 3.866853253564085, 32.09819602694768)->(6.018195912506785, 5.156137421258171, 32.09819602694768)
state:air-9.0, action:Wait, timestep:13, reward:0.37892134546402545
==================================================

coord:(6.018195912506785, 5.156137421258171, 32.09819602694768)->(7.149566711253529, 4.908415199035948, 30.966825228200953)
state:field-4.0, action:WAs, timestep:14, reward:1.2819716095999354
==================================================

coord:(7.149566711253529, 4.908415199035948, 30.966825228200953)->(7.149566711253529, 3.001835666825593, 30.966825228200953)
state:air-9.0, action:Wait, timestep:15, reward:-0.625116097883712
==================================================

coord:(7.149566711253529, 3.001835666825593, 30.966825228200953)->(5.149566711253536, 2.6145855278783046, 30.966825228200953)
state:field-4.0, action:Ss, timestep:16, reward:-0.7201214595022627
==================================================

coord:(5.149566711253536, 2.6145855278783046, 30.966825228200953)->(2.14672007534996, 1.262022470953157, 27.96397859229732)
state:field-4.0, action:SAj, timestep:17, reward:0.8116617379953368
==================================================

coord:(2.14672007534996, 1.262022470953157, 27.96397859229732)->(2.14672007534996, 0.6131549207583427, 27.96397859229732)
state:air-9.0, action:Wait, timestep:18, reward:-0.2830205320987389
==================================================

coord:(2.14672007534996, 0.6131549207583427, 27.96397859229732)->(4.1973296480784335, 1.6883144133931263, 30.014588165025767)
state:field-4.0, action:WDs, timestep:19, reward:-0.3898356326291932
==================================================

coord:(4.1973296480784335, 1.6883144133931263, 30.014588165025767)->(4.1973296480784335, 2.3572997362478776, 30.014588165025767)
state:air-8.0, action:Wait, timestep:20, reward:0.2607628181498711
==================================================

coord:(4.1973296480784335, 2.3572997362478776, 30.014588165025767)->(6.177228545885235, 1.4206047174897594, 28.03468926721899)
state:field-3.0, action:WAs, timestep:21, reward:1.957690456724233
==================================================

coord:(6.177228545885235, 1.4206047174897594, 28.03468926721899)->(4.1549032604807765, 2.3572997362478776, 30.057014552623478)
state:field-3.0, action:SDj, timestep:22, reward:-2.0092086708250534
==================================================

coord:(4.1549032604807765, 2.3572997362478776, 30.057014552623478)->(5.196707195386104, 1.8725842810266387, 29.015210617718136)
state:field-3.0, action:WA, timestep:23, reward:1.0582248405362158
==================================================

coord:(5.196707195386104, 1.8725842810266387, 29.015210617718136)->(0.9540667000858143, 0.8762509743961889, 24.7725701224179)
state:field-3.0, action:SAsj, timestep:24, reward:1.0531343697662159
==================================================

coord:(0.9540667000858143, 0.8762509743961889, 24.7725701224179)->(0.9540667000858143, 0.11823884097661676, 24.7725701224179)
state:air-8.0, action:Wait, timestep:25, reward:-0.3650095765608192
==================================================

coord:(0.9540667000858143, 0.11823884097661676, 24.7725701224179)->(2.3022835570221143, 0.0, 23.424353265481574)
state:field-3.0, action:WA, timestep:26, reward:1.5572037498552262
==================================================

coord:(2.3022835570221143, 0.0, 23.424353265481574)->(-0.026454650413312117, 0.0, 21.095615058046103)
state:field-3.0, action:SA, timestep:27, reward:0.23595933902063138
==================================================

