coord:(8.0, 20.0, 31.0)->(8.0, 20.0, 31.0)
state:field-4, action:Wait, timestep:1, reward:-0.0
==================================================

coord:(8.0, 20.0, 31.0)->(2.9000000000000132, 16.66527777777778, 31.0)
state:field-4.0, action:Ss, timestep:2, reward:-0.933139919442862
==================================================

coord:(2.9000000000000132, 16.66527777777778, 31.0)->(2.9000000000000132, 8.522295041810137, 31.0)
state:air-9.0, action:Wait, timestep:3, reward:-0.0054716123434985775
==================================================

coord:(2.9000000000000132, 8.522295041810137, 31.0)->(2.9000000000000132, 7.22229508949385, 31.0)
state:wall-14.0, action:S, timestep:4, reward:-0.22928658030546956
==================================================

coord:(2.9000000000000132, 7.22229508949385, 31.0)->(2.9000000000000132, 2.4401179670207482, 31.0)
state:air-9.0, action:Wait, timestep:5, reward:-1.34524798312588
==================================================

coord:(2.9000000000000132, 2.4401179670207482, 31.0)->(2.9000000000000132, 3.2537008096812636, 32.03999996185301)
state:field-4.0, action:Dj, timestep:6, reward:-0.6130423088510284
==================================================

coord:(2.9000000000000132, 3.2537008096812636, 32.03999996185301)->(3.022565168812404, 3.77885604261717, 32.1625651306654)
state:field-4.0, action:WDj, timestep:7, reward:0.10566972540633657
==================================================

coord:(3.022565168812404, 3.77885604261717, 32.1625651306654)->(5.015898429030704, 4.757006903687358, 32.1625651306654)
state:field-4.0, action:Wj, timestep:8, reward:0.9898612531263602
==================================================

coord:(5.015898429030704, 4.757006903687358, 32.1625651306654)->(7.182565016224504, 5.461574248983202, 32.1625651306654)
state:field-4.0, action:Wj, timestep:9, reward:0.8164625361267213
==================================================

coord:(7.182565016224504, 5.461574248983202, 32.1625651306654)->(6.018195912506785, 4.909507622815906, 30.99819602694767)
state:field-4.0, action:SA, timestep:10, reward:0.5949097627788618
==================================================

coord:(6.018195912506785, 4.909507622815906, 30.99819602694767)->(6.018195912506785, 2.8339589482040806, 30.99819602694767)
state:air-9.0, action:Wait, timestep:11, reward:-0.6774767501135806
==================================================

coord:(6.018195912506785, 2.8339589482040806, 30.99819602694767)->(6.018195912506785, 3.866853253564085, 32.09819602694768)
state:field-4.0, action:Ds, timestep:12, reward:-0.6356239421143073
==================================================

coord:(6.018195912506785, 3.866853253564085, 32.09819602694768)->(6.018195912506785, 5.156137421258171, 32.09819602694768)
state:air-9.0, action:Wait, timestep:13, reward:0.37892134546402545
==================================================

coord:(6.018195912506785, 5.156137421258171, 32.09819602694768)->(7.149566711253529, 4.908415199035948, 30.966825228200953)
state:field-4.0, action:WAs, timestep:14, reward:1.2819716095999354
==================================================

coord:(7.149566711253529, 4.908415199035948, 30.966825228200953)->(7.149566711253529, 3.001835666825593, 30.966825228200953)
state:air-9.0, action:Wait, timestep:15, reward:-0.625116097883712
==================================================

coord:(7.149566711253529, 3.001835666825593, 30.966825228200953)->(5.149566711253536, 2.6145855278783046, 30.966825228200953)
state:field-4.0, action:Ss, timestep:16, reward:-0.7201214595022627
==================================================

coord:(5.149566711253536, 2.6145855278783046, 30.966825228200953)->(2.14672007534996, 1.262022470953157, 27.96397859229732)
state:field-4.0, action:SAj, timestep:17, reward:0.8116617379953368
==================================================

coord:(2.14672007534996, 1.262022470953157, 27.96397859229732)->(2.14672007534996, 0.6131549207583427, 27.96397859229732)
state:air-9.0, action:Wait, timestep:18, reward:-0.2830205320987389
==================================================

coord:(2.14672007534996, 0.6131549207583427, 27.96397859229732)->(4.1973296480784335, 1.6883144133931263, 30.014588165025767)
state:field-4.0, action:WDs, timestep:19, reward:-0.3898356326291932
==================================================

coord:(4.1973296480784335, 1.6883144133931263, 30.014588165025767)->(4.1973296480784335, 2.3572997362478776, 30.014588165025767)
state:air-8.0, action:Wait, timestep:20, reward:0.2607628181498711
==================================================

coord:(4.1973296480784335, 2.3572997362478776, 30.014588165025767)->(6.177228545885235, 1.4206047174897594, 28.03468926721899)
state:field-3.0, action:WAs, timestep:21, reward:1.957690456724233
==================================================

coord:(6.177228545885235, 1.4206047174897594, 28.03468926721899)->(4.1549032604807765, 2.3572997362478776, 30.057014552623478)
state:field-3.0, action:SDj, timestep:22, reward:-2.0092086708250534
==================================================

coord:(4.1549032604807765, 2.3572997362478776, 30.057014552623478)->(5.196707195386104, 1.8725842810266387, 29.015210617718136)
state:field-3.0, action:WA, timestep:23, reward:1.0582248405362158
==================================================

coord:(5.196707195386104, 1.8725842810266387, 29.015210617718136)->(0.9540667000858143, 0.8762509743961889, 24.7725701224179)
state:field-3.0, action:SAsj, timestep:24, reward:1.0531343697662159
==================================================

coord:(0.9540667000858143, 0.8762509743961889, 24.7725701224179)->(0.9540667000858143, 0.11823884097661676, 24.7725701224179)
state:air-8.0, action:Wait, timestep:25, reward:-0.3650095765608192
==================================================

coord:(0.9540667000858143, 0.11823884097661676, 24.7725701224179)->(2.3022835570221143, 0.0, 23.424353265481574)
state:field-3.0, action:WA, timestep:26, reward:1.5572037498552262
==================================================

coord:(2.3022835570221143, 0.0, 23.424353265481574)->(5.696395953262346, 0.0, 20.030240869241386)
state:field-3.0, action:WAsj, timestep:27, reward:3.8386875906892577
==================================================

coord:(5.696395953262346, 0.0, 20.030240869241386)->(0.8963959532623493, 0.0, 20.030240869241386)
state:field-2.0, action:Ssj, timestep:28, reward:-2.4281711234228247
==================================================

coord:(0.8963959532623493, 0.0, 20.030240869241386)->(4.189729165796938, 0.0, 20.030240869241386)
state:field-2.0, action:Wj, timestep:29, reward:1.7553407783395762
==================================================

coord:(4.189729165796938, 0.0, 20.030240869241386)->(8.432369661097233, 0.29692987841933827, 24.27288136454162)
state:field-2.0, action:WDs, timestep:30, reward:-1.3142565961633643
==================================================

coord:(8.432369661097233, 0.29692987841933827, 24.27288136454162)->(8.432369661097233, 1.0653847105016305, 27.07288136454166)
state:field-1.0, action:Dsj, timestep:31, reward:-1.8849069499998983
==================================================

coord:(8.432369661097233, 1.0653847105016305, 27.07288136454166)->(8.432369661097233, 0.29692987841933827, 24.472881364541625)
state:field-1.0, action:As, timestep:32, reward:1.7270489011855261
==================================================

coord:(8.432369661097233, 0.29692987841933827, 24.472881364541625)->(6.806024137898784, 0.0, 22.8465358413432)
state:field-1.0, action:SAs, timestep:33, reward:0.597324554979366
==================================================

coord:(6.806024137898784, 0.0, 22.8465358413432)->(4.661133683681934, 0.22526088161698715, 24.991426295560082)
state:field-1.0, action:SDj, timestep:34, reward:-2.2632740266681495
==================================================

coord:(4.661133683681934, 0.22526088161698715, 24.991426295560082)->(3.6004735598568613, 0.4759917663608099, 26.05208641938514)
state:field-0.0, action:SDs, timestep:35, reward:-1.1121753930681209
==================================================

coord:(3.6004735598568613, 0.4759917663608099, 26.05208641938514)->(2.6105241109534605, 0.26771077733686593, 25.062136970481752)
state:field-0.0, action:SAs, timestep:36, reward:0.203351944030274
==================================================

coord:(2.6105241109534605, 0.26771077733686593, 25.062136970481752)->(0.40435107233042566, 0.4242410835666076, 27.26831000910483)
state:field-0.0, action:SDj, timestep:37, reward:-2.6152147672718584
==================================================

coord:(0.40435107233042566, 0.4242410835666076, 27.26831000910483)->(0.40435107233042566, 0.0, 23.628310142619284)
state:field-0.0, action:Aj, timestep:38, reward:2.3718866681432758
==================================================

coord:(0.40435107233042566, 0.0, 23.628310142619284)->(0.40435107233042566, 0.2835693016346185, 26.57497670120282)
state:field-0.0, action:Dj, timestep:39, reward:-1.925114565816866
==================================================

coord:(0.40435107233042566, 0.2835693016346185, 26.57497670120282)->(0.40435107233042566, 0.2835693016346185, 26.57497670120282)
state:field-0.0, action:Wait, timestep:40, reward:-8.878383503940768e-07
==================================================

coord:(0.40435107233042566, 0.2835693016346185, 26.57497670120282)->(3.836175799077366, 1.4875375564795497, 30.00680142794983)
state:field-0.0, action:WD, timestep:41, reward:-0.6691621681212077
==================================================

coord:(3.836175799077366, 1.4875375564795497, 30.00680142794983)->(3.836175799077366, 2.0769661514057955, 30.00680142794983)
state:air-5.0, action:Wait, timestep:42, reward:0.23308795611302102
==================================================

coord:(3.836175799077366, 2.0769661514057955, 30.00680142794983)->(9.036175608342496, 3.14326936818376, 30.00680142794983)
state:field-0.0, action:W, timestep:43, reward:1.8996290142413805
==================================================

coord:(9.036175608342496, 3.14326936818376, 30.00680142794983)->(11.086785181070995, 2.11426936818376, 27.956191855221384)
state:field-0.0, action:WAs, timestep:44, reward:1.7506001385249625
==================================================

coord:(11.086785181070995, 2.11426936818376, 27.956191855221384)->(11.086785181070995, 1.0292252796836443, 27.956191855221384)
state:air-5.0, action:Wait, timestep:45, reward:-0.5018464850103435
==================================================

coord:(11.086785181070995, 1.0292252796836443, 27.956191855221384)->(11.086785181070995, 2.149935515203526, 30.03619177892741)
state:field-0.0, action:D, timestep:46, reward:-1.3470682397461111
==================================================

coord:(11.086785181070995, 2.149935515203526, 30.03619177892741)->(11.086785181070995, 3.001835666825593, 30.03619177892741)
state:air-5.0, action:Wait, timestep:47, reward:0.33794529134295814
==================================================

coord:(11.086785181070995, 3.001835666825593, 30.03619177892741)->(12.067306531570113, 3.866853253564085, 31.016713129426556)
state:field-0.0, action:WD, timestep:48, reward:-0.5024950369726859
==================================================

coord:(12.067306531570113, 3.866853253564085, 31.016713129426556)->(13.127966655395198, 4.536519926906472, 29.956053005601497)
state:field-0.0, action:WAsj, timestep:49, reward:1.281658543898864
==================================================

coord:(13.127966655395198, 4.536519926906472, 29.956053005601497)->(13.127966655395198, 1.8725842810266387, 29.956053005601497)
state:air-5.0, action:Wait, timestep:50, reward:-1.0082676402033108
==================================================

coord:(13.127966655395198, 1.8725842810266387, 29.956053005601497)->(13.127966655395198, 0.39140108156033376, 25.622719831213942)
state:field-0.0, action:Aj, timestep:51, reward:3.0675110433538926
==================================================

coord:(13.127966655395198, 0.39140108156033376, 25.622719831213942)->(11.71375315696175, 0.286852002051616, 24.20850633278053)
state:field-0.0, action:SAs, timestep:52, reward:1.001354922199095
==================================================

coord:(11.71375315696175, 0.286852002051616, 24.20850633278053)->(11.71375315696175, 0.46978533672009337, 23.908506332780526)
state:field-0.0, action:Asj, timestep:53, reward:0.3483396092973372
==================================================

coord:(11.71375315696175, 0.46978533672009337, 23.908506332780526)->(11.71375315696175, 18.58805074886999, 23.908506332780526)
state:air-5.0, action:Wait, timestep:54, reward:2.862905812211409
==================================================

coord:(11.71375315696175, 18.58805074886999, 23.908506332780526)->(11.71375315696175, 18.65175074931504, 24.008506332780527)
state:field-0.0, action:Dsj, timestep:55, reward:-0.11460957357479273
==================================================

coord:(11.71375315696175, 18.65175074931504, 24.008506332780527)->(11.71375315696175, 18.65175074931504, 24.008506332780527)
state:air-5.0, action:j, timestep:56, reward:-8.089263552335524e-07
==================================================

coord:(11.71375315696175, 18.65175074931504, 24.008506332780527)->(11.71375315696175, 18.65175074931504, 24.008506332780527)
state:parachute-15.0, action:Sj, timestep:57, reward:-8.089263552335524e-07
==================================================

coord:(11.71375315696175, 18.65175074931504, 24.008506332780527)->(11.71375315696175, 19.95175070163125, 25.00850633278054)
state:wall-10.0, action:W, timestep:58, reward:-1.387482973068284
==================================================

coord:(11.71375315696175, 19.95175070163125, 25.00850633278054)->(11.71375315696175, 19.95175070163125, 25.00850633278054)
state:air-5.0, action:j, timestep:59, reward:6.237334737591027e-07
==================================================

coord:(11.71375315696175, 19.95175070163125, 25.00850633278054)->(16.913752966226905, 16.0517508446824, 25.00850633278054)
state:parachute-15.0, action:W, timestep:60, reward:1.016617181211398
==================================================

coord:(16.913752966226905, 16.0517508446824, 25.00850633278054)->(11.71375315696175, 12.151750987733546, 25.00850633278054)
state:parachute-15.0, action:S, timestep:61, reward:0.40532946063869346
==================================================

coord:(11.71375315696175, 12.151750987733546, 25.00850633278054)->(11.71375315696175, 11.371751016343776, 23.96850637092753)
state:parachute-15.0, action:A, timestep:62, reward:0.9922023658213597
==================================================

coord:(11.71375315696175, 11.371751016343776, 23.96850637092753)->(11.71375315696175, 18.58805074886999, 23.96850637092753)
state:air-5.0, action:Wait, timestep:63, reward:-0.9681843665347536
==================================================

coord:(11.71375315696175, 18.58805074886999, 23.96850637092753)->(11.784463831883423, 18.65175074931504, 24.0392170458492)
state:field-0.0, action:WDsj, timestep:64, reward:-0.07845929760278025
==================================================

coord:(11.784463831883423, 18.65175074931504, 24.0392170458492)->(11.784463831883423, 18.65175074931504, 24.0392170458492)
state:air-5.0, action:j, timestep:65, reward:-5.115920380660555e-07
==================================================

coord:(11.784463831883423, 18.65175074931504, 24.0392170458492)->(11.784463831883423, 18.65175074931504, 24.0392170458492)
state:parachute-15.0, action:Wj, timestep:66, reward:-5.115920380660555e-07
==================================================

coord:(11.784463831883423, 18.65175074931504, 24.0392170458492)->(11.784463831883423, 19.95175070163125, 25.039217045849217)
state:wall-10.0, action:W, timestep:67, reward:-1.3876353527880099
==================================================

coord:(11.784463831883423, 19.95175070163125, 25.039217045849217)->(11.784463831883423, 11.808767965663607, 25.039217045849217)
state:air-5.0, action:Wait, timestep:68, reward:1.408462372767655
==================================================

coord:(11.784463831883423, 11.808767965663607, 25.039217045849217)->(11.784463831883423, 13.108767917979927, 26.039217045849234)
state:wall-10.0, action:W, timestep:69, reward:-0.9816420821063332
==================================================

coord:(11.784463831883423, 13.108767917979927, 26.039217045849234)->(11.784463831883423, 13.108767917979927, 26.039217045849234)
state:air-5.0, action:j, timestep:70, reward:-3.126971535039047e-07
==================================================

coord:(11.784463831883423, 13.108767917979927, 26.039217045849234)->(11.784463831883423, 13.108767917979927, 26.039217045849234)
state:parachute-15.0, action:Sj, timestep:71, reward:-3.126971535039047e-07
==================================================

coord:(11.784463831883423, 13.108767917979927, 26.039217045849234)->(11.784463831883423, 14.408767870296247, 27.03921704584925)
state:wall-10.0, action:W, timestep:72, reward:-1.0671128508368142
==================================================

coord:(11.784463831883423, 14.408767870296247, 27.03921704584925)->(11.784463831883423, 6.2657851343286035, 27.03921704584925)
state:air-5.0, action:Wait, timestep:73, reward:-0.8952222478809304
==================================================

coord:(11.784463831883423, 6.2657851343286035, 27.03921704584925)->(11.784463831883423, 4.965785182012337, 27.03921704584925)
state:wall-10.0, action:S, timestep:74, reward:-0.4259958109604014
==================================================

coord:(11.784463831883423, 4.965785182012337, 27.03921704584925)->(11.784463831883423, 1.0292252796836443, 27.03921704584925)
state:air-5.0, action:Wait, timestep:75, reward:-1.689075884812592
==================================================

coord:(11.784463831883423, 1.0292252796836443, 27.03921704584925)->(9.945986299697578, 1.5756556020730843, 28.877694578035147)
state:field-0.0, action:SDj, timestep:76, reward:-1.5852140772584669
==================================================

coord:(9.945986299697578, 1.5756556020730843, 28.877694578035147)->(8.781617195979877, 3.107298164943507, 30.042063681752882)
state:field-0.0, action:SD, timestep:77, reward:-0.6289715977265118
==================================================

coord:(8.781617195979877, 3.107298164943507, 30.042063681752882)->(10.374964390540942, 4.239816538810444, 31.635410876313994)
state:field-0.0, action:WD, timestep:78, reward:-0.804675601910791
==================================================

coord:(10.374964390540942, 4.239816538810444, 31.635410876313994)->(8.965464949198461, 5.718900347747627, 33.04491031765645)
state:field-0.0, action:SD, timestep:79, reward:-1.1375460359741503
==================================================

coord:(8.965464949198461, 5.718900347747627, 33.04491031765645)->(8.965464949198461, 7.3668750960914995, 33.04491031765645)
state:air-5.0, action:Wait, timestep:80, reward:0.36736966199282506
==================================================

coord:(8.965464949198461, 7.3668750960914995, 33.04491031765645)->(10.612131555465766, 7.3668750960914995, 33.04491031765645)
state:field-0.0, action:W, timestep:81, reward:0.257672678019194
==================================================

coord:(10.612131555465766, 7.3668750960914995, 33.04491031765645)->(9.631610204966648, 7.452156696781367, 34.02543166815554)
state:field-0.0, action:SD, timestep:82, reward:-1.075280633519153
==================================================

coord:(9.631610204966648, 7.452156696781367, 34.02543166815554)->(9.631610204966648, 9.489734980744604, 34.02543166815554)
state:air-5.0, action:Wait, timestep:83, reward:0.30452893816989146
==================================================

coord:(9.631610204966648, 9.489734980744604, 34.02543166815554)->(10.758276830307436, 9.381135574933658, 34.02543166815554)
state:field-0.0, action:W, timestep:84, reward:0.1434424552179827
==================================================

coord:(10.758276830307436, 9.381135574933658, 34.02543166815554)->(8.244943589162602, 9.381135574933658, 34.02543166815554)
state:field-0.0, action:S, timestep:85, reward:-0.4094143617788859
==================================================

coord:(8.244943589162602, 9.381135574933658, 34.02543166815554)->(10.758276830307436, 9.381135574933658, 34.02543166815554)
state:field-0.0, action:W, timestep:86, reward:0.4094145926691546
==================================================

coord:(10.758276830307436, 9.381135574933658, 34.02543166815554)->(8.244943589162602, 9.381135574933658, 34.02543166815554)
state:field-0.0, action:S, timestep:87, reward:-0.4094143617788859
==================================================

coord:(8.244943589162602, 9.381135574933658, 34.02543166815554)->(8.244943589162602, 9.381135574933658, 33.938765004667786)
state:field-0.0, action:A, timestep:88, reward:0.08418481369857389
==================================================

coord:(8.244943589162602, 9.381135574933658, 33.938765004667786)->(8.244943589162602, 7.3668750960914995, 33.938765004667786)
state:air-5.0, action:Wait, timestep:89, reward:-0.3060742018846412
==================================================

coord:(8.244943589162602, 7.3668750960914995, 33.938765004667786)->(7.325704823069669, 7.11684146246028, 33.01952623857489)
state:field-0.0, action:SA, timestep:90, reward:0.6233438627576611
==================================================

coord:(7.325704823069669, 7.11684146246028, 33.01952623857489)->(6.345183472570538, 8.555906673791062, 34.00004758907398)
state:field-0.0, action:SD, timestep:91, reward:-0.937582610740133
==================================================

coord:(6.345183472570538, 8.555906673791062, 34.00004758907398)->(6.345183472570538, 8.555906673791062, 34.00004758907398)
state:field-0.0, action:Wait, timestep:92, reward:-5.94748922111421e-07
==================================================

coord:(6.345183472570538, 8.555906673791062, 34.00004758907398)->(3.918516894913482, 7.286153433606273, 34.00004758907398)
state:field-0.0, action:S, timestep:93, reward:-0.9529657543539329
==================================================

coord:(3.918516894913482, 7.286153433606273, 34.00004758907398)->(3.918516894913482, 6.270496108390099, 34.00004758907398)
state:air-5.0, action:Wait, timestep:94, reward:-0.2014572693858554
==================================================

coord:(3.918516894913482, 6.270496108390099, 34.00004758907398)->(2.8767129600081622, 6.7188343347313975, 35.04185152397926)
state:field-0.0, action:SD, timestep:95, reward:-1.2274144076475437
==================================================

coord:(2.8767129600081622, 6.7188343347313975, 35.04185152397926)->(2.8767129600081622, 8.170927402972628, 37.03518478419762)
state:field-0.0, action:D, timestep:96, reward:-1.5975408730970742
==================================================

coord:(2.8767129600081622, 8.170927402972628, 37.03518478419762)->(2.8767129600081622, 9.710719903565996, 37.03518478419762)
state:air-5.0, action:Wait, timestep:97, reward:0.175283526661417
==================================================

coord:(2.8767129600081622, 9.710719903565996, 37.03518478419762)->(0.9700463632776114, 9.457689366572648, 37.03518478419762)
state:field-0.0, action:S, timestep:98, reward:-0.7314920129256706
==================================================

coord:(0.9700463632776114, 9.457689366572648, 37.03518478419762)->(0.9700463632776114, 6.7188343347313975, 37.03518478419762)
state:air-5.0, action:Wait, timestep:99, reward:-0.37453949233746187
==================================================

coord:(0.9700463632776114, 6.7188343347313975, 37.03518478419762)->(2.010046325130638, 8.170927402972628, 37.03518478419762)
state:field-0.0, action:W, timestep:100, reward:0.6224649146885213
==================================================

coord:(2.010046325130638, 8.170927402972628, 37.03518478419762)->(2.010046325130638, 9.710719903565996, 37.03518478419762)
state:air-5.0, action:Wait, timestep:101, reward:0.1736219382851374
==================================================

coord:(2.010046325130638, 9.710719903565996, 37.03518478419762)->(0.9700463632776114, 9.457689366572648, 37.03518478419762)
state:field-0.0, action:S, timestep:102, reward:-0.4215478600936393
==================================================

coord:(0.9700463632776114, 9.457689366572648, 37.03518478419762)->(0.9700463632776114, 6.7188343347313975, 37.03518478419762)
state:air-5.0, action:Wait, timestep:103, reward:-0.37453949233746187
==================================================

coord:(0.9700463632776114, 6.7188343347313975, 37.03518478419762)->(0.9700463632776114, 7.80327055566939, 39.028518044415975)
state:field-0.0, action:D, timestep:104, reward:-1.6443976819302222
==================================================

coord:(0.9700463632776114, 7.80327055566939, 39.028518044415975)->(0.9700463632776114, 8.856498508798449, 39.028518044415975)
state:air-5.0, action:Wait, timestep:105, reward:0.12942239553872525
==================================================

coord:(0.9700463632776114, 8.856498508798449, 39.028518044415975)->(3.7277626615564023, 9.489734980744604, 36.27080174613729)
state:field-0.0, action:WA, timestep:106, reward:3.6032049383070017
==================================================

coord:(3.7277626615564023, 9.489734980744604, 36.27080174613729)->(2.992371648682059, 9.393123321165325, 35.53541073326297)
state:field-0.0, action:SA, timestep:107, reward:0.4238326687003564
==================================================

coord:(2.992371648682059, 9.393123321165325, 35.53541073326297)->(2.992371648682059, 6.7188343347313975, 35.53541073326297)
state:air-5.0, action:Wait, timestep:108, reward:-0.3936417083017538
==================================================

coord:(2.992371648682059, 6.7188343347313975, 35.53541073326297)->(2.992371648682059, 8.170927402972628, 37.0087440125548)
state:field-0.0, action:D, timestep:109, reward:-1.1234818074216477
==================================================

coord:(2.992371648682059, 8.170927402972628, 37.0087440125548)->(2.992371648682059, 9.710719903565996, 37.0087440125548)
state:air-5.0, action:Wait, timestep:110, reward:0.17563692710608336
==================================================

coord:(2.992371648682059, 9.710719903565996, 37.0087440125548)->(1.2764592853085888, 9.489734980744604, 38.724656375928205)
state:field-0.0, action:SD, timestep:111, reward:-2.228000135337723
==================================================

coord:(1.2764592853085888, 9.489734980744604, 38.724656375928205)->(-0.023540667007695276, 9.236704443751256, 38.724656375928205)
state:field-0.0, action:S, timestep:112, reward:-0.5264352465151774
==================================================

