coord:(8.0, 20.0, 31.0)->(8.0, 20.0, 31.0)
state:field-4, action:Wait, timestep:1, reward:-0.0
==================================================

coord:(8.0, 20.0, 31.0)->(2.9000000000000132, 16.66527777777778, 31.0)
state:field-4.0, action:Ss, timestep:2, reward:-0.933139919442862
==================================================

coord:(2.9000000000000132, 16.66527777777778, 31.0)->(2.9000000000000132, 8.522295041810137, 31.0)
state:air-9.0, action:Wait, timestep:3, reward:-0.0054716123434985775
==================================================

coord:(2.9000000000000132, 8.522295041810137, 31.0)->(2.9000000000000132, 7.22229508949385, 31.0)
state:wall-14.0, action:S, timestep:4, reward:-0.22928658030546956
==================================================

coord:(2.9000000000000132, 7.22229508949385, 31.0)->(2.9000000000000132, 2.4401179670207482, 31.0)
state:air-9.0, action:Wait, timestep:5, reward:-1.34524798312588
==================================================

coord:(2.9000000000000132, 2.4401179670207482, 31.0)->(2.9000000000000132, 3.2537008096812636, 32.03999996185301)
state:field-4.0, action:Dj, timestep:6, reward:-0.6130423088510284
==================================================

coord:(2.9000000000000132, 3.2537008096812636, 32.03999996185301)->(3.022565168812404, 3.77885604261717, 32.1625651306654)
state:field-4.0, action:WDj, timestep:7, reward:0.10566972540633657
==================================================

coord:(3.022565168812404, 3.77885604261717, 32.1625651306654)->(5.015898429030704, 4.757006903687358, 32.1625651306654)
state:field-4.0, action:Wj, timestep:8, reward:0.9898612531263602
==================================================

coord:(5.015898429030704, 4.757006903687358, 32.1625651306654)->(7.182565016224504, 5.461574248983202, 32.1625651306654)
state:field-4.0, action:Wj, timestep:9, reward:0.8164625361267213
==================================================

coord:(7.182565016224504, 5.461574248983202, 32.1625651306654)->(6.018195912506785, 4.909507622815906, 30.99819602694767)
state:field-4.0, action:SA, timestep:10, reward:0.5949097627788618
==================================================

coord:(6.018195912506785, 4.909507622815906, 30.99819602694767)->(6.018195912506785, 2.8339589482040806, 30.99819602694767)
state:air-9.0, action:Wait, timestep:11, reward:-0.6774767501135806
==================================================

coord:(6.018195912506785, 2.8339589482040806, 30.99819602694767)->(6.018195912506785, 3.866853253564085, 32.09819602694768)
state:field-4.0, action:Ds, timestep:12, reward:-0.6356239421143073
==================================================

coord:(6.018195912506785, 3.866853253564085, 32.09819602694768)->(6.018195912506785, 5.156137421258171, 32.09819602694768)
state:air-9.0, action:Wait, timestep:13, reward:0.37892134546402545
==================================================

coord:(6.018195912506785, 5.156137421258171, 32.09819602694768)->(7.149566711253529, 4.908415199035948, 30.966825228200953)
state:field-4.0, action:WAs, timestep:14, reward:1.2819716095999354
==================================================

coord:(7.149566711253529, 4.908415199035948, 30.966825228200953)->(7.149566711253529, 3.001835666825593, 30.966825228200953)
state:air-9.0, action:Wait, timestep:15, reward:-0.625116097883712
==================================================

coord:(7.149566711253529, 3.001835666825593, 30.966825228200953)->(5.149566711253536, 2.6145855278783046, 30.966825228200953)
state:field-4.0, action:Ss, timestep:16, reward:-0.7201214595022627
==================================================

coord:(5.149566711253536, 2.6145855278783046, 30.966825228200953)->(2.14672007534996, 1.262022470953157, 27.96397859229732)
state:field-4.0, action:SAj, timestep:17, reward:0.8116617379953368
==================================================

coord:(2.14672007534996, 1.262022470953157, 27.96397859229732)->(2.14672007534996, 0.6131549207583427, 27.96397859229732)
state:air-9.0, action:Wait, timestep:18, reward:-0.2830205320987389
==================================================

coord:(2.14672007534996, 0.6131549207583427, 27.96397859229732)->(4.1973296480784335, 1.6883144133931263, 30.014588165025767)
state:field-4.0, action:WDs, timestep:19, reward:-0.3898356326291932
==================================================

coord:(4.1973296480784335, 1.6883144133931263, 30.014588165025767)->(4.1973296480784335, 2.3572997362478776, 30.014588165025767)
state:air-8.0, action:Wait, timestep:20, reward:0.2607628181498711
==================================================

coord:(4.1973296480784335, 2.3572997362478776, 30.014588165025767)->(6.177228545885235, 1.4206047174897594, 28.03468926721899)
state:field-3.0, action:WAs, timestep:21, reward:1.957690456724233
==================================================

coord:(6.177228545885235, 1.4206047174897594, 28.03468926721899)->(4.1549032604807765, 2.3572997362478776, 30.057014552623478)
state:field-3.0, action:SDj, timestep:22, reward:-2.0092086708250534
==================================================

coord:(4.1549032604807765, 2.3572997362478776, 30.057014552623478)->(5.196707195386104, 1.8725842810266387, 29.015210617718136)
state:field-3.0, action:WA, timestep:23, reward:1.0582248405362158
==================================================

coord:(5.196707195386104, 1.8725842810266387, 29.015210617718136)->(0.9540667000858143, 0.8762509743961889, 24.7725701224179)
state:field-3.0, action:SAsj, timestep:24, reward:1.0531343697662159
==================================================

coord:(0.9540667000858143, 0.8762509743961889, 24.7725701224179)->(0.9540667000858143, 0.11823884097661676, 24.7725701224179)
state:air-8.0, action:Wait, timestep:25, reward:-0.3650095765608192
==================================================

coord:(0.9540667000858143, 0.11823884097661676, 24.7725701224179)->(2.3022835570221143, 0.0, 23.424353265481574)
state:field-3.0, action:WA, timestep:26, reward:1.5572037498552262
==================================================

coord:(2.3022835570221143, 0.0, 23.424353265481574)->(5.696395953262346, 0.0, 20.030240869241386)
state:field-3.0, action:WAsj, timestep:27, reward:3.8386875906892577
==================================================

coord:(5.696395953262346, 0.0, 20.030240869241386)->(0.8963959532623493, 0.0, 20.030240869241386)
state:field-2.0, action:Ssj, timestep:28, reward:-2.4281711234228247
==================================================

coord:(0.8963959532623493, 0.0, 20.030240869241386)->(4.189729165796938, 0.0, 20.030240869241386)
state:field-2.0, action:Wj, timestep:29, reward:1.7553407783395762
==================================================

coord:(4.189729165796938, 0.0, 20.030240869241386)->(8.432369661097233, 0.29692987841933827, 24.27288136454162)
state:field-2.0, action:WDs, timestep:30, reward:-1.3142565961633643
==================================================

coord:(8.432369661097233, 0.29692987841933827, 24.27288136454162)->(8.432369661097233, 1.0653847105016305, 27.07288136454166)
state:field-1.0, action:Dsj, timestep:31, reward:-1.8849069499998983
==================================================

coord:(8.432369661097233, 1.0653847105016305, 27.07288136454166)->(8.432369661097233, 0.29692987841933827, 24.472881364541625)
state:field-1.0, action:As, timestep:32, reward:1.7270489011855261
==================================================

coord:(8.432369661097233, 0.29692987841933827, 24.472881364541625)->(6.806024137898784, 0.0, 22.8465358413432)
state:field-1.0, action:SAs, timestep:33, reward:0.597324554979366
==================================================

coord:(6.806024137898784, 0.0, 22.8465358413432)->(4.661133683681934, 0.22526088161698715, 24.991426295560082)
state:field-1.0, action:SDj, timestep:34, reward:-2.2632740266681495
==================================================

coord:(4.661133683681934, 0.22526088161698715, 24.991426295560082)->(3.6004735598568613, 0.4759917663608099, 26.05208641938514)
state:field-0.0, action:SDs, timestep:35, reward:-1.1121753930681209
==================================================

coord:(3.6004735598568613, 0.4759917663608099, 26.05208641938514)->(2.6105241109534605, 0.26771077733686593, 25.062136970481752)
state:field-0.0, action:SAs, timestep:36, reward:0.203351944030274
==================================================

coord:(2.6105241109534605, 0.26771077733686593, 25.062136970481752)->(0.40435107233042566, 0.4242410835666076, 27.26831000910483)
state:field-0.0, action:SDj, timestep:37, reward:-2.6152147672718584
==================================================

coord:(0.40435107233042566, 0.4242410835666076, 27.26831000910483)->(0.40435107233042566, 0.0, 23.628310142619284)
state:field-0.0, action:Aj, timestep:38, reward:2.3718866681432758
==================================================

coord:(0.40435107233042566, 0.0, 23.628310142619284)->(0.40435107233042566, 0.2835693016346185, 26.57497670120282)
state:field-0.0, action:Dj, timestep:39, reward:-1.925114565816866
==================================================

coord:(0.40435107233042566, 0.2835693016346185, 26.57497670120282)->(0.40435107233042566, 0.2835693016346185, 26.57497670120282)
state:field-0.0, action:Wait, timestep:40, reward:-8.878383503940768e-07
==================================================

coord:(0.40435107233042566, 0.2835693016346185, 26.57497670120282)->(3.836175799077366, 1.4875375564795497, 30.00680142794983)
state:field-0.0, action:WD, timestep:41, reward:-0.6691621681212077
==================================================

coord:(3.836175799077366, 1.4875375564795497, 30.00680142794983)->(3.836175799077366, 2.0769661514057955, 30.00680142794983)
state:air-5.0, action:Wait, timestep:42, reward:0.23308795611302102
==================================================

coord:(3.836175799077366, 2.0769661514057955, 30.00680142794983)->(9.036175608342496, 3.14326936818376, 30.00680142794983)
state:field-0.0, action:W, timestep:43, reward:1.8996290142413805
==================================================

coord:(9.036175608342496, 3.14326936818376, 30.00680142794983)->(11.086785181070995, 2.11426936818376, 27.956191855221384)
state:field-0.0, action:WAs, timestep:44, reward:1.7506001385249625
==================================================

coord:(11.086785181070995, 2.11426936818376, 27.956191855221384)->(11.086785181070995, 1.0292252796836443, 27.956191855221384)
state:air-5.0, action:Wait, timestep:45, reward:-0.5018464850103435
==================================================

coord:(11.086785181070995, 1.0292252796836443, 27.956191855221384)->(11.086785181070995, 2.149935515203526, 30.03619177892741)
state:field-0.0, action:D, timestep:46, reward:-1.3470682397461111
==================================================

coord:(11.086785181070995, 2.149935515203526, 30.03619177892741)->(11.086785181070995, 3.001835666825593, 30.03619177892741)
state:air-5.0, action:Wait, timestep:47, reward:0.33794529134295814
==================================================

coord:(11.086785181070995, 3.001835666825593, 30.03619177892741)->(12.067306531570113, 3.866853253564085, 31.016713129426556)
state:field-0.0, action:WD, timestep:48, reward:-0.5024950369726859
==================================================

coord:(12.067306531570113, 3.866853253564085, 31.016713129426556)->(13.127966655395198, 4.536519926906472, 29.956053005601497)
state:field-0.0, action:WAsj, timestep:49, reward:1.281658543898864
==================================================

coord:(13.127966655395198, 4.536519926906472, 29.956053005601497)->(13.127966655395198, 1.8725842810266387, 29.956053005601497)
state:air-5.0, action:Wait, timestep:50, reward:-1.0082676402033108
==================================================

coord:(13.127966655395198, 1.8725842810266387, 29.956053005601497)->(13.127966655395198, 0.39140108156033376, 25.622719831213942)
state:field-0.0, action:Aj, timestep:51, reward:3.0675110433538926
==================================================

coord:(13.127966655395198, 0.39140108156033376, 25.622719831213942)->(11.71375315696175, 0.286852002051616, 24.20850633278053)
state:field-0.0, action:SAs, timestep:52, reward:1.001354922199095
==================================================

coord:(11.71375315696175, 0.286852002051616, 24.20850633278053)->(11.71375315696175, 0.46978533672009337, 23.908506332780526)
state:field-0.0, action:Asj, timestep:53, reward:0.3483396092973372
==================================================

coord:(11.71375315696175, 0.46978533672009337, 23.908506332780526)->(11.71375315696175, 18.58805074886999, 23.908506332780526)
state:air-5.0, action:Wait, timestep:54, reward:2.862905812211409
==================================================

coord:(11.71375315696175, 18.58805074886999, 23.908506332780526)->(11.71375315696175, 18.65175074931504, 24.008506332780527)
state:field-0.0, action:Dsj, timestep:55, reward:-0.11460957357479273
==================================================

coord:(11.71375315696175, 18.65175074931504, 24.008506332780527)->(11.71375315696175, 18.65175074931504, 24.008506332780527)
state:air-5.0, action:j, timestep:56, reward:-8.089263552335524e-07
==================================================

coord:(11.71375315696175, 18.65175074931504, 24.008506332780527)->(11.71375315696175, 18.65175074931504, 24.008506332780527)
state:parachute-15.0, action:Sj, timestep:57, reward:-8.089263552335524e-07
==================================================

coord:(11.71375315696175, 18.65175074931504, 24.008506332780527)->(11.71375315696175, 19.95175070163125, 25.00850633278054)
state:wall-10.0, action:W, timestep:58, reward:-1.387482973068284
==================================================

coord:(11.71375315696175, 19.95175070163125, 25.00850633278054)->(11.71375315696175, 19.95175070163125, 25.00850633278054)
state:air-5.0, action:j, timestep:59, reward:6.237334737591027e-07
==================================================

coord:(11.71375315696175, 19.95175070163125, 25.00850633278054)->(16.913752966226905, 16.0517508446824, 25.00850633278054)
state:parachute-15.0, action:W, timestep:60, reward:1.016617181211398
==================================================

coord:(16.913752966226905, 16.0517508446824, 25.00850633278054)->(11.71375315696175, 12.151750987733546, 25.00850633278054)
state:parachute-15.0, action:S, timestep:61, reward:0.40532946063869346
==================================================

coord:(11.71375315696175, 12.151750987733546, 25.00850633278054)->(11.71375315696175, 11.371751016343776, 23.96850637092753)
state:parachute-15.0, action:A, timestep:62, reward:0.9922023658213597
==================================================

coord:(11.71375315696175, 11.371751016343776, 23.96850637092753)->(11.71375315696175, 18.58805074886999, 23.96850637092753)
state:air-5.0, action:Wait, timestep:63, reward:-0.9681843665347536
==================================================

coord:(11.71375315696175, 18.58805074886999, 23.96850637092753)->(11.784463831883423, 18.65175074931504, 24.0392170458492)
state:field-0.0, action:WDsj, timestep:64, reward:-0.07845929760278025
==================================================

coord:(11.784463831883423, 18.65175074931504, 24.0392170458492)->(11.784463831883423, 18.65175074931504, 24.0392170458492)
state:air-5.0, action:j, timestep:65, reward:-5.115920380660555e-07
==================================================

coord:(11.784463831883423, 18.65175074931504, 24.0392170458492)->(11.784463831883423, 18.65175074931504, 24.0392170458492)
state:parachute-15.0, action:Wj, timestep:66, reward:-5.115920380660555e-07
==================================================

coord:(11.784463831883423, 18.65175074931504, 24.0392170458492)->(11.784463831883423, 19.95175070163125, 25.039217045849217)
state:wall-10.0, action:W, timestep:67, reward:-1.3876353527880099
==================================================

coord:(11.784463831883423, 19.95175070163125, 25.039217045849217)->(11.784463831883423, 11.808767965663607, 25.039217045849217)
state:air-5.0, action:Wait, timestep:68, reward:1.408462372767655
==================================================

coord:(11.784463831883423, 11.808767965663607, 25.039217045849217)->(11.784463831883423, 13.108767917979927, 26.039217045849234)
state:wall-10.0, action:W, timestep:69, reward:-0.9816420821063332
==================================================

coord:(11.784463831883423, 13.108767917979927, 26.039217045849234)->(11.784463831883423, 13.108767917979927, 26.039217045849234)
state:air-5.0, action:j, timestep:70, reward:-3.126971535039047e-07
==================================================

coord:(11.784463831883423, 13.108767917979927, 26.039217045849234)->(11.784463831883423, 13.108767917979927, 26.039217045849234)
state:parachute-15.0, action:Sj, timestep:71, reward:-3.126971535039047e-07
==================================================

coord:(11.784463831883423, 13.108767917979927, 26.039217045849234)->(11.784463831883423, 14.408767870296247, 27.03921704584925)
state:wall-10.0, action:W, timestep:72, reward:-1.0671128508368142
==================================================

coord:(11.784463831883423, 14.408767870296247, 27.03921704584925)->(11.784463831883423, 6.2657851343286035, 27.03921704584925)
state:air-5.0, action:Wait, timestep:73, reward:-0.8952222478809304
==================================================

coord:(11.784463831883423, 6.2657851343286035, 27.03921704584925)->(11.784463831883423, 4.965785182012337, 27.03921704584925)
state:wall-10.0, action:S, timestep:74, reward:-0.4259958109604014
==================================================

coord:(11.784463831883423, 4.965785182012337, 27.03921704584925)->(11.784463831883423, 1.0292252796836443, 27.03921704584925)
state:air-5.0, action:Wait, timestep:75, reward:-1.689075884812592
==================================================

coord:(11.784463831883423, 1.0292252796836443, 27.03921704584925)->(9.945986299697578, 1.5756556020730843, 28.877694578035147)
state:field-0.0, action:SDj, timestep:76, reward:-1.5852140772584669
==================================================

coord:(9.945986299697578, 1.5756556020730843, 28.877694578035147)->(8.781617195979877, 3.107298164943507, 30.042063681752882)
state:field-0.0, action:SD, timestep:77, reward:-0.6289715977265118
==================================================

coord:(8.781617195979877, 3.107298164943507, 30.042063681752882)->(10.374964390540942, 4.239816538810444, 31.635410876313994)
state:field-0.0, action:WD, timestep:78, reward:-0.804675601910791
==================================================

coord:(10.374964390540942, 4.239816538810444, 31.635410876313994)->(8.965464949198461, 5.718900347747627, 33.04491031765645)
state:field-0.0, action:SD, timestep:79, reward:-1.1375460359741503
==================================================

coord:(8.965464949198461, 5.718900347747627, 33.04491031765645)->(8.965464949198461, 7.3668750960914995, 33.04491031765645)
state:air-5.0, action:Wait, timestep:80, reward:0.36736966199282506
==================================================

coord:(8.965464949198461, 7.3668750960914995, 33.04491031765645)->(10.612131555465766, 7.3668750960914995, 33.04491031765645)
state:field-0.0, action:W, timestep:81, reward:0.257672678019194
==================================================

coord:(10.612131555465766, 7.3668750960914995, 33.04491031765645)->(9.631610204966648, 7.452156696781367, 34.02543166815554)
state:field-0.0, action:SD, timestep:82, reward:-1.075280633519153
==================================================

coord:(9.631610204966648, 7.452156696781367, 34.02543166815554)->(9.631610204966648, 9.489734980744604, 34.02543166815554)
state:air-5.0, action:Wait, timestep:83, reward:0.30452893816989146
==================================================

coord:(9.631610204966648, 9.489734980744604, 34.02543166815554)->(10.758276830307436, 9.381135574933658, 34.02543166815554)
state:field-0.0, action:W, timestep:84, reward:0.1434424552179827
==================================================

coord:(10.758276830307436, 9.381135574933658, 34.02543166815554)->(8.244943589162602, 9.381135574933658, 34.02543166815554)
state:field-0.0, action:S, timestep:85, reward:-0.4094143617788859
==================================================

coord:(8.244943589162602, 9.381135574933658, 34.02543166815554)->(10.758276830307436, 9.381135574933658, 34.02543166815554)
state:field-0.0, action:W, timestep:86, reward:0.4094145926691546
==================================================

coord:(10.758276830307436, 9.381135574933658, 34.02543166815554)->(8.244943589162602, 9.381135574933658, 34.02543166815554)
state:field-0.0, action:S, timestep:87, reward:-0.4094143617788859
==================================================

coord:(8.244943589162602, 9.381135574933658, 34.02543166815554)->(8.244943589162602, 9.381135574933658, 33.938765004667786)
state:field-0.0, action:A, timestep:88, reward:0.08418481369857389
==================================================

coord:(8.244943589162602, 9.381135574933658, 33.938765004667786)->(8.244943589162602, 7.3668750960914995, 33.938765004667786)
state:air-5.0, action:Wait, timestep:89, reward:-0.3060742018846412
==================================================

coord:(8.244943589162602, 7.3668750960914995, 33.938765004667786)->(7.325704823069669, 7.11684146246028, 33.01952623857489)
state:field-0.0, action:SA, timestep:90, reward:0.6233438627576611
==================================================

coord:(7.325704823069669, 7.11684146246028, 33.01952623857489)->(6.345183472570538, 8.555906673791062, 34.00004758907398)
state:field-0.0, action:SD, timestep:91, reward:-0.937582610740133
==================================================

coord:(6.345183472570538, 8.555906673791062, 34.00004758907398)->(6.345183472570538, 8.555906673791062, 34.00004758907398)
state:field-0.0, action:Wait, timestep:92, reward:-5.94748922111421e-07
==================================================

coord:(6.345183472570538, 8.555906673791062, 34.00004758907398)->(3.918516894913482, 7.286153433606273, 34.00004758907398)
state:field-0.0, action:S, timestep:93, reward:-0.9529657543539329
==================================================

coord:(3.918516894913482, 7.286153433606273, 34.00004758907398)->(3.918516894913482, 6.270496108390099, 34.00004758907398)
state:air-5.0, action:Wait, timestep:94, reward:-0.2014572693858554
==================================================

coord:(3.918516894913482, 6.270496108390099, 34.00004758907398)->(2.8767129600081622, 6.7188343347313975, 35.04185152397926)
state:field-0.0, action:SD, timestep:95, reward:-1.2274144076475437
==================================================

coord:(2.8767129600081622, 6.7188343347313975, 35.04185152397926)->(2.8767129600081622, 8.170927402972628, 37.03518478419762)
state:field-0.0, action:D, timestep:96, reward:-1.5975408730970742
==================================================

coord:(2.8767129600081622, 8.170927402972628, 37.03518478419762)->(2.8767129600081622, 9.710719903565996, 37.03518478419762)
state:air-5.0, action:Wait, timestep:97, reward:0.175283526661417
==================================================

coord:(2.8767129600081622, 9.710719903565996, 37.03518478419762)->(0.9700463632776114, 9.457689366572648, 37.03518478419762)
state:field-0.0, action:S, timestep:98, reward:-0.7314920129256706
==================================================

coord:(0.9700463632776114, 9.457689366572648, 37.03518478419762)->(0.9700463632776114, 6.7188343347313975, 37.03518478419762)
state:air-5.0, action:Wait, timestep:99, reward:-0.37453949233746187
==================================================

coord:(0.9700463632776114, 6.7188343347313975, 37.03518478419762)->(2.010046325130638, 8.170927402972628, 37.03518478419762)
state:field-0.0, action:W, timestep:100, reward:0.6224649146885213
==================================================

coord:(2.010046325130638, 8.170927402972628, 37.03518478419762)->(2.010046325130638, 9.710719903565996, 37.03518478419762)
state:air-5.0, action:Wait, timestep:101, reward:0.1736219382851374
==================================================

coord:(2.010046325130638, 9.710719903565996, 37.03518478419762)->(0.9700463632776114, 9.457689366572648, 37.03518478419762)
state:field-0.0, action:S, timestep:102, reward:-0.4215478600936393
==================================================

coord:(0.9700463632776114, 9.457689366572648, 37.03518478419762)->(0.9700463632776114, 6.7188343347313975, 37.03518478419762)
state:air-5.0, action:Wait, timestep:103, reward:-0.37453949233746187
==================================================

coord:(0.9700463632776114, 6.7188343347313975, 37.03518478419762)->(0.9700463632776114, 7.80327055566939, 39.028518044415975)
state:field-0.0, action:D, timestep:104, reward:-1.6443976819302222
==================================================

coord:(0.9700463632776114, 7.80327055566939, 39.028518044415975)->(0.9700463632776114, 8.856498508798449, 39.028518044415975)
state:air-5.0, action:Wait, timestep:105, reward:0.12942239553872525
==================================================

coord:(0.9700463632776114, 8.856498508798449, 39.028518044415975)->(3.7277626615564023, 9.489734980744604, 36.27080174613729)
state:field-0.0, action:WA, timestep:106, reward:3.6032049383070017
==================================================

coord:(3.7277626615564023, 9.489734980744604, 36.27080174613729)->(2.992371648682059, 9.393123321165325, 35.53541073326297)
state:field-0.0, action:SA, timestep:107, reward:0.4238326687003564
==================================================

coord:(2.992371648682059, 9.393123321165325, 35.53541073326297)->(2.992371648682059, 6.7188343347313975, 35.53541073326297)
state:air-5.0, action:Wait, timestep:108, reward:-0.3936417083017538
==================================================

coord:(2.992371648682059, 6.7188343347313975, 35.53541073326297)->(2.992371648682059, 8.170927402972628, 37.0087440125548)
state:field-0.0, action:D, timestep:109, reward:-1.1234818074216477
==================================================

coord:(2.992371648682059, 8.170927402972628, 37.0087440125548)->(2.992371648682059, 9.710719903565996, 37.0087440125548)
state:air-5.0, action:Wait, timestep:110, reward:0.17563692710608336
==================================================

coord:(2.992371648682059, 9.710719903565996, 37.0087440125548)->(1.2764592853085888, 9.489734980744604, 38.724656375928205)
state:field-0.0, action:SD, timestep:111, reward:-2.228000135337723
==================================================

coord:(1.2764592853085888, 9.489734980744604, 38.724656375928205)->(1.2764592853085888, 9.489734980744604, 38.724656375928205)
state:field-0.0, action:Wait, timestep:112, reward:5.055314176161119e-07
==================================================

coord:(1.2764592853085888, 9.489734980744604, 38.724656375928205)->(1.2764592853085888, 9.236704443751256, 36.99132310617311)
state:field-0.0, action:A, timestep:113, reward:1.570307598837843
==================================================

coord:(1.2764592853085888, 9.236704443751256, 36.99132310617311)->(1.2764592853085888, 6.875294034598995, 36.99132310617311)
state:air-5.0, action:Wait, timestep:114, reward:-0.32682978445041755
==================================================

coord:(1.2764592853085888, 6.875294034598995, 36.99132310617311)->(0.23465535040326654, 6.571657390206982, 35.94951917126783)
state:field-0.0, action:SA, timestep:115, reward:0.4601658279625056
==================================================

coord:(0.23465535040326654, 6.571657390206982, 35.94951917126783)->(0.23465535040326654, 4.64875264304432, 35.94951917126783)
state:air-5.0, action:Wait, timestep:116, reward:-0.41015910724765803
==================================================

coord:(0.23465535040326654, 4.64875264304432, 35.94951917126783)->(2.054655283646064, 5.653453927914237, 35.94951917126783)
state:field-0.0, action:W, timestep:117, reward:0.9489219033078271
==================================================

coord:(2.054655283646064, 5.653453927914237, 35.94951917126783)->(2.054655283646064, 6.7188343347313975, 35.94951917126783)
state:air-5.0, action:Wait, timestep:118, reward:0.2141047160854619
==================================================

coord:(2.054655283646064, 6.7188343347313975, 35.94951917126783)->(0.9279886583052851, 6.415197690339385, 35.94951917126783)
state:field-0.0, action:S, timestep:119, reward:-0.49598788842539676
==================================================

coord:(0.9279886583052851, 6.415197690339385, 35.94951917126783)->(0.9279886583052851, 4.64875264304432, 35.94951917126783)
state:air-5.0, action:Wait, timestep:120, reward:-0.38415236831887967
==================================================

coord:(0.9279886583052851, 4.64875264304432, 35.94951917126783)->(0.9279886583052851, 3.3789994028595367, 32.91618594919642)
state:field-0.0, action:A, timestep:121, reward:2.2876141509154593
==================================================

coord:(0.9279886583052851, 3.3789994028595367, 32.91618594919642)->(0.9279886583052851, 2.251231312624097, 32.91618594919642)
state:air-5.0, action:Wait, timestep:122, reward:-0.3605909499234592
==================================================

coord:(0.9279886583052851, 2.251231312624097, 32.91618594919642)->(4.04798854386437, 3.77885604261717, 32.91618594919642)
state:field-0.0, action:W, timestep:123, reward:1.6872569487241975
==================================================

coord:(4.04798854386437, 3.77885604261717, 32.91618594919642)->(4.04798854386437, 4.2888981828379045, 32.91618594919642)
state:air-5.0, action:Wait, timestep:124, reward:0.15056626680316398
==================================================

coord:(4.04798854386437, 4.2888981828379045, 32.91618594919642)->(2.054655283646064, 3.2537008096812636, 32.91618594919642)
state:field-0.0, action:S, timestep:125, reward:-1.0497850222126104
==================================================

coord:(2.054655283646064, 3.2537008096812636, 32.91618594919642)->(3.893132815831922, 2.8339589482040806, 31.07770841701057)
state:field-0.0, action:WA, timestep:126, reward:2.148359378525768
==================================================

coord:(3.893132815831922, 2.8339589482040806, 31.07770841701057)->(3.893132815831922, 1.6700184780346938, 28.997708493304543)
state:field-0.0, action:A, timestep:127, reward:1.3171856366003496
==================================================

coord:(3.893132815831922, 1.6700184780346938, 28.997708493304543)->(3.893132815831922, 1.041139962391984, 28.997708493304543)
state:air-5.0, action:Wait, timestep:128, reward:-0.2651342645726551
==================================================

coord:(3.893132815831922, 1.041139962391984, 28.997708493304543)->(2.054655283646064, 0.6131549207583427, 27.159230961118645)
state:field-0.0, action:SA, timestep:129, reward:0.5055714857562741
==================================================

coord:(2.054655283646064, 0.6131549207583427, 27.159230961118645)->(1.5031120239903044, 0.5159292404728973, 27.710774220774415)
state:field-0.0, action:SD, timestep:130, reward:-0.7188433444910771
==================================================

coord:(1.5031120239903044, 0.5159292404728973, 27.710774220774415)->(0.376445398649525, 0.4242410835666076, 27.710774220774415)
state:field-0.0, action:S, timestep:131, reward:-0.579044869877972
==================================================

coord:(0.376445398649525, 0.4242410835666076, 27.710774220774415)->(0.376445398649525, 0.4242410835666076, 27.710774220774415)
state:field-0.0, action:Wait, timestep:132, reward:-5.278369563654906e-07
==================================================

coord:(0.376445398649525, 0.4242410835666076, 27.710774220774415)->(0.376445398649525, 1.6883144133931263, 32.04410739516197)
state:field-0.0, action:D, timestep:133, reward:-2.9070314867864333
==================================================

coord:(0.376445398649525, 1.6883144133931263, 32.04410739516197)->(0.376445398649525, 2.251231312624097, 32.04410739516197)
state:air-5.0, action:Wait, timestep:134, reward:0.19684859725760617
==================================================

coord:(0.376445398649525, 2.251231312624097, 32.04410739516197)->(4.016445265135124, 3.77885604261717, 32.04410739516197)
state:field-0.0, action:W, timestep:135, reward:1.9632207338042278
==================================================

coord:(4.016445265135124, 3.77885604261717, 32.04410739516197)->(4.016445265135124, 4.2888981828379045, 32.04410739516197)
state:air-5.0, action:Wait, timestep:136, reward:0.15463265386313196
==================================================

coord:(4.016445265135124, 4.2888981828379045, 32.04410739516197)->(9.216445074400255, 5.718900347747627, 32.04410739516197)
state:field-0.0, action:W, timestep:137, reward:1.8039658012991353
==================================================

coord:(9.216445074400255, 5.718900347747627, 32.04410739516197)->(9.216445074400255, 5.718900347747627, 32.04410739516197)
state:field-0.0, action:Wait, timestep:138, reward:-7.209176615674551e-07
==================================================

coord:(9.216445074400255, 5.718900347747627, 32.04410739516197)->(9.216445074400255, 5.718900347747627, 33.08410735701503)
state:field-0.0, action:D, timestep:139, reward:-0.9881248763900388
==================================================

coord:(9.216445074400255, 5.718900347747627, 33.08410735701503)->(9.216445074400255, 7.452156696781367, 33.08410735701503)
state:air-5.0, action:Wait, timestep:140, reward:0.3838902327308986
==================================================

coord:(9.216445074400255, 7.452156696781367, 33.08410735701503)->(9.216445074400255, 7.452156696781367, 34.03744065538033)
state:field-0.0, action:D, timestep:141, reward:-0.9215392314196045
==================================================

coord:(9.216445074400255, 7.452156696781367, 34.03744065538033)->(9.216445074400255, 9.489734980744604, 34.03744065538033)
state:air-5.0, action:Wait, timestep:142, reward:0.30364983187471495
==================================================

coord:(9.216445074400255, 9.489734980744604, 34.03744065538033)->(9.216445074400255, 9.489734980744604, 33.950773991892575)
state:field-0.0, action:A, timestep:143, reward:0.08478900305284753
==================================================

coord:(9.216445074400255, 9.489734980744604, 33.950773991892575)->(9.216445074400255, 7.452156696781367, 33.950773991892575)
state:air-5.0, action:Wait, timestep:144, reward:-0.3045743695533254
==================================================

coord:(9.216445074400255, 7.452156696781367, 33.950773991892575)->(10.196966424899372, 7.438355031127185, 32.970252641393486)
state:field-0.0, action:WA, timestep:145, reward:1.1018322486716237
==================================================

coord:(10.196966424899372, 7.438355031127185, 32.970252641393486)->(10.196966424899372, 5.653453927914237, 32.970252641393486)
state:air-5.0, action:Wait, timestep:146, reward:-0.40169587803178075
==================================================

coord:(10.196966424899372, 5.653453927914237, 32.970252641393486)->(11.93029969465443, 5.461574248983202, 32.970252641393486)
state:field-0.0, action:W, timestep:147, reward:0.13794077932047344
==================================================

coord:(11.93029969465443, 5.461574248983202, 32.970252641393486)->(8.463633155144315, 5.653453927914237, 32.970252641393486)
state:field-0.0, action:S, timestep:148, reward:-0.43440754328949893
==================================================

coord:(8.463633155144315, 5.653453927914237, 32.970252641393486)->(9.015176414800068, 7.3668750960914995, 33.521795901049224)
state:field-0.0, action:WD, timestep:149, reward:-0.04076136304917455
==================================================

coord:(9.015176414800068, 7.3668750960914995, 33.521795901049224)->(9.015176414800068, 7.452156696781367, 33.521795901049224)
state:air-5.0, action:Wait, timestep:150, reward:0.01614346638070785
==================================================

coord:(9.015176414800068, 7.452156696781367, 33.521795901049224)->(9.015176414800068, 7.452156696781367, 33.521795901049224)
state:field-0.0, action:Wait, timestep:151, reward:-3.3244741715066084e-07
==================================================

coord:(9.015176414800068, 7.452156696781367, 33.521795901049224)->(9.015176414800068, 7.452156696781367, 32.91512925663494)
state:field-0.0, action:A, timestep:152, reward:0.585152282216125
==================================================

coord:(9.015176414800068, 7.452156696781367, 32.91512925663494)->(9.015176414800068, 5.718900347747627, 32.91512925663494)
state:air-5.0, action:Wait, timestep:153, reward:-0.38567053725114775
==================================================

coord:(9.015176414800068, 5.718900347747627, 32.91512925663494)->(9.137741583612458, 5.718900347747627, 33.03769442544733)
state:field-0.0, action:WD, timestep:154, reward:-0.09444043345947861
==================================================

coord:(9.137741583612458, 5.718900347747627, 33.03769442544733)->(9.137741583612458, 7.452156696781367, 33.03769442544733)
state:air-5.0, action:Wait, timestep:155, reward:0.3843214358061857
==================================================

coord:(9.137741583612458, 7.452156696781367, 33.03769442544733)->(8.357741612222682, 7.3668750960914995, 33.03769442544733)
state:field-0.0, action:S, timestep:156, reward:-0.16773160892817884
==================================================

coord:(8.357741612222682, 7.3668750960914995, 33.03769442544733)->(8.357741612222682, 7.3668750960914995, 34.07769438730038)
state:field-0.0, action:D, timestep:157, reward:-0.9988141192469477
==================================================

coord:(8.357741612222682, 7.3668750960914995, 34.07769438730038)->(8.357741612222682, 9.381135574933658, 34.07769438730038)
state:air-5.0, action:Wait, timestep:158, reward:0.3048574760682854
==================================================

coord:(8.357741612222682, 9.381135574933658, 34.07769438730038)->(9.3382629627218, 9.489734980744604, 35.05821573779947)
state:field-0.0, action:WD, timestep:159, reward:-0.7663474348008599
==================================================

coord:(9.3382629627218, 9.489734980744604, 35.05821573779947)->(9.3382629627218, 11.809427559849361, 35.05821573779947)
state:air-5.0, action:Wait, timestep:160, reward:0.15951796083456316
==================================================

coord:(9.3382629627218, 11.809427559849361, 35.05821573779947)->(9.399545547127994, 11.809427559849361, 34.99693315339328)
state:field-0.0, action:WA, timestep:161, reward:0.070425799539791
==================================================

coord:(9.399545547127994, 11.809427559849361, 34.99693315339328)->(9.399545547127994, 9.489734980744604, 34.99693315339328)
state:air-5.0, action:Wait, timestep:162, reward:-0.1599103214392983
==================================================

coord:(9.399545547127994, 9.489734980744604, 34.99693315339328)->(9.399545547127994, 9.489734980744604, 35.08359981688103)
state:field-0.0, action:D, timestep:163, reward:-0.08501179497925548
==================================================

coord:(9.399545547127994, 9.489734980744604, 35.08359981688103)->(9.399545547127994, 11.809427559849361, 35.08359981688103)
state:air-5.0, action:Wait, timestep:164, reward:0.15943421531845559
==================================================

coord:(9.399545547127994, 11.809427559849361, 35.08359981688103)->(9.276980378315605, 11.809427559849361, 34.96103464806865)
state:field-0.0, action:SA, timestep:165, reward:0.10075066696365553
==================================================

coord:(9.276980378315605, 11.809427559849361, 34.96103464806865)->(9.276980378315605, 9.489734980744604, 34.96103464806865)
state:air-5.0, action:Wait, timestep:166, reward:-0.15999593070635498
==================================================

coord:(9.276980378315605, 9.489734980744604, 34.96103464806865)->(9.21569779390941, 9.489734980744604, 35.02231723247484)
state:field-0.0, action:SD, timestep:167, reward:-0.07025432218653904
==================================================

coord:(9.21569779390941, 9.489734980744604, 35.02231723247484)->(9.21569779390941, 11.809427559849361, 35.02231723247484)
state:air-5.0, action:Wait, timestep:168, reward:0.15960042865514268
==================================================

coord:(9.21569779390941, 11.809427559849361, 35.02231723247484)->(8.175697832056375, 11.674281866258406, 35.02231723247484)
state:field-0.0, action:S, timestep:169, reward:-0.19742427661117645
==================================================

coord:(8.175697832056375, 11.674281866258406, 35.02231723247484)->(7.195176481557246, 11.315438559249658, 36.00283858297393)
state:field-0.0, action:SD, timestep:170, reward:-1.182087258090938
==================================================

coord:(7.195176481557246, 11.315438559249658, 36.00283858297393)->(7.195176481557246, 13.71549792212091, 36.00283858297393)
state:air-5.0, action:Wait, timestep:171, reward:0.007751346579333074
==================================================

coord:(7.195176481557246, 13.71549792212091, 36.00283858297393)->(6.1533725466519185, 15.38857111051894, 37.04464251787921)
state:field-0.0, action:SD, timestep:172, reward:-1.3654065938435735
==================================================

coord:(6.1533725466519185, 15.38857111051894, 37.04464251787921)->(4.940039257823391, 15.084934466126922, 37.04464251787921)
state:field-0.0, action:S, timestep:173, reward:-0.30196179905728116
==================================================

coord:(4.940039257823391, 15.084934466126922, 37.04464251787921)->(4.940039257823391, 12.80028231991373, 37.04464251787921)
state:air-5.0, action:Wait, timestep:174, reward:0.0967398400616446
==================================================

coord:(4.940039257823391, 12.80028231991373, 37.04464251787921)->(6.0667058831641665, 14.19735996732991, 37.04464251787921)
state:field-0.0, action:W, timestep:175, reward:0.26668929659813756
==================================================

coord:(6.0667058831641665, 14.19735996732991, 37.04464251787921)->(6.0667058831641665, 15.38857111051894, 37.04464251787921)
state:air-5.0, action:Wait, timestep:176, reward:-0.08339420006664966
==================================================

coord:(6.0667058831641665, 15.38857111051894, 37.04464251787921)->(6.005423298757971, 15.38857111051894, 36.98335993347302)
state:field-0.0, action:SA, timestep:177, reward:0.04334381299551282
==================================================

coord:(6.005423298757971, 15.38857111051894, 36.98335993347302)->(6.005423298757971, 12.948463000498856, 36.98335993347302)
state:air-5.0, action:Wait, timestep:178, reward:0.1221667382692253
==================================================

coord:(6.005423298757971, 12.948463000498856, 36.98335993347302)->(4.965423336904947, 12.695432463505508, 36.98335993347302)
state:field-0.0, action:S, timestep:179, reward:-0.28235189051128984
==================================================

coord:(4.965423336904947, 12.695432463505508, 36.98335993347302)->(4.965423336904947, 10.770589473511771, 36.98335993347302)
state:air-5.0, action:Wait, timestep:180, reward:-0.053967228872256356
==================================================

coord:(4.965423336904947, 10.770589473511771, 36.98335993347302)->(4.904140752498751, 10.770589473511771, 37.04464251787921)
state:field-0.0, action:SD, timestep:181, reward:-0.0762532761375283
==================================================

coord:(4.904140752498751, 10.770589473511771, 37.04464251787921)->(4.904140752498751, 12.80028231991373, 37.04464251787921)
state:air-5.0, action:Wait, timestep:182, reward:0.053382746256829705
==================================================

coord:(4.904140752498751, 12.80028231991373, 37.04464251787921)->(3.9236194019996207, 13.098359074037816, 38.0251638683783)
state:field-0.0, action:SD, timestep:183, reward:-1.2321968437043296
==================================================

coord:(3.9236194019996207, 13.098359074037816, 38.0251638683783)->(4.046184570812011, 13.098359074037816, 38.147729037190686)
state:field-0.0, action:WD, timestep:184, reward:-0.0790650961631556
==================================================

coord:(4.046184570812011, 13.098359074037816, 38.147729037190686)->(4.046184570812011, 14.86627905303627, 38.147729037190686)
state:air-5.0, action:Wait, timestep:185, reward:-0.07400966110368756
==================================================

coord:(4.046184570812011, 14.86627905303627, 38.147729037190686)->(4.904140752498751, 14.86627905303627, 39.00568521887739)
state:field-0.0, action:WD, timestep:186, reward:-0.5722229043187852
==================================================

coord:(4.904140752498751, 14.86627905303627, 39.00568521887739)->(4.904140752498751, 16.872819842051836, 39.00568521887739)
state:air-5.0, action:Wait, timestep:187, reward:-0.1954386114293527
==================================================

coord:(4.904140752498751, 16.872819842051836, 39.00568521887739)->(4.904140752498751, 16.872819842051836, 39.00568521887739)
state:field-0.0, action:Wait, timestep:188, reward:-2.2641958707936283e-07
==================================================

coord:(4.904140752498751, 16.872819842051836, 39.00568521887739)->(5.077474079474255, 16.872819842051836, 39.00568521887739)
state:field-0.0, action:W, timestep:189, reward:0.04658455952041862
==================================================

coord:(5.077474079474255, 16.872819842051836, 39.00568521887739)->(5.077474079474255, 18.714391680943095, 39.00568521887739)
state:air-5.0, action:Wait, timestep:190, reward:-0.2836721698158442
==================================================

coord:(5.077474079474255, 18.714391680943095, 39.00568521887739)->(4.990807415986503, 18.714391680943095, 39.00568521887739)
state:field-0.0, action:S, timestep:191, reward:-0.022993704266788484
==================================================

coord:(4.990807415986503, 18.714391680943095, 39.00568521887739)->(4.990807415986503, 16.872819842051836, 39.00568521887739)
state:air-5.0, action:Wait, timestep:192, reward:0.2834783533629306
==================================================

coord:(4.990807415986503, 16.872819842051836, 39.00568521887739)->(4.990807415986503, 16.872819842051836, 38.919018555389634)
state:field-0.0, action:A, timestep:193, reward:0.08273849213231443
==================================================

coord:(4.990807415986503, 16.872819842051836, 38.919018555389634)->(4.990807415986503, 14.86627905303627, 38.919018555389634)
state:air-5.0, action:Wait, timestep:194, reward:0.19606487009923512
==================================================

coord:(4.990807415986503, 14.86627905303627, 38.919018555389634)->(4.990807415986503, 14.86627905303627, 38.919018555389634)
state:field-0.0, action:Wait, timestep:195, reward:8.747379069973249e-07
==================================================

coord:(4.990807415986503, 14.86627905303627, 38.919018555389634)->(4.0715686498935675, 14.86627905303627, 37.99977978929674)
state:field-0.0, action:SA, timestep:196, reward:0.613759563121171
==================================================

coord:(4.0715686498935675, 14.86627905303627, 37.99977978929674)->(4.0715686498935675, 12.80028231991373, 37.99977978929674)
state:air-5.0, action:Wait, timestep:197, reward:0.07743748190367938
==================================================

coord:(4.0715686498935675, 12.80028231991373, 37.99977978929674)->(4.0715686498935675, 12.80028231991373, 36.95977982744368)
state:field-0.0, action:A, timestep:198, reward:0.988830112164294
==================================================

coord:(4.0715686498935675, 12.80028231991373, 36.95977982744368)->(4.0715686498935675, 10.770589473511771, 36.95977982744368)
state:air-5.0, action:Wait, timestep:199, reward:-0.05309434845249328
==================================================

coord:(4.0715686498935675, 10.770589473511771, 36.95977982744368)->(6.03261135089183, 10.218522847344468, 34.998737126445505)
state:field-0.0, action:WA, timestep:200, reward:2.4071993501811377
==================================================

coord:(6.03261135089183, 10.218522847344468, 34.998737126445505)->(6.03261135089183, 8.555906673791062, 34.998737126445505)
state:air-5.0, action:Wait, timestep:201, reward:-0.1829762682187308
==================================================

coord:(6.03261135089183, 8.555906673791062, 34.998737126445505)->(10.712611179230466, 9.381135574933658, 34.998737126445505)
state:field-0.0, action:W, timestep:202, reward:1.0158966327179257
==================================================

coord:(10.712611179230466, 9.381135574933658, 34.998737126445505)->(10.651328594824271, 9.381135574933658, 35.0600197108517)
state:field-0.0, action:SD, timestep:203, reward:-0.06761948181839017
==================================================

coord:(10.651328594824271, 9.381135574933658, 35.0600197108517)->(10.651328594824271, 11.674281866258406, 35.0600197108517)
state:air-5.0, action:Wait, timestep:204, reward:0.16851964832978794
==================================================

coord:(10.651328594824271, 11.674281866258406, 35.0600197108517)->(12.991328508993599, 10.64733212023158, 35.0600197108517)
state:field-0.0, action:W, timestep:205, reward:0.12789541919082836
==================================================

coord:(12.991328508993599, 10.64733212023158, 35.0600197108517)->(12.991328508993599, 10.64733212023158, 36.013353009217)
state:field-0.0, action:D, timestep:206, reward:-0.9504908519324538
==================================================

coord:(12.991328508993599, 10.64733212023158, 36.013353009217)->(12.991328508993599, 12.948463000498856, 36.013353009217)
state:air-5.0, action:Wait, timestep:207, reward:0.06443527117502157
==================================================

coord:(12.991328508993599, 12.948463000498856, 36.013353009217)->(8.137995353679438, 14.19735996732991, 36.013353009217)
state:field-0.0, action:S, timestep:208, reward:-0.6092293815358367
==================================================

coord:(8.137995353679438, 14.19735996732991, 36.013353009217)->(8.137995353679438, 14.19735996732991, 36.013353009217)
state:field-0.0, action:Wait, timestep:209, reward:6.599680695273946e-07
==================================================

coord:(8.137995353679438, 14.19735996732991, 36.013353009217)->(10.824661921799777, 14.19735996732991, 36.013353009217)
state:field-0.0, action:W, timestep:210, reward:0.41242849452045505
==================================================

coord:(10.824661921799777, 14.19735996732991, 36.013353009217)->(10.824661921799777, 14.19735996732991, 37.053352971070055)
state:field-0.0, action:D, timestep:211, reward:-1.0325674823262965
==================================================

coord:(10.824661921799777, 14.19735996732991, 37.053352971070055)->(10.824661921799777, 16.872819842051836, 37.053352971070055)
state:air-5.0, action:Wait, timestep:212, reward:-0.25735444113526995
==================================================

coord:(10.824661921799777, 16.872819842051836, 37.053352971070055)->(8.051328690191685, 16.872819842051836, 37.053352971070055)
state:field-0.0, action:S, timestep:213, reward:-0.4117743505006217
==================================================

coord:(8.051328690191685, 16.872819842051836, 37.053352971070055)->(7.990046105785489, 16.872819842051836, 36.99207038666386)
state:field-0.0, action:SA, timestep:214, reward:0.047671961556357445
==================================================

coord:(7.990046105785489, 16.872819842051836, 36.99207038666386)->(7.990046105785489, 13.71549792212091, 36.99207038666386)
state:air-5.0, action:Wait, timestep:215, reward:0.27545683440744284
==================================================

coord:(7.990046105785489, 13.71549792212091, 36.99207038666386)->(7.990046105785489, 13.71549792212091, 35.952070424810806)
state:field-0.0, action:A, timestep:216, reward:1.0183361846249461
==================================================

coord:(7.990046105785489, 13.71549792212091, 35.952070424810806)->(7.990046105785489, 11.278053740088016, 35.952070424810806)
state:air-5.0, action:Wait, timestep:217, reward:-0.009469652817596597
==================================================

coord:(7.990046105785489, 11.278053740088016, 35.952070424810806)->(7.009524755286358, 11.278053740088016, 34.97154907431172)
state:field-0.0, action:SA, timestep:218, reward:0.7366776520831024
==================================================

coord:(7.009524755286358, 11.278053740088016, 34.97154907431172)->(7.009524755286358, 9.062737423099616, 34.97154907431172)
state:air-5.0, action:Wait, timestep:219, reward:-0.18677920452271124
==================================================

coord:(7.009524755286358, 9.062737423099616, 34.97154907431172)->(5.967720820381031, 10.64733212023158, 36.013353009217)
state:field-0.0, action:SD, timestep:220, reward:-1.1192729890097972
==================================================

coord:(5.967720820381031, 10.64733212023158, 36.013353009217)->(5.967720820381031, 11.94613774868768, 36.013353009217)
state:air-5.0, action:Wait, timestep:221, reward:0.05666629075686558
==================================================

coord:(5.967720820381031, 11.94613774868768, 36.013353009217)->(5.906438235974835, 11.94613774868768, 35.952070424810806)
state:field-0.0, action:SA, timestep:222, reward:0.0426059637858458
==================================================

coord:(5.906438235974835, 11.94613774868768, 35.952070424810806)->(5.906438235974835, 9.823134696327509, 35.952070424810806)
state:air-5.0, action:Wait, timestep:223, reward:-0.12169508489582626
==================================================

coord:(5.906438235974835, 9.823134696327509, 35.952070424810806)->(4.925916885475703, 9.823134696327509, 34.97154907431172)
state:field-0.0, action:SA, timestep:224, reward:0.6526333435646094
==================================================

coord:(4.925916885475703, 9.823134696327509, 34.97154907431172)->(4.925916885475703, 7.11684146246028, 34.97154907431172)
state:air-5.0, action:Wait, timestep:225, reward:-0.3770597969061491
==================================================

coord:(4.925916885475703, 7.11684146246028, 34.97154907431172)->(6.948242170880162, 7.267928517793669, 32.94922378890735)
state:field-0.0, action:WA, timestep:226, reward:2.4993953060477736
==================================================

coord:(6.948242170880162, 7.267928517793669, 32.94922378890735)->(6.948242170880162, 5.156137421258171, 32.94922378890735)
state:air-5.0, action:Wait, timestep:227, reward:-0.48859972696099874
==================================================

coord:(6.948242170880162, 5.156137421258171, 32.94922378890735)->(6.948242170880162, 6.7188343347313975, 34.07589041424816)
state:field-0.0, action:D, timestep:228, reward:-0.6882024758964462
==================================================

coord:(6.948242170880162, 6.7188343347313975, 34.07589041424816)->(6.948242170880162, 8.555906673791062, 34.07589041424816)
state:air-5.0, action:Wait, timestep:229, reward:0.32140610987652707
==================================================

coord:(6.948242170880162, 8.555906673791062, 34.07589041424816)->(10.761575364341278, 9.381135574933658, 34.07589041424816)
state:field-0.0, action:W, timestep:230, reward:0.8119869048840656
==================================================

coord:(10.761575364341278, 9.381135574933658, 34.07589041424816)->(8.248242123196444, 9.381135574933658, 34.07589041424816)
state:field-0.0, action:S, timestep:231, reward:-0.4083920188640917
==================================================

coord:(8.248242123196444, 9.381135574933658, 34.07589041424816)->(9.228763473695562, 9.489734980744604, 35.056411764747246)
state:field-0.0, action:WD, timestep:232, reward:-0.7619836536389428
==================================================

coord:(9.228763473695562, 9.489734980744604, 35.056411764747246)->(9.228763473695562, 11.809427559849361, 35.056411764747246)
state:air-5.0, action:Wait, timestep:233, reward:0.15942653739448076
==================================================

coord:(9.228763473695562, 11.809427559849361, 35.056411764747246)->(9.290046058101757, 11.809427559849361, 34.99512918034105)
state:field-0.0, action:WA, timestep:234, reward:0.07061773246547176
==================================================

coord:(9.290046058101757, 11.809427559849361, 34.99512918034105)->(9.290046058101757, 9.489734980744604, 34.99512918034105)
state:air-5.0, action:Wait, timestep:235, reward:-0.1598204639676517
==================================================

coord:(9.290046058101757, 9.489734980744604, 34.99512918034105)->(9.351328642507951, 9.489734980744604, 35.056411764747246)
state:field-0.0, action:WD, timestep:236, reward:-0.050052160172647575
==================================================

coord:(9.351328642507951, 9.489734980744604, 35.056411764747246)->(9.351328642507951, 11.809427559849361, 35.056411764747246)
state:air-5.0, action:Wait, timestep:237, reward:0.15953983109445247
==================================================

coord:(9.351328642507951, 11.809427559849361, 35.056411764747246)->(9.290046058101757, 11.809427559849361, 34.99512918034105)
state:field-0.0, action:SA, timestep:238, reward:0.05033307975551082
==================================================

coord:(9.290046058101757, 11.809427559849361, 34.99512918034105)->(9.290046058101757, 9.489734980744604, 34.99512918034105)
state:air-5.0, action:Wait, timestep:239, reward:-0.1598204639676517
==================================================

coord:(9.290046058101757, 9.489734980744604, 34.99512918034105)->(8.250046096248722, 9.381135574933658, 34.99512918034105)
state:field-0.0, action:S, timestep:240, reward:-0.20181328502253493
==================================================

coord:(8.250046096248722, 9.381135574933658, 34.99512918034105)->(8.250046096248722, 9.381135574933658, 34.99512918034105)
state:field-0.0, action:Wait, timestep:241, reward:-5.408819099272932e-07
==================================================

coord:(8.250046096248722, 9.381135574933658, 34.99512918034105)->(7.2082421613433985, 9.07749893054164, 33.95332524543577)
state:field-0.0, action:SA, timestep:242, reward:0.7418902659308166
==================================================

coord:(7.2082421613433985, 9.07749893054164, 33.95332524543577)->(7.2082421613433985, 7.11684146246028, 33.95332524543577)
state:air-5.0, action:Wait, timestep:243, reward:-0.31414449129043476
==================================================

coord:(7.2082421613433985, 7.11684146246028, 33.95332524543577)->(7.2082421613433985, 7.11684146246028, 34.039991908923525)
state:field-0.0, action:D, timestep:244, reward:-0.0824570433628935
==================================================

coord:(7.2082421613433985, 7.11684146246028, 34.039991908923525)->(7.2082421613433985, 9.062737423099616, 34.039991908923525)
state:air-5.0, action:Wait, timestep:245, reward:0.31136236919844507
==================================================

coord:(7.2082421613433985, 9.062737423099616, 34.039991908923525)->(7.146959576937203, 9.062737423099616, 33.97870932451733)
state:field-0.0, action:SA, timestep:246, reward:0.044051231935267054
==================================================

coord:(7.146959576937203, 9.062737423099616, 33.97870932451733)->(7.146959576937203, 7.11684146246028, 33.97870932451733)
state:air-5.0, action:Wait, timestep:247, reward:-0.3118471491512089
==================================================

coord:(7.146959576937203, 7.11684146246028, 33.97870932451733)->(7.146959576937203, 7.11684146246028, 33.97870932451733)
state:field-0.0, action:Wait, timestep:248, reward:5.376163692005775e-07
==================================================

coord:(7.146959576937203, 7.11684146246028, 33.97870932451733)->(9.169284862341645, 6.741199586435231, 31.956384039112958)
state:field-0.0, action:WA, timestep:249, reward:2.283979435904957
==================================================

coord:(9.169284862341645, 6.741199586435231, 31.956384039112958)->(9.169284862341645, 4.2888981828379045, 31.956384039112958)
state:air-5.0, action:Wait, timestep:250, reward:-0.658763952719351
==================================================

coord:(9.169284862341645, 4.2888981828379045, 31.956384039112958)->(10.55595147814569, 4.239816538810444, 31.956384039112958)
state:field-0.0, action:W, timestep:251, reward:0.19992352002250513
==================================================

coord:(10.55595147814569, 4.239816538810444, 31.956384039112958)->(8.475951554439622, 4.239816538810444, 31.956384039112958)
state:field-0.0, action:S, timestep:252, reward:-0.3490317081175185
==================================================

coord:(8.475951554439622, 4.239816538810444, 31.956384039112958)->(7.175951602123337, 4.095916076090375, 31.956384039112958)
state:field-0.0, action:S, timestep:253, reward:-0.3414214029512692
==================================================

coord:(7.175951602123337, 4.095916076090375, 31.956384039112958)->(7.175951602123337, 3.842885539097031, 29.963050778894683)
state:field-0.0, action:A, timestep:254, reward:1.7279470354465296
==================================================

coord:(7.175951602123337, 3.842885539097031, 29.963050778894683)->(7.175951602123337, 2.149935515203526, 29.963050778894683)
state:air-5.0, action:Wait, timestep:255, reward:-0.6303265698433265
==================================================

coord:(7.175951602123337, 2.149935515203526, 29.963050778894683)->(9.565972393964948, 1.0777179878107976, 27.573029987053015)
state:field-0.0, action:WA, timestep:256, reward:2.1415342323453856
==================================================

coord:(9.565972393964948, 1.0777179878107976, 27.573029987053015)->(9.565972393964948, 1.0777179878107976, 27.573029987053015)
state:death-0.0, action:A, timestep:257, reward:-999999
==================================================

